#
# A fatal error has been detected by the Java Runtime Environment:
#
#  SIGSEGV (0xb) at pc=0x00007f37a4028e64, pid=4100, tid=0x00007f378c31c700
#
# JRE version: Java(TM) SE Runtime Environment (8.0_121-b13) (build 1.8.0_121-b13)
# Java VM: Java HotSpot(TM) 64-Bit Server VM (25.121-b13 mixed mode linux-amd64 compressed oops)
# Problematic frame:
# V  [libjvm.so+0x818e64]  PhaseIdealLoop::get_late_ctrl(Node*, Node*)+0x1f4
#
# Failed to write core dump. Core dumps have been disabled. To enable core dumping, try "ulimit -c unlimited" before starting Java again
#
# If you would like to submit a bug report, please visit:
#   http://bugreport.java.com/bugreport/crash.jsp
#

---------------  T H R E A D  ---------------

Current thread (0x00007f379c0b9000):  JavaThread "C2 CompilerThread0" daemon [_thread_in_native, id=4112, stack(0x00007f378c21c000,0x00007f378c31d000)]

siginfo: si_signo: 11 (SIGSEGV), si_code: 1 (SEGV_MAPERR), si_addr: 0x00002f002e000200

Registers:
RAX=0x00002f002e000200, RBX=0x00007f375c39d718, RCX=0x00007f375d2ae5b0, RDX=0x0000000000000004
RSP=0x00007f378c3171a0, RBP=0x00007f378c317220, RSI=0x0000000000004000, RDI=0x00007f376861cfc0
R8 =0x00007f376861cfd0, R9 =0x00007f376862e878, R10=0x00007f375dbfdac0, R11=0x0000000000000000
R12=0x00007f3734166af8, R13=0x0000000000000098, R14=0x00007f378c319510, R15=0x00007f375db22578
RIP=0x00007f37a4028e64, EFLAGS=0x0000000000010246, CSGSFS=0x0000000000000033, ERR=0x0000000000000004
  TRAPNO=0x000000000000000e

Top of Stack: (sp=0x00007f378c3171a0)
0x00007f378c3171a0:   0000000000007fd8 00007f378c3171d0
0x00007f378c3171b0:   00007f378c3171d0 00007f376072f638
0x00007f378c3171c0:   00007f375dbfd5c8 00007f376072f4c8
0x00007f378c3171d0:   00007f379c0b9bb0 0000000000000400
0x00007f378c3171e0:   00007f375c950620 0000000000000193
0x00007f378c3171f0:   00007f378c317220 00007f378c319510
0x00007f378c317200:   0000000000002319 00007f376072f638
0x00007f378c317210:   00007f375dbfd5c8 00000000000003a5
0x00007f378c317220:   00007f378c317260 00007f37a40296c1
0x00007f378c317230:   00007f378c319530 00007f378c317550
0x00007f378c317240:   00007f375dbfd5c8 00007f378c317590
0x00007f378c317250:   0000000000000002 00000000000003a5
0x00007f378c317260:   00007f378c3172c0 00007f37a4029cac
0x00007f378c317270:   00007f3700000002 00007f375dbfdca0
0x00007f378c317280:   00007f378c317570 00007f378c319510
0x00007f378c317290:   00007f378c319ec8 0000000000000001
0x00007f378c3172a0:   00007f3768011300 00007f378c319510
0x00007f378c3172b0:   00007f378c317570 00007f379c0b9bb0
0x00007f378c3172c0:   00007f378c3175e0 00007f37a402c8c5
0x00007f378c3172d0:   8000652100000000 00007f378c317590
0x00007f378c3172e0:   00007f378c317550 00007f37609c90d0
0x00007f378c3172f0:   00007f378c319530 0000000000000010
0x00007f378c317300:   00007f379c0b9bb0 0000000000000004
0x00007f378c317310:   00007f37683241d0 00007f3700000000
0x00007f378c317320:   00007f378c3173e0 00007f37a3c14598
0x00007f378c317330:   00007f378c3173b0 00007f37a409d0e9
0x00007f378c317340:   0000000000000000 00007f37682bbb10
0x00007f378c317350:   00007f370000007b 0000000000020010
0x00007f378c317360:   00007f378c3173d0 00000ac3001458e0
0x00007f378c317370:   00000000000003a8 00007f37601458e0
0x00007f378c317380:   ffff80c873ce8c31 00007f378c3173cf
0x00007f378c317390:   0000000000000800 0000083000002002 

Instructions: (pc=0x00007f37a4028e64)
0x00007f37a4028e44:   85 d2 0f 85 99 01 00 00 41 8b 44 24 28 45 31 e4
0x00007f37a4028e54:   39 c6 76 e3 eb d7 66 0f 1f 44 00 00 48 8b 41 08
0x00007f37a4028e64:   4c 8b 20 4d 85 e4 74 bc 49 83 7c 24 10 00 66 0f
0x00007f37a4028e74:   1f 44 00 00 74 ae 4c 3b 65 98 0f 84 f6 00 00 00 

Register to memory mapping:

RAX=0x00002f002e000200 is an unknown value
RBX=0x00007f375c39d718 is an unknown value
RCX=0x00007f375d2ae5b0 is an unknown value
RDX=0x0000000000000004 is an unknown value
RSP=0x00007f378c3171a0 is pointing into the stack for thread: 0x00007f379c0b9000
RBP=0x00007f378c317220 is pointing into the stack for thread: 0x00007f379c0b9000
RSI=0x0000000000004000 is an unknown value
RDI=0x00007f376861cfc0 is an unknown value
R8 =0x00007f376861cfd0 is an unknown value
R9 =0x00007f376862e878 is an unknown value
R10=0x00007f375dbfdac0 is an unknown value
R11=0x0000000000000000 is an unknown value
R12=0x00007f3734166af8 is an unknown value
R13=0x0000000000000098 is an unknown value
R14=0x00007f378c319510 is pointing into the stack for thread: 0x00007f379c0b9000
R15=0x00007f375db22578 is an unknown value


Stack: [0x00007f378c21c000,0x00007f378c31d000],  sp=0x00007f378c3171a0,  free space=1004k
Native frames: (J=compiled Java code, j=interpreted, Vv=VM code, C=native code)
V  [libjvm.so+0x818e64]  PhaseIdealLoop::get_late_ctrl(Node*, Node*)+0x1f4
V  [libjvm.so+0x8196c1]  PhaseIdealLoop::build_loop_late_post(Node*)+0x111
V  [libjvm.so+0x819cac]  PhaseIdealLoop::build_loop_late(VectorSet&, Node_List&, Node_Stack&)+0x13c
V  [libjvm.so+0x81c8c5]  PhaseIdealLoop::build_and_optimize(bool, bool)+0x835
V  [libjvm.so+0x4a27ee]  Compile::Optimize()+0x5de
V  [libjvm.so+0x4a5879]  Compile::Compile(ciEnv*, C2Compiler*, ciMethod*, int, bool, bool, bool)+0x13c9
V  [libjvm.so+0x3f2615]  C2Compiler::compile_method(ciEnv*, ciMethod*, int)+0x1f5
V  [libjvm.so+0x4afeaa]  CompileBroker::invoke_compiler_on_method(CompileTask*)+0xc9a
V  [libjvm.so+0x4b0e56]  CompileBroker::compiler_thread_loop()+0x5d6
V  [libjvm.so+0xa75543]  JavaThread::thread_main_inner()+0x103
V  [libjvm.so+0xa7568c]  JavaThread::run()+0x11c
V  [libjvm.so+0x926268]  java_start(Thread*)+0x108
C  [libpthread.so.0+0x76ba]  start_thread+0xca


Current CompileTask:
C2:   4906 2935   !   4       java.net.URLClassLoader$1::run (63 bytes)


---------------  P R O C E S S  ---------------

Java Threads: ( => current thread )
  0x00007f37352d7800 JavaThread "pool-2-thread-1" [_thread_blocked, id=4130, stack(0x00007f3751758000,0x00007f3751859000)]
  0x00007f3734eee800 JavaThread "File lock request listener" [_thread_in_native, id=4129, stack(0x00007f3751f7d000,0x00007f375207e000)]
  0x00007f3734e13800 JavaThread "process reaper" daemon [_thread_blocked, id=4128, stack(0x00007f3752301000,0x00007f375233a000)]
  0x00007f3734008800 JavaThread "Stdin handler" [_thread_blocked, id=4126, stack(0x00007f3752bb5000,0x00007f3752cb6000)]
  0x00007f373400a800 JavaThread "Asynchronous log dispatcher for DefaultDaemonConnection: socket connection from /127.0.0.1:35014 to /127.0.0.1:40280" [_thread_blocked, id=4125, stack(0x00007f3752cb6000,0x00007f3752db7000)]
  0x00007f3748007800 JavaThread "Daemon worker" [_thread_in_vm, id=4122, stack(0x00007f3752db7000,0x00007f3752eb8000)]
  0x00007f3748004000 JavaThread "Cancel handler" [_thread_blocked, id=4121, stack(0x00007f3752eb8000,0x00007f3752fb9000)]
  0x00007f3748005800 JavaThread "Handler for socket connection from /127.0.0.1:35014 to /127.0.0.1:40280" [_thread_in_native, id=4120, stack(0x00007f3752fb9000,0x00007f37530ba000)]
  0x00007f3744039800 JavaThread "Daemon" [_thread_blocked, id=4119, stack(0x00007f37532ba000,0x00007f37533bb000)]
  0x00007f379cd17800 JavaThread "Incoming local TCP Connector on port 35014" [_thread_in_native, id=4118, stack(0x00007f37535c2000,0x00007f37536c3000)]
  0x00007f379cce6000 JavaThread "pool-1-thread-1" [_thread_blocked, id=4117, stack(0x00007f37536c3000,0x00007f37537c4000)]
  0x00007f379c0c9000 JavaThread "Service Thread" daemon [_thread_blocked, id=4115, stack(0x00007f3778eff000,0x00007f3779000000)]
  0x00007f379c0be000 JavaThread "C1 CompilerThread2" daemon [_thread_blocked, id=4114, stack(0x00007f378c01a000,0x00007f378c11b000)]
  0x00007f379c0bc000 JavaThread "C2 CompilerThread1" daemon [_thread_in_native, id=4113, stack(0x00007f378c11b000,0x00007f378c21c000)]
=>0x00007f379c0b9000 JavaThread "C2 CompilerThread0" daemon [_thread_in_native, id=4112, stack(0x00007f378c21c000,0x00007f378c31d000)]
  0x00007f379c0b8000 JavaThread "Signal Dispatcher" daemon [_thread_blocked, id=4111, stack(0x00007f378c31d000,0x00007f378c41e000)]
  0x00007f379c084000 JavaThread "Finalizer" daemon [_thread_blocked, id=4110, stack(0x00007f378c6f7000,0x00007f378c7f8000)]
  0x00007f379c07f800 JavaThread "Reference Handler" daemon [_thread_blocked, id=4109, stack(0x00007f378c7f8000,0x00007f378c8f9000)]
  0x00007f379c00a000 JavaThread "main" [_thread_blocked, id=4103, stack(0x00007f37a5304000,0x00007f37a5405000)]

Other Threads:
  0x00007f379c077800 VMThread [stack: 0x00007f378c8f9000,0x00007f378c9fa000] [id=4108]
  0x00007f379c0cc000 WatcherThread [stack: 0x00007f3778dfe000,0x00007f3778eff000] [id=4116]

VM state:not at safepoint (normal execution)

VM Mutex/Monitor currently owned by a thread: None

Heap:
 PSYoungGen      total 105984K, used 13885K [0x00000000e0000000, 0x00000000e8180000, 0x0000000100000000)
  eden space 100864K, 8% used [0x00000000e0000000,0x00000000e0892570,0x00000000e6280000)
  from space 5120K, 99% used [0x00000000e7c00000,0x00000000e80fd020,0x00000000e8100000)
  to   space 512K, 0% used [0x00000000e8100000,0x00000000e8100000,0x00000000e8180000)
 ParOldGen       total 73216K, used 16845K [0x00000000a0000000, 0x00000000a4780000, 0x00000000e0000000)
  object space 73216K, 23% used [0x00000000a0000000,0x00000000a10735a8,0x00000000a4780000)
 Metaspace       used 31992K, capacity 32590K, committed 32768K, reserved 1077248K
  class space    used 4424K, capacity 4579K, committed 4608K, reserved 1048576K

Card table byte_map: [0x00007f37a1da9000,0x00007f37a20aa000] byte_map_base: 0x00007f37a18a9000

Marking Bits: (ParMarkBitMap*) 0x00007f37a47d4c80
 Begin Bits: [0x00007f3779000000, 0x00007f377a800000)
 End Bits:   [0x00007f377a800000, 0x00007f377c000000)

Polling page: 0x00007f37a5424000

CodeCache: size=245760Kb used=10307Kb max_used=10307Kb free=235452Kb
 bounds [0x00007f378d000000, 0x00007f378da20000, 0x00007f379c000000]
 total_blobs=3681 nmethods=2989 adapters=605
 compilation: enabled

Compilation events (10 events):
Event: 4.854 Thread 0x00007f379c0be000 3014       3       jdk.internal.org.objectweb.asm.ClassWriter::newNameType (10 bytes)
Event: 4.854 Thread 0x00007f379c0be000 nmethod 3014 0x00007f378da0f1d0 code [0x00007f378da0f340, 0x00007f378da0f4e8]
Event: 4.854 Thread 0x00007f379c0be000 3015       3       sun.invoke.util.Wrapper::forPrimitiveType (49 bytes)
Event: 4.856 Thread 0x00007f379c0be000 nmethod 3015 0x00007f378da0f7d0 code [0x00007f378da0fa60, 0x00007f378da10bf8]
Event: 4.856 Thread 0x00007f379c0be000 3017       3       java.lang.invoke.LambdaForm$BasicType::basicType (172 bytes)
Event: 4.857 Thread 0x00007f379c0be000 nmethod 3017 0x00007f378da114d0 code [0x00007f378da11720, 0x00007f378da12558]
Event: 4.858 Thread 0x00007f379c0be000 3021   !   3       java.util.concurrent.LinkedBlockingDeque::pollFirst (84 bytes)
Event: 4.859 Thread 0x00007f379c0be000 nmethod 3021 0x00007f378da12c90 code [0x00007f378da12ee0, 0x00007f378da13c98]
Event: 4.859 Thread 0x00007f379c0be000 3020       3       java.util.concurrent.LinkedBlockingDeque::poll (7 bytes)
Event: 4.859 Thread 0x00007f379c0be000 nmethod 3020 0x00007f378da14490 code [0x00007f378da14600, 0x00007f378da147a8]

GC Heap History (10 events):
Event: 0.967 GC heap before
{Heap before GC invocations=2 (full 0):
 PSYoungGen      total 36864K, used 35738K [0x00000000e0000000, 0x00000000e4800000, 0x0000000100000000)
  eden space 31744K, 100% used [0x00000000e0000000,0x00000000e1f00000,0x00000000e1f00000)
  from space 5120K, 78% used [0x00000000e1f00000,0x00000000e22e6838,0x00000000e2400000)
  to   space 5120K, 0% used [0x00000000e4300000,0x00000000e4300000,0x00000000e4800000)
 ParOldGen       total 84992K, used 8K [0x00000000a0000000, 0x00000000a5300000, 0x00000000e0000000)
  object space 84992K, 0% used [0x00000000a0000000,0x00000000a0002000,0x00000000a5300000)
 Metaspace       used 12632K, capacity 13016K, committed 13184K, reserved 1060864K
  class space    used 1732K, capacity 1865K, committed 1920K, reserved 1048576K
Event: 0.976 GC heap after
Heap after GC invocations=2 (full 0):
 PSYoungGen      total 68608K, used 5097K [0x00000000e0000000, 0x00000000e4800000, 0x0000000100000000)
  eden space 63488K, 0% used [0x00000000e0000000,0x00000000e0000000,0x00000000e3e00000)
  from space 5120K, 99% used [0x00000000e4300000,0x00000000e47fa440,0x00000000e4800000)
  to   space 5120K, 0% used [0x00000000e3e00000,0x00000000e3e00000,0x00000000e4300000)
 ParOldGen       total 84992K, used 700K [0x00000000a0000000, 0x00000000a5300000, 0x00000000e0000000)
  object space 84992K, 0% used [0x00000000a0000000,0x00000000a00af0a0,0x00000000a5300000)
 Metaspace       used 12632K, capacity 13016K, committed 13184K, reserved 1060864K
  class space    used 1732K, capacity 1865K, committed 1920K, reserved 1048576K
}
Event: 2.061 GC heap before
{Heap before GC invocations=3 (full 0):
 PSYoungGen      total 68608K, used 63290K [0x00000000e0000000, 0x00000000e4800000, 0x0000000100000000)
  eden space 63488K, 91% used [0x00000000e0000000,0x00000000e38d4428,0x00000000e3e00000)
  from space 5120K, 99% used [0x00000000e4300000,0x00000000e47fa440,0x00000000e4800000)
  to   space 5120K, 0% used [0x00000000e3e00000,0x00000000e3e00000,0x00000000e4300000)
 ParOldGen       total 84992K, used 700K [0x00000000a0000000, 0x00000000a5300000, 0x00000000e0000000)
  object space 84992K, 0% used [0x00000000a0000000,0x00000000a00af0a0,0x00000000a5300000)
 Metaspace       used 20806K, capacity 21108K, committed 21296K, reserved 1067008K
  class space    used 2814K, capacity 2933K, committed 2944K, reserved 1048576K
Event: 2.074 GC heap after
Heap after GC invocations=3 (full 0):
 PSYoungGen      total 68608K, used 5120K [0x00000000e0000000, 0x00000000e8600000, 0x0000000100000000)
  eden space 63488K, 0% used [0x00000000e0000000,0x00000000e0000000,0x00000000e3e00000)
  from space 5120K, 100% used [0x00000000e3e00000,0x00000000e4300000,0x00000000e4300000)
  to   space 5120K, 0% used [0x00000000e8100000,0x00000000e8100000,0x00000000e8600000)
 ParOldGen       total 84992K, used 7393K [0x00000000a0000000, 0x00000000a5300000, 0x00000000e0000000)
  object space 84992K, 8% used [0x00000000a0000000,0x00000000a07384a0,0x00000000a5300000)
 Metaspace       used 20806K, capacity 21108K, committed 21296K, reserved 1067008K
  class space    used 2814K, capacity 2933K, committed 2944K, reserved 1048576K
}
Event: 2.074 GC heap before
{Heap before GC invocations=4 (full 1):
 PSYoungGen      total 68608K, used 5120K [0x00000000e0000000, 0x00000000e8600000, 0x0000000100000000)
  eden space 63488K, 0% used [0x00000000e0000000,0x00000000e0000000,0x00000000e3e00000)
  from space 5120K, 100% used [0x00000000e3e00000,0x00000000e4300000,0x00000000e4300000)
  to   space 5120K, 0% used [0x00000000e8100000,0x00000000e8100000,0x00000000e8600000)
 ParOldGen       total 84992K, used 7393K [0x00000000a0000000, 0x00000000a5300000, 0x00000000e0000000)
  object space 84992K, 8% used [0x00000000a0000000,0x00000000a07384a0,0x00000000a5300000)
 Metaspace       used 20806K, capacity 21108K, committed 21296K, reserved 1067008K
  class space    used 2814K, capacity 2933K, committed 2944K, reserved 1048576K
Event: 2.146 GC heap after
Heap after GC invocations=4 (full 1):
 PSYoungGen      total 68608K, used 0K [0x00000000e0000000, 0x00000000e8600000, 0x0000000100000000)
  eden space 63488K, 0% used [0x00000000e0000000,0x00000000e0000000,0x00000000e3e00000)
  from space 5120K, 0% used [0x00000000e3e00000,0x00000000e3e00000,0x00000000e4300000)
  to   space 5120K, 0% used [0x00000000e8100000,0x00000000e8100000,0x00000000e8600000)
 ParOldGen       total 73216K, used 11469K [0x00000000a0000000, 0x00000000a4780000, 0x00000000e0000000)
  object space 73216K, 15% used [0x00000000a0000000,0x00000000a0b334f0,0x00000000a4780000)
 Metaspace       used 20806K, capacity 21108K, committed 21296K, reserved 1067008K
  class space    used 2814K, capacity 2933K, committed 2944K, reserved 1048576K
}
Event: 3.109 GC heap before
{Heap before GC invocations=5 (full 1):
 PSYoungGen      total 68608K, used 63488K [0x00000000e0000000, 0x00000000e8600000, 0x0000000100000000)
  eden space 63488K, 100% used [0x00000000e0000000,0x00000000e3e00000,0x00000000e3e00000)
  from space 5120K, 0% used [0x00000000e3e00000,0x00000000e3e00000,0x00000000e4300000)
  to   space 5120K, 0% used [0x00000000e8100000,0x00000000e8100000,0x00000000e8600000)
 ParOldGen       total 73216K, used 11469K [0x00000000a0000000, 0x00000000a4780000, 0x00000000e0000000)
  object space 73216K, 15% used [0x00000000a0000000,0x00000000a0b334f0,0x00000000a4780000)
 Metaspace       used 25719K, capacity 26138K, committed 26368K, reserved 1071104K
  class space    used 3654K, capacity 3768K, committed 3840K, reserved 1048576K
Event: 3.118 GC heap after
Heap after GC invocations=5 (full 1):
 PSYoungGen      total 86016K, used 5105K [0x00000000e0000000, 0x00000000e8600000, 0x0000000100000000)
  eden space 80896K, 0% used [0x00000000e0000000,0x00000000e0000000,0x00000000e4f00000)
  from space 5120K, 99% used [0x00000000e8100000,0x00000000e85fc430,0x00000000e8600000)
  to   space 5120K, 0% used [0x00000000e7c00000,0x00000000e7c00000,0x00000000e8100000)
 ParOldGen       total 73216K, used 13929K [0x00000000a0000000, 0x00000000a4780000, 0x00000000e0000000)
  object space 73216K, 19% used [0x00000000a0000000,0x00000000a0d9a6c0,0x00000000a4780000)
 Metaspace       used 25719K, capacity 26138K, committed 26368K, reserved 1071104K
  class space    used 3654K, capacity 3768K, committed 3840K, reserved 1048576K
}
Event: 4.714 GC heap before
{Heap before GC invocations=6 (full 1):
 PSYoungGen      total 86016K, used 86001K [0x00000000e0000000, 0x00000000e8600000, 0x0000000100000000)
  eden space 80896K, 100% used [0x00000000e0000000,0x00000000e4f00000,0x00000000e4f00000)
  from space 5120K, 99% used [0x00000000e8100000,0x00000000e85fc430,0x00000000e8600000)
  to   space 5120K, 0% used [0x00000000e7c00000,0x00000000e7c00000,0x00000000e8100000)
 ParOldGen       total 73216K, used 13929K [0x00000000a0000000, 0x00000000a4780000, 0x00000000e0000000)
  object space 73216K, 19% used [0x00000000a0000000,0x00000000a0d9a6c0,0x00000000a4780000)
 Metaspace       used 30586K, capacity 31154K, committed 31616K, reserved 1077248K
  class space    used 4235K, capacity 4375K, committed 4480K, reserved 1048576K
Event: 4.725 GC heap after
Heap after GC invocations=6 (full 1):
 PSYoungGen      total 105984K, used 5108K [0x00000000e0000000, 0x00000000e8180000, 0x0000000100000000)
  eden space 100864K, 0% used [0x00000000e0000000,0x00000000e0000000,0x00000000e6280000)
  from space 5120K, 99% used [0x00000000e7c00000,0x00000000e80fd020,0x00000000e8100000)
  to   space 512K, 0% used [0x00000000e8100000,0x00000000e8100000,0x00000000e8180000)
 ParOldGen       total 73216K, used 16845K [0x00000000a0000000, 0x00000000a4780000, 0x00000000e0000000)
  object space 73216K, 23% used [0x00000000a0000000,0x00000000a10735a8,0x00000000a4780000)
 Metaspace       used 30586K, capacity 31154K, committed 31616K, reserved 1077248K
  class space    used 4235K, capacity 4375K, committed 4480K, reserved 1048576K
}

Deoptimization events (10 events):
Event: 4.327 Thread 0x00007f3748007800 Uncommon trap: reason=class_check action=maybe_recompile pc=0x00007f378d937640 method=sun.security.provider.DigestBase.implCompressMultiBlock([BII)I @ 8
Event: 4.328 Thread 0x00007f3748007800 Uncommon trap: reason=class_check action=maybe_recompile pc=0x00007f378d937640 method=sun.security.provider.DigestBase.implCompressMultiBlock([BII)I @ 8
Event: 4.329 Thread 0x00007f3748007800 Uncommon trap: reason=class_check action=maybe_recompile pc=0x00007f378d937640 method=sun.security.provider.DigestBase.implCompressMultiBlock([BII)I @ 8
Event: 4.598 Thread 0x00007f3748007800 Uncommon trap: reason=bimorphic action=maybe_recompile pc=0x00007f378d8cabb0 method=java.lang.ClassLoader.getPackage(Ljava/lang/String;)Ljava/lang/Package; @ 47
Event: 4.601 Thread 0x00007f3748007800 Uncommon trap: reason=bimorphic action=maybe_recompile pc=0x00007f378d8cabb0 method=java.lang.ClassLoader.getPackage(Ljava/lang/String;)Ljava/lang/Package; @ 47
Event: 4.602 Thread 0x00007f3748007800 Uncommon trap: reason=bimorphic action=maybe_recompile pc=0x00007f378d8cabb0 method=java.lang.ClassLoader.getPackage(Ljava/lang/String;)Ljava/lang/Package; @ 47
Event: 4.603 Thread 0x00007f3748007800 Uncommon trap: reason=bimorphic action=maybe_recompile pc=0x00007f378d8cabb0 method=java.lang.ClassLoader.getPackage(Ljava/lang/String;)Ljava/lang/Package; @ 47
Event: 4.605 Thread 0x00007f3748007800 Uncommon trap: reason=bimorphic action=maybe_recompile pc=0x00007f378d84cbf8 method=java.lang.ClassLoader.getPackage(Ljava/lang/String;)Ljava/lang/Package; @ 47
Event: 4.849 Thread 0x00007f3748007800 Uncommon trap: reason=unstable_if action=reinterpret pc=0x00007f378d957648 method=sun.security.provider.DigestBase.engineUpdate([BII)V @ 35
Event: 4.850 Thread 0x00007f3748007800 Uncommon trap: reason=unstable_if action=reinterpret pc=0x00007f378d94d620 method=sun.security.provider.DigestBase.engineUpdate([BII)V @ 35

Internal exceptions (10 events):
Event: 4.544 Thread 0x00007f3748007800 Exception <a 'java/lang/ClassNotFoundException': org/gradle/api/internal/file/FileOperationsCustomizer> (0x00000000e45ff888) thrown at [/HUDSON3/workspace/8-2-build-linux-amd64/jdk8u121/8372/hotspot/src/share/vm/classfile/systemDictionary.cpp, line 210]
Event: 4.546 Thread 0x00007f3748007800 Exception <a 'java/lang/ClassNotFoundException': org/gradle/api/internal/ProcessOperationsBeanInfo> (0x00000000e4643330) thrown at [/HUDSON3/workspace/8-2-build-linux-amd64/jdk8u121/8372/hotspot/src/share/vm/classfile/systemDictionary.cpp, line 210]
Event: 4.547 Thread 0x00007f3748007800 Exception <a 'java/lang/ClassNotFoundException': org/gradle/api/internal/ProcessOperationsCustomizer> (0x00000000e466ab80) thrown at [/HUDSON3/workspace/8-2-build-linux-amd64/jdk8u121/8372/hotspot/src/share/vm/classfile/systemDictionary.cpp, line 210]
Event: 4.585 Thread 0x00007f3748007800 Exception <a 'java/lang/ClassNotFoundException': build_w713oe5ekrgamhdquhwod1d5BeanInfo> (0x00000000e47d5388) thrown at [/HUDSON3/workspace/8-2-build-linux-amd64/jdk8u121/8372/hotspot/src/share/vm/classfile/systemDictionary.cpp, line 210]
Event: 4.585 Thread 0x00007f3748007800 Exception <a 'java/lang/ClassNotFoundException': build_w713oe5ekrgamhdquhwod1d5Customizer> (0x00000000e47e5a60) thrown at [/HUDSON3/workspace/8-2-build-linux-amd64/jdk8u121/8372/hotspot/src/share/vm/classfile/systemDictionary.cpp, line 210]
Event: 4.591 Thread 0x00007f3748007800 Exception <a 'java/lang/ClassNotFoundException': org/gradle/api/internal/plugins/DefaultObjectConfigurationActionBeanInfo> (0x00000000e483f720) thrown at [/HUDSON3/workspace/8-2-build-linux-amd64/jdk8u121/8372/hotspot/src/share/vm/classfile/systemDictiona
Event: 4.591 Thread 0x00007f3748007800 Exception <a 'java/lang/ClassNotFoundException': org/gradle/api/internal/plugins/DefaultObjectConfigurationActionCustomizer> (0x00000000e486f038) thrown at [/HUDSON3/workspace/8-2-build-linux-amd64/jdk8u121/8372/hotspot/src/share/vm/classfile/systemDictio
Event: 4.594 Thread 0x00007f3748007800 Exception <a 'java/lang/ClassNotFoundException': org/gradle/api/plugins/ObjectConfigurationActionBeanInfo> (0x00000000e48ad918) thrown at [/HUDSON3/workspace/8-2-build-linux-amd64/jdk8u121/8372/hotspot/src/share/vm/classfile/systemDictionary.cpp, line 210
Event: 4.594 Thread 0x00007f3748007800 Exception <a 'java/lang/ClassNotFoundException': org/gradle/api/plugins/ObjectConfigurationActionCustomizer> (0x00000000e48d5988) thrown at [/HUDSON3/workspace/8-2-build-linux-amd64/jdk8u121/8372/hotspot/src/share/vm/classfile/systemDictionary.cpp, line 2
Event: 4.851 Thread 0x00007f3748007800 Exception <a 'sun/nio/fs/UnixException'> (0x00000000e0501060) thrown at [/HUDSON3/workspace/8-2-build-linux-amd64/jdk8u121/8372/hotspot/src/share/vm/prims/jni.cpp, line 709]

Events (10 events):
Event: 4.899 loading class com/google/protobuf/GeneratedMessageV3
Event: 4.899 loading class com/google/protobuf/GeneratedMessageV3 done
Event: 4.900 loading class com/google/protobuf/AbstractMessage
Event: 4.900 loading class com/google/protobuf/AbstractMessage done
Event: 4.901 loading class com/google/protobuf/Message
Event: 4.901 loading class com/google/protobuf/Message done
Event: 4.901 loading class com/google/protobuf/MessageLite
Event: 4.901 loading class com/google/protobuf/MessageLite done
Event: 4.902 loading class com/google/protobuf/AbstractMessageLite
Event: 4.902 loading class com/google/protobuf/AbstractMessageLite done


Dynamic libraries:
00400000-00401000 r-xp 00000000 08:01 11143952                           /usr/local/java/jdk1.8.0_121/bin/java
00600000-00601000 rw-p 00000000 08:01 11143952                           /usr/local/java/jdk1.8.0_121/bin/java
00f59000-00f7a000 rw-p 00000000 00:00 0                                  [heap]
a0000000-a4780000 rw-p 00000000 00:00 0 
a4780000-e0000000 ---p 00000000 00:00 0 
e0000000-e8180000 rw-p 00000000 00:00 0 
e8180000-100000000 ---p 00000000 00:00 0 
100000000-100480000 rw-p 00000000 00:00 0 
100480000-140000000 ---p 00000000 00:00 0 
7f3724000000-7f3724021000 rw-p 00000000 00:00 0 
7f3724021000-7f3728000000 ---p 00000000 00:00 0 
7f3728000000-7f3728021000 rw-p 00000000 00:00 0 
7f3728021000-7f372c000000 ---p 00000000 00:00 0 
7f372c000000-7f372c021000 rw-p 00000000 00:00 0 
7f372c021000-7f3730000000 ---p 00000000 00:00 0 
7f3730000000-7f3730021000 rw-p 00000000 00:00 0 
7f3730021000-7f3734000000 ---p 00000000 00:00 0 
7f3734000000-7f373530d000 rw-p 00000000 00:00 0 
7f373530d000-7f3738000000 ---p 00000000 00:00 0 
7f3738000000-7f3738021000 rw-p 00000000 00:00 0 
7f3738021000-7f373c000000 ---p 00000000 00:00 0 
7f373c000000-7f373c021000 rw-p 00000000 00:00 0 
7f373c021000-7f3740000000 ---p 00000000 00:00 0 
7f3740000000-7f3740021000 rw-p 00000000 00:00 0 
7f3740021000-7f3744000000 ---p 00000000 00:00 0 
7f3744000000-7f374406e000 rw-p 00000000 00:00 0 
7f374406e000-7f3748000000 ---p 00000000 00:00 0 
7f3748000000-7f3748021000 rw-p 00000000 00:00 0 
7f3748021000-7f374c000000 ---p 00000000 00:00 0 
7f374c000000-7f374c021000 rw-p 00000000 00:00 0 
7f374c021000-7f3750000000 ---p 00000000 00:00 0 
7f3751758000-7f375175b000 ---p 00000000 00:00 0 
7f375175b000-7f37519d9000 rw-p 00000000 00:00 0 
7f37519d9000-7f3751a59000 ---p 00000000 00:00 0 
7f3751a59000-7f3751a5a000 r--s 00001000 08:01 34996890                   /root/.gradle/caches/jars-2/7c4c8dw4bn3s8grc5kz09cv28jy9yn3/annotations-25.3.0.jar
7f3751a5a000-7f3751a62000 r--s 000a8000 08:01 34996888                   /root/.gradle/caches/jars-2/lp0h431tl0554nh1vx6zomcvteflkp/lombok-ast-0.2.3.jar
7f3751a62000-7f3751a76000 r--s 000b4000 08:01 34996886                   /root/.gradle/caches/jars-2/igzbti8te04ygk32hg4q3ljfkkkzmlr/uast-162.2228.14.jar
7f3751a76000-7f3751a78000 r--s 0000d000 08:01 34996884                   /root/.gradle/caches/jars-2/7pwz1bowgakb1eux9ezb56jlturgsyi/commons-codec-1.4.jar
7f3751a78000-7f3751a7a000 r--s 0000d000 08:01 34996882                   /root/.gradle/caches/jars-2/9dj1m0eyooi5qt13735vz8fpkl3cnfy/commons-logging-1.1.1.jar
7f3751a7a000-7f3751a7f000 r--s 00028000 08:01 34996880                   /root/.gradle/caches/jars-2/62lv0fe9b3xbqe57f6ljy5upwi7mf6k/httpcore-4.1.jar
7f3751a7f000-7f3751a83000 r--s 0002f000 08:01 34996878                   /root/.gradle/caches/jars-2/gsg5n52frsvw6sx0swqqe2hwijwdcf0/jimfs-1.1.jar
7f3751a83000-7f3751a84000 r--s 00004000 08:01 34996876                   /root/.gradle/caches/jars-2/lxs252id0979odjrerlctkb26c2vj95/annotations-12.0.jar
7f3751a84000-7f3751a85000 r--s 00004000 08:01 34996874                   /root/.gradle/caches/jars-2/9kn99dr0rulyl67sct1ephwcop56l61/asm-analysis-5.0.4.jar
7f3751a85000-7f3751a89000 r--s 00040000 08:01 34996872                   /root/.gradle/caches/jars-2/h4gop7cox40tig0ckkhw1h8hl6tfcwm/lint-api-25.3.0.jar
7f3751a89000-7f3751a8a000 r--s 0000a000 08:01 34996870                   /root/.gradle/caches/jars-2/nwyg9io65lv6jvmwit2wq82xnnxd7ia/kxml2-2.3.0.jar
7f3751a8a000-7f3751a8c000 r--s 00005000 08:01 34996868                   /root/.gradle/caches/jars-2/i6hc1uuj8e9ck59slmzdyz78ydn8sr6/httpmime-4.1.jar
7f3751a8c000-7f3751a94000 r--s 0004e000 08:01 34996866                   /root/.gradle/caches/jars-2/7503wa5irssz0xxahv1xb82p2dl7rr2/httpclient-4.1.1.jar
7f3751a94000-7f3751a9b000 r--s 00053000 08:01 34996864                   /root/.gradle/caches/jars-2/jgkfvs4eqggj7qsyw1f5d3up57hanj1/commons-compress-1.8.1.jar
7f3751a9b000-7f3751aa0000 r--s 0002a000 08:01 34996862                   /root/.gradle/caches/jars-2/je8f027qcr1z1egw08byp1ybxbp9kko/gson-2.2.4.jar
7f3751aa0000-7f3751aa5000 r--s 0002e000 08:01 34996860                   /root/.gradle/caches/jars-2/r6oa1284jnf1g0hjm5fw7l8swldb7ek/repository-25.3.0.jar
7f3751aa5000-7f3751aa8000 r--s 00012000 08:01 34996856                   /root/.gradle/caches/jars-2/9uh4197qdwnvuono2myyig8xxy6aqcq/layoutlib-api-25.3.0.jar
7f3751aa8000-7f3751aad000 r--s 00058000 08:01 34996854                   /root/.gradle/caches/jars-2/st159835qgxm0l87oqrnhayxos4lc1n/asm-debug-all-5.0.1.jar
7f3751aad000-7f3751abd000 r--s 000d5000 08:01 34996852                   /root/.gradle/caches/jars-2/qzf32gp9kej4w4hlbabft6tplu74cj3/proguard-base-5.3.2.jar
7f3751abd000-7f3751ac0000 r--s 00033000 08:01 34996850                   /root/.gradle/caches/jars-2/nz9sndmr8b4xbj4xulkaciy5kdbyfiz/juniversalchardet-1.0.3.jar
7f3751ac0000-7f3751ac4000 r--s 0002a000 08:01 34996848                   /root/.gradle/caches/jars-2/krbpn9xjn1qymukyx8cc5l799ty1v3h/commons-io-2.4.jar
7f3751ac4000-7f3751adb000 r--s 00154000 08:01 34996846                   /root/.gradle/caches/jars-2/sfeivjswzitn6n0fnjx3ueszz8gv8o1/antlr4-4.5.3.jar
7f3751adb000-7f3751add000 r--s 00002000 08:01 34996844                   /root/.gradle/caches/jars-2/o6nwvy6at9y5kbpwo6utcclqk98gd99/baseLibrary-2.3.0.jar
7f3751add000-7f3751b08000 r--s 001fc000 08:01 34996842                   /root/.gradle/caches/jars-2/nxjrjftly2xksl8o0wqgivu5netfu2x/guava-18.0.jar
7f3751b08000-7f3751b1b000 r--s 00241000 08:01 34996840                   /root/.gradle/caches/jars-2/9yuekvg4qerfitq3xec0iyckuw3hwaq/ecj-4.6.1.jar
7f3751b1b000-7f3751b22000 r--s 000d9000 08:01 34996838                   /root/.gradle/caches/jars-2/aprntsq9xd6l685y4wf1lo3ojhypibs/lint-checks-25.3.0.jar
7f3751b22000-7f3751b24000 r--s 00006000 08:01 34996836                   /root/.gradle/caches/jars-2/6phgj9ki3jl3p5epzkqoo8pr6kur40b/asm-tree-5.0.4.jar
7f3751b24000-7f3751b57000 r--s 00203000 08:01 34996834                   /root/.gradle/caches/jars-2/hj0bfvxu9cq7hkwmecvp0kg137or3hh/bcprov-jdk15on-1.48.jar
7f3751b57000-7f3751b65000 r--s 00081000 08:01 34996832                   /root/.gradle/caches/jars-2/4r7xli0tz94y0wfjrdyjxlxar3g1pb9/bcpkix-jdk15on-1.48.jar
7f3751b65000-7f3751b67000 r--s 00002000 08:01 34996830                   /root/.gradle/caches/jars-2/f32bh5uivuf69ecz2j8hl96ksnqdh7v/javawriter-2.5.0.jar
7f3751b67000-7f3751b69000 r--s 00004000 08:01 34996828                   /root/.gradle/caches/jars-2/ks5d1mxwh7e42p192ttu3gpechro7qa/tracker-25.3.0.jar
7f3751b69000-7f3751b77000 r--s 00147000 08:01 34996824                   /root/.gradle/caches/jars-2/kzywuljggjlwzg0mn5daqjrl9hrds10/protos-25.3.0.jar
7f3751b77000-7f3751b7d000 r--s 0004a000 08:01 34996818                   /root/.gradle/caches/jars-2/qdr9c88xakd7sne0hmledt9h4qds2q2/ddmlib-25.3.0.jar
7f3751b7d000-7f3751d7d000 rw-p 00000000 00:00 0 
7f3751d7d000-7f3751f7d000 rw-p 00000000 00:00 0 
7f3751f7d000-7f3751f80000 ---p 00000000 00:00 0 
7f3751f80000-7f375227e000 rw-p 00000000 00:00 0 
7f375227e000-7f375227f000 r--s 00005000 08:01 34996858                   /root/.gradle/caches/jars-2/8zf2fyptbgnbanz613fx2c3hoto0539/dvlib-25.3.0.jar
7f375227f000-7f3752280000 r--s 00005000 08:01 34996826                   /root/.gradle/caches/jars-2/fl4kf4ptr1zzfqcvmz0t9nip0r2xra6/shared-25.3.0.jar
7f3752280000-7f3752281000 r--s 00001000 08:01 34996822                   /root/.gradle/caches/jars-2/9wceqt3rojnwacgoouxh9g9dkoot2zu/jill-api-0.10.0.jar
7f3752281000-7f3752283000 r--s 00003000 08:01 34996820                   /root/.gradle/caches/jars-2/hgjtw817h9ckqrqd7wts8rss79wyf2p/jack-api-0.13.0.jar
7f3752283000-7f3752286000 r--s 00022000 08:01 34996816                   /root/.gradle/caches/jars-2/fsss09xku4j8m0mtb0gif22hmmgqs7i/manifest-merger-25.3.0.jar
7f3752286000-7f3752289000 r--s 0001c000 08:01 34996814                   /root/.gradle/caches/jars-2/s9s98vc2jrc4cq452s7phwb2ad5xfkn/common-25.3.0.jar
7f3752289000-7f3752292000 r--s 00089000 08:01 34996812                   /root/.gradle/caches/jars-2/965j22khmkpwdgya5fll5pxt21kiz0y/sdk-common-25.3.0.jar
7f3752292000-7f375229c000 r--s 00097000 08:01 34996810                   /root/.gradle/caches/jars-2/2t3glk7v5svadzqcbhq0avch2qk6a9k/sdklib-25.3.0.jar
7f375229c000-7f375229d000 r--s 00002000 08:01 34996808                   /root/.gradle/caches/jars-2/q53lj97mtvuhn56k5k0vmpi70ln1194/builder-test-api-2.3.0.jar
7f375229d000-7f37522a0000 r--s 00006000 08:01 34996806                   /root/.gradle/caches/jars-2/217rxmwsloonj42ilq94g16c8qou0uv/builder-model-2.3.0.jar
7f37522a0000-7f37522af000 r--s 00130000 08:01 34996804                   /root/.gradle/caches/jars-2/cr6zkqpx14lor9zdtmo49qpc7y8r8p4/protobuf-java-3.0.0.jar
7f37522af000-7f37522b1000 r--s 0000f000 08:01 34996802                   /root/.gradle/caches/jars-2/rvfyugrlu5tbpz51p98og0qsxamjq4k/jopt-simple-4.9.jar
7f37522b1000-7f37522b5000 r--s 0001f000 08:01 34996800                   /root/.gradle/caches/jars-2/nq3fzqkrrm37ob61z4iu5qdbh368uat/org.jacoco.report-0.7.5.201505241946.jar
7f37522b5000-7f37522b9000 r--s 0001d000 08:01 34996798                   /root/.gradle/caches/jars-2/3kxkmcckmk40ron92zhbm0qjo9l4bkl/org.jacoco.core-0.7.5.201505241946.jar
7f37522b9000-7f37522bb000 r--s 00002000 08:01 34996796                   /root/.gradle/caches/jars-2/m4m0pzb4gmaeh0in5g2xc4bxeuwt828/proguard-gradle-5.3.2.jar
7f37522bb000-7f37522bd000 r--s 00009000 08:01 34996794                   /root/.gradle/caches/jars-2/ajvcvdu66lc9e3tvvipxtuq48i9bbkc/asm-commons-5.0.4.jar
7f37522bd000-7f37522bf000 r--s 0000c000 08:01 34996792                   /root/.gradle/caches/jars-2/1laz1ygmxoc408r7nwqs1q8uk8r236d/asm-5.0.4.jar
7f37522bf000-7f37522c4000 r--s 0002c000 08:01 34996790                   /root/.gradle/caches/jars-2/3eyaheco65g859qpfsowjbpqi0jh6mf/compilerCommon-2.3.0.jar
7f37522c4000-7f37522c5000 r--s 00002000 08:01 34996788                   /root/.gradle/caches/jars-2/31jr90v5p5fkd2jflx4pvapkdf35ezu/gradle-api-2.3.0.jar
7f37522c5000-7f37522c6000 r--s 00000000 08:01 34996786                   /root/.gradle/caches/jars-2/9alwd0ip1x6at9csjhyhihqra39rks9/transform-api-2.0.0-deprecated-use-gradle-api.jar
7f37522c6000-7f37522cb000 r--s 0005e000 08:01 34996784                   /root/.gradle/caches/jars-2/ni16dxztl73a86d25hs3on5ncngkbuy/lint-25.3.0.jar
7f37522cb000-7f37522e1000 r--s 00163000 08:01 34996782                   /root/.gradle/caches/jars-2/sqf8kc3htrab4fj479mwr3jrji381b7/builder-2.3.0.jar
7f37522e1000-7f37522ff000 r--s 001cb000 08:01 34996780                   /root/.gradle/caches/jars-2/8qy5a7i3gbr2s4snxdquaath1tjusie/gradle-core-2.3.0.jar
7f37522ff000-7f3752301000 r--s 0000d000 08:01 34996778                   /root/.gradle/caches/jars-2/60bmiis45kdytxtzt10fi483750k8at/gradle-2.3.0.jar
7f3752301000-7f3752304000 ---p 00000000 00:00 0 
7f3752304000-7f375233a000 rw-p 00000000 00:00 0 
7f375233a000-7f375233b000 r--p 00000000 00:00 0 
7f375233b000-7f375253b000 rw-p 00000000 00:00 0 
7f375253b000-7f375273b000 rw-p 00000000 00:00 0 
7f375273b000-7f375293b000 rw-p 00000000 00:00 0 
7f375293b000-7f37529b5000 r--s 010f6000 08:01 11020816                   /usr/local/java/jdk1.8.0_121/lib/tools.jar
7f37529b5000-7f3752bb5000 rw-p 00000000 00:00 0 
7f3752bb5000-7f3752bb8000 ---p 00000000 00:00 0 
7f3752bb8000-7f3752cb6000 rw-p 00000000 00:00 0 
7f3752cb6000-7f3752cb9000 ---p 00000000 00:00 0 
7f3752cb9000-7f3752db7000 rw-p 00000000 00:00 0 
7f3752db7000-7f3752dba000 ---p 00000000 00:00 0 
7f3752dba000-7f3752eb8000 rw-p 00000000 00:00 0 
7f3752eb8000-7f3752ebb000 ---p 00000000 00:00 0 
7f3752ebb000-7f3752fb9000 rw-p 00000000 00:00 0 
7f3752fb9000-7f3752fbc000 ---p 00000000 00:00 0 
7f3752fbc000-7f37532ba000 rw-p 00000000 00:00 0 
7f37532ba000-7f37532bd000 ---p 00000000 00:00 0 
7f37532bd000-7f37533bb000 rw-p 00000000 00:00 0 
7f37533bb000-7f37533c2000 r--s 00000000 08:01 11274324                   /usr/lib/x86_64-linux-gnu/gconv/gconv-modules.cache
7f37533c2000-7f37535c2000 rw-p 00000000 00:00 0 
7f37535c2000-7f37535c5000 ---p 00000000 00:00 0 
7f37535c5000-7f37536c3000 rw-p 00000000 00:00 0 
7f37536c3000-7f37536c6000 ---p 00000000 00:00 0 
7f37536c6000-7f37537c4000 rw-p 00000000 00:00 0 
7f37537c4000-7f37537cd000 r-xp 00000000 08:01 11144070                   /usr/local/java/jdk1.8.0_121/jre/lib/amd64/libmanagement.so
7f37537cd000-7f37539cc000 ---p 00009000 08:01 11144070                   /usr/local/java/jdk1.8.0_121/jre/lib/amd64/libmanagement.so
7f37539cc000-7f37539cd000 rw-p 00008000 08:01 11144070                   /usr/local/java/jdk1.8.0_121/jre/lib/amd64/libmanagement.so
7f37539cd000-7f37539d1000 r--s 0009a000 08:01 11143978                   /usr/local/java/jdk1.8.0_121/jre/lib/jsse.jar
7f37539d1000-7f37539d3000 r--s 00007000 08:01 34341942                   /root/.gradle/wrapper/dists/gradle-3.3-all/55gk2rcmfc6p2dg9u9ohc3hw9/gradle-3.3/lib/plugins/gradle-tooling-api-builders-3.3.jar
7f37539d3000-7f37539d6000 r--s 00009000 08:01 34341935                   /root/.gradle/wrapper/dists/gradle-3.3-all/55gk2rcmfc6p2dg9u9ohc3hw9/gradle-3.3/lib/plugins/gradle-testing-native-3.3.jar
7f37539d6000-7f37539dc000 r--s 00033000 08:01 34342010                   /root/.gradle/wrapper/dists/gradle-3.3-all/55gk2rcmfc6p2dg9u9ohc3hw9/gradle-3.3/lib/plugins/snakeyaml-1.6.jar
7f37539dc000-7f37539de000 r--s 00006000 08:01 34342009                   /root/.gradle/wrapper/dists/gradle-3.3-all/55gk2rcmfc6p2dg9u9ohc3hw9/gradle-3.3/lib/plugins/jcommander-1.12.jar
7f37539de000-7f37539e3000 r--s 00040000 08:01 34342008                   /root/.gradle/wrapper/dists/gradle-3.3-all/55gk2rcmfc6p2dg9u9ohc3hw9/gradle-3.3/lib/plugins/bsh-2.0b4.jar
7f37539e3000-7f37539e5000 r--s 00009000 08:01 34342016                   /root/.gradle/wrapper/dists/gradle-3.3-all/55gk2rcmfc6p2dg9u9ohc3hw9/gradle-3.3/lib/plugins/hamcrest-core-1.3.jar
7f37539e5000-7f37539ee000 r--s 00089000 08:01 34341967                   /root/.gradle/wrapper/dists/gradle-3.3-all/55gk2rcmfc6p2dg9u9ohc3hw9/gradle-3.3/lib/plugins/testng-6.3.1.jar
7f37539ee000-7f37539f6000 r--s 00045000 08:01 34341966                   /root/.gradle/wrapper/dists/gradle-3.3-all/55gk2rcmfc6p2dg9u9ohc3hw9/gradle-3.3/lib/plugins/junit-4.12.jar
7f37539f6000-7f37539fc000 r--s 0002e000 08:01 34341936                   /root/.gradle/wrapper/dists/gradle-3.3-all/55gk2rcmfc6p2dg9u9ohc3hw9/gradle-3.3/lib/plugins/gradle-testing-jvm-3.3.jar
7f37539fc000-7f3753a00000 r--s 00016000 08:01 34341934                   /root/.gradle/wrapper/dists/gradle-3.3-all/55gk2rcmfc6p2dg9u9ohc3hw9/gradle-3.3/lib/plugins/gradle-testing-base-3.3.jar
7f3753a00000-7f3753a07000 r--s 00038000 08:01 34341961                   /root/.gradle/wrapper/dists/gradle-3.3-all/55gk2rcmfc6p2dg9u9ohc3hw9/gradle-3.3/lib/plugins/bcpg-jdk15on-1.51.jar
7f3753a07000-7f3753a09000 r--s 0000c000 08:01 34341913                   /root/.gradle/wrapper/dists/gradle-3.3-all/55gk2rcmfc6p2dg9u9ohc3hw9/gradle-3.3/lib/plugins/gradle-signing-3.3.jar
7f3753a09000-7f3753a0b000 r--s 00007000 08:01 34341912                   /root/.gradle/wrapper/dists/gradle-3.3-all/55gk2rcmfc6p2dg9u9ohc3hw9/gradle-3.3/lib/plugins/gradle-scala-3.3.jar
7f3753a0b000-7f3753a0c000 r--s 00004000 08:01 34341940                   /root/.gradle/wrapper/dists/gradle-3.3-all/55gk2rcmfc6p2dg9u9ohc3hw9/gradle-3.3/lib/plugins/gradle-resources-sftp-3.3.jar
7f3753a0c000-7f3753a1c000 r--s 00088000 08:01 34341977                   /root/.gradle/wrapper/dists/gradle-3.3-all/55gk2rcmfc6p2dg9u9ohc3hw9/gradle-3.3/lib/plugins/joda-time-2.8.2.jar
7f3753a1c000-7f3753a2d000 r--s 0010d000 08:01 34341976                   /root/.gradle/wrapper/dists/gradle-3.3-all/55gk2rcmfc6p2dg9u9ohc3hw9/gradle-3.3/lib/plugins/jackson-databind-2.6.6.jar
7f3753a2d000-7f3753a30000 r--s 00009000 08:01 34341975                   /root/.gradle/wrapper/dists/gradle-3.3-all/55gk2rcmfc6p2dg9u9ohc3hw9/gradle-3.3/lib/plugins/jackson-annotations-2.6.6.jar
7f3753a30000-7f3753a34000 r--s 0003c000 08:01 34341974                   /root/.gradle/wrapper/dists/gradle-3.3-all/55gk2rcmfc6p2dg9u9ohc3hw9/gradle-3.3/lib/plugins/jackson-core-2.6.6.jar
7f3753a34000-7f3753a42000 r--s 00087000 08:01 34341973                   /root/.gradle/wrapper/dists/gradle-3.3-all/55gk2rcmfc6p2dg9u9ohc3hw9/gradle-3.3/lib/plugins/aws-java-sdk-core-1.11.6.jar
7f3753a42000-7f3753a49000 r--s 00057000 08:01 34341972                   /root/.gradle/wrapper/dists/gradle-3.3-all/55gk2rcmfc6p2dg9u9ohc3hw9/gradle-3.3/lib/plugins/aws-java-sdk-kms-1.11.6.jar
7f3753a49000-7f3753a56000 r--s 0008e000 08:01 34341971                   /root/.gradle/wrapper/dists/gradle-3.3-all/55gk2rcmfc6p2dg9u9ohc3hw9/gradle-3.3/lib/plugins/aws-java-sdk-s3-1.11.6.jar
7f3753a56000-7f3753a58000 r--s 00004000 08:01 34341941                   /root/.gradle/wrapper/dists/gradle-3.3-all/55gk2rcmfc6p2dg9u9ohc3hw9/gradle-3.3/lib/plugins/gradle-resources-s3-3.3.jar
7f3753a58000-7f3753a5a000 r--s 00005000 08:01 34341965                   /root/.gradle/wrapper/dists/gradle-3.3-all/55gk2rcmfc6p2dg9u9ohc3hw9/gradle-3.3/lib/plugins/jatl-0.2.2.jar
7f3753a5a000-7f3753a5c000 r--s 0000f000 08:01 34341918                   /root/.gradle/wrapper/dists/gradle-3.3-all/55gk2rcmfc6p2dg9u9ohc3hw9/gradle-3.3/lib/plugins/gradle-reporting-3.3.jar
7f3753a5c000-7f3753a5e000 r--s 00002000 08:01 34341919                   /root/.gradle/wrapper/dists/gradle-3.3-all/55gk2rcmfc6p2dg9u9ohc3hw9/gradle-3.3/lib/plugins/gradle-publish-3.3.jar
7f3753a5e000-7f3753a60000 r--s 00009000 08:01 34341948                   /root/.gradle/wrapper/dists/gradle-3.3-all/55gk2rcmfc6p2dg9u9ohc3hw9/gradle-3.3/lib/plugins/commons-cli-1.2.jar
7f3753a60000-7f3753a66000 r--s 00031000 08:01 34341904                   /root/.gradle/wrapper/dists/gradle-3.3-all/55gk2rcmfc6p2dg9u9ohc3hw9/gradle-3.3/lib/plugins/gradle-plugins-3.3.jar
7f3753a66000-7f3753a68000 r--s 00009000 08:01 34341937                   /root/.gradle/wrapper/dists/gradle-3.3-all/55gk2rcmfc6p2dg9u9ohc3hw9/gradle-3.3/lib/plugins/gradle-plugin-development-3.3.jar
7f3753a68000-7f3753a7e000 r-xp 00000000 08:01 4985220                    /lib/x86_64-linux-gnu/libgcc_s.so.1
7f3753a7e000-7f3753c7d000 ---p 00016000 08:01 4985220                    /lib/x86_64-linux-gnu/libgcc_s.so.1
7f3753c7d000-7f3753c7e000 rw-p 00015000 08:01 4985220                    /lib/x86_64-linux-gnu/libgcc_s.so.1
7f3753c7e000-7f3753df0000 r-xp 00000000 08:01 11012225                   /usr/lib/x86_64-linux-gnu/libstdc++.so.6.0.21
7f3753df0000-7f3753ff0000 ---p 00172000 08:01 11012225                   /usr/lib/x86_64-linux-gnu/libstdc++.so.6.0.21
7f3753ff0000-7f3753ffa000 r--p 00172000 08:01 11012225                   /usr/lib/x86_64-linux-gnu/libstdc++.so.6.0.21
7f3753ffa000-7f3753ffc000 rw-p 0017c000 08:01 11012225                   /usr/lib/x86_64-linux-gnu/libstdc++.so.6.0.21
7f3753ffc000-7f3754000000 rw-p 00000000 00:00 0 
7f3754000000-7f3754021000 rw-p 00000000 00:00 0 
7f3754021000-7f3758000000 ---p 00000000 00:00 0 
7f3758000000-7f3758021000 rw-p 00000000 00:00 0 
7f3758021000-7f375c000000 ---p 00000000 00:00 0 
7f375c000000-7f375e1ef000 rw-p 00000000 00:00 0 
7f375e1ef000-7f3760000000 ---p 00000000 00:00 0 
7f3760000000-7f3760bf2000 rw-p 00000000 00:00 0 
7f3760bf2000-7f3764000000 ---p 00000000 00:00 0 
7f3764000000-7f3764021000 rw-p 00000000 00:00 0 
7f3764021000-7f3768000000 ---p 00000000 00:00 0 
7f3768000000-7f3769d3a000 rw-p 00000000 00:00 0 
7f3769d3a000-7f376c000000 ---p 00000000 00:00 0 
7f376c000000-7f376c021000 rw-p 00000000 00:00 0 
7f376c021000-7f3770000000 ---p 00000000 00:00 0 
7f3770000000-7f3770021000 rw-p 00000000 00:00 0 
7f3770021000-7f3774000000 ---p 00000000 00:00 0 
7f3774000000-7f3774021000 rw-p 00000000 00:00 0 
7f3774021000-7f3778000000 ---p 00000000 00:00 0 
7f3778000000-7f3778006000 r--s 0002b000 08:01 34341930                   /root/.gradle/wrapper/dists/gradle-3.3-all/55gk2rcmfc6p2dg9u9ohc3hw9/gradle-3.3/lib/plugins/gradle-platform-play-3.3.jar
7f3778006000-7f3778014000 r--s 00055000 08:01 34341929                   /root/.gradle/wrapper/dists/gradle-3.3-all/55gk2rcmfc6p2dg9u9ohc3hw9/gradle-3.3/lib/plugins/gradle-platform-native-3.3.jar
7f3778014000-7f3778019000 r--s 0001f000 08:01 34341924                   /root/.gradle/wrapper/dists/gradle-3.3-all/55gk2rcmfc6p2dg9u9ohc3hw9/gradle-3.3/lib/plugins/gradle-platform-jvm-3.3.jar
7f3778019000-7f3778021000 r--s 00027000 08:01 34341923                   /root/.gradle/wrapper/dists/gradle-3.3-all/55gk2rcmfc6p2dg9u9ohc3hw9/gradle-3.3/lib/plugins/gradle-platform-base-3.3.jar
7f3778021000-7f3778049000 r--s 0021c000 08:01 34341956                   /root/.gradle/wrapper/dists/gradle-3.3-all/55gk2rcmfc6p2dg9u9ohc3hw9/gradle-3.3/lib/plugins/biz.aQute.bndlib-3.2.0.jar
7f3778049000-7f377804b000 r--s 00003000 08:01 34341908                   /root/.gradle/wrapper/dists/gradle-3.3-all/55gk2rcmfc6p2dg9u9ohc3hw9/gradle-3.3/lib/plugins/gradle-osgi-3.3.jar
7f377804b000-7f377804e000 r--s 0000c000 08:01 34341959                   /root/.gradle/wrapper/dists/gradle-3.3-all/55gk2rcmfc6p2dg9u9ohc3hw9/gradle-3.3/lib/plugins/pmaven-groovy-0.8-20100325.jar
7f377804e000-7f377804f000 r--s 00004000 08:01 34341958                   /root/.gradle/wrapper/dists/gradle-3.3-all/55gk2rcmfc6p2dg9u9ohc3hw9/gradle-3.3/lib/plugins/pmaven-common-0.8-20100325.jar
7f377804f000-7f3778055000 r--s 00023000 08:01 34341909                   /root/.gradle/wrapper/dists/gradle-3.3-all/55gk2rcmfc6p2dg9u9ohc3hw9/gradle-3.3/lib/plugins/gradle-maven-3.3.jar
7f3778055000-7f3778058000 r--s 0000b000 08:01 34341928                   /root/.gradle/wrapper/dists/gradle-3.3-all/55gk2rcmfc6p2dg9u9ohc3hw9/gradle-3.3/lib/plugins/gradle-language-scala-3.3.jar
7f3778058000-7f377805e000 r--s 0001a000 08:01 34341932                   /root/.gradle/wrapper/dists/gradle-3.3-all/55gk2rcmfc6p2dg9u9ohc3hw9/gradle-3.3/lib/plugins/gradle-language-native-3.3.jar
7f377805e000-7f3778061000 r--s 00005000 08:01 34341925                   /root/.gradle/wrapper/dists/gradle-3.3-all/55gk2rcmfc6p2dg9u9ohc3hw9/gradle-3.3/lib/plugins/gradle-language-jvm-3.3.jar
7f3778061000-7f3778067000 r--s 00027000 08:01 34341926                   /root/.gradle/wrapper/dists/gradle-3.3-all/55gk2rcmfc6p2dg9u9ohc3hw9/gradle-3.3/lib/plugins/gradle-language-java-3.3.jar
7f3778067000-7f3778069000 r--s 0000a000 08:01 34341927                   /root/.gradle/wrapper/dists/gradle-3.3-all/55gk2rcmfc6p2dg9u9ohc3hw9/gradle-3.3/lib/plugins/gradle-language-groovy-3.3.jar
7f3778069000-7f377806c000 r--s 0001e000 08:01 34341983                   /root/.gradle/wrapper/dists/gradle-3.3-all/55gk2rcmfc6p2dg9u9ohc3hw9/gradle-3.3/lib/plugins/jsp-api-2.1-6.1.14.jar
7f377806c000-7f377808f000 r--s 00344000 08:01 34341982                   /root/.gradle/wrapper/dists/gradle-3.3-all/55gk2rcmfc6p2dg9u9ohc3hw9/gradle-3.3/lib/plugins/core-3.1.1.jar
7f377808f000-7f3778090000 r--s 00006000 08:01 34341981                   /root/.gradle/wrapper/dists/gradle-3.3-all/55gk2rcmfc6p2dg9u9ohc3hw9/gradle-3.3/lib/plugins/jetty-naming-6.1.26.jar
7f3778090000-7f3778091000 r--s 00002000 08:01 34341955                   /root/.gradle/wrapper/dists/gradle-3.3-all/55gk2rcmfc6p2dg9u9ohc3hw9/gradle-3.3/lib/plugins/geronimo-annotation_1.0_spec-1.0.jar
7f3778091000-7f3778093000 r--s 00002000 08:01 34341954                   /root/.gradle/wrapper/dists/gradle-3.3-all/55gk2rcmfc6p2dg9u9ohc3hw9/gradle-3.3/lib/plugins/jetty-annotations-6.1.26.jar
7f3778093000-7f37780a4000 r--s 000ea000 08:01 34341953                   /root/.gradle/wrapper/dists/gradle-3.3-all/55gk2rcmfc6p2dg9u9ohc3hw9/gradle-3.3/lib/plugins/jsp-2.1-6.1.14.jar
7f37780a4000-7f37780a6000 r--s 0000d000 08:01 34341952                   /root/.gradle/wrapper/dists/gradle-3.3-all/55gk2rcmfc6p2dg9u9ohc3hw9/gradle-3.3/lib/plugins/jetty-plus-6.1.26.jar
7f37780a6000-7f37780a8000 r--s 0001f000 08:01 34341951                   /root/.gradle/wrapper/dists/gradle-3.3-all/55gk2rcmfc6p2dg9u9ohc3hw9/gradle-3.3/lib/plugins/servlet-api-2.5-20081211.jar
7f37780a8000-7f37780ac000 r--s 00028000 08:01 34341950                   /root/.gradle/wrapper/dists/gradle-3.3-all/55gk2rcmfc6p2dg9u9ohc3hw9/gradle-3.3/lib/plugins/jetty-util-6.1.26.jar
7f37780ac000-7f37780b3000 r--s 0007d000 08:01 34341949                   /root/.gradle/wrapper/dists/gradle-3.3-all/55gk2rcmfc6p2dg9u9ohc3hw9/gradle-3.3/lib/plugins/jetty-6.1.26.jar
7f37780b3000-7f37780b5000 r--s 0000a000 08:01 34341906                   /root/.gradle/wrapper/dists/gradle-3.3-all/55gk2rcmfc6p2dg9u9ohc3hw9/gradle-3.3/lib/plugins/gradle-jetty-3.3.jar
7f37780b5000-7f37780bc000 r--s 00035000 08:01 34341964                   /root/.gradle/wrapper/dists/gradle-3.3-all/55gk2rcmfc6p2dg9u9ohc3hw9/gradle-3.3/lib/plugins/simple-4.1.21.jar
7f37780bc000-7f37780c8000 r--s 00100000 08:01 34341962                   /root/.gradle/wrapper/dists/gradle-3.3-all/55gk2rcmfc6p2dg9u9ohc3hw9/gradle-3.3/lib/plugins/rhino-1.7R3.jar
7f37780c8000-7f37780cc000 r--s 00012000 08:01 34341915                   /root/.gradle/wrapper/dists/gradle-3.3-all/55gk2rcmfc6p2dg9u9ohc3hw9/gradle-3.3/lib/plugins/gradle-javascript-3.3.jar
7f37780cc000-7f37780ce000 r--s 0000d000 08:01 34341921                   /root/.gradle/wrapper/dists/gradle-3.3-all/55gk2rcmfc6p2dg9u9ohc3hw9/gradle-3.3/lib/plugins/gradle-jacoco-3.3.jar
7f37780ce000-7f37780d1000 r--s 0000e000 08:01 34341920                   /root/.gradle/wrapper/dists/gradle-3.3-all/55gk2rcmfc6p2dg9u9ohc3hw9/gradle-3.3/lib/plugins/gradle-ivy-3.3.jar
7f37780d1000-7f37780d2000 r--s 00002000 08:01 34341931                   /root/.gradle/wrapper/dists/gradle-3.3-all/55gk2rcmfc6p2dg9u9ohc3hw9/gradle-3.3/lib/plugins/gradle-ide-play-3.3.jar
7f37780d2000-7f37780d5000 r--s 00013000 08:01 34341933                   /root/.gradle/wrapper/dists/gradle-3.3-all/55gk2rcmfc6p2dg9u9ohc3hw9/gradle-3.3/lib/plugins/gradle-ide-native-3.3.jar
7f37780d5000-7f37780de000 r--s 00055000 08:01 34341910                   /root/.gradle/wrapper/dists/gradle-3.3-all/55gk2rcmfc6p2dg9u9ohc3hw9/gradle-3.3/lib/plugins/gradle-ide-3.3.jar
7f37780de000-7f37780e0000 r--s 00007000 08:01 34341914                   /root/.gradle/wrapper/dists/gradle-3.3-all/55gk2rcmfc6p2dg9u9ohc3hw9/gradle-3.3/lib/plugins/gradle-ear-3.3.jar
7f37780e0000-7f37780e6000 r--s 00039000 08:01 34341917                   /root/.gradle/wrapper/dists/gradle-3.3-all/55gk2rcmfc6p2dg9u9ohc3hw9/gradle-3.3/lib/plugins/gradle-diagnostics-3.3.jar
7f37780e6000-7f37780e7000 r--s 00009000 08:01 34341943                   /root/.gradle/wrapper/dists/gradle-3.3-all/55gk2rcmfc6p2dg9u9ohc3hw9/gradle-3.3/lib/plugins/gradle-composite-builds-3.3.jar
7f37780e7000-7f37780eb000 r--s 00023000 08:01 34341905                   /root/.gradle/wrapper/dists/gradle-3.3-all/55gk2rcmfc6p2dg9u9ohc3hw9/gradle-3.3/lib/plugins/gradle-code-quality-3.3.jar
7f37780eb000-7f37780ef000 r--s 00022000 08:01 34341922                   /root/.gradle/wrapper/dists/gradle-3.3-all/55gk2rcmfc6p2dg9u9ohc3hw9/gradle-3.3/lib/plugins/gradle-build-init-3.3.jar
7f37780ef000-7f37780f5000 r--s 0008e000 08:01 34341916                   /root/.gradle/wrapper/dists/gradle-3.3-all/55gk2rcmfc6p2dg9u9ohc3hw9/gradle-3.3/lib/plugins/gradle-build-comparison-3.3.jar
7f37780f5000-7f37780f6000 r--s 00001000 08:01 34341944                   /root/.gradle/wrapper/dists/gradle-3.3-all/55gk2rcmfc6p2dg9u9ohc3hw9/gradle-3.3/lib/plugins/gradle-build-cache-http-3.3.jar
7f37780f6000-7f37780f8000 r--s 00008000 08:01 34341907                   /root/.gradle/wrapper/dists/gradle-3.3-all/55gk2rcmfc6p2dg9u9ohc3hw9/gradle-3.3/lib/plugins/gradle-antlr-3.3.jar
7f37780f8000-7f37780fa000 r--s 00004000 08:01 34341911                   /root/.gradle/wrapper/dists/gradle-3.3-all/55gk2rcmfc6p2dg9u9ohc3hw9/gradle-3.3/lib/plugins/gradle-announce-3.3.jar
7f37780fa000-7f3778112000 r--s 00115000 08:01 34342013                   /root/.gradle/wrapper/dists/gradle-3.3-all/55gk2rcmfc6p2dg9u9ohc3hw9/gradle-3.3/lib/plugins/xercesImpl-2.9.1.jar
7f3778112000-7f377811a000 r--s 00028000 08:01 34342014                   /root/.gradle/wrapper/dists/gradle-3.3-all/55gk2rcmfc6p2dg9u9ohc3hw9/gradle-3.3/lib/plugins/xml-apis-1.3.04.jar
7f377811a000-7f3778120000 r--s 0005b000 08:01 34342012                   /root/.gradle/wrapper/dists/gradle-3.3-all/55gk2rcmfc6p2dg9u9ohc3hw9/gradle-3.3/lib/plugins/jcifs-1.3.17.jar
7f3778120000-7f3778126000 r--s 00033000 08:01 34341960                   /root/.gradle/wrapper/dists/gradle-3.3-all/55gk2rcmfc6p2dg9u9ohc3hw9/gradle-3.3/lib/plugins/commons-codec-1.6.jar
7f3778126000-7f377812d000 r--s 00049000 08:01 34342011                   /root/.gradle/wrapper/dists/gradle-3.3-all/55gk2rcmfc6p2dg9u9ohc3hw9/gradle-3.3/lib/plugins/httpcore-4.4.4.jar
7f377812d000-7f3778130000 r--s 0001c000 08:01 34341969                   /root/.gradle/wrapper/dists/gradle-3.3-all/55gk2rcmfc6p2dg9u9ohc3hw9/gradle-3.3/lib/plugins/nekohtml-1.9.14.jar
7f3778130000-7f377813d000 r--s 000a4000 08:01 34341968                   /root/.gradle/wrapper/dists/gradle-3.3-all/55gk2rcmfc6p2dg9u9ohc3hw9/gradle-3.3/lib/plugins/httpclient-4.4.1.jar
7f377813d000-7f3778140000 r--s 0000a000 08:01 34341939                   /root/.gradle/wrapper/dists/gradle-3.3-all/55gk2rcmfc6p2dg9u9ohc3hw9/gradle-3.3/lib/plugins/gradle-resources-http-3.3.jar
7f3778140000-7f3778144000 r--s 00015000 08:01 34341938                   /root/.gradle/wrapper/dists/gradle-3.3-all/55gk2rcmfc6p2dg9u9ohc3hw9/gradle-3.3/lib/plugins/gradle-plugin-use-3.3.jar
7f3778144000-7f3778145000 r--s 00000000 08:01 34341850                   /root/.gradle/wrapper/dists/gradle-3.3-all/55gk2rcmfc6p2dg9u9ohc3hw9/gradle-3.3/lib/gradle-installation-beacon-3.3.jar
7f3778145000-7f3778147000 r--s 00006000 08:01 34342007                   /root/.gradle/wrapper/dists/gradle-3.3-all/55gk2rcmfc6p2dg9u9ohc3hw9/gradle-3.3/lib/plugins/aether-connector-wagon-1.13.1.jar
7f3778147000-7f377814b000 r--s 0001c000 08:01 34342006                   /root/.gradle/wrapper/dists/gradle-3.3-all/55gk2rcmfc6p2dg9u9ohc3hw9/gradle-3.3/lib/plugins/aether-util-1.13.1.jar
7f377814b000-7f377814c000 r--s 00003000 08:01 34342005                   /root/.gradle/wrapper/dists/gradle-3.3-all/55gk2rcmfc6p2dg9u9ohc3hw9/gradle-3.3/lib/plugins/aether-spi-1.13.1.jar
7f377814c000-7f377814f000 r--s 0001d000 08:01 34342004                   /root/.gradle/wrapper/dists/gradle-3.3-all/55gk2rcmfc6p2dg9u9ohc3hw9/gradle-3.3/lib/plugins/aether-impl-1.13.1.jar
7f377814f000-7f3778152000 r--s 00013000 08:01 34342003                   /root/.gradle/wrapper/dists/gradle-3.3-all/55gk2rcmfc6p2dg9u9ohc3hw9/gradle-3.3/lib/plugins/aether-api-1.13.1.jar
7f3778152000-7f3778153000 r--s 00007000 08:01 34342002                   /root/.gradle/wrapper/dists/gradle-3.3-all/55gk2rcmfc6p2dg9u9ohc3hw9/gradle-3.3/lib/plugins/wagon-http-shared4-2.4.jar
7f3778153000-7f3778155000 r--s 0000b000 08:01 34342001                   /root/.gradle/wrapper/dists/gradle-3.3-all/55gk2rcmfc6p2dg9u9ohc3hw9/gradle-3.3/lib/plugins/wagon-provider-api-2.4.jar
7f3778155000-7f3778156000 r--s 00002000 08:01 34342000                   /root/.gradle/wrapper/dists/gradle-3.3-all/55gk2rcmfc6p2dg9u9ohc3hw9/gradle-3.3/lib/plugins/wagon-http-2.4.jar
7f3778156000-7f3778157000 r--s 00002000 08:01 34341999                   /root/.gradle/wrapper/dists/gradle-3.3-all/55gk2rcmfc6p2dg9u9ohc3hw9/gradle-3.3/lib/plugins/wagon-file-2.4.jar
7f3778157000-7f3778159000 r--s 0000c000 08:01 34341998                   /root/.gradle/wrapper/dists/gradle-3.3-all/55gk2rcmfc6p2dg9u9ohc3hw9/gradle-3.3/lib/plugins/maven-aether-provider-3.0.4.jar
7f3778159000-7f377815b000 r--s 0000b000 08:01 34341997                   /root/.gradle/wrapper/dists/gradle-3.3-all/55gk2rcmfc6p2dg9u9ohc3hw9/gradle-3.3/lib/plugins/maven-plugin-api-3.0.4.jar
7f377815b000-7f377815d000 r--s 00006000 08:01 34341996                   /root/.gradle/wrapper/dists/gradle-3.3-all/55gk2rcmfc6p2dg9u9ohc3hw9/gradle-3.3/lib/plugins/maven-repository-metadata-3.0.4.jar
7f377815d000-7f377815f000 r--s 0000b000 08:01 34341995                   /root/.gradle/wrapper/dists/gradle-3.3-all/55gk2rcmfc6p2dg9u9ohc3hw9/gradle-3.3/lib/plugins/maven-artifact-3.0.4.jar
7f377815f000-7f3778161000 r--s 00026000 08:01 34341994                   /root/.gradle/wrapper/dists/gradle-3.3-all/55gk2rcmfc6p2dg9u9ohc3hw9/gradle-3.3/lib/plugins/maven-model-3.0.4.jar
7f3778161000-7f3778165000 r--s 00021000 08:01 34341993                   /root/.gradle/wrapper/dists/gradle-3.3-all/55gk2rcmfc6p2dg9u9ohc3hw9/gradle-3.3/lib/plugins/maven-model-builder-3.0.4.jar
7f3778165000-7f377816b000 r--s 0003f000 08:01 34341992                   /root/.gradle/wrapper/dists/gradle-3.3-all/55gk2rcmfc6p2dg9u9ohc3hw9/gradle-3.3/lib/plugins/maven-compat-3.0.4.jar
7f377816b000-7f377816c000 r--s 00006000 08:01 34341991                   /root/.gradle/wrapper/dists/gradle-3.3-all/55gk2rcmfc6p2dg9u9ohc3hw9/gradle-3.3/lib/plugins/plexus-sec-dispatcher-1.3.jar
7f377816c000-7f377816e000 r--s 00002000 08:01 34341990                   /root/.gradle/wrapper/dists/gradle-3.3-all/55gk2rcmfc6p2dg9u9ohc3hw9/gradle-3.3/lib/plugins/plexus-cipher-1.7.jar
7f377816e000-7f3778170000 r--s 0000a000 08:01 34341989                   /root/.gradle/wrapper/dists/gradle-3.3-all/55gk2rcmfc6p2dg9u9ohc3hw9/gradle-3.3/lib/plugins/plexus-classworlds-2.4.jar
7f3778170000-7f3778177000 r--s 0002e000 08:01 34341988                   /root/.gradle/wrapper/dists/gradle-3.3-all/55gk2rcmfc6p2dg9u9ohc3hw9/gradle-3.3/lib/plugins/plexus-container-default-1.5.5.jar
7f3778177000-7f3778179000 r--s 00000000 08:01 34342015                   /root/.gradle/wrapper/dists/gradle-3.3-all/55gk2rcmfc6p2dg9u9ohc3hw9/gradle-3.3/lib/plugins/plexus-component-annotations-1.5.5.jar
7f3778179000-7f377817b000 r--s 0000d000 08:01 34341987                   /root/.gradle/wrapper/dists/gradle-3.3-all/55gk2rcmfc6p2dg9u9ohc3hw9/gradle-3.3/lib/plugins/plexus-interpolation-1.14.jar
7f377817b000-7f377817f000 r--s 00033000 08:01 34341986                   /root/.gradle/wrapper/dists/gradle-3.3-all/55gk2rcmfc6p2dg9u9ohc3hw9/gradle-3.3/lib/plugins/plexus-utils-2.0.6.jar
7f377817f000-7f3778182000 r--s 00008000 08:01 34341985                   /root/.gradle/wrapper/dists/gradle-3.3-all/55gk2rcmfc6p2dg9u9ohc3hw9/gradle-3.3/lib/plugins/maven-settings-builder-3.0.4.jar
7f3778182000-7f3778184000 r--s 0000a000 08:01 34341984                   /root/.gradle/wrapper/dists/gradle-3.3-all/55gk2rcmfc6p2dg9u9ohc3hw9/gradle-3.3/lib/plugins/maven-settings-3.0.4.jar
7f3778184000-7f3778189000 r--s 00040000 08:01 34341970                   /root/.gradle/wrapper/dists/gradle-3.3-all/55gk2rcmfc6p2dg9u9ohc3hw9/gradle-3.3/lib/plugins/jsch-0.1.53.jar
7f3778189000-7f37781c9000 r--s 00277000 08:01 34341980                   /root/.gradle/wrapper/dists/gradle-3.3-all/55gk2rcmfc6p2dg9u9ohc3hw9/gradle-3.3/lib/plugins/bcprov-jdk15on-1.51.jar
7f37781c9000-7f37781cd000 r--s 0001d000 08:01 34341979                   /root/.gradle/wrapper/dists/gradle-3.3-all/55gk2rcmfc6p2dg9u9ohc3hw9/gradle-3.3/lib/plugins/xbean-reflect-3.4.jar
7f37781cd000-7f37781d9000 r--s 0007d000 08:01 34341957                   /root/.gradle/wrapper/dists/gradle-3.3-all/55gk2rcmfc6p2dg9u9ohc3hw9/gradle-3.3/lib/plugins/maven-core-3.0.4.jar
7f37781d9000-7f37781de000 r--s 00034000 08:01 34341963                   /root/.gradle/wrapper/dists/gradle-3.3-all/55gk2rcmfc6p2dg9u9ohc3hw9/gradle-3.3/lib/plugins/gson-2.7.jar
7f37781de000-7f37781ed000 r--s 000d9000 08:01 34341978                   /root/.gradle/wrapper/dists/gradle-3.3-all/55gk2rcmfc6p2dg9u9ohc3hw9/gradle-3.3/lib/plugins/ivy-2.2.0.jar
7f37781ed000-7f377820c000 r--s 000f6000 08:01 34341946                   /root/.gradle/wrapper/dists/gradle-3.3-all/55gk2rcmfc6p2dg9u9ohc3hw9/gradle-3.3/lib/plugins/gradle-dependency-management-3.3.jar
7f377820c000-7f377820e000 r--s 00005000 08:01 34341945                   /root/.gradle/wrapper/dists/gradle-3.3-all/55gk2rcmfc6p2dg9u9ohc3hw9/gradle-3.3/lib/plugins/gradle-workers-3.3.jar
7f377820e000-7f3778213000 r-xp 00000000 08:01 34345271                   /root/.gradle/native/23/linux-amd64/libnative-platform.so
7f3778213000-7f3778412000 ---p 00005000 08:01 34345271                   /root/.gradle/native/23/linux-amd64/libnative-platform.so
7f3778412000-7f3778413000 rw-p 00004000 08:01 34345271                   /root/.gradle/native/23/linux-amd64/libnative-platform.so
7f3778413000-7f3778424000 r-xp 00000000 08:01 11144059                   /usr/local/java/jdk1.8.0_121/jre/lib/amd64/libnio.so
7f3778424000-7f3778623000 ---p 00011000 08:01 11144059                   /usr/local/java/jdk1.8.0_121/jre/lib/amd64/libnio.so
7f3778623000-7f3778624000 rw-p 00010000 08:01 11144059                   /usr/local/java/jdk1.8.0_121/jre/lib/amd64/libnio.so
7f3778624000-7f3778925000 rw-p 00000000 00:00 0 
7f3778925000-7f377893b000 r-xp 00000000 08:01 11144034                   /usr/local/java/jdk1.8.0_121/jre/lib/amd64/libnet.so
7f377893b000-7f3778b3b000 ---p 00016000 08:01 11144034                   /usr/local/java/jdk1.8.0_121/jre/lib/amd64/libnet.so
7f3778b3b000-7f3778b3c000 rw-p 00016000 08:01 11144034                   /usr/local/java/jdk1.8.0_121/jre/lib/amd64/libnet.so
7f3778b3c000-7f3778b3d000 r--s 00006000 08:01 34341849                   /root/.gradle/wrapper/dists/gradle-3.3-all/55gk2rcmfc6p2dg9u9ohc3hw9/gradle-3.3/lib/gradle-wrapper-3.3.jar
7f3778b3d000-7f3778b4a000 r--s 00041000 08:01 34341856                   /root/.gradle/wrapper/dists/gradle-3.3-all/55gk2rcmfc6p2dg9u9ohc3hw9/gradle-3.3/lib/gradle-tooling-api-3.3.jar
7f3778b4a000-7f3778b4c000 r--s 00002000 08:01 34341876                   /root/.gradle/wrapper/dists/gradle-3.3-all/55gk2rcmfc6p2dg9u9ohc3hw9/gradle-3.3/lib/gradle-open-api-3.3.jar
7f3778b4c000-7f3778b52000 r--s 00032000 08:01 34341878                   /root/.gradle/wrapper/dists/gradle-3.3-all/55gk2rcmfc6p2dg9u9ohc3hw9/gradle-3.3/lib/jaxen-1.1.jar
7f3778b52000-7f3778b57000 r--s 00048000 08:01 34341877                   /root/.gradle/wrapper/dists/gradle-3.3-all/55gk2rcmfc6p2dg9u9ohc3hw9/gradle-3.3/lib/dom4j-1.6.1.jar
7f3778b57000-7f3778b62000 r--s 00059000 08:01 34341855                   /root/.gradle/wrapper/dists/gradle-3.3-all/55gk2rcmfc6p2dg9u9ohc3hw9/gradle-3.3/lib/gradle-ui-3.3.jar
7f3778b62000-7f3778b6b000 r--s 0008c000 08:01 34341847                   /root/.gradle/wrapper/dists/gradle-3.3-all/55gk2rcmfc6p2dg9u9ohc3hw9/gradle-3.3/lib/kotlin-stdlib-1.1-M02.jar
7f3778b6b000-7f3778b71000 r--s 0002a000 08:01 34341846                   /root/.gradle/wrapper/dists/gradle-3.3-all/55gk2rcmfc6p2dg9u9ohc3hw9/gradle-3.3/lib/kotlin-runtime-1.1-M02.jar
7f3778b71000-7f3778ba5000 r--s 00256000 08:01 34341845                   /root/.gradle/wrapper/dists/gradle-3.3-all/55gk2rcmfc6p2dg9u9ohc3hw9/gradle-3.3/lib/kotlin-reflect-1.1-M02.jar
7f3778ba5000-7f3778d3b000 r--s 0157e000 08:01 34341844                   /root/.gradle/wrapper/dists/gradle-3.3-all/55gk2rcmfc6p2dg9u9ohc3hw9/gradle-3.3/lib/kotlin-compiler-embeddable-1.1-M02.jar
7f3778d3b000-7f3778d43000 r--s 0004e000 08:01 34341843                   /root/.gradle/wrapper/dists/gradle-3.3-all/55gk2rcmfc6p2dg9u9ohc3hw9/gradle-3.3/lib/gradle-script-kotlin-0.5.1.jar
7f3778d43000-7f3778d46000 r--s 0000b000 08:01 34341874                   /root/.gradle/wrapper/dists/gradle-3.3-all/55gk2rcmfc6p2dg9u9ohc3hw9/gradle-3.3/lib/gradle-resources-3.3.jar
7f3778d46000-7f3778d48000 r--s 00003000 08:01 34341883                   /root/.gradle/wrapper/dists/gradle-3.3-all/55gk2rcmfc6p2dg9u9ohc3hw9/gradle-3.3/lib/jcl-over-slf4j-1.7.10.jar
7f3778d48000-7f3778d49000 r--s 00005000 08:01 34341882                   /root/.gradle/wrapper/dists/gradle-3.3-all/55gk2rcmfc6p2dg9u9ohc3hw9/gradle-3.3/lib/log4j-over-slf4j-1.7.10.jar
7f3778d49000-7f3778d4b000 r--s 00000000 08:01 34341881                   /root/.gradle/wrapper/dists/gradle-3.3-all/55gk2rcmfc6p2dg9u9ohc3hw9/gradle-3.3/lib/jul-to-slf4j-1.7.10.jar
7f3778d4b000-7f3778d50000 r--s 0001e000 08:01 34341858                   /root/.gradle/wrapper/dists/gradle-3.3-all/55gk2rcmfc6p2dg9u9ohc3hw9/gradle-3.3/lib/gradle-logging-3.3.jar
7f3778d50000-7f3778d52000 r--s 00007000 08:01 34341902                   /root/.gradle/wrapper/dists/gradle-3.3-all/55gk2rcmfc6p2dg9u9ohc3hw9/gradle-3.3/lib/objenesis-1.2.jar
7f3778d52000-7f3778d54000 r--s 00000000 08:01 34341901                   /root/.gradle/wrapper/dists/gradle-3.3-all/55gk2rcmfc6p2dg9u9ohc3hw9/gradle-3.3/lib/minlog-1.2.jar
7f3778d54000-7f3778d56000 r--s 0000f000 08:01 34341900                   /root/.gradle/wrapper/dists/gradle-3.3-all/55gk2rcmfc6p2dg9u9ohc3hw9/gradle-3.3/lib/reflectasm-1.07-shaded.jar
7f3778d56000-7f3778d5a000 r--s 00026000 08:01 34341885                   /root/.gradle/wrapper/dists/gradle-3.3-all/55gk2rcmfc6p2dg9u9ohc3hw9/gradle-3.3/lib/kryo-2.20.jar
7f3778d5a000-7f3778d60000 r--s 00027000 08:01 34341873                   /root/.gradle/wrapper/dists/gradle-3.3-all/55gk2rcmfc6p2dg9u9ohc3hw9/gradle-3.3/lib/gradle-messaging-3.3.jar
7f3778d60000-7f3778d61000 r--s 00001000 08:01 34341899                   /root/.gradle/wrapper/dists/gradle-3.3-all/55gk2rcmfc6p2dg9u9ohc3hw9/gradle-3.3/lib/native-platform-linux-i386-ncurses6-0.12.jar
7f3778d61000-7f3778d62000 r--s 00001000 08:01 34341898                   /root/.gradle/wrapper/dists/gradle-3.3-all/55gk2rcmfc6p2dg9u9ohc3hw9/gradle-3.3/lib/native-platform-linux-i386-ncurses5-0.12.jar
7f3778d62000-7f3778d63000 r--s 00001000 08:01 34341897                   /root/.gradle/wrapper/dists/gradle-3.3-all/55gk2rcmfc6p2dg9u9ohc3hw9/gradle-3.3/lib/native-platform-linux-amd64-ncurses6-0.12.jar
7f3778d63000-7f3778d64000 r--s 00001000 08:01 34341896                   /root/.gradle/wrapper/dists/gradle-3.3-all/55gk2rcmfc6p2dg9u9ohc3hw9/gradle-3.3/lib/native-platform-linux-amd64-ncurses5-0.12.jar
7f3778d64000-7f3778d66000 r--s 0000b000 08:01 34341894                   /root/.gradle/wrapper/dists/gradle-3.3-all/55gk2rcmfc6p2dg9u9ohc3hw9/gradle-3.3/lib/native-platform-windows-amd64-0.12.jar
7f3778d66000-7f3778dd6000 r--s 00641000 08:01 34341863                   /root/.gradle/wrapper/dists/gradle-3.3-all/55gk2rcmfc6p2dg9u9ohc3hw9/gradle-3.3/lib/groovy-all-2.4.7.jar
7f3778dd6000-7f3778dfe000 r--s 001cf000 08:01 34341860                   /root/.gradle/wrapper/dists/gradle-3.3-all/55gk2rcmfc6p2dg9u9ohc3hw9/gradle-3.3/lib/guava-jdk5-17.0.jar
7f3778dfe000-7f3778dff000 ---p 00000000 00:00 0 
7f3778dff000-7f3778eff000 rw-p 00000000 00:00 0 
7f3778eff000-7f3778f02000 ---p 00000000 00:00 0 
7f3778f02000-7f377c000000 rw-p 00000000 00:00 0 
7f377c000000-7f377c021000 rw-p 00000000 00:00 0 
7f377c021000-7f3780000000 ---p 00000000 00:00 0 
7f3780000000-7f3780032000 rw-p 00000000 00:00 0 
7f3780032000-7f3784000000 ---p 00000000 00:00 0 
7f3784000000-7f3784021000 rw-p 00000000 00:00 0 
7f3784021000-7f3788000000 ---p 00000000 00:00 0 
7f3788000000-7f3788021000 rw-p 00000000 00:00 0 
7f3788021000-7f378c000000 ---p 00000000 00:00 0 
7f378c000000-7f378c001000 r--s 0000b000 08:01 34341895                   /root/.gradle/wrapper/dists/gradle-3.3-all/55gk2rcmfc6p2dg9u9ohc3hw9/gradle-3.3/lib/native-platform-windows-i386-0.12.jar
7f378c001000-7f378c003000 r--s 00002000 08:01 34341893                   /root/.gradle/wrapper/dists/gradle-3.3-all/55gk2rcmfc6p2dg9u9ohc3hw9/gradle-3.3/lib/native-platform-osx-i386-0.12.jar
7f378c003000-7f378c004000 r--s 00002000 08:01 34341892                   /root/.gradle/wrapper/dists/gradle-3.3-all/55gk2rcmfc6p2dg9u9ohc3hw9/gradle-3.3/lib/native-platform-osx-amd64-0.12.jar
7f378c004000-7f378c005000 r--s 00002000 08:01 34341891                   /root/.gradle/wrapper/dists/gradle-3.3-all/55gk2rcmfc6p2dg9u9ohc3hw9/gradle-3.3/lib/native-platform-linux-i386-0.12.jar
7f378c005000-7f378c006000 r--s 00002000 08:01 34341890                   /root/.gradle/wrapper/dists/gradle-3.3-all/55gk2rcmfc6p2dg9u9ohc3hw9/gradle-3.3/lib/native-platform-linux-amd64-0.12.jar
7f378c006000-7f378c007000 r--s 00003000 08:01 34341889                   /root/.gradle/wrapper/dists/gradle-3.3-all/55gk2rcmfc6p2dg9u9ohc3hw9/gradle-3.3/lib/native-platform-freebsd-i386-libstdcpp-0.12.jar
7f378c007000-7f378c008000 r--s 00004000 08:01 34341888                   /root/.gradle/wrapper/dists/gradle-3.3-all/55gk2rcmfc6p2dg9u9ohc3hw9/gradle-3.3/lib/native-platform-freebsd-i386-libcpp-0.12.jar
7f378c008000-7f378c00a000 r--s 00003000 08:01 34341887                   /root/.gradle/wrapper/dists/gradle-3.3-all/55gk2rcmfc6p2dg9u9ohc3hw9/gradle-3.3/lib/native-platform-freebsd-amd64-libstdcpp-0.12.jar
7f378c00a000-7f378c00d000 r--s 00023000 08:01 34341880                   /root/.gradle/wrapper/dists/gradle-3.3-all/55gk2rcmfc6p2dg9u9ohc3hw9/gradle-3.3/lib/jansi-1.14.jar
7f378c00d000-7f378c011000 r--s 00011000 08:01 34341879                   /root/.gradle/wrapper/dists/gradle-3.3-all/55gk2rcmfc6p2dg9u9ohc3hw9/gradle-3.3/lib/native-platform-0.12.jar
7f378c011000-7f378c014000 r--s 0000a000 08:01 34341857                   /root/.gradle/wrapper/dists/gradle-3.3-all/55gk2rcmfc6p2dg9u9ohc3hw9/gradle-3.3/lib/gradle-native-3.3.jar
7f378c014000-7f378c016000 r--s 00005000 08:01 34341854                   /root/.gradle/wrapper/dists/gradle-3.3-all/55gk2rcmfc6p2dg9u9ohc3hw9/gradle-3.3/lib/gradle-cli-3.3.jar
7f378c016000-7f378c018000 r--s 00007000 08:01 34341865                   /root/.gradle/wrapper/dists/gradle-3.3-all/55gk2rcmfc6p2dg9u9ohc3hw9/gradle-3.3/lib/gradle-model-groovy-3.3.jar
7f378c018000-7f378c01a000 r--s 00006000 08:01 34341872                   /root/.gradle/wrapper/dists/gradle-3.3-all/55gk2rcmfc6p2dg9u9ohc3hw9/gradle-3.3/lib/gradle-base-services-groovy-3.3.jar
7f378c01a000-7f378c01d000 ---p 00000000 00:00 0 
7f378c01d000-7f378c11b000 rw-p 00000000 00:00 0 
7f378c11b000-7f378c11e000 ---p 00000000 00:00 0 
7f378c11e000-7f378c21c000 rw-p 00000000 00:00 0 
7f378c21c000-7f378c21f000 ---p 00000000 00:00 0 
7f378c21f000-7f378c31d000 rw-p 00000000 00:00 0 
7f378c31d000-7f378c320000 ---p 00000000 00:00 0 
7f378c320000-7f378c41e000 rw-p 00000000 00:00 0 
7f378c41e000-7f378c6f7000 r--p 00000000 08:01 11010311                   /usr/lib/locale/locale-archive
7f378c6f7000-7f378c6fa000 ---p 00000000 00:00 0 
7f378c6fa000-7f378c7f8000 rw-p 00000000 00:00 0 
7f378c7f8000-7f378c7fb000 ---p 00000000 00:00 0 
7f378c7fb000-7f378c8f9000 rw-p 00000000 00:00 0 
7f378c8f9000-7f378c8fa000 ---p 00000000 00:00 0 
7f378c8fa000-7f378d000000 rw-p 00000000 00:00 0 
7f378d000000-7f378da20000 rwxp 00000000 00:00 0 
7f378da20000-7f379c000000 ---p 00000000 00:00 0 
7f379c000000-7f379cd84000 rw-p 00000000 00:00 0 
7f379cd84000-7f37a0000000 ---p 00000000 00:00 0 
7f37a0000000-7f37a0001000 r--s 00004000 08:01 34341886                   /root/.gradle/wrapper/dists/gradle-3.3-all/55gk2rcmfc6p2dg9u9ohc3hw9/gradle-3.3/lib/native-platform-freebsd-amd64-libcpp-0.12.jar
7f37a0001000-7f37a0010000 r--s 0007f000 08:01 34341864                   /root/.gradle/wrapper/dists/gradle-3.3-all/55gk2rcmfc6p2dg9u9ohc3hw9/gradle-3.3/lib/gradle-model-core-3.3.jar
7f37a0010000-7f37a0011000 r--s 00002000 08:01 34341875                   /root/.gradle/wrapper/dists/gradle-3.3-all/55gk2rcmfc6p2dg9u9ohc3hw9/gradle-3.3/lib/gradle-docs-3.3.jar
7f37a0011000-7f37a001e000 r--s 00083000 08:01 34341868                   /root/.gradle/wrapper/dists/gradle-3.3-all/55gk2rcmfc6p2dg9u9ohc3hw9/gradle-3.3/lib/commons-collections-3.2.2.jar
7f37a001e000-7f37a003d000 r--s 001d1000 08:01 34341867                   /root/.gradle/wrapper/dists/gradle-3.3-all/55gk2rcmfc6p2dg9u9ohc3hw9/gradle-3.3/lib/ant-1.9.6.jar
7f37a003d000-7f37a007a000 r--s 001f8000 08:01 34341853                   /root/.gradle/wrapper/dists/gradle-3.3-all/55gk2rcmfc6p2dg9u9ohc3hw9/gradle-3.3/lib/gradle-core-3.3.jar
7f37a007a000-7f37a0a56000 rw-p 00000000 00:00 0 
7f37a0a56000-7f37a0c2f000 r--s 03d3e000 08:01 11144026                   /usr/local/java/jdk1.8.0_121/jre/lib/rt.jar
7f37a0c2f000-7f37a17a5000 rw-p 00000000 00:00 0 
7f37a17a5000-7f37a17a6000 ---p 00000000 00:00 0 
7f37a17a6000-7f37a18a6000 rw-p 00000000 00:00 0 
7f37a18a6000-7f37a18a7000 ---p 00000000 00:00 0 
7f37a18a7000-7f37a19a7000 rw-p 00000000 00:00 0 
7f37a19a7000-7f37a19a8000 ---p 00000000 00:00 0 
7f37a19a8000-7f37a1aa8000 rw-p 00000000 00:00 0 
7f37a1aa8000-7f37a1aa9000 ---p 00000000 00:00 0 
7f37a1aa9000-7f37a1bcd000 rw-p 00000000 00:00 0 
7f37a1bcd000-7f37a1da9000 ---p 00000000 00:00 0 
7f37a1da9000-7f37a1dcd000 rw-p 00000000 00:00 0 
7f37a1dcd000-7f37a1fa9000 ---p 00000000 00:00 0 
7f37a1fa9000-7f37a1fea000 rw-p 00000000 00:00 0 
7f37a1fea000-7f37a20a9000 ---p 00000000 00:00 0 
7f37a20a9000-7f37a20d3000 rw-p 00000000 00:00 0 
7f37a20d3000-7f37a246a000 ---p 00000000 00:00 0 
7f37a246a000-7f37a2484000 r-xp 00000000 08:01 11144057                   /usr/local/java/jdk1.8.0_121/jre/lib/amd64/libzip.so
7f37a2484000-7f37a2684000 ---p 0001a000 08:01 11144057                   /usr/local/java/jdk1.8.0_121/jre/lib/amd64/libzip.so
7f37a2684000-7f37a2685000 rw-p 0001a000 08:01 11144057                   /usr/local/java/jdk1.8.0_121/jre/lib/amd64/libzip.so
7f37a2685000-7f37a2690000 r-xp 00000000 08:01 4981359                    /lib/x86_64-linux-gnu/libnss_files-2.23.so
7f37a2690000-7f37a288f000 ---p 0000b000 08:01 4981359                    /lib/x86_64-linux-gnu/libnss_files-2.23.so
7f37a288f000-7f37a2890000 r--p 0000a000 08:01 4981359                    /lib/x86_64-linux-gnu/libnss_files-2.23.so
7f37a2890000-7f37a2891000 rw-p 0000b000 08:01 4981359                    /lib/x86_64-linux-gnu/libnss_files-2.23.so
7f37a2891000-7f37a2897000 rw-p 00000000 00:00 0 
7f37a2897000-7f37a28a2000 r-xp 00000000 08:01 4981330                    /lib/x86_64-linux-gnu/libnss_nis-2.23.so
7f37a28a2000-7f37a2aa1000 ---p 0000b000 08:01 4981330                    /lib/x86_64-linux-gnu/libnss_nis-2.23.so
7f37a2aa1000-7f37a2aa2000 r--p 0000a000 08:01 4981330                    /lib/x86_64-linux-gnu/libnss_nis-2.23.so
7f37a2aa2000-7f37a2aa3000 rw-p 0000b000 08:01 4981330                    /lib/x86_64-linux-gnu/libnss_nis-2.23.so
7f37a2aa3000-7f37a2ab9000 r-xp 00000000 08:01 4981342                    /lib/x86_64-linux-gnu/libnsl-2.23.so
7f37a2ab9000-7f37a2cb8000 ---p 00016000 08:01 4981342                    /lib/x86_64-linux-gnu/libnsl-2.23.so
7f37a2cb8000-7f37a2cb9000 r--p 00015000 08:01 4981342                    /lib/x86_64-linux-gnu/libnsl-2.23.so
7f37a2cb9000-7f37a2cba000 rw-p 00016000 08:01 4981342                    /lib/x86_64-linux-gnu/libnsl-2.23.so
7f37a2cba000-7f37a2cbc000 rw-p 00000000 00:00 0 
7f37a2cbc000-7f37a2cc4000 r-xp 00000000 08:01 4981362                    /lib/x86_64-linux-gnu/libnss_compat-2.23.so
7f37a2cc4000-7f37a2ec3000 ---p 00008000 08:01 4981362                    /lib/x86_64-linux-gnu/libnss_compat-2.23.so
7f37a2ec3000-7f37a2ec4000 r--p 00007000 08:01 4981362                    /lib/x86_64-linux-gnu/libnss_compat-2.23.so
7f37a2ec4000-7f37a2ec5000 rw-p 00008000 08:01 4981362                    /lib/x86_64-linux-gnu/libnss_compat-2.23.so
7f37a2ec5000-7f37a2ef0000 r-xp 00000000 08:01 11144613                   /usr/local/java/jdk1.8.0_121/jre/lib/amd64/libjava.so
7f37a2ef0000-7f37a30ef000 ---p 0002b000 08:01 11144613                   /usr/local/java/jdk1.8.0_121/jre/lib/amd64/libjava.so
7f37a30ef000-7f37a30f1000 rw-p 0002a000 08:01 11144613                   /usr/local/java/jdk1.8.0_121/jre/lib/amd64/libjava.so
7f37a30f1000-7f37a30fe000 r-xp 00000000 08:01 11144035                   /usr/local/java/jdk1.8.0_121/jre/lib/amd64/libverify.so
7f37a30fe000-7f37a32fd000 ---p 0000d000 08:01 11144035                   /usr/local/java/jdk1.8.0_121/jre/lib/amd64/libverify.so
7f37a32fd000-7f37a32ff000 rw-p 0000c000 08:01 11144035                   /usr/local/java/jdk1.8.0_121/jre/lib/amd64/libverify.so
7f37a32ff000-7f37a3306000 r-xp 00000000 08:01 4981363                    /lib/x86_64-linux-gnu/librt-2.23.so
7f37a3306000-7f37a3505000 ---p 00007000 08:01 4981363                    /lib/x86_64-linux-gnu/librt-2.23.so
7f37a3505000-7f37a3506000 r--p 00006000 08:01 4981363                    /lib/x86_64-linux-gnu/librt-2.23.so
7f37a3506000-7f37a3507000 rw-p 00007000 08:01 4981363                    /lib/x86_64-linux-gnu/librt-2.23.so
7f37a3507000-7f37a360f000 r-xp 00000000 08:01 4981336                    /lib/x86_64-linux-gnu/libm-2.23.so
7f37a360f000-7f37a380e000 ---p 00108000 08:01 4981336                    /lib/x86_64-linux-gnu/libm-2.23.so
7f37a380e000-7f37a380f000 r--p 00107000 08:01 4981336                    /lib/x86_64-linux-gnu/libm-2.23.so
7f37a380f000-7f37a3810000 rw-p 00108000 08:01 4981336                    /lib/x86_64-linux-gnu/libm-2.23.so
7f37a3810000-7f37a44de000 r-xp 00000000 08:01 11144883                   /usr/local/java/jdk1.8.0_121/jre/lib/amd64/server/libjvm.so
7f37a44de000-7f37a46de000 ---p 00cce000 08:01 11144883                   /usr/local/java/jdk1.8.0_121/jre/lib/amd64/server/libjvm.so
7f37a46de000-7f37a47b7000 rw-p 00cce000 08:01 11144883                   /usr/local/java/jdk1.8.0_121/jre/lib/amd64/server/libjvm.so
7f37a47b7000-7f37a4802000 rw-p 00000000 00:00 0 
7f37a4802000-7f37a49c1000 r-xp 00000000 08:01 4981344                    /lib/x86_64-linux-gnu/libc-2.23.so
7f37a49c1000-7f37a4bc1000 ---p 001bf000 08:01 4981344                    /lib/x86_64-linux-gnu/libc-2.23.so
7f37a4bc1000-7f37a4bc5000 r--p 001bf000 08:01 4981344                    /lib/x86_64-linux-gnu/libc-2.23.so
7f37a4bc5000-7f37a4bc7000 rw-p 001c3000 08:01 4981344                    /lib/x86_64-linux-gnu/libc-2.23.so
7f37a4bc7000-7f37a4bcb000 rw-p 00000000 00:00 0 
7f37a4bcb000-7f37a4bce000 r-xp 00000000 08:01 4981328                    /lib/x86_64-linux-gnu/libdl-2.23.so
7f37a4bce000-7f37a4dcd000 ---p 00003000 08:01 4981328                    /lib/x86_64-linux-gnu/libdl-2.23.so
7f37a4dcd000-7f37a4dce000 r--p 00002000 08:01 4981328                    /lib/x86_64-linux-gnu/libdl-2.23.so
7f37a4dce000-7f37a4dcf000 rw-p 00003000 08:01 4981328                    /lib/x86_64-linux-gnu/libdl-2.23.so
7f37a4dcf000-7f37a4de4000 r-xp 00000000 08:01 11020813                   /usr/local/java/jdk1.8.0_121/lib/amd64/jli/libjli.so
7f37a4de4000-7f37a4fe4000 ---p 00015000 08:01 11020813                   /usr/local/java/jdk1.8.0_121/lib/amd64/jli/libjli.so
7f37a4fe4000-7f37a4fe5000 rw-p 00015000 08:01 11020813                   /usr/local/java/jdk1.8.0_121/lib/amd64/jli/libjli.so
7f37a4fe5000-7f37a4ffd000 r-xp 00000000 08:01 4981369                    /lib/x86_64-linux-gnu/libpthread-2.23.so
7f37a4ffd000-7f37a51fc000 ---p 00018000 08:01 4981369                    /lib/x86_64-linux-gnu/libpthread-2.23.so
7f37a51fc000-7f37a51fd000 r--p 00017000 08:01 4981369                    /lib/x86_64-linux-gnu/libpthread-2.23.so
7f37a51fd000-7f37a51fe000 rw-p 00018000 08:01 4981369                    /lib/x86_64-linux-gnu/libpthread-2.23.so
7f37a51fe000-7f37a5202000 rw-p 00000000 00:00 0 
7f37a5202000-7f37a5228000 r-xp 00000000 08:01 4981346                    /lib/x86_64-linux-gnu/ld-2.23.so
7f37a5228000-7f37a5229000 r--s 00000000 08:01 34341871                   /root/.gradle/wrapper/dists/gradle-3.3-all/55gk2rcmfc6p2dg9u9ohc3hw9/gradle-3.3/lib/javax.inject-1.jar
7f37a5229000-7f37a522a000 r--s 00000000 08:01 34341870                   /root/.gradle/wrapper/dists/gradle-3.3-all/55gk2rcmfc6p2dg9u9ohc3hw9/gradle-3.3/lib/jcip-annotations-1.0.jar
7f37a522a000-7f37a522e000 r--s 00027000 08:01 34341869                   /root/.gradle/wrapper/dists/gradle-3.3-all/55gk2rcmfc6p2dg9u9ohc3hw9/gradle-3.3/lib/commons-io-2.2.jar
7f37a522e000-7f37a5233000 r--s 00038000 08:01 34341866                   /root/.gradle/wrapper/dists/gradle-3.3-all/55gk2rcmfc6p2dg9u9ohc3hw9/gradle-3.3/lib/asm-all-5.1.jar
7f37a5233000-7f37a5234000 r--s 00001000 08:01 34341862                   /root/.gradle/wrapper/dists/gradle-3.3-all/55gk2rcmfc6p2dg9u9ohc3hw9/gradle-3.3/lib/gradle-process-services-3.3.jar
7f37a5234000-7f37a5239000 r--s 00041000 08:01 34341861                   /root/.gradle/wrapper/dists/gradle-3.3-all/55gk2rcmfc6p2dg9u9ohc3hw9/gradle-3.3/lib/commons-lang-2.6.jar
7f37a5239000-7f37a5242000 r--s 00042000 08:01 34341851                   /root/.gradle/wrapper/dists/gradle-3.3-all/55gk2rcmfc6p2dg9u9ohc3hw9/gradle-3.3/lib/gradle-base-services-3.3.jar
7f37a5242000-7f37a5304000 rw-p 00000000 00:00 0 
7f37a5304000-7f37a5307000 ---p 00000000 00:00 0 
7f37a5307000-7f37a5409000 rw-p 00000000 00:00 0 
7f37a5409000-7f37a540b000 r--s 00000000 08:01 34341852                   /root/.gradle/wrapper/dists/gradle-3.3-all/55gk2rcmfc6p2dg9u9ohc3hw9/gradle-3.3/lib/gradle-jvm-services-3.3.jar
7f37a540b000-7f37a540c000 r--s 00000000 08:01 34342017                   /root/.gradle/wrapper/dists/gradle-3.3-all/55gk2rcmfc6p2dg9u9ohc3hw9/gradle-3.3/lib/gradle-version-info-3.3.jar
7f37a540c000-7f37a540d000 r--s 00007000 08:01 34341859                   /root/.gradle/wrapper/dists/gradle-3.3-all/55gk2rcmfc6p2dg9u9ohc3hw9/gradle-3.3/lib/slf4j-api-1.7.10.jar
7f37a540d000-7f37a540e000 r--s 00004000 08:01 34341884                   /root/.gradle/wrapper/dists/gradle-3.3-all/55gk2rcmfc6p2dg9u9ohc3hw9/gradle-3.3/lib/ant-launcher-1.9.6.jar
7f37a540e000-7f37a541b000 r--s 0005c000 08:01 34341848                   /root/.gradle/wrapper/dists/gradle-3.3-all/55gk2rcmfc6p2dg9u9ohc3hw9/gradle-3.3/lib/gradle-launcher-3.3.jar
7f37a541b000-7f37a5423000 rw-s 00000000 08:01 2630589                    /tmp/hsperfdata_root/4100
7f37a5423000-7f37a5424000 rw-p 00000000 00:00 0 
7f37a5424000-7f37a5425000 r--p 00000000 00:00 0 
7f37a5425000-7f37a5427000 rw-p 00000000 00:00 0 
7f37a5427000-7f37a5428000 r--p 00025000 08:01 4981346                    /lib/x86_64-linux-gnu/ld-2.23.so
7f37a5428000-7f37a5429000 rw-p 00026000 08:01 4981346                    /lib/x86_64-linux-gnu/ld-2.23.so
7f37a5429000-7f37a542a000 rw-p 00000000 00:00 0 
7ffdcc36b000-7ffdcc38c000 rw-p 00000000 00:00 0                          [stack]
7ffdcc3a4000-7ffdcc3a6000 r--p 00000000 00:00 0                          [vvar]
7ffdcc3a6000-7ffdcc3a8000 r-xp 00000000 00:00 0                          [vdso]
ffffffffff600000-ffffffffff601000 r-xp 00000000 00:00 0                  [vsyscall]

VM Arguments:
jvm_args: -Xmx1536m -Dfile.encoding=UTF-8 -Duser.country=US -Duser.language=en -Duser.variant 
java_command: org.gradle.launcher.daemon.bootstrap.GradleDaemon 3.3
java_class_path (initial): /root/.gradle/wrapper/dists/gradle-3.3-all/55gk2rcmfc6p2dg9u9ohc3hw9/gradle-3.3/lib/gradle-launcher-3.3.jar
Launcher Type: SUN_STANDARD

Environment Variables:
JAVA_HOME=/usr/local/java/jdk1.8.0_121/
PATH=/usr/local/sbin:/usr/local/bin:/usr/sbin:/usr/bin:/sbin:/bin:/snap/bin
USERNAME=root
LD_LIBRARY_PATH=/opt/android-studio/bin:
SHELL=/bin/bash
DISPLAY=:0

Signal Handlers:
SIGSEGV: [libjvm.so+0xac78c0], sa_mask[0]=11111111011111111101111111111110, sa_flags=SA_RESTART|SA_SIGINFO
SIGBUS: [libjvm.so+0xac78c0], sa_mask[0]=11111111011111111101111111111110, sa_flags=SA_RESTART|SA_SIGINFO
SIGFPE: [libjvm.so+0x920ac0], sa_mask[0]=11111111011111111101111111111110, sa_flags=SA_RESTART|SA_SIGINFO
SIGPIPE: [libjvm.so+0x920ac0], sa_mask[0]=11111111011111111101111111111110, sa_flags=SA_RESTART|SA_SIGINFO
SIGXFSZ: [libjvm.so+0x920ac0], sa_mask[0]=11111111011111111101111111111110, sa_flags=SA_RESTART|SA_SIGINFO
SIGILL: [libjvm.so+0x920ac0], sa_mask[0]=11111111011111111101111111111110, sa_flags=SA_RESTART|SA_SIGINFO
SIGUSR1: SIG_DFL, sa_mask[0]=00000000000000000000000000000000, sa_flags=none
SIGUSR2: [libjvm.so+0x922300], sa_mask[0]=00100000000000000000000000000000, sa_flags=SA_RESTART|SA_SIGINFO
SIGHUP: [libjvm.so+0x923700], sa_mask[0]=11111111011111111101111111111110, sa_flags=SA_RESTART|SA_SIGINFO
SIGINT: [libjvm.so+0x923700], sa_mask[0]=11111111011111111101111111111110, sa_flags=SA_RESTART|SA_SIGINFO
SIGTERM: [libjvm.so+0x923700], sa_mask[0]=11111111011111111101111111111110, sa_flags=SA_RESTART|SA_SIGINFO
SIGQUIT: [libjvm.so+0x923700], sa_mask[0]=11111111011111111101111111111110, sa_flags=SA_RESTART|SA_SIGINFO


---------------  S Y S T E M  ---------------

OS:DISTRIB_ID=Ubuntu
DISTRIB_RELEASE=16.04
DISTRIB_CODENAME=xenial
DISTRIB_DESCRIPTION="Ubuntu 16.04.2 LTS"

uname:Linux 4.4.0-72-generic #93-Ubuntu SMP Fri Mar 31 14:07:41 UTC 2017 x86_64
libc:glibc 2.23 NPTL 2.23 
rlimit: STACK 8192k, CORE 0k, NPROC 31513, NOFILE 65536, AS infinity
load average:2.09 2.64 1.62

/proc/meminfo:
MemTotal:        8107696 kB
MemFree:         3548556 kB
MemAvailable:    4946080 kB
Buffers:          192864 kB
Cached:          1595904 kB
SwapCached:            0 kB
Active:          3359060 kB
Inactive:         827496 kB
Active(anon):    2411080 kB
Inactive(anon):   280164 kB
Active(file):     947980 kB
Inactive(file):   547332 kB
Unevictable:          32 kB
Mlocked:              32 kB
SwapTotal:       8319996 kB
SwapFree:        8319996 kB
Dirty:             44732 kB
Writeback:             0 kB
AnonPages:       2397844 kB
Mapped:           354184 kB
Shmem:            293456 kB
Slab:             248528 kB
SReclaimable:     210196 kB
SUnreclaim:        38332 kB
KernelStack:        9936 kB
PageTables:        40588 kB
NFS_Unstable:          0 kB
Bounce:                0 kB
WritebackTmp:          0 kB
CommitLimit:    12373844 kB
Committed_AS:    6721724 kB
VmallocTotal:   34359738367 kB
VmallocUsed:           0 kB
VmallocChunk:          0 kB
HardwareCorrupted:     0 kB
AnonHugePages:   1009664 kB
CmaTotal:              0 kB
CmaFree:               0 kB
HugePages_Total:       0
HugePages_Free:        0
HugePages_Rsvd:        0
HugePages_Surp:        0
Hugepagesize:       2048 kB
DirectMap4k:      133824 kB
DirectMap2M:     2945024 kB
DirectMap1G:     6291456 kB


CPU:total 4 (2 cores per cpu, 2 threads per core) family 6 model 69 stepping 1, cmov, cx8, fxsr, mmx, sse, sse2, sse3, ssse3, sse4.1, sse4.2, popcnt, avx, avx2, aes, clmul, erms, lzcnt, ht, tsc, tscinvbit, bmi1, bmi2

/proc/cpuinfo:
processor	: 0
vendor_id	: GenuineIntel
cpu family	: 6
model		: 69
model name	: Intel(R) Core(TM) i5-4200U CPU @ 1.60GHz
stepping	: 1
microcode	: 0x16
cpu MHz		: 2299.910
cache size	: 3072 KB
physical id	: 0
siblings	: 4
core id		: 0
cpu cores	: 2
apicid		: 0
initial apicid	: 0
fpu		: yes
fpu_exception	: yes
cpuid level	: 13
wp		: yes
flags		: fpu vme de pse tsc msr pae mce cx8 apic sep mtrr pge mca cmov pat pse36 clflush dts acpi mmx fxsr sse sse2 ss ht tm pbe syscall nx pdpe1gb rdtscp lm constant_tsc arch_perfmon pebs bts rep_good nopl xtopology nonstop_tsc aperfmperf eagerfpu pni pclmulqdq dtes64 monitor ds_cpl vmx est tm2 ssse3 sdbg fma cx16 xtpr pdcm pcid sse4_1 sse4_2 movbe popcnt tsc_deadline_timer aes xsave avx f16c rdrand lahf_lm abm epb tpr_shadow vnmi flexpriority ept vpid fsgsbase tsc_adjust bmi1 avx2 smep bmi2 erms invpcid xsaveopt dtherm ida arat pln pts
bugs		:
bogomips	: 4589.67
clflush size	: 64
cache_alignment	: 64
address sizes	: 39 bits physical, 48 bits virtual
power management:

processor	: 1
vendor_id	: GenuineIntel
cpu family	: 6
model		: 69
model name	: Intel(R) Core(TM) i5-4200U CPU @ 1.60GHz
stepping	: 1
microcode	: 0x16
cpu MHz		: 2299.910
cache size	: 3072 KB
physical id	: 0
siblings	: 4
core id		: 0
cpu cores	: 2
apicid		: 1
initial apicid	: 1
fpu		: yes
fpu_exception	: yes
cpuid level	: 13
wp		: yes
flags		: fpu vme de pse tsc msr pae mce cx8 apic sep mtrr pge mca cmov pat pse36 clflush dts acpi mmx fxsr sse sse2 ss ht tm pbe syscall nx pdpe1gb rdtscp lm constant_tsc arch_perfmon pebs bts rep_good nopl xtopology nonstop_tsc aperfmperf eagerfpu pni pclmulqdq dtes64 monitor ds_cpl vmx est tm2 ssse3 sdbg fma cx16 xtpr pdcm pcid sse4_1 sse4_2 movbe popcnt tsc_deadline_timer aes xsave avx f16c rdrand lahf_lm abm epb tpr_shadow vnmi flexpriority ept vpid fsgsbase tsc_adjust bmi1 avx2 smep bmi2 erms invpcid xsaveopt dtherm ida arat pln pts
bugs		:
bogomips	: 4589.67
clflush size	: 64
cache_alignment	: 64
address sizes	: 39 bits physical, 48 bits virtual
power management:

processor	: 2
vendor_id	: GenuineIntel
cpu family	: 6
model		: 69
model name	: Intel(R) Core(TM) i5-4200U CPU @ 1.60GHz
stepping	: 1
microcode	: 0x16
cpu MHz		: 2300.000
cache size	: 3072 KB
physical id	: 0
siblings	: 4
core id		: 1
cpu cores	: 2
apicid		: 2
initial apicid	: 2
fpu		: yes
fpu_exception	: yes
cpuid level	: 13
wp		: yes
flags		: fpu vme de pse tsc msr pae mce cx8 apic sep mtrr pge mca cmov pat pse36 clflush dts acpi mmx fxsr sse sse2 ss ht tm pbe syscall nx pdpe1gb rdtscp lm constant_tsc arch_perfmon pebs bts rep_good nopl xtopology nonstop_tsc aperfmperf eagerfpu pni pclmulqdq dtes64 monitor ds_cpl vmx est tm2 ssse3 sdbg fma cx16 xtpr pdcm pcid sse4_1 sse4_2 movbe popcnt tsc_deadline_timer aes xsave avx f16c rdrand lahf_lm abm epb tpr_shadow vnmi flexpriority ept vpid fsgsbase tsc_adjust bmi1 avx2 smep bmi2 erms invpcid xsaveopt dtherm ida arat pln pts
bugs		:
bogomips	: 4589.67
clflush size	: 64
cache_alignment	: 64
address sizes	: 39 bits physical, 48 bits virtual
power management:

processor	: 3
vendor_id	: GenuineIntel
cpu family	: 6
model		: 69
model name	: Intel(R) Core(TM) i5-4200U CPU @ 1.60GHz
stepping	: 1
microcode	: 0x16
cpu MHz		: 2299.910
cache size	: 3072 KB
physical id	: 0
siblings	: 4
core id		: 1
cpu cores	: 2
apicid		: 3
initial apicid	: 3
fpu		: yes
fpu_exception	: yes
cpuid level	: 13
wp		: yes
flags		: fpu vme de pse tsc msr pae mce cx8 apic sep mtrr pge mca cmov pat pse36 clflush dts acpi mmx fxsr sse sse2 ss ht tm pbe syscall nx pdpe1gb rdtscp lm constant_tsc arch_perfmon pebs bts rep_good nopl xtopology nonstop_tsc aperfmperf eagerfpu pni pclmulqdq dtes64 monitor ds_cpl vmx est tm2 ssse3 sdbg fma cx16 xtpr pdcm pcid sse4_1 sse4_2 movbe popcnt tsc_deadline_timer aes xsave avx f16c rdrand lahf_lm abm epb tpr_shadow vnmi flexpriority ept vpid fsgsbase tsc_adjust bmi1 avx2 smep bmi2 erms invpcid xsaveopt dtherm ida arat pln pts
bugs		:
bogomips	: 4589.67
clflush size	: 64
cache_alignment	: 64
address sizes	: 39 bits physical, 48 bits virtual
power management:



Memory: 4k page, physical 8107696k(3548556k free), swap 8319996k(8319996k free)

vm_info: Java HotSpot(TM) 64-Bit Server VM (25.121-b13) for linux-amd64 JRE (1.8.0_121-b13), built on Dec 12 2016 16:36:53 by "java_re" with gcc 4.3.0 20080428 (Red Hat 4.3.0-8)

time: Mon Apr 10 06:56:47 2017
elapsed time: 4 seconds (0d 0h 0m 4s)

