#
# A fatal error has been detected by the Java Runtime Environment:
#
#  SIGSEGV (0xb) at pc=0x00007f3adcb1516b, pid=3496, tid=0x00007f3ac2119700
#
# JRE version: Java(TM) SE Runtime Environment (8.0_121-b13) (build 1.8.0_121-b13)
# Java VM: Java HotSpot(TM) 64-Bit Server VM (25.121-b13 mixed mode linux-amd64 compressed oops)
# Problematic frame:
# V  [libjvm.so+0x37616b]  SubstitutionResolver::visit(Instruction**)+0x1b
#
# Failed to write core dump. Core dumps have been disabled. To enable core dumping, try "ulimit -c unlimited" before starting Java again
#
# If you would like to submit a bug report, please visit:
#   http://bugreport.java.com/bugreport/crash.jsp
#

---------------  T H R E A D  ---------------

Current thread (0x00007f3ad80be000):  JavaThread "C1 CompilerThread2" daemon [_thread_in_native, id=3510, stack(0x00007f3ac2019000,0x00007f3ac211a000)]

siginfo: si_signo: 11 (SIGSEGV), si_code: 1 (SEGV_MAPERR), si_addr: 0x0000000000000033

Registers:
RAX=0x000000000000000b, RBX=0x00007f3a99a7df40, RCX=0x000000000000000b, RDX=0x00007f3a99a7df40
RSP=0x00007f3ac2117bc0, RBP=0x00007f3ac2117bc0, RSI=0x00007f3a980868f8, RDI=0x00007f3ac2118320
R8 =0x00007f3a9c545ad0, R9 =0x00007f3a90da9c00, R10=0x0000000000000008, R11=0x00007f3adcb15140
R12=0x0000000000000005, R13=0x00007f3ac2118328, R14=0x000000000000000b, R15=0x00007f3a980868d0
RIP=0x00007f3adcb1516b, EFLAGS=0x0000000000010202, CSGSFS=0x0000000000000033, ERR=0x0000000000000004
  TRAPNO=0x000000000000000e

Top of Stack: (sp=0x00007f3ac2117bc0)
0x00007f3ac2117bc0:   00007f3ac2117c00 00007f3adcb8f442
0x00007f3ac2117bd0:   00007f3a98086870 00007f3a98086ac0
0x00007f3ac2117be0:   00007f3ac2118328 00007f3a98085c60
0x00007f3ac2117bf0:   00007f3ac2118200 00007f3ac2118320
0x00007f3ac2117c00:   00007f3ac2117c20 00007f3adcb1b644
0x00007f3ac2117c10:   00007f3a98086ac0 00007f3ac2118328
0x00007f3ac2117c20:   00007f3ac2117c50 00007f3adcb151de
0x00007f3ac2117c30:   fffffffffffffff8 00007f3a9984f780
0x00007f3ac2117c40:   00007f3a9984ec00 fffffffffffffff8
0x00007f3ac2117c50:   00007f3ac2117d70 00007f3adcb1d9f6
0x00007f3ac2117c60:   fffffffffffffff8 00007f3a9c72c1e0
0x00007f3ac2117c70:   00007f3ac2117d00 fffffffffffffff8
0x00007f3ac2117c80:   fffffffffffffff8 fffffffffffffff8
0x00007f3ac2117c90:   00007f3a9808b710 fffffffffffffff8
0x00007f3ac2117ca0:   00007f3a9984bbb0 00007f3a9984ccb0
0x00007f3ac2117cb0:   00007f3a9c589320 00007f3a9984c130
0x00007f3ac2117cc0:   fffffffffffffff8 fffffffffffffff8
0x00007f3ac2117cd0:   00007f3ac2117d10 00007f3a9984f1c0
0x00007f3ac2117ce0:   00007f3a9984e680 00007f3a9c72b420
0x00007f3ac2117cf0:   00007f3a9984f780 00007f3a9984b340
0x00007f3ac2117d00:   00007f3a903ad640 0000000000000000
0x00007f3ac2117d10:   0000000000000000 0000000000000008
0x00007f3ac2117d20:   00007f3ac2118328 0000000000000000
0x00007f3ac2117d30:   00007f3ac2118200 00007f3ac2118320
0x00007f3ac2117d40:   00007f3ac2117d70 0000000000000000
0x00007f3ac2117d50:   fffffffffffffff8 fffffffffffffff8
0x00007f3ac2117d60:   00007f3ac2118200 00007f3ac2118320
0x00007f3ac2117d70:   00007f3ac2117e90 00007f3adcb1daaf
0x00007f3ac2117d80:   fffffffffffffff8 00007f3a9c72c1e0
0x00007f3ac2117d90:   00007f3ac2118210 fffffffffffffff8
0x00007f3ac2117da0:   00007f3ac2117dd0 fffffffffffffff8
0x00007f3ac2117db0:   fffffffffffffff8 fffffffffffffff8 

Instructions: (pc=0x00007f3adcb1516b)
0x00007f3adcb1514b:   00 00 00 00 00 48 8b 16 55 48 89 e5 48 85 d2 74
0x00007f3adcb1515b:   33 48 89 d1 eb 0a 0f 1f 80 00 00 00 00 48 89 c1
0x00007f3adcb1516b:   48 8b 41 28 48 85 c0 75 f4 48 39 ca 74 16 0f 1f
0x00007f3adcb1517b:   80 00 00 00 00 48 89 d0 48 8b 52 28 48 85 d2 75 

Register to memory mapping:

RAX=0x000000000000000b is an unknown value
RBX=0x00007f3a99a7df40 is an unknown value
RCX=0x000000000000000b is an unknown value
RDX=0x00007f3a99a7df40 is an unknown value
RSP=0x00007f3ac2117bc0 is pointing into the stack for thread: 0x00007f3ad80be000
RBP=0x00007f3ac2117bc0 is pointing into the stack for thread: 0x00007f3ad80be000
RSI=0x00007f3a980868f8 is an unknown value
RDI=0x00007f3ac2118320 is pointing into the stack for thread: 0x00007f3ad80be000
R8 =0x00007f3a9c545ad0 is an unknown value
R9 =0x00007f3a90da9c00 is an unknown value
R10=0x0000000000000008 is an unknown value
R11=0x00007f3adcb15140: <offset 0x376140> in /usr/local/java/jdk1.8.0_121/jre/lib/amd64/server/libjvm.so at 0x00007f3adc79f000
R12=0x0000000000000005 is an unknown value
R13=0x00007f3ac2118328 is pointing into the stack for thread: 0x00007f3ad80be000
R14=0x000000000000000b is an unknown value
R15=0x00007f3a980868d0 is an unknown value


Stack: [0x00007f3ac2019000,0x00007f3ac211a000],  sp=0x00007f3ac2117bc0,  free space=1018k
Native frames: (J=compiled Java code, j=interpreted, Vv=VM code, C=native code)
V  [libjvm.so+0x37616b]  SubstitutionResolver::visit(Instruction**)+0x1b
V  [libjvm.so+0x3f0442]  ValueStack::values_do(ValueVisitor*)+0x62
V  [libjvm.so+0x37c644]  Instruction::state_values_do(ValueVisitor*)+0x24
V  [libjvm.so+0x3761de]  SubstitutionResolver::block_do(BlockBegin*)+0x3e
V  [libjvm.so+0x37e9f6]  BlockBegin::iterate_preorder(boolArray&, BlockClosure*)+0x856
V  [libjvm.so+0x37eaaf]  BlockBegin::iterate_preorder(boolArray&, BlockClosure*)+0x90f
V  [libjvm.so+0x37eaaf]  BlockBegin::iterate_preorder(boolArray&, BlockClosure*)+0x90f
V  [libjvm.so+0x37eaaf]  BlockBegin::iterate_preorder(boolArray&, BlockClosure*)+0x90f
V  [libjvm.so+0x37eaaf]  BlockBegin::iterate_preorder(boolArray&, BlockClosure*)+0x90f
V  [libjvm.so+0x37eb37]  BlockBegin::iterate_preorder(BlockClosure*)+0x77
V  [libjvm.so+0x3eed39]  GlobalValueNumbering::GlobalValueNumbering(IR*)+0x869
V  [libjvm.so+0x359797]  Compilation::build_hir()+0x227
V  [libjvm.so+0x359a0e]  Compilation::compile_java_method()+0x6e
V  [libjvm.so+0x359b3e]  Compilation::compile_method()+0x4e
V  [libjvm.so+0x359eae]  Compilation::Compilation(AbstractCompiler*, ciEnv*, ciMethod*, int, BufferBlob*)+0x25e
V  [libjvm.so+0x35ac59]  Compiler::compile_method(ciEnv*, ciMethod*, int)+0xa9
V  [libjvm.so+0x4afeaa]  CompileBroker::invoke_compiler_on_method(CompileTask*)+0xc9a
V  [libjvm.so+0x4b0e56]  CompileBroker::compiler_thread_loop()+0x5d6
V  [libjvm.so+0xa75543]  JavaThread::thread_main_inner()+0x103
V  [libjvm.so+0xa7568c]  JavaThread::run()+0x11c
V  [libjvm.so+0x926268]  java_start(Thread*)+0x108
C  [libpthread.so.0+0x76ba]  start_thread+0xca


Current CompileTask:
C1: 103262 12672       2       java.net.URI::decode (370 bytes)


---------------  P R O C E S S  ---------------

Java Threads: ( => current thread )
  0x00007f3a4c065000 JavaThread "pool-12-thread-2" [_thread_blocked, id=3685, stack(0x00007f3a61841000,0x00007f3a61942000)]
  0x00007f3a6cdd1800 JavaThread "pool-3-thread-2" [_thread_blocked, id=3676, stack(0x00007f3a6163f000,0x00007f3a61740000)]
  0x00007f3a50008800 JavaThread "pool-7-thread-1" [_thread_blocked, id=3669, stack(0x00007f3a61942000,0x00007f3a61a43000)]
  0x00007f3a6cc99800 JavaThread "pool-3-thread-1" [_thread_blocked, id=3668, stack(0x00007f3a61a43000,0x00007f3a61b44000)]
  0x00007f3a6d476800 JavaThread "Cache update executor" [_thread_blocked, id=3652, stack(0x00007f3a8cdfd000,0x00007f3a8cefe000)]
  0x00007f3a6c93b800 JavaThread "pool-2-thread-1" [_thread_blocked, id=3640, stack(0x00007f3a639e4000,0x00007f3a63ae5000)]
  0x00007f3a6c6be800 JavaThread "File lock request listener" [_thread_in_native, id=3608, stack(0x00007f3a8c282000,0x00007f3a8c383000)]
  0x00007f3a6c29c800 JavaThread "process reaper" daemon [_thread_blocked, id=3605, stack(0x00007f3ac000d000,0x00007f3ac0046000)]
  0x00007f3a6c00a000 JavaThread "Asynchronous log dispatcher for DefaultDaemonConnection: socket connection from /127.0.0.1:41954 to /127.0.0.1:37296" [_thread_blocked, id=3585, stack(0x00007f3a8cefe000,0x00007f3a8cfff000)]
  0x00007f3a80029800 JavaThread "Daemon worker" [_thread_in_vm, id=3581, stack(0x00007f3ac0047000,0x00007f3ac0148000)]
  0x00007f3a80028800 JavaThread "Cancel handler" [_thread_blocked, id=3580, stack(0x00007f3ac0148000,0x00007f3ac0249000)]
  0x00007f3a80005800 JavaThread "Handler for socket connection from /127.0.0.1:41954 to /127.0.0.1:37296" [_thread_in_native, id=3578, stack(0x00007f3ac0449000,0x00007f3ac054a000)]
  0x00007f3a7c016800 JavaThread "Daemon" [_thread_blocked, id=3577, stack(0x00007f3ac054a000,0x00007f3ac064b000)]
  0x00007f3ad84aa800 JavaThread "Incoming local TCP Connector on port 41954" [_thread_in_native, id=3570, stack(0x00007f3ac0852000,0x00007f3ac0953000)]
  0x00007f3ad80b0000 JavaThread "pool-1-thread-1" [_thread_blocked, id=3567, stack(0x00007f3ac0953000,0x00007f3ac0a54000)]
  0x00007f3ad80db000 JavaThread "Service Thread" daemon [_thread_blocked, id=3511, stack(0x00007f3ac1f18000,0x00007f3ac2019000)]
=>0x00007f3ad80be000 JavaThread "C1 CompilerThread2" daemon [_thread_in_native, id=3510, stack(0x00007f3ac2019000,0x00007f3ac211a000)]
  0x00007f3ad80bc000 JavaThread "C2 CompilerThread1" daemon [_thread_in_native, id=3509, stack(0x00007f3ac211a000,0x00007f3ac221b000)]
  0x00007f3ad80b9000 JavaThread "C2 CompilerThread0" daemon [_thread_in_native, id=3508, stack(0x00007f3ac221b000,0x00007f3ac231c000)]
  0x00007f3ad80b8000 JavaThread "Signal Dispatcher" daemon [_thread_blocked, id=3507, stack(0x00007f3ac231c000,0x00007f3ac241d000)]
  0x00007f3ad8084000 JavaThread "Finalizer" daemon [_thread_blocked, id=3506, stack(0x00007f3ac26f6000,0x00007f3ac27f7000)]
  0x00007f3ad807f800 JavaThread "Reference Handler" daemon [_thread_blocked, id=3505, stack(0x00007f3ac27f7000,0x00007f3ac28f8000)]
  0x00007f3ad800a000 JavaThread "main" [_thread_blocked, id=3499, stack(0x00007f3ade294000,0x00007f3ade395000)]

Other Threads:
  0x00007f3ad8077800 VMThread [stack: 0x00007f3ac28f8000,0x00007f3ac29f9000] [id=3504]
  0x00007f3ad80de000 WatcherThread [stack: 0x00007f3ac1e17000,0x00007f3ac1f18000] [id=3512]

VM state:not at safepoint (normal execution)

VM Mutex/Monitor currently owned by a thread: None

Heap:
 PSYoungGen      total 179200K, used 156603K [0x00000000e0000000, 0x00000000efa00000, 0x0000000100000000)
  eden space 145408K, 86% used [0x00000000e0000000,0x00000000e7a5fda8,0x00000000e8e00000)
  from space 33792K, 92% used [0x00000000e8e00000,0x00000000eac8f188,0x00000000eaf00000)
  to   space 38400K, 0% used [0x00000000ed480000,0x00000000ed480000,0x00000000efa00000)
 ParOldGen       total 166400K, used 95639K [0x00000000a0000000, 0x00000000aa280000, 0x00000000e0000000)
  object space 166400K, 57% used [0x00000000a0000000,0x00000000a5d65e58,0x00000000aa280000)
 Metaspace       used 68108K, capacity 70178K, committed 70400K, reserved 1110016K
  class space    used 8999K, capacity 9442K, committed 9472K, reserved 1048576K

Card table byte_map: [0x00007f3ac7cb8000,0x00007f3ac7fb9000] byte_map_base: 0x00007f3ac77b8000

Marking Bits: (ParMarkBitMap*) 0x00007f3add763c80
 Begin Bits: [0x00007f3ac46b4000, 0x00007f3ac5eb4000)
 End Bits:   [0x00007f3ac5eb4000, 0x00007f3ac76b4000)

Polling page: 0x00007f3ade3b4000

CodeCache: size=245760Kb used=36068Kb max_used=36483Kb free=209691Kb
 bounds [0x00007f3ac8379000, 0x00007f3aca769000, 0x00007f3ad7379000]
 total_blobs=11272 nmethods=10456 adapters=727
 compilation: enabled

Compilation events (10 events):
Event: 103.208 Thread 0x00007f3ad80be000 nmethod 12668 0x00007f3ac84c7410 code [0x00007f3ac84c7560, 0x00007f3ac84c7670]
Event: 103.216 Thread 0x00007f3ad80bc000 nmethod 12028 0x00007f3ac97d9690 code [0x00007f3ac97d98e0, 0x00007f3ac97dabf0]
Event: 103.216 Thread 0x00007f3ad80bc000 12182       4       com.android.dx.dex.code.OutputFinisher::addConstants (93 bytes)
Event: 103.225 Thread 0x00007f3ad80be000 12670       1       org.gradle.api.internal.changedetection.rules.AbstractNamedFileSnapshotTaskStateChanges::access$000 (5 bytes)
Event: 103.225 Thread 0x00007f3ad80be000 nmethod 12670 0x00007f3ac84c7150 code [0x00007f3ac84c72a0, 0x00007f3ac84c7390]
Event: 103.228 Thread 0x00007f3ad80be000 12671       2       com.google.common.collect.AbstractIterator::endOfData (9 bytes)
Event: 103.228 Thread 0x00007f3ad80be000 nmethod 12671 0x00007f3ac8e0b690 code [0x00007f3ac8e0b800, 0x00007f3ac8e0b970]
Event: 103.242 Thread 0x00007f3ad80bc000 nmethod 12182 0x00007f3ac86eb3d0 code [0x00007f3ac86eb600, 0x00007f3ac86ebda0]
Event: 103.242 Thread 0x00007f3ad80bc000 11646       4       com.android.dx.ssa.SCCP::simulatePhi (169 bytes)
Event: 103.244 Thread 0x00007f3ad80be000 12672       2       java.net.URI::decode (370 bytes)

GC Heap History (10 events):
Event: 99.771 GC heap before
{Heap before GC invocations=25 (full 3):
 PSYoungGen      total 112640K, used 106961K [0x00000000e0000000, 0x00000000e9100000, 0x0000000100000000)
  eden space 97280K, 100% used [0x00000000e0000000,0x00000000e5f00000,0x00000000e5f00000)
  from space 15360K, 63% used [0x00000000e5f00000,0x00000000e6874700,0x00000000e6e00000)
  to   space 15872K, 0% used [0x00000000e8180000,0x00000000e8180000,0x00000000e9100000)
 ParOldGen       total 105472K, used 60728K [0x00000000a0000000, 0x00000000a6700000, 0x00000000e0000000)
  object space 105472K, 57% used [0x00000000a0000000,0x00000000a3b4e178,0x00000000a6700000)
 Metaspace       used 66638K, capacity 68706K, committed 68992K, reserved 1110016K
  class space    used 8849K, capacity 9271K, committed 9344K, reserved 1048576K
Event: 99.807 GC heap after
Heap after GC invocations=25 (full 3):
 PSYoungGen      total 132608K, used 10181K [0x00000000e0000000, 0x00000000e9600000, 0x0000000100000000)
  eden space 116736K, 0% used [0x00000000e0000000,0x00000000e0000000,0x00000000e7200000)
  from space 15872K, 64% used [0x00000000e8180000,0x00000000e8b717b8,0x00000000e9100000)
  to   space 15872K, 0% used [0x00000000e7200000,0x00000000e7200000,0x00000000e8180000)
 ParOldGen       total 105472K, used 65980K [0x00000000a0000000, 0x00000000a6700000, 0x00000000e0000000)
  object space 105472K, 62% used [0x00000000a0000000,0x00000000a406f120,0x00000000a6700000)
 Metaspace       used 66638K, capacity 68706K, committed 68992K, reserved 1110016K
  class space    used 8849K, capacity 9271K, committed 9344K, reserved 1048576K
}
Event: 100.308 GC heap before
{Heap before GC invocations=26 (full 3):
 PSYoungGen      total 132608K, used 126917K [0x00000000e0000000, 0x00000000e9600000, 0x0000000100000000)
  eden space 116736K, 100% used [0x00000000e0000000,0x00000000e7200000,0x00000000e7200000)
  from space 15872K, 64% used [0x00000000e8180000,0x00000000e8b717b8,0x00000000e9100000)
  to   space 15872K, 0% used [0x00000000e7200000,0x00000000e7200000,0x00000000e8180000)
 ParOldGen       total 105472K, used 65980K [0x00000000a0000000, 0x00000000a6700000, 0x00000000e0000000)
  object space 105472K, 62% used [0x00000000a0000000,0x00000000a406f120,0x00000000a6700000)
 Metaspace       used 66759K, capacity 68770K, committed 68992K, reserved 1110016K
  class space    used 8849K, capacity 9271K, committed 9344K, reserved 1048576K
Event: 100.357 GC heap after
Heap after GC invocations=26 (full 3):
 PSYoungGen      total 132608K, used 15854K [0x00000000e0000000, 0x00000000ec780000, 0x0000000100000000)
  eden space 116736K, 0% used [0x00000000e0000000,0x00000000e0000000,0x00000000e7200000)
  from space 15872K, 99% used [0x00000000e7200000,0x00000000e817bae8,0x00000000e8180000)
  to   space 25088K, 0% used [0x00000000eaf00000,0x00000000eaf00000,0x00000000ec780000)
 ParOldGen       total 105472K, used 84844K [0x00000000a0000000, 0x00000000a6700000, 0x00000000e0000000)
  object space 105472K, 80% used [0x00000000a0000000,0x00000000a52db1a8,0x00000000a6700000)
 Metaspace       used 66759K, capacity 68770K, committed 68992K, reserved 1110016K
  class space    used 8849K, capacity 9271K, committed 9344K, reserved 1048576K
}
Event: 100.853 GC heap before
{Heap before GC invocations=27 (full 3):
 PSYoungGen      total 132608K, used 132590K [0x00000000e0000000, 0x00000000ec780000, 0x0000000100000000)
  eden space 116736K, 100% used [0x00000000e0000000,0x00000000e7200000,0x00000000e7200000)
  from space 15872K, 99% used [0x00000000e7200000,0x00000000e817bae8,0x00000000e8180000)
  to   space 25088K, 0% used [0x00000000eaf00000,0x00000000eaf00000,0x00000000ec780000)
 ParOldGen       total 105472K, used 84844K [0x00000000a0000000, 0x00000000a6700000, 0x00000000e0000000)
  object space 105472K, 80% used [0x00000000a0000000,0x00000000a52db1a8,0x00000000a6700000)
 Metaspace       used 66824K, capacity 68834K, committed 68992K, reserved 1110016K
  class space    used 8849K, capacity 9271K, committed 9344K, reserved 1048576K
Event: 100.903 GC heap after
Heap after GC invocations=27 (full 3):
 PSYoungGen      total 170496K, used 25084K [0x00000000e0000000, 0x00000000edb00000, 0x0000000100000000)
  eden space 145408K, 0% used [0x00000000e0000000,0x00000000e0000000,0x00000000e8e00000)
  from space 25088K, 99% used [0x00000000eaf00000,0x00000000ec77f088,0x00000000ec780000)
  to   space 33792K, 0% used [0x00000000e8e00000,0x00000000e8e00000,0x00000000eaf00000)
 ParOldGen       total 105472K, used 96972K [0x00000000a0000000, 0x00000000a6700000, 0x00000000e0000000)
  object space 105472K, 91% used [0x00000000a0000000,0x00000000a5eb32e8,0x00000000a6700000)
 Metaspace       used 66824K, capacity 68834K, committed 68992K, reserved 1110016K
  class space    used 8849K, capacity 9271K, committed 9344K, reserved 1048576K
}
Event: 100.903 GC heap before
{Heap before GC invocations=28 (full 4):
 PSYoungGen      total 170496K, used 25084K [0x00000000e0000000, 0x00000000edb00000, 0x0000000100000000)
  eden space 145408K, 0% used [0x00000000e0000000,0x00000000e0000000,0x00000000e8e00000)
  from space 25088K, 99% used [0x00000000eaf00000,0x00000000ec77f088,0x00000000ec780000)
  to   space 33792K, 0% used [0x00000000e8e00000,0x00000000e8e00000,0x00000000eaf00000)
 ParOldGen       total 105472K, used 96972K [0x00000000a0000000, 0x00000000a6700000, 0x00000000e0000000)
  object space 105472K, 91% used [0x00000000a0000000,0x00000000a5eb32e8,0x00000000a6700000)
 Metaspace       used 66824K, capacity 68834K, committed 68992K, reserved 1110016K
  class space    used 8849K, capacity 9271K, committed 9344K, reserved 1048576K
Event: 101.352 GC heap after
Heap after GC invocations=28 (full 4):
 PSYoungGen      total 170496K, used 0K [0x00000000e0000000, 0x00000000edb00000, 0x0000000100000000)
  eden space 145408K, 0% used [0x00000000e0000000,0x00000000e0000000,0x00000000e8e00000)
  from space 25088K, 0% used [0x00000000eaf00000,0x00000000eaf00000,0x00000000ec780000)
  to   space 33792K, 0% used [0x00000000e8e00000,0x00000000e8e00000,0x00000000eaf00000)
 ParOldGen       total 166400K, used 95631K [0x00000000a0000000, 0x00000000aa280000, 0x00000000e0000000)
  object space 166400K, 57% used [0x00000000a0000000,0x00000000a5d63e58,0x00000000aa280000)
 Metaspace       used 66811K, capacity 68814K, committed 68992K, reserved 1110016K
  class space    used 8848K, capacity 9268K, committed 9344K, reserved 1048576K
}
Event: 101.839 GC heap before
{Heap before GC invocations=29 (full 4):
 PSYoungGen      total 170496K, used 145408K [0x00000000e0000000, 0x00000000edb00000, 0x0000000100000000)
  eden space 145408K, 100% used [0x00000000e0000000,0x00000000e8e00000,0x00000000e8e00000)
  from space 25088K, 0% used [0x00000000eaf00000,0x00000000eaf00000,0x00000000ec780000)
  to   space 33792K, 0% used [0x00000000e8e00000,0x00000000e8e00000,0x00000000eaf00000)
 ParOldGen       total 166400K, used 95631K [0x00000000a0000000, 0x00000000aa280000, 0x00000000e0000000)
  object space 166400K, 57% used [0x00000000a0000000,0x00000000a5d63e58,0x00000000aa280000)
 Metaspace       used 66854K, capacity 68878K, committed 68992K, reserved 1110016K
  class space    used 8848K, capacity 9268K, committed 9344K, reserved 1048576K
Event: 101.877 GC heap after
Heap after GC invocations=29 (full 4):
 PSYoungGen      total 179200K, used 31292K [0x00000000e0000000, 0x00000000efa00000, 0x0000000100000000)
  eden space 145408K, 0% used [0x00000000e0000000,0x00000000e0000000,0x00000000e8e00000)
  from space 33792K, 92% used [0x00000000e8e00000,0x00000000eac8f188,0x00000000eaf00000)
  to   space 38400K, 0% used [0x00000000ed480000,0x00000000ed480000,0x00000000efa00000)
 ParOldGen       total 166400K, used 95639K [0x00000000a0000000, 0x00000000aa280000, 0x00000000e0000000)
  object space 166400K, 57% used [0x00000000a0000000,0x00000000a5d65e58,0x00000000aa280000)
 Metaspace       used 66854K, capacity 68878K, committed 68992K, reserved 1110016K
  class space    used 8848K, capacity 9268K, committed 9344K, reserved 1048576K
}

Deoptimization events (10 events):
Event: 102.970 Thread 0x00007f3a6cdd1800 Uncommon trap: reason=speculate_class_check action=maybe_recompile pc=0x00007f3aca179538 method=sun.security.provider.DigestBase.engineReset()V @ 11
Event: 102.998 Thread 0x00007f3a6cdd1800 Uncommon trap: reason=class_check action=maybe_recompile pc=0x00007f3aca12e2d0 method=com.android.apkzlib.zip.CentralDirectoryHeader.getCompressionInfoWithWait()Lcom/android/apkzlib/zip/CentralDirectoryHeaderCompressInfo; @ 4
Event: 103.009 Thread 0x00007f3a6cdd1800 Uncommon trap: reason=class_check action=maybe_recompile pc=0x00007f3aca12e2d0 method=com.android.apkzlib.zip.CentralDirectoryHeader.getCompressionInfoWithWait()Lcom/android/apkzlib/zip/CentralDirectoryHeaderCompressInfo; @ 4
Event: 103.009 Thread 0x00007f3a6cdd1800 Uncommon trap: reason=class_check action=maybe_recompile pc=0x00007f3aca12e2d0 method=com.android.apkzlib.zip.CentralDirectoryHeader.getCompressionInfoWithWait()Lcom/android/apkzlib/zip/CentralDirectoryHeaderCompressInfo; @ 4
Event: 103.009 Thread 0x00007f3a6cdd1800 Uncommon trap: reason=class_check action=maybe_recompile pc=0x00007f3aca12e2d0 method=com.android.apkzlib.zip.CentralDirectoryHeader.getCompressionInfoWithWait()Lcom/android/apkzlib/zip/CentralDirectoryHeaderCompressInfo; @ 4
Event: 103.010 Thread 0x00007f3a6cdd1800 Uncommon trap: reason=speculate_class_check action=maybe_recompile pc=0x00007f3aca179538 method=sun.security.provider.DigestBase.engineReset()V @ 11
Event: 103.016 Thread 0x00007f3a6cdd1800 Uncommon trap: reason=speculate_class_check action=maybe_recompile pc=0x00007f3aca179538 method=sun.security.provider.DigestBase.engineReset()V @ 11
Event: 103.084 Thread 0x00007f3a6cdd1800 Uncommon trap: reason=bimorphic action=maybe_recompile pc=0x00007f3aca0440d4 method=java.util.Hashtable.addEntry(ILjava/lang/Object;Ljava/lang/Object;I)V @ 38
Event: 103.084 Thread 0x00007f3a6cdd1800 Uncommon trap: reason=bimorphic action=maybe_recompile pc=0x00007f3aca0440d4 method=java.util.Hashtable.addEntry(ILjava/lang/Object;Ljava/lang/Object;I)V @ 38
Event: 103.095 Thread 0x00007f3a6cdd1800 Uncommon trap: reason=bimorphic action=maybe_recompile pc=0x00007f3ac90fcafc method=java.util.AbstractList$Itr.next()Ljava/lang/Object; @ 14

Internal exceptions (10 events):
Event: 83.712 Thread 0x00007f3a80029800 Exception <a 'java/lang/NoSuchMethodError': <clinit>> (0x00000000e2a148e0) thrown at [/HUDSON3/workspace/8-2-build-linux-amd64/jdk8u121/8372/hotspot/src/share/vm/prims/jni.cpp, line 1613]
Event: 85.369 Thread 0x00007f3a80029800 Implicit null exception at 0x00007f3ac9855cf6 to 0x00007f3ac9855f3d
Event: 85.650 Thread 0x00007f3a80029800 Implicit null exception at 0x00007f3ac9880060 to 0x00007f3ac9880249
Event: 85.650 Thread 0x00007f3a80029800 Implicit null exception at 0x00007f3ac8ba653d to 0x00007f3ac8ba66dd
Event: 85.881 Thread 0x00007f3a80029800 Implicit null exception at 0x00007f3ac994c4f7 to 0x00007f3ac994cb3d
Event: 86.968 Thread 0x00007f3a80029800 Exception <a 'java/lang/NoSuchMethodError': java.lang.Object.lambda$negate$1(Ljava/lang/Object;)Z> (0x00000000e09f83a0) thrown at [/HUDSON3/workspace/8-2-build-linux-amd64/jdk8u121/8372/hotspot/src/share/vm/interpreter/linkResolver.cpp, line 582]
Event: 95.730 Thread 0x00007f3a80029800 Exception <a 'java/lang/NoSuchMethodError': java.lang.Object.lambda$asRunnable$0(Lcom/android/apkzlib/utils/IOExceptionRunnable;)V> (0x00000000e1d843a8) thrown at [/HUDSON3/workspace/8-2-build-linux-amd64/jdk8u121/8372/hotspot/src/share/vm/interpreter/lin
Event: 96.060 Thread 0x00007f3a6d476800 Exception <a 'java/lang/NoSuchMethodError': <clinit>> (0x00000000e31ca890) thrown at [/HUDSON3/workspace/8-2-build-linux-amd64/jdk8u121/8372/hotspot/src/share/vm/prims/jni.cpp, line 1613]
Event: 98.734 Thread 0x00007f3a5402b800 Implicit null exception at 0x00007f3ac8e01062 to 0x00007f3ac8e0116d
Event: 99.916 Thread 0x00007f3a5402b800 Implicit null exception at 0x00007f3ac8d38641 to 0x00007f3ac8d39331

Events (10 events):
Event: 103.173 loading class com/android/apkzlib/sign/v2/ZFileDigestSource
Event: 103.173 loading class com/android/apkzlib/sign/v2/ZFileDigestSource done
Event: 103.176 loading class com/android/apkzlib/sign/v2/ApkSignerV2$V2SignatureSchemeBlock$SignedData
Event: 103.176 loading class com/android/apkzlib/sign/v2/ApkSignerV2$V2SignatureSchemeBlock$SignedData done
Event: 103.176 loading class com/android/apkzlib/sign/v2/ApkSignerV2$V2SignatureSchemeBlock$Signer
Event: 103.176 loading class com/android/apkzlib/sign/v2/ApkSignerV2$V2SignatureSchemeBlock$Signer done
Event: 103.245 Thread 0x00007f3a80029800 DEOPT PACKING pc=0x00007f3aca1861cd sp=0x00007f3ac0143320
Event: 103.245 Thread 0x00007f3a80029800 DEOPT UNPACKING pc=0x00007f3ac83c0633 sp=0x00007f3ac01430b8 mode 0
Event: 103.245 Thread 0x00007f3a80029800 DEOPT PACKING pc=0x00007f3aca186269 sp=0x00007f3ac0143320
Event: 103.245 Thread 0x00007f3a80029800 DEOPT UNPACKING pc=0x00007f3ac83c0633 sp=0x00007f3ac01430c8 mode 0


Dynamic libraries:
00400000-00401000 r-xp 00000000 08:01 11143952                           /usr/local/java/jdk1.8.0_121/bin/java
00600000-00601000 rw-p 00000000 08:01 11143952                           /usr/local/java/jdk1.8.0_121/bin/java
023d9000-0241d000 rw-p 00000000 00:00 0                                  [heap]
a0000000-aa280000 rw-p 00000000 00:00 0 
aa280000-e0000000 ---p 00000000 00:00 0 
e0000000-efa00000 rw-p 00000000 00:00 0 
efa00000-100000000 ---p 00000000 00:00 0 
100000000-100940000 rw-p 00000000 00:00 0 
100940000-140000000 ---p 00000000 00:00 0 
7f3a40000000-7f3a4003d000 rw-p 00000000 00:00 0 
7f3a4003d000-7f3a44000000 ---p 00000000 00:00 0 
7f3a44000000-7f3a44024000 rw-p 00000000 00:00 0 
7f3a44024000-7f3a48000000 ---p 00000000 00:00 0 
7f3a48000000-7f3a48125000 rw-p 00000000 00:00 0 
7f3a48125000-7f3a4c000000 ---p 00000000 00:00 0 
7f3a4c000000-7f3a4c091000 rw-p 00000000 00:00 0 
7f3a4c091000-7f3a50000000 ---p 00000000 00:00 0 
7f3a50000000-7f3a50021000 rw-p 00000000 00:00 0 
7f3a50021000-7f3a54000000 ---p 00000000 00:00 0 
7f3a54000000-7f3a540d5000 rw-p 00000000 00:00 0 
7f3a540d5000-7f3a58000000 ---p 00000000 00:00 0 
7f3a58000000-7f3a58021000 rw-p 00000000 00:00 0 
7f3a58021000-7f3a5c000000 ---p 00000000 00:00 0 
7f3a5c000000-7f3a5c021000 rw-p 00000000 00:00 0 
7f3a5c021000-7f3a60000000 ---p 00000000 00:00 0 
7f3a608d3000-7f3a608d6000 ---p 00000000 00:00 0 
7f3a608d6000-7f3a60b54000 rw-p 00000000 00:00 0 
7f3a60b54000-7f3a60bd7000 ---p 00000000 00:00 0 
7f3a60bd7000-7f3a60cd5000 rw-p 00000000 00:00 0 
7f3a60cd5000-7f3a60cd8000 ---p 00000000 00:00 0 
7f3a60cd8000-7f3a60fd6000 rw-p 00000000 00:00 0 
7f3a60fd6000-7f3a611d6000 rw-p 00000000 00:00 0 
7f3a611d6000-7f3a613d6000 rw-p 00000000 00:00 0 
7f3a6143f000-7f3a6163f000 rw-p 00000000 00:00 0 
7f3a6163f000-7f3a61642000 ---p 00000000 00:00 0 
7f3a61642000-7f3a61740000 rw-p 00000000 00:00 0 
7f3a61740000-7f3a61743000 ---p 00000000 00:00 0 
7f3a61743000-7f3a61841000 rw-p 00000000 00:00 0 
7f3a61841000-7f3a61844000 ---p 00000000 00:00 0 
7f3a61844000-7f3a61942000 rw-p 00000000 00:00 0 
7f3a61942000-7f3a61945000 ---p 00000000 00:00 0 
7f3a61945000-7f3a61a43000 rw-p 00000000 00:00 0 
7f3a61a43000-7f3a61a46000 ---p 00000000 00:00 0 
7f3a61a46000-7f3a61d44000 rw-p 00000000 00:00 0 
7f3a61d44000-7f3a61f44000 rw-p 00000000 00:00 0 
7f3a61f44000-7f3a62144000 rw-p 00000000 00:00 0 
7f3a62144000-7f3a62344000 rw-p 00000000 00:00 0 
7f3a62344000-7f3a62544000 rw-p 00000000 00:00 0 
7f3a62544000-7f3a6255b000 r-xp 00000000 08:01 4981316                    /lib/x86_64-linux-gnu/libresolv-2.23.so
7f3a6255b000-7f3a6275b000 ---p 00017000 08:01 4981316                    /lib/x86_64-linux-gnu/libresolv-2.23.so
7f3a6275b000-7f3a6275c000 r--p 00017000 08:01 4981316                    /lib/x86_64-linux-gnu/libresolv-2.23.so
7f3a6275c000-7f3a6275d000 rw-p 00018000 08:01 4981316                    /lib/x86_64-linux-gnu/libresolv-2.23.so
7f3a6275d000-7f3a6275f000 rw-p 00000000 00:00 0 
7f3a6275f000-7f3a62764000 r-xp 00000000 08:01 4981108                    /lib/x86_64-linux-gnu/libnss_dns-2.23.so
7f3a62764000-7f3a62964000 ---p 00005000 08:01 4981108                    /lib/x86_64-linux-gnu/libnss_dns-2.23.so
7f3a62964000-7f3a62965000 r--p 00005000 08:01 4981108                    /lib/x86_64-linux-gnu/libnss_dns-2.23.so
7f3a62965000-7f3a62966000 rw-p 00006000 08:01 4981108                    /lib/x86_64-linux-gnu/libnss_dns-2.23.so
7f3a62966000-7f3a62968000 r-xp 00000000 08:01 4985287                    /lib/x86_64-linux-gnu/libnss_mdns4_minimal.so.2
7f3a62968000-7f3a62b67000 ---p 00002000 08:01 4985287                    /lib/x86_64-linux-gnu/libnss_mdns4_minimal.so.2
7f3a62b67000-7f3a62b68000 r--p 00001000 08:01 4985287                    /lib/x86_64-linux-gnu/libnss_mdns4_minimal.so.2
7f3a62b68000-7f3a62b69000 rw-p 00002000 08:01 4985287                    /lib/x86_64-linux-gnu/libnss_mdns4_minimal.so.2
7f3a62b7f000-7f3a62b85000 r--s 0003f000 08:01 11146132                   /usr/local/java/jdk1.8.0_121/jre/lib/ext/sunjce_provider.jar
7f3a62b85000-7f3a62bb7000 r-xp 00000000 08:01 11144042                   /usr/local/java/jdk1.8.0_121/jre/lib/amd64/libsunec.so
7f3a62bb7000-7f3a62db6000 ---p 00032000 08:01 11144042                   /usr/local/java/jdk1.8.0_121/jre/lib/amd64/libsunec.so
7f3a62db6000-7f3a62dbc000 rw-p 00031000 08:01 11144042                   /usr/local/java/jdk1.8.0_121/jre/lib/amd64/libsunec.so
7f3a62dbc000-7f3a62dcc000 rw-p 00000000 00:00 0 
7f3a62dcc000-7f3a62dce000 r--s 00009000 08:01 11146131                   /usr/local/java/jdk1.8.0_121/jre/lib/ext/sunec.jar
7f3a62dce000-7f3a62dd1000 r--s 0001a000 08:01 11146308                   /usr/local/java/jdk1.8.0_121/jre/lib/jce.jar
7f3a62dd1000-7f3a62fd1000 rw-p 00000000 00:00 0 
7f3a62fd1000-7f3a631d1000 rw-p 00000000 00:00 0 
7f3a631d1000-7f3a631e4000 r--s 00345000 08:01 11146278                   /usr/local/java/jdk1.8.0_121/jre/lib/resources.jar
7f3a631e4000-7f3a633e4000 rw-p 00000000 00:00 0 
7f3a633e4000-7f3a635e4000 rw-p 00000000 00:00 0 
7f3a635e4000-7f3a637e4000 rw-p 00000000 00:00 0 
7f3a637e4000-7f3a639e4000 rw-p 00000000 00:00 0 
7f3a639e4000-7f3a639e7000 ---p 00000000 00:00 0 
7f3a639e7000-7f3a63ce5000 rw-p 00000000 00:00 0 
7f3a63ce5000-7f3a63ce6000 r--s 00001000 08:01 34477923                   /root/.gradle/caches/jars-2/cmhx5eetujk7j30d3nllwxyrlnugzjw/annotations-25.3.3.jar
7f3a63ce6000-7f3a63cee000 r--s 000a8000 08:01 34996888                   /root/.gradle/caches/jars-2/lp0h431tl0554nh1vx6zomcvteflkp/lombok-ast-0.2.3.jar
7f3a63cee000-7f3a63d02000 r--s 000b4000 08:01 34477921                   /root/.gradle/caches/jars-2/hgvw6szzawm3evod5l2d6iutfug31w0/uast-162.2228.14.jar
7f3a63d02000-7f3a63d04000 r--s 0000d000 08:01 34996884                   /root/.gradle/caches/jars-2/7pwz1bowgakb1eux9ezb56jlturgsyi/commons-codec-1.4.jar
7f3a63d04000-7f3a63d06000 r--s 0000d000 08:01 34996882                   /root/.gradle/caches/jars-2/9dj1m0eyooi5qt13735vz8fpkl3cnfy/commons-logging-1.1.1.jar
7f3a63d06000-7f3a63d0b000 r--s 00028000 08:01 34996880                   /root/.gradle/caches/jars-2/62lv0fe9b3xbqe57f6ljy5upwi7mf6k/httpcore-4.1.jar
7f3a63d0b000-7f3a63d0f000 r--s 0002f000 08:01 34996878                   /root/.gradle/caches/jars-2/gsg5n52frsvw6sx0swqqe2hwijwdcf0/jimfs-1.1.jar
7f3a63d0f000-7f3a63d10000 r--s 00004000 08:01 34996876                   /root/.gradle/caches/jars-2/lxs252id0979odjrerlctkb26c2vj95/annotations-12.0.jar
7f3a63d10000-7f3a63d11000 r--s 00004000 08:01 34996874                   /root/.gradle/caches/jars-2/9kn99dr0rulyl67sct1ephwcop56l61/asm-analysis-5.0.4.jar
7f3a63d11000-7f3a63d15000 r--s 00040000 08:01 34477919                   /root/.gradle/caches/jars-2/ccvn7yglm4blceovs70fngoac1eyn4f/lint-api-25.3.3.jar
7f3a63d15000-7f3a63d16000 r--s 0000a000 08:01 34996870                   /root/.gradle/caches/jars-2/nwyg9io65lv6jvmwit2wq82xnnxd7ia/kxml2-2.3.0.jar
7f3a63d16000-7f3a63d18000 r--s 00005000 08:01 34996868                   /root/.gradle/caches/jars-2/i6hc1uuj8e9ck59slmzdyz78ydn8sr6/httpmime-4.1.jar
7f3a63d18000-7f3a63d20000 r--s 0004e000 08:01 34996866                   /root/.gradle/caches/jars-2/7503wa5irssz0xxahv1xb82p2dl7rr2/httpclient-4.1.1.jar
7f3a63d20000-7f3a63d27000 r--s 00053000 08:01 34996864                   /root/.gradle/caches/jars-2/jgkfvs4eqggj7qsyw1f5d3up57hanj1/commons-compress-1.8.1.jar
7f3a63d27000-7f3a63d2c000 r--s 0002a000 08:01 34996862                   /root/.gradle/caches/jars-2/je8f027qcr1z1egw08byp1ybxbp9kko/gson-2.2.4.jar
7f3a63d2c000-7f3a63d31000 r--s 0002e000 08:01 34477917                   /root/.gradle/caches/jars-2/s427p2wh0tfza0xa8qijgx107eeevyl/repository-25.3.3.jar
7f3a63d31000-7f3a63d33000 r--s 00006000 08:01 34477915                   /root/.gradle/caches/jars-2/e2s952s6co8tps89l80r4riixwqo2oe/dvlib-25.3.3.jar
7f3a63d33000-7f3a63d35000 r--s 00013000 08:01 34477913                   /root/.gradle/caches/jars-2/s02k517nvrh8cbp2c8dz4slqska6dj9/layoutlib-api-25.3.3.jar
7f3a63d35000-7f3a63d3a000 r--s 00058000 08:01 34996854                   /root/.gradle/caches/jars-2/st159835qgxm0l87oqrnhayxos4lc1n/asm-debug-all-5.0.1.jar
7f3a63d3a000-7f3a63d4a000 r--s 000d5000 08:01 34996852                   /root/.gradle/caches/jars-2/qzf32gp9kej4w4hlbabft6tplu74cj3/proguard-base-5.3.2.jar
7f3a63d4a000-7f3a63d4d000 r--s 00033000 08:01 34996850                   /root/.gradle/caches/jars-2/nz9sndmr8b4xbj4xulkaciy5kdbyfiz/juniversalchardet-1.0.3.jar
7f3a63d4d000-7f3a63d51000 r--s 0002a000 08:01 34996848                   /root/.gradle/caches/jars-2/krbpn9xjn1qymukyx8cc5l799ty1v3h/commons-io-2.4.jar
7f3a63d51000-7f3a63d68000 r--s 00154000 08:01 34996846                   /root/.gradle/caches/jars-2/sfeivjswzitn6n0fnjx3ueszz8gv8o1/antlr4-4.5.3.jar
7f3a63d68000-7f3a63d6a000 r--s 00002000 08:01 34477911                   /root/.gradle/caches/jars-2/rh2ip1x2zziz26tr3qzudtz088pqsb2/baseLibrary-2.3.3.jar
7f3a63d6a000-7f3a63d95000 r--s 001fc000 08:01 34996842                   /root/.gradle/caches/jars-2/nxjrjftly2xksl8o0wqgivu5netfu2x/guava-18.0.jar
7f3a63d95000-7f3a63da8000 r--s 00241000 08:01 34996840                   /root/.gradle/caches/jars-2/9yuekvg4qerfitq3xec0iyckuw3hwaq/ecj-4.6.1.jar
7f3a63da8000-7f3a63daf000 r--s 000d9000 08:01 34477909                   /root/.gradle/caches/jars-2/ak89aa8liqmr44u7r08njntn6oehe0z/lint-checks-25.3.3.jar
7f3a63daf000-7f3a63db1000 r--s 00006000 08:01 34996836                   /root/.gradle/caches/jars-2/6phgj9ki3jl3p5epzkqoo8pr6kur40b/asm-tree-5.0.4.jar
7f3a63db1000-7f3a63de4000 r--s 00203000 08:01 34996834                   /root/.gradle/caches/jars-2/hj0bfvxu9cq7hkwmecvp0kg137or3hh/bcprov-jdk15on-1.48.jar
7f3a63de4000-7f3a63df2000 r--s 00081000 08:01 34996832                   /root/.gradle/caches/jars-2/4r7xli0tz94y0wfjrdyjxlxar3g1pb9/bcpkix-jdk15on-1.48.jar
7f3a63df2000-7f3a63e00000 r--s 00147000 08:01 34477903                   /root/.gradle/caches/jars-2/qx6695c5ocd9swxv7wqtxor3plyb4b7/protos-25.3.3.jar
7f3a63e00000-7f3a64000000 rw-p 00000000 00:00 0 
7f3a64000000-7f3a6402d000 rw-p 00000000 00:00 0 
7f3a6402d000-7f3a68000000 ---p 00000000 00:00 0 
7f3a68000000-7f3a68021000 rw-p 00000000 00:00 0 
7f3a68021000-7f3a6c000000 ---p 00000000 00:00 0 
7f3a6c000000-7f3a6d5a1000 rw-p 00000000 00:00 0 
7f3a6d5a1000-7f3a70000000 ---p 00000000 00:00 0 
7f3a70000000-7f3a70021000 rw-p 00000000 00:00 0 
7f3a70021000-7f3a74000000 ---p 00000000 00:00 0 
7f3a74000000-7f3a74035000 rw-p 00000000 00:00 0 
7f3a74035000-7f3a78000000 ---p 00000000 00:00 0 
7f3a78000000-7f3a78021000 rw-p 00000000 00:00 0 
7f3a78021000-7f3a7c000000 ---p 00000000 00:00 0 
7f3a7c000000-7f3a7c074000 rw-p 00000000 00:00 0 
7f3a7c074000-7f3a80000000 ---p 00000000 00:00 0 
7f3a80000000-7f3a8002f000 rw-p 00000000 00:00 0 
7f3a8002f000-7f3a84000000 ---p 00000000 00:00 0 
7f3a84000000-7f3a84053000 rw-p 00000000 00:00 0 
7f3a84053000-7f3a88000000 ---p 00000000 00:00 0 
7f3a88000000-7f3a88021000 rw-p 00000000 00:00 0 
7f3a88021000-7f3a8c000000 ---p 00000000 00:00 0 
7f3a8c000000-7f3a8c002000 r--s 00002000 08:01 34996830                   /root/.gradle/caches/jars-2/f32bh5uivuf69ecz2j8hl96ksnqdh7v/javawriter-2.5.0.jar
7f3a8c002000-7f3a8c004000 r--s 00004000 08:01 34477907                   /root/.gradle/caches/jars-2/j6s1upogkwo00sygdsekzj4fx0i75uy/tracker-25.3.3.jar
7f3a8c004000-7f3a8c005000 r--s 00005000 08:01 34477905                   /root/.gradle/caches/jars-2/4svya0t1s9wyo35ycd3atidsaoo6w7e/shared-25.3.3.jar
7f3a8c005000-7f3a8c006000 r--s 00001000 08:01 34477901                   /root/.gradle/caches/jars-2/bqo69msswbvaagsh45hf1tq02v21sml/jill-api-0.10.0.jar
7f3a8c006000-7f3a8c008000 r--s 00003000 08:01 34477899                   /root/.gradle/caches/jars-2/7pldadygbci34ql8thws797g29k1uhh/jack-api-0.13.0.jar
7f3a8c008000-7f3a8c00e000 r--s 0004a000 08:01 34477897                   /root/.gradle/caches/jars-2/euoqfzf5y1sibp9ul8mcz0wovj380eo/ddmlib-25.3.3.jar
7f3a8c00e000-7f3a8c011000 r--s 00022000 08:01 34477895                   /root/.gradle/caches/jars-2/a81bg2yxzmumashablwecaj0ksz6tmj/manifest-merger-25.3.3.jar
7f3a8c011000-7f3a8c014000 r--s 0001c000 08:01 34477893                   /root/.gradle/caches/jars-2/l6cnyee1vojrkkbpp6qwgpf30shmrja/common-25.3.3.jar
7f3a8c014000-7f3a8c01d000 r--s 00089000 08:01 34477891                   /root/.gradle/caches/jars-2/m0t6h8af70sdgxvkj522jy01i14mnb8/sdk-common-25.3.3.jar
7f3a8c01d000-7f3a8c027000 r--s 00098000 08:01 34477889                   /root/.gradle/caches/jars-2/28c9ykhc782k8jmlrnbnccai34hziki/sdklib-25.3.3.jar
7f3a8c027000-7f3a8c028000 r--s 00002000 08:01 34477887                   /root/.gradle/caches/jars-2/4dod7a1p5hoai4v37pxbcg65bbahvg2/builder-test-api-2.3.3.jar
7f3a8c028000-7f3a8c02b000 r--s 00006000 08:01 34477885                   /root/.gradle/caches/jars-2/omk02asobup8sgd6qxom3ej5bg94z2r/builder-model-2.3.3.jar
7f3a8c02b000-7f3a8c03a000 r--s 00130000 08:01 34996804                   /root/.gradle/caches/jars-2/cr6zkqpx14lor9zdtmo49qpc7y8r8p4/protobuf-java-3.0.0.jar
7f3a8c03a000-7f3a8c03c000 r--s 0000f000 08:01 34996802                   /root/.gradle/caches/jars-2/rvfyugrlu5tbpz51p98og0qsxamjq4k/jopt-simple-4.9.jar
7f3a8c03c000-7f3a8c040000 r--s 0001f000 08:01 34996800                   /root/.gradle/caches/jars-2/nq3fzqkrrm37ob61z4iu5qdbh368uat/org.jacoco.report-0.7.5.201505241946.jar
7f3a8c040000-7f3a8c044000 r--s 0001d000 08:01 34996798                   /root/.gradle/caches/jars-2/3kxkmcckmk40ron92zhbm0qjo9l4bkl/org.jacoco.core-0.7.5.201505241946.jar
7f3a8c044000-7f3a8c046000 r--s 00002000 08:01 34996796                   /root/.gradle/caches/jars-2/m4m0pzb4gmaeh0in5g2xc4bxeuwt828/proguard-gradle-5.3.2.jar
7f3a8c046000-7f3a8c048000 r--s 00009000 08:01 34996794                   /root/.gradle/caches/jars-2/ajvcvdu66lc9e3tvvipxtuq48i9bbkc/asm-commons-5.0.4.jar
7f3a8c048000-7f3a8c04d000 r--s 0002c000 08:01 34477883                   /root/.gradle/caches/jars-2/3mlasgi8oo9o7oa12526198jui9zmp2/compilerCommon-2.3.3.jar
7f3a8c04d000-7f3a8c063000 r--s 00163000 08:01 34477875                   /root/.gradle/caches/jars-2/nyg71b5n2lzymmwh5vbtmvjiby07k4g/builder-2.3.3.jar
7f3a8c063000-7f3a8c082000 r--s 001ca000 08:01 34477873                   /root/.gradle/caches/jars-2/5fwyvjq1ai8mdh1mluqxidj1wo7rls8/gradle-core-2.3.3.jar
7f3a8c082000-7f3a8c282000 rw-p 00000000 00:00 0 
7f3a8c282000-7f3a8c285000 ---p 00000000 00:00 0 
7f3a8c285000-7f3a8c583000 rw-p 00000000 00:00 0 
7f3a8c583000-7f3a8c783000 rw-p 00000000 00:00 0 
7f3a8c783000-7f3a8c983000 rw-p 00000000 00:00 0 
7f3a8c983000-7f3a8cb83000 rw-p 00000000 00:00 0 
7f3a8cb83000-7f3a8cbfd000 r--s 010f6000 08:01 11020816                   /usr/local/java/jdk1.8.0_121/lib/tools.jar
7f3a8cbfd000-7f3a8cdfd000 rw-p 00000000 00:00 0 
7f3a8cdfd000-7f3a8ce00000 ---p 00000000 00:00 0 
7f3a8ce00000-7f3a8cefe000 rw-p 00000000 00:00 0 
7f3a8cefe000-7f3a8cf01000 ---p 00000000 00:00 0 
7f3a8cf01000-7f3a90000000 rw-p 00000000 00:00 0 
7f3a90000000-7f3a9128b000 rw-p 00000000 00:00 0 
7f3a9128b000-7f3a94000000 ---p 00000000 00:00 0 
7f3a94000000-7f3a94021000 rw-p 00000000 00:00 0 
7f3a94021000-7f3a98000000 ---p 00000000 00:00 0 
7f3a98000000-7f3a9a29c000 rw-p 00000000 00:00 0 
7f3a9a29c000-7f3a9c000000 ---p 00000000 00:00 0 
7f3a9c000000-7f3a9e13e000 rw-p 00000000 00:00 0 
7f3a9e13e000-7f3aa0000000 ---p 00000000 00:00 0 
7f3aa0000000-7f3aa0021000 rw-p 00000000 00:00 0 
7f3aa0021000-7f3aa4000000 ---p 00000000 00:00 0 
7f3aa4000000-7f3aa4021000 rw-p 00000000 00:00 0 
7f3aa4021000-7f3aa8000000 ---p 00000000 00:00 0 
7f3aa8000000-7f3aa8062000 rw-p 00000000 00:00 0 
7f3aa8062000-7f3aac000000 ---p 00000000 00:00 0 
7f3aac000000-7f3aac021000 rw-p 00000000 00:00 0 
7f3aac021000-7f3ab0000000 ---p 00000000 00:00 0 
7f3ab0000000-7f3ab0021000 rw-p 00000000 00:00 0 
7f3ab0021000-7f3ab4000000 ---p 00000000 00:00 0 
7f3ab4000000-7f3ab4054000 rw-p 00000000 00:00 0 
7f3ab4054000-7f3ab8000000 ---p 00000000 00:00 0 
7f3ab8000000-7f3ab805e000 rw-p 00000000 00:00 0 
7f3ab805e000-7f3abc000000 ---p 00000000 00:00 0 
7f3abc000000-7f3abc031000 rw-p 00000000 00:00 0 
7f3abc031000-7f3ac0000000 ---p 00000000 00:00 0 
7f3ac0000000-7f3ac0002000 r--s 0000c000 08:01 34996792                   /root/.gradle/caches/jars-2/1laz1ygmxoc408r7nwqs1q8uk8r236d/asm-5.0.4.jar
7f3ac0002000-7f3ac0003000 r--s 00002000 08:01 34477881                   /root/.gradle/caches/jars-2/73l309uzm0ila7rdaaxteq0ng4ayf2y/gradle-api-2.3.3.jar
7f3ac0003000-7f3ac0004000 r--s 00000000 08:01 34477879                   /root/.gradle/caches/jars-2/tlyajppf8woug00g686fx5mchf8iv3o/transform-api-2.0.0-deprecated-use-gradle-api.jar
7f3ac0004000-7f3ac0009000 r--s 0005e000 08:01 34477877                   /root/.gradle/caches/jars-2/k2xtosjt0in0zj7mpwvctw6iznt93uh/lint-25.3.3.jar
7f3ac0009000-7f3ac000b000 r--s 00007000 08:01 393249                     /root/.gradle/caches/modules-2/files-2.1/com.google.gms/google-services/3.1.0/166ae4e6acd03b7bbebe221ffa54bc039fece1b9/google-services-3.1.0.jar
7f3ac000b000-7f3ac000d000 r--s 0000d000 08:01 34477871                   /root/.gradle/caches/jars-2/mel54vauze7hczg2p6nebauqz8s53sj/gradle-2.3.3.jar
7f3ac000d000-7f3ac0010000 ---p 00000000 00:00 0 
7f3ac0010000-7f3ac0046000 rw-p 00000000 00:00 0 
7f3ac0046000-7f3ac0047000 r--p 00000000 00:00 0 
7f3ac0047000-7f3ac004a000 ---p 00000000 00:00 0 
7f3ac004a000-7f3ac0148000 rw-p 00000000 00:00 0 
7f3ac0148000-7f3ac014b000 ---p 00000000 00:00 0 
7f3ac014b000-7f3ac0449000 rw-p 00000000 00:00 0 
7f3ac0449000-7f3ac044c000 ---p 00000000 00:00 0 
7f3ac044c000-7f3ac054a000 rw-p 00000000 00:00 0 
7f3ac054a000-7f3ac054d000 ---p 00000000 00:00 0 
7f3ac054d000-7f3ac064b000 rw-p 00000000 00:00 0 
7f3ac064b000-7f3ac0652000 r--s 00000000 08:01 11280200                   /usr/lib/x86_64-linux-gnu/gconv/gconv-modules.cache
7f3ac0652000-7f3ac0852000 rw-p 00000000 00:00 0 
7f3ac0852000-7f3ac0855000 ---p 00000000 00:00 0 
7f3ac0855000-7f3ac0953000 rw-p 00000000 00:00 0 
7f3ac0953000-7f3ac0956000 ---p 00000000 00:00 0 
7f3ac0956000-7f3ac0a54000 rw-p 00000000 00:00 0 
7f3ac0a54000-7f3ac0a5d000 r-xp 00000000 08:01 11144070                   /usr/local/java/jdk1.8.0_121/jre/lib/amd64/libmanagement.so
7f3ac0a5d000-7f3ac0c5c000 ---p 00009000 08:01 11144070                   /usr/local/java/jdk1.8.0_121/jre/lib/amd64/libmanagement.so
7f3ac0c5c000-7f3ac0c5d000 rw-p 00008000 08:01 11144070                   /usr/local/java/jdk1.8.0_121/jre/lib/amd64/libmanagement.so
7f3ac0c5d000-7f3ac0c61000 r--s 0009a000 08:01 11143978                   /usr/local/java/jdk1.8.0_121/jre/lib/jsse.jar
7f3ac0c61000-7f3ac0c63000 r--s 00007000 08:01 34341942                   /root/.gradle/wrapper/dists/gradle-3.3-all/55gk2rcmfc6p2dg9u9ohc3hw9/gradle-3.3/lib/plugins/gradle-tooling-api-builders-3.3.jar
7f3ac0c63000-7f3ac0c66000 r--s 00009000 08:01 34341935                   /root/.gradle/wrapper/dists/gradle-3.3-all/55gk2rcmfc6p2dg9u9ohc3hw9/gradle-3.3/lib/plugins/gradle-testing-native-3.3.jar
7f3ac0c66000-7f3ac0c6c000 r--s 00033000 08:01 34342010                   /root/.gradle/wrapper/dists/gradle-3.3-all/55gk2rcmfc6p2dg9u9ohc3hw9/gradle-3.3/lib/plugins/snakeyaml-1.6.jar
7f3ac0c6c000-7f3ac0c6e000 r--s 00006000 08:01 34342009                   /root/.gradle/wrapper/dists/gradle-3.3-all/55gk2rcmfc6p2dg9u9ohc3hw9/gradle-3.3/lib/plugins/jcommander-1.12.jar
7f3ac0c6e000-7f3ac0c73000 r--s 00040000 08:01 34342008                   /root/.gradle/wrapper/dists/gradle-3.3-all/55gk2rcmfc6p2dg9u9ohc3hw9/gradle-3.3/lib/plugins/bsh-2.0b4.jar
7f3ac0c73000-7f3ac0c75000 r--s 00009000 08:01 34342016                   /root/.gradle/wrapper/dists/gradle-3.3-all/55gk2rcmfc6p2dg9u9ohc3hw9/gradle-3.3/lib/plugins/hamcrest-core-1.3.jar
7f3ac0c75000-7f3ac0c7e000 r--s 00089000 08:01 34341967                   /root/.gradle/wrapper/dists/gradle-3.3-all/55gk2rcmfc6p2dg9u9ohc3hw9/gradle-3.3/lib/plugins/testng-6.3.1.jar
7f3ac0c7e000-7f3ac0c86000 r--s 00045000 08:01 34341966                   /root/.gradle/wrapper/dists/gradle-3.3-all/55gk2rcmfc6p2dg9u9ohc3hw9/gradle-3.3/lib/plugins/junit-4.12.jar
7f3ac0c86000-7f3ac0c8c000 r--s 0002e000 08:01 34341936                   /root/.gradle/wrapper/dists/gradle-3.3-all/55gk2rcmfc6p2dg9u9ohc3hw9/gradle-3.3/lib/plugins/gradle-testing-jvm-3.3.jar
7f3ac0c8c000-7f3ac0c90000 r--s 00016000 08:01 34341934                   /root/.gradle/wrapper/dists/gradle-3.3-all/55gk2rcmfc6p2dg9u9ohc3hw9/gradle-3.3/lib/plugins/gradle-testing-base-3.3.jar
7f3ac0c90000-7f3ac0c97000 r--s 00038000 08:01 34341961                   /root/.gradle/wrapper/dists/gradle-3.3-all/55gk2rcmfc6p2dg9u9ohc3hw9/gradle-3.3/lib/plugins/bcpg-jdk15on-1.51.jar
7f3ac0c97000-7f3ac0c99000 r--s 0000c000 08:01 34341913                   /root/.gradle/wrapper/dists/gradle-3.3-all/55gk2rcmfc6p2dg9u9ohc3hw9/gradle-3.3/lib/plugins/gradle-signing-3.3.jar
7f3ac0c99000-7f3ac0c9b000 r--s 00007000 08:01 34341912                   /root/.gradle/wrapper/dists/gradle-3.3-all/55gk2rcmfc6p2dg9u9ohc3hw9/gradle-3.3/lib/plugins/gradle-scala-3.3.jar
7f3ac0c9b000-7f3ac0c9c000 r--s 00004000 08:01 34341940                   /root/.gradle/wrapper/dists/gradle-3.3-all/55gk2rcmfc6p2dg9u9ohc3hw9/gradle-3.3/lib/plugins/gradle-resources-sftp-3.3.jar
7f3ac0c9c000-7f3ac0cac000 r--s 00088000 08:01 34341977                   /root/.gradle/wrapper/dists/gradle-3.3-all/55gk2rcmfc6p2dg9u9ohc3hw9/gradle-3.3/lib/plugins/joda-time-2.8.2.jar
7f3ac0cac000-7f3ac0cbd000 r--s 0010d000 08:01 34341976                   /root/.gradle/wrapper/dists/gradle-3.3-all/55gk2rcmfc6p2dg9u9ohc3hw9/gradle-3.3/lib/plugins/jackson-databind-2.6.6.jar
7f3ac0cbd000-7f3ac0cc0000 r--s 00009000 08:01 34341975                   /root/.gradle/wrapper/dists/gradle-3.3-all/55gk2rcmfc6p2dg9u9ohc3hw9/gradle-3.3/lib/plugins/jackson-annotations-2.6.6.jar
7f3ac0cc0000-7f3ac0cc4000 r--s 0003c000 08:01 34341974                   /root/.gradle/wrapper/dists/gradle-3.3-all/55gk2rcmfc6p2dg9u9ohc3hw9/gradle-3.3/lib/plugins/jackson-core-2.6.6.jar
7f3ac0cc4000-7f3ac0cd2000 r--s 00087000 08:01 34341973                   /root/.gradle/wrapper/dists/gradle-3.3-all/55gk2rcmfc6p2dg9u9ohc3hw9/gradle-3.3/lib/plugins/aws-java-sdk-core-1.11.6.jar
7f3ac0cd2000-7f3ac0cd9000 r--s 00057000 08:01 34341972                   /root/.gradle/wrapper/dists/gradle-3.3-all/55gk2rcmfc6p2dg9u9ohc3hw9/gradle-3.3/lib/plugins/aws-java-sdk-kms-1.11.6.jar
7f3ac0cd9000-7f3ac0ce6000 r--s 0008e000 08:01 34341971                   /root/.gradle/wrapper/dists/gradle-3.3-all/55gk2rcmfc6p2dg9u9ohc3hw9/gradle-3.3/lib/plugins/aws-java-sdk-s3-1.11.6.jar
7f3ac0ce6000-7f3ac0ce8000 r--s 00004000 08:01 34341941                   /root/.gradle/wrapper/dists/gradle-3.3-all/55gk2rcmfc6p2dg9u9ohc3hw9/gradle-3.3/lib/plugins/gradle-resources-s3-3.3.jar
7f3ac0ce8000-7f3ac0cea000 r--s 00005000 08:01 34341965                   /root/.gradle/wrapper/dists/gradle-3.3-all/55gk2rcmfc6p2dg9u9ohc3hw9/gradle-3.3/lib/plugins/jatl-0.2.2.jar
7f3ac0cea000-7f3ac0cec000 r--s 0000f000 08:01 34341918                   /root/.gradle/wrapper/dists/gradle-3.3-all/55gk2rcmfc6p2dg9u9ohc3hw9/gradle-3.3/lib/plugins/gradle-reporting-3.3.jar
7f3ac0cec000-7f3ac0cee000 r--s 00002000 08:01 34341919                   /root/.gradle/wrapper/dists/gradle-3.3-all/55gk2rcmfc6p2dg9u9ohc3hw9/gradle-3.3/lib/plugins/gradle-publish-3.3.jar
7f3ac0cee000-7f3ac0cf0000 r--s 00009000 08:01 34341948                   /root/.gradle/wrapper/dists/gradle-3.3-all/55gk2rcmfc6p2dg9u9ohc3hw9/gradle-3.3/lib/plugins/commons-cli-1.2.jar
7f3ac0cf0000-7f3ac0cf6000 r--s 00031000 08:01 34341904                   /root/.gradle/wrapper/dists/gradle-3.3-all/55gk2rcmfc6p2dg9u9ohc3hw9/gradle-3.3/lib/plugins/gradle-plugins-3.3.jar
7f3ac0cf6000-7f3ac0cf8000 r--s 00009000 08:01 34341937                   /root/.gradle/wrapper/dists/gradle-3.3-all/55gk2rcmfc6p2dg9u9ohc3hw9/gradle-3.3/lib/plugins/gradle-plugin-development-3.3.jar
7f3ac0cf8000-7f3ac0cfe000 r--s 0002b000 08:01 34341930                   /root/.gradle/wrapper/dists/gradle-3.3-all/55gk2rcmfc6p2dg9u9ohc3hw9/gradle-3.3/lib/plugins/gradle-platform-play-3.3.jar
7f3ac0cfe000-7f3ac0d0c000 r--s 00055000 08:01 34341929                   /root/.gradle/wrapper/dists/gradle-3.3-all/55gk2rcmfc6p2dg9u9ohc3hw9/gradle-3.3/lib/plugins/gradle-platform-native-3.3.jar
7f3ac0d0c000-7f3ac0d11000 r--s 0001f000 08:01 34341924                   /root/.gradle/wrapper/dists/gradle-3.3-all/55gk2rcmfc6p2dg9u9ohc3hw9/gradle-3.3/lib/plugins/gradle-platform-jvm-3.3.jar
7f3ac0d11000-7f3ac0d19000 r--s 00027000 08:01 34341923                   /root/.gradle/wrapper/dists/gradle-3.3-all/55gk2rcmfc6p2dg9u9ohc3hw9/gradle-3.3/lib/plugins/gradle-platform-base-3.3.jar
7f3ac0d19000-7f3ac0d41000 r--s 0021c000 08:01 34341956                   /root/.gradle/wrapper/dists/gradle-3.3-all/55gk2rcmfc6p2dg9u9ohc3hw9/gradle-3.3/lib/plugins/biz.aQute.bndlib-3.2.0.jar
7f3ac0d41000-7f3ac0d43000 r--s 00003000 08:01 34341908                   /root/.gradle/wrapper/dists/gradle-3.3-all/55gk2rcmfc6p2dg9u9ohc3hw9/gradle-3.3/lib/plugins/gradle-osgi-3.3.jar
7f3ac0d43000-7f3ac0d46000 r--s 0000c000 08:01 34341959                   /root/.gradle/wrapper/dists/gradle-3.3-all/55gk2rcmfc6p2dg9u9ohc3hw9/gradle-3.3/lib/plugins/pmaven-groovy-0.8-20100325.jar
7f3ac0d46000-7f3ac0d47000 r--s 00004000 08:01 34341958                   /root/.gradle/wrapper/dists/gradle-3.3-all/55gk2rcmfc6p2dg9u9ohc3hw9/gradle-3.3/lib/plugins/pmaven-common-0.8-20100325.jar
7f3ac0d47000-7f3ac0d4d000 r--s 00023000 08:01 34341909                   /root/.gradle/wrapper/dists/gradle-3.3-all/55gk2rcmfc6p2dg9u9ohc3hw9/gradle-3.3/lib/plugins/gradle-maven-3.3.jar
7f3ac0d4d000-7f3ac0d50000 r--s 0000b000 08:01 34341928                   /root/.gradle/wrapper/dists/gradle-3.3-all/55gk2rcmfc6p2dg9u9ohc3hw9/gradle-3.3/lib/plugins/gradle-language-scala-3.3.jar
7f3ac0d50000-7f3ac0d56000 r--s 0001a000 08:01 34341932                   /root/.gradle/wrapper/dists/gradle-3.3-all/55gk2rcmfc6p2dg9u9ohc3hw9/gradle-3.3/lib/plugins/gradle-language-native-3.3.jar
7f3ac0d56000-7f3ac0d59000 r--s 00005000 08:01 34341925                   /root/.gradle/wrapper/dists/gradle-3.3-all/55gk2rcmfc6p2dg9u9ohc3hw9/gradle-3.3/lib/plugins/gradle-language-jvm-3.3.jar
7f3ac0d59000-7f3ac0d5f000 r--s 00027000 08:01 34341926                   /root/.gradle/wrapper/dists/gradle-3.3-all/55gk2rcmfc6p2dg9u9ohc3hw9/gradle-3.3/lib/plugins/gradle-language-java-3.3.jar
7f3ac0d5f000-7f3ac0d61000 r--s 0000a000 08:01 34341927                   /root/.gradle/wrapper/dists/gradle-3.3-all/55gk2rcmfc6p2dg9u9ohc3hw9/gradle-3.3/lib/plugins/gradle-language-groovy-3.3.jar
7f3ac0d61000-7f3ac0d64000 r--s 0001e000 08:01 34341983                   /root/.gradle/wrapper/dists/gradle-3.3-all/55gk2rcmfc6p2dg9u9ohc3hw9/gradle-3.3/lib/plugins/jsp-api-2.1-6.1.14.jar
7f3ac0d64000-7f3ac0d87000 r--s 00344000 08:01 34341982                   /root/.gradle/wrapper/dists/gradle-3.3-all/55gk2rcmfc6p2dg9u9ohc3hw9/gradle-3.3/lib/plugins/core-3.1.1.jar
7f3ac0d87000-7f3ac0d88000 r--s 00006000 08:01 34341981                   /root/.gradle/wrapper/dists/gradle-3.3-all/55gk2rcmfc6p2dg9u9ohc3hw9/gradle-3.3/lib/plugins/jetty-naming-6.1.26.jar
7f3ac0d88000-7f3ac0d89000 r--s 00002000 08:01 34341955                   /root/.gradle/wrapper/dists/gradle-3.3-all/55gk2rcmfc6p2dg9u9ohc3hw9/gradle-3.3/lib/plugins/geronimo-annotation_1.0_spec-1.0.jar
7f3ac0d89000-7f3ac0d8b000 r--s 00002000 08:01 34341954                   /root/.gradle/wrapper/dists/gradle-3.3-all/55gk2rcmfc6p2dg9u9ohc3hw9/gradle-3.3/lib/plugins/jetty-annotations-6.1.26.jar
7f3ac0d8b000-7f3ac0d9c000 r--s 000ea000 08:01 34341953                   /root/.gradle/wrapper/dists/gradle-3.3-all/55gk2rcmfc6p2dg9u9ohc3hw9/gradle-3.3/lib/plugins/jsp-2.1-6.1.14.jar
7f3ac0d9c000-7f3ac0d9e000 r--s 0000d000 08:01 34341952                   /root/.gradle/wrapper/dists/gradle-3.3-all/55gk2rcmfc6p2dg9u9ohc3hw9/gradle-3.3/lib/plugins/jetty-plus-6.1.26.jar
7f3ac0d9e000-7f3ac0da0000 r--s 0001f000 08:01 34341951                   /root/.gradle/wrapper/dists/gradle-3.3-all/55gk2rcmfc6p2dg9u9ohc3hw9/gradle-3.3/lib/plugins/servlet-api-2.5-20081211.jar
7f3ac0da0000-7f3ac0da4000 r--s 00028000 08:01 34341950                   /root/.gradle/wrapper/dists/gradle-3.3-all/55gk2rcmfc6p2dg9u9ohc3hw9/gradle-3.3/lib/plugins/jetty-util-6.1.26.jar
7f3ac0da4000-7f3ac0dab000 r--s 0007d000 08:01 34341949                   /root/.gradle/wrapper/dists/gradle-3.3-all/55gk2rcmfc6p2dg9u9ohc3hw9/gradle-3.3/lib/plugins/jetty-6.1.26.jar
7f3ac0dab000-7f3ac0dad000 r--s 0000a000 08:01 34341906                   /root/.gradle/wrapper/dists/gradle-3.3-all/55gk2rcmfc6p2dg9u9ohc3hw9/gradle-3.3/lib/plugins/gradle-jetty-3.3.jar
7f3ac0dad000-7f3ac0db4000 r--s 00035000 08:01 34341964                   /root/.gradle/wrapper/dists/gradle-3.3-all/55gk2rcmfc6p2dg9u9ohc3hw9/gradle-3.3/lib/plugins/simple-4.1.21.jar
7f3ac0db4000-7f3ac0dc0000 r--s 00100000 08:01 34341962                   /root/.gradle/wrapper/dists/gradle-3.3-all/55gk2rcmfc6p2dg9u9ohc3hw9/gradle-3.3/lib/plugins/rhino-1.7R3.jar
7f3ac0dc0000-7f3ac0dc4000 r--s 00012000 08:01 34341915                   /root/.gradle/wrapper/dists/gradle-3.3-all/55gk2rcmfc6p2dg9u9ohc3hw9/gradle-3.3/lib/plugins/gradle-javascript-3.3.jar
7f3ac0dc4000-7f3ac0dc6000 r--s 0000d000 08:01 34341921                   /root/.gradle/wrapper/dists/gradle-3.3-all/55gk2rcmfc6p2dg9u9ohc3hw9/gradle-3.3/lib/plugins/gradle-jacoco-3.3.jar
7f3ac0dc6000-7f3ac0dc9000 r--s 0000e000 08:01 34341920                   /root/.gradle/wrapper/dists/gradle-3.3-all/55gk2rcmfc6p2dg9u9ohc3hw9/gradle-3.3/lib/plugins/gradle-ivy-3.3.jar
7f3ac0dc9000-7f3ac0dca000 r--s 00002000 08:01 34341931                   /root/.gradle/wrapper/dists/gradle-3.3-all/55gk2rcmfc6p2dg9u9ohc3hw9/gradle-3.3/lib/plugins/gradle-ide-play-3.3.jar
7f3ac0dca000-7f3ac0dcd000 r--s 00013000 08:01 34341933                   /root/.gradle/wrapper/dists/gradle-3.3-all/55gk2rcmfc6p2dg9u9ohc3hw9/gradle-3.3/lib/plugins/gradle-ide-native-3.3.jar
7f3ac0dcd000-7f3ac0dd6000 r--s 00055000 08:01 34341910                   /root/.gradle/wrapper/dists/gradle-3.3-all/55gk2rcmfc6p2dg9u9ohc3hw9/gradle-3.3/lib/plugins/gradle-ide-3.3.jar
7f3ac0dd6000-7f3ac0dd8000 r--s 00007000 08:01 34341914                   /root/.gradle/wrapper/dists/gradle-3.3-all/55gk2rcmfc6p2dg9u9ohc3hw9/gradle-3.3/lib/plugins/gradle-ear-3.3.jar
7f3ac0dd8000-7f3ac0dde000 r--s 00039000 08:01 34341917                   /root/.gradle/wrapper/dists/gradle-3.3-all/55gk2rcmfc6p2dg9u9ohc3hw9/gradle-3.3/lib/plugins/gradle-diagnostics-3.3.jar
7f3ac0dde000-7f3ac0ddf000 r--s 00009000 08:01 34341943                   /root/.gradle/wrapper/dists/gradle-3.3-all/55gk2rcmfc6p2dg9u9ohc3hw9/gradle-3.3/lib/plugins/gradle-composite-builds-3.3.jar
7f3ac0ddf000-7f3ac0de3000 r--s 00023000 08:01 34341905                   /root/.gradle/wrapper/dists/gradle-3.3-all/55gk2rcmfc6p2dg9u9ohc3hw9/gradle-3.3/lib/plugins/gradle-code-quality-3.3.jar
7f3ac0de3000-7f3ac0de7000 r--s 00022000 08:01 34341922                   /root/.gradle/wrapper/dists/gradle-3.3-all/55gk2rcmfc6p2dg9u9ohc3hw9/gradle-3.3/lib/plugins/gradle-build-init-3.3.jar
7f3ac0de7000-7f3ac0ded000 r--s 0008e000 08:01 34341916                   /root/.gradle/wrapper/dists/gradle-3.3-all/55gk2rcmfc6p2dg9u9ohc3hw9/gradle-3.3/lib/plugins/gradle-build-comparison-3.3.jar
7f3ac0ded000-7f3ac0dee000 r--s 00001000 08:01 34341944                   /root/.gradle/wrapper/dists/gradle-3.3-all/55gk2rcmfc6p2dg9u9ohc3hw9/gradle-3.3/lib/plugins/gradle-build-cache-http-3.3.jar
7f3ac0dee000-7f3ac0df0000 r--s 00008000 08:01 34341907                   /root/.gradle/wrapper/dists/gradle-3.3-all/55gk2rcmfc6p2dg9u9ohc3hw9/gradle-3.3/lib/plugins/gradle-antlr-3.3.jar
7f3ac0df0000-7f3ac0df2000 r--s 00004000 08:01 34341911                   /root/.gradle/wrapper/dists/gradle-3.3-all/55gk2rcmfc6p2dg9u9ohc3hw9/gradle-3.3/lib/plugins/gradle-announce-3.3.jar
7f3ac0df2000-7f3ac0e0a000 r--s 00115000 08:01 34342013                   /root/.gradle/wrapper/dists/gradle-3.3-all/55gk2rcmfc6p2dg9u9ohc3hw9/gradle-3.3/lib/plugins/xercesImpl-2.9.1.jar
7f3ac0e0a000-7f3ac0e12000 r--s 00028000 08:01 34342014                   /root/.gradle/wrapper/dists/gradle-3.3-all/55gk2rcmfc6p2dg9u9ohc3hw9/gradle-3.3/lib/plugins/xml-apis-1.3.04.jar
7f3ac0e12000-7f3ac0e18000 r--s 0005b000 08:01 34342012                   /root/.gradle/wrapper/dists/gradle-3.3-all/55gk2rcmfc6p2dg9u9ohc3hw9/gradle-3.3/lib/plugins/jcifs-1.3.17.jar
7f3ac0e18000-7f3ac0e1e000 r--s 00033000 08:01 34341960                   /root/.gradle/wrapper/dists/gradle-3.3-all/55gk2rcmfc6p2dg9u9ohc3hw9/gradle-3.3/lib/plugins/commons-codec-1.6.jar
7f3ac0e1e000-7f3ac0e25000 r--s 00049000 08:01 34342011                   /root/.gradle/wrapper/dists/gradle-3.3-all/55gk2rcmfc6p2dg9u9ohc3hw9/gradle-3.3/lib/plugins/httpcore-4.4.4.jar
7f3ac0e25000-7f3ac0e28000 r--s 0001c000 08:01 34341969                   /root/.gradle/wrapper/dists/gradle-3.3-all/55gk2rcmfc6p2dg9u9ohc3hw9/gradle-3.3/lib/plugins/nekohtml-1.9.14.jar
7f3ac0e28000-7f3ac0e35000 r--s 000a4000 08:01 34341968                   /root/.gradle/wrapper/dists/gradle-3.3-all/55gk2rcmfc6p2dg9u9ohc3hw9/gradle-3.3/lib/plugins/httpclient-4.4.1.jar
7f3ac0e35000-7f3ac0e38000 r--s 0000a000 08:01 34341939                   /root/.gradle/wrapper/dists/gradle-3.3-all/55gk2rcmfc6p2dg9u9ohc3hw9/gradle-3.3/lib/plugins/gradle-resources-http-3.3.jar
7f3ac0e38000-7f3ac0e3c000 r--s 00015000 08:01 34341938                   /root/.gradle/wrapper/dists/gradle-3.3-all/55gk2rcmfc6p2dg9u9ohc3hw9/gradle-3.3/lib/plugins/gradle-plugin-use-3.3.jar
7f3ac0e3c000-7f3ac0e3d000 r--s 00000000 08:01 34341850                   /root/.gradle/wrapper/dists/gradle-3.3-all/55gk2rcmfc6p2dg9u9ohc3hw9/gradle-3.3/lib/gradle-installation-beacon-3.3.jar
7f3ac0e3d000-7f3ac0e3f000 r--s 00006000 08:01 34342007                   /root/.gradle/wrapper/dists/gradle-3.3-all/55gk2rcmfc6p2dg9u9ohc3hw9/gradle-3.3/lib/plugins/aether-connector-wagon-1.13.1.jar
7f3ac0e3f000-7f3ac0e43000 r--s 0001c000 08:01 34342006                   /root/.gradle/wrapper/dists/gradle-3.3-all/55gk2rcmfc6p2dg9u9ohc3hw9/gradle-3.3/lib/plugins/aether-util-1.13.1.jar
7f3ac0e43000-7f3ac0e44000 r--s 00003000 08:01 34342005                   /root/.gradle/wrapper/dists/gradle-3.3-all/55gk2rcmfc6p2dg9u9ohc3hw9/gradle-3.3/lib/plugins/aether-spi-1.13.1.jar
7f3ac0e44000-7f3ac0e47000 r--s 0001d000 08:01 34342004                   /root/.gradle/wrapper/dists/gradle-3.3-all/55gk2rcmfc6p2dg9u9ohc3hw9/gradle-3.3/lib/plugins/aether-impl-1.13.1.jar
7f3ac0e47000-7f3ac0e4a000 r--s 00013000 08:01 34342003                   /root/.gradle/wrapper/dists/gradle-3.3-all/55gk2rcmfc6p2dg9u9ohc3hw9/gradle-3.3/lib/plugins/aether-api-1.13.1.jar
7f3ac0e4a000-7f3ac0e4b000 r--s 00007000 08:01 34342002                   /root/.gradle/wrapper/dists/gradle-3.3-all/55gk2rcmfc6p2dg9u9ohc3hw9/gradle-3.3/lib/plugins/wagon-http-shared4-2.4.jar
7f3ac0e4b000-7f3ac0e4d000 r--s 0000b000 08:01 34342001                   /root/.gradle/wrapper/dists/gradle-3.3-all/55gk2rcmfc6p2dg9u9ohc3hw9/gradle-3.3/lib/plugins/wagon-provider-api-2.4.jar
7f3ac0e4d000-7f3ac0e4e000 r--s 00002000 08:01 34342000                   /root/.gradle/wrapper/dists/gradle-3.3-all/55gk2rcmfc6p2dg9u9ohc3hw9/gradle-3.3/lib/plugins/wagon-http-2.4.jar
7f3ac0e4e000-7f3ac0e4f000 r--s 00002000 08:01 34341999                   /root/.gradle/wrapper/dists/gradle-3.3-all/55gk2rcmfc6p2dg9u9ohc3hw9/gradle-3.3/lib/plugins/wagon-file-2.4.jar
7f3ac0e4f000-7f3ac0e51000 r--s 0000c000 08:01 34341998                   /root/.gradle/wrapper/dists/gradle-3.3-all/55gk2rcmfc6p2dg9u9ohc3hw9/gradle-3.3/lib/plugins/maven-aether-provider-3.0.4.jar
7f3ac0e51000-7f3ac0e53000 r--s 0000b000 08:01 34341997                   /root/.gradle/wrapper/dists/gradle-3.3-all/55gk2rcmfc6p2dg9u9ohc3hw9/gradle-3.3/lib/plugins/maven-plugin-api-3.0.4.jar
7f3ac0e53000-7f3ac0e55000 r--s 00006000 08:01 34341996                   /root/.gradle/wrapper/dists/gradle-3.3-all/55gk2rcmfc6p2dg9u9ohc3hw9/gradle-3.3/lib/plugins/maven-repository-metadata-3.0.4.jar
7f3ac0e55000-7f3ac0e57000 r--s 0000b000 08:01 34341995                   /root/.gradle/wrapper/dists/gradle-3.3-all/55gk2rcmfc6p2dg9u9ohc3hw9/gradle-3.3/lib/plugins/maven-artifact-3.0.4.jar
7f3ac0e57000-7f3ac0e59000 r--s 00026000 08:01 34341994                   /root/.gradle/wrapper/dists/gradle-3.3-all/55gk2rcmfc6p2dg9u9ohc3hw9/gradle-3.3/lib/plugins/maven-model-3.0.4.jar
7f3ac0e59000-7f3ac0e5d000 r--s 00021000 08:01 34341993                   /root/.gradle/wrapper/dists/gradle-3.3-all/55gk2rcmfc6p2dg9u9ohc3hw9/gradle-3.3/lib/plugins/maven-model-builder-3.0.4.jar
7f3ac0e5d000-7f3ac0e63000 r--s 0003f000 08:01 34341992                   /root/.gradle/wrapper/dists/gradle-3.3-all/55gk2rcmfc6p2dg9u9ohc3hw9/gradle-3.3/lib/plugins/maven-compat-3.0.4.jar
7f3ac0e63000-7f3ac0e64000 r--s 00006000 08:01 34341991                   /root/.gradle/wrapper/dists/gradle-3.3-all/55gk2rcmfc6p2dg9u9ohc3hw9/gradle-3.3/lib/plugins/plexus-sec-dispatcher-1.3.jar
7f3ac0e64000-7f3ac0e66000 r--s 00002000 08:01 34341990                   /root/.gradle/wrapper/dists/gradle-3.3-all/55gk2rcmfc6p2dg9u9ohc3hw9/gradle-3.3/lib/plugins/plexus-cipher-1.7.jar
7f3ac0e66000-7f3ac0e68000 r--s 0000a000 08:01 34341989                   /root/.gradle/wrapper/dists/gradle-3.3-all/55gk2rcmfc6p2dg9u9ohc3hw9/gradle-3.3/lib/plugins/plexus-classworlds-2.4.jar
7f3ac0e68000-7f3ac0e6f000 r--s 0002e000 08:01 34341988                   /root/.gradle/wrapper/dists/gradle-3.3-all/55gk2rcmfc6p2dg9u9ohc3hw9/gradle-3.3/lib/plugins/plexus-container-default-1.5.5.jar
7f3ac0e6f000-7f3ac0e71000 r--s 00000000 08:01 34342015                   /root/.gradle/wrapper/dists/gradle-3.3-all/55gk2rcmfc6p2dg9u9ohc3hw9/gradle-3.3/lib/plugins/plexus-component-annotations-1.5.5.jar
7f3ac0e71000-7f3ac0e73000 r--s 0000d000 08:01 34341987                   /root/.gradle/wrapper/dists/gradle-3.3-all/55gk2rcmfc6p2dg9u9ohc3hw9/gradle-3.3/lib/plugins/plexus-interpolation-1.14.jar
7f3ac0e73000-7f3ac0e77000 r--s 00033000 08:01 34341986                   /root/.gradle/wrapper/dists/gradle-3.3-all/55gk2rcmfc6p2dg9u9ohc3hw9/gradle-3.3/lib/plugins/plexus-utils-2.0.6.jar
7f3ac0e77000-7f3ac0e7a000 r--s 00008000 08:01 34341985                   /root/.gradle/wrapper/dists/gradle-3.3-all/55gk2rcmfc6p2dg9u9ohc3hw9/gradle-3.3/lib/plugins/maven-settings-builder-3.0.4.jar
7f3ac0e7a000-7f3ac0e7f000 r--s 00040000 08:01 34341970                   /root/.gradle/wrapper/dists/gradle-3.3-all/55gk2rcmfc6p2dg9u9ohc3hw9/gradle-3.3/lib/plugins/jsch-0.1.53.jar
7f3ac0e7f000-7f3ac0ebf000 r--s 00277000 08:01 34341980                   /root/.gradle/wrapper/dists/gradle-3.3-all/55gk2rcmfc6p2dg9u9ohc3hw9/gradle-3.3/lib/plugins/bcprov-jdk15on-1.51.jar
7f3ac0ebf000-7f3ac0ecb000 r--s 0007d000 08:01 34341957                   /root/.gradle/wrapper/dists/gradle-3.3-all/55gk2rcmfc6p2dg9u9ohc3hw9/gradle-3.3/lib/plugins/maven-core-3.0.4.jar
7f3ac0ecb000-7f3ac0eea000 r--s 000f6000 08:01 34341946                   /root/.gradle/wrapper/dists/gradle-3.3-all/55gk2rcmfc6p2dg9u9ohc3hw9/gradle-3.3/lib/plugins/gradle-dependency-management-3.3.jar
7f3ac0eea000-7f3ac0f00000 r-xp 00000000 08:01 4985220                    /lib/x86_64-linux-gnu/libgcc_s.so.1
7f3ac0f00000-7f3ac10ff000 ---p 00016000 08:01 4985220                    /lib/x86_64-linux-gnu/libgcc_s.so.1
7f3ac10ff000-7f3ac1100000 rw-p 00015000 08:01 4985220                    /lib/x86_64-linux-gnu/libgcc_s.so.1
7f3ac1100000-7f3ac1272000 r-xp 00000000 08:01 11012225                   /usr/lib/x86_64-linux-gnu/libstdc++.so.6.0.21
7f3ac1272000-7f3ac1472000 ---p 00172000 08:01 11012225                   /usr/lib/x86_64-linux-gnu/libstdc++.so.6.0.21
7f3ac1472000-7f3ac147c000 r--p 00172000 08:01 11012225                   /usr/lib/x86_64-linux-gnu/libstdc++.so.6.0.21
7f3ac147c000-7f3ac147e000 rw-p 0017c000 08:01 11012225                   /usr/lib/x86_64-linux-gnu/libstdc++.so.6.0.21
7f3ac147e000-7f3ac1482000 rw-p 00000000 00:00 0 
7f3ac1482000-7f3ac1484000 r--s 0000a000 08:01 34341984                   /root/.gradle/wrapper/dists/gradle-3.3-all/55gk2rcmfc6p2dg9u9ohc3hw9/gradle-3.3/lib/plugins/maven-settings-3.0.4.jar
7f3ac1484000-7f3ac1488000 r--s 0001d000 08:01 34341979                   /root/.gradle/wrapper/dists/gradle-3.3-all/55gk2rcmfc6p2dg9u9ohc3hw9/gradle-3.3/lib/plugins/xbean-reflect-3.4.jar
7f3ac1488000-7f3ac148d000 r--s 00034000 08:01 34341963                   /root/.gradle/wrapper/dists/gradle-3.3-all/55gk2rcmfc6p2dg9u9ohc3hw9/gradle-3.3/lib/plugins/gson-2.7.jar
7f3ac148d000-7f3ac149c000 r--s 000d9000 08:01 34341978                   /root/.gradle/wrapper/dists/gradle-3.3-all/55gk2rcmfc6p2dg9u9ohc3hw9/gradle-3.3/lib/plugins/ivy-2.2.0.jar
7f3ac149c000-7f3ac149e000 r--s 00005000 08:01 34341945                   /root/.gradle/wrapper/dists/gradle-3.3-all/55gk2rcmfc6p2dg9u9ohc3hw9/gradle-3.3/lib/plugins/gradle-workers-3.3.jar
7f3ac149e000-7f3ac14a3000 r-xp 00000000 08:01 34345271                   /root/.gradle/native/23/linux-amd64/libnative-platform.so
7f3ac14a3000-7f3ac16a2000 ---p 00005000 08:01 34345271                   /root/.gradle/native/23/linux-amd64/libnative-platform.so
7f3ac16a2000-7f3ac16a3000 rw-p 00004000 08:01 34345271                   /root/.gradle/native/23/linux-amd64/libnative-platform.so
7f3ac16a3000-7f3ac16b4000 r-xp 00000000 08:01 11144059                   /usr/local/java/jdk1.8.0_121/jre/lib/amd64/libnio.so
7f3ac16b4000-7f3ac18b3000 ---p 00011000 08:01 11144059                   /usr/local/java/jdk1.8.0_121/jre/lib/amd64/libnio.so
7f3ac18b3000-7f3ac18b4000 rw-p 00010000 08:01 11144059                   /usr/local/java/jdk1.8.0_121/jre/lib/amd64/libnio.so
7f3ac18b4000-7f3ac18ca000 r-xp 00000000 08:01 11144034                   /usr/local/java/jdk1.8.0_121/jre/lib/amd64/libnet.so
7f3ac18ca000-7f3ac1aca000 ---p 00016000 08:01 11144034                   /usr/local/java/jdk1.8.0_121/jre/lib/amd64/libnet.so
7f3ac1aca000-7f3ac1acb000 rw-p 00016000 08:01 11144034                   /usr/local/java/jdk1.8.0_121/jre/lib/amd64/libnet.so
7f3ac1acb000-7f3ac1acc000 r--s 00006000 08:01 34341849                   /root/.gradle/wrapper/dists/gradle-3.3-all/55gk2rcmfc6p2dg9u9ohc3hw9/gradle-3.3/lib/gradle-wrapper-3.3.jar
7f3ac1acc000-7f3ac1ad9000 r--s 00041000 08:01 34341856                   /root/.gradle/wrapper/dists/gradle-3.3-all/55gk2rcmfc6p2dg9u9ohc3hw9/gradle-3.3/lib/gradle-tooling-api-3.3.jar
7f3ac1ad9000-7f3ac1adb000 r--s 00002000 08:01 34341876                   /root/.gradle/wrapper/dists/gradle-3.3-all/55gk2rcmfc6p2dg9u9ohc3hw9/gradle-3.3/lib/gradle-open-api-3.3.jar
7f3ac1adb000-7f3ac1ae1000 r--s 00032000 08:01 34341878                   /root/.gradle/wrapper/dists/gradle-3.3-all/55gk2rcmfc6p2dg9u9ohc3hw9/gradle-3.3/lib/jaxen-1.1.jar
7f3ac1ae1000-7f3ac1ae6000 r--s 00048000 08:01 34341877                   /root/.gradle/wrapper/dists/gradle-3.3-all/55gk2rcmfc6p2dg9u9ohc3hw9/gradle-3.3/lib/dom4j-1.6.1.jar
7f3ac1ae6000-7f3ac1af1000 r--s 00059000 08:01 34341855                   /root/.gradle/wrapper/dists/gradle-3.3-all/55gk2rcmfc6p2dg9u9ohc3hw9/gradle-3.3/lib/gradle-ui-3.3.jar
7f3ac1af1000-7f3ac1afa000 r--s 0008c000 08:01 34341847                   /root/.gradle/wrapper/dists/gradle-3.3-all/55gk2rcmfc6p2dg9u9ohc3hw9/gradle-3.3/lib/kotlin-stdlib-1.1-M02.jar
7f3ac1afa000-7f3ac1b00000 r--s 0002a000 08:01 34341846                   /root/.gradle/wrapper/dists/gradle-3.3-all/55gk2rcmfc6p2dg9u9ohc3hw9/gradle-3.3/lib/kotlin-runtime-1.1-M02.jar
7f3ac1b00000-7f3ac1b34000 r--s 00256000 08:01 34341845                   /root/.gradle/wrapper/dists/gradle-3.3-all/55gk2rcmfc6p2dg9u9ohc3hw9/gradle-3.3/lib/kotlin-reflect-1.1-M02.jar
7f3ac1b34000-7f3ac1cca000 r--s 0157e000 08:01 34341844                   /root/.gradle/wrapper/dists/gradle-3.3-all/55gk2rcmfc6p2dg9u9ohc3hw9/gradle-3.3/lib/kotlin-compiler-embeddable-1.1-M02.jar
7f3ac1cca000-7f3ac1cd2000 r--s 0004e000 08:01 34341843                   /root/.gradle/wrapper/dists/gradle-3.3-all/55gk2rcmfc6p2dg9u9ohc3hw9/gradle-3.3/lib/gradle-script-kotlin-0.5.1.jar
7f3ac1cd2000-7f3ac1cd5000 r--s 0000b000 08:01 34341874                   /root/.gradle/wrapper/dists/gradle-3.3-all/55gk2rcmfc6p2dg9u9ohc3hw9/gradle-3.3/lib/gradle-resources-3.3.jar
7f3ac1cd5000-7f3ac1cd7000 r--s 00003000 08:01 34341883                   /root/.gradle/wrapper/dists/gradle-3.3-all/55gk2rcmfc6p2dg9u9ohc3hw9/gradle-3.3/lib/jcl-over-slf4j-1.7.10.jar
7f3ac1cd7000-7f3ac1cd8000 r--s 00005000 08:01 34341882                   /root/.gradle/wrapper/dists/gradle-3.3-all/55gk2rcmfc6p2dg9u9ohc3hw9/gradle-3.3/lib/log4j-over-slf4j-1.7.10.jar
7f3ac1cd8000-7f3ac1cda000 r--s 00000000 08:01 34341881                   /root/.gradle/wrapper/dists/gradle-3.3-all/55gk2rcmfc6p2dg9u9ohc3hw9/gradle-3.3/lib/jul-to-slf4j-1.7.10.jar
7f3ac1cda000-7f3ac1cdf000 r--s 0001e000 08:01 34341858                   /root/.gradle/wrapper/dists/gradle-3.3-all/55gk2rcmfc6p2dg9u9ohc3hw9/gradle-3.3/lib/gradle-logging-3.3.jar
7f3ac1cdf000-7f3ac1ce1000 r--s 00007000 08:01 34341902                   /root/.gradle/wrapper/dists/gradle-3.3-all/55gk2rcmfc6p2dg9u9ohc3hw9/gradle-3.3/lib/objenesis-1.2.jar
7f3ac1ce1000-7f3ac1ce3000 r--s 00000000 08:01 34341901                   /root/.gradle/wrapper/dists/gradle-3.3-all/55gk2rcmfc6p2dg9u9ohc3hw9/gradle-3.3/lib/minlog-1.2.jar
7f3ac1ce3000-7f3ac1ce5000 r--s 0000f000 08:01 34341900                   /root/.gradle/wrapper/dists/gradle-3.3-all/55gk2rcmfc6p2dg9u9ohc3hw9/gradle-3.3/lib/reflectasm-1.07-shaded.jar
7f3ac1ce5000-7f3ac1ce9000 r--s 00026000 08:01 34341885                   /root/.gradle/wrapper/dists/gradle-3.3-all/55gk2rcmfc6p2dg9u9ohc3hw9/gradle-3.3/lib/kryo-2.20.jar
7f3ac1ce9000-7f3ac1cef000 r--s 00027000 08:01 34341873                   /root/.gradle/wrapper/dists/gradle-3.3-all/55gk2rcmfc6p2dg9u9ohc3hw9/gradle-3.3/lib/gradle-messaging-3.3.jar
7f3ac1cef000-7f3ac1cf0000 r--s 00001000 08:01 34341899                   /root/.gradle/wrapper/dists/gradle-3.3-all/55gk2rcmfc6p2dg9u9ohc3hw9/gradle-3.3/lib/native-platform-linux-i386-ncurses6-0.12.jar
7f3ac1cf0000-7f3ac1cf1000 r--s 00001000 08:01 34341898                   /root/.gradle/wrapper/dists/gradle-3.3-all/55gk2rcmfc6p2dg9u9ohc3hw9/gradle-3.3/lib/native-platform-linux-i386-ncurses5-0.12.jar
7f3ac1cf1000-7f3ac1cf2000 r--s 00001000 08:01 34341897                   /root/.gradle/wrapper/dists/gradle-3.3-all/55gk2rcmfc6p2dg9u9ohc3hw9/gradle-3.3/lib/native-platform-linux-amd64-ncurses6-0.12.jar
7f3ac1cf2000-7f3ac1cf3000 r--s 00001000 08:01 34341896                   /root/.gradle/wrapper/dists/gradle-3.3-all/55gk2rcmfc6p2dg9u9ohc3hw9/gradle-3.3/lib/native-platform-linux-amd64-ncurses5-0.12.jar
7f3ac1cf3000-7f3ac1cf4000 r--s 0000b000 08:01 34341895                   /root/.gradle/wrapper/dists/gradle-3.3-all/55gk2rcmfc6p2dg9u9ohc3hw9/gradle-3.3/lib/native-platform-windows-i386-0.12.jar
7f3ac1cf4000-7f3ac1cf6000 r--s 0000b000 08:01 34341894                   /root/.gradle/wrapper/dists/gradle-3.3-all/55gk2rcmfc6p2dg9u9ohc3hw9/gradle-3.3/lib/native-platform-windows-amd64-0.12.jar
7f3ac1cf6000-7f3ac1cf8000 r--s 00002000 08:01 34341893                   /root/.gradle/wrapper/dists/gradle-3.3-all/55gk2rcmfc6p2dg9u9ohc3hw9/gradle-3.3/lib/native-platform-osx-i386-0.12.jar
7f3ac1cf8000-7f3ac1cf9000 r--s 00002000 08:01 34341892                   /root/.gradle/wrapper/dists/gradle-3.3-all/55gk2rcmfc6p2dg9u9ohc3hw9/gradle-3.3/lib/native-platform-osx-amd64-0.12.jar
7f3ac1cf9000-7f3ac1cfa000 r--s 00002000 08:01 34341891                   /root/.gradle/wrapper/dists/gradle-3.3-all/55gk2rcmfc6p2dg9u9ohc3hw9/gradle-3.3/lib/native-platform-linux-i386-0.12.jar
7f3ac1cfa000-7f3ac1cfb000 r--s 00002000 08:01 34341890                   /root/.gradle/wrapper/dists/gradle-3.3-all/55gk2rcmfc6p2dg9u9ohc3hw9/gradle-3.3/lib/native-platform-linux-amd64-0.12.jar
7f3ac1cfb000-7f3ac1cfc000 r--s 00003000 08:01 34341889                   /root/.gradle/wrapper/dists/gradle-3.3-all/55gk2rcmfc6p2dg9u9ohc3hw9/gradle-3.3/lib/native-platform-freebsd-i386-libstdcpp-0.12.jar
7f3ac1cfc000-7f3ac1cfd000 r--s 00004000 08:01 34341888                   /root/.gradle/wrapper/dists/gradle-3.3-all/55gk2rcmfc6p2dg9u9ohc3hw9/gradle-3.3/lib/native-platform-freebsd-i386-libcpp-0.12.jar
7f3ac1cfd000-7f3ac1cff000 r--s 00003000 08:01 34341887                   /root/.gradle/wrapper/dists/gradle-3.3-all/55gk2rcmfc6p2dg9u9ohc3hw9/gradle-3.3/lib/native-platform-freebsd-amd64-libstdcpp-0.12.jar
7f3ac1cff000-7f3ac1d00000 r--s 00004000 08:01 34341886                   /root/.gradle/wrapper/dists/gradle-3.3-all/55gk2rcmfc6p2dg9u9ohc3hw9/gradle-3.3/lib/native-platform-freebsd-amd64-libcpp-0.12.jar
7f3ac1d00000-7f3ac1d03000 r--s 00023000 08:01 34341880                   /root/.gradle/wrapper/dists/gradle-3.3-all/55gk2rcmfc6p2dg9u9ohc3hw9/gradle-3.3/lib/jansi-1.14.jar
7f3ac1d03000-7f3ac1d07000 r--s 00011000 08:01 34341879                   /root/.gradle/wrapper/dists/gradle-3.3-all/55gk2rcmfc6p2dg9u9ohc3hw9/gradle-3.3/lib/native-platform-0.12.jar
7f3ac1d07000-7f3ac1d16000 r--s 0007f000 08:01 34341864                   /root/.gradle/wrapper/dists/gradle-3.3-all/55gk2rcmfc6p2dg9u9ohc3hw9/gradle-3.3/lib/gradle-model-core-3.3.jar
7f3ac1d16000-7f3ac1d23000 r--s 00083000 08:01 34341868                   /root/.gradle/wrapper/dists/gradle-3.3-all/55gk2rcmfc6p2dg9u9ohc3hw9/gradle-3.3/lib/commons-collections-3.2.2.jar
7f3ac1d23000-7f3ac1d93000 r--s 00641000 08:01 34341863                   /root/.gradle/wrapper/dists/gradle-3.3-all/55gk2rcmfc6p2dg9u9ohc3hw9/gradle-3.3/lib/groovy-all-2.4.7.jar
7f3ac1d93000-7f3ac1dbb000 r--s 001cf000 08:01 34341860                   /root/.gradle/wrapper/dists/gradle-3.3-all/55gk2rcmfc6p2dg9u9ohc3hw9/gradle-3.3/lib/guava-jdk5-17.0.jar
7f3ac1dbb000-7f3ac1dda000 r--s 001d1000 08:01 34341867                   /root/.gradle/wrapper/dists/gradle-3.3-all/55gk2rcmfc6p2dg9u9ohc3hw9/gradle-3.3/lib/ant-1.9.6.jar
7f3ac1dda000-7f3ac1e17000 r--s 001f8000 08:01 34341853                   /root/.gradle/wrapper/dists/gradle-3.3-all/55gk2rcmfc6p2dg9u9ohc3hw9/gradle-3.3/lib/gradle-core-3.3.jar
7f3ac1e17000-7f3ac1e18000 ---p 00000000 00:00 0 
7f3ac1e18000-7f3ac1f18000 rw-p 00000000 00:00 0 
7f3ac1f18000-7f3ac1f1b000 ---p 00000000 00:00 0 
7f3ac1f1b000-7f3ac2019000 rw-p 00000000 00:00 0 
7f3ac2019000-7f3ac201c000 ---p 00000000 00:00 0 
7f3ac201c000-7f3ac211a000 rw-p 00000000 00:00 0 
7f3ac211a000-7f3ac211d000 ---p 00000000 00:00 0 
7f3ac211d000-7f3ac221b000 rw-p 00000000 00:00 0 
7f3ac221b000-7f3ac221e000 ---p 00000000 00:00 0 
7f3ac221e000-7f3ac231c000 rw-p 00000000 00:00 0 
7f3ac231c000-7f3ac231f000 ---p 00000000 00:00 0 
7f3ac231f000-7f3ac241d000 rw-p 00000000 00:00 0 
7f3ac241d000-7f3ac26f6000 r--p 00000000 08:01 11010498                   /usr/lib/locale/locale-archive
7f3ac26f6000-7f3ac26f9000 ---p 00000000 00:00 0 
7f3ac26f9000-7f3ac27f7000 rw-p 00000000 00:00 0 
7f3ac27f7000-7f3ac27fa000 ---p 00000000 00:00 0 
7f3ac27fa000-7f3ac28f8000 rw-p 00000000 00:00 0 
7f3ac28f8000-7f3ac28f9000 ---p 00000000 00:00 0 
7f3ac28f9000-7f3ac39db000 rw-p 00000000 00:00 0 
7f3ac39db000-7f3ac3bb4000 r--s 03d3e000 08:01 11144026                   /usr/local/java/jdk1.8.0_121/jre/lib/rt.jar
7f3ac3bb4000-7f3ac76b4000 rw-p 00000000 00:00 0 
7f3ac76b4000-7f3ac76b5000 ---p 00000000 00:00 0 
7f3ac76b5000-7f3ac77b5000 rw-p 00000000 00:00 0 
7f3ac77b5000-7f3ac77b6000 ---p 00000000 00:00 0 
7f3ac77b6000-7f3ac78b6000 rw-p 00000000 00:00 0 
7f3ac78b6000-7f3ac78b7000 ---p 00000000 00:00 0 
7f3ac78b7000-7f3ac79b7000 rw-p 00000000 00:00 0 
7f3ac79b7000-7f3ac79b8000 ---p 00000000 00:00 0 
7f3ac79b8000-7f3ac7b0a000 rw-p 00000000 00:00 0 
7f3ac7b0a000-7f3ac7cb8000 ---p 00000000 00:00 0 
7f3ac7cb8000-7f3ac7d0a000 rw-p 00000000 00:00 0 
7f3ac7d0a000-7f3ac7eb8000 ---p 00000000 00:00 0 
7f3ac7eb8000-7f3ac7f35000 rw-p 00000000 00:00 0 
7f3ac7f35000-7f3ac7fb8000 ---p 00000000 00:00 0 
7f3ac7fb8000-7f3ac8049000 rw-p 00000000 00:00 0 
7f3ac8049000-7f3ac8379000 ---p 00000000 00:00 0 
7f3ac8379000-7f3aca769000 rwxp 00000000 00:00 0 
7f3aca769000-7f3ad7379000 ---p 00000000 00:00 0 
7f3ad7379000-7f3ad7393000 r-xp 00000000 08:01 11144057                   /usr/local/java/jdk1.8.0_121/jre/lib/amd64/libzip.so
7f3ad7393000-7f3ad7593000 ---p 0001a000 08:01 11144057                   /usr/local/java/jdk1.8.0_121/jre/lib/amd64/libzip.so
7f3ad7593000-7f3ad7594000 rw-p 0001a000 08:01 11144057                   /usr/local/java/jdk1.8.0_121/jre/lib/amd64/libzip.so
7f3ad7594000-7f3ad759f000 r-xp 00000000 08:01 4981284                    /lib/x86_64-linux-gnu/libnss_files-2.23.so
7f3ad759f000-7f3ad779e000 ---p 0000b000 08:01 4981284                    /lib/x86_64-linux-gnu/libnss_files-2.23.so
7f3ad779e000-7f3ad779f000 r--p 0000a000 08:01 4981284                    /lib/x86_64-linux-gnu/libnss_files-2.23.so
7f3ad779f000-7f3ad77a0000 rw-p 0000b000 08:01 4981284                    /lib/x86_64-linux-gnu/libnss_files-2.23.so
7f3ad77a0000-7f3ad77a6000 rw-p 00000000 00:00 0 
7f3ad77a6000-7f3ad77b1000 r-xp 00000000 08:01 4981297                    /lib/x86_64-linux-gnu/libnss_nis-2.23.so
7f3ad77b1000-7f3ad79b0000 ---p 0000b000 08:01 4981297                    /lib/x86_64-linux-gnu/libnss_nis-2.23.so
7f3ad79b0000-7f3ad79b1000 r--p 0000a000 08:01 4981297                    /lib/x86_64-linux-gnu/libnss_nis-2.23.so
7f3ad79b1000-7f3ad79b2000 rw-p 0000b000 08:01 4981297                    /lib/x86_64-linux-gnu/libnss_nis-2.23.so
7f3ad79b2000-7f3ad79c8000 r-xp 00000000 08:01 4981104                    /lib/x86_64-linux-gnu/libnsl-2.23.so
7f3ad79c8000-7f3ad7bc7000 ---p 00016000 08:01 4981104                    /lib/x86_64-linux-gnu/libnsl-2.23.so
7f3ad7bc7000-7f3ad7bc8000 r--p 00015000 08:01 4981104                    /lib/x86_64-linux-gnu/libnsl-2.23.so
7f3ad7bc8000-7f3ad7bc9000 rw-p 00016000 08:01 4981104                    /lib/x86_64-linux-gnu/libnsl-2.23.so
7f3ad7bc9000-7f3ad7bcb000 rw-p 00000000 00:00 0 
7f3ad7bcb000-7f3ad7bd3000 r-xp 00000000 08:01 4981312                    /lib/x86_64-linux-gnu/libnss_compat-2.23.so
7f3ad7bd3000-7f3ad7dd2000 ---p 00008000 08:01 4981312                    /lib/x86_64-linux-gnu/libnss_compat-2.23.so
7f3ad7dd2000-7f3ad7dd3000 r--p 00007000 08:01 4981312                    /lib/x86_64-linux-gnu/libnss_compat-2.23.so
7f3ad7dd3000-7f3ad7dd4000 rw-p 00008000 08:01 4981312                    /lib/x86_64-linux-gnu/libnss_compat-2.23.so
7f3ad7dd4000-7f3ad7dff000 r-xp 00000000 08:01 11144613                   /usr/local/java/jdk1.8.0_121/jre/lib/amd64/libjava.so
7f3ad7dff000-7f3ad7ffe000 ---p 0002b000 08:01 11144613                   /usr/local/java/jdk1.8.0_121/jre/lib/amd64/libjava.so
7f3ad7ffe000-7f3ad8000000 rw-p 0002a000 08:01 11144613                   /usr/local/java/jdk1.8.0_121/jre/lib/amd64/libjava.so
7f3ad8000000-7f3ad8d16000 rw-p 00000000 00:00 0 
7f3ad8d16000-7f3adc000000 ---p 00000000 00:00 0 
7f3adc000000-7f3adc003000 r--s 0000a000 08:01 34341857                   /root/.gradle/wrapper/dists/gradle-3.3-all/55gk2rcmfc6p2dg9u9ohc3hw9/gradle-3.3/lib/gradle-native-3.3.jar
7f3adc003000-7f3adc005000 r--s 00005000 08:01 34341854                   /root/.gradle/wrapper/dists/gradle-3.3-all/55gk2rcmfc6p2dg9u9ohc3hw9/gradle-3.3/lib/gradle-cli-3.3.jar
7f3adc005000-7f3adc007000 r--s 00007000 08:01 34341865                   /root/.gradle/wrapper/dists/gradle-3.3-all/55gk2rcmfc6p2dg9u9ohc3hw9/gradle-3.3/lib/gradle-model-groovy-3.3.jar
7f3adc007000-7f3adc009000 r--s 00006000 08:01 34341872                   /root/.gradle/wrapper/dists/gradle-3.3-all/55gk2rcmfc6p2dg9u9ohc3hw9/gradle-3.3/lib/gradle-base-services-groovy-3.3.jar
7f3adc009000-7f3adc00a000 r--s 00002000 08:01 34341875                   /root/.gradle/wrapper/dists/gradle-3.3-all/55gk2rcmfc6p2dg9u9ohc3hw9/gradle-3.3/lib/gradle-docs-3.3.jar
7f3adc00a000-7f3adc080000 rw-p 00000000 00:00 0 
7f3adc080000-7f3adc08d000 r-xp 00000000 08:01 11144035                   /usr/local/java/jdk1.8.0_121/jre/lib/amd64/libverify.so
7f3adc08d000-7f3adc28c000 ---p 0000d000 08:01 11144035                   /usr/local/java/jdk1.8.0_121/jre/lib/amd64/libverify.so
7f3adc28c000-7f3adc28e000 rw-p 0000c000 08:01 11144035                   /usr/local/java/jdk1.8.0_121/jre/lib/amd64/libverify.so
7f3adc28e000-7f3adc295000 r-xp 00000000 08:01 4981304                    /lib/x86_64-linux-gnu/librt-2.23.so
7f3adc295000-7f3adc494000 ---p 00007000 08:01 4981304                    /lib/x86_64-linux-gnu/librt-2.23.so
7f3adc494000-7f3adc495000 r--p 00006000 08:01 4981304                    /lib/x86_64-linux-gnu/librt-2.23.so
7f3adc495000-7f3adc496000 rw-p 00007000 08:01 4981304                    /lib/x86_64-linux-gnu/librt-2.23.so
7f3adc496000-7f3adc59e000 r-xp 00000000 08:01 4981325                    /lib/x86_64-linux-gnu/libm-2.23.so
7f3adc59e000-7f3adc79d000 ---p 00108000 08:01 4981325                    /lib/x86_64-linux-gnu/libm-2.23.so
7f3adc79d000-7f3adc79e000 r--p 00107000 08:01 4981325                    /lib/x86_64-linux-gnu/libm-2.23.so
7f3adc79e000-7f3adc79f000 rw-p 00108000 08:01 4981325                    /lib/x86_64-linux-gnu/libm-2.23.so
7f3adc79f000-7f3add46d000 r-xp 00000000 08:01 11144883                   /usr/local/java/jdk1.8.0_121/jre/lib/amd64/server/libjvm.so
7f3add46d000-7f3add66d000 ---p 00cce000 08:01 11144883                   /usr/local/java/jdk1.8.0_121/jre/lib/amd64/server/libjvm.so
7f3add66d000-7f3add746000 rw-p 00cce000 08:01 11144883                   /usr/local/java/jdk1.8.0_121/jre/lib/amd64/server/libjvm.so
7f3add746000-7f3add791000 rw-p 00000000 00:00 0 
7f3add791000-7f3add951000 r-xp 00000000 08:01 4981335                    /lib/x86_64-linux-gnu/libc-2.23.so
7f3add951000-7f3addb51000 ---p 001c0000 08:01 4981335                    /lib/x86_64-linux-gnu/libc-2.23.so
7f3addb51000-7f3addb55000 r--p 001c0000 08:01 4981335                    /lib/x86_64-linux-gnu/libc-2.23.so
7f3addb55000-7f3addb57000 rw-p 001c4000 08:01 4981335                    /lib/x86_64-linux-gnu/libc-2.23.so
7f3addb57000-7f3addb5b000 rw-p 00000000 00:00 0 
7f3addb5b000-7f3addb5e000 r-xp 00000000 08:01 4981310                    /lib/x86_64-linux-gnu/libdl-2.23.so
7f3addb5e000-7f3addd5d000 ---p 00003000 08:01 4981310                    /lib/x86_64-linux-gnu/libdl-2.23.so
7f3addd5d000-7f3addd5e000 r--p 00002000 08:01 4981310                    /lib/x86_64-linux-gnu/libdl-2.23.so
7f3addd5e000-7f3addd5f000 rw-p 00003000 08:01 4981310                    /lib/x86_64-linux-gnu/libdl-2.23.so
7f3addd5f000-7f3addd74000 r-xp 00000000 08:01 11020813                   /usr/local/java/jdk1.8.0_121/lib/amd64/jli/libjli.so
7f3addd74000-7f3addf74000 ---p 00015000 08:01 11020813                   /usr/local/java/jdk1.8.0_121/lib/amd64/jli/libjli.so
7f3addf74000-7f3addf75000 rw-p 00015000 08:01 11020813                   /usr/local/java/jdk1.8.0_121/lib/amd64/jli/libjli.so
7f3addf75000-7f3addf8d000 r-xp 00000000 08:01 4981295                    /lib/x86_64-linux-gnu/libpthread-2.23.so
7f3addf8d000-7f3ade18c000 ---p 00018000 08:01 4981295                    /lib/x86_64-linux-gnu/libpthread-2.23.so
7f3ade18c000-7f3ade18d000 r--p 00017000 08:01 4981295                    /lib/x86_64-linux-gnu/libpthread-2.23.so
7f3ade18d000-7f3ade18e000 rw-p 00018000 08:01 4981295                    /lib/x86_64-linux-gnu/libpthread-2.23.so
7f3ade18e000-7f3ade192000 rw-p 00000000 00:00 0 
7f3ade192000-7f3ade1b8000 r-xp 00000000 08:01 4981106                    /lib/x86_64-linux-gnu/ld-2.23.so
7f3ade1b8000-7f3ade1b9000 r--s 00000000 08:01 34341871                   /root/.gradle/wrapper/dists/gradle-3.3-all/55gk2rcmfc6p2dg9u9ohc3hw9/gradle-3.3/lib/javax.inject-1.jar
7f3ade1b9000-7f3ade1ba000 r--s 00000000 08:01 34341870                   /root/.gradle/wrapper/dists/gradle-3.3-all/55gk2rcmfc6p2dg9u9ohc3hw9/gradle-3.3/lib/jcip-annotations-1.0.jar
7f3ade1ba000-7f3ade1be000 r--s 00027000 08:01 34341869                   /root/.gradle/wrapper/dists/gradle-3.3-all/55gk2rcmfc6p2dg9u9ohc3hw9/gradle-3.3/lib/commons-io-2.2.jar
7f3ade1be000-7f3ade1c3000 r--s 00038000 08:01 34341866                   /root/.gradle/wrapper/dists/gradle-3.3-all/55gk2rcmfc6p2dg9u9ohc3hw9/gradle-3.3/lib/asm-all-5.1.jar
7f3ade1c3000-7f3ade1c4000 r--s 00001000 08:01 34341862                   /root/.gradle/wrapper/dists/gradle-3.3-all/55gk2rcmfc6p2dg9u9ohc3hw9/gradle-3.3/lib/gradle-process-services-3.3.jar
7f3ade1c4000-7f3ade1c9000 r--s 00041000 08:01 34341861                   /root/.gradle/wrapper/dists/gradle-3.3-all/55gk2rcmfc6p2dg9u9ohc3hw9/gradle-3.3/lib/commons-lang-2.6.jar
7f3ade1c9000-7f3ade1d2000 r--s 00042000 08:01 34341851                   /root/.gradle/wrapper/dists/gradle-3.3-all/55gk2rcmfc6p2dg9u9ohc3hw9/gradle-3.3/lib/gradle-base-services-3.3.jar
7f3ade1d2000-7f3ade294000 rw-p 00000000 00:00 0 
7f3ade294000-7f3ade297000 ---p 00000000 00:00 0 
7f3ade297000-7f3ade399000 rw-p 00000000 00:00 0 
7f3ade399000-7f3ade39b000 r--s 00000000 08:01 34341852                   /root/.gradle/wrapper/dists/gradle-3.3-all/55gk2rcmfc6p2dg9u9ohc3hw9/gradle-3.3/lib/gradle-jvm-services-3.3.jar
7f3ade39b000-7f3ade39c000 r--s 00000000 08:01 34342017                   /root/.gradle/wrapper/dists/gradle-3.3-all/55gk2rcmfc6p2dg9u9ohc3hw9/gradle-3.3/lib/gradle-version-info-3.3.jar
7f3ade39c000-7f3ade39d000 r--s 00007000 08:01 34341859                   /root/.gradle/wrapper/dists/gradle-3.3-all/55gk2rcmfc6p2dg9u9ohc3hw9/gradle-3.3/lib/slf4j-api-1.7.10.jar
7f3ade39d000-7f3ade39e000 r--s 00004000 08:01 34341884                   /root/.gradle/wrapper/dists/gradle-3.3-all/55gk2rcmfc6p2dg9u9ohc3hw9/gradle-3.3/lib/ant-launcher-1.9.6.jar
7f3ade39e000-7f3ade3ab000 r--s 0005c000 08:01 34341848                   /root/.gradle/wrapper/dists/gradle-3.3-all/55gk2rcmfc6p2dg9u9ohc3hw9/gradle-3.3/lib/gradle-launcher-3.3.jar
7f3ade3ab000-7f3ade3b3000 rw-s 00000000 08:01 786726                     /tmp/hsperfdata_root/3496
7f3ade3b3000-7f3ade3b4000 rw-p 00000000 00:00 0 
7f3ade3b4000-7f3ade3b5000 ---p 00000000 00:00 0 
7f3ade3b5000-7f3ade3b7000 rw-p 00000000 00:00 0 
7f3ade3b7000-7f3ade3b8000 r--p 00025000 08:01 4981106                    /lib/x86_64-linux-gnu/ld-2.23.so
7f3ade3b8000-7f3ade3b9000 rw-p 00026000 08:01 4981106                    /lib/x86_64-linux-gnu/ld-2.23.so
7f3ade3b9000-7f3ade3ba000 rw-p 00000000 00:00 0 
7fff9abed000-7fff9ac0e000 rw-p 00000000 00:00 0                          [stack]
7fff9ad43000-7fff9ad45000 r--p 00000000 00:00 0                          [vvar]
7fff9ad45000-7fff9ad47000 r-xp 00000000 00:00 0                          [vdso]
ffffffffff600000-ffffffffff601000 r-xp 00000000 00:00 0                  [vsyscall]

VM Arguments:
jvm_args: -Xmx1536m -Dfile.encoding=UTF-8 -Duser.country=US -Duser.language=en -Duser.variant 
java_command: org.gradle.launcher.daemon.bootstrap.GradleDaemon 3.3
java_class_path (initial): /root/.gradle/wrapper/dists/gradle-3.3-all/55gk2rcmfc6p2dg9u9ohc3hw9/gradle-3.3/lib/gradle-launcher-3.3.jar
Launcher Type: SUN_STANDARD

Environment Variables:
JAVA_HOME=/usr/local/java/jdk1.8.0_121/
PATH=/usr/local/sbin:/usr/local/bin:/usr/sbin:/usr/bin:/sbin:/bin:/snap/bin
USERNAME=root
LD_LIBRARY_PATH=/opt/android-studio/bin:
SHELL=/bin/bash
DISPLAY=:0

Signal Handlers:
SIGSEGV: [libjvm.so+0xac78c0], sa_mask[0]=11111111011111111101111111111110, sa_flags=SA_RESTART|SA_SIGINFO
SIGBUS: [libjvm.so+0xac78c0], sa_mask[0]=11111111011111111101111111111110, sa_flags=SA_RESTART|SA_SIGINFO
SIGFPE: [libjvm.so+0x920ac0], sa_mask[0]=11111111011111111101111111111110, sa_flags=SA_RESTART|SA_SIGINFO
SIGPIPE: [libjvm.so+0x920ac0], sa_mask[0]=11111111011111111101111111111110, sa_flags=SA_RESTART|SA_SIGINFO
SIGXFSZ: [libjvm.so+0x920ac0], sa_mask[0]=11111111011111111101111111111110, sa_flags=SA_RESTART|SA_SIGINFO
SIGILL: [libjvm.so+0x920ac0], sa_mask[0]=11111111011111111101111111111110, sa_flags=SA_RESTART|SA_SIGINFO
SIGUSR1: SIG_DFL, sa_mask[0]=00000000000000000000000000000000, sa_flags=none
SIGUSR2: [libjvm.so+0x922300], sa_mask[0]=00100000000000000000000000000000, sa_flags=SA_RESTART|SA_SIGINFO
SIGHUP: [libjvm.so+0x923700], sa_mask[0]=11111111011111111101111111111110, sa_flags=SA_RESTART|SA_SIGINFO
SIGINT: [libjvm.so+0x923700], sa_mask[0]=11111111011111111101111111111110, sa_flags=SA_RESTART|SA_SIGINFO
SIGTERM: [libjvm.so+0x923700], sa_mask[0]=11111111011111111101111111111110, sa_flags=SA_RESTART|SA_SIGINFO
SIGQUIT: [libjvm.so+0x923700], sa_mask[0]=11111111011111111101111111111110, sa_flags=SA_RESTART|SA_SIGINFO


---------------  S Y S T E M  ---------------

OS:DISTRIB_ID=Ubuntu
DISTRIB_RELEASE=16.04
DISTRIB_CODENAME=xenial
DISTRIB_DESCRIPTION="Ubuntu 16.04.2 LTS"

uname:Linux 4.4.0-89-generic #112-Ubuntu SMP Mon Jul 31 19:38:41 UTC 2017 x86_64
libc:glibc 2.23 NPTL 2.23 
rlimit: STACK 8192k, CORE 0k, NPROC 31512, NOFILE 1048576, AS infinity
load average:3.41 2.51 1.43

/proc/meminfo:
MemTotal:        8107664 kB
MemFree:         1070780 kB
MemAvailable:    3324836 kB
Buffers:          165792 kB
Cached:          2704460 kB
SwapCached:            0 kB
Active:          4590276 kB
Inactive:        2128828 kB
Active(anon):    3861208 kB
Inactive(anon):   445120 kB
Active(file):     729068 kB
Inactive(file):  1683708 kB
Unevictable:          48 kB
Mlocked:              48 kB
SwapTotal:       8319996 kB
SwapFree:        8319996 kB
Dirty:              6408 kB
Writeback:             0 kB
AnonPages:       3848968 kB
Mapped:           646736 kB
Shmem:            457512 kB
Slab:             171468 kB
SReclaimable:     129568 kB
SUnreclaim:        41900 kB
KernelStack:       11664 kB
PageTables:        52400 kB
NFS_Unstable:          0 kB
Bounce:                0 kB
WritebackTmp:          0 kB
CommitLimit:    12373828 kB
Committed_AS:    9684540 kB
VmallocTotal:   34359738367 kB
VmallocUsed:           0 kB
VmallocChunk:          0 kB
HardwareCorrupted:     0 kB
AnonHugePages:   2330624 kB
CmaTotal:              0 kB
CmaFree:               0 kB
HugePages_Total:       0
HugePages_Free:        0
HugePages_Rsvd:        0
HugePages_Surp:        0
Hugepagesize:       2048 kB
DirectMap4k:      148160 kB
DirectMap2M:     6076416 kB
DirectMap1G:     3145728 kB


CPU:total 4 (2 cores per cpu, 2 threads per core) family 6 model 69 stepping 1, cmov, cx8, fxsr, mmx, sse, sse2, sse3, ssse3, sse4.1, sse4.2, popcnt, avx, avx2, aes, clmul, erms, lzcnt, ht, tsc, tscinvbit, bmi1, bmi2

/proc/cpuinfo:
processor	: 0
vendor_id	: GenuineIntel
cpu family	: 6
model		: 69
model name	: Intel(R) Core(TM) i5-4200U CPU @ 1.60GHz
stepping	: 1
microcode	: 0x16
cpu MHz		: 2299.910
cache size	: 3072 KB
physical id	: 0
siblings	: 4
core id		: 0
cpu cores	: 2
apicid		: 0
initial apicid	: 0
fpu		: yes
fpu_exception	: yes
cpuid level	: 13
wp		: yes
flags		: fpu vme de pse tsc msr pae mce cx8 apic sep mtrr pge mca cmov pat pse36 clflush dts acpi mmx fxsr sse sse2 ss ht tm pbe syscall nx pdpe1gb rdtscp lm constant_tsc arch_perfmon pebs bts rep_good nopl xtopology nonstop_tsc aperfmperf eagerfpu pni pclmulqdq dtes64 monitor ds_cpl vmx est tm2 ssse3 sdbg fma cx16 xtpr pdcm pcid sse4_1 sse4_2 movbe popcnt tsc_deadline_timer aes xsave avx f16c rdrand lahf_lm abm epb tpr_shadow vnmi flexpriority ept vpid fsgsbase tsc_adjust bmi1 avx2 smep bmi2 erms invpcid xsaveopt dtherm ida arat pln pts
bugs		:
bogomips	: 4589.10
clflush size	: 64
cache_alignment	: 64
address sizes	: 39 bits physical, 48 bits virtual
power management:

processor	: 1
vendor_id	: GenuineIntel
cpu family	: 6
model		: 69
model name	: Intel(R) Core(TM) i5-4200U CPU @ 1.60GHz
stepping	: 1
microcode	: 0x16
cpu MHz		: 2299.910
cache size	: 3072 KB
physical id	: 0
siblings	: 4
core id		: 0
cpu cores	: 2
apicid		: 1
initial apicid	: 1
fpu		: yes
fpu_exception	: yes
cpuid level	: 13
wp		: yes
flags		: fpu vme de pse tsc msr pae mce cx8 apic sep mtrr pge mca cmov pat pse36 clflush dts acpi mmx fxsr sse sse2 ss ht tm pbe syscall nx pdpe1gb rdtscp lm constant_tsc arch_perfmon pebs bts rep_good nopl xtopology nonstop_tsc aperfmperf eagerfpu pni pclmulqdq dtes64 monitor ds_cpl vmx est tm2 ssse3 sdbg fma cx16 xtpr pdcm pcid sse4_1 sse4_2 movbe popcnt tsc_deadline_timer aes xsave avx f16c rdrand lahf_lm abm epb tpr_shadow vnmi flexpriority ept vpid fsgsbase tsc_adjust bmi1 avx2 smep bmi2 erms invpcid xsaveopt dtherm ida arat pln pts
bugs		:
bogomips	: 4589.10
clflush size	: 64
cache_alignment	: 64
address sizes	: 39 bits physical, 48 bits virtual
power management:

processor	: 2
vendor_id	: GenuineIntel
cpu family	: 6
model		: 69
model name	: Intel(R) Core(TM) i5-4200U CPU @ 1.60GHz
stepping	: 1
microcode	: 0x16
cpu MHz		: 2300.000
cache size	: 3072 KB
physical id	: 0
siblings	: 4
core id		: 1
cpu cores	: 2
apicid		: 2
initial apicid	: 2
fpu		: yes
fpu_exception	: yes
cpuid level	: 13
wp		: yes
flags		: fpu vme de pse tsc msr pae mce cx8 apic sep mtrr pge mca cmov pat pse36 clflush dts acpi mmx fxsr sse sse2 ss ht tm pbe syscall nx pdpe1gb rdtscp lm constant_tsc arch_perfmon pebs bts rep_good nopl xtopology nonstop_tsc aperfmperf eagerfpu pni pclmulqdq dtes64 monitor ds_cpl vmx est tm2 ssse3 sdbg fma cx16 xtpr pdcm pcid sse4_1 sse4_2 movbe popcnt tsc_deadline_timer aes xsave avx f16c rdrand lahf_lm abm epb tpr_shadow vnmi flexpriority ept vpid fsgsbase tsc_adjust bmi1 avx2 smep bmi2 erms invpcid xsaveopt dtherm ida arat pln pts
bugs		:
bogomips	: 4589.10
clflush size	: 64
cache_alignment	: 64
address sizes	: 39 bits physical, 48 bits virtual
power management:

processor	: 3
vendor_id	: GenuineIntel
cpu family	: 6
model		: 69
model name	: Intel(R) Core(TM) i5-4200U CPU @ 1.60GHz
stepping	: 1
microcode	: 0x16
cpu MHz		: 2300.000
cache size	: 3072 KB
physical id	: 0
siblings	: 4
core id		: 1
cpu cores	: 2
apicid		: 3
initial apicid	: 3
fpu		: yes
fpu_exception	: yes
cpuid level	: 13
wp		: yes
flags		: fpu vme de pse tsc msr pae mce cx8 apic sep mtrr pge mca cmov pat pse36 clflush dts acpi mmx fxsr sse sse2 ss ht tm pbe syscall nx pdpe1gb rdtscp lm constant_tsc arch_perfmon pebs bts rep_good nopl xtopology nonstop_tsc aperfmperf eagerfpu pni pclmulqdq dtes64 monitor ds_cpl vmx est tm2 ssse3 sdbg fma cx16 xtpr pdcm pcid sse4_1 sse4_2 movbe popcnt tsc_deadline_timer aes xsave avx f16c rdrand lahf_lm abm epb tpr_shadow vnmi flexpriority ept vpid fsgsbase tsc_adjust bmi1 avx2 smep bmi2 erms invpcid xsaveopt dtherm ida arat pln pts
bugs		:
bogomips	: 4589.10
clflush size	: 64
cache_alignment	: 64
address sizes	: 39 bits physical, 48 bits virtual
power management:



Memory: 4k page, physical 8107664k(1070780k free), swap 8319996k(8319996k free)

vm_info: Java HotSpot(TM) 64-Bit Server VM (25.121-b13) for linux-amd64 JRE (1.8.0_121-b13), built on Dec 12 2016 16:36:53 by "java_re" with gcc 4.3.0 20080428 (Red Hat 4.3.0-8)

time: Sat Aug 19 12:24:22 2017
elapsed time: 103 seconds (0d 0h 1m 43s)

