#
# A fatal error has been detected by the Java Runtime Environment:
#
#  SIGSEGV (0xb) at pc=0x00007fccc76a53f6, pid=3409, tid=0x00007fcca8b24700
#
# JRE version: Java(TM) SE Runtime Environment (8.0_121-b13) (build 1.8.0_121-b13)
# Java VM: Java HotSpot(TM) 64-Bit Server VM (25.121-b13 mixed mode linux-amd64 compressed oops)
# Problematic frame:
# V  [libjvm.so+0x42e3f6]  ciMethodBlocks::do_analysis()+0x106
#
# Failed to write core dump. Core dumps have been disabled. To enable core dumping, try "ulimit -c unlimited" before starting Java again
#
# If you would like to submit a bug report, please visit:
#   http://bugreport.java.com/bugreport/crash.jsp
#

---------------  T H R E A D  ---------------

Current thread (0x00007fccc00be000):  JavaThread "C1 CompilerThread2" daemon [_thread_in_native, id=3423, stack(0x00007fcca8a24000,0x00007fcca8b25000)]

siginfo: si_signo: 11 (SIGSEGV), si_code: 1 (SEGV_MAPERR), si_addr: 0x00007fcccc2213a0

Registers:
RAX=0x00007fccc8220fa0, RBX=0x000000000000003c, RCX=0x000000000000003f, RDX=0x0000000004000400
RSP=0x00007fcca8b22730, RBP=0x00007fcca8b22830, RSI=0x0000000004000400, RDI=0x00007fcc84a22990
R8 =0x000000000000003c, R9 =0x00000000000000a0, R10=0x00000000000000a0, R11=0x0000000000000003
R12=0x000000000000003c, R13=0x000000000000003f, R14=0x00007fcc84a22f80, R15=0x00007fcc84a22990
RIP=0x00007fccc76a53f6, EFLAGS=0x0000000000010287, CSGSFS=0x0000000000000033, ERR=0x0000000000000004
  TRAPNO=0x000000000000000e

Top of Stack: (sp=0x00007fcca8b22730)
0x00007fcca8b22730:   00007fcca8b227d0 00007fccc7a69eda
0x00007fcca8b22740:   00007fcc7c1683a0 00007fcc7c168370
0x00007fcca8b22750:   00007fcca8b227e0 00007fcca8b227f8
0x00007fcca8b22760:   00007fcca8b22790 00007fcca8b22b70
0x00007fcca8b22770:   00007fcc84a23080 00007fcc000000a0
0x00007fcca8b22780:   0000000000000000 00007fccc82b692d
0x00007fcca8b22790:   00007fcc84a224b0 00007fcc84a222e0
0x00007fcca8b227a0:   00007fcc84a228f0 0000000000000000
0x00007fcca8b227b0:   00007fcca8b22b70 00007fcc84a228b0
0x00007fcca8b227c0:   00007fcc84a22950 00007fcc84a228f0
0x00007fcca8b227d0:   000000ff04000400 00007fccc82549e0
0x00007fcca8b227e0:   00007fccc0026780 000000007c35ce36
0x00007fcca8b227f0:   00007fcca8b22840 00007fcc84a23080
0x00007fcca8b22800:   00007fccc00be000 00007fcc84a229c0
0x00007fcca8b22810:   00007fcc84a22990 0000000000000500
0x00007fcca8b22820:   00007fcc84a22f80 00007fcc5c846b80
0x00007fcca8b22830:   00007fcca8b228b0 00007fccc76a6398
0x00007fcca8b22840:   00007fcca8b22880 00007fccc7cad223
0x00007fcca8b22850:   00007fcca8b228d0 00007fccc76aecd1
0x00007fcca8b22860:   00007fcc84a224b0 0000000000000000
0x00007fcca8b22870:   00007fcc00000000 00007fccc8ccb0c0
0x00007fcca8b22880:   00007fcca8b228d0 00007fcc84a224b0
0x00007fcca8b22890:   00007fcc84a22990 00007fcca8b23998
0x00007fcca8b228a0:   00007fcc84a22900 00007fcc5c846b80
0x00007fcca8b228b0:   00007fcca8b228e0 00007fccc769b9a5
0x00007fcca8b228c0:   0000000000000000 00007fcca8b22c00
0x00007fcca8b228d0:   00007fcc84a224b0 00007fcc84a22900
0x00007fcca8b228e0:   00007fcca8b22a30 00007fccc7b4844c
0x00007fcca8b228f0:   00007fccc00be000 0000000000000001
0x00007fcca8b22900:   00007fccc005a7f0 00007fcca8b22a10
0x00007fcca8b22910:   00007fcc84a222e0 00007fcca8b23990
0x00007fcca8b22920:   00007fccc0006c10 00007fccc00ac5d0 

Instructions: (pc=0x00007fccc76a53f6)
0x00007fccc76a53d6:   ff 0f b6 02 48 8b 15 47 29 b4 00 89 45 a4 48 98
0x00007fccc76a53e6:   8b 34 82 48 8b 05 78 1e b4 00 48 63 d6 89 75 a0
0x00007fccc76a53f6:   0f b6 04 10 83 e0 0f 48 63 d0 48 01 55 98 85 c0
0x00007fccc76a5406:   0f 84 c4 04 00 00 83 7d a0 ff 74 94 48 8b 85 70 

Register to memory mapping:

RAX=0x00007fccc8220fa0: <offset 0xfa9fa0> in /usr/local/java/jdk1.8.0_121/jre/lib/amd64/server/libjvm.so at 0x00007fccc7277000
RBX=0x000000000000003c is an unknown value
RCX=0x000000000000003f is an unknown value
RDX=0x0000000004000400 is an unknown value
RSP=0x00007fcca8b22730 is pointing into the stack for thread: 0x00007fccc00be000
RBP=0x00007fcca8b22830 is pointing into the stack for thread: 0x00007fccc00be000
RSI=0x0000000004000400 is an unknown value
RDI=0x00007fcc84a22990 is an unknown value
R8 =0x000000000000003c is an unknown value
R9 =0x00000000000000a0 is an unknown value
R10=0x00000000000000a0 is an unknown value
R11=0x0000000000000003 is an unknown value
R12=0x000000000000003c is an unknown value
R13=0x000000000000003f is an unknown value
R14=0x00007fcc84a22f80 is an unknown value
R15=0x00007fcc84a22990 is an unknown value


Stack: [0x00007fcca8a24000,0x00007fcca8b25000],  sp=0x00007fcca8b22730,  free space=1017k
Native frames: (J=compiled Java code, j=interpreted, Vv=VM code, C=native code)
V  [libjvm.so+0x42e3f6]  ciMethodBlocks::do_analysis()+0x106
V  [libjvm.so+0x42f398]  ciMethodBlocks::ciMethodBlocks(Arena*, ciMethod*)+0x3e8
V  [libjvm.so+0x4249a5]  ciMethod::get_method_blocks()+0x75
V  [libjvm.so+0x8d144c]  MethodLiveness::init_basic_blocks()+0x2c
V  [libjvm.so+0x8d3100]  MethodLiveness::compute_liveness()+0x40
V  [libjvm.so+0x4247dc]  ciMethod::bci_block_start()+0xbc
V  [libjvm.so+0x35efc8]  BlockListBuilder::set_leaders()+0x38
V  [libjvm.so+0x35fb2c]  BlockListBuilder::BlockListBuilder(Compilation*, IRScope*, int)+0x1ec
V  [libjvm.so+0x369e69]  GraphBuilder::push_scope(ciMethod*, BlockBegin*)+0x119
V  [libjvm.so+0x37131d]  GraphBuilder::try_inline_full(ciMethod*, bool, Bytecodes::Code, Instruction*)+0x28d
V  [libjvm.so+0x36da3f]  GraphBuilder::try_inline(ciMethod*, bool, Bytecodes::Code, Instruction*)+0x11f
V  [libjvm.so+0x36eb82]  GraphBuilder::invoke(Bytecodes::Code)+0xbc2
V  [libjvm.so+0x36f4fd]  GraphBuilder::iterate_bytecodes_for_block(int)+0x6ad
V  [libjvm.so+0x371032]  GraphBuilder::iterate_all_blocks(bool)+0xf2
V  [libjvm.so+0x372c67]  GraphBuilder::GraphBuilder(Compilation*, IRScope*)+0x527
V  [libjvm.so+0x37af97]  IRScope::IRScope(Compilation*, IRScope*, int, ciMethod*, int, bool)+0x1e7
V  [libjvm.so+0x37b0af]  IR::IR(Compilation*, ciMethod*, int)+0x9f
V  [libjvm.so+0x35964b]  Compilation::build_hir()+0xdb
V  [libjvm.so+0x359a0e]  Compilation::compile_java_method()+0x6e
V  [libjvm.so+0x359b3e]  Compilation::compile_method()+0x4e
V  [libjvm.so+0x359eae]  Compilation::Compilation(AbstractCompiler*, ciEnv*, ciMethod*, int, BufferBlob*)+0x25e
V  [libjvm.so+0x35ac59]  Compiler::compile_method(ciEnv*, ciMethod*, int)+0xa9
V  [libjvm.so+0x4afeaa]  CompileBroker::invoke_compiler_on_method(CompileTask*)+0xc9a
V  [libjvm.so+0x4b0e56]  CompileBroker::compiler_thread_loop()+0x5d6
V  [libjvm.so+0xa75543]  JavaThread::thread_main_inner()+0x103
V  [libjvm.so+0xa7568c]  JavaThread::run()+0x11c
V  [libjvm.so+0x926268]  java_start(Thread*)+0x108
C  [libpthread.so.0+0x76ba]  start_thread+0xca


Current CompileTask:
C1:  16164 4722       3       com.sun.org.apache.xerces.internal.impl.xs.XMLSchemaValidator::storeLocations (89 bytes)


---------------  P R O C E S S  ---------------

Java Threads: ( => current thread )
  0x00007fcc5c3ee800 JavaThread "pool-2-thread-1" [_thread_blocked, id=3443, stack(0x00007fcc664bc000,0x00007fcc665bd000)]
  0x00007fcc5cf75000 JavaThread "File lock request listener" [_thread_in_native, id=3441, stack(0x00007fcc66d47000,0x00007fcc66e48000)]
  0x00007fcc5cea8000 JavaThread "process reaper" daemon [_thread_blocked, id=3440, stack(0x00007fcc66e48000,0x00007fcc66e81000)]
  0x00007fcc5c009000 JavaThread "Stdin handler" [_thread_blocked, id=3435, stack(0x00007fcc678fb000,0x00007fcc679fc000)]
  0x00007fcc5c00d800 JavaThread "Asynchronous log dispatcher for DefaultDaemonConnection: socket connection from /127.0.0.1:36074 to /127.0.0.1:48190" [_thread_blocked, id=3434, stack(0x00007fcc679fc000,0x00007fcc67afd000)]
  0x00007fcc6c009000 JavaThread "Daemon worker" [_thread_in_native, id=3431, stack(0x00007fcc67afd000,0x00007fcc67bfe000)]
  0x00007fcc6c007000 JavaThread "Cancel handler" [_thread_blocked, id=3430, stack(0x00007fcc67bfe000,0x00007fcc67cff000)]
  0x00007fcc6c003800 JavaThread "Handler for socket connection from /127.0.0.1:36074 to /127.0.0.1:48190" [_thread_in_native, id=3429, stack(0x00007fcc67eff000,0x00007fcc68000000)]
  0x00007fcc6801c000 JavaThread "Daemon" [_thread_blocked, id=3428, stack(0x00007fcc78021000,0x00007fcc78122000)]
  0x00007fccc0cbd800 JavaThread "Incoming local TCP Connector on port 36074" [_thread_in_native, id=3427, stack(0x00007fcc78329000,0x00007fcc7842a000)]
  0x00007fccc0c72800 JavaThread "pool-1-thread-1" [_thread_blocked, id=3426, stack(0x00007fcc7842a000,0x00007fcc7852b000)]
  0x00007fccc00c1000 JavaThread "Service Thread" daemon [_thread_blocked, id=3424, stack(0x00007fcca8923000,0x00007fcca8a24000)]
=>0x00007fccc00be000 JavaThread "C1 CompilerThread2" daemon [_thread_in_native, id=3423, stack(0x00007fcca8a24000,0x00007fcca8b25000)]
  0x00007fccc00bc000 JavaThread "C2 CompilerThread1" daemon [_thread_in_native, id=3422, stack(0x00007fcca8b25000,0x00007fcca8c26000)]
  0x00007fccc00b9000 JavaThread "C2 CompilerThread0" daemon [_thread_in_native, id=3421, stack(0x00007fcca8c26000,0x00007fcca8d27000)]
  0x00007fccc00b8000 JavaThread "Signal Dispatcher" daemon [_thread_blocked, id=3420, stack(0x00007fccb00d0000,0x00007fccb01d1000)]
  0x00007fccc0084000 JavaThread "Finalizer" daemon [_thread_blocked, id=3419, stack(0x00007fccb01d1000,0x00007fccb02d2000)]
  0x00007fccc007f800 JavaThread "Reference Handler" daemon [_thread_blocked, id=3418, stack(0x00007fccb02d2000,0x00007fccb03d3000)]
  0x00007fccc000a000 JavaThread "main" [_thread_blocked, id=3412, stack(0x00007fccc8d6c000,0x00007fccc8e6d000)]

Other Threads:
  0x00007fccc0077800 VMThread [stack: 0x00007fccb03d3000,0x00007fccb04d4000] [id=3417]
  0x00007fccc00c4000 WatcherThread [stack: 0x00007fcca8822000,0x00007fcca8923000] [id=3425]

VM state:not at safepoint (normal execution)

VM Mutex/Monitor currently owned by a thread: None

Heap:
 PSYoungGen      total 78336K, used 29520K [0x00000000e0000000, 0x00000000e6900000, 0x0000000100000000)
  eden space 67584K, 27% used [0x00000000e0000000,0x00000000e125a610,0x00000000e4200000)
  from space 10752K, 99% used [0x00000000e4200000,0x00000000e4c79b78,0x00000000e4c80000)
  to   space 11776K, 0% used [0x00000000e5d80000,0x00000000e5d80000,0x00000000e6900000)
 ParOldGen       total 105984K, used 15779K [0x00000000a0000000, 0x00000000a6780000, 0x00000000e0000000)
  object space 105984K, 14% used [0x00000000a0000000,0x00000000a0f68c70,0x00000000a6780000)
 Metaspace       used 43478K, capacity 44324K, committed 44672K, reserved 1087488K
  class space    used 5937K, capacity 6163K, committed 6272K, reserved 1048576K

Card table byte_map: [0x00007fccc5810000,0x00007fccc5b11000] byte_map_base: 0x00007fccc5310000

Marking Bits: (ParMarkBitMap*) 0x00007fccc823bc80
 Begin Bits: [0x00007fcca9000000, 0x00007fccaa800000)
 End Bits:   [0x00007fccaa800000, 0x00007fccac000000)

Polling page: 0x00007fccc8e8c000

CodeCache: size=245760Kb used=15648Kb max_used=15648Kb free=230111Kb
 bounds [0x00007fccb1000000, 0x00007fccb1f60000, 0x00007fccc0000000]
 total_blobs=5064 nmethods=4327 adapters=649
 compilation: enabled

Compilation events (10 events):
Event: 16.096 Thread 0x00007fccc00be000 nmethod 4718 0x00007fccb1f49090 code [0x00007fccb1f492a0, 0x00007fccb1f49b18]
Event: 16.096 Thread 0x00007fccc00be000 4724       3       com.sun.xml.internal.bind.v2.runtime.unmarshaller.UnmarshallingContext::expectText (11 bytes)
Event: 16.096 Thread 0x00007fccc00be000 nmethod 4724 0x00007fccb1f49f10 code [0x00007fccb1f4a080, 0x00007fccb1f4a1f0]
Event: 16.096 Thread 0x00007fccc00be000 4725       3       com.sun.org.apache.xerces.internal.impl.xs.XMLSchemaValidator$XPathMatcherStack::popContext (12 bytes)
Event: 16.096 Thread 0x00007fccc00be000 nmethod 4725 0x00007fccb1f4a2d0 code [0x00007fccb1f4a440, 0x00007fccb1f4a6b0]
Event: 16.096 Thread 0x00007fccc00be000 4721   !   3       com.sun.org.apache.xerces.internal.impl.xs.XMLSchemaValidator::handleStartElement (1451 bytes)
Event: 16.109 Thread 0x00007fccc00be000 nmethod 4721 0x00007fccb1f4a810 code [0x00007fccb1f4b060, 0x00007fccb1f51d18]
Event: 16.109 Thread 0x00007fccc00be000 4720       3       com.sun.org.apache.xerces.internal.impl.xs.XMLSchemaValidator::startElement (30 bytes)
Event: 16.110 Thread 0x00007fccc00be000 nmethod 4720 0x00007fccb1f55bd0 code [0x00007fccb1f55d60, 0x00007fccb1f56018]
Event: 16.110 Thread 0x00007fccc00be000 4722       3       com.sun.org.apache.xerces.internal.impl.xs.XMLSchemaValidator::storeLocations (89 bytes)

GC Heap History (10 events):
Event: 12.927 GC heap before
{Heap before GC invocations=9 (full 1):
 PSYoungGen      total 51712K, used 47325K [0x00000000e0000000, 0x00000000e4900000, 0x0000000100000000)
  eden space 41984K, 100% used [0x00000000e0000000,0x00000000e2900000,0x00000000e2900000)
  from space 9728K, 54% used [0x00000000e2900000,0x00000000e2e37508,0x00000000e3280000)
  to   space 9216K, 0% used [0x00000000e4000000,0x00000000e4000000,0x00000000e4900000)
 ParOldGen       total 67072K, used 8551K [0x00000000a0000000, 0x00000000a4180000, 0x00000000e0000000)
  object space 67072K, 12% used [0x00000000a0000000,0x00000000a0859e00,0x00000000a4180000)
 Metaspace       used 31853K, capacity 32452K, committed 32768K, reserved 1077248K
  class space    used 4401K, capacity 4578K, committed 4608K, reserved 1048576K
Event: 12.937 GC heap after
Heap after GC invocations=9 (full 1):
 PSYoungGen      total 63488K, used 7515K [0x00000000e0000000, 0x00000000e4880000, 0x0000000100000000)
  eden space 54784K, 0% used [0x00000000e0000000,0x00000000e0000000,0x00000000e3580000)
  from space 8704K, 86% used [0x00000000e4000000,0x00000000e4756d00,0x00000000e4880000)
  to   space 9728K, 0% used [0x00000000e3580000,0x00000000e3580000,0x00000000e3f00000)
 ParOldGen       total 67072K, used 8559K [0x00000000a0000000, 0x00000000a4180000, 0x00000000e0000000)
  object space 67072K, 12% used [0x00000000a0000000,0x00000000a085be00,0x00000000a4180000)
 Metaspace       used 31853K, capacity 32452K, committed 32768K, reserved 1077248K
  class space    used 4401K, capacity 4578K, committed 4608K, reserved 1048576K
}
Event: 13.480 GC heap before
{Heap before GC invocations=10 (full 1):
 PSYoungGen      total 63488K, used 55547K [0x00000000e0000000, 0x00000000e4880000, 0x0000000100000000)
  eden space 54784K, 87% used [0x00000000e0000000,0x00000000e2ee8218,0x00000000e3580000)
  from space 8704K, 86% used [0x00000000e4000000,0x00000000e4756d00,0x00000000e4880000)
  to   space 9728K, 0% used [0x00000000e3580000,0x00000000e3580000,0x00000000e3f00000)
 ParOldGen       total 67072K, used 8559K [0x00000000a0000000, 0x00000000a4180000, 0x00000000e0000000)
  object space 67072K, 12% used [0x00000000a0000000,0x00000000a085be00,0x00000000a4180000)
 Metaspace       used 34628K, capacity 35226K, committed 35456K, reserved 1079296K
  class space    used 4743K, capacity 4885K, committed 4992K, reserved 1048576K
Event: 13.491 GC heap after
Heap after GC invocations=10 (full 1):
 PSYoungGen      total 64512K, used 9289K [0x00000000e0000000, 0x00000000e5700000, 0x0000000100000000)
  eden space 54784K, 0% used [0x00000000e0000000,0x00000000e0000000,0x00000000e3580000)
  from space 9728K, 95% used [0x00000000e3580000,0x00000000e3e927c0,0x00000000e3f00000)
  to   space 10752K, 0% used [0x00000000e4c80000,0x00000000e4c80000,0x00000000e5700000)
 ParOldGen       total 67072K, used 8567K [0x00000000a0000000, 0x00000000a4180000, 0x00000000e0000000)
  object space 67072K, 12% used [0x00000000a0000000,0x00000000a085de00,0x00000000a4180000)
 Metaspace       used 34628K, capacity 35226K, committed 35456K, reserved 1079296K
  class space    used 4743K, capacity 4885K, committed 4992K, reserved 1048576K
}
Event: 13.491 GC heap before
{Heap before GC invocations=11 (full 2):
 PSYoungGen      total 64512K, used 9289K [0x00000000e0000000, 0x00000000e5700000, 0x0000000100000000)
  eden space 54784K, 0% used [0x00000000e0000000,0x00000000e0000000,0x00000000e3580000)
  from space 9728K, 95% used [0x00000000e3580000,0x00000000e3e927c0,0x00000000e3f00000)
  to   space 10752K, 0% used [0x00000000e4c80000,0x00000000e4c80000,0x00000000e5700000)
 ParOldGen       total 67072K, used 8567K [0x00000000a0000000, 0x00000000a4180000, 0x00000000e0000000)
  object space 67072K, 12% used [0x00000000a0000000,0x00000000a085de00,0x00000000a4180000)
 Metaspace       used 34628K, capacity 35226K, committed 35456K, reserved 1079296K
  class space    used 4743K, capacity 4885K, committed 4992K, reserved 1048576K
Event: 13.608 GC heap after
Heap after GC invocations=11 (full 2):
 PSYoungGen      total 64512K, used 0K [0x00000000e0000000, 0x00000000e5700000, 0x0000000100000000)
  eden space 54784K, 0% used [0x00000000e0000000,0x00000000e0000000,0x00000000e3580000)
  from space 9728K, 0% used [0x00000000e3580000,0x00000000e3580000,0x00000000e3f00000)
  to   space 10752K, 0% used [0x00000000e4c80000,0x00000000e4c80000,0x00000000e5700000)
 ParOldGen       total 105984K, used 15763K [0x00000000a0000000, 0x00000000a6780000, 0x00000000e0000000)
  object space 105984K, 14% used [0x00000000a0000000,0x00000000a0f64c70,0x00000000a6780000)
 Metaspace       used 34628K, capacity 35226K, committed 35456K, reserved 1079296K
  class space    used 4743K, capacity 4885K, committed 4992K, reserved 1048576K
}
Event: 14.366 GC heap before
{Heap before GC invocations=12 (full 2):
 PSYoungGen      total 64512K, used 54784K [0x00000000e0000000, 0x00000000e5700000, 0x0000000100000000)
  eden space 54784K, 100% used [0x00000000e0000000,0x00000000e3580000,0x00000000e3580000)
  from space 9728K, 0% used [0x00000000e3580000,0x00000000e3580000,0x00000000e3f00000)
  to   space 10752K, 0% used [0x00000000e4c80000,0x00000000e4c80000,0x00000000e5700000)
 ParOldGen       total 105984K, used 15763K [0x00000000a0000000, 0x00000000a6780000, 0x00000000e0000000)
  object space 105984K, 14% used [0x00000000a0000000,0x00000000a0f64c70,0x00000000a6780000)
 Metaspace       used 37545K, capacity 38326K, committed 38656K, reserved 1083392K
  class space    used 5128K, capacity 5304K, committed 5376K, reserved 1048576K
Event: 14.377 GC heap after
Heap after GC invocations=12 (full 2):
 PSYoungGen      total 78336K, used 7080K [0x00000000e0000000, 0x00000000e5800000, 0x0000000100000000)
  eden space 67584K, 0% used [0x00000000e0000000,0x00000000e0000000,0x00000000e4200000)
  from space 10752K, 65% used [0x00000000e4c80000,0x00000000e536a148,0x00000000e5700000)
  to   space 10752K, 0% used [0x00000000e4200000,0x00000000e4200000,0x00000000e4c80000)
 ParOldGen       total 105984K, used 15771K [0x00000000a0000000, 0x00000000a6780000, 0x00000000e0000000)
  object space 105984K, 14% used [0x00000000a0000000,0x00000000a0f66c70,0x00000000a6780000)
 Metaspace       used 37545K, capacity 38326K, committed 38656K, reserved 1083392K
  class space    used 5128K, capacity 5304K, committed 5376K, reserved 1048576K
}
Event: 15.993 GC heap before
{Heap before GC invocations=13 (full 2):
 PSYoungGen      total 78336K, used 74664K [0x00000000e0000000, 0x00000000e5800000, 0x0000000100000000)
  eden space 67584K, 100% used [0x00000000e0000000,0x00000000e4200000,0x00000000e4200000)
  from space 10752K, 65% used [0x00000000e4c80000,0x00000000e536a148,0x00000000e5700000)
  to   space 10752K, 0% used [0x00000000e4200000,0x00000000e4200000,0x00000000e4c80000)
 ParOldGen       total 105984K, used 15771K [0x00000000a0000000, 0x00000000a6780000, 0x00000000e0000000)
  object space 105984K, 14% used [0x00000000a0000000,0x00000000a0f66c70,0x00000000a6780000)
 Metaspace       used 43204K, capacity 44090K, committed 44416K, reserved 1087488K
  class space    used 5916K, capacity 6152K, committed 6272K, reserved 1048576K
Event: 16.006 GC heap after
Heap after GC invocations=13 (full 2):
 PSYoungGen      total 78336K, used 10726K [0x00000000e0000000, 0x00000000e6900000, 0x0000000100000000)
  eden space 67584K, 0% used [0x00000000e0000000,0x00000000e0000000,0x00000000e4200000)
  from space 10752K, 99% used [0x00000000e4200000,0x00000000e4c79b78,0x00000000e4c80000)
  to   space 11776K, 0% used [0x00000000e5d80000,0x00000000e5d80000,0x00000000e6900000)
 ParOldGen       total 105984K, used 15779K [0x00000000a0000000, 0x00000000a6780000, 0x00000000e0000000)
  object space 105984K, 14% used [0x00000000a0000000,0x00000000a0f68c70,0x00000000a6780000)
 Metaspace       used 43204K, capacity 44090K, committed 44416K, reserved 1087488K
  class space    used 5916K, capacity 6152K, committed 6272K, reserved 1048576K
}

Deoptimization events (10 events):
Event: 15.439 Thread 0x00007fcc6c009000 Uncommon trap: reason=class_check action=maybe_recompile pc=0x00007fccb19da034 method=com.sun.org.apache.xerces.internal.impl.XMLDocumentFragmentScannerImpl.scanEndElement()I @ 145
Event: 15.439 Thread 0x00007fcc6c009000 Uncommon trap: reason=class_check action=maybe_recompile pc=0x00007fccb19da034 method=com.sun.org.apache.xerces.internal.impl.XMLDocumentFragmentScannerImpl.scanEndElement()I @ 145
Event: 15.439 Thread 0x00007fcc6c009000 Uncommon trap: reason=class_check action=maybe_recompile pc=0x00007fccb19da034 method=com.sun.org.apache.xerces.internal.impl.XMLDocumentFragmentScannerImpl.scanEndElement()I @ 145
Event: 15.499 Thread 0x00007fcc6c009000 Uncommon trap: reason=unstable_if action=reinterpret pc=0x00007fccb169c6b4 method=java.util.WeakHashMap.remove(Ljava/lang/Object;)Ljava/lang/Object; @ 94
Event: 15.618 Thread 0x00007fcc6c009000 Uncommon trap: reason=unstable_if action=reinterpret pc=0x00007fccb19421d0 method=java.lang.CharacterDataLatin1.digit(II)I @ 31
Event: 15.619 Thread 0x00007fcc6c009000 Uncommon trap: reason=bimorphic action=maybe_recompile pc=0x00007fccb17c4540 method=com.sun.org.apache.xerces.internal.impl.XMLDocumentFragmentScannerImpl.scanEndElement()I @ 145
Event: 15.619 Thread 0x00007fcc6c009000 Uncommon trap: reason=bimorphic action=maybe_recompile pc=0x00007fccb17c4540 method=com.sun.org.apache.xerces.internal.impl.XMLDocumentFragmentScannerImpl.scanEndElement()I @ 145
Event: 15.619 Thread 0x00007fcc6c009000 Uncommon trap: reason=bimorphic action=maybe_recompile pc=0x00007fccb17c4540 method=com.sun.org.apache.xerces.internal.impl.XMLDocumentFragmentScannerImpl.scanEndElement()I @ 145
Event: 15.619 Thread 0x00007fcc6c009000 Uncommon trap: reason=bimorphic action=maybe_recompile pc=0x00007fccb17c4540 method=com.sun.org.apache.xerces.internal.impl.XMLDocumentFragmentScannerImpl.scanEndElement()I @ 145
Event: 15.632 Thread 0x00007fcc6c009000 Uncommon trap: reason=unstable_if action=reinterpret pc=0x00007fccb1884068 method=java.lang.CharacterDataLatin1.digit(II)I @ 31

Internal exceptions (10 events):
Event: 15.936 Thread 0x00007fcc6c009000 Exception <a 'sun/nio/fs/UnixException'> (0x00000000e37d7b20) thrown at [/HUDSON3/workspace/8-2-build-linux-amd64/jdk8u121/8372/hotspot/src/share/vm/prims/jni.cpp, line 709]
Event: 15.936 Thread 0x00007fcc6c009000 Exception <a 'sun/nio/fs/UnixException'> (0x00000000e37d91a8) thrown at [/HUDSON3/workspace/8-2-build-linux-amd64/jdk8u121/8372/hotspot/src/share/vm/prims/jni.cpp, line 709]
Event: 15.936 Thread 0x00007fcc6c009000 Exception <a 'sun/nio/fs/UnixException'> (0x00000000e37db230) thrown at [/HUDSON3/workspace/8-2-build-linux-amd64/jdk8u121/8372/hotspot/src/share/vm/prims/jni.cpp, line 709]
Event: 15.936 Thread 0x00007fcc6c009000 Exception <a 'sun/nio/fs/UnixException'> (0x00000000e37dc900) thrown at [/HUDSON3/workspace/8-2-build-linux-amd64/jdk8u121/8372/hotspot/src/share/vm/prims/jni.cpp, line 709]
Event: 15.936 Thread 0x00007fcc6c009000 Exception <a 'sun/nio/fs/UnixException'> (0x00000000e37deab0) thrown at [/HUDSON3/workspace/8-2-build-linux-amd64/jdk8u121/8372/hotspot/src/share/vm/prims/jni.cpp, line 709]
Event: 15.936 Thread 0x00007fcc6c009000 Exception <a 'sun/nio/fs/UnixException'> (0x00000000e37e0230) thrown at [/HUDSON3/workspace/8-2-build-linux-amd64/jdk8u121/8372/hotspot/src/share/vm/prims/jni.cpp, line 709]
Event: 15.936 Thread 0x00007fcc6c009000 Exception <a 'sun/nio/fs/UnixException'> (0x00000000e37e2428) thrown at [/HUDSON3/workspace/8-2-build-linux-amd64/jdk8u121/8372/hotspot/src/share/vm/prims/jni.cpp, line 709]
Event: 15.937 Thread 0x00007fcc6c009000 Exception <a 'sun/nio/fs/UnixException'> (0x00000000e37e3878) thrown at [/HUDSON3/workspace/8-2-build-linux-amd64/jdk8u121/8372/hotspot/src/share/vm/prims/jni.cpp, line 709]
Event: 15.937 Thread 0x00007fcc6c009000 Exception <a 'sun/nio/fs/UnixException'> (0x00000000e37e8e30) thrown at [/HUDSON3/workspace/8-2-build-linux-amd64/jdk8u121/8372/hotspot/src/share/vm/prims/jni.cpp, line 709]
Event: 15.937 Thread 0x00007fcc6c009000 Exception <a 'sun/nio/fs/UnixException'> (0x00000000e37ea270) thrown at [/HUDSON3/workspace/8-2-build-linux-amd64/jdk8u121/8372/hotspot/src/share/vm/prims/jni.cpp, line 709]

Events (10 events):
Event: 15.919 loading class java/nio/file/attribute/FileTime
Event: 15.919 loading class java/nio/file/attribute/FileTime done
Event: 15.965 Thread 0x00007fcc6c009000 DEOPT PACKING pc=0x00007fccb12d908b sp=0x00007fcc67bf9320
Event: 15.965 Thread 0x00007fcc6c009000 DEOPT UNPACKING pc=0x00007fccb1047633 sp=0x00007fcc67bf9140 mode 0
Event: 15.993 Executing VM operation: ParallelGCFailedAllocation
Event: 16.006 Executing VM operation: ParallelGCFailedAllocation done
Event: 16.006 Executing VM operation: RevokeBias
Event: 16.006 Executing VM operation: RevokeBias done
Event: 16.007 Executing VM operation: RevokeBias
Event: 16.007 Executing VM operation: RevokeBias done


Dynamic libraries:
00400000-00401000 r-xp 00000000 08:01 11143952                           /usr/local/java/jdk1.8.0_121/bin/java
00600000-00601000 rw-p 00000000 08:01 11143952                           /usr/local/java/jdk1.8.0_121/bin/java
0153b000-0155c000 rw-p 00000000 00:00 0                                  [heap]
a0000000-a6780000 rw-p 00000000 00:00 0 
a6780000-e0000000 ---p 00000000 00:00 0 
e0000000-e6900000 rw-p 00000000 00:00 0 
e6900000-100000000 ---p 00000000 00:00 0 
100000000-100620000 rw-p 00000000 00:00 0 
100620000-140000000 ---p 00000000 00:00 0 
7fcc40000000-7fcc40021000 rw-p 00000000 00:00 0 
7fcc40021000-7fcc44000000 ---p 00000000 00:00 0 
7fcc48000000-7fcc48021000 rw-p 00000000 00:00 0 
7fcc48021000-7fcc4c000000 ---p 00000000 00:00 0 
7fcc4c000000-7fcc4c021000 rw-p 00000000 00:00 0 
7fcc4c021000-7fcc50000000 ---p 00000000 00:00 0 
7fcc50000000-7fcc50021000 rw-p 00000000 00:00 0 
7fcc50021000-7fcc54000000 ---p 00000000 00:00 0 
7fcc54000000-7fcc54021000 rw-p 00000000 00:00 0 
7fcc54021000-7fcc58000000 ---p 00000000 00:00 0 
7fcc58000000-7fcc58021000 rw-p 00000000 00:00 0 
7fcc58021000-7fcc5c000000 ---p 00000000 00:00 0 
7fcc5c000000-7fcc5d274000 rw-p 00000000 00:00 0 
7fcc5d274000-7fcc60000000 ---p 00000000 00:00 0 
7fcc60000000-7fcc60021000 rw-p 00000000 00:00 0 
7fcc60021000-7fcc64000000 ---p 00000000 00:00 0 
7fcc65aa9000-7fcc65c29000 rw-p 00000000 00:00 0 
7fcc65c29000-7fcc65ca9000 ---p 00000000 00:00 0 
7fcc65ca9000-7fcc65cbc000 r--s 00345000 08:01 11146278                   /usr/local/java/jdk1.8.0_121/jre/lib/resources.jar
7fcc65cbc000-7fcc65ebc000 rw-p 00000000 00:00 0 
7fcc65ebc000-7fcc660bc000 rw-p 00000000 00:00 0 
7fcc660bc000-7fcc662bc000 rw-p 00000000 00:00 0 
7fcc662bc000-7fcc664bc000 rw-p 00000000 00:00 0 
7fcc664bc000-7fcc664bf000 ---p 00000000 00:00 0 
7fcc664bf000-7fcc667bd000 rw-p 00000000 00:00 0 
7fcc667bd000-7fcc667be000 r--s 00001000 08:01 34477923                   /root/.gradle/caches/jars-2/cmhx5eetujk7j30d3nllwxyrlnugzjw/annotations-25.3.3.jar
7fcc667be000-7fcc667c6000 r--s 000a8000 08:01 34996888                   /root/.gradle/caches/jars-2/lp0h431tl0554nh1vx6zomcvteflkp/lombok-ast-0.2.3.jar
7fcc667c6000-7fcc667da000 r--s 000b4000 08:01 34477921                   /root/.gradle/caches/jars-2/hgvw6szzawm3evod5l2d6iutfug31w0/uast-162.2228.14.jar
7fcc667da000-7fcc667dc000 r--s 0000d000 08:01 34996884                   /root/.gradle/caches/jars-2/7pwz1bowgakb1eux9ezb56jlturgsyi/commons-codec-1.4.jar
7fcc667dc000-7fcc667de000 r--s 0000d000 08:01 34996882                   /root/.gradle/caches/jars-2/9dj1m0eyooi5qt13735vz8fpkl3cnfy/commons-logging-1.1.1.jar
7fcc667de000-7fcc667e3000 r--s 00028000 08:01 34996880                   /root/.gradle/caches/jars-2/62lv0fe9b3xbqe57f6ljy5upwi7mf6k/httpcore-4.1.jar
7fcc667e3000-7fcc667e7000 r--s 0002f000 08:01 34996878                   /root/.gradle/caches/jars-2/gsg5n52frsvw6sx0swqqe2hwijwdcf0/jimfs-1.1.jar
7fcc667e7000-7fcc667e8000 r--s 00004000 08:01 34996876                   /root/.gradle/caches/jars-2/lxs252id0979odjrerlctkb26c2vj95/annotations-12.0.jar
7fcc667e8000-7fcc667e9000 r--s 00004000 08:01 34996874                   /root/.gradle/caches/jars-2/9kn99dr0rulyl67sct1ephwcop56l61/asm-analysis-5.0.4.jar
7fcc667e9000-7fcc667ed000 r--s 00040000 08:01 34477919                   /root/.gradle/caches/jars-2/ccvn7yglm4blceovs70fngoac1eyn4f/lint-api-25.3.3.jar
7fcc667ed000-7fcc667ee000 r--s 0000a000 08:01 34996870                   /root/.gradle/caches/jars-2/nwyg9io65lv6jvmwit2wq82xnnxd7ia/kxml2-2.3.0.jar
7fcc667ee000-7fcc667f0000 r--s 00005000 08:01 34996868                   /root/.gradle/caches/jars-2/i6hc1uuj8e9ck59slmzdyz78ydn8sr6/httpmime-4.1.jar
7fcc667f0000-7fcc667f8000 r--s 0004e000 08:01 34996866                   /root/.gradle/caches/jars-2/7503wa5irssz0xxahv1xb82p2dl7rr2/httpclient-4.1.1.jar
7fcc667f8000-7fcc667ff000 r--s 00053000 08:01 34996864                   /root/.gradle/caches/jars-2/jgkfvs4eqggj7qsyw1f5d3up57hanj1/commons-compress-1.8.1.jar
7fcc667ff000-7fcc66804000 r--s 0002a000 08:01 34996862                   /root/.gradle/caches/jars-2/je8f027qcr1z1egw08byp1ybxbp9kko/gson-2.2.4.jar
7fcc66804000-7fcc66809000 r--s 0002e000 08:01 34477917                   /root/.gradle/caches/jars-2/s427p2wh0tfza0xa8qijgx107eeevyl/repository-25.3.3.jar
7fcc66809000-7fcc6680b000 r--s 00006000 08:01 34477915                   /root/.gradle/caches/jars-2/e2s952s6co8tps89l80r4riixwqo2oe/dvlib-25.3.3.jar
7fcc6680b000-7fcc6680d000 r--s 00013000 08:01 34477913                   /root/.gradle/caches/jars-2/s02k517nvrh8cbp2c8dz4slqska6dj9/layoutlib-api-25.3.3.jar
7fcc6680d000-7fcc66812000 r--s 00058000 08:01 34996854                   /root/.gradle/caches/jars-2/st159835qgxm0l87oqrnhayxos4lc1n/asm-debug-all-5.0.1.jar
7fcc66812000-7fcc66822000 r--s 000d5000 08:01 34996852                   /root/.gradle/caches/jars-2/qzf32gp9kej4w4hlbabft6tplu74cj3/proguard-base-5.3.2.jar
7fcc66822000-7fcc66825000 r--s 00033000 08:01 34996850                   /root/.gradle/caches/jars-2/nz9sndmr8b4xbj4xulkaciy5kdbyfiz/juniversalchardet-1.0.3.jar
7fcc66825000-7fcc66829000 r--s 0002a000 08:01 34996848                   /root/.gradle/caches/jars-2/krbpn9xjn1qymukyx8cc5l799ty1v3h/commons-io-2.4.jar
7fcc66829000-7fcc66840000 r--s 00154000 08:01 34996846                   /root/.gradle/caches/jars-2/sfeivjswzitn6n0fnjx3ueszz8gv8o1/antlr4-4.5.3.jar
7fcc66840000-7fcc66842000 r--s 00002000 08:01 34477911                   /root/.gradle/caches/jars-2/rh2ip1x2zziz26tr3qzudtz088pqsb2/baseLibrary-2.3.3.jar
7fcc66842000-7fcc6686d000 r--s 001fc000 08:01 34996842                   /root/.gradle/caches/jars-2/nxjrjftly2xksl8o0wqgivu5netfu2x/guava-18.0.jar
7fcc6686d000-7fcc66880000 r--s 00241000 08:01 34996840                   /root/.gradle/caches/jars-2/9yuekvg4qerfitq3xec0iyckuw3hwaq/ecj-4.6.1.jar
7fcc66880000-7fcc66887000 r--s 000d9000 08:01 34477909                   /root/.gradle/caches/jars-2/ak89aa8liqmr44u7r08njntn6oehe0z/lint-checks-25.3.3.jar
7fcc66887000-7fcc66889000 r--s 00006000 08:01 34996836                   /root/.gradle/caches/jars-2/6phgj9ki3jl3p5epzkqoo8pr6kur40b/asm-tree-5.0.4.jar
7fcc66889000-7fcc668bc000 r--s 00203000 08:01 34996834                   /root/.gradle/caches/jars-2/hj0bfvxu9cq7hkwmecvp0kg137or3hh/bcprov-jdk15on-1.48.jar
7fcc668bc000-7fcc668ca000 r--s 00081000 08:01 34996832                   /root/.gradle/caches/jars-2/4r7xli0tz94y0wfjrdyjxlxar3g1pb9/bcpkix-jdk15on-1.48.jar
7fcc668ca000-7fcc668cc000 r--s 00002000 08:01 34996830                   /root/.gradle/caches/jars-2/f32bh5uivuf69ecz2j8hl96ksnqdh7v/javawriter-2.5.0.jar
7fcc668cc000-7fcc668ce000 r--s 00004000 08:01 34477907                   /root/.gradle/caches/jars-2/j6s1upogkwo00sygdsekzj4fx0i75uy/tracker-25.3.3.jar
7fcc668ce000-7fcc668cf000 r--s 00005000 08:01 34477905                   /root/.gradle/caches/jars-2/4svya0t1s9wyo35ycd3atidsaoo6w7e/shared-25.3.3.jar
7fcc668cf000-7fcc668dd000 r--s 00147000 08:01 34477903                   /root/.gradle/caches/jars-2/qx6695c5ocd9swxv7wqtxor3plyb4b7/protos-25.3.3.jar
7fcc668dd000-7fcc668de000 r--s 00001000 08:01 34477901                   /root/.gradle/caches/jars-2/bqo69msswbvaagsh45hf1tq02v21sml/jill-api-0.10.0.jar
7fcc668de000-7fcc668e0000 r--s 00003000 08:01 34477899                   /root/.gradle/caches/jars-2/7pldadygbci34ql8thws797g29k1uhh/jack-api-0.13.0.jar
7fcc668e0000-7fcc668e6000 r--s 0004a000 08:01 34477897                   /root/.gradle/caches/jars-2/euoqfzf5y1sibp9ul8mcz0wovj380eo/ddmlib-25.3.3.jar
7fcc668e6000-7fcc668e9000 r--s 00022000 08:01 34477895                   /root/.gradle/caches/jars-2/a81bg2yxzmumashablwecaj0ksz6tmj/manifest-merger-25.3.3.jar
7fcc668e9000-7fcc668ec000 r--s 0001c000 08:01 34477893                   /root/.gradle/caches/jars-2/l6cnyee1vojrkkbpp6qwgpf30shmrja/common-25.3.3.jar
7fcc668ec000-7fcc668f5000 r--s 00089000 08:01 34477891                   /root/.gradle/caches/jars-2/m0t6h8af70sdgxvkj522jy01i14mnb8/sdk-common-25.3.3.jar
7fcc668f5000-7fcc668ff000 r--s 00098000 08:01 34477889                   /root/.gradle/caches/jars-2/28c9ykhc782k8jmlrnbnccai34hziki/sdklib-25.3.3.jar
7fcc668ff000-7fcc66900000 r--s 00002000 08:01 34477887                   /root/.gradle/caches/jars-2/4dod7a1p5hoai4v37pxbcg65bbahvg2/builder-test-api-2.3.3.jar
7fcc66900000-7fcc66903000 r--s 00006000 08:01 34477885                   /root/.gradle/caches/jars-2/omk02asobup8sgd6qxom3ej5bg94z2r/builder-model-2.3.3.jar
7fcc66903000-7fcc66912000 r--s 00130000 08:01 34996804                   /root/.gradle/caches/jars-2/cr6zkqpx14lor9zdtmo49qpc7y8r8p4/protobuf-java-3.0.0.jar
7fcc66912000-7fcc66914000 r--s 0000f000 08:01 34996802                   /root/.gradle/caches/jars-2/rvfyugrlu5tbpz51p98og0qsxamjq4k/jopt-simple-4.9.jar
7fcc66914000-7fcc66918000 r--s 0001f000 08:01 34996800                   /root/.gradle/caches/jars-2/nq3fzqkrrm37ob61z4iu5qdbh368uat/org.jacoco.report-0.7.5.201505241946.jar
7fcc66918000-7fcc6691c000 r--s 0001d000 08:01 34996798                   /root/.gradle/caches/jars-2/3kxkmcckmk40ron92zhbm0qjo9l4bkl/org.jacoco.core-0.7.5.201505241946.jar
7fcc6691c000-7fcc6691e000 r--s 00002000 08:01 34996796                   /root/.gradle/caches/jars-2/m4m0pzb4gmaeh0in5g2xc4bxeuwt828/proguard-gradle-5.3.2.jar
7fcc6691e000-7fcc66920000 r--s 00009000 08:01 34996794                   /root/.gradle/caches/jars-2/ajvcvdu66lc9e3tvvipxtuq48i9bbkc/asm-commons-5.0.4.jar
7fcc66920000-7fcc66922000 r--s 0000c000 08:01 34996792                   /root/.gradle/caches/jars-2/1laz1ygmxoc408r7nwqs1q8uk8r236d/asm-5.0.4.jar
7fcc66922000-7fcc66927000 r--s 0002c000 08:01 34477883                   /root/.gradle/caches/jars-2/3mlasgi8oo9o7oa12526198jui9zmp2/compilerCommon-2.3.3.jar
7fcc66927000-7fcc66928000 r--s 00002000 08:01 34477881                   /root/.gradle/caches/jars-2/73l309uzm0ila7rdaaxteq0ng4ayf2y/gradle-api-2.3.3.jar
7fcc66928000-7fcc66947000 r--s 001ca000 08:01 34477873                   /root/.gradle/caches/jars-2/5fwyvjq1ai8mdh1mluqxidj1wo7rls8/gradle-core-2.3.3.jar
7fcc66947000-7fcc66b47000 rw-p 00000000 00:00 0 
7fcc66b47000-7fcc66d47000 rw-p 00000000 00:00 0 
7fcc66d47000-7fcc66d4a000 ---p 00000000 00:00 0 
7fcc66d4a000-7fcc66e48000 rw-p 00000000 00:00 0 
7fcc66e48000-7fcc66e4b000 ---p 00000000 00:00 0 
7fcc66e4b000-7fcc67081000 rw-p 00000000 00:00 0 
7fcc67081000-7fcc67281000 rw-p 00000000 00:00 0 
7fcc67281000-7fcc67481000 rw-p 00000000 00:00 0 
7fcc67481000-7fcc67681000 rw-p 00000000 00:00 0 
7fcc67681000-7fcc676fb000 r--s 010f6000 08:01 11020816                   /usr/local/java/jdk1.8.0_121/lib/tools.jar
7fcc676fb000-7fcc678fb000 rw-p 00000000 00:00 0 
7fcc678fb000-7fcc678fe000 ---p 00000000 00:00 0 
7fcc678fe000-7fcc679fc000 rw-p 00000000 00:00 0 
7fcc679fc000-7fcc679ff000 ---p 00000000 00:00 0 
7fcc679ff000-7fcc67afd000 rw-p 00000000 00:00 0 
7fcc67afd000-7fcc67b00000 ---p 00000000 00:00 0 
7fcc67b00000-7fcc67bfe000 rw-p 00000000 00:00 0 
7fcc67bfe000-7fcc67c01000 ---p 00000000 00:00 0 
7fcc67c01000-7fcc67eff000 rw-p 00000000 00:00 0 
7fcc67eff000-7fcc67f02000 ---p 00000000 00:00 0 
7fcc67f02000-7fcc68000000 rw-p 00000000 00:00 0 
7fcc68000000-7fcc68078000 rw-p 00000000 00:00 0 
7fcc68078000-7fcc6c000000 ---p 00000000 00:00 0 
7fcc6c000000-7fcc6c021000 rw-p 00000000 00:00 0 
7fcc6c021000-7fcc70000000 ---p 00000000 00:00 0 
7fcc70000000-7fcc70021000 rw-p 00000000 00:00 0 
7fcc70021000-7fcc74000000 ---p 00000000 00:00 0 
7fcc74000000-7fcc74021000 rw-p 00000000 00:00 0 
7fcc74021000-7fcc78000000 ---p 00000000 00:00 0 
7fcc78000000-7fcc78001000 r--s 00000000 08:01 34477879                   /root/.gradle/caches/jars-2/tlyajppf8woug00g686fx5mchf8iv3o/transform-api-2.0.0-deprecated-use-gradle-api.jar
7fcc78001000-7fcc78006000 r--s 0005e000 08:01 34477877                   /root/.gradle/caches/jars-2/k2xtosjt0in0zj7mpwvctw6iznt93uh/lint-25.3.3.jar
7fcc78006000-7fcc7801c000 r--s 00163000 08:01 34477875                   /root/.gradle/caches/jars-2/nyg71b5n2lzymmwh5vbtmvjiby07k4g/builder-2.3.3.jar
7fcc7801c000-7fcc7801e000 r--s 00007000 08:01 393249                     /root/.gradle/caches/modules-2/files-2.1/com.google.gms/google-services/3.1.0/166ae4e6acd03b7bbebe221ffa54bc039fece1b9/google-services-3.1.0.jar
7fcc7801e000-7fcc78020000 r--s 0000d000 08:01 34477871                   /root/.gradle/caches/jars-2/mel54vauze7hczg2p6nebauqz8s53sj/gradle-2.3.3.jar
7fcc78020000-7fcc78021000 r--p 00000000 00:00 0 
7fcc78021000-7fcc78024000 ---p 00000000 00:00 0 
7fcc78024000-7fcc78122000 rw-p 00000000 00:00 0 
7fcc78122000-7fcc78129000 r--s 00000000 08:01 11280200                   /usr/lib/x86_64-linux-gnu/gconv/gconv-modules.cache
7fcc78129000-7fcc78329000 rw-p 00000000 00:00 0 
7fcc78329000-7fcc7832c000 ---p 00000000 00:00 0 
7fcc7832c000-7fcc7842a000 rw-p 00000000 00:00 0 
7fcc7842a000-7fcc7842d000 ---p 00000000 00:00 0 
7fcc7842d000-7fcc7852b000 rw-p 00000000 00:00 0 
7fcc7852b000-7fcc78534000 r-xp 00000000 08:01 11144070                   /usr/local/java/jdk1.8.0_121/jre/lib/amd64/libmanagement.so
7fcc78534000-7fcc78733000 ---p 00009000 08:01 11144070                   /usr/local/java/jdk1.8.0_121/jre/lib/amd64/libmanagement.so
7fcc78733000-7fcc78734000 rw-p 00008000 08:01 11144070                   /usr/local/java/jdk1.8.0_121/jre/lib/amd64/libmanagement.so
7fcc78734000-7fcc78738000 r--s 0009a000 08:01 11143978                   /usr/local/java/jdk1.8.0_121/jre/lib/jsse.jar
7fcc78738000-7fcc7873a000 r--s 00007000 08:01 34341942                   /root/.gradle/wrapper/dists/gradle-3.3-all/55gk2rcmfc6p2dg9u9ohc3hw9/gradle-3.3/lib/plugins/gradle-tooling-api-builders-3.3.jar
7fcc7873a000-7fcc7873d000 r--s 00009000 08:01 34341935                   /root/.gradle/wrapper/dists/gradle-3.3-all/55gk2rcmfc6p2dg9u9ohc3hw9/gradle-3.3/lib/plugins/gradle-testing-native-3.3.jar
7fcc7873d000-7fcc78743000 r--s 00033000 08:01 34342010                   /root/.gradle/wrapper/dists/gradle-3.3-all/55gk2rcmfc6p2dg9u9ohc3hw9/gradle-3.3/lib/plugins/snakeyaml-1.6.jar
7fcc78743000-7fcc78745000 r--s 00006000 08:01 34342009                   /root/.gradle/wrapper/dists/gradle-3.3-all/55gk2rcmfc6p2dg9u9ohc3hw9/gradle-3.3/lib/plugins/jcommander-1.12.jar
7fcc78745000-7fcc7874a000 r--s 00040000 08:01 34342008                   /root/.gradle/wrapper/dists/gradle-3.3-all/55gk2rcmfc6p2dg9u9ohc3hw9/gradle-3.3/lib/plugins/bsh-2.0b4.jar
7fcc7874a000-7fcc7874c000 r--s 00009000 08:01 34342016                   /root/.gradle/wrapper/dists/gradle-3.3-all/55gk2rcmfc6p2dg9u9ohc3hw9/gradle-3.3/lib/plugins/hamcrest-core-1.3.jar
7fcc7874c000-7fcc78755000 r--s 00089000 08:01 34341967                   /root/.gradle/wrapper/dists/gradle-3.3-all/55gk2rcmfc6p2dg9u9ohc3hw9/gradle-3.3/lib/plugins/testng-6.3.1.jar
7fcc78755000-7fcc7875d000 r--s 00045000 08:01 34341966                   /root/.gradle/wrapper/dists/gradle-3.3-all/55gk2rcmfc6p2dg9u9ohc3hw9/gradle-3.3/lib/plugins/junit-4.12.jar
7fcc7875d000-7fcc78763000 r--s 0002e000 08:01 34341936                   /root/.gradle/wrapper/dists/gradle-3.3-all/55gk2rcmfc6p2dg9u9ohc3hw9/gradle-3.3/lib/plugins/gradle-testing-jvm-3.3.jar
7fcc78763000-7fcc78767000 r--s 00016000 08:01 34341934                   /root/.gradle/wrapper/dists/gradle-3.3-all/55gk2rcmfc6p2dg9u9ohc3hw9/gradle-3.3/lib/plugins/gradle-testing-base-3.3.jar
7fcc78767000-7fcc7876e000 r--s 00038000 08:01 34341961                   /root/.gradle/wrapper/dists/gradle-3.3-all/55gk2rcmfc6p2dg9u9ohc3hw9/gradle-3.3/lib/plugins/bcpg-jdk15on-1.51.jar
7fcc7876e000-7fcc78770000 r--s 0000c000 08:01 34341913                   /root/.gradle/wrapper/dists/gradle-3.3-all/55gk2rcmfc6p2dg9u9ohc3hw9/gradle-3.3/lib/plugins/gradle-signing-3.3.jar
7fcc78770000-7fcc78772000 r--s 00007000 08:01 34341912                   /root/.gradle/wrapper/dists/gradle-3.3-all/55gk2rcmfc6p2dg9u9ohc3hw9/gradle-3.3/lib/plugins/gradle-scala-3.3.jar
7fcc78772000-7fcc78773000 r--s 00004000 08:01 34341940                   /root/.gradle/wrapper/dists/gradle-3.3-all/55gk2rcmfc6p2dg9u9ohc3hw9/gradle-3.3/lib/plugins/gradle-resources-sftp-3.3.jar
7fcc78773000-7fcc78783000 r--s 00088000 08:01 34341977                   /root/.gradle/wrapper/dists/gradle-3.3-all/55gk2rcmfc6p2dg9u9ohc3hw9/gradle-3.3/lib/plugins/joda-time-2.8.2.jar
7fcc78783000-7fcc78794000 r--s 0010d000 08:01 34341976                   /root/.gradle/wrapper/dists/gradle-3.3-all/55gk2rcmfc6p2dg9u9ohc3hw9/gradle-3.3/lib/plugins/jackson-databind-2.6.6.jar
7fcc78794000-7fcc78797000 r--s 00009000 08:01 34341975                   /root/.gradle/wrapper/dists/gradle-3.3-all/55gk2rcmfc6p2dg9u9ohc3hw9/gradle-3.3/lib/plugins/jackson-annotations-2.6.6.jar
7fcc78797000-7fcc7879b000 r--s 0003c000 08:01 34341974                   /root/.gradle/wrapper/dists/gradle-3.3-all/55gk2rcmfc6p2dg9u9ohc3hw9/gradle-3.3/lib/plugins/jackson-core-2.6.6.jar
7fcc7879b000-7fcc787a9000 r--s 00087000 08:01 34341973                   /root/.gradle/wrapper/dists/gradle-3.3-all/55gk2rcmfc6p2dg9u9ohc3hw9/gradle-3.3/lib/plugins/aws-java-sdk-core-1.11.6.jar
7fcc787a9000-7fcc787b0000 r--s 00057000 08:01 34341972                   /root/.gradle/wrapper/dists/gradle-3.3-all/55gk2rcmfc6p2dg9u9ohc3hw9/gradle-3.3/lib/plugins/aws-java-sdk-kms-1.11.6.jar
7fcc787b0000-7fcc787bd000 r--s 0008e000 08:01 34341971                   /root/.gradle/wrapper/dists/gradle-3.3-all/55gk2rcmfc6p2dg9u9ohc3hw9/gradle-3.3/lib/plugins/aws-java-sdk-s3-1.11.6.jar
7fcc787bd000-7fcc787bf000 r--s 00004000 08:01 34341941                   /root/.gradle/wrapper/dists/gradle-3.3-all/55gk2rcmfc6p2dg9u9ohc3hw9/gradle-3.3/lib/plugins/gradle-resources-s3-3.3.jar
7fcc787bf000-7fcc787c1000 r--s 00005000 08:01 34341965                   /root/.gradle/wrapper/dists/gradle-3.3-all/55gk2rcmfc6p2dg9u9ohc3hw9/gradle-3.3/lib/plugins/jatl-0.2.2.jar
7fcc787c1000-7fcc787c3000 r--s 0000f000 08:01 34341918                   /root/.gradle/wrapper/dists/gradle-3.3-all/55gk2rcmfc6p2dg9u9ohc3hw9/gradle-3.3/lib/plugins/gradle-reporting-3.3.jar
7fcc787c3000-7fcc787c5000 r--s 00002000 08:01 34341919                   /root/.gradle/wrapper/dists/gradle-3.3-all/55gk2rcmfc6p2dg9u9ohc3hw9/gradle-3.3/lib/plugins/gradle-publish-3.3.jar
7fcc787c5000-7fcc787c7000 r--s 00009000 08:01 34341948                   /root/.gradle/wrapper/dists/gradle-3.3-all/55gk2rcmfc6p2dg9u9ohc3hw9/gradle-3.3/lib/plugins/commons-cli-1.2.jar
7fcc787c7000-7fcc787cd000 r--s 00031000 08:01 34341904                   /root/.gradle/wrapper/dists/gradle-3.3-all/55gk2rcmfc6p2dg9u9ohc3hw9/gradle-3.3/lib/plugins/gradle-plugins-3.3.jar
7fcc787cd000-7fcc787cf000 r--s 00009000 08:01 34341937                   /root/.gradle/wrapper/dists/gradle-3.3-all/55gk2rcmfc6p2dg9u9ohc3hw9/gradle-3.3/lib/plugins/gradle-plugin-development-3.3.jar
7fcc787cf000-7fcc787d5000 r--s 0002b000 08:01 34341930                   /root/.gradle/wrapper/dists/gradle-3.3-all/55gk2rcmfc6p2dg9u9ohc3hw9/gradle-3.3/lib/plugins/gradle-platform-play-3.3.jar
7fcc787d5000-7fcc787e3000 r--s 00055000 08:01 34341929                   /root/.gradle/wrapper/dists/gradle-3.3-all/55gk2rcmfc6p2dg9u9ohc3hw9/gradle-3.3/lib/plugins/gradle-platform-native-3.3.jar
7fcc787e3000-7fcc787e8000 r--s 0001f000 08:01 34341924                   /root/.gradle/wrapper/dists/gradle-3.3-all/55gk2rcmfc6p2dg9u9ohc3hw9/gradle-3.3/lib/plugins/gradle-platform-jvm-3.3.jar
7fcc787e8000-7fcc787f0000 r--s 00027000 08:01 34341923                   /root/.gradle/wrapper/dists/gradle-3.3-all/55gk2rcmfc6p2dg9u9ohc3hw9/gradle-3.3/lib/plugins/gradle-platform-base-3.3.jar
7fcc787f0000-7fcc78818000 r--s 0021c000 08:01 34341956                   /root/.gradle/wrapper/dists/gradle-3.3-all/55gk2rcmfc6p2dg9u9ohc3hw9/gradle-3.3/lib/plugins/biz.aQute.bndlib-3.2.0.jar
7fcc78818000-7fcc7881a000 r--s 00003000 08:01 34341908                   /root/.gradle/wrapper/dists/gradle-3.3-all/55gk2rcmfc6p2dg9u9ohc3hw9/gradle-3.3/lib/plugins/gradle-osgi-3.3.jar
7fcc7881a000-7fcc7881d000 r--s 0000c000 08:01 34341959                   /root/.gradle/wrapper/dists/gradle-3.3-all/55gk2rcmfc6p2dg9u9ohc3hw9/gradle-3.3/lib/plugins/pmaven-groovy-0.8-20100325.jar
7fcc7881d000-7fcc7881e000 r--s 00004000 08:01 34341958                   /root/.gradle/wrapper/dists/gradle-3.3-all/55gk2rcmfc6p2dg9u9ohc3hw9/gradle-3.3/lib/plugins/pmaven-common-0.8-20100325.jar
7fcc7881e000-7fcc78824000 r--s 00023000 08:01 34341909                   /root/.gradle/wrapper/dists/gradle-3.3-all/55gk2rcmfc6p2dg9u9ohc3hw9/gradle-3.3/lib/plugins/gradle-maven-3.3.jar
7fcc78824000-7fcc78827000 r--s 0000b000 08:01 34341928                   /root/.gradle/wrapper/dists/gradle-3.3-all/55gk2rcmfc6p2dg9u9ohc3hw9/gradle-3.3/lib/plugins/gradle-language-scala-3.3.jar
7fcc78827000-7fcc7882d000 r--s 0001a000 08:01 34341932                   /root/.gradle/wrapper/dists/gradle-3.3-all/55gk2rcmfc6p2dg9u9ohc3hw9/gradle-3.3/lib/plugins/gradle-language-native-3.3.jar
7fcc7882d000-7fcc78830000 r--s 00005000 08:01 34341925                   /root/.gradle/wrapper/dists/gradle-3.3-all/55gk2rcmfc6p2dg9u9ohc3hw9/gradle-3.3/lib/plugins/gradle-language-jvm-3.3.jar
7fcc78830000-7fcc78836000 r--s 00027000 08:01 34341926                   /root/.gradle/wrapper/dists/gradle-3.3-all/55gk2rcmfc6p2dg9u9ohc3hw9/gradle-3.3/lib/plugins/gradle-language-java-3.3.jar
7fcc78836000-7fcc78838000 r--s 0000a000 08:01 34341927                   /root/.gradle/wrapper/dists/gradle-3.3-all/55gk2rcmfc6p2dg9u9ohc3hw9/gradle-3.3/lib/plugins/gradle-language-groovy-3.3.jar
7fcc78838000-7fcc7883b000 r--s 0001e000 08:01 34341983                   /root/.gradle/wrapper/dists/gradle-3.3-all/55gk2rcmfc6p2dg9u9ohc3hw9/gradle-3.3/lib/plugins/jsp-api-2.1-6.1.14.jar
7fcc7883b000-7fcc7885e000 r--s 00344000 08:01 34341982                   /root/.gradle/wrapper/dists/gradle-3.3-all/55gk2rcmfc6p2dg9u9ohc3hw9/gradle-3.3/lib/plugins/core-3.1.1.jar
7fcc7885e000-7fcc7885f000 r--s 00006000 08:01 34341981                   /root/.gradle/wrapper/dists/gradle-3.3-all/55gk2rcmfc6p2dg9u9ohc3hw9/gradle-3.3/lib/plugins/jetty-naming-6.1.26.jar
7fcc7885f000-7fcc78860000 r--s 00002000 08:01 34341955                   /root/.gradle/wrapper/dists/gradle-3.3-all/55gk2rcmfc6p2dg9u9ohc3hw9/gradle-3.3/lib/plugins/geronimo-annotation_1.0_spec-1.0.jar
7fcc78860000-7fcc78862000 r--s 00002000 08:01 34341954                   /root/.gradle/wrapper/dists/gradle-3.3-all/55gk2rcmfc6p2dg9u9ohc3hw9/gradle-3.3/lib/plugins/jetty-annotations-6.1.26.jar
7fcc78862000-7fcc78878000 r-xp 00000000 08:01 4985220                    /lib/x86_64-linux-gnu/libgcc_s.so.1
7fcc78878000-7fcc78a77000 ---p 00016000 08:01 4985220                    /lib/x86_64-linux-gnu/libgcc_s.so.1
7fcc78a77000-7fcc78a78000 rw-p 00015000 08:01 4985220                    /lib/x86_64-linux-gnu/libgcc_s.so.1
7fcc78a78000-7fcc78bea000 r-xp 00000000 08:01 11012225                   /usr/lib/x86_64-linux-gnu/libstdc++.so.6.0.21
7fcc78bea000-7fcc78dea000 ---p 00172000 08:01 11012225                   /usr/lib/x86_64-linux-gnu/libstdc++.so.6.0.21
7fcc78dea000-7fcc78df4000 r--p 00172000 08:01 11012225                   /usr/lib/x86_64-linux-gnu/libstdc++.so.6.0.21
7fcc78df4000-7fcc78df6000 rw-p 0017c000 08:01 11012225                   /usr/lib/x86_64-linux-gnu/libstdc++.so.6.0.21
7fcc78df6000-7fcc78dfa000 rw-p 00000000 00:00 0 
7fcc78dfa000-7fcc78dff000 r-xp 00000000 08:01 34345271                   /root/.gradle/native/23/linux-amd64/libnative-platform.so
7fcc78dff000-7fcc78ffe000 ---p 00005000 08:01 34345271                   /root/.gradle/native/23/linux-amd64/libnative-platform.so
7fcc78ffe000-7fcc78fff000 rw-p 00004000 08:01 34345271                   /root/.gradle/native/23/linux-amd64/libnative-platform.so
7fcc78fff000-7fcc7c000000 rw-p 00000000 00:00 0 
7fcc7c000000-7fcc7caa4000 rw-p 00000000 00:00 0 
7fcc7caa4000-7fcc80000000 ---p 00000000 00:00 0 
7fcc80000000-7fcc80021000 rw-p 00000000 00:00 0 
7fcc80021000-7fcc84000000 ---p 00000000 00:00 0 
7fcc84000000-7fcc861d4000 rw-p 00000000 00:00 0 
7fcc861d4000-7fcc88000000 ---p 00000000 00:00 0 
7fcc88000000-7fcc89bc6000 rw-p 00000000 00:00 0 
7fcc89bc6000-7fcc8c000000 ---p 00000000 00:00 0 
7fcc8c000000-7fcc8c021000 rw-p 00000000 00:00 0 
7fcc8c021000-7fcc90000000 ---p 00000000 00:00 0 
7fcc90000000-7fcc90021000 rw-p 00000000 00:00 0 
7fcc90021000-7fcc94000000 ---p 00000000 00:00 0 
7fcc94000000-7fcc94021000 rw-p 00000000 00:00 0 
7fcc94021000-7fcc98000000 ---p 00000000 00:00 0 
7fcc98000000-7fcc98021000 rw-p 00000000 00:00 0 
7fcc98021000-7fcc9c000000 ---p 00000000 00:00 0 
7fcc9c000000-7fcc9c021000 rw-p 00000000 00:00 0 
7fcc9c021000-7fcca0000000 ---p 00000000 00:00 0 
7fcca0000000-7fcca0021000 rw-p 00000000 00:00 0 
7fcca0021000-7fcca4000000 ---p 00000000 00:00 0 
7fcca4000000-7fcca4031000 rw-p 00000000 00:00 0 
7fcca4031000-7fcca8000000 ---p 00000000 00:00 0 
7fcca8000000-7fcca8011000 r--s 000ea000 08:01 34341953                   /root/.gradle/wrapper/dists/gradle-3.3-all/55gk2rcmfc6p2dg9u9ohc3hw9/gradle-3.3/lib/plugins/jsp-2.1-6.1.14.jar
7fcca8011000-7fcca8013000 r--s 0000d000 08:01 34341952                   /root/.gradle/wrapper/dists/gradle-3.3-all/55gk2rcmfc6p2dg9u9ohc3hw9/gradle-3.3/lib/plugins/jetty-plus-6.1.26.jar
7fcca8013000-7fcca8015000 r--s 0001f000 08:01 34341951                   /root/.gradle/wrapper/dists/gradle-3.3-all/55gk2rcmfc6p2dg9u9ohc3hw9/gradle-3.3/lib/plugins/servlet-api-2.5-20081211.jar
7fcca8015000-7fcca8019000 r--s 00028000 08:01 34341950                   /root/.gradle/wrapper/dists/gradle-3.3-all/55gk2rcmfc6p2dg9u9ohc3hw9/gradle-3.3/lib/plugins/jetty-util-6.1.26.jar
7fcca8019000-7fcca8020000 r--s 0007d000 08:01 34341949                   /root/.gradle/wrapper/dists/gradle-3.3-all/55gk2rcmfc6p2dg9u9ohc3hw9/gradle-3.3/lib/plugins/jetty-6.1.26.jar
7fcca8020000-7fcca8022000 r--s 0000a000 08:01 34341906                   /root/.gradle/wrapper/dists/gradle-3.3-all/55gk2rcmfc6p2dg9u9ohc3hw9/gradle-3.3/lib/plugins/gradle-jetty-3.3.jar
7fcca8022000-7fcca8029000 r--s 00035000 08:01 34341964                   /root/.gradle/wrapper/dists/gradle-3.3-all/55gk2rcmfc6p2dg9u9ohc3hw9/gradle-3.3/lib/plugins/simple-4.1.21.jar
7fcca8029000-7fcca8035000 r--s 00100000 08:01 34341962                   /root/.gradle/wrapper/dists/gradle-3.3-all/55gk2rcmfc6p2dg9u9ohc3hw9/gradle-3.3/lib/plugins/rhino-1.7R3.jar
7fcca8035000-7fcca8039000 r--s 00012000 08:01 34341915                   /root/.gradle/wrapper/dists/gradle-3.3-all/55gk2rcmfc6p2dg9u9ohc3hw9/gradle-3.3/lib/plugins/gradle-javascript-3.3.jar
7fcca8039000-7fcca803b000 r--s 0000d000 08:01 34341921                   /root/.gradle/wrapper/dists/gradle-3.3-all/55gk2rcmfc6p2dg9u9ohc3hw9/gradle-3.3/lib/plugins/gradle-jacoco-3.3.jar
7fcca803b000-7fcca803e000 r--s 0000e000 08:01 34341920                   /root/.gradle/wrapper/dists/gradle-3.3-all/55gk2rcmfc6p2dg9u9ohc3hw9/gradle-3.3/lib/plugins/gradle-ivy-3.3.jar
7fcca803e000-7fcca803f000 r--s 00002000 08:01 34341931                   /root/.gradle/wrapper/dists/gradle-3.3-all/55gk2rcmfc6p2dg9u9ohc3hw9/gradle-3.3/lib/plugins/gradle-ide-play-3.3.jar
7fcca803f000-7fcca8042000 r--s 00013000 08:01 34341933                   /root/.gradle/wrapper/dists/gradle-3.3-all/55gk2rcmfc6p2dg9u9ohc3hw9/gradle-3.3/lib/plugins/gradle-ide-native-3.3.jar
7fcca8042000-7fcca804b000 r--s 00055000 08:01 34341910                   /root/.gradle/wrapper/dists/gradle-3.3-all/55gk2rcmfc6p2dg9u9ohc3hw9/gradle-3.3/lib/plugins/gradle-ide-3.3.jar
7fcca804b000-7fcca804d000 r--s 00007000 08:01 34341914                   /root/.gradle/wrapper/dists/gradle-3.3-all/55gk2rcmfc6p2dg9u9ohc3hw9/gradle-3.3/lib/plugins/gradle-ear-3.3.jar
7fcca804d000-7fcca8053000 r--s 00039000 08:01 34341917                   /root/.gradle/wrapper/dists/gradle-3.3-all/55gk2rcmfc6p2dg9u9ohc3hw9/gradle-3.3/lib/plugins/gradle-diagnostics-3.3.jar
7fcca8053000-7fcca8054000 r--s 00009000 08:01 34341943                   /root/.gradle/wrapper/dists/gradle-3.3-all/55gk2rcmfc6p2dg9u9ohc3hw9/gradle-3.3/lib/plugins/gradle-composite-builds-3.3.jar
7fcca8054000-7fcca8058000 r--s 00023000 08:01 34341905                   /root/.gradle/wrapper/dists/gradle-3.3-all/55gk2rcmfc6p2dg9u9ohc3hw9/gradle-3.3/lib/plugins/gradle-code-quality-3.3.jar
7fcca8058000-7fcca805c000 r--s 00022000 08:01 34341922                   /root/.gradle/wrapper/dists/gradle-3.3-all/55gk2rcmfc6p2dg9u9ohc3hw9/gradle-3.3/lib/plugins/gradle-build-init-3.3.jar
7fcca805c000-7fcca8062000 r--s 0008e000 08:01 34341916                   /root/.gradle/wrapper/dists/gradle-3.3-all/55gk2rcmfc6p2dg9u9ohc3hw9/gradle-3.3/lib/plugins/gradle-build-comparison-3.3.jar
7fcca8062000-7fcca8063000 r--s 00001000 08:01 34341944                   /root/.gradle/wrapper/dists/gradle-3.3-all/55gk2rcmfc6p2dg9u9ohc3hw9/gradle-3.3/lib/plugins/gradle-build-cache-http-3.3.jar
7fcca8063000-7fcca8065000 r--s 00008000 08:01 34341907                   /root/.gradle/wrapper/dists/gradle-3.3-all/55gk2rcmfc6p2dg9u9ohc3hw9/gradle-3.3/lib/plugins/gradle-antlr-3.3.jar
7fcca8065000-7fcca8067000 r--s 00004000 08:01 34341911                   /root/.gradle/wrapper/dists/gradle-3.3-all/55gk2rcmfc6p2dg9u9ohc3hw9/gradle-3.3/lib/plugins/gradle-announce-3.3.jar
7fcca8067000-7fcca807f000 r--s 00115000 08:01 34342013                   /root/.gradle/wrapper/dists/gradle-3.3-all/55gk2rcmfc6p2dg9u9ohc3hw9/gradle-3.3/lib/plugins/xercesImpl-2.9.1.jar
7fcca807f000-7fcca8087000 r--s 00028000 08:01 34342014                   /root/.gradle/wrapper/dists/gradle-3.3-all/55gk2rcmfc6p2dg9u9ohc3hw9/gradle-3.3/lib/plugins/xml-apis-1.3.04.jar
7fcca8087000-7fcca808d000 r--s 0005b000 08:01 34342012                   /root/.gradle/wrapper/dists/gradle-3.3-all/55gk2rcmfc6p2dg9u9ohc3hw9/gradle-3.3/lib/plugins/jcifs-1.3.17.jar
7fcca808d000-7fcca8093000 r--s 00033000 08:01 34341960                   /root/.gradle/wrapper/dists/gradle-3.3-all/55gk2rcmfc6p2dg9u9ohc3hw9/gradle-3.3/lib/plugins/commons-codec-1.6.jar
7fcca8093000-7fcca809a000 r--s 00049000 08:01 34342011                   /root/.gradle/wrapper/dists/gradle-3.3-all/55gk2rcmfc6p2dg9u9ohc3hw9/gradle-3.3/lib/plugins/httpcore-4.4.4.jar
7fcca809a000-7fcca809d000 r--s 0001c000 08:01 34341969                   /root/.gradle/wrapper/dists/gradle-3.3-all/55gk2rcmfc6p2dg9u9ohc3hw9/gradle-3.3/lib/plugins/nekohtml-1.9.14.jar
7fcca809d000-7fcca80aa000 r--s 000a4000 08:01 34341968                   /root/.gradle/wrapper/dists/gradle-3.3-all/55gk2rcmfc6p2dg9u9ohc3hw9/gradle-3.3/lib/plugins/httpclient-4.4.1.jar
7fcca80aa000-7fcca80ad000 r--s 0000a000 08:01 34341939                   /root/.gradle/wrapper/dists/gradle-3.3-all/55gk2rcmfc6p2dg9u9ohc3hw9/gradle-3.3/lib/plugins/gradle-resources-http-3.3.jar
7fcca80ad000-7fcca80b1000 r--s 00015000 08:01 34341938                   /root/.gradle/wrapper/dists/gradle-3.3-all/55gk2rcmfc6p2dg9u9ohc3hw9/gradle-3.3/lib/plugins/gradle-plugin-use-3.3.jar
7fcca80b1000-7fcca80b2000 r--s 00000000 08:01 34341850                   /root/.gradle/wrapper/dists/gradle-3.3-all/55gk2rcmfc6p2dg9u9ohc3hw9/gradle-3.3/lib/gradle-installation-beacon-3.3.jar
7fcca80b2000-7fcca80b4000 r--s 00006000 08:01 34342007                   /root/.gradle/wrapper/dists/gradle-3.3-all/55gk2rcmfc6p2dg9u9ohc3hw9/gradle-3.3/lib/plugins/aether-connector-wagon-1.13.1.jar
7fcca80b4000-7fcca80b8000 r--s 0001c000 08:01 34342006                   /root/.gradle/wrapper/dists/gradle-3.3-all/55gk2rcmfc6p2dg9u9ohc3hw9/gradle-3.3/lib/plugins/aether-util-1.13.1.jar
7fcca80b8000-7fcca80b9000 r--s 00003000 08:01 34342005                   /root/.gradle/wrapper/dists/gradle-3.3-all/55gk2rcmfc6p2dg9u9ohc3hw9/gradle-3.3/lib/plugins/aether-spi-1.13.1.jar
7fcca80b9000-7fcca80bc000 r--s 0001d000 08:01 34342004                   /root/.gradle/wrapper/dists/gradle-3.3-all/55gk2rcmfc6p2dg9u9ohc3hw9/gradle-3.3/lib/plugins/aether-impl-1.13.1.jar
7fcca80bc000-7fcca80bf000 r--s 00013000 08:01 34342003                   /root/.gradle/wrapper/dists/gradle-3.3-all/55gk2rcmfc6p2dg9u9ohc3hw9/gradle-3.3/lib/plugins/aether-api-1.13.1.jar
7fcca80bf000-7fcca80c0000 r--s 00007000 08:01 34342002                   /root/.gradle/wrapper/dists/gradle-3.3-all/55gk2rcmfc6p2dg9u9ohc3hw9/gradle-3.3/lib/plugins/wagon-http-shared4-2.4.jar
7fcca80c0000-7fcca80c2000 r--s 0000b000 08:01 34342001                   /root/.gradle/wrapper/dists/gradle-3.3-all/55gk2rcmfc6p2dg9u9ohc3hw9/gradle-3.3/lib/plugins/wagon-provider-api-2.4.jar
7fcca80c2000-7fcca80c3000 r--s 00002000 08:01 34342000                   /root/.gradle/wrapper/dists/gradle-3.3-all/55gk2rcmfc6p2dg9u9ohc3hw9/gradle-3.3/lib/plugins/wagon-http-2.4.jar
7fcca80c3000-7fcca80c4000 r--s 00002000 08:01 34341999                   /root/.gradle/wrapper/dists/gradle-3.3-all/55gk2rcmfc6p2dg9u9ohc3hw9/gradle-3.3/lib/plugins/wagon-file-2.4.jar
7fcca80c4000-7fcca80c6000 r--s 0000c000 08:01 34341998                   /root/.gradle/wrapper/dists/gradle-3.3-all/55gk2rcmfc6p2dg9u9ohc3hw9/gradle-3.3/lib/plugins/maven-aether-provider-3.0.4.jar
7fcca80c6000-7fcca80c8000 r--s 0000b000 08:01 34341997                   /root/.gradle/wrapper/dists/gradle-3.3-all/55gk2rcmfc6p2dg9u9ohc3hw9/gradle-3.3/lib/plugins/maven-plugin-api-3.0.4.jar
7fcca80c8000-7fcca80ca000 r--s 00006000 08:01 34341996                   /root/.gradle/wrapper/dists/gradle-3.3-all/55gk2rcmfc6p2dg9u9ohc3hw9/gradle-3.3/lib/plugins/maven-repository-metadata-3.0.4.jar
7fcca80ca000-7fcca80cc000 r--s 0000b000 08:01 34341995                   /root/.gradle/wrapper/dists/gradle-3.3-all/55gk2rcmfc6p2dg9u9ohc3hw9/gradle-3.3/lib/plugins/maven-artifact-3.0.4.jar
7fcca80cc000-7fcca80ce000 r--s 00026000 08:01 34341994                   /root/.gradle/wrapper/dists/gradle-3.3-all/55gk2rcmfc6p2dg9u9ohc3hw9/gradle-3.3/lib/plugins/maven-model-3.0.4.jar
7fcca80ce000-7fcca80d2000 r--s 00021000 08:01 34341993                   /root/.gradle/wrapper/dists/gradle-3.3-all/55gk2rcmfc6p2dg9u9ohc3hw9/gradle-3.3/lib/plugins/maven-model-builder-3.0.4.jar
7fcca80d2000-7fcca80d8000 r--s 0003f000 08:01 34341992                   /root/.gradle/wrapper/dists/gradle-3.3-all/55gk2rcmfc6p2dg9u9ohc3hw9/gradle-3.3/lib/plugins/maven-compat-3.0.4.jar
7fcca80d8000-7fcca80d9000 r--s 00006000 08:01 34341991                   /root/.gradle/wrapper/dists/gradle-3.3-all/55gk2rcmfc6p2dg9u9ohc3hw9/gradle-3.3/lib/plugins/plexus-sec-dispatcher-1.3.jar
7fcca80d9000-7fcca80db000 r--s 00002000 08:01 34341990                   /root/.gradle/wrapper/dists/gradle-3.3-all/55gk2rcmfc6p2dg9u9ohc3hw9/gradle-3.3/lib/plugins/plexus-cipher-1.7.jar
7fcca80db000-7fcca80dd000 r--s 0000a000 08:01 34341989                   /root/.gradle/wrapper/dists/gradle-3.3-all/55gk2rcmfc6p2dg9u9ohc3hw9/gradle-3.3/lib/plugins/plexus-classworlds-2.4.jar
7fcca80dd000-7fcca80e4000 r--s 0002e000 08:01 34341988                   /root/.gradle/wrapper/dists/gradle-3.3-all/55gk2rcmfc6p2dg9u9ohc3hw9/gradle-3.3/lib/plugins/plexus-container-default-1.5.5.jar
7fcca80e4000-7fcca80e6000 r--s 00000000 08:01 34342015                   /root/.gradle/wrapper/dists/gradle-3.3-all/55gk2rcmfc6p2dg9u9ohc3hw9/gradle-3.3/lib/plugins/plexus-component-annotations-1.5.5.jar
7fcca80e6000-7fcca80e8000 r--s 0000d000 08:01 34341987                   /root/.gradle/wrapper/dists/gradle-3.3-all/55gk2rcmfc6p2dg9u9ohc3hw9/gradle-3.3/lib/plugins/plexus-interpolation-1.14.jar
7fcca80e8000-7fcca80ec000 r--s 00033000 08:01 34341986                   /root/.gradle/wrapper/dists/gradle-3.3-all/55gk2rcmfc6p2dg9u9ohc3hw9/gradle-3.3/lib/plugins/plexus-utils-2.0.6.jar
7fcca80ec000-7fcca80ef000 r--s 00008000 08:01 34341985                   /root/.gradle/wrapper/dists/gradle-3.3-all/55gk2rcmfc6p2dg9u9ohc3hw9/gradle-3.3/lib/plugins/maven-settings-builder-3.0.4.jar
7fcca80ef000-7fcca80f1000 r--s 0000a000 08:01 34341984                   /root/.gradle/wrapper/dists/gradle-3.3-all/55gk2rcmfc6p2dg9u9ohc3hw9/gradle-3.3/lib/plugins/maven-settings-3.0.4.jar
7fcca80f1000-7fcca80f6000 r--s 00040000 08:01 34341970                   /root/.gradle/wrapper/dists/gradle-3.3-all/55gk2rcmfc6p2dg9u9ohc3hw9/gradle-3.3/lib/plugins/jsch-0.1.53.jar
7fcca80f6000-7fcca8136000 r--s 00277000 08:01 34341980                   /root/.gradle/wrapper/dists/gradle-3.3-all/55gk2rcmfc6p2dg9u9ohc3hw9/gradle-3.3/lib/plugins/bcprov-jdk15on-1.51.jar
7fcca8136000-7fcca813a000 r--s 0001d000 08:01 34341979                   /root/.gradle/wrapper/dists/gradle-3.3-all/55gk2rcmfc6p2dg9u9ohc3hw9/gradle-3.3/lib/plugins/xbean-reflect-3.4.jar
7fcca813a000-7fcca8146000 r--s 0007d000 08:01 34341957                   /root/.gradle/wrapper/dists/gradle-3.3-all/55gk2rcmfc6p2dg9u9ohc3hw9/gradle-3.3/lib/plugins/maven-core-3.0.4.jar
7fcca8146000-7fcca814b000 r--s 00034000 08:01 34341963                   /root/.gradle/wrapper/dists/gradle-3.3-all/55gk2rcmfc6p2dg9u9ohc3hw9/gradle-3.3/lib/plugins/gson-2.7.jar
7fcca814b000-7fcca815a000 r--s 000d9000 08:01 34341978                   /root/.gradle/wrapper/dists/gradle-3.3-all/55gk2rcmfc6p2dg9u9ohc3hw9/gradle-3.3/lib/plugins/ivy-2.2.0.jar
7fcca815a000-7fcca8179000 r--s 000f6000 08:01 34341946                   /root/.gradle/wrapper/dists/gradle-3.3-all/55gk2rcmfc6p2dg9u9ohc3hw9/gradle-3.3/lib/plugins/gradle-dependency-management-3.3.jar
7fcca8179000-7fcca817b000 r--s 00005000 08:01 34341945                   /root/.gradle/wrapper/dists/gradle-3.3-all/55gk2rcmfc6p2dg9u9ohc3hw9/gradle-3.3/lib/plugins/gradle-workers-3.3.jar
7fcca817b000-7fcca818c000 r-xp 00000000 08:01 11144059                   /usr/local/java/jdk1.8.0_121/jre/lib/amd64/libnio.so
7fcca818c000-7fcca838b000 ---p 00011000 08:01 11144059                   /usr/local/java/jdk1.8.0_121/jre/lib/amd64/libnio.so
7fcca838b000-7fcca838c000 rw-p 00010000 08:01 11144059                   /usr/local/java/jdk1.8.0_121/jre/lib/amd64/libnio.so
7fcca838c000-7fcca83a2000 r-xp 00000000 08:01 11144034                   /usr/local/java/jdk1.8.0_121/jre/lib/amd64/libnet.so
7fcca83a2000-7fcca85a2000 ---p 00016000 08:01 11144034                   /usr/local/java/jdk1.8.0_121/jre/lib/amd64/libnet.so
7fcca85a2000-7fcca85a3000 rw-p 00016000 08:01 11144034                   /usr/local/java/jdk1.8.0_121/jre/lib/amd64/libnet.so
7fcca85a3000-7fcca85a4000 r--s 00006000 08:01 34341849                   /root/.gradle/wrapper/dists/gradle-3.3-all/55gk2rcmfc6p2dg9u9ohc3hw9/gradle-3.3/lib/gradle-wrapper-3.3.jar
7fcca85a4000-7fcca85b1000 r--s 00041000 08:01 34341856                   /root/.gradle/wrapper/dists/gradle-3.3-all/55gk2rcmfc6p2dg9u9ohc3hw9/gradle-3.3/lib/gradle-tooling-api-3.3.jar
7fcca85b1000-7fcca85b3000 r--s 00002000 08:01 34341876                   /root/.gradle/wrapper/dists/gradle-3.3-all/55gk2rcmfc6p2dg9u9ohc3hw9/gradle-3.3/lib/gradle-open-api-3.3.jar
7fcca85b3000-7fcca85b9000 r--s 00032000 08:01 34341878                   /root/.gradle/wrapper/dists/gradle-3.3-all/55gk2rcmfc6p2dg9u9ohc3hw9/gradle-3.3/lib/jaxen-1.1.jar
7fcca85b9000-7fcca85be000 r--s 00048000 08:01 34341877                   /root/.gradle/wrapper/dists/gradle-3.3-all/55gk2rcmfc6p2dg9u9ohc3hw9/gradle-3.3/lib/dom4j-1.6.1.jar
7fcca85be000-7fcca85c9000 r--s 00059000 08:01 34341855                   /root/.gradle/wrapper/dists/gradle-3.3-all/55gk2rcmfc6p2dg9u9ohc3hw9/gradle-3.3/lib/gradle-ui-3.3.jar
7fcca85c9000-7fcca85d2000 r--s 0008c000 08:01 34341847                   /root/.gradle/wrapper/dists/gradle-3.3-all/55gk2rcmfc6p2dg9u9ohc3hw9/gradle-3.3/lib/kotlin-stdlib-1.1-M02.jar
7fcca85d2000-7fcca85d8000 r--s 0002a000 08:01 34341846                   /root/.gradle/wrapper/dists/gradle-3.3-all/55gk2rcmfc6p2dg9u9ohc3hw9/gradle-3.3/lib/kotlin-runtime-1.1-M02.jar
7fcca85d8000-7fcca860c000 r--s 00256000 08:01 34341845                   /root/.gradle/wrapper/dists/gradle-3.3-all/55gk2rcmfc6p2dg9u9ohc3hw9/gradle-3.3/lib/kotlin-reflect-1.1-M02.jar
7fcca860c000-7fcca87a2000 r--s 0157e000 08:01 34341844                   /root/.gradle/wrapper/dists/gradle-3.3-all/55gk2rcmfc6p2dg9u9ohc3hw9/gradle-3.3/lib/kotlin-compiler-embeddable-1.1-M02.jar
7fcca87a2000-7fcca87aa000 r--s 0004e000 08:01 34341843                   /root/.gradle/wrapper/dists/gradle-3.3-all/55gk2rcmfc6p2dg9u9ohc3hw9/gradle-3.3/lib/gradle-script-kotlin-0.5.1.jar
7fcca87aa000-7fcca87ad000 r--s 0000b000 08:01 34341874                   /root/.gradle/wrapper/dists/gradle-3.3-all/55gk2rcmfc6p2dg9u9ohc3hw9/gradle-3.3/lib/gradle-resources-3.3.jar
7fcca87ad000-7fcca87af000 r--s 00003000 08:01 34341883                   /root/.gradle/wrapper/dists/gradle-3.3-all/55gk2rcmfc6p2dg9u9ohc3hw9/gradle-3.3/lib/jcl-over-slf4j-1.7.10.jar
7fcca87af000-7fcca87b0000 r--s 00005000 08:01 34341882                   /root/.gradle/wrapper/dists/gradle-3.3-all/55gk2rcmfc6p2dg9u9ohc3hw9/gradle-3.3/lib/log4j-over-slf4j-1.7.10.jar
7fcca87b0000-7fcca87b2000 r--s 00000000 08:01 34341881                   /root/.gradle/wrapper/dists/gradle-3.3-all/55gk2rcmfc6p2dg9u9ohc3hw9/gradle-3.3/lib/jul-to-slf4j-1.7.10.jar
7fcca87b2000-7fcca8822000 r--s 00641000 08:01 34341863                   /root/.gradle/wrapper/dists/gradle-3.3-all/55gk2rcmfc6p2dg9u9ohc3hw9/gradle-3.3/lib/groovy-all-2.4.7.jar
7fcca8822000-7fcca8823000 ---p 00000000 00:00 0 
7fcca8823000-7fcca8923000 rw-p 00000000 00:00 0 
7fcca8923000-7fcca8926000 ---p 00000000 00:00 0 
7fcca8926000-7fcca8a24000 rw-p 00000000 00:00 0 
7fcca8a24000-7fcca8a27000 ---p 00000000 00:00 0 
7fcca8a27000-7fcca8b25000 rw-p 00000000 00:00 0 
7fcca8b25000-7fcca8b28000 ---p 00000000 00:00 0 
7fcca8b28000-7fcca8c26000 rw-p 00000000 00:00 0 
7fcca8c26000-7fcca8c29000 ---p 00000000 00:00 0 
7fcca8c29000-7fcca8d27000 rw-p 00000000 00:00 0 
7fcca8d27000-7fcca9000000 r--p 00000000 08:01 11010498                   /usr/lib/locale/locale-archive
7fcca9000000-7fccac000000 rw-p 00000000 00:00 0 
7fccac000000-7fccac025000 rw-p 00000000 00:00 0 
7fccac025000-7fccb0000000 ---p 00000000 00:00 0 
7fccb0000000-7fccb0005000 r--s 0001e000 08:01 34341858                   /root/.gradle/wrapper/dists/gradle-3.3-all/55gk2rcmfc6p2dg9u9ohc3hw9/gradle-3.3/lib/gradle-logging-3.3.jar
7fccb0005000-7fccb0007000 r--s 00007000 08:01 34341902                   /root/.gradle/wrapper/dists/gradle-3.3-all/55gk2rcmfc6p2dg9u9ohc3hw9/gradle-3.3/lib/objenesis-1.2.jar
7fccb0007000-7fccb0009000 r--s 00000000 08:01 34341901                   /root/.gradle/wrapper/dists/gradle-3.3-all/55gk2rcmfc6p2dg9u9ohc3hw9/gradle-3.3/lib/minlog-1.2.jar
7fccb0009000-7fccb000b000 r--s 0000f000 08:01 34341900                   /root/.gradle/wrapper/dists/gradle-3.3-all/55gk2rcmfc6p2dg9u9ohc3hw9/gradle-3.3/lib/reflectasm-1.07-shaded.jar
7fccb000b000-7fccb000f000 r--s 00026000 08:01 34341885                   /root/.gradle/wrapper/dists/gradle-3.3-all/55gk2rcmfc6p2dg9u9ohc3hw9/gradle-3.3/lib/kryo-2.20.jar
7fccb000f000-7fccb0015000 r--s 00027000 08:01 34341873                   /root/.gradle/wrapper/dists/gradle-3.3-all/55gk2rcmfc6p2dg9u9ohc3hw9/gradle-3.3/lib/gradle-messaging-3.3.jar
7fccb0015000-7fccb0016000 r--s 00001000 08:01 34341899                   /root/.gradle/wrapper/dists/gradle-3.3-all/55gk2rcmfc6p2dg9u9ohc3hw9/gradle-3.3/lib/native-platform-linux-i386-ncurses6-0.12.jar
7fccb0016000-7fccb0017000 r--s 00001000 08:01 34341898                   /root/.gradle/wrapper/dists/gradle-3.3-all/55gk2rcmfc6p2dg9u9ohc3hw9/gradle-3.3/lib/native-platform-linux-i386-ncurses5-0.12.jar
7fccb0017000-7fccb0018000 r--s 00001000 08:01 34341897                   /root/.gradle/wrapper/dists/gradle-3.3-all/55gk2rcmfc6p2dg9u9ohc3hw9/gradle-3.3/lib/native-platform-linux-amd64-ncurses6-0.12.jar
7fccb0018000-7fccb0019000 r--s 00001000 08:01 34341896                   /root/.gradle/wrapper/dists/gradle-3.3-all/55gk2rcmfc6p2dg9u9ohc3hw9/gradle-3.3/lib/native-platform-linux-amd64-ncurses5-0.12.jar
7fccb0019000-7fccb001a000 r--s 0000b000 08:01 34341895                   /root/.gradle/wrapper/dists/gradle-3.3-all/55gk2rcmfc6p2dg9u9ohc3hw9/gradle-3.3/lib/native-platform-windows-i386-0.12.jar
7fccb001a000-7fccb001c000 r--s 0000b000 08:01 34341894                   /root/.gradle/wrapper/dists/gradle-3.3-all/55gk2rcmfc6p2dg9u9ohc3hw9/gradle-3.3/lib/native-platform-windows-amd64-0.12.jar
7fccb001c000-7fccb001e000 r--s 00002000 08:01 34341893                   /root/.gradle/wrapper/dists/gradle-3.3-all/55gk2rcmfc6p2dg9u9ohc3hw9/gradle-3.3/lib/native-platform-osx-i386-0.12.jar
7fccb001e000-7fccb001f000 r--s 00002000 08:01 34341892                   /root/.gradle/wrapper/dists/gradle-3.3-all/55gk2rcmfc6p2dg9u9ohc3hw9/gradle-3.3/lib/native-platform-osx-amd64-0.12.jar
7fccb001f000-7fccb0020000 r--s 00002000 08:01 34341891                   /root/.gradle/wrapper/dists/gradle-3.3-all/55gk2rcmfc6p2dg9u9ohc3hw9/gradle-3.3/lib/native-platform-linux-i386-0.12.jar
7fccb0020000-7fccb0021000 r--s 00002000 08:01 34341890                   /root/.gradle/wrapper/dists/gradle-3.3-all/55gk2rcmfc6p2dg9u9ohc3hw9/gradle-3.3/lib/native-platform-linux-amd64-0.12.jar
7fccb0021000-7fccb0022000 r--s 00003000 08:01 34341889                   /root/.gradle/wrapper/dists/gradle-3.3-all/55gk2rcmfc6p2dg9u9ohc3hw9/gradle-3.3/lib/native-platform-freebsd-i386-libstdcpp-0.12.jar
7fccb0022000-7fccb0023000 r--s 00004000 08:01 34341888                   /root/.gradle/wrapper/dists/gradle-3.3-all/55gk2rcmfc6p2dg9u9ohc3hw9/gradle-3.3/lib/native-platform-freebsd-i386-libcpp-0.12.jar
7fccb0023000-7fccb0025000 r--s 00003000 08:01 34341887                   /root/.gradle/wrapper/dists/gradle-3.3-all/55gk2rcmfc6p2dg9u9ohc3hw9/gradle-3.3/lib/native-platform-freebsd-amd64-libstdcpp-0.12.jar
7fccb0025000-7fccb0026000 r--s 00004000 08:01 34341886                   /root/.gradle/wrapper/dists/gradle-3.3-all/55gk2rcmfc6p2dg9u9ohc3hw9/gradle-3.3/lib/native-platform-freebsd-amd64-libcpp-0.12.jar
7fccb0026000-7fccb0029000 r--s 00023000 08:01 34341880                   /root/.gradle/wrapper/dists/gradle-3.3-all/55gk2rcmfc6p2dg9u9ohc3hw9/gradle-3.3/lib/jansi-1.14.jar
7fccb0029000-7fccb002d000 r--s 00011000 08:01 34341879                   /root/.gradle/wrapper/dists/gradle-3.3-all/55gk2rcmfc6p2dg9u9ohc3hw9/gradle-3.3/lib/native-platform-0.12.jar
7fccb002d000-7fccb0030000 r--s 0000a000 08:01 34341857                   /root/.gradle/wrapper/dists/gradle-3.3-all/55gk2rcmfc6p2dg9u9ohc3hw9/gradle-3.3/lib/gradle-native-3.3.jar
7fccb0030000-7fccb003f000 r--s 0007f000 08:01 34341864                   /root/.gradle/wrapper/dists/gradle-3.3-all/55gk2rcmfc6p2dg9u9ohc3hw9/gradle-3.3/lib/gradle-model-core-3.3.jar
7fccb003f000-7fccb004c000 r--s 00083000 08:01 34341868                   /root/.gradle/wrapper/dists/gradle-3.3-all/55gk2rcmfc6p2dg9u9ohc3hw9/gradle-3.3/lib/commons-collections-3.2.2.jar
7fccb004c000-7fccb0074000 r--s 001cf000 08:01 34341860                   /root/.gradle/wrapper/dists/gradle-3.3-all/55gk2rcmfc6p2dg9u9ohc3hw9/gradle-3.3/lib/guava-jdk5-17.0.jar
7fccb0074000-7fccb0093000 r--s 001d1000 08:01 34341867                   /root/.gradle/wrapper/dists/gradle-3.3-all/55gk2rcmfc6p2dg9u9ohc3hw9/gradle-3.3/lib/ant-1.9.6.jar
7fccb0093000-7fccb00d0000 r--s 001f8000 08:01 34341853                   /root/.gradle/wrapper/dists/gradle-3.3-all/55gk2rcmfc6p2dg9u9ohc3hw9/gradle-3.3/lib/gradle-core-3.3.jar
7fccb00d0000-7fccb00d3000 ---p 00000000 00:00 0 
7fccb00d3000-7fccb01d1000 rw-p 00000000 00:00 0 
7fccb01d1000-7fccb01d4000 ---p 00000000 00:00 0 
7fccb01d4000-7fccb02d2000 rw-p 00000000 00:00 0 
7fccb02d2000-7fccb02d5000 ---p 00000000 00:00 0 
7fccb02d5000-7fccb03d3000 rw-p 00000000 00:00 0 
7fccb03d3000-7fccb03d4000 ---p 00000000 00:00 0 
7fccb03d4000-7fccb1000000 rw-p 00000000 00:00 0 
7fccb1000000-7fccb1f60000 rwxp 00000000 00:00 0 
7fccb1f60000-7fccc0000000 ---p 00000000 00:00 0 
7fccc0000000-7fccc0d20000 rw-p 00000000 00:00 0 
7fccc0d20000-7fccc4000000 ---p 00000000 00:00 0 
7fccc4000000-7fccc4002000 r--s 00005000 08:01 34341854                   /root/.gradle/wrapper/dists/gradle-3.3-all/55gk2rcmfc6p2dg9u9ohc3hw9/gradle-3.3/lib/gradle-cli-3.3.jar
7fccc4002000-7fccc4004000 r--s 00007000 08:01 34341865                   /root/.gradle/wrapper/dists/gradle-3.3-all/55gk2rcmfc6p2dg9u9ohc3hw9/gradle-3.3/lib/gradle-model-groovy-3.3.jar
7fccc4004000-7fccc4006000 r--s 00006000 08:01 34341872                   /root/.gradle/wrapper/dists/gradle-3.3-all/55gk2rcmfc6p2dg9u9ohc3hw9/gradle-3.3/lib/gradle-base-services-groovy-3.3.jar
7fccc4006000-7fccc4007000 r--s 00002000 08:01 34341875                   /root/.gradle/wrapper/dists/gradle-3.3-all/55gk2rcmfc6p2dg9u9ohc3hw9/gradle-3.3/lib/gradle-docs-3.3.jar
7fccc4007000-7fccc44bd000 rw-p 00000000 00:00 0 
7fccc44bd000-7fccc4696000 r--s 03d3e000 08:01 11144026                   /usr/local/java/jdk1.8.0_121/jre/lib/rt.jar
7fccc4696000-7fccc520c000 rw-p 00000000 00:00 0 
7fccc520c000-7fccc520d000 ---p 00000000 00:00 0 
7fccc520d000-7fccc530d000 rw-p 00000000 00:00 0 
7fccc530d000-7fccc530e000 ---p 00000000 00:00 0 
7fccc530e000-7fccc540e000 rw-p 00000000 00:00 0 
7fccc540e000-7fccc540f000 ---p 00000000 00:00 0 
7fccc540f000-7fccc550f000 rw-p 00000000 00:00 0 
7fccc550f000-7fccc5510000 ---p 00000000 00:00 0 
7fccc5510000-7fccc5644000 rw-p 00000000 00:00 0 
7fccc5644000-7fccc5810000 ---p 00000000 00:00 0 
7fccc5810000-7fccc5844000 rw-p 00000000 00:00 0 
7fccc5844000-7fccc5a10000 ---p 00000000 00:00 0 
7fccc5a10000-7fccc5a45000 rw-p 00000000 00:00 0 
7fccc5a45000-7fccc5b10000 ---p 00000000 00:00 0 
7fccc5b10000-7fccc5b4f000 rw-p 00000000 00:00 0 
7fccc5b4f000-7fccc5ed1000 ---p 00000000 00:00 0 
7fccc5ed1000-7fccc5eeb000 r-xp 00000000 08:01 11144057                   /usr/local/java/jdk1.8.0_121/jre/lib/amd64/libzip.so
7fccc5eeb000-7fccc60eb000 ---p 0001a000 08:01 11144057                   /usr/local/java/jdk1.8.0_121/jre/lib/amd64/libzip.so
7fccc60eb000-7fccc60ec000 rw-p 0001a000 08:01 11144057                   /usr/local/java/jdk1.8.0_121/jre/lib/amd64/libzip.so
7fccc60ec000-7fccc60f7000 r-xp 00000000 08:01 4981284                    /lib/x86_64-linux-gnu/libnss_files-2.23.so
7fccc60f7000-7fccc62f6000 ---p 0000b000 08:01 4981284                    /lib/x86_64-linux-gnu/libnss_files-2.23.so
7fccc62f6000-7fccc62f7000 r--p 0000a000 08:01 4981284                    /lib/x86_64-linux-gnu/libnss_files-2.23.so
7fccc62f7000-7fccc62f8000 rw-p 0000b000 08:01 4981284                    /lib/x86_64-linux-gnu/libnss_files-2.23.so
7fccc62f8000-7fccc62fe000 rw-p 00000000 00:00 0 
7fccc62fe000-7fccc6309000 r-xp 00000000 08:01 4981297                    /lib/x86_64-linux-gnu/libnss_nis-2.23.so
7fccc6309000-7fccc6508000 ---p 0000b000 08:01 4981297                    /lib/x86_64-linux-gnu/libnss_nis-2.23.so
7fccc6508000-7fccc6509000 r--p 0000a000 08:01 4981297                    /lib/x86_64-linux-gnu/libnss_nis-2.23.so
7fccc6509000-7fccc650a000 rw-p 0000b000 08:01 4981297                    /lib/x86_64-linux-gnu/libnss_nis-2.23.so
7fccc650a000-7fccc6520000 r-xp 00000000 08:01 4981104                    /lib/x86_64-linux-gnu/libnsl-2.23.so
7fccc6520000-7fccc671f000 ---p 00016000 08:01 4981104                    /lib/x86_64-linux-gnu/libnsl-2.23.so
7fccc671f000-7fccc6720000 r--p 00015000 08:01 4981104                    /lib/x86_64-linux-gnu/libnsl-2.23.so
7fccc6720000-7fccc6721000 rw-p 00016000 08:01 4981104                    /lib/x86_64-linux-gnu/libnsl-2.23.so
7fccc6721000-7fccc6723000 rw-p 00000000 00:00 0 
7fccc6723000-7fccc672b000 r-xp 00000000 08:01 4981312                    /lib/x86_64-linux-gnu/libnss_compat-2.23.so
7fccc672b000-7fccc692a000 ---p 00008000 08:01 4981312                    /lib/x86_64-linux-gnu/libnss_compat-2.23.so
7fccc692a000-7fccc692b000 r--p 00007000 08:01 4981312                    /lib/x86_64-linux-gnu/libnss_compat-2.23.so
7fccc692b000-7fccc692c000 rw-p 00008000 08:01 4981312                    /lib/x86_64-linux-gnu/libnss_compat-2.23.so
7fccc692c000-7fccc6957000 r-xp 00000000 08:01 11144613                   /usr/local/java/jdk1.8.0_121/jre/lib/amd64/libjava.so
7fccc6957000-7fccc6b56000 ---p 0002b000 08:01 11144613                   /usr/local/java/jdk1.8.0_121/jre/lib/amd64/libjava.so
7fccc6b56000-7fccc6b58000 rw-p 0002a000 08:01 11144613                   /usr/local/java/jdk1.8.0_121/jre/lib/amd64/libjava.so
7fccc6b58000-7fccc6b65000 r-xp 00000000 08:01 11144035                   /usr/local/java/jdk1.8.0_121/jre/lib/amd64/libverify.so
7fccc6b65000-7fccc6d64000 ---p 0000d000 08:01 11144035                   /usr/local/java/jdk1.8.0_121/jre/lib/amd64/libverify.so
7fccc6d64000-7fccc6d66000 rw-p 0000c000 08:01 11144035                   /usr/local/java/jdk1.8.0_121/jre/lib/amd64/libverify.so
7fccc6d66000-7fccc6d6d000 r-xp 00000000 08:01 4981304                    /lib/x86_64-linux-gnu/librt-2.23.so
7fccc6d6d000-7fccc6f6c000 ---p 00007000 08:01 4981304                    /lib/x86_64-linux-gnu/librt-2.23.so
7fccc6f6c000-7fccc6f6d000 r--p 00006000 08:01 4981304                    /lib/x86_64-linux-gnu/librt-2.23.so
7fccc6f6d000-7fccc6f6e000 rw-p 00007000 08:01 4981304                    /lib/x86_64-linux-gnu/librt-2.23.so
7fccc6f6e000-7fccc7076000 r-xp 00000000 08:01 4981325                    /lib/x86_64-linux-gnu/libm-2.23.so
7fccc7076000-7fccc7275000 ---p 00108000 08:01 4981325                    /lib/x86_64-linux-gnu/libm-2.23.so
7fccc7275000-7fccc7276000 r--p 00107000 08:01 4981325                    /lib/x86_64-linux-gnu/libm-2.23.so
7fccc7276000-7fccc7277000 rw-p 00108000 08:01 4981325                    /lib/x86_64-linux-gnu/libm-2.23.so
7fccc7277000-7fccc7f45000 r-xp 00000000 08:01 11144883                   /usr/local/java/jdk1.8.0_121/jre/lib/amd64/server/libjvm.so
7fccc7f45000-7fccc8145000 ---p 00cce000 08:01 11144883                   /usr/local/java/jdk1.8.0_121/jre/lib/amd64/server/libjvm.so
7fccc8145000-7fccc821e000 rw-p 00cce000 08:01 11144883                   /usr/local/java/jdk1.8.0_121/jre/lib/amd64/server/libjvm.so
7fccc821e000-7fccc8269000 rw-p 00000000 00:00 0 
7fccc8269000-7fccc8429000 r-xp 00000000 08:01 4981335                    /lib/x86_64-linux-gnu/libc-2.23.so
7fccc8429000-7fccc8629000 ---p 001c0000 08:01 4981335                    /lib/x86_64-linux-gnu/libc-2.23.so
7fccc8629000-7fccc862d000 r--p 001c0000 08:01 4981335                    /lib/x86_64-linux-gnu/libc-2.23.so
7fccc862d000-7fccc862f000 rw-p 001c4000 08:01 4981335                    /lib/x86_64-linux-gnu/libc-2.23.so
7fccc862f000-7fccc8633000 rw-p 00000000 00:00 0 
7fccc8633000-7fccc8636000 r-xp 00000000 08:01 4981310                    /lib/x86_64-linux-gnu/libdl-2.23.so
7fccc8636000-7fccc8835000 ---p 00003000 08:01 4981310                    /lib/x86_64-linux-gnu/libdl-2.23.so
7fccc8835000-7fccc8836000 r--p 00002000 08:01 4981310                    /lib/x86_64-linux-gnu/libdl-2.23.so
7fccc8836000-7fccc8837000 rw-p 00003000 08:01 4981310                    /lib/x86_64-linux-gnu/libdl-2.23.so
7fccc8837000-7fccc884c000 r-xp 00000000 08:01 11020813                   /usr/local/java/jdk1.8.0_121/lib/amd64/jli/libjli.so
7fccc884c000-7fccc8a4c000 ---p 00015000 08:01 11020813                   /usr/local/java/jdk1.8.0_121/lib/amd64/jli/libjli.so
7fccc8a4c000-7fccc8a4d000 rw-p 00015000 08:01 11020813                   /usr/local/java/jdk1.8.0_121/lib/amd64/jli/libjli.so
7fccc8a4d000-7fccc8a65000 r-xp 00000000 08:01 4981295                    /lib/x86_64-linux-gnu/libpthread-2.23.so
7fccc8a65000-7fccc8c64000 ---p 00018000 08:01 4981295                    /lib/x86_64-linux-gnu/libpthread-2.23.so
7fccc8c64000-7fccc8c65000 r--p 00017000 08:01 4981295                    /lib/x86_64-linux-gnu/libpthread-2.23.so
7fccc8c65000-7fccc8c66000 rw-p 00018000 08:01 4981295                    /lib/x86_64-linux-gnu/libpthread-2.23.so
7fccc8c66000-7fccc8c6a000 rw-p 00000000 00:00 0 
7fccc8c6a000-7fccc8c90000 r-xp 00000000 08:01 4981106                    /lib/x86_64-linux-gnu/ld-2.23.so
7fccc8c90000-7fccc8c91000 r--s 00000000 08:01 34341871                   /root/.gradle/wrapper/dists/gradle-3.3-all/55gk2rcmfc6p2dg9u9ohc3hw9/gradle-3.3/lib/javax.inject-1.jar
7fccc8c91000-7fccc8c92000 r--s 00000000 08:01 34341870                   /root/.gradle/wrapper/dists/gradle-3.3-all/55gk2rcmfc6p2dg9u9ohc3hw9/gradle-3.3/lib/jcip-annotations-1.0.jar
7fccc8c92000-7fccc8c96000 r--s 00027000 08:01 34341869                   /root/.gradle/wrapper/dists/gradle-3.3-all/55gk2rcmfc6p2dg9u9ohc3hw9/gradle-3.3/lib/commons-io-2.2.jar
7fccc8c96000-7fccc8c9b000 r--s 00038000 08:01 34341866                   /root/.gradle/wrapper/dists/gradle-3.3-all/55gk2rcmfc6p2dg9u9ohc3hw9/gradle-3.3/lib/asm-all-5.1.jar
7fccc8c9b000-7fccc8c9c000 r--s 00001000 08:01 34341862                   /root/.gradle/wrapper/dists/gradle-3.3-all/55gk2rcmfc6p2dg9u9ohc3hw9/gradle-3.3/lib/gradle-process-services-3.3.jar
7fccc8c9c000-7fccc8ca1000 r--s 00041000 08:01 34341861                   /root/.gradle/wrapper/dists/gradle-3.3-all/55gk2rcmfc6p2dg9u9ohc3hw9/gradle-3.3/lib/commons-lang-2.6.jar
7fccc8ca1000-7fccc8caa000 r--s 00042000 08:01 34341851                   /root/.gradle/wrapper/dists/gradle-3.3-all/55gk2rcmfc6p2dg9u9ohc3hw9/gradle-3.3/lib/gradle-base-services-3.3.jar
7fccc8caa000-7fccc8d6c000 rw-p 00000000 00:00 0 
7fccc8d6c000-7fccc8d6f000 ---p 00000000 00:00 0 
7fccc8d6f000-7fccc8e71000 rw-p 00000000 00:00 0 
7fccc8e71000-7fccc8e73000 r--s 00000000 08:01 34341852                   /root/.gradle/wrapper/dists/gradle-3.3-all/55gk2rcmfc6p2dg9u9ohc3hw9/gradle-3.3/lib/gradle-jvm-services-3.3.jar
7fccc8e73000-7fccc8e74000 r--s 00000000 08:01 34342017                   /root/.gradle/wrapper/dists/gradle-3.3-all/55gk2rcmfc6p2dg9u9ohc3hw9/gradle-3.3/lib/gradle-version-info-3.3.jar
7fccc8e74000-7fccc8e75000 r--s 00007000 08:01 34341859                   /root/.gradle/wrapper/dists/gradle-3.3-all/55gk2rcmfc6p2dg9u9ohc3hw9/gradle-3.3/lib/slf4j-api-1.7.10.jar
7fccc8e75000-7fccc8e76000 r--s 00004000 08:01 34341884                   /root/.gradle/wrapper/dists/gradle-3.3-all/55gk2rcmfc6p2dg9u9ohc3hw9/gradle-3.3/lib/ant-launcher-1.9.6.jar
7fccc8e76000-7fccc8e83000 r--s 0005c000 08:01 34341848                   /root/.gradle/wrapper/dists/gradle-3.3-all/55gk2rcmfc6p2dg9u9ohc3hw9/gradle-3.3/lib/gradle-launcher-3.3.jar
7fccc8e83000-7fccc8e8b000 rw-s 00000000 08:01 786547                     /tmp/hsperfdata_root/3409
7fccc8e8b000-7fccc8e8c000 rw-p 00000000 00:00 0 
7fccc8e8c000-7fccc8e8d000 r--p 00000000 00:00 0 
7fccc8e8d000-7fccc8e8f000 rw-p 00000000 00:00 0 
7fccc8e8f000-7fccc8e90000 r--p 00025000 08:01 4981106                    /lib/x86_64-linux-gnu/ld-2.23.so
7fccc8e90000-7fccc8e91000 rw-p 00026000 08:01 4981106                    /lib/x86_64-linux-gnu/ld-2.23.so
7fccc8e91000-7fccc8e92000 rw-p 00000000 00:00 0 
7ffd097e7000-7ffd09808000 rw-p 00000000 00:00 0                          [stack]
7ffd099d9000-7ffd099db000 r--p 00000000 00:00 0                          [vvar]
7ffd099db000-7ffd099dd000 r-xp 00000000 00:00 0                          [vdso]
ffffffffff600000-ffffffffff601000 r-xp 00000000 00:00 0                  [vsyscall]

VM Arguments:
jvm_args: -Xmx1536m -Dfile.encoding=UTF-8 -Duser.country=US -Duser.language=en -Duser.variant 
java_command: org.gradle.launcher.daemon.bootstrap.GradleDaemon 3.3
java_class_path (initial): /root/.gradle/wrapper/dists/gradle-3.3-all/55gk2rcmfc6p2dg9u9ohc3hw9/gradle-3.3/lib/gradle-launcher-3.3.jar
Launcher Type: SUN_STANDARD

Environment Variables:
JAVA_HOME=/usr/local/java/jdk1.8.0_121/
PATH=/usr/local/sbin:/usr/local/bin:/usr/sbin:/usr/bin:/sbin:/bin:/snap/bin
USERNAME=root
LD_LIBRARY_PATH=/opt/android-studio/bin:
SHELL=/bin/bash
DISPLAY=:0

Signal Handlers:
SIGSEGV: [libjvm.so+0xac78c0], sa_mask[0]=11111111011111111101111111111110, sa_flags=SA_RESTART|SA_SIGINFO
SIGBUS: [libjvm.so+0xac78c0], sa_mask[0]=11111111011111111101111111111110, sa_flags=SA_RESTART|SA_SIGINFO
SIGFPE: [libjvm.so+0x920ac0], sa_mask[0]=11111111011111111101111111111110, sa_flags=SA_RESTART|SA_SIGINFO
SIGPIPE: [libjvm.so+0x920ac0], sa_mask[0]=11111111011111111101111111111110, sa_flags=SA_RESTART|SA_SIGINFO
SIGXFSZ: [libjvm.so+0x920ac0], sa_mask[0]=11111111011111111101111111111110, sa_flags=SA_RESTART|SA_SIGINFO
SIGILL: [libjvm.so+0x920ac0], sa_mask[0]=11111111011111111101111111111110, sa_flags=SA_RESTART|SA_SIGINFO
SIGUSR1: SIG_DFL, sa_mask[0]=00000000000000000000000000000000, sa_flags=none
SIGUSR2: [libjvm.so+0x922300], sa_mask[0]=00100000000000000000000000000000, sa_flags=SA_RESTART|SA_SIGINFO
SIGHUP: [libjvm.so+0x923700], sa_mask[0]=11111111011111111101111111111110, sa_flags=SA_RESTART|SA_SIGINFO
SIGINT: [libjvm.so+0x923700], sa_mask[0]=11111111011111111101111111111110, sa_flags=SA_RESTART|SA_SIGINFO
SIGTERM: [libjvm.so+0x923700], sa_mask[0]=11111111011111111101111111111110, sa_flags=SA_RESTART|SA_SIGINFO
SIGQUIT: [libjvm.so+0x923700], sa_mask[0]=11111111011111111101111111111110, sa_flags=SA_RESTART|SA_SIGINFO


---------------  S Y S T E M  ---------------

OS:DISTRIB_ID=Ubuntu
DISTRIB_RELEASE=16.04
DISTRIB_CODENAME=xenial
DISTRIB_DESCRIPTION="Ubuntu 16.04.2 LTS"

uname:Linux 4.4.0-92-generic #115-Ubuntu SMP Thu Aug 10 09:04:33 UTC 2017 x86_64
libc:glibc 2.23 NPTL 2.23 
rlimit: STACK 8192k, CORE 0k, NPROC 31512, NOFILE 1048576, AS infinity
load average:0.64 0.72 0.95

/proc/meminfo:
MemTotal:        8107664 kB
MemFree:         3684812 kB
MemAvailable:    5013952 kB
Buffers:          175456 kB
Cached:          1581852 kB
SwapCached:            0 kB
Active:          3012224 kB
Inactive:        1101336 kB
Active(anon):    2368740 kB
Inactive(anon):   254616 kB
Active(file):     643484 kB
Inactive(file):   846720 kB
Unevictable:          48 kB
Mlocked:              48 kB
SwapTotal:       8319996 kB
SwapFree:        8319996 kB
Dirty:               200 kB
Writeback:             0 kB
AnonPages:       2356324 kB
Mapped:           528148 kB
Shmem:            267108 kB
Slab:             167524 kB
SReclaimable:     124880 kB
SUnreclaim:        42644 kB
KernelStack:       11312 kB
PageTables:        55368 kB
NFS_Unstable:          0 kB
Bounce:                0 kB
WritebackTmp:          0 kB
CommitLimit:    12373828 kB
Committed_AS:    7735652 kB
VmallocTotal:   34359738367 kB
VmallocUsed:           0 kB
VmallocChunk:          0 kB
HardwareCorrupted:     0 kB
AnonHugePages:    919552 kB
CmaTotal:              0 kB
CmaFree:               0 kB
HugePages_Total:       0
HugePages_Free:        0
HugePages_Rsvd:        0
HugePages_Surp:        0
Hugepagesize:       2048 kB
DirectMap4k:      166592 kB
DirectMap2M:     6057984 kB
DirectMap1G:     3145728 kB


CPU:total 4 (2 cores per cpu, 2 threads per core) family 6 model 69 stepping 1, cmov, cx8, fxsr, mmx, sse, sse2, sse3, ssse3, sse4.1, sse4.2, popcnt, avx, avx2, aes, clmul, erms, lzcnt, ht, tsc, tscinvbit, bmi1, bmi2

/proc/cpuinfo:
processor	: 0
vendor_id	: GenuineIntel
cpu family	: 6
model		: 69
model name	: Intel(R) Core(TM) i5-4200U CPU @ 1.60GHz
stepping	: 1
microcode	: 0x16
cpu MHz		: 2441.324
cache size	: 3072 KB
physical id	: 0
siblings	: 4
core id		: 0
cpu cores	: 2
apicid		: 0
initial apicid	: 0
fpu		: yes
fpu_exception	: yes
cpuid level	: 13
wp		: yes
flags		: fpu vme de pse tsc msr pae mce cx8 apic sep mtrr pge mca cmov pat pse36 clflush dts acpi mmx fxsr sse sse2 ss ht tm pbe syscall nx pdpe1gb rdtscp lm constant_tsc arch_perfmon pebs bts rep_good nopl xtopology nonstop_tsc aperfmperf eagerfpu pni pclmulqdq dtes64 monitor ds_cpl vmx est tm2 ssse3 sdbg fma cx16 xtpr pdcm pcid sse4_1 sse4_2 movbe popcnt tsc_deadline_timer aes xsave avx f16c rdrand lahf_lm abm epb tpr_shadow vnmi flexpriority ept vpid fsgsbase tsc_adjust bmi1 avx2 smep bmi2 erms invpcid xsaveopt dtherm ida arat pln pts
bugs		:
bogomips	: 4589.54
clflush size	: 64
cache_alignment	: 64
address sizes	: 39 bits physical, 48 bits virtual
power management:

processor	: 1
vendor_id	: GenuineIntel
cpu family	: 6
model		: 69
model name	: Intel(R) Core(TM) i5-4200U CPU @ 1.60GHz
stepping	: 1
microcode	: 0x16
cpu MHz		: 2576.359
cache size	: 3072 KB
physical id	: 0
siblings	: 4
core id		: 0
cpu cores	: 2
apicid		: 1
initial apicid	: 1
fpu		: yes
fpu_exception	: yes
cpuid level	: 13
wp		: yes
flags		: fpu vme de pse tsc msr pae mce cx8 apic sep mtrr pge mca cmov pat pse36 clflush dts acpi mmx fxsr sse sse2 ss ht tm pbe syscall nx pdpe1gb rdtscp lm constant_tsc arch_perfmon pebs bts rep_good nopl xtopology nonstop_tsc aperfmperf eagerfpu pni pclmulqdq dtes64 monitor ds_cpl vmx est tm2 ssse3 sdbg fma cx16 xtpr pdcm pcid sse4_1 sse4_2 movbe popcnt tsc_deadline_timer aes xsave avx f16c rdrand lahf_lm abm epb tpr_shadow vnmi flexpriority ept vpid fsgsbase tsc_adjust bmi1 avx2 smep bmi2 erms invpcid xsaveopt dtherm ida arat pln pts
bugs		:
bogomips	: 4589.54
clflush size	: 64
cache_alignment	: 64
address sizes	: 39 bits physical, 48 bits virtual
power management:

processor	: 2
vendor_id	: GenuineIntel
cpu family	: 6
model		: 69
model name	: Intel(R) Core(TM) i5-4200U CPU @ 1.60GHz
stepping	: 1
microcode	: 0x16
cpu MHz		: 2300.000
cache size	: 3072 KB
physical id	: 0
siblings	: 4
core id		: 1
cpu cores	: 2
apicid		: 2
initial apicid	: 2
fpu		: yes
fpu_exception	: yes
cpuid level	: 13
wp		: yes
flags		: fpu vme de pse tsc msr pae mce cx8 apic sep mtrr pge mca cmov pat pse36 clflush dts acpi mmx fxsr sse sse2 ss ht tm pbe syscall nx pdpe1gb rdtscp lm constant_tsc arch_perfmon pebs bts rep_good nopl xtopology nonstop_tsc aperfmperf eagerfpu pni pclmulqdq dtes64 monitor ds_cpl vmx est tm2 ssse3 sdbg fma cx16 xtpr pdcm pcid sse4_1 sse4_2 movbe popcnt tsc_deadline_timer aes xsave avx f16c rdrand lahf_lm abm epb tpr_shadow vnmi flexpriority ept vpid fsgsbase tsc_adjust bmi1 avx2 smep bmi2 erms invpcid xsaveopt dtherm ida arat pln pts
bugs		:
bogomips	: 4589.54
clflush size	: 64
cache_alignment	: 64
address sizes	: 39 bits physical, 48 bits virtual
power management:

processor	: 3
vendor_id	: GenuineIntel
cpu family	: 6
model		: 69
model name	: Intel(R) Core(TM) i5-4200U CPU @ 1.60GHz
stepping	: 1
microcode	: 0x16
cpu MHz		: 2300.000
cache size	: 3072 KB
physical id	: 0
siblings	: 4
core id		: 1
cpu cores	: 2
apicid		: 3
initial apicid	: 3
fpu		: yes
fpu_exception	: yes
cpuid level	: 13
wp		: yes
flags		: fpu vme de pse tsc msr pae mce cx8 apic sep mtrr pge mca cmov pat pse36 clflush dts acpi mmx fxsr sse sse2 ss ht tm pbe syscall nx pdpe1gb rdtscp lm constant_tsc arch_perfmon pebs bts rep_good nopl xtopology nonstop_tsc aperfmperf eagerfpu pni pclmulqdq dtes64 monitor ds_cpl vmx est tm2 ssse3 sdbg fma cx16 xtpr pdcm pcid sse4_1 sse4_2 movbe popcnt tsc_deadline_timer aes xsave avx f16c rdrand lahf_lm abm epb tpr_shadow vnmi flexpriority ept vpid fsgsbase tsc_adjust bmi1 avx2 smep bmi2 erms invpcid xsaveopt dtherm ida arat pln pts
bugs		:
bogomips	: 4589.54
clflush size	: 64
cache_alignment	: 64
address sizes	: 39 bits physical, 48 bits virtual
power management:



Memory: 4k page, physical 8107664k(3684812k free), swap 8319996k(8319996k free)

vm_info: Java HotSpot(TM) 64-Bit Server VM (25.121-b13) for linux-amd64 JRE (1.8.0_121-b13), built on Dec 12 2016 16:36:53 by "java_re" with gcc 4.3.0 20080428 (Red Hat 4.3.0-8)

time: Mon Sep 11 12:19:06 2017
elapsed time: 16 seconds (0d 0h 0m 16s)

