#
# A fatal error has been detected by the Java Runtime Environment:
#
#  SIGSEGV (0xb) at pc=0x00007f8985012c84, pid=2818, tid=0x00007f899858f700
#
# JRE version: Java(TM) SE Runtime Environment (8.0_121-b13) (build 1.8.0_121-b13)
# Java VM: Java HotSpot(TM) 64-Bit Server VM (25.121-b13 mixed mode linux-amd64 compressed oops)
# Problematic frame:
# j  0x00007f8985012c84
#
# Failed to write core dump. Core dumps have been disabled. To enable core dumping, try "ulimit -c unlimited" before starting Java again
#
# If you would like to submit a bug report, please visit:
#   http://bugreport.java.com/bugreport/crash.jsp
#

---------------  T H R E A D  ---------------

Current thread (0x00007f8994021000):  GCTaskThread [stack: 0x00007f899848f000,0x00007f8998590000] [id=2823]

siginfo: si_signo: 11 (SIGSEGV), si_code: 1 (SEGV_MAPERR), si_addr: 0x000000002007abbf

Registers:
RAX=0x00007f8984500778, RBX=0x00000000e92e41b0, RCX=0x0000000000000003, RDX=0x000000002007ab93
RSP=0x00007f899858e9e8, RBP=0x00007f899858ea10, RSI=0x00007f8994074f00, RDI=0x00000001003d5c98
R8 =0x00000000e92e41b0, R9 =0x00000000459d1938, R10=0x00007f899b2adbb9, R11=0x00007f899b2adbc4
R12=0x0000000000000005, R13=0x00007f8994074f00, R14=0x00000000459d1938, R15=0x0000000008b3a327
RIP=0x00007f8985012c84, EFLAGS=0x0000000000010a97, CSGSFS=0x0000000000000033, ERR=0x0000000000000004
  TRAPNO=0x000000000000000e

Top of Stack: (sp=0x00007f899858e9e8)
0x00007f899858e9e8:   00007f899ac840ef 00007f899858ea10
0x00007f899858e9f8:   0000000000000000 00000000e92e41b0
0x00007f899858ea08:   0000000000000005 00007f899858ea90
0x00007f899858ea18:   00007f899ac863f2 00000000a341b5c5
0x00007f899858ea28:   00007f899b2adbb9 00007f8994074f28
0x00007f899858ea38:   00007f8994074f00 00000000eab2c855
0x00007f899858ea48:   0000000000000400 00000000e92e5fea
0x00007f899858ea58:   0000000000001000 00007f899858eb10
0x00007f899858ea68:   00000000eab2f5c0 00007f8994074f00
0x00007f899858ea78:   00007f899b2896b0 0000000000000000
0x00007f899858ea88:   00007f8994074f68 00007f899858eb80
0x00007f899858ea98:   00007f899ac85d20 00007f899858eb00
0x00007f899858eaa8:   00007f899858eb10 00007f899858eb20
0x00007f899858eab8:   00007f899858eae0 00007f899858eaf0
0x00007f899858eac8:   00007f899858eb40 00000000a341aa20
0x00007f899858ead8:   00007f8994074f98 00000000a1681af8
0x00007f899858eae8:   00007f8994074f60 00007f8994017a00
0x00007f899858eaf8:   00000000a294bd84 00007f899858eb80
0x00007f899858eb08:   00007f899abf8f1f 000000010025c590
0x00007f899858eb18:   00000000a29c7058 00007f899858eb80
0x00007f899858eb28:   00007f899a9481c0 00000000a2d43fe1
0x00007f899858eb38:   00007f899b2bcdf0 00000000eab2f5c1
0x00007f899858eb48:   00007f8994074f60 0000000000000000
0x00007f899858eb58:   00000000a2d44030 00000000a2d44000
0x00007f899858eb68:   00007f89988a7a20 00007f8994017a00
0x00007f899858eb78:   00007f89988a7a81 00007f899858ec40
0x00007f899858eb88:   00007f899a6f76ae 00007f899401ea20
0x00007f899858eb98:   00007f89988a7a80 00007f89988a7a02
0x00007f899858eba8:   00007f899b2adbb9 00007f8994074f00
0x00007f899858ebb8:   00000000a36e4e70 00007f8994017740
0x00007f899858ebc8:   00007f89988ac728 00000000a2d40280
0x00007f899858ebd8:   0000000000000200 00000000a2d50008 

Instructions: (pc=0x00007f8985012c84)
0x00007f8985012c64:   00 00 00 00 30 12 e5 9a 89 7f 00 00 ff ff ff ff
0x00007f8985012c74:   00 00 00 00 00 00 00 00 00 00 00 00 48 8b 53 08
0x00007f8985012c84:   0f b7 4a 2c 0f b7 52 2a 2b d1 81 fa f6 01 00 00
0x00007f8985012c94:   0f 86 33 00 00 00 48 8b c2 48 c1 e0 03 48 83 c0 

Register to memory mapping:

RAX={method} {0x00007f8984500778} 'clone' '()Ljava/lang/Object;' in 'java/lang/Object'
RBX=0x00000000e92e41b0 is an oop

[error occurred during error reporting (printing register info), id 0xb]

Stack: [0x00007f899848f000,0x00007f8998590000],  sp=0x00007f899858e9e8,  free space=1022k
Native frames: (J=compiled Java code, j=interpreted, Vv=VM code, C=native code)
j  0x00007f8985012c84
V  [libjvm.so+0x98e3f2]  oopDesc* PSPromotionManager::copy_to_survivor_space<false>(oopDesc*)+0xe2
V  [libjvm.so+0x98dd20]  PSPromotionManager::drain_stacks_depth(bool)+0x830
V  [libjvm.so+0x3ff6ae]  CardTableExtension::scavenge_contents_parallel(ObjectStartArray*, MutableSpace*, HeapWord*, PSPromotionManager*, unsigned int, unsigned int)+0xafe
V  [libjvm.so+0x99159b]  OldToYoungRootsTask::do_it(GCTaskManager*, unsigned int)+0x4b
V  [libjvm.so+0x5d7e7f]  GCTaskThread::run()+0x12f
V  [libjvm.so+0x926268]  java_start(Thread*)+0x108


---------------  P R O C E S S  ---------------

Java Threads: ( => current thread )
  0x00007f8928dde000 JavaThread "Cache update executor" [_thread_blocked, id=4674, stack(0x00007f89172ff000,0x00007f8917400000)]
  0x00007f8928830800 JavaThread "Stdin handler" [_thread_blocked, id=4673, stack(0x00007f894699d000,0x00007f8946a9e000)]
  0x00007f892800b800 JavaThread "Asynchronous log dispatcher for DefaultDaemonConnection: socket connection from /127.0.0.1:41276 to /127.0.0.1:35866" [_thread_blocked, id=4672, stack(0x00007f8946a9e000,0x00007f8946b9f000)]
  0x00007f893c005800 JavaThread "Cancel handler" [_thread_blocked, id=4669, stack(0x00007f8946b9f000,0x00007f8946ca0000)]
  0x00007f893c007800 JavaThread "Handler for socket connection from /127.0.0.1:41276 to /127.0.0.1:35866" [_thread_in_native, id=4668, stack(0x00007f8946ca0000,0x00007f8946da1000)]
  0x00007f893c004000 JavaThread "Daemon worker Thread 3" [_thread_blocked, id=4589, stack(0x00007f8946fa1000,0x00007f89470a2000)]
  0x00007f8938018000 JavaThread "Daemon Thread 3" [_thread_blocked, id=4586, stack(0x00007f89470a2000,0x00007f89471a3000)]
  0x00007f8910009000 JavaThread "pool-12-thread-1" [_thread_blocked, id=4030, stack(0x00007f8916ffc000,0x00007f89170fd000)]
  0x00007f8928603800 JavaThread "pool-2-thread-1" [_thread_blocked, id=2932, stack(0x00007f894553d000,0x00007f894563e000)]
  0x00007f8928913800 JavaThread "File lock request listener" [_thread_in_native, id=2897, stack(0x00007f8945db1000,0x00007f8945eb2000)]
  0x00007f8994c24800 JavaThread "Incoming local TCP Connector on port 41276" [_thread_in_native, id=2871, stack(0x00007f89473aa000,0x00007f89474ab000)]
  0x00007f8994c08000 JavaThread "pool-1-thread-1" [_thread_blocked, id=2867, stack(0x00007f89474ab000,0x00007f89475ac000)]
  0x00007f89940c9000 JavaThread "Service Thread" daemon [_thread_blocked, id=2833, stack(0x00007f8977923000,0x00007f8977a24000)]
  0x00007f89940be000 JavaThread "C1 CompilerThread2" daemon [_thread_blocked, id=2832, stack(0x00007f8977a24000,0x00007f8977b25000)]
  0x00007f89940bc000 JavaThread "C2 CompilerThread1" daemon [_thread_blocked, id=2831, stack(0x00007f8977b25000,0x00007f8977c26000)]
  0x00007f89940b9000 JavaThread "C2 CompilerThread0" daemon [_thread_blocked, id=2830, stack(0x00007f8977c26000,0x00007f8977d27000)]
  0x00007f89940b8000 JavaThread "Signal Dispatcher" daemon [_thread_blocked, id=2829, stack(0x00007f897c0f1000,0x00007f897c1f2000)]
  0x00007f8994084000 JavaThread "Finalizer" daemon [_thread_blocked, id=2828, stack(0x00007f897c1f2000,0x00007f897c2f3000)]
  0x00007f899407f800 JavaThread "Reference Handler" daemon [_thread_blocked, id=2827, stack(0x00007f897c2f3000,0x00007f897c3f4000)]
  0x00007f899400a000 JavaThread "main" [_thread_blocked, id=2821, stack(0x00007f899bded000,0x00007f899beee000)]

Other Threads:
  0x00007f8994077800 VMThread [stack: 0x00007f897c3f4000,0x00007f897c4f5000] [id=2826]
  0x00007f89940cc000 WatcherThread [stack: 0x00007f8977822000,0x00007f8977923000] [id=2834]

=>0x00007f8994021000 (exited) GCTaskThread [stack: 0x00007f899848f000,0x00007f8998590000] [id=2823]

VM state:at safepoint (normal execution)

VM Mutex/Monitor currently owned by a thread:  ([mutex/lock_event])
[0x00007f8994006210] Threads_lock - owner thread: 0x00007f8994077800
[0x00007f8994006710] Heap_lock - owner thread: 0x00007f893c004000

Heap:
 PSYoungGen      total 163840K, used 163549K [0x00000000e0000000, 0x00000000eb500000, 0x0000000100000000)
  eden space 158208K, 100% used [0x00000000e0000000,0x00000000e9a80000,0x00000000e9a80000)
  from space 5632K, 94% used [0x00000000ea500000,0x00000000eaa375e8,0x00000000eaa80000)
  to   space 10240K, 50% used [0x00000000eab00000,0x00000000eb014030,0x00000000eb500000)
 ParOldGen       total 1048576K, used 56499K [0x00000000a0000000, 0x00000000e0000000, 0x00000000e0000000)
  object space 1048576K, 5% used [0x00000000a0000000,0x00000000a372cec0,0x00000000e0000000)
 Metaspace       used 65046K, capacity 67664K, committed 67928K, reserved 1107968K
  class space    used 8542K, capacity 8986K, committed 9048K, reserved 1048576K

Card table byte_map: [0x00007f8998891000,0x00007f8998b92000] byte_map_base: 0x00007f8998391000

Marking Bits: (ParMarkBitMap*) 0x00007f899b2bcc80
 Begin Bits: [0x00007f897d000000, 0x00007f897e800000)
 End Bits:   [0x00007f897e800000, 0x00007f8980000000)

Polling page: 0x00007f899bf0d000

CodeCache: size=245760Kb used=36125Kb max_used=36125Kb free=209634Kb
 bounds [0x00007f8985000000, 0x00007f8987380000, 0x00007f8994000000]
 total_blobs=11620 nmethods=10821 adapters=711
 compilation: enabled

Compilation events (10 events):
Event: 1773.182 Thread 0x00007f89940be000 13147       3       org.gradle.api.internal.changedetection.changes.NoHistoryArtifactState::afterTask (1 bytes)
Event: 1773.182 Thread 0x00007f89940be000 nmethod 13147 0x00007f898736fa90 code [0x00007f898736fbe0, 0x00007f898736fd30]
Event: 1773.182 Thread 0x00007f89940be000 13148       3       org.gradle.api.internal.changedetection.changes.NoHistoryArtifactState::finished (1 bytes)
Event: 1773.183 Thread 0x00007f89940be000 nmethod 13148 0x00007f898736fdd0 code [0x00007f898736ff20, 0x00007f8987370070]
Event: 1773.185 Thread 0x00007f89940be000 13149       1       org.gradle.api.internal.changedetection.rules.SummaryTaskStateChanges::access$100 (5 bytes)
Event: 1773.185 Thread 0x00007f89940be000 nmethod 13149 0x00007f8987370110 code [0x00007f8987370260, 0x00007f8987370350]
Event: 1773.187 Thread 0x00007f89940be000 13150       3       java.util.stream.ReferencePipeline$StatefulOp::<init> (29 bytes)
Event: 1773.187 Thread 0x00007f89940be000 nmethod 13150 0x00007f89873703d0 code [0x00007f8987370540, 0x00007f8987370748]
Event: 1773.190 Thread 0x00007f89940be000 13151       3       com.android.build.gradle.tasks.RenderscriptCompile_Decorated::getConventionMapping (29 bytes)
Event: 1773.191 Thread 0x00007f89940be000 nmethod 13151 0x00007f8987370810 code [0x00007f89873709c0, 0x00007f8987371008]

GC Heap History (10 events):
Event: 1040.188 GC heap after
Heap after GC invocations=24 (full 3):
 PSYoungGen      total 153088K, used 7137K [0x00000000e0000000, 0x00000000ec480000, 0x0000000100000000)
  eden space 141824K, 0% used [0x00000000e0000000,0x00000000e0000000,0x00000000e8a80000)
  from space 11264K, 63% used [0x00000000e8a80000,0x00000000e91787c8,0x00000000e9580000)
  to   space 11776K, 0% used [0x00000000eb900000,0x00000000eb900000,0x00000000ec480000)
 ParOldGen       total 92160K, used 42270K [0x00000000a0000000, 0x00000000a5a00000, 0x00000000e0000000)
  object space 92160K, 45% used [0x00000000a0000000,0x00000000a2947b10,0x00000000a5a00000)
 Metaspace       used 59444K, capacity 61344K, committed 61656K, reserved 1101824K
  class space    used 7914K, capacity 8288K, committed 8408K, reserved 1048576K
}
Event: 1042.173 GC heap before
{Heap before GC invocations=25 (full 3):
 PSYoungGen      total 153088K, used 148961K [0x00000000e0000000, 0x00000000ec480000, 0x0000000100000000)
  eden space 141824K, 100% used [0x00000000e0000000,0x00000000e8a80000,0x00000000e8a80000)
  from space 11264K, 63% used [0x00000000e8a80000,0x00000000e91787c8,0x00000000e9580000)
  to   space 11776K, 0% used [0x00000000eb900000,0x00000000eb900000,0x00000000ec480000)
 ParOldGen       total 92160K, used 42270K [0x00000000a0000000, 0x00000000a5a00000, 0x00000000e0000000)
  object space 92160K, 45% used [0x00000000a0000000,0x00000000a2947b10,0x00000000a5a00000)
 Metaspace       used 60480K, capacity 62612K, committed 62808K, reserved 1103872K
  class space    used 8054K, capacity 8484K, committed 8536K, reserved 1048576K
Event: 1042.192 GC heap after
Heap after GC invocations=25 (full 3):
 PSYoungGen      total 188416K, used 2509K [0x00000000e0000000, 0x00000000ec380000, 0x0000000100000000)
  eden space 177664K, 0% used [0x00000000e0000000,0x00000000e0000000,0x00000000ead80000)
  from space 10752K, 23% used [0x00000000eb900000,0x00000000ebb73468,0x00000000ec380000)
  to   space 11264K, 0% used [0x00000000ead80000,0x00000000ead80000,0x00000000eb880000)
 ParOldGen       total 92160K, used 46398K [0x00000000a0000000, 0x00000000a5a00000, 0x00000000e0000000)
  object space 92160K, 50% used [0x00000000a0000000,0x00000000a2d4fa70,0x00000000a5a00000)
 Metaspace       used 60480K, capacity 62612K, committed 62808K, reserved 1103872K
  class space    used 8054K, capacity 8484K, committed 8536K, reserved 1048576K
}
Event: 1094.309 GC heap before
{Heap before GC invocations=26 (full 3):
 PSYoungGen      total 188416K, used 180173K [0x00000000e0000000, 0x00000000ec380000, 0x0000000100000000)
  eden space 177664K, 100% used [0x00000000e0000000,0x00000000ead80000,0x00000000ead80000)
  from space 10752K, 23% used [0x00000000eb900000,0x00000000ebb73468,0x00000000ec380000)
  to   space 11264K, 0% used [0x00000000ead80000,0x00000000ead80000,0x00000000eb880000)
 ParOldGen       total 92160K, used 46398K [0x00000000a0000000, 0x00000000a5a00000, 0x00000000e0000000)
  object space 92160K, 50% used [0x00000000a0000000,0x00000000a2d4fa70,0x00000000a5a00000)
 Metaspace       used 61977K, capacity 64236K, committed 64472K, reserved 1105920K
  class space    used 8237K, capacity 8644K, committed 8664K, reserved 1048576K
Event: 1094.330 GC heap after
Heap after GC invocations=26 (full 3):
 PSYoungGen      total 178176K, used 6679K [0x00000000e0000000, 0x00000000ebd00000, 0x0000000100000000)
  eden space 171008K, 0% used [0x00000000e0000000,0x00000000e0000000,0x00000000ea700000)
  from space 7168K, 93% used [0x00000000ead80000,0x00000000eb405cf8,0x00000000eb480000)
  to   space 8704K, 0% used [0x00000000eb480000,0x00000000eb480000,0x00000000ebd00000)
 ParOldGen       total 92160K, used 48170K [0x00000000a0000000, 0x00000000a5a00000, 0x00000000e0000000)
  object space 92160K, 52% used [0x00000000a0000000,0x00000000a2f0aa80,0x00000000a5a00000)
 Metaspace       used 61977K, capacity 64236K, committed 64472K, reserved 1105920K
  class space    used 8237K, capacity 8644K, committed 8664K, reserved 1048576K
}
Event: 1096.388 GC heap before
{Heap before GC invocations=27 (full 3):
 PSYoungGen      total 178176K, used 177687K [0x00000000e0000000, 0x00000000ebd00000, 0x0000000100000000)
  eden space 171008K, 100% used [0x00000000e0000000,0x00000000ea700000,0x00000000ea700000)
  from space 7168K, 93% used [0x00000000ead80000,0x00000000eb405cf8,0x00000000eb480000)
  to   space 8704K, 0% used [0x00000000eb480000,0x00000000eb480000,0x00000000ebd00000)
 ParOldGen       total 92160K, used 48170K [0x00000000a0000000, 0x00000000a5a00000, 0x00000000e0000000)
  object space 92160K, 52% used [0x00000000a0000000,0x00000000a2f0aa80,0x00000000a5a00000)
 Metaspace       used 64327K, capacity 66640K, committed 66776K, reserved 1107968K
  class space    used 8494K, capacity 8920K, committed 8920K, reserved 1048576K
Event: 1096.408 GC heap after
Heap after GC invocations=27 (full 3):
 PSYoungGen      total 169984K, used 5138K [0x00000000e0000000, 0x00000000eba00000, 0x0000000100000000)
  eden space 164352K, 0% used [0x00000000e0000000,0x00000000e0000000,0x00000000ea080000)
  from space 5632K, 91% used [0x00000000eb480000,0x00000000eb984a20,0x00000000eba00000)
  to   space 10752K, 0% used [0x00000000ea500000,0x00000000ea500000,0x00000000eaf80000)
 ParOldGen       total 92160K, used 53370K [0x00000000a0000000, 0x00000000a5a00000, 0x00000000e0000000)
  object space 92160K, 57% used [0x00000000a0000000,0x00000000a341ea20,0x00000000a5a00000)
 Metaspace       used 64327K, capacity 66640K, committed 66776K, reserved 1107968K
  class space    used 8494K, capacity 8920K, committed 8920K, reserved 1048576K
}
Event: 1746.425 GC heap before
{Heap before GC invocations=28 (full 3):
 PSYoungGen      total 169984K, used 169490K [0x00000000e0000000, 0x00000000eba00000, 0x0000000100000000)
  eden space 164352K, 100% used [0x00000000e0000000,0x00000000ea080000,0x00000000ea080000)
  from space 5632K, 91% used [0x00000000eb480000,0x00000000eb984a20,0x00000000eba00000)
  to   space 10752K, 0% used [0x00000000ea500000,0x00000000ea500000,0x00000000eaf80000)
 ParOldGen       total 92160K, used 53370K [0x00000000a0000000, 0x00000000a5a00000, 0x00000000e0000000)
  object space 92160K, 57% used [0x00000000a0000000,0x00000000a341ea20,0x00000000a5a00000)
 Metaspace       used 64640K, capacity 66994K, committed 67160K, reserved 1107968K
  class space    used 8514K, capacity 8949K, committed 9048K, reserved 1048576K
Event: 1746.461 GC heap after
Heap after GC invocations=28 (full 3):
 PSYoungGen      total 163840K, used 5341K [0x00000000e0000000, 0x00000000eb500000, 0x0000000100000000)
  eden space 158208K, 0% used [0x00000000e0000000,0x00000000e0000000,0x00000000e9a80000)
  from space 5632K, 94% used [0x00000000ea500000,0x00000000eaa375e8,0x00000000eaa80000)
  to   space 10240K, 0% used [0x00000000eab00000,0x00000000eab00000,0x00000000eb500000)
 ParOldGen       total 92160K, used 56211K [0x00000000a0000000, 0x00000000a5a00000, 0x00000000e0000000)
  object space 92160K, 60% used [0x00000000a0000000,0x00000000a36e4e70,0x00000000a5a00000)
 Metaspace       used 64640K, capacity 66994K, committed 67160K, reserved 1107968K
  class space    used 8514K, capacity 8949K, committed 9048K, reserved 1048576K
}
Event: 1773.236 GC heap before
{Heap before GC invocations=29 (full 3):
 PSYoungGen      total 163840K, used 163549K [0x00000000e0000000, 0x00000000eb500000, 0x0000000100000000)
  eden space 158208K, 100% used [0x00000000e0000000,0x00000000e9a80000,0x00000000e9a80000)
  from space 5632K, 94% used [0x00000000ea500000,0x00000000eaa375e8,0x00000000eaa80000)
  to   space 10240K, 0% used [0x00000000eab00000,0x00000000eab00000,0x00000000eb500000)
 ParOldGen       total 92160K, used 56211K [0x00000000a0000000, 0x00000000a5a00000, 0x00000000e0000000)
  object space 92160K, 60% used [0x00000000a0000000,0x00000000a36e4e70,0x00000000a5a00000)
 Metaspace       used 65046K, capacity 67664K, committed 67928K, reserved 1107968K
  class space    used 8542K, capacity 8986K, committed 9048K, reserved 1048576K

Deoptimization events (10 events):
Event: 1096.625 Thread 0x00007f89300d3000 Uncommon trap: reason=unstable_if action=reinterpret pc=0x00007f8986509624 method=java.util.concurrent.locks.AbstractQueuedSynchronizer$ConditionObject.checkInterruptWhileWaiting(Ljava/util/concurrent/locks/AbstractQueuedSynchronizer$Node;)I @ 3
Event: 1096.625 Thread 0x00007f89300d3000 Uncommon trap: reason=unstable_if action=reinterpret pc=0x00007f89860d6ea4 method=java.util.concurrent.locks.AbstractQueuedSynchronizer.enq(Ljava/util/concurrent/locks/AbstractQueuedSynchronizer$Node;)Ljava/util/concurrent/locks/AbstractQueuedSynchronizer
Event: 1096.627 Thread 0x00007f893c004000 Uncommon trap: reason=class_check action=maybe_recompile pc=0x00007f8986b4e814 method=com.google.common.hash.Funnels$SinkAsStream.write([BII)V @ 7
Event: 1746.035 Thread 0x00007f893c004000 Uncommon trap: reason=class_check action=maybe_recompile pc=0x00007f8986a92b50 method=com.google.common.collect.AbstractMapBasedMultimap$WrappedCollection.refreshIfEmpty()V @ 40
Event: 1746.035 Thread 0x00007f893c004000 Uncommon trap: reason=class_check action=maybe_recompile pc=0x00007f8986a8c6c8 method=com.google.common.collect.AbstractMapBasedMultimap.iteratorOrListIterator(Ljava/util/Collection;)Ljava/util/Iterator; @ 1
Event: 1746.035 Thread 0x00007f893c004000 Uncommon trap: reason=class_check action=maybe_recompile pc=0x00007f8986a5cc6c method=com.google.common.collect.AbstractMapBasedMultimap$WrappedCollection.refreshIfEmpty()V @ 40
Event: 1747.279 Thread 0x00007f893c007800 Uncommon trap: reason=unstable_if action=reinterpret pc=0x00007f89870d8304 method=java.text.SimpleDateFormat.zeroPaddingNumber(IIILjava/lang/StringBuffer;)V @ 41
Event: 1747.279 Thread 0x00007f893c007800 Uncommon trap: reason=unstable_if action=reinterpret pc=0x00007f898709df58 method=java.text.SimpleDateFormat.zeroPaddingNumber(IIILjava/lang/StringBuffer;)V @ 41
Event: 1772.690 Thread 0x00007f893c004000 Uncommon trap: reason=class_check action=maybe_recompile pc=0x00007f8986a5aba0 method=com.google.common.collect.AbstractMapBasedMultimap$WrappedCollection.refreshIfEmpty()V @ 40
Event: 1772.690 Thread 0x00007f893c004000 Uncommon trap: reason=class_check action=maybe_recompile pc=0x00007f8986a8c6c8 method=com.google.common.collect.AbstractMapBasedMultimap.iteratorOrListIterator(Ljava/util/Collection;)Ljava/util/Iterator; @ 1

Internal exceptions (10 events):
Event: 1096.637 Thread 0x00007f893c004000 Exception <a 'sun/nio/fs/UnixException'> (0x00000000e23f5b58) thrown at [/HUDSON3/workspace/8-2-build-linux-amd64/jdk8u121/8372/hotspot/src/share/vm/prims/jni.cpp, line 709]
Event: 1632.351 Thread 0x00007f8928603800 Exception <a 'sun/nio/fs/UnixException'> (0x00000000e2503778) thrown at [/HUDSON3/workspace/8-2-build-linux-amd64/jdk8u121/8372/hotspot/src/share/vm/prims/jni.cpp, line 709]
Event: 1693.478 Thread 0x00007f8928603800 Exception <a 'sun/nio/fs/UnixException'> (0x00000000e2504d30) thrown at [/HUDSON3/workspace/8-2-build-linux-amd64/jdk8u121/8372/hotspot/src/share/vm/prims/jni.cpp, line 709]
Event: 1745.744 Thread 0x00007f893c004000 Exception <a 'java/lang/ClassNotFoundException': asLocalRepo290_65ufoqc9krhqq8qhi4fpqz2arBeanInfo> (0x00000000e440e2f0) thrown at [/HUDSON3/workspace/8-2-build-linux-amd64/jdk8u121/8372/hotspot/src/share/vm/classfile/systemDictionary.cpp, line 210]
Event: 1745.744 Thread 0x00007f893c004000 Exception <a 'java/lang/ClassNotFoundException': asLocalRepo290_65ufoqc9krhqq8qhi4fpqz2arCustomizer> (0x00000000e4419430) thrown at [/HUDSON3/workspace/8-2-build-linux-amd64/jdk8u121/8372/hotspot/src/share/vm/classfile/systemDictionary.cpp, line 210]
Event: 1746.006 Thread 0x00007f893c004000 Exception <a 'sun/nio/fs/UnixException'> (0x00000000e6943d60) thrown at [/HUDSON3/workspace/8-2-build-linux-amd64/jdk8u121/8372/hotspot/src/share/vm/prims/jni.cpp, line 709]
Event: 1747.251 Thread 0x00007f893c004000 Exception <a 'sun/nio/fs/UnixException'> (0x00000000e2f7f030) thrown at [/HUDSON3/workspace/8-2-build-linux-amd64/jdk8u121/8372/hotspot/src/share/vm/prims/jni.cpp, line 709]
Event: 1772.499 Thread 0x00007f893c004000 Exception <a 'java/lang/ClassNotFoundException': asLocalRepo208_6hi3ejmd6mtvtq2ntqsn11b87BeanInfo> (0x00000000e34b15d0) thrown at [/HUDSON3/workspace/8-2-build-linux-amd64/jdk8u121/8372/hotspot/src/share/vm/classfile/systemDictionary.cpp, line 210]
Event: 1772.499 Thread 0x00007f893c004000 Exception <a 'java/lang/ClassNotFoundException': asLocalRepo208_6hi3ejmd6mtvtq2ntqsn11b87Customizer> (0x00000000e34bc710) thrown at [/HUDSON3/workspace/8-2-build-linux-amd64/jdk8u121/8372/hotspot/src/share/vm/classfile/systemDictionary.cpp, line 210]
Event: 1772.668 Thread 0x00007f893c004000 Exception <a 'sun/nio/fs/UnixException'> (0x00000000e59bc798) thrown at [/HUDSON3/workspace/8-2-build-linux-amd64/jdk8u121/8372/hotspot/src/share/vm/prims/jni.cpp, line 709]

Events (10 events):
Event: 1773.191 loading class com/android/builder/internal/compiler/LeafFolderGatherer done
Event: 1773.192 loading class com/android/builder/internal/compiler/RenderScriptProcessor
Event: 1773.192 loading class com/android/builder/internal/compiler/RenderScriptProcessor done
Event: 1773.230 loading class com/android/builder/internal/compiler/RenderScriptProcessor$Abi
Event: 1773.230 loading class com/android/builder/internal/compiler/RenderScriptProcessor$Abi done
Event: 1773.230 loading class com/android/builder/internal/compiler/FileGatherer
Event: 1773.231 loading class com/android/builder/internal/compiler/FileGatherer done
Event: 1773.232 Executing VM operation: RevokeBias
Event: 1773.232 Executing VM operation: RevokeBias done
Event: 1773.236 Executing VM operation: ParallelGCFailedAllocation


Dynamic libraries:
00400000-00401000 r-xp 00000000 08:01 11143952                           /usr/local/java/jdk1.8.0_121/bin/java
00600000-00601000 rw-p 00000000 08:01 11143952                           /usr/local/java/jdk1.8.0_121/bin/java
01875000-01896000 rw-p 00000000 00:00 0                                  [heap]
a0000000-e0000000 rw-p 00000000 00:00 0 
e0000000-eb500000 rw-p 00000000 00:00 0 
eb500000-100000000 ---p 00000000 00:00 0 
100000000-1008d6000 rw-p 00000000 00:00 0 
1008d6000-140000000 ---p 00000000 00:00 0 
7f88f8000000-7f88f8021000 rw-p 00000000 00:00 0 
7f88f8021000-7f88fc000000 ---p 00000000 00:00 0 
7f8900000000-7f8900028000 rw-p 00000000 00:00 0 
7f8900028000-7f8904000000 ---p 00000000 00:00 0 
7f8904000000-7f89040ce000 rw-p 00000000 00:00 0 
7f89040ce000-7f8908000000 ---p 00000000 00:00 0 
7f8908000000-7f8908053000 rw-p 00000000 00:00 0 
7f8908053000-7f890c000000 ---p 00000000 00:00 0 
7f890c000000-7f890c021000 rw-p 00000000 00:00 0 
7f890c021000-7f8910000000 ---p 00000000 00:00 0 
7f8910000000-7f89100d7000 rw-p 00000000 00:00 0 
7f89100d7000-7f8914000000 ---p 00000000 00:00 0 
7f89166f9000-7f8916879000 rw-p 00000000 00:00 0 
7f8916879000-7f89168fc000 ---p 00000000 00:00 0 
7f89168fc000-7f8916bfa000 rw-p 00000000 00:00 0 
7f8916bfa000-7f8916dfa000 rw-p 00000000 00:00 0 
7f8916dfa000-7f8916dfd000 ---p 00000000 00:00 0 
7f8916dfd000-7f8916efb000 rw-p 00000000 00:00 0 
7f8916efb000-7f8916efe000 ---p 00000000 00:00 0 
7f8916efe000-7f8916ffc000 rw-p 00000000 00:00 0 
7f8916ffc000-7f8916fff000 ---p 00000000 00:00 0 
7f8916fff000-7f89170fd000 rw-p 00000000 00:00 0 
7f89170fd000-7f8917100000 ---p 00000000 00:00 0 
7f8917100000-7f89171fe000 rw-p 00000000 00:00 0 
7f89171fe000-7f8917201000 ---p 00000000 00:00 0 
7f8917201000-7f89172ff000 rw-p 00000000 00:00 0 
7f89172ff000-7f8917302000 ---p 00000000 00:00 0 
7f8917302000-7f8917600000 rw-p 00000000 00:00 0 
7f8917600000-7f8917800000 rw-p 00000000 00:00 0 
7f8917800000-7f8917a00000 rw-p 00000000 00:00 0 
7f8917a00000-7f8917c00000 rw-p 00000000 00:00 0 
7f8917c00000-7f8917e00000 rw-p 00000000 00:00 0 
7f8917e00000-7f8918000000 rw-p 00000000 00:00 0 
7f8918000000-7f8918021000 rw-p 00000000 00:00 0 
7f8918021000-7f891c000000 ---p 00000000 00:00 0 
7f891c000000-7f891c021000 rw-p 00000000 00:00 0 
7f891c021000-7f8920000000 ---p 00000000 00:00 0 
7f8920000000-7f8920062000 rw-p 00000000 00:00 0 
7f8920062000-7f8924000000 ---p 00000000 00:00 0 
7f8924000000-7f8924021000 rw-p 00000000 00:00 0 
7f8924021000-7f8928000000 ---p 00000000 00:00 0 
7f8928000000-7f89294f2000 rw-p 00000000 00:00 0 
7f89294f2000-7f892c000000 ---p 00000000 00:00 0 
7f892c000000-7f892c021000 rw-p 00000000 00:00 0 
7f892c021000-7f8930000000 ---p 00000000 00:00 0 
7f8930000000-7f8930e14000 rw-p 00000000 00:00 0 
7f8930e14000-7f8934000000 ---p 00000000 00:00 0 
7f8934000000-7f8934021000 rw-p 00000000 00:00 0 
7f8934021000-7f8938000000 ---p 00000000 00:00 0 
7f8938000000-7f8938072000 rw-p 00000000 00:00 0 
7f8938072000-7f893c000000 ---p 00000000 00:00 0 
7f893c000000-7f893c021000 rw-p 00000000 00:00 0 
7f893c021000-7f8940000000 ---p 00000000 00:00 0 
7f8940000000-7f8940021000 rw-p 00000000 00:00 0 
7f8940021000-7f8944000000 ---p 00000000 00:00 0 
7f894409d000-7f89440b4000 r-xp 00000000 08:01 4981316                    /lib/x86_64-linux-gnu/libresolv-2.23.so
7f89440b4000-7f89442b4000 ---p 00017000 08:01 4981316                    /lib/x86_64-linux-gnu/libresolv-2.23.so
7f89442b4000-7f89442b5000 r--p 00017000 08:01 4981316                    /lib/x86_64-linux-gnu/libresolv-2.23.so
7f89442b5000-7f89442b6000 rw-p 00018000 08:01 4981316                    /lib/x86_64-linux-gnu/libresolv-2.23.so
7f89442b6000-7f89442b8000 rw-p 00000000 00:00 0 
7f89442b8000-7f89442bd000 r-xp 00000000 08:01 4981108                    /lib/x86_64-linux-gnu/libnss_dns-2.23.so
7f89442bd000-7f89444bd000 ---p 00005000 08:01 4981108                    /lib/x86_64-linux-gnu/libnss_dns-2.23.so
7f89444bd000-7f89444be000 r--p 00005000 08:01 4981108                    /lib/x86_64-linux-gnu/libnss_dns-2.23.so
7f89444be000-7f89444bf000 rw-p 00006000 08:01 4981108                    /lib/x86_64-linux-gnu/libnss_dns-2.23.so
7f89444bf000-7f89444c1000 r-xp 00000000 08:01 4985287                    /lib/x86_64-linux-gnu/libnss_mdns4_minimal.so.2
7f89444c1000-7f89446c0000 ---p 00002000 08:01 4985287                    /lib/x86_64-linux-gnu/libnss_mdns4_minimal.so.2
7f89446c0000-7f89446c1000 r--p 00001000 08:01 4985287                    /lib/x86_64-linux-gnu/libnss_mdns4_minimal.so.2
7f89446c1000-7f89446c2000 rw-p 00002000 08:01 4985287                    /lib/x86_64-linux-gnu/libnss_mdns4_minimal.so.2
7f89446d8000-7f89446de000 r--s 0003f000 08:01 11146132                   /usr/local/java/jdk1.8.0_121/jre/lib/ext/sunjce_provider.jar
7f89446de000-7f8944710000 r-xp 00000000 08:01 11144042                   /usr/local/java/jdk1.8.0_121/jre/lib/amd64/libsunec.so
7f8944710000-7f894490f000 ---p 00032000 08:01 11144042                   /usr/local/java/jdk1.8.0_121/jre/lib/amd64/libsunec.so
7f894490f000-7f8944915000 rw-p 00031000 08:01 11144042                   /usr/local/java/jdk1.8.0_121/jre/lib/amd64/libsunec.so
7f8944915000-7f8944925000 rw-p 00000000 00:00 0 
7f8944925000-7f8944927000 r--s 00009000 08:01 11146131                   /usr/local/java/jdk1.8.0_121/jre/lib/ext/sunec.jar
7f8944927000-7f894492a000 r--s 0001a000 08:01 11146308                   /usr/local/java/jdk1.8.0_121/jre/lib/jce.jar
7f894492a000-7f8944b2a000 rw-p 00000000 00:00 0 
7f8944b2a000-7f8944d2a000 rw-p 00000000 00:00 0 
7f8944d2a000-7f8944d3d000 r--s 00345000 08:01 11146278                   /usr/local/java/jdk1.8.0_121/jre/lib/resources.jar
7f8944d3d000-7f8944f3d000 rw-p 00000000 00:00 0 
7f8944f3d000-7f894513d000 rw-p 00000000 00:00 0 
7f894513d000-7f894533d000 rw-p 00000000 00:00 0 
7f894533d000-7f894553d000 rw-p 00000000 00:00 0 
7f894553d000-7f8945540000 ---p 00000000 00:00 0 
7f8945540000-7f894583e000 rw-p 00000000 00:00 0 
7f894583e000-7f894583f000 r--s 00001000 08:01 34477923                   /root/.gradle/caches/jars-2/cmhx5eetujk7j30d3nllwxyrlnugzjw/annotations-25.3.3.jar
7f894583f000-7f8945847000 r--s 000a8000 08:01 34996888                   /root/.gradle/caches/jars-2/lp0h431tl0554nh1vx6zomcvteflkp/lombok-ast-0.2.3.jar
7f8945847000-7f894585b000 r--s 000b4000 08:01 34477921                   /root/.gradle/caches/jars-2/hgvw6szzawm3evod5l2d6iutfug31w0/uast-162.2228.14.jar
7f894585b000-7f894585d000 r--s 0000d000 08:01 34996884                   /root/.gradle/caches/jars-2/7pwz1bowgakb1eux9ezb56jlturgsyi/commons-codec-1.4.jar
7f894585d000-7f894585f000 r--s 0000d000 08:01 34996882                   /root/.gradle/caches/jars-2/9dj1m0eyooi5qt13735vz8fpkl3cnfy/commons-logging-1.1.1.jar
7f894585f000-7f8945864000 r--s 00028000 08:01 34996880                   /root/.gradle/caches/jars-2/62lv0fe9b3xbqe57f6ljy5upwi7mf6k/httpcore-4.1.jar
7f8945864000-7f8945868000 r--s 0002f000 08:01 34996878                   /root/.gradle/caches/jars-2/gsg5n52frsvw6sx0swqqe2hwijwdcf0/jimfs-1.1.jar
7f8945868000-7f8945869000 r--s 00004000 08:01 34996876                   /root/.gradle/caches/jars-2/lxs252id0979odjrerlctkb26c2vj95/annotations-12.0.jar
7f8945869000-7f894586a000 r--s 00004000 08:01 34996874                   /root/.gradle/caches/jars-2/9kn99dr0rulyl67sct1ephwcop56l61/asm-analysis-5.0.4.jar
7f894586a000-7f894586e000 r--s 00040000 08:01 34477919                   /root/.gradle/caches/jars-2/ccvn7yglm4blceovs70fngoac1eyn4f/lint-api-25.3.3.jar
7f894586e000-7f894586f000 r--s 0000a000 08:01 34996870                   /root/.gradle/caches/jars-2/nwyg9io65lv6jvmwit2wq82xnnxd7ia/kxml2-2.3.0.jar
7f894586f000-7f8945871000 r--s 00005000 08:01 34996868                   /root/.gradle/caches/jars-2/i6hc1uuj8e9ck59slmzdyz78ydn8sr6/httpmime-4.1.jar
7f8945871000-7f8945879000 r--s 0004e000 08:01 34996866                   /root/.gradle/caches/jars-2/7503wa5irssz0xxahv1xb82p2dl7rr2/httpclient-4.1.1.jar
7f8945879000-7f8945880000 r--s 00053000 08:01 34996864                   /root/.gradle/caches/jars-2/jgkfvs4eqggj7qsyw1f5d3up57hanj1/commons-compress-1.8.1.jar
7f8945880000-7f8945885000 r--s 0002a000 08:01 34996862                   /root/.gradle/caches/jars-2/je8f027qcr1z1egw08byp1ybxbp9kko/gson-2.2.4.jar
7f8945885000-7f894588a000 r--s 0002e000 08:01 34477917                   /root/.gradle/caches/jars-2/s427p2wh0tfza0xa8qijgx107eeevyl/repository-25.3.3.jar
7f894588a000-7f894588c000 r--s 00006000 08:01 34477915                   /root/.gradle/caches/jars-2/e2s952s6co8tps89l80r4riixwqo2oe/dvlib-25.3.3.jar
7f894588c000-7f894588e000 r--s 00013000 08:01 34477913                   /root/.gradle/caches/jars-2/s02k517nvrh8cbp2c8dz4slqska6dj9/layoutlib-api-25.3.3.jar
7f894588e000-7f8945893000 r--s 00058000 08:01 34996854                   /root/.gradle/caches/jars-2/st159835qgxm0l87oqrnhayxos4lc1n/asm-debug-all-5.0.1.jar
7f8945893000-7f89458a3000 r--s 000d5000 08:01 34996852                   /root/.gradle/caches/jars-2/qzf32gp9kej4w4hlbabft6tplu74cj3/proguard-base-5.3.2.jar
7f89458a3000-7f89458a6000 r--s 00033000 08:01 34996850                   /root/.gradle/caches/jars-2/nz9sndmr8b4xbj4xulkaciy5kdbyfiz/juniversalchardet-1.0.3.jar
7f89458a6000-7f89458aa000 r--s 0002a000 08:01 34996848                   /root/.gradle/caches/jars-2/krbpn9xjn1qymukyx8cc5l799ty1v3h/commons-io-2.4.jar
7f89458aa000-7f89458c1000 r--s 00154000 08:01 34996846                   /root/.gradle/caches/jars-2/sfeivjswzitn6n0fnjx3ueszz8gv8o1/antlr4-4.5.3.jar
7f89458c1000-7f89458c3000 r--s 00002000 08:01 34477911                   /root/.gradle/caches/jars-2/rh2ip1x2zziz26tr3qzudtz088pqsb2/baseLibrary-2.3.3.jar
7f89458c3000-7f89458ee000 r--s 001fc000 08:01 34996842                   /root/.gradle/caches/jars-2/nxjrjftly2xksl8o0wqgivu5netfu2x/guava-18.0.jar
7f89458ee000-7f8945901000 r--s 00241000 08:01 34996840                   /root/.gradle/caches/jars-2/9yuekvg4qerfitq3xec0iyckuw3hwaq/ecj-4.6.1.jar
7f8945901000-7f8945908000 r--s 000d9000 08:01 34477909                   /root/.gradle/caches/jars-2/ak89aa8liqmr44u7r08njntn6oehe0z/lint-checks-25.3.3.jar
7f8945908000-7f894590a000 r--s 00006000 08:01 34996836                   /root/.gradle/caches/jars-2/6phgj9ki3jl3p5epzkqoo8pr6kur40b/asm-tree-5.0.4.jar
7f894590a000-7f894593d000 r--s 00203000 08:01 34996834                   /root/.gradle/caches/jars-2/hj0bfvxu9cq7hkwmecvp0kg137or3hh/bcprov-jdk15on-1.48.jar
7f894593d000-7f894594b000 r--s 00081000 08:01 34996832                   /root/.gradle/caches/jars-2/4r7xli0tz94y0wfjrdyjxlxar3g1pb9/bcpkix-jdk15on-1.48.jar
7f894594b000-7f894594d000 r--s 00002000 08:01 34996830                   /root/.gradle/caches/jars-2/f32bh5uivuf69ecz2j8hl96ksnqdh7v/javawriter-2.5.0.jar
7f894594d000-7f894594f000 r--s 00004000 08:01 34477907                   /root/.gradle/caches/jars-2/j6s1upogkwo00sygdsekzj4fx0i75uy/tracker-25.3.3.jar
7f894594f000-7f8945950000 r--s 00005000 08:01 34477905                   /root/.gradle/caches/jars-2/4svya0t1s9wyo35ycd3atidsaoo6w7e/shared-25.3.3.jar
7f8945950000-7f894595e000 r--s 00147000 08:01 34477903                   /root/.gradle/caches/jars-2/qx6695c5ocd9swxv7wqtxor3plyb4b7/protos-25.3.3.jar
7f894595e000-7f894595f000 r--s 00001000 08:01 34477901                   /root/.gradle/caches/jars-2/bqo69msswbvaagsh45hf1tq02v21sml/jill-api-0.10.0.jar
7f894595f000-7f8945961000 r--s 00003000 08:01 34477899                   /root/.gradle/caches/jars-2/7pldadygbci34ql8thws797g29k1uhh/jack-api-0.13.0.jar
7f8945961000-7f8945967000 r--s 0004a000 08:01 34477897                   /root/.gradle/caches/jars-2/euoqfzf5y1sibp9ul8mcz0wovj380eo/ddmlib-25.3.3.jar
7f8945967000-7f894596a000 r--s 00022000 08:01 34477895                   /root/.gradle/caches/jars-2/a81bg2yxzmumashablwecaj0ksz6tmj/manifest-merger-25.3.3.jar
7f894596a000-7f894596d000 r--s 0001c000 08:01 34477893                   /root/.gradle/caches/jars-2/l6cnyee1vojrkkbpp6qwgpf30shmrja/common-25.3.3.jar
7f894596d000-7f8945976000 r--s 00089000 08:01 34477891                   /root/.gradle/caches/jars-2/m0t6h8af70sdgxvkj522jy01i14mnb8/sdk-common-25.3.3.jar
7f8945976000-7f8945980000 r--s 00098000 08:01 34477889                   /root/.gradle/caches/jars-2/28c9ykhc782k8jmlrnbnccai34hziki/sdklib-25.3.3.jar
7f8945980000-7f8945981000 r--s 00002000 08:01 34477887                   /root/.gradle/caches/jars-2/4dod7a1p5hoai4v37pxbcg65bbahvg2/builder-test-api-2.3.3.jar
7f8945981000-7f8945984000 r--s 00006000 08:01 34477885                   /root/.gradle/caches/jars-2/omk02asobup8sgd6qxom3ej5bg94z2r/builder-model-2.3.3.jar
7f8945984000-7f8945993000 r--s 00130000 08:01 34996804                   /root/.gradle/caches/jars-2/cr6zkqpx14lor9zdtmo49qpc7y8r8p4/protobuf-java-3.0.0.jar
7f8945993000-7f8945997000 r--s 0001f000 08:01 34996800                   /root/.gradle/caches/jars-2/nq3fzqkrrm37ob61z4iu5qdbh368uat/org.jacoco.report-0.7.5.201505241946.jar
7f8945997000-7f894599b000 r--s 0001d000 08:01 34996798                   /root/.gradle/caches/jars-2/3kxkmcckmk40ron92zhbm0qjo9l4bkl/org.jacoco.core-0.7.5.201505241946.jar
7f894599b000-7f89459b1000 r--s 00163000 08:01 34477875                   /root/.gradle/caches/jars-2/nyg71b5n2lzymmwh5vbtmvjiby07k4g/builder-2.3.3.jar
7f89459b1000-7f8945bb1000 rw-p 00000000 00:00 0 
7f8945bb1000-7f8945db1000 rw-p 00000000 00:00 0 
7f8945db1000-7f8945db4000 ---p 00000000 00:00 0 
7f8945db4000-7f89460b2000 rw-p 00000000 00:00 0 
7f89460b2000-7f89462b2000 rw-p 00000000 00:00 0 
7f89462b2000-7f89464b2000 rw-p 00000000 00:00 0 
7f89464b2000-7f894652c000 r--s 010f6000 08:01 11020816                   /usr/local/java/jdk1.8.0_121/lib/tools.jar
7f894652c000-7f894652e000 r--s 0000f000 08:01 34996802                   /root/.gradle/caches/jars-2/rvfyugrlu5tbpz51p98og0qsxamjq4k/jopt-simple-4.9.jar
7f894652e000-7f8946530000 r--s 00002000 08:01 34996796                   /root/.gradle/caches/jars-2/m4m0pzb4gmaeh0in5g2xc4bxeuwt828/proguard-gradle-5.3.2.jar
7f8946530000-7f8946532000 r--s 00009000 08:01 34996794                   /root/.gradle/caches/jars-2/ajvcvdu66lc9e3tvvipxtuq48i9bbkc/asm-commons-5.0.4.jar
7f8946532000-7f8946534000 r--s 0000c000 08:01 34996792                   /root/.gradle/caches/jars-2/1laz1ygmxoc408r7nwqs1q8uk8r236d/asm-5.0.4.jar
7f8946534000-7f8946539000 r--s 0002c000 08:01 34477883                   /root/.gradle/caches/jars-2/3mlasgi8oo9o7oa12526198jui9zmp2/compilerCommon-2.3.3.jar
7f8946539000-7f894653a000 r--s 00002000 08:01 34477881                   /root/.gradle/caches/jars-2/73l309uzm0ila7rdaaxteq0ng4ayf2y/gradle-api-2.3.3.jar
7f894653a000-7f894653b000 r--s 00000000 08:01 34477879                   /root/.gradle/caches/jars-2/tlyajppf8woug00g686fx5mchf8iv3o/transform-api-2.0.0-deprecated-use-gradle-api.jar
7f894653b000-7f8946540000 r--s 0005e000 08:01 34477877                   /root/.gradle/caches/jars-2/k2xtosjt0in0zj7mpwvctw6iznt93uh/lint-25.3.3.jar
7f8946540000-7f894655f000 r--s 001ca000 08:01 34477873                   /root/.gradle/caches/jars-2/5fwyvjq1ai8mdh1mluqxidj1wo7rls8/gradle-core-2.3.3.jar
7f894655f000-7f8946561000 r--s 00007000 08:01 393249                     /root/.gradle/caches/modules-2/files-2.1/com.google.gms/google-services/3.1.0/166ae4e6acd03b7bbebe221ffa54bc039fece1b9/google-services-3.1.0.jar
7f8946561000-7f8946563000 r--s 0000d000 08:01 34477871                   /root/.gradle/caches/jars-2/mel54vauze7hczg2p6nebauqz8s53sj/gradle-2.3.3.jar
7f8946563000-7f8946566000 ---p 00000000 00:00 0 
7f8946566000-7f894659c000 rw-p 00000000 00:00 0 
7f894659c000-7f894659d000 r--p 00000000 00:00 0 
7f894659d000-7f894679d000 rw-p 00000000 00:00 0 
7f894679d000-7f894699d000 rw-p 00000000 00:00 0 
7f894699d000-7f89469a0000 ---p 00000000 00:00 0 
7f89469a0000-7f8946a9e000 rw-p 00000000 00:00 0 
7f8946a9e000-7f8946aa1000 ---p 00000000 00:00 0 
7f8946aa1000-7f8946b9f000 rw-p 00000000 00:00 0 
7f8946b9f000-7f8946ba2000 ---p 00000000 00:00 0 
7f8946ba2000-7f8946ca0000 rw-p 00000000 00:00 0 
7f8946ca0000-7f8946ca3000 ---p 00000000 00:00 0 
7f8946ca3000-7f8946fa1000 rw-p 00000000 00:00 0 
7f8946fa1000-7f8946fa4000 ---p 00000000 00:00 0 
7f8946fa4000-7f89470a2000 rw-p 00000000 00:00 0 
7f89470a2000-7f89470a5000 ---p 00000000 00:00 0 
7f89470a5000-7f89471a3000 rw-p 00000000 00:00 0 
7f89471a3000-7f89471aa000 r--s 00000000 08:01 11280200                   /usr/lib/x86_64-linux-gnu/gconv/gconv-modules.cache
7f89471aa000-7f89473aa000 rw-p 00000000 00:00 0 
7f89473aa000-7f89473ad000 ---p 00000000 00:00 0 
7f89473ad000-7f89474ab000 rw-p 00000000 00:00 0 
7f89474ab000-7f89474ae000 ---p 00000000 00:00 0 
7f89474ae000-7f89475ac000 rw-p 00000000 00:00 0 
7f89475ac000-7f89475b5000 r-xp 00000000 08:01 11144070                   /usr/local/java/jdk1.8.0_121/jre/lib/amd64/libmanagement.so
7f89475b5000-7f89477b4000 ---p 00009000 08:01 11144070                   /usr/local/java/jdk1.8.0_121/jre/lib/amd64/libmanagement.so
7f89477b4000-7f89477b5000 rw-p 00008000 08:01 11144070                   /usr/local/java/jdk1.8.0_121/jre/lib/amd64/libmanagement.so
7f89477b5000-7f89477b9000 r--s 0009a000 08:01 11143978                   /usr/local/java/jdk1.8.0_121/jre/lib/jsse.jar
7f89477b9000-7f89477bb000 r--s 00007000 08:01 34341942                   /root/.gradle/wrapper/dists/gradle-3.3-all/55gk2rcmfc6p2dg9u9ohc3hw9/gradle-3.3/lib/plugins/gradle-tooling-api-builders-3.3.jar
7f89477bb000-7f89477be000 r--s 00009000 08:01 34341935                   /root/.gradle/wrapper/dists/gradle-3.3-all/55gk2rcmfc6p2dg9u9ohc3hw9/gradle-3.3/lib/plugins/gradle-testing-native-3.3.jar
7f89477be000-7f89477c4000 r--s 00033000 08:01 34342010                   /root/.gradle/wrapper/dists/gradle-3.3-all/55gk2rcmfc6p2dg9u9ohc3hw9/gradle-3.3/lib/plugins/snakeyaml-1.6.jar
7f89477c4000-7f89477c6000 r--s 00006000 08:01 34342009                   /root/.gradle/wrapper/dists/gradle-3.3-all/55gk2rcmfc6p2dg9u9ohc3hw9/gradle-3.3/lib/plugins/jcommander-1.12.jar
7f89477c6000-7f89477cb000 r--s 00040000 08:01 34342008                   /root/.gradle/wrapper/dists/gradle-3.3-all/55gk2rcmfc6p2dg9u9ohc3hw9/gradle-3.3/lib/plugins/bsh-2.0b4.jar
7f89477cb000-7f89477cd000 r--s 00009000 08:01 34342016                   /root/.gradle/wrapper/dists/gradle-3.3-all/55gk2rcmfc6p2dg9u9ohc3hw9/gradle-3.3/lib/plugins/hamcrest-core-1.3.jar
7f89477cd000-7f89477d6000 r--s 00089000 08:01 34341967                   /root/.gradle/wrapper/dists/gradle-3.3-all/55gk2rcmfc6p2dg9u9ohc3hw9/gradle-3.3/lib/plugins/testng-6.3.1.jar
7f89477d6000-7f89477de000 r--s 00045000 08:01 34341966                   /root/.gradle/wrapper/dists/gradle-3.3-all/55gk2rcmfc6p2dg9u9ohc3hw9/gradle-3.3/lib/plugins/junit-4.12.jar
7f89477de000-7f89477e4000 r--s 0002e000 08:01 34341936                   /root/.gradle/wrapper/dists/gradle-3.3-all/55gk2rcmfc6p2dg9u9ohc3hw9/gradle-3.3/lib/plugins/gradle-testing-jvm-3.3.jar
7f89477e4000-7f89477e8000 r--s 00016000 08:01 34341934                   /root/.gradle/wrapper/dists/gradle-3.3-all/55gk2rcmfc6p2dg9u9ohc3hw9/gradle-3.3/lib/plugins/gradle-testing-base-3.3.jar
7f89477e8000-7f89477ef000 r--s 00038000 08:01 34341961                   /root/.gradle/wrapper/dists/gradle-3.3-all/55gk2rcmfc6p2dg9u9ohc3hw9/gradle-3.3/lib/plugins/bcpg-jdk15on-1.51.jar
7f89477ef000-7f89477f1000 r--s 0000c000 08:01 34341913                   /root/.gradle/wrapper/dists/gradle-3.3-all/55gk2rcmfc6p2dg9u9ohc3hw9/gradle-3.3/lib/plugins/gradle-signing-3.3.jar
7f89477f1000-7f89477f3000 r--s 00007000 08:01 34341912                   /root/.gradle/wrapper/dists/gradle-3.3-all/55gk2rcmfc6p2dg9u9ohc3hw9/gradle-3.3/lib/plugins/gradle-scala-3.3.jar
7f89477f3000-7f8947803000 r--s 00088000 08:01 34341977                   /root/.gradle/wrapper/dists/gradle-3.3-all/55gk2rcmfc6p2dg9u9ohc3hw9/gradle-3.3/lib/plugins/joda-time-2.8.2.jar
7f8947803000-7f8947814000 r--s 0010d000 08:01 34341976                   /root/.gradle/wrapper/dists/gradle-3.3-all/55gk2rcmfc6p2dg9u9ohc3hw9/gradle-3.3/lib/plugins/jackson-databind-2.6.6.jar
7f8947814000-7f8947817000 r--s 00009000 08:01 34341975                   /root/.gradle/wrapper/dists/gradle-3.3-all/55gk2rcmfc6p2dg9u9ohc3hw9/gradle-3.3/lib/plugins/jackson-annotations-2.6.6.jar
7f8947817000-7f894781b000 r--s 0003c000 08:01 34341974                   /root/.gradle/wrapper/dists/gradle-3.3-all/55gk2rcmfc6p2dg9u9ohc3hw9/gradle-3.3/lib/plugins/jackson-core-2.6.6.jar
7f894781b000-7f8947829000 r--s 00087000 08:01 34341973                   /root/.gradle/wrapper/dists/gradle-3.3-all/55gk2rcmfc6p2dg9u9ohc3hw9/gradle-3.3/lib/plugins/aws-java-sdk-core-1.11.6.jar
7f8947829000-7f8947830000 r--s 00057000 08:01 34341972                   /root/.gradle/wrapper/dists/gradle-3.3-all/55gk2rcmfc6p2dg9u9ohc3hw9/gradle-3.3/lib/plugins/aws-java-sdk-kms-1.11.6.jar
7f8947830000-7f894783d000 r--s 0008e000 08:01 34341971                   /root/.gradle/wrapper/dists/gradle-3.3-all/55gk2rcmfc6p2dg9u9ohc3hw9/gradle-3.3/lib/plugins/aws-java-sdk-s3-1.11.6.jar
7f894783d000-7f894783f000 r--s 00004000 08:01 34341941                   /root/.gradle/wrapper/dists/gradle-3.3-all/55gk2rcmfc6p2dg9u9ohc3hw9/gradle-3.3/lib/plugins/gradle-resources-s3-3.3.jar
7f894783f000-7f8947841000 r--s 00005000 08:01 34341965                   /root/.gradle/wrapper/dists/gradle-3.3-all/55gk2rcmfc6p2dg9u9ohc3hw9/gradle-3.3/lib/plugins/jatl-0.2.2.jar
7f8947841000-7f8947843000 r--s 0000f000 08:01 34341918                   /root/.gradle/wrapper/dists/gradle-3.3-all/55gk2rcmfc6p2dg9u9ohc3hw9/gradle-3.3/lib/plugins/gradle-reporting-3.3.jar
7f8947843000-7f8947845000 r--s 00002000 08:01 34341919                   /root/.gradle/wrapper/dists/gradle-3.3-all/55gk2rcmfc6p2dg9u9ohc3hw9/gradle-3.3/lib/plugins/gradle-publish-3.3.jar
7f8947845000-7f8947847000 r--s 00009000 08:01 34341948                   /root/.gradle/wrapper/dists/gradle-3.3-all/55gk2rcmfc6p2dg9u9ohc3hw9/gradle-3.3/lib/plugins/commons-cli-1.2.jar
7f8947847000-7f894784d000 r--s 00031000 08:01 34341904                   /root/.gradle/wrapper/dists/gradle-3.3-all/55gk2rcmfc6p2dg9u9ohc3hw9/gradle-3.3/lib/plugins/gradle-plugins-3.3.jar
7f894784d000-7f894784f000 r--s 00009000 08:01 34341937                   /root/.gradle/wrapper/dists/gradle-3.3-all/55gk2rcmfc6p2dg9u9ohc3hw9/gradle-3.3/lib/plugins/gradle-plugin-development-3.3.jar
7f894784f000-7f8947855000 r--s 0002b000 08:01 34341930                   /root/.gradle/wrapper/dists/gradle-3.3-all/55gk2rcmfc6p2dg9u9ohc3hw9/gradle-3.3/lib/plugins/gradle-platform-play-3.3.jar
7f8947855000-7f8947863000 r--s 00055000 08:01 34341929                   /root/.gradle/wrapper/dists/gradle-3.3-all/55gk2rcmfc6p2dg9u9ohc3hw9/gradle-3.3/lib/plugins/gradle-platform-native-3.3.jar
7f8947863000-7f8947879000 r-xp 00000000 08:01 4985220                    /lib/x86_64-linux-gnu/libgcc_s.so.1
7f8947879000-7f8947a78000 ---p 00016000 08:01 4985220                    /lib/x86_64-linux-gnu/libgcc_s.so.1
7f8947a78000-7f8947a79000 rw-p 00015000 08:01 4985220                    /lib/x86_64-linux-gnu/libgcc_s.so.1
7f8947a79000-7f8947beb000 r-xp 00000000 08:01 11012225                   /usr/lib/x86_64-linux-gnu/libstdc++.so.6.0.21
7f8947beb000-7f8947deb000 ---p 00172000 08:01 11012225                   /usr/lib/x86_64-linux-gnu/libstdc++.so.6.0.21
7f8947deb000-7f8947df5000 r--p 00172000 08:01 11012225                   /usr/lib/x86_64-linux-gnu/libstdc++.so.6.0.21
7f8947df5000-7f8947df7000 rw-p 0017c000 08:01 11012225                   /usr/lib/x86_64-linux-gnu/libstdc++.so.6.0.21
7f8947df7000-7f8947dfb000 rw-p 00000000 00:00 0 
7f8947dfb000-7f8947e00000 r-xp 00000000 08:01 34345271                   /root/.gradle/native/23/linux-amd64/libnative-platform.so
7f8947e00000-7f8947fff000 ---p 00005000 08:01 34345271                   /root/.gradle/native/23/linux-amd64/libnative-platform.so
7f8947fff000-7f8948000000 rw-p 00004000 08:01 34345271                   /root/.gradle/native/23/linux-amd64/libnative-platform.so
7f8948000000-7f8948021000 rw-p 00000000 00:00 0 
7f8948021000-7f894c000000 ---p 00000000 00:00 0 
7f894c000000-7f894c021000 rw-p 00000000 00:00 0 
7f894c021000-7f8950000000 ---p 00000000 00:00 0 
7f8950000000-7f8951f1a000 rw-p 00000000 00:00 0 
7f8951f1a000-7f8954000000 ---p 00000000 00:00 0 
7f8954000000-7f8954e0b000 rw-p 00000000 00:00 0 
7f8954e0b000-7f8958000000 ---p 00000000 00:00 0 
7f8958000000-7f8958021000 rw-p 00000000 00:00 0 
7f8958021000-7f895c000000 ---p 00000000 00:00 0 
7f895c000000-7f895e711000 rw-p 00000000 00:00 0 
7f895e711000-7f8960000000 ---p 00000000 00:00 0 
7f8960000000-7f8960021000 rw-p 00000000 00:00 0 
7f8960021000-7f8964000000 ---p 00000000 00:00 0 
7f8964000000-7f8964021000 rw-p 00000000 00:00 0 
7f8964021000-7f8968000000 ---p 00000000 00:00 0 
7f8968000000-7f8968021000 rw-p 00000000 00:00 0 
7f8968021000-7f896c000000 ---p 00000000 00:00 0 
7f896c000000-7f896c053000 rw-p 00000000 00:00 0 
7f896c053000-7f8970000000 ---p 00000000 00:00 0 
7f8970000000-7f8970021000 rw-p 00000000 00:00 0 
7f8970021000-7f8974000000 ---p 00000000 00:00 0 
7f8974000000-7f8974001000 r--s 00004000 08:01 34341940                   /root/.gradle/wrapper/dists/gradle-3.3-all/55gk2rcmfc6p2dg9u9ohc3hw9/gradle-3.3/lib/plugins/gradle-resources-sftp-3.3.jar
7f8974001000-7f8974006000 r--s 0001f000 08:01 34341924                   /root/.gradle/wrapper/dists/gradle-3.3-all/55gk2rcmfc6p2dg9u9ohc3hw9/gradle-3.3/lib/plugins/gradle-platform-jvm-3.3.jar
7f8974006000-7f897400e000 r--s 00027000 08:01 34341923                   /root/.gradle/wrapper/dists/gradle-3.3-all/55gk2rcmfc6p2dg9u9ohc3hw9/gradle-3.3/lib/plugins/gradle-platform-base-3.3.jar
7f897400e000-7f8974036000 r--s 0021c000 08:01 34341956                   /root/.gradle/wrapper/dists/gradle-3.3-all/55gk2rcmfc6p2dg9u9ohc3hw9/gradle-3.3/lib/plugins/biz.aQute.bndlib-3.2.0.jar
7f8974036000-7f8974038000 r--s 00003000 08:01 34341908                   /root/.gradle/wrapper/dists/gradle-3.3-all/55gk2rcmfc6p2dg9u9ohc3hw9/gradle-3.3/lib/plugins/gradle-osgi-3.3.jar
7f8974038000-7f897403b000 r--s 0000c000 08:01 34341959                   /root/.gradle/wrapper/dists/gradle-3.3-all/55gk2rcmfc6p2dg9u9ohc3hw9/gradle-3.3/lib/plugins/pmaven-groovy-0.8-20100325.jar
7f897403b000-7f897403c000 r--s 00004000 08:01 34341958                   /root/.gradle/wrapper/dists/gradle-3.3-all/55gk2rcmfc6p2dg9u9ohc3hw9/gradle-3.3/lib/plugins/pmaven-common-0.8-20100325.jar
7f897403c000-7f8974042000 r--s 00023000 08:01 34341909                   /root/.gradle/wrapper/dists/gradle-3.3-all/55gk2rcmfc6p2dg9u9ohc3hw9/gradle-3.3/lib/plugins/gradle-maven-3.3.jar
7f8974042000-7f8974045000 r--s 0000b000 08:01 34341928                   /root/.gradle/wrapper/dists/gradle-3.3-all/55gk2rcmfc6p2dg9u9ohc3hw9/gradle-3.3/lib/plugins/gradle-language-scala-3.3.jar
7f8974045000-7f897404b000 r--s 0001a000 08:01 34341932                   /root/.gradle/wrapper/dists/gradle-3.3-all/55gk2rcmfc6p2dg9u9ohc3hw9/gradle-3.3/lib/plugins/gradle-language-native-3.3.jar
7f897404b000-7f897404e000 r--s 00005000 08:01 34341925                   /root/.gradle/wrapper/dists/gradle-3.3-all/55gk2rcmfc6p2dg9u9ohc3hw9/gradle-3.3/lib/plugins/gradle-language-jvm-3.3.jar
7f897404e000-7f8974054000 r--s 00027000 08:01 34341926                   /root/.gradle/wrapper/dists/gradle-3.3-all/55gk2rcmfc6p2dg9u9ohc3hw9/gradle-3.3/lib/plugins/gradle-language-java-3.3.jar
7f8974054000-7f8974056000 r--s 0000a000 08:01 34341927                   /root/.gradle/wrapper/dists/gradle-3.3-all/55gk2rcmfc6p2dg9u9ohc3hw9/gradle-3.3/lib/plugins/gradle-language-groovy-3.3.jar
7f8974056000-7f8974059000 r--s 0001e000 08:01 34341983                   /root/.gradle/wrapper/dists/gradle-3.3-all/55gk2rcmfc6p2dg9u9ohc3hw9/gradle-3.3/lib/plugins/jsp-api-2.1-6.1.14.jar
7f8974059000-7f897407c000 r--s 00344000 08:01 34341982                   /root/.gradle/wrapper/dists/gradle-3.3-all/55gk2rcmfc6p2dg9u9ohc3hw9/gradle-3.3/lib/plugins/core-3.1.1.jar
7f897407c000-7f897407d000 r--s 00006000 08:01 34341981                   /root/.gradle/wrapper/dists/gradle-3.3-all/55gk2rcmfc6p2dg9u9ohc3hw9/gradle-3.3/lib/plugins/jetty-naming-6.1.26.jar
7f897407d000-7f897407e000 r--s 00002000 08:01 34341955                   /root/.gradle/wrapper/dists/gradle-3.3-all/55gk2rcmfc6p2dg9u9ohc3hw9/gradle-3.3/lib/plugins/geronimo-annotation_1.0_spec-1.0.jar
7f897407e000-7f8974080000 r--s 00002000 08:01 34341954                   /root/.gradle/wrapper/dists/gradle-3.3-all/55gk2rcmfc6p2dg9u9ohc3hw9/gradle-3.3/lib/plugins/jetty-annotations-6.1.26.jar
7f8974080000-7f8974091000 r--s 000ea000 08:01 34341953                   /root/.gradle/wrapper/dists/gradle-3.3-all/55gk2rcmfc6p2dg9u9ohc3hw9/gradle-3.3/lib/plugins/jsp-2.1-6.1.14.jar
7f8974091000-7f8974093000 r--s 0000d000 08:01 34341952                   /root/.gradle/wrapper/dists/gradle-3.3-all/55gk2rcmfc6p2dg9u9ohc3hw9/gradle-3.3/lib/plugins/jetty-plus-6.1.26.jar
7f8974093000-7f8974095000 r--s 0001f000 08:01 34341951                   /root/.gradle/wrapper/dists/gradle-3.3-all/55gk2rcmfc6p2dg9u9ohc3hw9/gradle-3.3/lib/plugins/servlet-api-2.5-20081211.jar
7f8974095000-7f8974099000 r--s 00028000 08:01 34341950                   /root/.gradle/wrapper/dists/gradle-3.3-all/55gk2rcmfc6p2dg9u9ohc3hw9/gradle-3.3/lib/plugins/jetty-util-6.1.26.jar
7f8974099000-7f89740a0000 r--s 0007d000 08:01 34341949                   /root/.gradle/wrapper/dists/gradle-3.3-all/55gk2rcmfc6p2dg9u9ohc3hw9/gradle-3.3/lib/plugins/jetty-6.1.26.jar
7f89740a0000-7f89740a2000 r--s 0000a000 08:01 34341906                   /root/.gradle/wrapper/dists/gradle-3.3-all/55gk2rcmfc6p2dg9u9ohc3hw9/gradle-3.3/lib/plugins/gradle-jetty-3.3.jar
7f89740a2000-7f89740a9000 r--s 00035000 08:01 34341964                   /root/.gradle/wrapper/dists/gradle-3.3-all/55gk2rcmfc6p2dg9u9ohc3hw9/gradle-3.3/lib/plugins/simple-4.1.21.jar
7f89740a9000-7f89740b5000 r--s 00100000 08:01 34341962                   /root/.gradle/wrapper/dists/gradle-3.3-all/55gk2rcmfc6p2dg9u9ohc3hw9/gradle-3.3/lib/plugins/rhino-1.7R3.jar
7f89740b5000-7f89740b9000 r--s 00012000 08:01 34341915                   /root/.gradle/wrapper/dists/gradle-3.3-all/55gk2rcmfc6p2dg9u9ohc3hw9/gradle-3.3/lib/plugins/gradle-javascript-3.3.jar
7f89740b9000-7f89740bb000 r--s 0000d000 08:01 34341921                   /root/.gradle/wrapper/dists/gradle-3.3-all/55gk2rcmfc6p2dg9u9ohc3hw9/gradle-3.3/lib/plugins/gradle-jacoco-3.3.jar
7f89740bb000-7f89740be000 r--s 0000e000 08:01 34341920                   /root/.gradle/wrapper/dists/gradle-3.3-all/55gk2rcmfc6p2dg9u9ohc3hw9/gradle-3.3/lib/plugins/gradle-ivy-3.3.jar
7f89740be000-7f89740bf000 r--s 00002000 08:01 34341931                   /root/.gradle/wrapper/dists/gradle-3.3-all/55gk2rcmfc6p2dg9u9ohc3hw9/gradle-3.3/lib/plugins/gradle-ide-play-3.3.jar
7f89740bf000-7f89740c2000 r--s 00013000 08:01 34341933                   /root/.gradle/wrapper/dists/gradle-3.3-all/55gk2rcmfc6p2dg9u9ohc3hw9/gradle-3.3/lib/plugins/gradle-ide-native-3.3.jar
7f89740c2000-7f89740cb000 r--s 00055000 08:01 34341910                   /root/.gradle/wrapper/dists/gradle-3.3-all/55gk2rcmfc6p2dg9u9ohc3hw9/gradle-3.3/lib/plugins/gradle-ide-3.3.jar
7f89740cb000-7f89740cd000 r--s 00007000 08:01 34341914                   /root/.gradle/wrapper/dists/gradle-3.3-all/55gk2rcmfc6p2dg9u9ohc3hw9/gradle-3.3/lib/plugins/gradle-ear-3.3.jar
7f89740cd000-7f89740d3000 r--s 00039000 08:01 34341917                   /root/.gradle/wrapper/dists/gradle-3.3-all/55gk2rcmfc6p2dg9u9ohc3hw9/gradle-3.3/lib/plugins/gradle-diagnostics-3.3.jar
7f89740d3000-7f89740d4000 r--s 00009000 08:01 34341943                   /root/.gradle/wrapper/dists/gradle-3.3-all/55gk2rcmfc6p2dg9u9ohc3hw9/gradle-3.3/lib/plugins/gradle-composite-builds-3.3.jar
7f89740d4000-7f89740d8000 r--s 00023000 08:01 34341905                   /root/.gradle/wrapper/dists/gradle-3.3-all/55gk2rcmfc6p2dg9u9ohc3hw9/gradle-3.3/lib/plugins/gradle-code-quality-3.3.jar
7f89740d8000-7f89740dc000 r--s 00022000 08:01 34341922                   /root/.gradle/wrapper/dists/gradle-3.3-all/55gk2rcmfc6p2dg9u9ohc3hw9/gradle-3.3/lib/plugins/gradle-build-init-3.3.jar
7f89740dc000-7f89740e2000 r--s 0008e000 08:01 34341916                   /root/.gradle/wrapper/dists/gradle-3.3-all/55gk2rcmfc6p2dg9u9ohc3hw9/gradle-3.3/lib/plugins/gradle-build-comparison-3.3.jar
7f89740e2000-7f89740e3000 r--s 00001000 08:01 34341944                   /root/.gradle/wrapper/dists/gradle-3.3-all/55gk2rcmfc6p2dg9u9ohc3hw9/gradle-3.3/lib/plugins/gradle-build-cache-http-3.3.jar
7f89740e3000-7f89740e5000 r--s 00008000 08:01 34341907                   /root/.gradle/wrapper/dists/gradle-3.3-all/55gk2rcmfc6p2dg9u9ohc3hw9/gradle-3.3/lib/plugins/gradle-antlr-3.3.jar
7f89740e5000-7f89740e7000 r--s 00004000 08:01 34341911                   /root/.gradle/wrapper/dists/gradle-3.3-all/55gk2rcmfc6p2dg9u9ohc3hw9/gradle-3.3/lib/plugins/gradle-announce-3.3.jar
7f89740e7000-7f89740ff000 r--s 00115000 08:01 34342013                   /root/.gradle/wrapper/dists/gradle-3.3-all/55gk2rcmfc6p2dg9u9ohc3hw9/gradle-3.3/lib/plugins/xercesImpl-2.9.1.jar
7f89740ff000-7f8974107000 r--s 00028000 08:01 34342014                   /root/.gradle/wrapper/dists/gradle-3.3-all/55gk2rcmfc6p2dg9u9ohc3hw9/gradle-3.3/lib/plugins/xml-apis-1.3.04.jar
7f8974107000-7f897410d000 r--s 0005b000 08:01 34342012                   /root/.gradle/wrapper/dists/gradle-3.3-all/55gk2rcmfc6p2dg9u9ohc3hw9/gradle-3.3/lib/plugins/jcifs-1.3.17.jar
7f897410d000-7f8974113000 r--s 00033000 08:01 34341960                   /root/.gradle/wrapper/dists/gradle-3.3-all/55gk2rcmfc6p2dg9u9ohc3hw9/gradle-3.3/lib/plugins/commons-codec-1.6.jar
7f8974113000-7f897411a000 r--s 00049000 08:01 34342011                   /root/.gradle/wrapper/dists/gradle-3.3-all/55gk2rcmfc6p2dg9u9ohc3hw9/gradle-3.3/lib/plugins/httpcore-4.4.4.jar
7f897411a000-7f897411d000 r--s 0001c000 08:01 34341969                   /root/.gradle/wrapper/dists/gradle-3.3-all/55gk2rcmfc6p2dg9u9ohc3hw9/gradle-3.3/lib/plugins/nekohtml-1.9.14.jar
7f897411d000-7f897412a000 r--s 000a4000 08:01 34341968                   /root/.gradle/wrapper/dists/gradle-3.3-all/55gk2rcmfc6p2dg9u9ohc3hw9/gradle-3.3/lib/plugins/httpclient-4.4.1.jar
7f897412a000-7f897412d000 r--s 0000a000 08:01 34341939                   /root/.gradle/wrapper/dists/gradle-3.3-all/55gk2rcmfc6p2dg9u9ohc3hw9/gradle-3.3/lib/plugins/gradle-resources-http-3.3.jar
7f897412d000-7f8974131000 r--s 00015000 08:01 34341938                   /root/.gradle/wrapper/dists/gradle-3.3-all/55gk2rcmfc6p2dg9u9ohc3hw9/gradle-3.3/lib/plugins/gradle-plugin-use-3.3.jar
7f8974131000-7f8974132000 r--s 00000000 08:01 34341850                   /root/.gradle/wrapper/dists/gradle-3.3-all/55gk2rcmfc6p2dg9u9ohc3hw9/gradle-3.3/lib/gradle-installation-beacon-3.3.jar
7f8974132000-7f8974134000 r--s 00006000 08:01 34342007                   /root/.gradle/wrapper/dists/gradle-3.3-all/55gk2rcmfc6p2dg9u9ohc3hw9/gradle-3.3/lib/plugins/aether-connector-wagon-1.13.1.jar
7f8974134000-7f8974138000 r--s 0001c000 08:01 34342006                   /root/.gradle/wrapper/dists/gradle-3.3-all/55gk2rcmfc6p2dg9u9ohc3hw9/gradle-3.3/lib/plugins/aether-util-1.13.1.jar
7f8974138000-7f8974139000 r--s 00003000 08:01 34342005                   /root/.gradle/wrapper/dists/gradle-3.3-all/55gk2rcmfc6p2dg9u9ohc3hw9/gradle-3.3/lib/plugins/aether-spi-1.13.1.jar
7f8974139000-7f897413c000 r--s 0001d000 08:01 34342004                   /root/.gradle/wrapper/dists/gradle-3.3-all/55gk2rcmfc6p2dg9u9ohc3hw9/gradle-3.3/lib/plugins/aether-impl-1.13.1.jar
7f897413c000-7f897413f000 r--s 00013000 08:01 34342003                   /root/.gradle/wrapper/dists/gradle-3.3-all/55gk2rcmfc6p2dg9u9ohc3hw9/gradle-3.3/lib/plugins/aether-api-1.13.1.jar
7f897413f000-7f8974140000 r--s 00007000 08:01 34342002                   /root/.gradle/wrapper/dists/gradle-3.3-all/55gk2rcmfc6p2dg9u9ohc3hw9/gradle-3.3/lib/plugins/wagon-http-shared4-2.4.jar
7f8974140000-7f8974142000 r--s 0000b000 08:01 34342001                   /root/.gradle/wrapper/dists/gradle-3.3-all/55gk2rcmfc6p2dg9u9ohc3hw9/gradle-3.3/lib/plugins/wagon-provider-api-2.4.jar
7f8974142000-7f8974143000 r--s 00002000 08:01 34342000                   /root/.gradle/wrapper/dists/gradle-3.3-all/55gk2rcmfc6p2dg9u9ohc3hw9/gradle-3.3/lib/plugins/wagon-http-2.4.jar
7f8974143000-7f8974144000 r--s 00002000 08:01 34341999                   /root/.gradle/wrapper/dists/gradle-3.3-all/55gk2rcmfc6p2dg9u9ohc3hw9/gradle-3.3/lib/plugins/wagon-file-2.4.jar
7f8974144000-7f8974146000 r--s 0000c000 08:01 34341998                   /root/.gradle/wrapper/dists/gradle-3.3-all/55gk2rcmfc6p2dg9u9ohc3hw9/gradle-3.3/lib/plugins/maven-aether-provider-3.0.4.jar
7f8974146000-7f8974148000 r--s 0000b000 08:01 34341997                   /root/.gradle/wrapper/dists/gradle-3.3-all/55gk2rcmfc6p2dg9u9ohc3hw9/gradle-3.3/lib/plugins/maven-plugin-api-3.0.4.jar
7f8974148000-7f897414a000 r--s 00006000 08:01 34341996                   /root/.gradle/wrapper/dists/gradle-3.3-all/55gk2rcmfc6p2dg9u9ohc3hw9/gradle-3.3/lib/plugins/maven-repository-metadata-3.0.4.jar
7f897414a000-7f897414c000 r--s 0000b000 08:01 34341995                   /root/.gradle/wrapper/dists/gradle-3.3-all/55gk2rcmfc6p2dg9u9ohc3hw9/gradle-3.3/lib/plugins/maven-artifact-3.0.4.jar
7f897414c000-7f897414e000 r--s 00026000 08:01 34341994                   /root/.gradle/wrapper/dists/gradle-3.3-all/55gk2rcmfc6p2dg9u9ohc3hw9/gradle-3.3/lib/plugins/maven-model-3.0.4.jar
7f897414e000-7f8974152000 r--s 00021000 08:01 34341993                   /root/.gradle/wrapper/dists/gradle-3.3-all/55gk2rcmfc6p2dg9u9ohc3hw9/gradle-3.3/lib/plugins/maven-model-builder-3.0.4.jar
7f8974152000-7f8974158000 r--s 0003f000 08:01 34341992                   /root/.gradle/wrapper/dists/gradle-3.3-all/55gk2rcmfc6p2dg9u9ohc3hw9/gradle-3.3/lib/plugins/maven-compat-3.0.4.jar
7f8974158000-7f8974159000 r--s 00006000 08:01 34341991                   /root/.gradle/wrapper/dists/gradle-3.3-all/55gk2rcmfc6p2dg9u9ohc3hw9/gradle-3.3/lib/plugins/plexus-sec-dispatcher-1.3.jar
7f8974159000-7f897415b000 r--s 00002000 08:01 34341990                   /root/.gradle/wrapper/dists/gradle-3.3-all/55gk2rcmfc6p2dg9u9ohc3hw9/gradle-3.3/lib/plugins/plexus-cipher-1.7.jar
7f897415b000-7f897415d000 r--s 0000a000 08:01 34341989                   /root/.gradle/wrapper/dists/gradle-3.3-all/55gk2rcmfc6p2dg9u9ohc3hw9/gradle-3.3/lib/plugins/plexus-classworlds-2.4.jar
7f897415d000-7f8974164000 r--s 0002e000 08:01 34341988                   /root/.gradle/wrapper/dists/gradle-3.3-all/55gk2rcmfc6p2dg9u9ohc3hw9/gradle-3.3/lib/plugins/plexus-container-default-1.5.5.jar
7f8974164000-7f8974166000 r--s 00000000 08:01 34342015                   /root/.gradle/wrapper/dists/gradle-3.3-all/55gk2rcmfc6p2dg9u9ohc3hw9/gradle-3.3/lib/plugins/plexus-component-annotations-1.5.5.jar
7f8974166000-7f8974168000 r--s 0000d000 08:01 34341987                   /root/.gradle/wrapper/dists/gradle-3.3-all/55gk2rcmfc6p2dg9u9ohc3hw9/gradle-3.3/lib/plugins/plexus-interpolation-1.14.jar
7f8974168000-7f897416c000 r--s 00033000 08:01 34341986                   /root/.gradle/wrapper/dists/gradle-3.3-all/55gk2rcmfc6p2dg9u9ohc3hw9/gradle-3.3/lib/plugins/plexus-utils-2.0.6.jar
7f897416c000-7f897416f000 r--s 00008000 08:01 34341985                   /root/.gradle/wrapper/dists/gradle-3.3-all/55gk2rcmfc6p2dg9u9ohc3hw9/gradle-3.3/lib/plugins/maven-settings-builder-3.0.4.jar
7f897416f000-7f8974171000 r--s 0000a000 08:01 34341984                   /root/.gradle/wrapper/dists/gradle-3.3-all/55gk2rcmfc6p2dg9u9ohc3hw9/gradle-3.3/lib/plugins/maven-settings-3.0.4.jar
7f8974171000-7f8974176000 r--s 00040000 08:01 34341970                   /root/.gradle/wrapper/dists/gradle-3.3-all/55gk2rcmfc6p2dg9u9ohc3hw9/gradle-3.3/lib/plugins/jsch-0.1.53.jar
7f8974176000-7f89741b6000 r--s 00277000 08:01 34341980                   /root/.gradle/wrapper/dists/gradle-3.3-all/55gk2rcmfc6p2dg9u9ohc3hw9/gradle-3.3/lib/plugins/bcprov-jdk15on-1.51.jar
7f89741b6000-7f89741ba000 r--s 0001d000 08:01 34341979                   /root/.gradle/wrapper/dists/gradle-3.3-all/55gk2rcmfc6p2dg9u9ohc3hw9/gradle-3.3/lib/plugins/xbean-reflect-3.4.jar
7f89741ba000-7f89741c6000 r--s 0007d000 08:01 34341957                   /root/.gradle/wrapper/dists/gradle-3.3-all/55gk2rcmfc6p2dg9u9ohc3hw9/gradle-3.3/lib/plugins/maven-core-3.0.4.jar
7f89741c6000-7f89741cb000 r--s 00034000 08:01 34341963                   /root/.gradle/wrapper/dists/gradle-3.3-all/55gk2rcmfc6p2dg9u9ohc3hw9/gradle-3.3/lib/plugins/gson-2.7.jar
7f89741cb000-7f89741da000 r--s 000d9000 08:01 34341978                   /root/.gradle/wrapper/dists/gradle-3.3-all/55gk2rcmfc6p2dg9u9ohc3hw9/gradle-3.3/lib/plugins/ivy-2.2.0.jar
7f89741da000-7f89741f9000 r--s 000f6000 08:01 34341946                   /root/.gradle/wrapper/dists/gradle-3.3-all/55gk2rcmfc6p2dg9u9ohc3hw9/gradle-3.3/lib/plugins/gradle-dependency-management-3.3.jar
7f89741f9000-7f89741fb000 r--s 00005000 08:01 34341945                   /root/.gradle/wrapper/dists/gradle-3.3-all/55gk2rcmfc6p2dg9u9ohc3hw9/gradle-3.3/lib/plugins/gradle-workers-3.3.jar
7f89741fb000-7f897420c000 r-xp 00000000 08:01 11144059                   /usr/local/java/jdk1.8.0_121/jre/lib/amd64/libnio.so
7f897420c000-7f897440b000 ---p 00011000 08:01 11144059                   /usr/local/java/jdk1.8.0_121/jre/lib/amd64/libnio.so
7f897440b000-7f897440c000 rw-p 00010000 08:01 11144059                   /usr/local/java/jdk1.8.0_121/jre/lib/amd64/libnio.so
7f897440c000-7f897740d000 rw-p 00000000 00:00 0 
7f897740d000-7f8977423000 r-xp 00000000 08:01 11144034                   /usr/local/java/jdk1.8.0_121/jre/lib/amd64/libnet.so
7f8977423000-7f8977623000 ---p 00016000 08:01 11144034                   /usr/local/java/jdk1.8.0_121/jre/lib/amd64/libnet.so
7f8977623000-7f8977624000 rw-p 00016000 08:01 11144034                   /usr/local/java/jdk1.8.0_121/jre/lib/amd64/libnet.so
7f8977624000-7f8977631000 r--s 00041000 08:01 34341856                   /root/.gradle/wrapper/dists/gradle-3.3-all/55gk2rcmfc6p2dg9u9ohc3hw9/gradle-3.3/lib/gradle-tooling-api-3.3.jar
7f8977631000-7f8977633000 r--s 00002000 08:01 34341876                   /root/.gradle/wrapper/dists/gradle-3.3-all/55gk2rcmfc6p2dg9u9ohc3hw9/gradle-3.3/lib/gradle-open-api-3.3.jar
7f8977633000-7f8977639000 r--s 00032000 08:01 34341878                   /root/.gradle/wrapper/dists/gradle-3.3-all/55gk2rcmfc6p2dg9u9ohc3hw9/gradle-3.3/lib/jaxen-1.1.jar
7f8977639000-7f897763e000 r--s 00048000 08:01 34341877                   /root/.gradle/wrapper/dists/gradle-3.3-all/55gk2rcmfc6p2dg9u9ohc3hw9/gradle-3.3/lib/dom4j-1.6.1.jar
7f897763e000-7f8977649000 r--s 00059000 08:01 34341855                   /root/.gradle/wrapper/dists/gradle-3.3-all/55gk2rcmfc6p2dg9u9ohc3hw9/gradle-3.3/lib/gradle-ui-3.3.jar
7f8977649000-7f8977652000 r--s 0008c000 08:01 34341847                   /root/.gradle/wrapper/dists/gradle-3.3-all/55gk2rcmfc6p2dg9u9ohc3hw9/gradle-3.3/lib/kotlin-stdlib-1.1-M02.jar
7f8977652000-7f8977658000 r--s 0002a000 08:01 34341846                   /root/.gradle/wrapper/dists/gradle-3.3-all/55gk2rcmfc6p2dg9u9ohc3hw9/gradle-3.3/lib/kotlin-runtime-1.1-M02.jar
7f8977658000-7f897768c000 r--s 00256000 08:01 34341845                   /root/.gradle/wrapper/dists/gradle-3.3-all/55gk2rcmfc6p2dg9u9ohc3hw9/gradle-3.3/lib/kotlin-reflect-1.1-M02.jar
7f897768c000-7f8977822000 r--s 0157e000 08:01 34341844                   /root/.gradle/wrapper/dists/gradle-3.3-all/55gk2rcmfc6p2dg9u9ohc3hw9/gradle-3.3/lib/kotlin-compiler-embeddable-1.1-M02.jar
7f8977822000-7f8977823000 ---p 00000000 00:00 0 
7f8977823000-7f8977923000 rw-p 00000000 00:00 0 
7f8977923000-7f8977926000 ---p 00000000 00:00 0 
7f8977926000-7f8977a24000 rw-p 00000000 00:00 0 
7f8977a24000-7f8977a27000 ---p 00000000 00:00 0 
7f8977a27000-7f8977b25000 rw-p 00000000 00:00 0 
7f8977b25000-7f8977b28000 ---p 00000000 00:00 0 
7f8977b28000-7f8977c26000 rw-p 00000000 00:00 0 
7f8977c26000-7f8977c29000 ---p 00000000 00:00 0 
7f8977c29000-7f8977d27000 rw-p 00000000 00:00 0 
7f8977d27000-7f8978000000 r--p 00000000 08:01 11010498                   /usr/lib/locale/locale-archive
7f8978000000-7f89782a9000 rw-p 00000000 00:00 0 
7f89782a9000-7f897c000000 ---p 00000000 00:00 0 
7f897c000000-7f897c001000 r--s 00006000 08:01 34341849                   /root/.gradle/wrapper/dists/gradle-3.3-all/55gk2rcmfc6p2dg9u9ohc3hw9/gradle-3.3/lib/gradle-wrapper-3.3.jar
7f897c001000-7f897c009000 r--s 0004e000 08:01 34341843                   /root/.gradle/wrapper/dists/gradle-3.3-all/55gk2rcmfc6p2dg9u9ohc3hw9/gradle-3.3/lib/gradle-script-kotlin-0.5.1.jar
7f897c009000-7f897c00c000 r--s 0000b000 08:01 34341874                   /root/.gradle/wrapper/dists/gradle-3.3-all/55gk2rcmfc6p2dg9u9ohc3hw9/gradle-3.3/lib/gradle-resources-3.3.jar
7f897c00c000-7f897c00e000 r--s 00003000 08:01 34341883                   /root/.gradle/wrapper/dists/gradle-3.3-all/55gk2rcmfc6p2dg9u9ohc3hw9/gradle-3.3/lib/jcl-over-slf4j-1.7.10.jar
7f897c00e000-7f897c00f000 r--s 00005000 08:01 34341882                   /root/.gradle/wrapper/dists/gradle-3.3-all/55gk2rcmfc6p2dg9u9ohc3hw9/gradle-3.3/lib/log4j-over-slf4j-1.7.10.jar
7f897c00f000-7f897c011000 r--s 00000000 08:01 34341881                   /root/.gradle/wrapper/dists/gradle-3.3-all/55gk2rcmfc6p2dg9u9ohc3hw9/gradle-3.3/lib/jul-to-slf4j-1.7.10.jar
7f897c011000-7f897c016000 r--s 0001e000 08:01 34341858                   /root/.gradle/wrapper/dists/gradle-3.3-all/55gk2rcmfc6p2dg9u9ohc3hw9/gradle-3.3/lib/gradle-logging-3.3.jar
7f897c016000-7f897c018000 r--s 00007000 08:01 34341902                   /root/.gradle/wrapper/dists/gradle-3.3-all/55gk2rcmfc6p2dg9u9ohc3hw9/gradle-3.3/lib/objenesis-1.2.jar
7f897c018000-7f897c01a000 r--s 00000000 08:01 34341901                   /root/.gradle/wrapper/dists/gradle-3.3-all/55gk2rcmfc6p2dg9u9ohc3hw9/gradle-3.3/lib/minlog-1.2.jar
7f897c01a000-7f897c01c000 r--s 0000f000 08:01 34341900                   /root/.gradle/wrapper/dists/gradle-3.3-all/55gk2rcmfc6p2dg9u9ohc3hw9/gradle-3.3/lib/reflectasm-1.07-shaded.jar
7f897c01c000-7f897c020000 r--s 00026000 08:01 34341885                   /root/.gradle/wrapper/dists/gradle-3.3-all/55gk2rcmfc6p2dg9u9ohc3hw9/gradle-3.3/lib/kryo-2.20.jar
7f897c020000-7f897c026000 r--s 00027000 08:01 34341873                   /root/.gradle/wrapper/dists/gradle-3.3-all/55gk2rcmfc6p2dg9u9ohc3hw9/gradle-3.3/lib/gradle-messaging-3.3.jar
7f897c026000-7f897c027000 r--s 00001000 08:01 34341899                   /root/.gradle/wrapper/dists/gradle-3.3-all/55gk2rcmfc6p2dg9u9ohc3hw9/gradle-3.3/lib/native-platform-linux-i386-ncurses6-0.12.jar
7f897c027000-7f897c028000 r--s 00001000 08:01 34341898                   /root/.gradle/wrapper/dists/gradle-3.3-all/55gk2rcmfc6p2dg9u9ohc3hw9/gradle-3.3/lib/native-platform-linux-i386-ncurses5-0.12.jar
7f897c028000-7f897c029000 r--s 00001000 08:01 34341897                   /root/.gradle/wrapper/dists/gradle-3.3-all/55gk2rcmfc6p2dg9u9ohc3hw9/gradle-3.3/lib/native-platform-linux-amd64-ncurses6-0.12.jar
7f897c029000-7f897c02a000 r--s 00001000 08:01 34341896                   /root/.gradle/wrapper/dists/gradle-3.3-all/55gk2rcmfc6p2dg9u9ohc3hw9/gradle-3.3/lib/native-platform-linux-amd64-ncurses5-0.12.jar
7f897c02a000-7f897c02b000 r--s 0000b000 08:01 34341895                   /root/.gradle/wrapper/dists/gradle-3.3-all/55gk2rcmfc6p2dg9u9ohc3hw9/gradle-3.3/lib/native-platform-windows-i386-0.12.jar
7f897c02b000-7f897c02d000 r--s 0000b000 08:01 34341894                   /root/.gradle/wrapper/dists/gradle-3.3-all/55gk2rcmfc6p2dg9u9ohc3hw9/gradle-3.3/lib/native-platform-windows-amd64-0.12.jar
7f897c02d000-7f897c02f000 r--s 00002000 08:01 34341893                   /root/.gradle/wrapper/dists/gradle-3.3-all/55gk2rcmfc6p2dg9u9ohc3hw9/gradle-3.3/lib/native-platform-osx-i386-0.12.jar
7f897c02f000-7f897c030000 r--s 00002000 08:01 34341892                   /root/.gradle/wrapper/dists/gradle-3.3-all/55gk2rcmfc6p2dg9u9ohc3hw9/gradle-3.3/lib/native-platform-osx-amd64-0.12.jar
7f897c030000-7f897c031000 r--s 00002000 08:01 34341891                   /root/.gradle/wrapper/dists/gradle-3.3-all/55gk2rcmfc6p2dg9u9ohc3hw9/gradle-3.3/lib/native-platform-linux-i386-0.12.jar
7f897c031000-7f897c032000 r--s 00002000 08:01 34341890                   /root/.gradle/wrapper/dists/gradle-3.3-all/55gk2rcmfc6p2dg9u9ohc3hw9/gradle-3.3/lib/native-platform-linux-amd64-0.12.jar
7f897c032000-7f897c033000 r--s 00003000 08:01 34341889                   /root/.gradle/wrapper/dists/gradle-3.3-all/55gk2rcmfc6p2dg9u9ohc3hw9/gradle-3.3/lib/native-platform-freebsd-i386-libstdcpp-0.12.jar
7f897c033000-7f897c034000 r--s 00004000 08:01 34341888                   /root/.gradle/wrapper/dists/gradle-3.3-all/55gk2rcmfc6p2dg9u9ohc3hw9/gradle-3.3/lib/native-platform-freebsd-i386-libcpp-0.12.jar
7f897c034000-7f897c036000 r--s 00003000 08:01 34341887                   /root/.gradle/wrapper/dists/gradle-3.3-all/55gk2rcmfc6p2dg9u9ohc3hw9/gradle-3.3/lib/native-platform-freebsd-amd64-libstdcpp-0.12.jar
7f897c036000-7f897c037000 r--s 00004000 08:01 34341886                   /root/.gradle/wrapper/dists/gradle-3.3-all/55gk2rcmfc6p2dg9u9ohc3hw9/gradle-3.3/lib/native-platform-freebsd-amd64-libcpp-0.12.jar
7f897c037000-7f897c03a000 r--s 00023000 08:01 34341880                   /root/.gradle/wrapper/dists/gradle-3.3-all/55gk2rcmfc6p2dg9u9ohc3hw9/gradle-3.3/lib/jansi-1.14.jar
7f897c03a000-7f897c0aa000 r--s 00641000 08:01 34341863                   /root/.gradle/wrapper/dists/gradle-3.3-all/55gk2rcmfc6p2dg9u9ohc3hw9/gradle-3.3/lib/groovy-all-2.4.7.jar
7f897c0aa000-7f897c0d2000 r--s 001cf000 08:01 34341860                   /root/.gradle/wrapper/dists/gradle-3.3-all/55gk2rcmfc6p2dg9u9ohc3hw9/gradle-3.3/lib/guava-jdk5-17.0.jar
7f897c0d2000-7f897c0f1000 r--s 001d1000 08:01 34341867                   /root/.gradle/wrapper/dists/gradle-3.3-all/55gk2rcmfc6p2dg9u9ohc3hw9/gradle-3.3/lib/ant-1.9.6.jar
7f897c0f1000-7f897c0f4000 ---p 00000000 00:00 0 
7f897c0f4000-7f897c1f2000 rw-p 00000000 00:00 0 
7f897c1f2000-7f897c1f5000 ---p 00000000 00:00 0 
7f897c1f5000-7f897c2f3000 rw-p 00000000 00:00 0 
7f897c2f3000-7f897c2f6000 ---p 00000000 00:00 0 
7f897c2f6000-7f897c3f4000 rw-p 00000000 00:00 0 
7f897c3f4000-7f897c3f5000 ---p 00000000 00:00 0 
7f897c3f5000-7f8980000000 rw-p 00000000 00:00 0 
7f8980000000-7f898007d000 rw-p 00000000 00:00 0 
7f898007d000-7f8984000000 ---p 00000000 00:00 0 
7f8984000000-7f8984004000 r--s 00011000 08:01 34341879                   /root/.gradle/wrapper/dists/gradle-3.3-all/55gk2rcmfc6p2dg9u9ohc3hw9/gradle-3.3/lib/native-platform-0.12.jar
7f8984004000-7f8984007000 r--s 0000a000 08:01 34341857                   /root/.gradle/wrapper/dists/gradle-3.3-all/55gk2rcmfc6p2dg9u9ohc3hw9/gradle-3.3/lib/gradle-native-3.3.jar
7f8984007000-7f8984009000 r--s 00005000 08:01 34341854                   /root/.gradle/wrapper/dists/gradle-3.3-all/55gk2rcmfc6p2dg9u9ohc3hw9/gradle-3.3/lib/gradle-cli-3.3.jar
7f8984009000-7f898400b000 r--s 00007000 08:01 34341865                   /root/.gradle/wrapper/dists/gradle-3.3-all/55gk2rcmfc6p2dg9u9ohc3hw9/gradle-3.3/lib/gradle-model-groovy-3.3.jar
7f898400b000-7f898400d000 r--s 00006000 08:01 34341872                   /root/.gradle/wrapper/dists/gradle-3.3-all/55gk2rcmfc6p2dg9u9ohc3hw9/gradle-3.3/lib/gradle-base-services-groovy-3.3.jar
7f898400d000-7f898404a000 r--s 001f8000 08:01 34341853                   /root/.gradle/wrapper/dists/gradle-3.3-all/55gk2rcmfc6p2dg9u9ohc3hw9/gradle-3.3/lib/gradle-core-3.3.jar
7f898404a000-7f8985000000 rw-p 00000000 00:00 0 
7f8985000000-7f8987380000 rwxp 00000000 00:00 0 
7f8987380000-7f8994000000 ---p 00000000 00:00 0 
7f8994000000-7f8994cba000 rw-p 00000000 00:00 0 
7f8994cba000-7f8998000000 ---p 00000000 00:00 0 
7f8998000000-7f899800f000 r--s 0007f000 08:01 34341864                   /root/.gradle/wrapper/dists/gradle-3.3-all/55gk2rcmfc6p2dg9u9ohc3hw9/gradle-3.3/lib/gradle-model-core-3.3.jar
7f899800f000-7f8998010000 r--s 00002000 08:01 34341875                   /root/.gradle/wrapper/dists/gradle-3.3-all/55gk2rcmfc6p2dg9u9ohc3hw9/gradle-3.3/lib/gradle-docs-3.3.jar
7f8998010000-7f899801d000 r--s 00083000 08:01 34341868                   /root/.gradle/wrapper/dists/gradle-3.3-all/55gk2rcmfc6p2dg9u9ohc3hw9/gradle-3.3/lib/commons-collections-3.2.2.jar
7f899801d000-7f899803e000 rw-p 00000000 00:00 0 
7f899803e000-7f8998217000 r--s 03d3e000 08:01 11144026                   /usr/local/java/jdk1.8.0_121/jre/lib/rt.jar
7f8998217000-7f899828d000 rw-p 00000000 00:00 0 
7f899828d000-7f899828e000 ---p 00000000 00:00 0 
7f899828e000-7f899838e000 rw-p 00000000 00:00 0 
7f899838e000-7f899838f000 ---p 00000000 00:00 0 
7f899838f000-7f899848f000 rw-p 00000000 00:00 0 
7f899848f000-7f8998490000 ---p 00000000 00:00 0 
7f8998490000-7f8998590000 rw-p 00000000 00:00 0 
7f8998590000-7f8998591000 ---p 00000000 00:00 0 
7f8998591000-7f8998891000 rw-p 00000000 00:00 0 
7f8998891000-7f8998a91000 rw-p 00000000 00:00 0 
7f8998a91000-7f8998aec000 rw-p 00000000 00:00 0 
7f8998aec000-7f8998b91000 ---p 00000000 00:00 0 
7f8998b91000-7f8998c20000 rw-p 00000000 00:00 0 
7f8998c20000-7f8998f52000 ---p 00000000 00:00 0 
7f8998f52000-7f8998f6c000 r-xp 00000000 08:01 11144057                   /usr/local/java/jdk1.8.0_121/jre/lib/amd64/libzip.so
7f8998f6c000-7f899916c000 ---p 0001a000 08:01 11144057                   /usr/local/java/jdk1.8.0_121/jre/lib/amd64/libzip.so
7f899916c000-7f899916d000 rw-p 0001a000 08:01 11144057                   /usr/local/java/jdk1.8.0_121/jre/lib/amd64/libzip.so
7f899916d000-7f8999178000 r-xp 00000000 08:01 4981284                    /lib/x86_64-linux-gnu/libnss_files-2.23.so
7f8999178000-7f8999377000 ---p 0000b000 08:01 4981284                    /lib/x86_64-linux-gnu/libnss_files-2.23.so
7f8999377000-7f8999378000 r--p 0000a000 08:01 4981284                    /lib/x86_64-linux-gnu/libnss_files-2.23.so
7f8999378000-7f8999379000 rw-p 0000b000 08:01 4981284                    /lib/x86_64-linux-gnu/libnss_files-2.23.so
7f8999379000-7f899937f000 rw-p 00000000 00:00 0 
7f899937f000-7f899938a000 r-xp 00000000 08:01 4981297                    /lib/x86_64-linux-gnu/libnss_nis-2.23.so
7f899938a000-7f8999589000 ---p 0000b000 08:01 4981297                    /lib/x86_64-linux-gnu/libnss_nis-2.23.so
7f8999589000-7f899958a000 r--p 0000a000 08:01 4981297                    /lib/x86_64-linux-gnu/libnss_nis-2.23.so
7f899958a000-7f899958b000 rw-p 0000b000 08:01 4981297                    /lib/x86_64-linux-gnu/libnss_nis-2.23.so
7f899958b000-7f89995a1000 r-xp 00000000 08:01 4981104                    /lib/x86_64-linux-gnu/libnsl-2.23.so
7f89995a1000-7f89997a0000 ---p 00016000 08:01 4981104                    /lib/x86_64-linux-gnu/libnsl-2.23.so
7f89997a0000-7f89997a1000 r--p 00015000 08:01 4981104                    /lib/x86_64-linux-gnu/libnsl-2.23.so
7f89997a1000-7f89997a2000 rw-p 00016000 08:01 4981104                    /lib/x86_64-linux-gnu/libnsl-2.23.so
7f89997a2000-7f89997a4000 rw-p 00000000 00:00 0 
7f89997a4000-7f89997ac000 r-xp 00000000 08:01 4981312                    /lib/x86_64-linux-gnu/libnss_compat-2.23.so
7f89997ac000-7f89999ab000 ---p 00008000 08:01 4981312                    /lib/x86_64-linux-gnu/libnss_compat-2.23.so
7f89999ab000-7f89999ac000 r--p 00007000 08:01 4981312                    /lib/x86_64-linux-gnu/libnss_compat-2.23.so
7f89999ac000-7f89999ad000 rw-p 00008000 08:01 4981312                    /lib/x86_64-linux-gnu/libnss_compat-2.23.so
7f89999ad000-7f89999d8000 r-xp 00000000 08:01 11144613                   /usr/local/java/jdk1.8.0_121/jre/lib/amd64/libjava.so
7f89999d8000-7f8999bd7000 ---p 0002b000 08:01 11144613                   /usr/local/java/jdk1.8.0_121/jre/lib/amd64/libjava.so
7f8999bd7000-7f8999bd9000 rw-p 0002a000 08:01 11144613                   /usr/local/java/jdk1.8.0_121/jre/lib/amd64/libjava.so
7f8999bd9000-7f8999be6000 r-xp 00000000 08:01 11144035                   /usr/local/java/jdk1.8.0_121/jre/lib/amd64/libverify.so
7f8999be6000-7f8999de5000 ---p 0000d000 08:01 11144035                   /usr/local/java/jdk1.8.0_121/jre/lib/amd64/libverify.so
7f8999de5000-7f8999de7000 rw-p 0000c000 08:01 11144035                   /usr/local/java/jdk1.8.0_121/jre/lib/amd64/libverify.so
7f8999de7000-7f8999dee000 r-xp 00000000 08:01 4981304                    /lib/x86_64-linux-gnu/librt-2.23.so
7f8999dee000-7f8999fed000 ---p 00007000 08:01 4981304                    /lib/x86_64-linux-gnu/librt-2.23.so
7f8999fed000-7f8999fee000 r--p 00006000 08:01 4981304                    /lib/x86_64-linux-gnu/librt-2.23.so
7f8999fee000-7f8999fef000 rw-p 00007000 08:01 4981304                    /lib/x86_64-linux-gnu/librt-2.23.so
7f8999fef000-7f899a0f7000 r-xp 00000000 08:01 4981325                    /lib/x86_64-linux-gnu/libm-2.23.so
7f899a0f7000-7f899a2f6000 ---p 00108000 08:01 4981325                    /lib/x86_64-linux-gnu/libm-2.23.so
7f899a2f6000-7f899a2f7000 r--p 00107000 08:01 4981325                    /lib/x86_64-linux-gnu/libm-2.23.so
7f899a2f7000-7f899a2f8000 rw-p 00108000 08:01 4981325                    /lib/x86_64-linux-gnu/libm-2.23.so
7f899a2f8000-7f899afc6000 r-xp 00000000 08:01 11144883                   /usr/local/java/jdk1.8.0_121/jre/lib/amd64/server/libjvm.so
7f899afc6000-7f899b1c6000 ---p 00cce000 08:01 11144883                   /usr/local/java/jdk1.8.0_121/jre/lib/amd64/server/libjvm.so
7f899b1c6000-7f899b29f000 rw-p 00cce000 08:01 11144883                   /usr/local/java/jdk1.8.0_121/jre/lib/amd64/server/libjvm.so
7f899b29f000-7f899b2ea000 rw-p 00000000 00:00 0 
7f899b2ea000-7f899b4aa000 r-xp 00000000 08:01 4981335                    /lib/x86_64-linux-gnu/libc-2.23.so
7f899b4aa000-7f899b6aa000 ---p 001c0000 08:01 4981335                    /lib/x86_64-linux-gnu/libc-2.23.so
7f899b6aa000-7f899b6ae000 r--p 001c0000 08:01 4981335                    /lib/x86_64-linux-gnu/libc-2.23.so
7f899b6ae000-7f899b6b0000 rw-p 001c4000 08:01 4981335                    /lib/x86_64-linux-gnu/libc-2.23.so
7f899b6b0000-7f899b6b4000 rw-p 00000000 00:00 0 
7f899b6b4000-7f899b6b7000 r-xp 00000000 08:01 4981310                    /lib/x86_64-linux-gnu/libdl-2.23.so
7f899b6b7000-7f899b8b6000 ---p 00003000 08:01 4981310                    /lib/x86_64-linux-gnu/libdl-2.23.so
7f899b8b6000-7f899b8b7000 r--p 00002000 08:01 4981310                    /lib/x86_64-linux-gnu/libdl-2.23.so
7f899b8b7000-7f899b8b8000 rw-p 00003000 08:01 4981310                    /lib/x86_64-linux-gnu/libdl-2.23.so
7f899b8b8000-7f899b8cd000 r-xp 00000000 08:01 11020813                   /usr/local/java/jdk1.8.0_121/lib/amd64/jli/libjli.so
7f899b8cd000-7f899bacd000 ---p 00015000 08:01 11020813                   /usr/local/java/jdk1.8.0_121/lib/amd64/jli/libjli.so
7f899bacd000-7f899bace000 rw-p 00015000 08:01 11020813                   /usr/local/java/jdk1.8.0_121/lib/amd64/jli/libjli.so
7f899bace000-7f899bae6000 r-xp 00000000 08:01 4981295                    /lib/x86_64-linux-gnu/libpthread-2.23.so
7f899bae6000-7f899bce5000 ---p 00018000 08:01 4981295                    /lib/x86_64-linux-gnu/libpthread-2.23.so
7f899bce5000-7f899bce6000 r--p 00017000 08:01 4981295                    /lib/x86_64-linux-gnu/libpthread-2.23.so
7f899bce6000-7f899bce7000 rw-p 00018000 08:01 4981295                    /lib/x86_64-linux-gnu/libpthread-2.23.so
7f899bce7000-7f899bceb000 rw-p 00000000 00:00 0 
7f899bceb000-7f899bd11000 r-xp 00000000 08:01 4981106                    /lib/x86_64-linux-gnu/ld-2.23.so
7f899bd11000-7f899bd12000 r--s 00000000 08:01 34341871                   /root/.gradle/wrapper/dists/gradle-3.3-all/55gk2rcmfc6p2dg9u9ohc3hw9/gradle-3.3/lib/javax.inject-1.jar
7f899bd12000-7f899bd13000 r--s 00000000 08:01 34341870                   /root/.gradle/wrapper/dists/gradle-3.3-all/55gk2rcmfc6p2dg9u9ohc3hw9/gradle-3.3/lib/jcip-annotations-1.0.jar
7f899bd13000-7f899bd17000 r--s 00027000 08:01 34341869                   /root/.gradle/wrapper/dists/gradle-3.3-all/55gk2rcmfc6p2dg9u9ohc3hw9/gradle-3.3/lib/commons-io-2.2.jar
7f899bd17000-7f899bd1c000 r--s 00038000 08:01 34341866                   /root/.gradle/wrapper/dists/gradle-3.3-all/55gk2rcmfc6p2dg9u9ohc3hw9/gradle-3.3/lib/asm-all-5.1.jar
7f899bd1c000-7f899bd1d000 r--s 00001000 08:01 34341862                   /root/.gradle/wrapper/dists/gradle-3.3-all/55gk2rcmfc6p2dg9u9ohc3hw9/gradle-3.3/lib/gradle-process-services-3.3.jar
7f899bd1d000-7f899bd22000 r--s 00041000 08:01 34341861                   /root/.gradle/wrapper/dists/gradle-3.3-all/55gk2rcmfc6p2dg9u9ohc3hw9/gradle-3.3/lib/commons-lang-2.6.jar
7f899bd22000-7f899bd2b000 r--s 00042000 08:01 34341851                   /root/.gradle/wrapper/dists/gradle-3.3-all/55gk2rcmfc6p2dg9u9ohc3hw9/gradle-3.3/lib/gradle-base-services-3.3.jar
7f899bd2b000-7f899bded000 rw-p 00000000 00:00 0 
7f899bded000-7f899bdf0000 ---p 00000000 00:00 0 
7f899bdf0000-7f899bef2000 rw-p 00000000 00:00 0 
7f899bef2000-7f899bef4000 r--s 00000000 08:01 34341852                   /root/.gradle/wrapper/dists/gradle-3.3-all/55gk2rcmfc6p2dg9u9ohc3hw9/gradle-3.3/lib/gradle-jvm-services-3.3.jar
7f899bef4000-7f899bef5000 r--s 00000000 08:01 34342017                   /root/.gradle/wrapper/dists/gradle-3.3-all/55gk2rcmfc6p2dg9u9ohc3hw9/gradle-3.3/lib/gradle-version-info-3.3.jar
7f899bef5000-7f899bef6000 r--s 00007000 08:01 34341859                   /root/.gradle/wrapper/dists/gradle-3.3-all/55gk2rcmfc6p2dg9u9ohc3hw9/gradle-3.3/lib/slf4j-api-1.7.10.jar
7f899bef6000-7f899bef7000 r--s 00004000 08:01 34341884                   /root/.gradle/wrapper/dists/gradle-3.3-all/55gk2rcmfc6p2dg9u9ohc3hw9/gradle-3.3/lib/ant-launcher-1.9.6.jar
7f899bef7000-7f899bf04000 r--s 0005c000 08:01 34341848                   /root/.gradle/wrapper/dists/gradle-3.3-all/55gk2rcmfc6p2dg9u9ohc3hw9/gradle-3.3/lib/gradle-launcher-3.3.jar
7f899bf04000-7f899bf0c000 rw-s 00000000 08:01 786617                     /tmp/hsperfdata_root/2818
7f899bf0c000-7f899bf0d000 rw-p 00000000 00:00 0 
7f899bf0d000-7f899bf0e000 ---p 00000000 00:00 0 
7f899bf0e000-7f899bf10000 rw-p 00000000 00:00 0 
7f899bf10000-7f899bf11000 r--p 00025000 08:01 4981106                    /lib/x86_64-linux-gnu/ld-2.23.so
7f899bf11000-7f899bf12000 rw-p 00026000 08:01 4981106                    /lib/x86_64-linux-gnu/ld-2.23.so
7f899bf12000-7f899bf13000 rw-p 00000000 00:00 0 
7fff813f9000-7fff8141a000 rw-p 00000000 00:00 0                          [stack]
7fff814a9000-7fff814ab000 r--p 00000000 00:00 0                          [vvar]
7fff814ab000-7fff814ad000 r-xp 00000000 00:00 0                          [vdso]
ffffffffff600000-ffffffffff601000 r-xp 00000000 00:00 0                  [vsyscall]

VM Arguments:
jvm_args: -Xmx1536m -Dfile.encoding=UTF-8 -Duser.country=US -Duser.language=en -Duser.variant 
java_command: org.gradle.launcher.daemon.bootstrap.GradleDaemon 3.3
java_class_path (initial): /root/.gradle/wrapper/dists/gradle-3.3-all/55gk2rcmfc6p2dg9u9ohc3hw9/gradle-3.3/lib/gradle-launcher-3.3.jar
Launcher Type: SUN_STANDARD

Environment Variables:
JAVA_HOME=/usr/local/java/jdk1.8.0_121/
PATH=/usr/local/sbin:/usr/local/bin:/usr/sbin:/usr/bin:/sbin:/bin:/snap/bin
USERNAME=root
LD_LIBRARY_PATH=/opt/android-studio/bin:
SHELL=/bin/bash
DISPLAY=:0

Signal Handlers:
SIGSEGV: [libjvm.so+0xac78c0], sa_mask[0]=11111111011111111101111111111110, sa_flags=SA_RESTART|SA_SIGINFO
SIGBUS: [libjvm.so+0xac78c0], sa_mask[0]=11111111011111111101111111111110, sa_flags=SA_RESTART|SA_SIGINFO
SIGFPE: [libjvm.so+0x920ac0], sa_mask[0]=11111111011111111101111111111110, sa_flags=SA_RESTART|SA_SIGINFO
SIGPIPE: [libjvm.so+0x920ac0], sa_mask[0]=11111111011111111101111111111110, sa_flags=SA_RESTART|SA_SIGINFO
SIGXFSZ: [libjvm.so+0x920ac0], sa_mask[0]=11111111011111111101111111111110, sa_flags=SA_RESTART|SA_SIGINFO
SIGILL: [libjvm.so+0x920ac0], sa_mask[0]=11111111011111111101111111111110, sa_flags=SA_RESTART|SA_SIGINFO
SIGUSR1: SIG_DFL, sa_mask[0]=00000000000000000000000000000000, sa_flags=none
SIGUSR2: [libjvm.so+0x922300], sa_mask[0]=00100000000000000000000000000000, sa_flags=SA_RESTART|SA_SIGINFO
SIGHUP: [libjvm.so+0x923700], sa_mask[0]=11111111011111111101111111111110, sa_flags=SA_RESTART|SA_SIGINFO
SIGINT: [libjvm.so+0x923700], sa_mask[0]=11111111011111111101111111111110, sa_flags=SA_RESTART|SA_SIGINFO
SIGTERM: [libjvm.so+0x923700], sa_mask[0]=11111111011111111101111111111110, sa_flags=SA_RESTART|SA_SIGINFO
SIGQUIT: [libjvm.so+0x923700], sa_mask[0]=11111111011111111101111111111110, sa_flags=SA_RESTART|SA_SIGINFO


---------------  S Y S T E M  ---------------

OS:DISTRIB_ID=Ubuntu
DISTRIB_RELEASE=16.04
DISTRIB_CODENAME=xenial
DISTRIB_DESCRIPTION="Ubuntu 16.04.2 LTS"

uname:Linux 4.4.0-92-generic #115-Ubuntu SMP Thu Aug 10 09:04:33 UTC 2017 x86_64
libc:glibc 2.23 NPTL 2.23 
rlimit: STACK 8192k, CORE 0k, NPROC 31512, NOFILE 1048576, AS infinity
load average:0.89 0.65 0.76

/proc/meminfo:
MemTotal:        8107664 kB
MemFree:          148240 kB
MemAvailable:    1727636 kB
Buffers:          158976 kB
Cached:          2184200 kB
SwapCached:           24 kB
Active:          5786032 kB
Inactive:        1798728 kB
Active(anon):    4907520 kB
Inactive(anon):   953812 kB
Active(file):     878512 kB
Inactive(file):   844916 kB
Unevictable:          64 kB
Mlocked:              64 kB
SwapTotal:       8319996 kB
SwapFree:        8313220 kB
Dirty:             19788 kB
Writeback:             0 kB
AnonPages:       5241536 kB
Mapped:           664312 kB
Shmem:            619716 kB
Slab:             208344 kB
SReclaimable:     158940 kB
SUnreclaim:        49404 kB
KernelStack:       13760 kB
PageTables:        68656 kB
NFS_Unstable:          0 kB
Bounce:                0 kB
WritebackTmp:          0 kB
CommitLimit:    12373828 kB
Committed_AS:   12674164 kB
VmallocTotal:   34359738367 kB
VmallocUsed:           0 kB
VmallocChunk:          0 kB
HardwareCorrupted:     0 kB
AnonHugePages:   3219456 kB
CmaTotal:              0 kB
CmaFree:               0 kB
HugePages_Total:       0
HugePages_Free:        0
HugePages_Rsvd:        0
HugePages_Surp:        0
Hugepagesize:       2048 kB
DirectMap4k:      174784 kB
DirectMap2M:     6049792 kB
DirectMap1G:     3145728 kB


CPU:total 4 (2 cores per cpu, 2 threads per core) family 6 model 69 stepping 1, cmov, cx8, fxsr, mmx, sse, sse2, sse3, ssse3, sse4.1, sse4.2, popcnt, avx, avx2, aes, clmul, erms, lzcnt, ht, tsc, tscinvbit, bmi1, bmi2

/proc/cpuinfo:
processor	: 0
vendor_id	: GenuineIntel
cpu family	: 6
model		: 69
model name	: Intel(R) Core(TM) i5-4200U CPU @ 1.60GHz
stepping	: 1
microcode	: 0x16
cpu MHz		: 2300.000
cache size	: 3072 KB
physical id	: 0
siblings	: 4
core id		: 0
cpu cores	: 2
apicid		: 0
initial apicid	: 0
fpu		: yes
fpu_exception	: yes
cpuid level	: 13
wp		: yes
flags		: fpu vme de pse tsc msr pae mce cx8 apic sep mtrr pge mca cmov pat pse36 clflush dts acpi mmx fxsr sse sse2 ss ht tm pbe syscall nx pdpe1gb rdtscp lm constant_tsc arch_perfmon pebs bts rep_good nopl xtopology nonstop_tsc aperfmperf eagerfpu pni pclmulqdq dtes64 monitor ds_cpl vmx est tm2 ssse3 sdbg fma cx16 xtpr pdcm pcid sse4_1 sse4_2 movbe popcnt tsc_deadline_timer aes xsave avx f16c rdrand lahf_lm abm epb tpr_shadow vnmi flexpriority ept vpid fsgsbase tsc_adjust bmi1 avx2 smep bmi2 erms invpcid xsaveopt dtherm ida arat pln pts
bugs		:
bogomips	: 4589.14
clflush size	: 64
cache_alignment	: 64
address sizes	: 39 bits physical, 48 bits virtual
power management:

processor	: 1
vendor_id	: GenuineIntel
cpu family	: 6
model		: 69
model name	: Intel(R) Core(TM) i5-4200U CPU @ 1.60GHz
stepping	: 1
microcode	: 0x16
cpu MHz		: 2300.000
cache size	: 3072 KB
physical id	: 0
siblings	: 4
core id		: 0
cpu cores	: 2
apicid		: 1
initial apicid	: 1
fpu		: yes
fpu_exception	: yes
cpuid level	: 13
wp		: yes
flags		: fpu vme de pse tsc msr pae mce cx8 apic sep mtrr pge mca cmov pat pse36 clflush dts acpi mmx fxsr sse sse2 ss ht tm pbe syscall nx pdpe1gb rdtscp lm constant_tsc arch_perfmon pebs bts rep_good nopl xtopology nonstop_tsc aperfmperf eagerfpu pni pclmulqdq dtes64 monitor ds_cpl vmx est tm2 ssse3 sdbg fma cx16 xtpr pdcm pcid sse4_1 sse4_2 movbe popcnt tsc_deadline_timer aes xsave avx f16c rdrand lahf_lm abm epb tpr_shadow vnmi flexpriority ept vpid fsgsbase tsc_adjust bmi1 avx2 smep bmi2 erms invpcid xsaveopt dtherm ida arat pln pts
bugs		:
bogomips	: 4589.14
clflush size	: 64
cache_alignment	: 64
address sizes	: 39 bits physical, 48 bits virtual
power management:

processor	: 2
vendor_id	: GenuineIntel
cpu family	: 6
model		: 69
model name	: Intel(R) Core(TM) i5-4200U CPU @ 1.60GHz
stepping	: 1
microcode	: 0x16
cpu MHz		: 2300.000
cache size	: 3072 KB
physical id	: 0
siblings	: 4
core id		: 1
cpu cores	: 2
apicid		: 2
initial apicid	: 2
fpu		: yes
fpu_exception	: yes
cpuid level	: 13
wp		: yes
flags		: fpu vme de pse tsc msr pae mce cx8 apic sep mtrr pge mca cmov pat pse36 clflush dts acpi mmx fxsr sse sse2 ss ht tm pbe syscall nx pdpe1gb rdtscp lm constant_tsc arch_perfmon pebs bts rep_good nopl xtopology nonstop_tsc aperfmperf eagerfpu pni pclmulqdq dtes64 monitor ds_cpl vmx est tm2 ssse3 sdbg fma cx16 xtpr pdcm pcid sse4_1 sse4_2 movbe popcnt tsc_deadline_timer aes xsave avx f16c rdrand lahf_lm abm epb tpr_shadow vnmi flexpriority ept vpid fsgsbase tsc_adjust bmi1 avx2 smep bmi2 erms invpcid xsaveopt dtherm ida arat pln pts
bugs		:
bogomips	: 4589.14
clflush size	: 64
cache_alignment	: 64
address sizes	: 39 bits physical, 48 bits virtual
power management:

processor	: 3
vendor_id	: GenuineIntel
cpu family	: 6
model		: 69
model name	: Intel(R) Core(TM) i5-4200U CPU @ 1.60GHz
stepping	: 1
microcode	: 0x16
cpu MHz		: 2299.910
cache size	: 3072 KB
physical id	: 0
siblings	: 4
core id		: 1
cpu cores	: 2
apicid		: 3
initial apicid	: 3
fpu		: yes
fpu_exception	: yes
cpuid level	: 13
wp		: yes
flags		: fpu vme de pse tsc msr pae mce cx8 apic sep mtrr pge mca cmov pat pse36 clflush dts acpi mmx fxsr sse sse2 ss ht tm pbe syscall nx pdpe1gb rdtscp lm constant_tsc arch_perfmon pebs bts rep_good nopl xtopology nonstop_tsc aperfmperf eagerfpu pni pclmulqdq dtes64 monitor ds_cpl vmx est tm2 ssse3 sdbg fma cx16 xtpr pdcm pcid sse4_1 sse4_2 movbe popcnt tsc_deadline_timer aes xsave avx f16c rdrand lahf_lm abm epb tpr_shadow vnmi flexpriority ept vpid fsgsbase tsc_adjust bmi1 avx2 smep bmi2 erms invpcid xsaveopt dtherm ida arat pln pts
bugs		:
bogomips	: 4589.14
clflush size	: 64
cache_alignment	: 64
address sizes	: 39 bits physical, 48 bits virtual
power management:



Memory: 4k page, physical 8107664k(148240k free), swap 8319996k(8313220k free)

vm_info: Java HotSpot(TM) 64-Bit Server VM (25.121-b13) for linux-amd64 JRE (1.8.0_121-b13), built on Dec 12 2016 16:36:53 by "java_re" with gcc 4.3.0 20080428 (Red Hat 4.3.0-8)

time: Wed Sep 27 14:04:52 2017
elapsed time: 1773 seconds (0d 0h 29m 33s)

