#
# A fatal error has been detected by the Java Runtime Environment:
#
#  SIGSEGV (0xb) at pc=0x00007f575388416b, pid=2966, tid=0x00007f572cdfd700
#
# JRE version: Java(TM) SE Runtime Environment (8.0_121-b13) (build 1.8.0_121-b13)
# Java VM: Java HotSpot(TM) 64-Bit Server VM (25.121-b13 mixed mode linux-amd64 compressed oops)
# Problematic frame:
# V  [libjvm.so+0x37616b]  SubstitutionResolver::visit(Instruction**)+0x1b
#
# Failed to write core dump. Core dumps have been disabled. To enable core dumping, try "ulimit -c unlimited" before starting Java again
#
# If you would like to submit a bug report, please visit:
#   http://bugreport.java.com/bugreport/crash.jsp
#

---------------  T H R E A D  ---------------

Current thread (0x00007f574c0be000):  JavaThread "C1 CompilerThread2" daemon [_thread_in_native, id=2980, stack(0x00007f572ccfd000,0x00007f572cdfe000)]

siginfo: si_signo: 11 (SIGSEGV), si_code: 128 (SI_KERNEL), si_addr: 0x0000000000000000

Registers:
RAX=0x9090909090909090, RBX=0x00007f575444ba30, RCX=0x9090909090909090, RDX=0x00007f575444ba30
RSP=0x00007f572cdfbe20, RBP=0x00007f572cdfbe20, RSI=0x00007f5718979f10, RDI=0x00007f572cdfc220
R8 =0x00007f570c4ad790, R9 =0x00007f5710153670, R10=0x0000000000000010, R11=0x00007f5753884140
R12=0x0000000000000000, R13=0x00007f572cdfc228, R14=0x0000000000000080, R15=0x00007f5718979f10
RIP=0x00007f575388416b, EFLAGS=0x0000000000010286, CSGSFS=0x0000000000000033, ERR=0x0000000000000000
  TRAPNO=0x000000000000000d

Top of Stack: (sp=0x00007f572cdfbe20)
0x00007f572cdfbe20:   00007f572cdfbe60 00007f57538fe4e2
0x00007f572cdfbe30:   00007f5718979eb0 00007f5718979f10
0x00007f572cdfbe40:   00007f572cdfc228 00007f5718979df0
0x00007f572cdfbe50:   00007f572cdfc100 00007f572cdfc220
0x00007f572cdfbe60:   00007f572cdfbe80 00007f575388b5a4
0x00007f572cdfbe70:   00007f5718979f10 00007f572cdfc228
0x00007f572cdfbe80:   00007f572cdfbeb0 00007f57538841de
0x00007f572cdfbe90:   fffffffffffffff8 00007f5718979740
0x00007f572cdfbea0:   00007f5718977b10 00007f5718038ac0
0x00007f572cdfbeb0:   00007f572cdfbfd0 00007f575388c5fb
0x00007f572cdfbec0:   fffffffffffffff8 00007f570c4a8670
0x00007f572cdfbed0:   00007f572cdfc110 fffffffffffffff8
0x00007f572cdfbee0:   00007f572cdfbf10 fffffffffffffff8
0x00007f572cdfbef0:   fffffffffffffff8 fffffffffffffff8
0x00007f572cdfbf00:   00007f571014bf80 00007f5718979740
0x00007f572cdfbf10:   00007f572cdfbf40 00007f5718978580
0x00007f572cdfbf20:   fffffffffffffff8 00007f570c878e10
0x00007f572cdfbf30:   00007f572cdfbf70 00007f5718979b10
0x00007f572cdfbf40:   00007f5718978840 00007f571803c160
0x00007f572cdfbf50:   00007f571897a370 00007f571803c160
0x00007f572cdfbf60:   00007f5718950420 fffffffffffffff8
0x00007f572cdfbf70:   0000000000000000 fffffffffffffff8
0x00007f572cdfbf80:   00007f572cdfc228 0000000000000000
0x00007f572cdfbf90:   00007f572cdfc100 00007f572cdfc220
0x00007f572cdfbfa0:   00007f572cdfbfd0 fffffffffffffff8
0x00007f572cdfbfb0:   fffffffffffffff8 00007f5718038ac0
0x00007f572cdfbfc0:   00007f572cdfc100 00007f572cdfc220
0x00007f572cdfbfd0:   00007f572cdfc0f0 00007f575388caaf
0x00007f572cdfbfe0:   fffffffffffffff8 00007f5753ebe130
0x00007f572cdfbff0:   00007f572cdfc110 fffffffffffffff8
0x00007f572cdfc000:   0000000000000008 fffffffffffffff8
0x00007f572cdfc010:   00007f572cdfc040 fffffffffffffff8 

Instructions: (pc=0x00007f575388416b)
0x00007f575388414b:   00 00 00 00 00 48 8b 16 55 48 89 e5 48 85 d2 74
0x00007f575388415b:   33 48 89 d1 eb 0a 0f 1f 80 00 00 00 00 48 89 c1
0x00007f575388416b:   48 8b 41 28 48 85 c0 75 f4 48 39 ca 74 16 0f 1f
0x00007f575388417b:   80 00 00 00 00 48 89 d0 48 8b 52 28 48 85 d2 75 

Register to memory mapping:

RAX=0x9090909090909090 is an unknown value
RBX=0x00007f575444ba30: <offset 0xf3da30> in /usr/local/java/jdk1.8.0_121/jre/lib/amd64/server/libjvm.so at 0x00007f575350e000
RCX=0x9090909090909090 is an unknown value
RDX=0x00007f575444ba30: <offset 0xf3da30> in /usr/local/java/jdk1.8.0_121/jre/lib/amd64/server/libjvm.so at 0x00007f575350e000
RSP=0x00007f572cdfbe20 is pointing into the stack for thread: 0x00007f574c0be000
RBP=0x00007f572cdfbe20 is pointing into the stack for thread: 0x00007f574c0be000
RSI=0x00007f5718979f10 is an unknown value
RDI=0x00007f572cdfc220 is pointing into the stack for thread: 0x00007f574c0be000
R8 =0x00007f570c4ad790 is an unknown value
R9 =0x00007f5710153670 is an unknown value
R10=0x0000000000000010 is an unknown value
R11=0x00007f5753884140: <offset 0x376140> in /usr/local/java/jdk1.8.0_121/jre/lib/amd64/server/libjvm.so at 0x00007f575350e000
R12=0x0000000000000000 is an unknown value
R13=0x00007f572cdfc228 is pointing into the stack for thread: 0x00007f574c0be000
R14=0x0000000000000080 is an unknown value
R15=0x00007f5718979f10 is an unknown value


Stack: [0x00007f572ccfd000,0x00007f572cdfe000],  sp=0x00007f572cdfbe20,  free space=1019k
Native frames: (J=compiled Java code, j=interpreted, Vv=VM code, C=native code)
V  [libjvm.so+0x37616b]  SubstitutionResolver::visit(Instruction**)+0x1b
V  [libjvm.so+0x3f04e2]  ValueStack::values_do(ValueVisitor*)+0x102
V  [libjvm.so+0x37d5a4]  StateSplit::state_values_do(ValueVisitor*)+0x24
V  [libjvm.so+0x3761de]  SubstitutionResolver::block_do(BlockBegin*)+0x3e
V  [libjvm.so+0x37e5fb]  BlockBegin::iterate_preorder(boolArray&, BlockClosure*)+0x45b
V  [libjvm.so+0x37eaaf]  BlockBegin::iterate_preorder(boolArray&, BlockClosure*)+0x90f
V  [libjvm.so+0x37eb37]  BlockBegin::iterate_preorder(BlockClosure*)+0x77
V  [libjvm.so+0x3eed39]  GlobalValueNumbering::GlobalValueNumbering(IR*)+0x869
V  [libjvm.so+0x359797]  Compilation::build_hir()+0x227
V  [libjvm.so+0x359a0e]  Compilation::compile_java_method()+0x6e
V  [libjvm.so+0x359b3e]  Compilation::compile_method()+0x4e
V  [libjvm.so+0x359eae]  Compilation::Compilation(AbstractCompiler*, ciEnv*, ciMethod*, int, BufferBlob*)+0x25e
V  [libjvm.so+0x35ac59]  Compiler::compile_method(ciEnv*, ciMethod*, int)+0xa9
V  [libjvm.so+0x4afeaa]  CompileBroker::invoke_compiler_on_method(CompileTask*)+0xc9a
V  [libjvm.so+0x4b0e56]  CompileBroker::compiler_thread_loop()+0x5d6
V  [libjvm.so+0xa75543]  JavaThread::thread_main_inner()+0x103
V  [libjvm.so+0xa7568c]  JavaThread::run()+0x11c
V  [libjvm.so+0x926268]  java_start(Thread*)+0x108
C  [libpthread.so.0+0x76ba]  start_thread+0xca


Current CompileTask:
C1:  67247 7212       3       com.sun.tools.javac.parser.JavacParser::blockStatement (860 bytes)


---------------  P R O C E S S  ---------------

Java Threads: ( => current thread )
  0x00007f56e138b800 JavaThread "Cache update executor" [_thread_blocked, id=3226, stack(0x00007f56f163f000,0x00007f56f1740000)]
  0x00007f56e050b000 JavaThread "pool-2-thread-1" [_thread_blocked, id=3222, stack(0x00007f56f2753000,0x00007f56f2854000)]
  0x00007f56e0b30000 JavaThread "File lock request listener" [_thread_in_native, id=3214, stack(0x00007f56f2ffc000,0x00007f56f30fd000)]
  0x00007f56e08f4800 JavaThread "process reaper" daemon [_thread_blocked, id=3213, stack(0x00007f5700002000,0x00007f570003b000)]
  0x00007f56e000b800 JavaThread "Stdin handler" [_thread_blocked, id=3031, stack(0x00007f56f3afd000,0x00007f56f3bfe000)]
  0x00007f56e000a000 JavaThread "Asynchronous log dispatcher for DefaultDaemonConnection: socket connection from /127.0.0.1:41398 to /127.0.0.1:45196" [_thread_blocked, id=3030, stack(0x00007f56f3bfe000,0x00007f56f3cff000)]
  0x00007f56f8007800 JavaThread "Daemon worker" [_thread_in_native, id=3026, stack(0x00007f56f3cff000,0x00007f56f3e00000)]
  0x00007f56f8004000 JavaThread "Cancel handler" [_thread_blocked, id=3025, stack(0x00007f57000b6000,0x00007f57001b7000)]
  0x00007f56f8005800 JavaThread "Handler for socket connection from /127.0.0.1:41398 to /127.0.0.1:45196" [_thread_in_native, id=3023, stack(0x00007f57001b7000,0x00007f57002b8000)]
  0x00007f56f4039000 JavaThread "Daemon" [_thread_blocked, id=3022, stack(0x00007f57002b8000,0x00007f57003b9000)]
  0x00007f574cccf800 JavaThread "Incoming local TCP Connector on port 41398" [_thread_in_native, id=3019, stack(0x00007f57005c0000,0x00007f57006c1000)]
  0x00007f574cc82000 JavaThread "pool-1-thread-1" [_thread_blocked, id=3017, stack(0x00007f57006c1000,0x00007f57007c2000)]
  0x00007f574c0c9000 JavaThread "Service Thread" daemon [_thread_blocked, id=2981, stack(0x00007f572cbfc000,0x00007f572ccfd000)]
=>0x00007f574c0be000 JavaThread "C1 CompilerThread2" daemon [_thread_in_native, id=2980, stack(0x00007f572ccfd000,0x00007f572cdfe000)]
  0x00007f574c0bc000 JavaThread "C2 CompilerThread1" daemon [_thread_in_native, id=2979, stack(0x00007f572cdfe000,0x00007f572ceff000)]
  0x00007f574c0b9000 JavaThread "C2 CompilerThread0" daemon [_thread_blocked, id=2978, stack(0x00007f572ceff000,0x00007f572d000000)]
  0x00007f574c0b8000 JavaThread "Signal Dispatcher" daemon [_thread_blocked, id=2977, stack(0x00007f573c01a000,0x00007f573c11b000)]
  0x00007f574c084000 JavaThread "Finalizer" daemon [_thread_blocked, id=2976, stack(0x00007f573c3f4000,0x00007f573c4f5000)]
  0x00007f574c07f800 JavaThread "Reference Handler" daemon [_thread_blocked, id=2975, stack(0x00007f573c4f5000,0x00007f573c5f6000)]
  0x00007f574c00a000 JavaThread "main" [_thread_blocked, id=2969, stack(0x00007f5755003000,0x00007f5755104000)]

Other Threads:
  0x00007f574c077800 VMThread [stack: 0x00007f573c5f6000,0x00007f573c6f7000] [id=2974]
  0x00007f574c0cc000 WatcherThread [stack: 0x00007f572cafb000,0x00007f572cbfc000] [id=2982]

VM state:not at safepoint (normal execution)

VM Mutex/Monitor currently owned by a thread: None

Heap:
 PSYoungGen      total 105472K, used 17613K [0x00000000e0000000, 0x00000000e9280000, 0x0000000100000000)
  eden space 95744K, 8% used [0x00000000e0000000,0x00000000e07bb4e0,0x00000000e5d80000)
  from space 9728K, 99% used [0x00000000e5d80000,0x00000000e66f8010,0x00000000e6700000)
  to   space 13824K, 0% used [0x00000000e8500000,0x00000000e8500000,0x00000000e9280000)
 ParOldGen       total 53760K, used 32908K [0x00000000a0000000, 0x00000000a3480000, 0x00000000e0000000)
  object space 53760K, 61% used [0x00000000a0000000,0x00000000a20233d8,0x00000000a3480000)
 Metaspace       used 55768K, capacity 57518K, committed 57856K, reserved 1099776K
  class space    used 7704K, capacity 8088K, committed 8192K, reserved 1048576K

Card table byte_map: [0x00007f5751aa7000,0x00007f5751da8000] byte_map_base: 0x00007f57515a7000

Marking Bits: (ParMarkBitMap*) 0x00007f57544d2c80
 Begin Bits: [0x00007f572d000000, 0x00007f572e800000)
 End Bits:   [0x00007f572e800000, 0x00007f5730000000)

Polling page: 0x00007f5755123000

CodeCache: size=245760Kb used=20893Kb max_used=21222Kb free=224866Kb
 bounds [0x00007f573d000000, 0x00007f573e4f0000, 0x00007f574c000000]
 total_blobs=7090 nmethods=6322 adapters=680
 compilation: enabled

Compilation events (10 events):
Event: 67.219 Thread 0x00007f574c0b9000 nmethod 7204 0x00007f573d871190 code [0x00007f573d8712e0, 0x00007f573d8713e8]
Event: 67.219 Thread 0x00007f574c0be000 7208       3       com.sun.tools.javac.util.List$3::next (39 bytes)
Event: 67.219 Thread 0x00007f574c0be000 nmethod 7208 0x00007f573d7da5d0 code [0x00007f573d7da740, 0x00007f573d7da9a8]
Event: 67.219 Thread 0x00007f574c0be000 7209       3       com.sun.tools.javac.util.ListBuffer::addAll (34 bytes)
Event: 67.220 Thread 0x00007f574c0be000 nmethod 7209 0x00007f573d7d9dd0 code [0x00007f573d7d9f80, 0x00007f573d7da418]
Event: 67.220 Thread 0x00007f574c0b9000 7211       4       com.sun.tools.javac.parser.Scanner::token (30 bytes)
Event: 67.220 Thread 0x00007f574c0be000 7210       3       com.sun.tools.javac.parser.JavaTokenizer::isSpecial (136 bytes)
Event: 67.220 Thread 0x00007f574c0be000 nmethod 7210 0x00007f573d870dd0 code [0x00007f573d870f40, 0x00007f573d871110]
Event: 67.222 Thread 0x00007f574c0be000 7212       3       com.sun.tools.javac.parser.JavacParser::blockStatement (860 bytes)
Event: 67.226 Thread 0x00007f574c0b9000 nmethod 7211 0x00007f573d880ed0 code [0x00007f573d881040, 0x00007f573d881288]

GC Heap History (10 events):
Event: 55.301 GC heap before
{Heap before GC invocations=15 (full 2):
 PSYoungGen      total 52224K, used 48729K [0x00000000e0000000, 0x00000000e3e80000, 0x0000000100000000)
  eden space 44544K, 100% used [0x00000000e0000000,0x00000000e2b80000,0x00000000e2b80000)
  from space 7680K, 54% used [0x00000000e3700000,0x00000000e3b16410,0x00000000e3e80000)
  to   space 9728K, 0% used [0x00000000e2b80000,0x00000000e2b80000,0x00000000e3500000)
 ParOldGen       total 53760K, used 13818K [0x00000000a0000000, 0x00000000a3480000, 0x00000000e0000000)
  object space 53760K, 25% used [0x00000000a0000000,0x00000000a0d7e948,0x00000000a3480000)
 Metaspace       used 38672K, capacity 39404K, committed 39552K, reserved 1083392K
  class space    used 5308K, capacity 5493K, committed 5504K, reserved 1048576K
Event: 55.313 GC heap after
Heap after GC invocations=15 (full 2):
 PSYoungGen      total 54272K, used 5366K [0x00000000e0000000, 0x00000000e5380000, 0x0000000100000000)
  eden space 44544K, 0% used [0x00000000e0000000,0x00000000e0000000,0x00000000e2b80000)
  from space 9728K, 55% used [0x00000000e2b80000,0x00000000e30bd948,0x00000000e3500000)
  to   space 9216K, 0% used [0x00000000e4a80000,0x00000000e4a80000,0x00000000e5380000)
 ParOldGen       total 53760K, used 16594K [0x00000000a0000000, 0x00000000a3480000, 0x00000000e0000000)
  object space 53760K, 30% used [0x00000000a0000000,0x00000000a1034810,0x00000000a3480000)
 Metaspace       used 38672K, capacity 39404K, committed 39552K, reserved 1083392K
  class space    used 5308K, capacity 5493K, committed 5504K, reserved 1048576K
}
Event: 56.672 GC heap before
{Heap before GC invocations=16 (full 2):
 PSYoungGen      total 54272K, used 49910K [0x00000000e0000000, 0x00000000e5380000, 0x0000000100000000)
  eden space 44544K, 100% used [0x00000000e0000000,0x00000000e2b80000,0x00000000e2b80000)
  from space 9728K, 55% used [0x00000000e2b80000,0x00000000e30bd948,0x00000000e3500000)
  to   space 9216K, 0% used [0x00000000e4a80000,0x00000000e4a80000,0x00000000e5380000)
 ParOldGen       total 53760K, used 16594K [0x00000000a0000000, 0x00000000a3480000, 0x00000000e0000000)
  object space 53760K, 30% used [0x00000000a0000000,0x00000000a1034810,0x00000000a3480000)
 Metaspace       used 43217K, capacity 44156K, committed 44416K, reserved 1087488K
  class space    used 5926K, capacity 6151K, committed 6272K, reserved 1048576K
Event: 56.681 GC heap after
Heap after GC invocations=16 (full 2):
 PSYoungGen      total 75264K, used 2892K [0x00000000e0000000, 0x00000000e5300000, 0x0000000100000000)
  eden space 66560K, 0% used [0x00000000e0000000,0x00000000e0000000,0x00000000e4100000)
  from space 8704K, 33% used [0x00000000e4a80000,0x00000000e4d530b0,0x00000000e5300000)
  to   space 9216K, 0% used [0x00000000e4100000,0x00000000e4100000,0x00000000e4a00000)
 ParOldGen       total 53760K, used 20610K [0x00000000a0000000, 0x00000000a3480000, 0x00000000e0000000)
  object space 53760K, 38% used [0x00000000a0000000,0x00000000a1420810,0x00000000a3480000)
 Metaspace       used 43217K, capacity 44156K, committed 44416K, reserved 1087488K
  class space    used 5926K, capacity 6151K, committed 6272K, reserved 1048576K
}
Event: 58.718 GC heap before
{Heap before GC invocations=17 (full 2):
 PSYoungGen      total 75264K, used 69452K [0x00000000e0000000, 0x00000000e5300000, 0x0000000100000000)
  eden space 66560K, 100% used [0x00000000e0000000,0x00000000e4100000,0x00000000e4100000)
  from space 8704K, 33% used [0x00000000e4a80000,0x00000000e4d530b0,0x00000000e5300000)
  to   space 9216K, 0% used [0x00000000e4100000,0x00000000e4100000,0x00000000e4a00000)
 ParOldGen       total 53760K, used 20610K [0x00000000a0000000, 0x00000000a3480000, 0x00000000e0000000)
  object space 53760K, 38% used [0x00000000a0000000,0x00000000a1420810,0x00000000a3480000)
 Metaspace       used 45778K, capacity 46916K, committed 47104K, reserved 1089536K
  class space    used 6272K, capacity 6567K, committed 6656K, reserved 1048576K
Event: 58.733 GC heap after
Heap after GC invocations=17 (full 2):
 PSYoungGen      total 75776K, used 5715K [0x00000000e0000000, 0x00000000e7100000, 0x0000000100000000)
  eden space 66560K, 0% used [0x00000000e0000000,0x00000000e0000000,0x00000000e4100000)
  from space 9216K, 62% used [0x00000000e4100000,0x00000000e4694e18,0x00000000e4a00000)
  to   space 9216K, 0% used [0x00000000e6800000,0x00000000e6800000,0x00000000e7100000)
 ParOldGen       total 53760K, used 21598K [0x00000000a0000000, 0x00000000a3480000, 0x00000000e0000000)
  object space 53760K, 40% used [0x00000000a0000000,0x00000000a1517a08,0x00000000a3480000)
 Metaspace       used 45778K, capacity 46916K, committed 47104K, reserved 1089536K
  class space    used 6272K, capacity 6567K, committed 6656K, reserved 1048576K
}
Event: 60.558 GC heap before
{Heap before GC invocations=18 (full 2):
 PSYoungGen      total 75776K, used 72275K [0x00000000e0000000, 0x00000000e7100000, 0x0000000100000000)
  eden space 66560K, 100% used [0x00000000e0000000,0x00000000e4100000,0x00000000e4100000)
  from space 9216K, 62% used [0x00000000e4100000,0x00000000e4694e18,0x00000000e4a00000)
  to   space 9216K, 0% used [0x00000000e6800000,0x00000000e6800000,0x00000000e7100000)
 ParOldGen       total 53760K, used 21598K [0x00000000a0000000, 0x00000000a3480000, 0x00000000e0000000)
  object space 53760K, 40% used [0x00000000a0000000,0x00000000a1517a08,0x00000000a3480000)
 Metaspace       used 49476K, capacity 51030K, committed 51200K, reserved 1093632K
  class space    used 6858K, capacity 7158K, committed 7168K, reserved 1048576K
Event: 60.579 GC heap after
Heap after GC invocations=18 (full 2):
 PSYoungGen      total 104448K, used 8214K [0x00000000e0000000, 0x00000000e7080000, 0x0000000100000000)
  eden space 95744K, 0% used [0x00000000e0000000,0x00000000e0000000,0x00000000e5d80000)
  from space 8704K, 94% used [0x00000000e6800000,0x00000000e7005a50,0x00000000e7080000)
  to   space 9728K, 0% used [0x00000000e5d80000,0x00000000e5d80000,0x00000000e6700000)
 ParOldGen       total 53760K, used 24950K [0x00000000a0000000, 0x00000000a3480000, 0x00000000e0000000)
  object space 53760K, 46% used [0x00000000a0000000,0x00000000a185dbd8,0x00000000a3480000)
 Metaspace       used 49476K, capacity 51030K, committed 51200K, reserved 1093632K
  class space    used 6858K, capacity 7158K, committed 7168K, reserved 1048576K
}
Event: 66.659 GC heap before
{Heap before GC invocations=19 (full 2):
 PSYoungGen      total 104448K, used 103958K [0x00000000e0000000, 0x00000000e7080000, 0x0000000100000000)
  eden space 95744K, 100% used [0x00000000e0000000,0x00000000e5d80000,0x00000000e5d80000)
  from space 8704K, 94% used [0x00000000e6800000,0x00000000e7005a50,0x00000000e7080000)
  to   space 9728K, 0% used [0x00000000e5d80000,0x00000000e5d80000,0x00000000e6700000)
 ParOldGen       total 53760K, used 24950K [0x00000000a0000000, 0x00000000a3480000, 0x00000000e0000000)
  object space 53760K, 46% used [0x00000000a0000000,0x00000000a185dbd8,0x00000000a3480000)
 Metaspace       used 53694K, capacity 55374K, committed 55424K, reserved 1097728K
  class space    used 7450K, capacity 7800K, committed 7808K, reserved 1048576K
Event: 66.680 GC heap after
Heap after GC invocations=19 (full 2):
 PSYoungGen      total 105472K, used 9696K [0x00000000e0000000, 0x00000000e9280000, 0x0000000100000000)
  eden space 95744K, 0% used [0x00000000e0000000,0x00000000e0000000,0x00000000e5d80000)
  from space 9728K, 99% used [0x00000000e5d80000,0x00000000e66f8010,0x00000000e6700000)
  to   space 13824K, 0% used [0x00000000e8500000,0x00000000e8500000,0x00000000e9280000)
 ParOldGen       total 53760K, used 32908K [0x00000000a0000000, 0x00000000a3480000, 0x00000000e0000000)
  object space 53760K, 61% used [0x00000000a0000000,0x00000000a20233d8,0x00000000a3480000)
 Metaspace       used 53694K, capacity 55374K, committed 55424K, reserved 1097728K
  class space    used 7450K, capacity 7800K, committed 7808K, reserved 1048576K
}

Deoptimization events (10 events):
Event: 66.017 Thread 0x00007f56f8007800 Uncommon trap: reason=null_check action=make_not_entrant pc=0x00007f573e4a7424 method=org.apache.commons.collections.map.LRUMap.get(Ljava/lang/Object;)Ljava/lang/Object; @ 5
Event: 66.230 Thread 0x00007f56f8007800 Uncommon trap: reason=class_check action=maybe_recompile pc=0x00007f573deee704 method=java.util.regex.Matcher.search(I)Z @ 86
Event: 66.230 Thread 0x00007f56f8007800 Uncommon trap: reason=class_check action=maybe_recompile pc=0x00007f573de70bec method=java.util.regex.Matcher.search(I)Z @ 86
Event: 66.255 Thread 0x00007f56f8007800 Uncommon trap: reason=unstable_if action=reinterpret pc=0x00007f573dd88614 method=java.lang.ClassLoader.checkCerts(Ljava/lang/String;Ljava/security/CodeSource;)V @ 45
Event: 66.428 Thread 0x00007f56f8007800 Uncommon trap: reason=class_check action=maybe_recompile pc=0x00007f573deee704 method=java.util.regex.Matcher.search(I)Z @ 86
Event: 66.444 Thread 0x00007f56f8007800 Uncommon trap: reason=class_check action=maybe_recompile pc=0x00007f573deee704 method=java.util.regex.Matcher.search(I)Z @ 86
Event: 66.460 Thread 0x00007f56f8007800 Uncommon trap: reason=class_check action=maybe_recompile pc=0x00007f573de70bec method=java.util.regex.Matcher.search(I)Z @ 86
Event: 66.460 Thread 0x00007f56f8007800 Uncommon trap: reason=class_check action=maybe_recompile pc=0x00007f573d7ffe7c method=java.util.regex.Matcher.search(I)Z @ 86
Event: 67.004 Thread 0x00007f56f8007800 Uncommon trap: reason=unstable_if action=reinterpret pc=0x00007f573dcf7288 method=java.lang.StringCoding$StringDecoder.decode([BII)[C @ 20
Event: 67.182 Thread 0x00007f56f8007800 Uncommon trap: reason=unstable_if action=reinterpret pc=0x00007f573d29ef90 method=com.sun.tools.javac.parser.UnicodeReader.scanChar()V @ 37

Internal exceptions (10 events):
Event: 60.061 Thread 0x00007f56f8007800 Exception <a 'java/lang/ClassNotFoundException': org/gradle/model/internal/core/ModelMapGroovyViewCustomizer> (0x00000000e36b4a30) thrown at [/HUDSON3/workspace/8-2-build-linux-amd64/jdk8u121/8372/hotspot/src/share/vm/classfile/systemDictionary.cpp, line 
Event: 60.062 Thread 0x00007f56f8007800 Exception <a 'java/lang/ClassNotFoundException': org/gradle/model/internal/core/NodeBackedModelMapCustomizer> (0x00000000e36dab40) thrown at [/HUDSON3/workspace/8-2-build-linux-amd64/jdk8u121/8372/hotspot/src/share/vm/classfile/systemDictionary.cpp, line 
Event: 60.064 Thread 0x00007f56f8007800 Exception <a 'java/lang/ClassNotFoundException': org/gradle/platform/base/BinaryContainer_ImplCustomizer> (0x00000000e37399c0) thrown at [/HUDSON3/workspace/8-2-build-linux-amd64/jdk8u121/8372/hotspot/src/share/vm/classfile/systemDictionary.cpp, line 210]
Event: 60.212 Thread 0x00007f56f8007800 Exception <a 'java/lang/NoSuchMethodError': <clinit>> (0x00000000e3c60210) thrown at [/HUDSON3/workspace/8-2-build-linux-amd64/jdk8u121/8372/hotspot/src/share/vm/prims/jni.cpp, line 1613]
Event: 60.213 Thread 0x00007f56f8007800 Exception <a 'java/lang/NoSuchMethodError': <clinit>> (0x00000000e3c6dab0) thrown at [/HUDSON3/workspace/8-2-build-linux-amd64/jdk8u121/8372/hotspot/src/share/vm/prims/jni.cpp, line 1613]
Event: 60.229 Thread 0x00007f56f8007800 Exception <a 'java/lang/NoSuchMethodError': <clinit>> (0x00000000e3ce9338) thrown at [/HUDSON3/workspace/8-2-build-linux-amd64/jdk8u121/8372/hotspot/src/share/vm/prims/jni.cpp, line 1613]
Event: 60.230 Thread 0x00007f56f8007800 Exception <a 'java/lang/NoSuchMethodError': <clinit>> (0x00000000e3d02090) thrown at [/HUDSON3/workspace/8-2-build-linux-amd64/jdk8u121/8372/hotspot/src/share/vm/prims/jni.cpp, line 1613]
Event: 60.230 Thread 0x00007f56f8007800 Exception <a 'java/lang/NoSuchMethodError': <clinit>> (0x00000000e3d03d10) thrown at [/HUDSON3/workspace/8-2-build-linux-amd64/jdk8u121/8372/hotspot/src/share/vm/prims/jni.cpp, line 1613]
Event: 61.206 Thread 0x00007f56f8007800 Implicit null exception at 0x00007f573e0e2ecd to 0x00007f573e0e3b25
Event: 61.922 Thread 0x00007f56f8007800 Exception <a 'java/lang/NoSuchMethodError': java.lang.Object.lambda$negate$1(Ljava/lang/Object;)Z> (0x00000000e246ac18) thrown at [/HUDSON3/workspace/8-2-build-linux-amd64/jdk8u121/8372/hotspot/src/share/vm/interpreter/linkResolver.cpp, line 582]

Events (10 events):
Event: 67.115 loading class com/sun/tools/javac/util/Position$LineMapImpl done
Event: 67.115 loading class com/sun/tools/javac/util/Position$LineMap
Event: 67.115 loading class com/sun/tools/javac/util/Position$LineMap done
Event: 67.115 loading class com/sun/tools/javac/util/Position$LineTabMapImpl
Event: 67.115 loading class com/sun/tools/javac/util/Position$LineTabMapImpl done
Event: 67.152 loading class com/sun/tools/javac/code/BoundKind
Event: 67.152 loading class com/sun/tools/javac/code/BoundKind done
Event: 67.182 Thread 0x00007f56f8007800 Uncommon trap: trap_request=0xffffff65 fr.pc=0x00007f573d29ef90
Event: 67.182 Thread 0x00007f56f8007800 DEOPT PACKING pc=0x00007f573d29ef90 sp=0x00007f56f3df8da0
Event: 67.182 Thread 0x00007f56f8007800 DEOPT UNPACKING pc=0x00007f573d005229 sp=0x00007f56f3df8d68 mode 2


Dynamic libraries:
00400000-00401000 r-xp 00000000 08:01 11143952                           /usr/local/java/jdk1.8.0_121/bin/java
00600000-00601000 rw-p 00000000 08:01 11143952                           /usr/local/java/jdk1.8.0_121/bin/java
00e4c000-00e6d000 rw-p 00000000 00:00 0                                  [heap]
a0000000-a3480000 rw-p 00000000 00:00 0 
a3480000-e0000000 ---p 00000000 00:00 0 
e0000000-e9280000 rw-p 00000000 00:00 0 
e9280000-100000000 ---p 00000000 00:00 0 
100000000-100800000 rw-p 00000000 00:00 0 
100800000-140000000 ---p 00000000 00:00 0 
7f56b8000000-7f56b8021000 rw-p 00000000 00:00 0 
7f56b8021000-7f56bc000000 ---p 00000000 00:00 0 
7f56bc000000-7f56bc021000 rw-p 00000000 00:00 0 
7f56bc021000-7f56c0000000 ---p 00000000 00:00 0 
7f56c0000000-7f56c0021000 rw-p 00000000 00:00 0 
7f56c0021000-7f56c4000000 ---p 00000000 00:00 0 
7f56c4000000-7f56c4021000 rw-p 00000000 00:00 0 
7f56c4021000-7f56c8000000 ---p 00000000 00:00 0 
7f56c8000000-7f56c802b000 rw-p 00000000 00:00 0 
7f56c802b000-7f56cc000000 ---p 00000000 00:00 0 
7f56cc000000-7f56cc021000 rw-p 00000000 00:00 0 
7f56cc021000-7f56d0000000 ---p 00000000 00:00 0 
7f56d0000000-7f56d0021000 rw-p 00000000 00:00 0 
7f56d0021000-7f56d4000000 ---p 00000000 00:00 0 
7f56d4000000-7f56d4021000 rw-p 00000000 00:00 0 
7f56d4021000-7f56d8000000 ---p 00000000 00:00 0 
7f56d8000000-7f56d8021000 rw-p 00000000 00:00 0 
7f56d8021000-7f56dc000000 ---p 00000000 00:00 0 
7f56dc000000-7f56dc021000 rw-p 00000000 00:00 0 
7f56dc021000-7f56e0000000 ---p 00000000 00:00 0 
7f56e0000000-7f56e1392000 rw-p 00000000 00:00 0 
7f56e1392000-7f56e4000000 ---p 00000000 00:00 0 
7f56e4000000-7f56e4021000 rw-p 00000000 00:00 0 
7f56e4021000-7f56e8000000 ---p 00000000 00:00 0 
7f56e8000000-7f56e8021000 rw-p 00000000 00:00 0 
7f56e8021000-7f56ec000000 ---p 00000000 00:00 0 
7f56ec000000-7f56ec021000 rw-p 00000000 00:00 0 
7f56ec021000-7f56f0000000 ---p 00000000 00:00 0 
7f56f0abb000-7f56f0b3b000 rw-p 00000000 00:00 0 
7f56f0b3b000-7f56f0cbb000 ---p 00000000 00:00 0 
7f56f0cbb000-7f56f0cbd000 r--s 00004000 08:01 5124031                    /home/maram/Android/Sdk/extras/android/m2repository/com/android/support/support-annotations/25.3.1/support-annotations-25.3.1.jar
7f56f0cbd000-7f56f0cd3000 r--s 000a7000 08:01 35652529                   /root/.android/build-cache/e92e444d2ff21421012fc771e2ae2533ab2417c3/output/jars/classes.jar
7f56f0cd3000-7f56f0cd6000 r--s 00017000 08:01 35652553                   /root/.android/build-cache/62f638af9127cf2d37a565ae4bcdc7d15e9e6166/output/jars/classes.jar
7f56f0cd6000-7f56f0cdb000 r--s 0003c000 08:01 35652540                   /root/.android/build-cache/f8720e56801939ebf8f875da7be764f9d8f3ee6e/output/jars/classes.jar
7f56f0cdb000-7f56f0ce3000 r--s 00047000 08:01 35785021                   /root/.android/build-cache/9cf754cd5b0be41d06ebe83336a980de4581af8c/output/jars/classes.jar
7f56f0ce3000-7f56f0ce6000 r--s 00026000 08:01 35652565                   /root/.android/build-cache/7b0e248bfbf840a68e9324a03b777aadcfe1c76c/output/jars/classes.jar
7f56f0ce6000-7f56f0ce7000 r--s 00000000 08:01 35785030                   /root/.android/build-cache/42aaa1312d220543ce532bf4f7e04e50465e7ea0/output/jars/classes.jar
7f56f0ce7000-7f56f0cf0000 r--s 0003f000 08:01 35261473                   /root/.android/build-cache/531c85867db89c3c18034e77a27f73cea869cf30/output/jars/classes.jar
7f56f0cf0000-7f56f0cf2000 r--s 00007000 08:01 35653817                   /root/.android/build-cache/f346319942ee0cc585437ac11a047e963e53b220/output/jars/classes.jar
7f56f0cf2000-7f56f0cfa000 r--s 00046000 08:01 35522865                   /root/.android/build-cache/0fd27fa01263b04b186b6d512814ce8b57766f3d/output/jars/classes.jar
7f56f0cfa000-7f56f0d02000 r--s 00032000 08:01 35653808                   /root/.android/build-cache/a86891135243cb3b64a26a9843391f45fc412417/output/jars/classes.jar
7f56f0d02000-7f56f0d06000 r--s 00017000 08:01 36046854                   /root/.android/build-cache/641bd66dddc745e984d1c1724addd7a6cec71383/output/jars/classes.jar
7f56f0d06000-7f56f0d0a000 r--s 00015000 08:01 36046847                   /root/.android/build-cache/61ea3c22fd9a8cab449891307e4e0de4fb91b6c5/output/jars/classes.jar
7f56f0d0a000-7f56f0d0c000 r--s 00003000 08:01 36309332                   /root/.android/build-cache/ddf91f01e3c9e0a6286d6545b667e326f53cf98c/output/jars/classes.jar
7f56f0d0c000-7f56f0d0e000 r--s 00007000 08:01 36309346                   /root/.android/build-cache/46fc14aa6d53f0a1f00b28168688b487e998c483/output/jars/classes.jar
7f56f0d0e000-7f56f0d10000 r--s 00005000 08:01 36309353                   /root/.android/build-cache/470948643f1e3f78367294b50b220c3b5a88bf1b/output/jars/classes.jar
7f56f0d10000-7f56f0d15000 r--s 0003b000 08:01 36309325                   /root/.android/build-cache/d586e72ea61b36370058ca2f2af5d288de1917dc/output/jars/classes.jar
7f56f0d15000-7f56f0d16000 r--s 00001000 08:01 36309318                   /root/.android/build-cache/879da74a266ec25c06b6e54ae86da4b70ea61a28/output/jars/classes.jar
7f56f0d16000-7f56f0d17000 r--s 00000000 08:01 36309340                   /root/.android/build-cache/9c9c6ec31dd87155e7eff203fa573f12054e9a1a/output/jars/classes.jar
7f56f0d17000-7f56f0d1b000 r--s 00016000 08:01 35785053                   /root/.android/build-cache/70fe5bac5378a491fa6711d72b2fccb4d267e71b/output/jars/classes.jar
7f56f0d1b000-7f56f0d21000 r--s 00052000 08:01 35652507                   /root/.android/build-cache/c12eb9288d2529c602c07a005b4a175d9345319e/output/jars/classes.jar
7f56f0d21000-7f56f0d22000 r--s 00009000 08:01 35785041                   /root/.android/build-cache/fc83a5dbc06e388888d013ee128ba9f930b2552b/output/jars/classes.jar
7f56f0d22000-7f56f0d23000 r--s 00003000 08:01 35130087                   /root/.android/build-cache/c99d63a28942dd1f82a0f0905698ebf82ad3e513/output/jars/classes.jar
7f56f0d23000-7f56f0d2d000 r--s 000a0000 08:01 35130101                   /root/.android/build-cache/dbe3e2080fd72bdee8a5a93cfbfd32fa109809bc/output/jars/classes.jar
7f56f0d2d000-7f56f0d34000 r--s 00050000 08:01 35522697                   /root/.android/build-cache/140ac7ceed014e7c410473cd9dbc7a7cb23ba331/output/jars/classes.jar
7f56f0d34000-7f56f0d36000 r--s 00016000 08:01 1973193                    /home/maram/Android/Sdk/extras/m2repository/com/android/support/constraint/constraint-layout-solver/1.0.2/constraint-layout-solver-1.0.2.jar
7f56f0d36000-7f56f0d37000 r--s 00008000 08:01 35259580                   /root/.android/build-cache/2d5abdfb17541d70eda4e83fd3ab795dd25c6ec3/output/jars/classes.jar
7f56f0d37000-7f56f0d3a000 r--s 00014000 08:01 35782809                   /root/.android/build-cache/a0b5414e974baeaf0b60d7b6b3bd9326dcc13ff0/output/jars/classes.jar
7f56f0d3a000-7f56f0f3a000 rw-p 00000000 00:00 0 
7f56f0f3a000-7f56f0f3d000 ---p 00000000 00:00 0 
7f56f0f3d000-7f56f103b000 rw-p 00000000 00:00 0 
7f56f103b000-7f56f103e000 ---p 00000000 00:00 0 
7f56f103e000-7f56f113c000 rw-p 00000000 00:00 0 
7f56f113c000-7f56f113f000 ---p 00000000 00:00 0 
7f56f113f000-7f56f123d000 rw-p 00000000 00:00 0 
7f56f123d000-7f56f1240000 ---p 00000000 00:00 0 
7f56f1240000-7f56f133e000 rw-p 00000000 00:00 0 
7f56f133e000-7f56f1341000 ---p 00000000 00:00 0 
7f56f1341000-7f56f163f000 rw-p 00000000 00:00 0 
7f56f163f000-7f56f1642000 ---p 00000000 00:00 0 
7f56f1642000-7f56f1940000 rw-p 00000000 00:00 0 
7f56f1940000-7f56f1b40000 rw-p 00000000 00:00 0 
7f56f1b40000-7f56f1d40000 rw-p 00000000 00:00 0 
7f56f1d40000-7f56f1f40000 rw-p 00000000 00:00 0 
7f56f1f40000-7f56f1f53000 r--s 00345000 08:01 11146278                   /usr/local/java/jdk1.8.0_121/jre/lib/resources.jar
7f56f1f53000-7f56f2153000 rw-p 00000000 00:00 0 
7f56f2153000-7f56f2353000 rw-p 00000000 00:00 0 
7f56f2353000-7f56f2553000 rw-p 00000000 00:00 0 
7f56f2553000-7f56f2753000 rw-p 00000000 00:00 0 
7f56f2753000-7f56f2756000 ---p 00000000 00:00 0 
7f56f2756000-7f56f2a54000 rw-p 00000000 00:00 0 
7f56f2a54000-7f56f2a55000 r--s 00001000 08:01 34477923                   /root/.gradle/caches/jars-2/cmhx5eetujk7j30d3nllwxyrlnugzjw/annotations-25.3.3.jar
7f56f2a55000-7f56f2a5d000 r--s 000a8000 08:01 34996888                   /root/.gradle/caches/jars-2/lp0h431tl0554nh1vx6zomcvteflkp/lombok-ast-0.2.3.jar
7f56f2a5d000-7f56f2a71000 r--s 000b4000 08:01 34477921                   /root/.gradle/caches/jars-2/hgvw6szzawm3evod5l2d6iutfug31w0/uast-162.2228.14.jar
7f56f2a71000-7f56f2a73000 r--s 0000d000 08:01 34996884                   /root/.gradle/caches/jars-2/7pwz1bowgakb1eux9ezb56jlturgsyi/commons-codec-1.4.jar
7f56f2a73000-7f56f2a75000 r--s 0000d000 08:01 34996882                   /root/.gradle/caches/jars-2/9dj1m0eyooi5qt13735vz8fpkl3cnfy/commons-logging-1.1.1.jar
7f56f2a75000-7f56f2a7a000 r--s 00028000 08:01 34996880                   /root/.gradle/caches/jars-2/62lv0fe9b3xbqe57f6ljy5upwi7mf6k/httpcore-4.1.jar
7f56f2a7a000-7f56f2a7e000 r--s 0002f000 08:01 34996878                   /root/.gradle/caches/jars-2/gsg5n52frsvw6sx0swqqe2hwijwdcf0/jimfs-1.1.jar
7f56f2a7e000-7f56f2a7f000 r--s 00004000 08:01 34996876                   /root/.gradle/caches/jars-2/lxs252id0979odjrerlctkb26c2vj95/annotations-12.0.jar
7f56f2a7f000-7f56f2a80000 r--s 00004000 08:01 34996874                   /root/.gradle/caches/jars-2/9kn99dr0rulyl67sct1ephwcop56l61/asm-analysis-5.0.4.jar
7f56f2a80000-7f56f2a84000 r--s 00040000 08:01 34477919                   /root/.gradle/caches/jars-2/ccvn7yglm4blceovs70fngoac1eyn4f/lint-api-25.3.3.jar
7f56f2a84000-7f56f2a85000 r--s 0000a000 08:01 34996870                   /root/.gradle/caches/jars-2/nwyg9io65lv6jvmwit2wq82xnnxd7ia/kxml2-2.3.0.jar
7f56f2a85000-7f56f2a87000 r--s 00005000 08:01 34996868                   /root/.gradle/caches/jars-2/i6hc1uuj8e9ck59slmzdyz78ydn8sr6/httpmime-4.1.jar
7f56f2a87000-7f56f2a8f000 r--s 0004e000 08:01 34996866                   /root/.gradle/caches/jars-2/7503wa5irssz0xxahv1xb82p2dl7rr2/httpclient-4.1.1.jar
7f56f2a8f000-7f56f2a96000 r--s 00053000 08:01 34996864                   /root/.gradle/caches/jars-2/jgkfvs4eqggj7qsyw1f5d3up57hanj1/commons-compress-1.8.1.jar
7f56f2a96000-7f56f2a9b000 r--s 0002a000 08:01 34996862                   /root/.gradle/caches/jars-2/je8f027qcr1z1egw08byp1ybxbp9kko/gson-2.2.4.jar
7f56f2a9b000-7f56f2aa0000 r--s 0002e000 08:01 34477917                   /root/.gradle/caches/jars-2/s427p2wh0tfza0xa8qijgx107eeevyl/repository-25.3.3.jar
7f56f2aa0000-7f56f2aa2000 r--s 00006000 08:01 34477915                   /root/.gradle/caches/jars-2/e2s952s6co8tps89l80r4riixwqo2oe/dvlib-25.3.3.jar
7f56f2aa2000-7f56f2aa4000 r--s 00013000 08:01 34477913                   /root/.gradle/caches/jars-2/s02k517nvrh8cbp2c8dz4slqska6dj9/layoutlib-api-25.3.3.jar
7f56f2aa4000-7f56f2aa9000 r--s 00058000 08:01 34996854                   /root/.gradle/caches/jars-2/st159835qgxm0l87oqrnhayxos4lc1n/asm-debug-all-5.0.1.jar
7f56f2aa9000-7f56f2ab9000 r--s 000d5000 08:01 34996852                   /root/.gradle/caches/jars-2/qzf32gp9kej4w4hlbabft6tplu74cj3/proguard-base-5.3.2.jar
7f56f2ab9000-7f56f2abc000 r--s 00033000 08:01 34996850                   /root/.gradle/caches/jars-2/nz9sndmr8b4xbj4xulkaciy5kdbyfiz/juniversalchardet-1.0.3.jar
7f56f2abc000-7f56f2ac0000 r--s 0002a000 08:01 34996848                   /root/.gradle/caches/jars-2/krbpn9xjn1qymukyx8cc5l799ty1v3h/commons-io-2.4.jar
7f56f2ac0000-7f56f2ad7000 r--s 00154000 08:01 34996846                   /root/.gradle/caches/jars-2/sfeivjswzitn6n0fnjx3ueszz8gv8o1/antlr4-4.5.3.jar
7f56f2ad7000-7f56f2ad9000 r--s 00002000 08:01 34477911                   /root/.gradle/caches/jars-2/rh2ip1x2zziz26tr3qzudtz088pqsb2/baseLibrary-2.3.3.jar
7f56f2ad9000-7f56f2b04000 r--s 001fc000 08:01 34996842                   /root/.gradle/caches/jars-2/nxjrjftly2xksl8o0wqgivu5netfu2x/guava-18.0.jar
7f56f2b04000-7f56f2b17000 r--s 00241000 08:01 34996840                   /root/.gradle/caches/jars-2/9yuekvg4qerfitq3xec0iyckuw3hwaq/ecj-4.6.1.jar
7f56f2b17000-7f56f2b1e000 r--s 000d9000 08:01 34477909                   /root/.gradle/caches/jars-2/ak89aa8liqmr44u7r08njntn6oehe0z/lint-checks-25.3.3.jar
7f56f2b1e000-7f56f2b20000 r--s 00006000 08:01 34996836                   /root/.gradle/caches/jars-2/6phgj9ki3jl3p5epzkqoo8pr6kur40b/asm-tree-5.0.4.jar
7f56f2b20000-7f56f2b53000 r--s 00203000 08:01 34996834                   /root/.gradle/caches/jars-2/hj0bfvxu9cq7hkwmecvp0kg137or3hh/bcprov-jdk15on-1.48.jar
7f56f2b53000-7f56f2b61000 r--s 00081000 08:01 34996832                   /root/.gradle/caches/jars-2/4r7xli0tz94y0wfjrdyjxlxar3g1pb9/bcpkix-jdk15on-1.48.jar
7f56f2b61000-7f56f2b63000 r--s 00002000 08:01 34996830                   /root/.gradle/caches/jars-2/f32bh5uivuf69ecz2j8hl96ksnqdh7v/javawriter-2.5.0.jar
7f56f2b63000-7f56f2b65000 r--s 00004000 08:01 34477907                   /root/.gradle/caches/jars-2/j6s1upogkwo00sygdsekzj4fx0i75uy/tracker-25.3.3.jar
7f56f2b65000-7f56f2b66000 r--s 00005000 08:01 34477905                   /root/.gradle/caches/jars-2/4svya0t1s9wyo35ycd3atidsaoo6w7e/shared-25.3.3.jar
7f56f2b66000-7f56f2b74000 r--s 00147000 08:01 34477903                   /root/.gradle/caches/jars-2/qx6695c5ocd9swxv7wqtxor3plyb4b7/protos-25.3.3.jar
7f56f2b74000-7f56f2b75000 r--s 00001000 08:01 34477901                   /root/.gradle/caches/jars-2/bqo69msswbvaagsh45hf1tq02v21sml/jill-api-0.10.0.jar
7f56f2b75000-7f56f2b77000 r--s 00003000 08:01 34477899                   /root/.gradle/caches/jars-2/7pldadygbci34ql8thws797g29k1uhh/jack-api-0.13.0.jar
7f56f2b77000-7f56f2b7d000 r--s 0004a000 08:01 34477897                   /root/.gradle/caches/jars-2/euoqfzf5y1sibp9ul8mcz0wovj380eo/ddmlib-25.3.3.jar
7f56f2b7d000-7f56f2b80000 r--s 00022000 08:01 34477895                   /root/.gradle/caches/jars-2/a81bg2yxzmumashablwecaj0ksz6tmj/manifest-merger-25.3.3.jar
7f56f2b80000-7f56f2b83000 r--s 0001c000 08:01 34477893                   /root/.gradle/caches/jars-2/l6cnyee1vojrkkbpp6qwgpf30shmrja/common-25.3.3.jar
7f56f2b83000-7f56f2b8c000 r--s 00089000 08:01 34477891                   /root/.gradle/caches/jars-2/m0t6h8af70sdgxvkj522jy01i14mnb8/sdk-common-25.3.3.jar
7f56f2b8c000-7f56f2b96000 r--s 00098000 08:01 34477889                   /root/.gradle/caches/jars-2/28c9ykhc782k8jmlrnbnccai34hziki/sdklib-25.3.3.jar
7f56f2b96000-7f56f2b97000 r--s 00002000 08:01 34477887                   /root/.gradle/caches/jars-2/4dod7a1p5hoai4v37pxbcg65bbahvg2/builder-test-api-2.3.3.jar
7f56f2b97000-7f56f2b9a000 r--s 00006000 08:01 34477885                   /root/.gradle/caches/jars-2/omk02asobup8sgd6qxom3ej5bg94z2r/builder-model-2.3.3.jar
7f56f2b9a000-7f56f2ba9000 r--s 00130000 08:01 34996804                   /root/.gradle/caches/jars-2/cr6zkqpx14lor9zdtmo49qpc7y8r8p4/protobuf-java-3.0.0.jar
7f56f2ba9000-7f56f2bab000 r--s 0000f000 08:01 34996802                   /root/.gradle/caches/jars-2/rvfyugrlu5tbpz51p98og0qsxamjq4k/jopt-simple-4.9.jar
7f56f2bab000-7f56f2baf000 r--s 0001f000 08:01 34996800                   /root/.gradle/caches/jars-2/nq3fzqkrrm37ob61z4iu5qdbh368uat/org.jacoco.report-0.7.5.201505241946.jar
7f56f2baf000-7f56f2bb3000 r--s 0001d000 08:01 34996798                   /root/.gradle/caches/jars-2/3kxkmcckmk40ron92zhbm0qjo9l4bkl/org.jacoco.core-0.7.5.201505241946.jar
7f56f2bb3000-7f56f2bb5000 r--s 00002000 08:01 34996796                   /root/.gradle/caches/jars-2/m4m0pzb4gmaeh0in5g2xc4bxeuwt828/proguard-gradle-5.3.2.jar
7f56f2bb5000-7f56f2bb7000 r--s 00009000 08:01 34996794                   /root/.gradle/caches/jars-2/ajvcvdu66lc9e3tvvipxtuq48i9bbkc/asm-commons-5.0.4.jar
7f56f2bb7000-7f56f2bb9000 r--s 0000c000 08:01 34996792                   /root/.gradle/caches/jars-2/1laz1ygmxoc408r7nwqs1q8uk8r236d/asm-5.0.4.jar
7f56f2bb9000-7f56f2bbe000 r--s 0002c000 08:01 34477883                   /root/.gradle/caches/jars-2/3mlasgi8oo9o7oa12526198jui9zmp2/compilerCommon-2.3.3.jar
7f56f2bbe000-7f56f2bbf000 r--s 00002000 08:01 34477881                   /root/.gradle/caches/jars-2/73l309uzm0ila7rdaaxteq0ng4ayf2y/gradle-api-2.3.3.jar
7f56f2bbf000-7f56f2bc0000 r--s 00000000 08:01 34477879                   /root/.gradle/caches/jars-2/tlyajppf8woug00g686fx5mchf8iv3o/transform-api-2.0.0-deprecated-use-gradle-api.jar
7f56f2bc0000-7f56f2bc5000 r--s 0005e000 08:01 34477877                   /root/.gradle/caches/jars-2/k2xtosjt0in0zj7mpwvctw6iznt93uh/lint-25.3.3.jar
7f56f2bc5000-7f56f2bdb000 r--s 00163000 08:01 34477875                   /root/.gradle/caches/jars-2/nyg71b5n2lzymmwh5vbtmvjiby07k4g/builder-2.3.3.jar
7f56f2bdb000-7f56f2bfa000 r--s 001ca000 08:01 34477873                   /root/.gradle/caches/jars-2/5fwyvjq1ai8mdh1mluqxidj1wo7rls8/gradle-core-2.3.3.jar
7f56f2bfa000-7f56f2bfc000 r--s 00007000 08:01 393249                     /root/.gradle/caches/modules-2/files-2.1/com.google.gms/google-services/3.1.0/166ae4e6acd03b7bbebe221ffa54bc039fece1b9/google-services-3.1.0.jar
7f56f2bfc000-7f56f2dfc000 rw-p 00000000 00:00 0 
7f56f2dfc000-7f56f2ffc000 rw-p 00000000 00:00 0 
7f56f2ffc000-7f56f2fff000 ---p 00000000 00:00 0 
7f56f2fff000-7f56f32fd000 rw-p 00000000 00:00 0 
7f56f32fd000-7f56f34fd000 rw-p 00000000 00:00 0 
7f56f34fd000-7f56f36fd000 rw-p 00000000 00:00 0 
7f56f36fd000-7f56f38fd000 rw-p 00000000 00:00 0 
7f56f38fd000-7f56f3afd000 rw-p 00000000 00:00 0 
7f56f3afd000-7f56f3b00000 ---p 00000000 00:00 0 
7f56f3b00000-7f56f3bfe000 rw-p 00000000 00:00 0 
7f56f3bfe000-7f56f3c01000 ---p 00000000 00:00 0 
7f56f3c01000-7f56f3cff000 rw-p 00000000 00:00 0 
7f56f3cff000-7f56f3d02000 ---p 00000000 00:00 0 
7f56f3d02000-7f56f4000000 rw-p 00000000 00:00 0 
7f56f4000000-7f56f4070000 rw-p 00000000 00:00 0 
7f56f4070000-7f56f8000000 ---p 00000000 00:00 0 
7f56f8000000-7f56f8021000 rw-p 00000000 00:00 0 
7f56f8021000-7f56fc000000 ---p 00000000 00:00 0 
7f56fc000000-7f56fc299000 rw-p 00000000 00:00 0 
7f56fc299000-7f5700000000 ---p 00000000 00:00 0 
7f5700000000-7f5700002000 r--s 0000d000 08:01 34477871                   /root/.gradle/caches/jars-2/mel54vauze7hczg2p6nebauqz8s53sj/gradle-2.3.3.jar
7f5700002000-7f5700005000 ---p 00000000 00:00 0 
7f5700005000-7f570003b000 rw-p 00000000 00:00 0 
7f570003b000-7f570003c000 r--p 00000000 00:00 0 
7f570003c000-7f57000b6000 r--s 010f6000 08:01 11020816                   /usr/local/java/jdk1.8.0_121/lib/tools.jar
7f57000b6000-7f57000b9000 ---p 00000000 00:00 0 
7f57000b9000-7f57001b7000 rw-p 00000000 00:00 0 
7f57001b7000-7f57001ba000 ---p 00000000 00:00 0 
7f57001ba000-7f57002b8000 rw-p 00000000 00:00 0 
7f57002b8000-7f57002bb000 ---p 00000000 00:00 0 
7f57002bb000-7f57003b9000 rw-p 00000000 00:00 0 
7f57003b9000-7f57003c0000 r--s 00000000 08:01 11280200                   /usr/lib/x86_64-linux-gnu/gconv/gconv-modules.cache
7f57003c0000-7f57005c0000 rw-p 00000000 00:00 0 
7f57005c0000-7f57005c3000 ---p 00000000 00:00 0 
7f57005c3000-7f57006c1000 rw-p 00000000 00:00 0 
7f57006c1000-7f57006c4000 ---p 00000000 00:00 0 
7f57006c4000-7f57007c2000 rw-p 00000000 00:00 0 
7f57007c2000-7f57007cb000 r-xp 00000000 08:01 11144070                   /usr/local/java/jdk1.8.0_121/jre/lib/amd64/libmanagement.so
7f57007cb000-7f57009ca000 ---p 00009000 08:01 11144070                   /usr/local/java/jdk1.8.0_121/jre/lib/amd64/libmanagement.so
7f57009ca000-7f57009cb000 rw-p 00008000 08:01 11144070                   /usr/local/java/jdk1.8.0_121/jre/lib/amd64/libmanagement.so
7f57009cb000-7f57009cf000 r--s 0009a000 08:01 11143978                   /usr/local/java/jdk1.8.0_121/jre/lib/jsse.jar
7f57009cf000-7f57009d1000 r--s 00007000 08:01 34341942                   /root/.gradle/wrapper/dists/gradle-3.3-all/55gk2rcmfc6p2dg9u9ohc3hw9/gradle-3.3/lib/plugins/gradle-tooling-api-builders-3.3.jar
7f57009d1000-7f57009d4000 r--s 00009000 08:01 34341935                   /root/.gradle/wrapper/dists/gradle-3.3-all/55gk2rcmfc6p2dg9u9ohc3hw9/gradle-3.3/lib/plugins/gradle-testing-native-3.3.jar
7f57009d4000-7f57009da000 r--s 00033000 08:01 34342010                   /root/.gradle/wrapper/dists/gradle-3.3-all/55gk2rcmfc6p2dg9u9ohc3hw9/gradle-3.3/lib/plugins/snakeyaml-1.6.jar
7f57009da000-7f57009dc000 r--s 00006000 08:01 34342009                   /root/.gradle/wrapper/dists/gradle-3.3-all/55gk2rcmfc6p2dg9u9ohc3hw9/gradle-3.3/lib/plugins/jcommander-1.12.jar
7f57009dc000-7f57009e1000 r--s 00040000 08:01 34342008                   /root/.gradle/wrapper/dists/gradle-3.3-all/55gk2rcmfc6p2dg9u9ohc3hw9/gradle-3.3/lib/plugins/bsh-2.0b4.jar
7f57009e1000-7f57009e3000 r--s 00009000 08:01 34342016                   /root/.gradle/wrapper/dists/gradle-3.3-all/55gk2rcmfc6p2dg9u9ohc3hw9/gradle-3.3/lib/plugins/hamcrest-core-1.3.jar
7f57009e3000-7f57009ec000 r--s 00089000 08:01 34341967                   /root/.gradle/wrapper/dists/gradle-3.3-all/55gk2rcmfc6p2dg9u9ohc3hw9/gradle-3.3/lib/plugins/testng-6.3.1.jar
7f57009ec000-7f57009f4000 r--s 00045000 08:01 34341966                   /root/.gradle/wrapper/dists/gradle-3.3-all/55gk2rcmfc6p2dg9u9ohc3hw9/gradle-3.3/lib/plugins/junit-4.12.jar
7f57009f4000-7f57009fa000 r--s 0002e000 08:01 34341936                   /root/.gradle/wrapper/dists/gradle-3.3-all/55gk2rcmfc6p2dg9u9ohc3hw9/gradle-3.3/lib/plugins/gradle-testing-jvm-3.3.jar
7f57009fa000-7f57009fe000 r--s 00016000 08:01 34341934                   /root/.gradle/wrapper/dists/gradle-3.3-all/55gk2rcmfc6p2dg9u9ohc3hw9/gradle-3.3/lib/plugins/gradle-testing-base-3.3.jar
7f57009fe000-7f5700a05000 r--s 00038000 08:01 34341961                   /root/.gradle/wrapper/dists/gradle-3.3-all/55gk2rcmfc6p2dg9u9ohc3hw9/gradle-3.3/lib/plugins/bcpg-jdk15on-1.51.jar
7f5700a05000-7f5700a07000 r--s 0000c000 08:01 34341913                   /root/.gradle/wrapper/dists/gradle-3.3-all/55gk2rcmfc6p2dg9u9ohc3hw9/gradle-3.3/lib/plugins/gradle-signing-3.3.jar
7f5700a07000-7f5700a09000 r--s 00007000 08:01 34341912                   /root/.gradle/wrapper/dists/gradle-3.3-all/55gk2rcmfc6p2dg9u9ohc3hw9/gradle-3.3/lib/plugins/gradle-scala-3.3.jar
7f5700a09000-7f5700a19000 r--s 00088000 08:01 34341977                   /root/.gradle/wrapper/dists/gradle-3.3-all/55gk2rcmfc6p2dg9u9ohc3hw9/gradle-3.3/lib/plugins/joda-time-2.8.2.jar
7f5700a19000-7f5700a2a000 r--s 0010d000 08:01 34341976                   /root/.gradle/wrapper/dists/gradle-3.3-all/55gk2rcmfc6p2dg9u9ohc3hw9/gradle-3.3/lib/plugins/jackson-databind-2.6.6.jar
7f5700a2a000-7f5700a2d000 r--s 00009000 08:01 34341975                   /root/.gradle/wrapper/dists/gradle-3.3-all/55gk2rcmfc6p2dg9u9ohc3hw9/gradle-3.3/lib/plugins/jackson-annotations-2.6.6.jar
7f5700a2d000-7f5700a31000 r--s 0003c000 08:01 34341974                   /root/.gradle/wrapper/dists/gradle-3.3-all/55gk2rcmfc6p2dg9u9ohc3hw9/gradle-3.3/lib/plugins/jackson-core-2.6.6.jar
7f5700a31000-7f5700a3f000 r--s 00087000 08:01 34341973                   /root/.gradle/wrapper/dists/gradle-3.3-all/55gk2rcmfc6p2dg9u9ohc3hw9/gradle-3.3/lib/plugins/aws-java-sdk-core-1.11.6.jar
7f5700a3f000-7f5700a46000 r--s 00057000 08:01 34341972                   /root/.gradle/wrapper/dists/gradle-3.3-all/55gk2rcmfc6p2dg9u9ohc3hw9/gradle-3.3/lib/plugins/aws-java-sdk-kms-1.11.6.jar
7f5700a46000-7f5700a53000 r--s 0008e000 08:01 34341971                   /root/.gradle/wrapper/dists/gradle-3.3-all/55gk2rcmfc6p2dg9u9ohc3hw9/gradle-3.3/lib/plugins/aws-java-sdk-s3-1.11.6.jar
7f5700a53000-7f5700a55000 r--s 00004000 08:01 34341941                   /root/.gradle/wrapper/dists/gradle-3.3-all/55gk2rcmfc6p2dg9u9ohc3hw9/gradle-3.3/lib/plugins/gradle-resources-s3-3.3.jar
7f5700a55000-7f5700a57000 r--s 00005000 08:01 34341965                   /root/.gradle/wrapper/dists/gradle-3.3-all/55gk2rcmfc6p2dg9u9ohc3hw9/gradle-3.3/lib/plugins/jatl-0.2.2.jar
7f5700a57000-7f5700a59000 r--s 0000f000 08:01 34341918                   /root/.gradle/wrapper/dists/gradle-3.3-all/55gk2rcmfc6p2dg9u9ohc3hw9/gradle-3.3/lib/plugins/gradle-reporting-3.3.jar
7f5700a59000-7f5700a5b000 r--s 00002000 08:01 34341919                   /root/.gradle/wrapper/dists/gradle-3.3-all/55gk2rcmfc6p2dg9u9ohc3hw9/gradle-3.3/lib/plugins/gradle-publish-3.3.jar
7f5700a5b000-7f5700a61000 r--s 00031000 08:01 34341904                   /root/.gradle/wrapper/dists/gradle-3.3-all/55gk2rcmfc6p2dg9u9ohc3hw9/gradle-3.3/lib/plugins/gradle-plugins-3.3.jar
7f5700a61000-7f5700a67000 r--s 0002b000 08:01 34341930                   /root/.gradle/wrapper/dists/gradle-3.3-all/55gk2rcmfc6p2dg9u9ohc3hw9/gradle-3.3/lib/plugins/gradle-platform-play-3.3.jar
7f5700a67000-7f5700a7d000 r-xp 00000000 08:01 4985220                    /lib/x86_64-linux-gnu/libgcc_s.so.1
7f5700a7d000-7f5700c7c000 ---p 00016000 08:01 4985220                    /lib/x86_64-linux-gnu/libgcc_s.so.1
7f5700c7c000-7f5700c7d000 rw-p 00015000 08:01 4985220                    /lib/x86_64-linux-gnu/libgcc_s.so.1
7f5700c7d000-7f5700def000 r-xp 00000000 08:01 11012225                   /usr/lib/x86_64-linux-gnu/libstdc++.so.6.0.21
7f5700def000-7f5700fef000 ---p 00172000 08:01 11012225                   /usr/lib/x86_64-linux-gnu/libstdc++.so.6.0.21
7f5700fef000-7f5700ff9000 r--p 00172000 08:01 11012225                   /usr/lib/x86_64-linux-gnu/libstdc++.so.6.0.21
7f5700ff9000-7f5700ffb000 rw-p 0017c000 08:01 11012225                   /usr/lib/x86_64-linux-gnu/libstdc++.so.6.0.21
7f5700ffb000-7f5704000000 rw-p 00000000 00:00 0 
7f5704000000-7f5704021000 rw-p 00000000 00:00 0 
7f5704021000-7f5708000000 ---p 00000000 00:00 0 
7f5708000000-7f5708021000 rw-p 00000000 00:00 0 
7f5708021000-7f570c000000 ---p 00000000 00:00 0 
7f570c000000-7f570dd64000 rw-p 00000000 00:00 0 
7f570dd64000-7f5710000000 ---p 00000000 00:00 0 
7f5710000000-7f5710d7d000 rw-p 00000000 00:00 0 
7f5710d7d000-7f5714000000 ---p 00000000 00:00 0 
7f5714000000-7f5714021000 rw-p 00000000 00:00 0 
7f5714021000-7f5718000000 ---p 00000000 00:00 0 
7f5718000000-7f571a6da000 rw-p 00000000 00:00 0 
7f571a6da000-7f571c000000 ---p 00000000 00:00 0 
7f571c000000-7f571c021000 rw-p 00000000 00:00 0 
7f571c021000-7f5720000000 ---p 00000000 00:00 0 
7f5720000000-7f5720021000 rw-p 00000000 00:00 0 
7f5720021000-7f5724000000 ---p 00000000 00:00 0 
7f5724000000-7f5724029000 rw-p 00000000 00:00 0 
7f5724029000-7f5728000000 ---p 00000000 00:00 0 
7f5728000000-7f572805e000 rw-p 00000000 00:00 0 
7f572805e000-7f572c000000 ---p 00000000 00:00 0 
7f572c000000-7f572c001000 r--s 00004000 08:01 34341940                   /root/.gradle/wrapper/dists/gradle-3.3-all/55gk2rcmfc6p2dg9u9ohc3hw9/gradle-3.3/lib/plugins/gradle-resources-sftp-3.3.jar
7f572c001000-7f572c003000 r--s 00009000 08:01 34341948                   /root/.gradle/wrapper/dists/gradle-3.3-all/55gk2rcmfc6p2dg9u9ohc3hw9/gradle-3.3/lib/plugins/commons-cli-1.2.jar
7f572c003000-7f572c005000 r--s 00009000 08:01 34341937                   /root/.gradle/wrapper/dists/gradle-3.3-all/55gk2rcmfc6p2dg9u9ohc3hw9/gradle-3.3/lib/plugins/gradle-plugin-development-3.3.jar
7f572c005000-7f572c013000 r--s 00055000 08:01 34341929                   /root/.gradle/wrapper/dists/gradle-3.3-all/55gk2rcmfc6p2dg9u9ohc3hw9/gradle-3.3/lib/plugins/gradle-platform-native-3.3.jar
7f572c013000-7f572c018000 r--s 0001f000 08:01 34341924                   /root/.gradle/wrapper/dists/gradle-3.3-all/55gk2rcmfc6p2dg9u9ohc3hw9/gradle-3.3/lib/plugins/gradle-platform-jvm-3.3.jar
7f572c018000-7f572c020000 r--s 00027000 08:01 34341923                   /root/.gradle/wrapper/dists/gradle-3.3-all/55gk2rcmfc6p2dg9u9ohc3hw9/gradle-3.3/lib/plugins/gradle-platform-base-3.3.jar
7f572c020000-7f572c048000 r--s 0021c000 08:01 34341956                   /root/.gradle/wrapper/dists/gradle-3.3-all/55gk2rcmfc6p2dg9u9ohc3hw9/gradle-3.3/lib/plugins/biz.aQute.bndlib-3.2.0.jar
7f572c048000-7f572c04a000 r--s 00003000 08:01 34341908                   /root/.gradle/wrapper/dists/gradle-3.3-all/55gk2rcmfc6p2dg9u9ohc3hw9/gradle-3.3/lib/plugins/gradle-osgi-3.3.jar
7f572c04a000-7f572c04d000 r--s 0000c000 08:01 34341959                   /root/.gradle/wrapper/dists/gradle-3.3-all/55gk2rcmfc6p2dg9u9ohc3hw9/gradle-3.3/lib/plugins/pmaven-groovy-0.8-20100325.jar
7f572c04d000-7f572c04e000 r--s 00004000 08:01 34341958                   /root/.gradle/wrapper/dists/gradle-3.3-all/55gk2rcmfc6p2dg9u9ohc3hw9/gradle-3.3/lib/plugins/pmaven-common-0.8-20100325.jar
7f572c04e000-7f572c054000 r--s 00023000 08:01 34341909                   /root/.gradle/wrapper/dists/gradle-3.3-all/55gk2rcmfc6p2dg9u9ohc3hw9/gradle-3.3/lib/plugins/gradle-maven-3.3.jar
7f572c054000-7f572c057000 r--s 0000b000 08:01 34341928                   /root/.gradle/wrapper/dists/gradle-3.3-all/55gk2rcmfc6p2dg9u9ohc3hw9/gradle-3.3/lib/plugins/gradle-language-scala-3.3.jar
7f572c057000-7f572c05d000 r--s 0001a000 08:01 34341932                   /root/.gradle/wrapper/dists/gradle-3.3-all/55gk2rcmfc6p2dg9u9ohc3hw9/gradle-3.3/lib/plugins/gradle-language-native-3.3.jar
7f572c05d000-7f572c060000 r--s 00005000 08:01 34341925                   /root/.gradle/wrapper/dists/gradle-3.3-all/55gk2rcmfc6p2dg9u9ohc3hw9/gradle-3.3/lib/plugins/gradle-language-jvm-3.3.jar
7f572c060000-7f572c066000 r--s 00027000 08:01 34341926                   /root/.gradle/wrapper/dists/gradle-3.3-all/55gk2rcmfc6p2dg9u9ohc3hw9/gradle-3.3/lib/plugins/gradle-language-java-3.3.jar
7f572c066000-7f572c068000 r--s 0000a000 08:01 34341927                   /root/.gradle/wrapper/dists/gradle-3.3-all/55gk2rcmfc6p2dg9u9ohc3hw9/gradle-3.3/lib/plugins/gradle-language-groovy-3.3.jar
7f572c068000-7f572c06b000 r--s 0001e000 08:01 34341983                   /root/.gradle/wrapper/dists/gradle-3.3-all/55gk2rcmfc6p2dg9u9ohc3hw9/gradle-3.3/lib/plugins/jsp-api-2.1-6.1.14.jar
7f572c06b000-7f572c08e000 r--s 00344000 08:01 34341982                   /root/.gradle/wrapper/dists/gradle-3.3-all/55gk2rcmfc6p2dg9u9ohc3hw9/gradle-3.3/lib/plugins/core-3.1.1.jar
7f572c08e000-7f572c08f000 r--s 00006000 08:01 34341981                   /root/.gradle/wrapper/dists/gradle-3.3-all/55gk2rcmfc6p2dg9u9ohc3hw9/gradle-3.3/lib/plugins/jetty-naming-6.1.26.jar
7f572c08f000-7f572c090000 r--s 00002000 08:01 34341955                   /root/.gradle/wrapper/dists/gradle-3.3-all/55gk2rcmfc6p2dg9u9ohc3hw9/gradle-3.3/lib/plugins/geronimo-annotation_1.0_spec-1.0.jar
7f572c090000-7f572c092000 r--s 00002000 08:01 34341954                   /root/.gradle/wrapper/dists/gradle-3.3-all/55gk2rcmfc6p2dg9u9ohc3hw9/gradle-3.3/lib/plugins/jetty-annotations-6.1.26.jar
7f572c092000-7f572c0a3000 r--s 000ea000 08:01 34341953                   /root/.gradle/wrapper/dists/gradle-3.3-all/55gk2rcmfc6p2dg9u9ohc3hw9/gradle-3.3/lib/plugins/jsp-2.1-6.1.14.jar
7f572c0a3000-7f572c0a5000 r--s 0000d000 08:01 34341952                   /root/.gradle/wrapper/dists/gradle-3.3-all/55gk2rcmfc6p2dg9u9ohc3hw9/gradle-3.3/lib/plugins/jetty-plus-6.1.26.jar
7f572c0a5000-7f572c0a7000 r--s 0001f000 08:01 34341951                   /root/.gradle/wrapper/dists/gradle-3.3-all/55gk2rcmfc6p2dg9u9ohc3hw9/gradle-3.3/lib/plugins/servlet-api-2.5-20081211.jar
7f572c0a7000-7f572c0ab000 r--s 00028000 08:01 34341950                   /root/.gradle/wrapper/dists/gradle-3.3-all/55gk2rcmfc6p2dg9u9ohc3hw9/gradle-3.3/lib/plugins/jetty-util-6.1.26.jar
7f572c0ab000-7f572c0b2000 r--s 0007d000 08:01 34341949                   /root/.gradle/wrapper/dists/gradle-3.3-all/55gk2rcmfc6p2dg9u9ohc3hw9/gradle-3.3/lib/plugins/jetty-6.1.26.jar
7f572c0b2000-7f572c0b4000 r--s 0000a000 08:01 34341906                   /root/.gradle/wrapper/dists/gradle-3.3-all/55gk2rcmfc6p2dg9u9ohc3hw9/gradle-3.3/lib/plugins/gradle-jetty-3.3.jar
7f572c0b4000-7f572c0bb000 r--s 00035000 08:01 34341964                   /root/.gradle/wrapper/dists/gradle-3.3-all/55gk2rcmfc6p2dg9u9ohc3hw9/gradle-3.3/lib/plugins/simple-4.1.21.jar
7f572c0bb000-7f572c0c7000 r--s 00100000 08:01 34341962                   /root/.gradle/wrapper/dists/gradle-3.3-all/55gk2rcmfc6p2dg9u9ohc3hw9/gradle-3.3/lib/plugins/rhino-1.7R3.jar
7f572c0c7000-7f572c0cb000 r--s 00012000 08:01 34341915                   /root/.gradle/wrapper/dists/gradle-3.3-all/55gk2rcmfc6p2dg9u9ohc3hw9/gradle-3.3/lib/plugins/gradle-javascript-3.3.jar
7f572c0cb000-7f572c0cd000 r--s 0000d000 08:01 34341921                   /root/.gradle/wrapper/dists/gradle-3.3-all/55gk2rcmfc6p2dg9u9ohc3hw9/gradle-3.3/lib/plugins/gradle-jacoco-3.3.jar
7f572c0cd000-7f572c0d0000 r--s 0000e000 08:01 34341920                   /root/.gradle/wrapper/dists/gradle-3.3-all/55gk2rcmfc6p2dg9u9ohc3hw9/gradle-3.3/lib/plugins/gradle-ivy-3.3.jar
7f572c0d0000-7f572c0d1000 r--s 00002000 08:01 34341931                   /root/.gradle/wrapper/dists/gradle-3.3-all/55gk2rcmfc6p2dg9u9ohc3hw9/gradle-3.3/lib/plugins/gradle-ide-play-3.3.jar
7f572c0d1000-7f572c0d4000 r--s 00013000 08:01 34341933                   /root/.gradle/wrapper/dists/gradle-3.3-all/55gk2rcmfc6p2dg9u9ohc3hw9/gradle-3.3/lib/plugins/gradle-ide-native-3.3.jar
7f572c0d4000-7f572c0dd000 r--s 00055000 08:01 34341910                   /root/.gradle/wrapper/dists/gradle-3.3-all/55gk2rcmfc6p2dg9u9ohc3hw9/gradle-3.3/lib/plugins/gradle-ide-3.3.jar
7f572c0dd000-7f572c0df000 r--s 00007000 08:01 34341914                   /root/.gradle/wrapper/dists/gradle-3.3-all/55gk2rcmfc6p2dg9u9ohc3hw9/gradle-3.3/lib/plugins/gradle-ear-3.3.jar
7f572c0df000-7f572c0e5000 r--s 00039000 08:01 34341917                   /root/.gradle/wrapper/dists/gradle-3.3-all/55gk2rcmfc6p2dg9u9ohc3hw9/gradle-3.3/lib/plugins/gradle-diagnostics-3.3.jar
7f572c0e5000-7f572c0e6000 r--s 00009000 08:01 34341943                   /root/.gradle/wrapper/dists/gradle-3.3-all/55gk2rcmfc6p2dg9u9ohc3hw9/gradle-3.3/lib/plugins/gradle-composite-builds-3.3.jar
7f572c0e6000-7f572c0ea000 r--s 00023000 08:01 34341905                   /root/.gradle/wrapper/dists/gradle-3.3-all/55gk2rcmfc6p2dg9u9ohc3hw9/gradle-3.3/lib/plugins/gradle-code-quality-3.3.jar
7f572c0ea000-7f572c0ee000 r--s 00022000 08:01 34341922                   /root/.gradle/wrapper/dists/gradle-3.3-all/55gk2rcmfc6p2dg9u9ohc3hw9/gradle-3.3/lib/plugins/gradle-build-init-3.3.jar
7f572c0ee000-7f572c0f4000 r--s 0008e000 08:01 34341916                   /root/.gradle/wrapper/dists/gradle-3.3-all/55gk2rcmfc6p2dg9u9ohc3hw9/gradle-3.3/lib/plugins/gradle-build-comparison-3.3.jar
7f572c0f4000-7f572c0f5000 r--s 00001000 08:01 34341944                   /root/.gradle/wrapper/dists/gradle-3.3-all/55gk2rcmfc6p2dg9u9ohc3hw9/gradle-3.3/lib/plugins/gradle-build-cache-http-3.3.jar
7f572c0f5000-7f572c0f7000 r--s 00008000 08:01 34341907                   /root/.gradle/wrapper/dists/gradle-3.3-all/55gk2rcmfc6p2dg9u9ohc3hw9/gradle-3.3/lib/plugins/gradle-antlr-3.3.jar
7f572c0f7000-7f572c0f9000 r--s 00004000 08:01 34341911                   /root/.gradle/wrapper/dists/gradle-3.3-all/55gk2rcmfc6p2dg9u9ohc3hw9/gradle-3.3/lib/plugins/gradle-announce-3.3.jar
7f572c0f9000-7f572c111000 r--s 00115000 08:01 34342013                   /root/.gradle/wrapper/dists/gradle-3.3-all/55gk2rcmfc6p2dg9u9ohc3hw9/gradle-3.3/lib/plugins/xercesImpl-2.9.1.jar
7f572c111000-7f572c119000 r--s 00028000 08:01 34342014                   /root/.gradle/wrapper/dists/gradle-3.3-all/55gk2rcmfc6p2dg9u9ohc3hw9/gradle-3.3/lib/plugins/xml-apis-1.3.04.jar
7f572c119000-7f572c11f000 r--s 0005b000 08:01 34342012                   /root/.gradle/wrapper/dists/gradle-3.3-all/55gk2rcmfc6p2dg9u9ohc3hw9/gradle-3.3/lib/plugins/jcifs-1.3.17.jar
7f572c11f000-7f572c125000 r--s 00033000 08:01 34341960                   /root/.gradle/wrapper/dists/gradle-3.3-all/55gk2rcmfc6p2dg9u9ohc3hw9/gradle-3.3/lib/plugins/commons-codec-1.6.jar
7f572c125000-7f572c12c000 r--s 00049000 08:01 34342011                   /root/.gradle/wrapper/dists/gradle-3.3-all/55gk2rcmfc6p2dg9u9ohc3hw9/gradle-3.3/lib/plugins/httpcore-4.4.4.jar
7f572c12c000-7f572c12f000 r--s 0001c000 08:01 34341969                   /root/.gradle/wrapper/dists/gradle-3.3-all/55gk2rcmfc6p2dg9u9ohc3hw9/gradle-3.3/lib/plugins/nekohtml-1.9.14.jar
7f572c12f000-7f572c13c000 r--s 000a4000 08:01 34341968                   /root/.gradle/wrapper/dists/gradle-3.3-all/55gk2rcmfc6p2dg9u9ohc3hw9/gradle-3.3/lib/plugins/httpclient-4.4.1.jar
7f572c13c000-7f572c13f000 r--s 0000a000 08:01 34341939                   /root/.gradle/wrapper/dists/gradle-3.3-all/55gk2rcmfc6p2dg9u9ohc3hw9/gradle-3.3/lib/plugins/gradle-resources-http-3.3.jar
7f572c13f000-7f572c143000 r--s 00015000 08:01 34341938                   /root/.gradle/wrapper/dists/gradle-3.3-all/55gk2rcmfc6p2dg9u9ohc3hw9/gradle-3.3/lib/plugins/gradle-plugin-use-3.3.jar
7f572c143000-7f572c144000 r--s 00000000 08:01 34341850                   /root/.gradle/wrapper/dists/gradle-3.3-all/55gk2rcmfc6p2dg9u9ohc3hw9/gradle-3.3/lib/gradle-installation-beacon-3.3.jar
7f572c144000-7f572c146000 r--s 00006000 08:01 34342007                   /root/.gradle/wrapper/dists/gradle-3.3-all/55gk2rcmfc6p2dg9u9ohc3hw9/gradle-3.3/lib/plugins/aether-connector-wagon-1.13.1.jar
7f572c146000-7f572c14a000 r--s 0001c000 08:01 34342006                   /root/.gradle/wrapper/dists/gradle-3.3-all/55gk2rcmfc6p2dg9u9ohc3hw9/gradle-3.3/lib/plugins/aether-util-1.13.1.jar
7f572c14a000-7f572c14b000 r--s 00003000 08:01 34342005                   /root/.gradle/wrapper/dists/gradle-3.3-all/55gk2rcmfc6p2dg9u9ohc3hw9/gradle-3.3/lib/plugins/aether-spi-1.13.1.jar
7f572c14b000-7f572c14e000 r--s 0001d000 08:01 34342004                   /root/.gradle/wrapper/dists/gradle-3.3-all/55gk2rcmfc6p2dg9u9ohc3hw9/gradle-3.3/lib/plugins/aether-impl-1.13.1.jar
7f572c14e000-7f572c151000 r--s 00013000 08:01 34342003                   /root/.gradle/wrapper/dists/gradle-3.3-all/55gk2rcmfc6p2dg9u9ohc3hw9/gradle-3.3/lib/plugins/aether-api-1.13.1.jar
7f572c151000-7f572c152000 r--s 00007000 08:01 34342002                   /root/.gradle/wrapper/dists/gradle-3.3-all/55gk2rcmfc6p2dg9u9ohc3hw9/gradle-3.3/lib/plugins/wagon-http-shared4-2.4.jar
7f572c152000-7f572c154000 r--s 0000b000 08:01 34342001                   /root/.gradle/wrapper/dists/gradle-3.3-all/55gk2rcmfc6p2dg9u9ohc3hw9/gradle-3.3/lib/plugins/wagon-provider-api-2.4.jar
7f572c154000-7f572c155000 r--s 00002000 08:01 34342000                   /root/.gradle/wrapper/dists/gradle-3.3-all/55gk2rcmfc6p2dg9u9ohc3hw9/gradle-3.3/lib/plugins/wagon-http-2.4.jar
7f572c155000-7f572c156000 r--s 00002000 08:01 34341999                   /root/.gradle/wrapper/dists/gradle-3.3-all/55gk2rcmfc6p2dg9u9ohc3hw9/gradle-3.3/lib/plugins/wagon-file-2.4.jar
7f572c156000-7f572c158000 r--s 0000c000 08:01 34341998                   /root/.gradle/wrapper/dists/gradle-3.3-all/55gk2rcmfc6p2dg9u9ohc3hw9/gradle-3.3/lib/plugins/maven-aether-provider-3.0.4.jar
7f572c158000-7f572c15a000 r--s 0000b000 08:01 34341997                   /root/.gradle/wrapper/dists/gradle-3.3-all/55gk2rcmfc6p2dg9u9ohc3hw9/gradle-3.3/lib/plugins/maven-plugin-api-3.0.4.jar
7f572c15a000-7f572c15c000 r--s 00006000 08:01 34341996                   /root/.gradle/wrapper/dists/gradle-3.3-all/55gk2rcmfc6p2dg9u9ohc3hw9/gradle-3.3/lib/plugins/maven-repository-metadata-3.0.4.jar
7f572c15c000-7f572c15e000 r--s 0000b000 08:01 34341995                   /root/.gradle/wrapper/dists/gradle-3.3-all/55gk2rcmfc6p2dg9u9ohc3hw9/gradle-3.3/lib/plugins/maven-artifact-3.0.4.jar
7f572c15e000-7f572c160000 r--s 00026000 08:01 34341994                   /root/.gradle/wrapper/dists/gradle-3.3-all/55gk2rcmfc6p2dg9u9ohc3hw9/gradle-3.3/lib/plugins/maven-model-3.0.4.jar
7f572c160000-7f572c164000 r--s 00021000 08:01 34341993                   /root/.gradle/wrapper/dists/gradle-3.3-all/55gk2rcmfc6p2dg9u9ohc3hw9/gradle-3.3/lib/plugins/maven-model-builder-3.0.4.jar
7f572c164000-7f572c16a000 r--s 0003f000 08:01 34341992                   /root/.gradle/wrapper/dists/gradle-3.3-all/55gk2rcmfc6p2dg9u9ohc3hw9/gradle-3.3/lib/plugins/maven-compat-3.0.4.jar
7f572c16a000-7f572c16b000 r--s 00006000 08:01 34341991                   /root/.gradle/wrapper/dists/gradle-3.3-all/55gk2rcmfc6p2dg9u9ohc3hw9/gradle-3.3/lib/plugins/plexus-sec-dispatcher-1.3.jar
7f572c16b000-7f572c16d000 r--s 00002000 08:01 34341990                   /root/.gradle/wrapper/dists/gradle-3.3-all/55gk2rcmfc6p2dg9u9ohc3hw9/gradle-3.3/lib/plugins/plexus-cipher-1.7.jar
7f572c16d000-7f572c16f000 r--s 0000a000 08:01 34341989                   /root/.gradle/wrapper/dists/gradle-3.3-all/55gk2rcmfc6p2dg9u9ohc3hw9/gradle-3.3/lib/plugins/plexus-classworlds-2.4.jar
7f572c16f000-7f572c176000 r--s 0002e000 08:01 34341988                   /root/.gradle/wrapper/dists/gradle-3.3-all/55gk2rcmfc6p2dg9u9ohc3hw9/gradle-3.3/lib/plugins/plexus-container-default-1.5.5.jar
7f572c176000-7f572c178000 r--s 00000000 08:01 34342015                   /root/.gradle/wrapper/dists/gradle-3.3-all/55gk2rcmfc6p2dg9u9ohc3hw9/gradle-3.3/lib/plugins/plexus-component-annotations-1.5.5.jar
7f572c178000-7f572c17a000 r--s 0000d000 08:01 34341987                   /root/.gradle/wrapper/dists/gradle-3.3-all/55gk2rcmfc6p2dg9u9ohc3hw9/gradle-3.3/lib/plugins/plexus-interpolation-1.14.jar
7f572c17a000-7f572c17e000 r--s 00033000 08:01 34341986                   /root/.gradle/wrapper/dists/gradle-3.3-all/55gk2rcmfc6p2dg9u9ohc3hw9/gradle-3.3/lib/plugins/plexus-utils-2.0.6.jar
7f572c17e000-7f572c181000 r--s 00008000 08:01 34341985                   /root/.gradle/wrapper/dists/gradle-3.3-all/55gk2rcmfc6p2dg9u9ohc3hw9/gradle-3.3/lib/plugins/maven-settings-builder-3.0.4.jar
7f572c181000-7f572c183000 r--s 0000a000 08:01 34341984                   /root/.gradle/wrapper/dists/gradle-3.3-all/55gk2rcmfc6p2dg9u9ohc3hw9/gradle-3.3/lib/plugins/maven-settings-3.0.4.jar
7f572c183000-7f572c188000 r--s 00040000 08:01 34341970                   /root/.gradle/wrapper/dists/gradle-3.3-all/55gk2rcmfc6p2dg9u9ohc3hw9/gradle-3.3/lib/plugins/jsch-0.1.53.jar
7f572c188000-7f572c1c8000 r--s 00277000 08:01 34341980                   /root/.gradle/wrapper/dists/gradle-3.3-all/55gk2rcmfc6p2dg9u9ohc3hw9/gradle-3.3/lib/plugins/bcprov-jdk15on-1.51.jar
7f572c1c8000-7f572c1cc000 r--s 0001d000 08:01 34341979                   /root/.gradle/wrapper/dists/gradle-3.3-all/55gk2rcmfc6p2dg9u9ohc3hw9/gradle-3.3/lib/plugins/xbean-reflect-3.4.jar
7f572c1cc000-7f572c1d8000 r--s 0007d000 08:01 34341957                   /root/.gradle/wrapper/dists/gradle-3.3-all/55gk2rcmfc6p2dg9u9ohc3hw9/gradle-3.3/lib/plugins/maven-core-3.0.4.jar
7f572c1d8000-7f572c1dd000 r--s 00034000 08:01 34341963                   /root/.gradle/wrapper/dists/gradle-3.3-all/55gk2rcmfc6p2dg9u9ohc3hw9/gradle-3.3/lib/plugins/gson-2.7.jar
7f572c1dd000-7f572c1ec000 r--s 000d9000 08:01 34341978                   /root/.gradle/wrapper/dists/gradle-3.3-all/55gk2rcmfc6p2dg9u9ohc3hw9/gradle-3.3/lib/plugins/ivy-2.2.0.jar
7f572c1ec000-7f572c20b000 r--s 000f6000 08:01 34341946                   /root/.gradle/wrapper/dists/gradle-3.3-all/55gk2rcmfc6p2dg9u9ohc3hw9/gradle-3.3/lib/plugins/gradle-dependency-management-3.3.jar
7f572c20b000-7f572c20d000 r--s 00005000 08:01 34341945                   /root/.gradle/wrapper/dists/gradle-3.3-all/55gk2rcmfc6p2dg9u9ohc3hw9/gradle-3.3/lib/plugins/gradle-workers-3.3.jar
7f572c20d000-7f572c212000 r-xp 00000000 08:01 34345271                   /root/.gradle/native/23/linux-amd64/libnative-platform.so
7f572c212000-7f572c411000 ---p 00005000 08:01 34345271                   /root/.gradle/native/23/linux-amd64/libnative-platform.so
7f572c411000-7f572c412000 rw-p 00004000 08:01 34345271                   /root/.gradle/native/23/linux-amd64/libnative-platform.so
7f572c412000-7f572c423000 r-xp 00000000 08:01 11144059                   /usr/local/java/jdk1.8.0_121/jre/lib/amd64/libnio.so
7f572c423000-7f572c622000 ---p 00011000 08:01 11144059                   /usr/local/java/jdk1.8.0_121/jre/lib/amd64/libnio.so
7f572c622000-7f572c623000 rw-p 00010000 08:01 11144059                   /usr/local/java/jdk1.8.0_121/jre/lib/amd64/libnio.so
7f572c623000-7f572c639000 r-xp 00000000 08:01 11144034                   /usr/local/java/jdk1.8.0_121/jre/lib/amd64/libnet.so
7f572c639000-7f572c839000 ---p 00016000 08:01 11144034                   /usr/local/java/jdk1.8.0_121/jre/lib/amd64/libnet.so
7f572c839000-7f572c83a000 rw-p 00016000 08:01 11144034                   /usr/local/java/jdk1.8.0_121/jre/lib/amd64/libnet.so
7f572c83a000-7f572c83b000 r--s 00006000 08:01 34341849                   /root/.gradle/wrapper/dists/gradle-3.3-all/55gk2rcmfc6p2dg9u9ohc3hw9/gradle-3.3/lib/gradle-wrapper-3.3.jar
7f572c83b000-7f572c848000 r--s 00041000 08:01 34341856                   /root/.gradle/wrapper/dists/gradle-3.3-all/55gk2rcmfc6p2dg9u9ohc3hw9/gradle-3.3/lib/gradle-tooling-api-3.3.jar
7f572c848000-7f572c84a000 r--s 00002000 08:01 34341876                   /root/.gradle/wrapper/dists/gradle-3.3-all/55gk2rcmfc6p2dg9u9ohc3hw9/gradle-3.3/lib/gradle-open-api-3.3.jar
7f572c84a000-7f572c850000 r--s 00032000 08:01 34341878                   /root/.gradle/wrapper/dists/gradle-3.3-all/55gk2rcmfc6p2dg9u9ohc3hw9/gradle-3.3/lib/jaxen-1.1.jar
7f572c850000-7f572c855000 r--s 00048000 08:01 34341877                   /root/.gradle/wrapper/dists/gradle-3.3-all/55gk2rcmfc6p2dg9u9ohc3hw9/gradle-3.3/lib/dom4j-1.6.1.jar
7f572c855000-7f572c860000 r--s 00059000 08:01 34341855                   /root/.gradle/wrapper/dists/gradle-3.3-all/55gk2rcmfc6p2dg9u9ohc3hw9/gradle-3.3/lib/gradle-ui-3.3.jar
7f572c860000-7f572c869000 r--s 0008c000 08:01 34341847                   /root/.gradle/wrapper/dists/gradle-3.3-all/55gk2rcmfc6p2dg9u9ohc3hw9/gradle-3.3/lib/kotlin-stdlib-1.1-M02.jar
7f572c869000-7f572c86f000 r--s 0002a000 08:01 34341846                   /root/.gradle/wrapper/dists/gradle-3.3-all/55gk2rcmfc6p2dg9u9ohc3hw9/gradle-3.3/lib/kotlin-runtime-1.1-M02.jar
7f572c86f000-7f572c8a3000 r--s 00256000 08:01 34341845                   /root/.gradle/wrapper/dists/gradle-3.3-all/55gk2rcmfc6p2dg9u9ohc3hw9/gradle-3.3/lib/kotlin-reflect-1.1-M02.jar
7f572c8a3000-7f572ca39000 r--s 0157e000 08:01 34341844                   /root/.gradle/wrapper/dists/gradle-3.3-all/55gk2rcmfc6p2dg9u9ohc3hw9/gradle-3.3/lib/kotlin-compiler-embeddable-1.1-M02.jar
7f572ca39000-7f572ca41000 r--s 0004e000 08:01 34341843                   /root/.gradle/wrapper/dists/gradle-3.3-all/55gk2rcmfc6p2dg9u9ohc3hw9/gradle-3.3/lib/gradle-script-kotlin-0.5.1.jar
7f572ca41000-7f572ca44000 r--s 0000b000 08:01 34341874                   /root/.gradle/wrapper/dists/gradle-3.3-all/55gk2rcmfc6p2dg9u9ohc3hw9/gradle-3.3/lib/gradle-resources-3.3.jar
7f572ca44000-7f572ca46000 r--s 00003000 08:01 34341883                   /root/.gradle/wrapper/dists/gradle-3.3-all/55gk2rcmfc6p2dg9u9ohc3hw9/gradle-3.3/lib/jcl-over-slf4j-1.7.10.jar
7f572ca46000-7f572ca47000 r--s 00005000 08:01 34341882                   /root/.gradle/wrapper/dists/gradle-3.3-all/55gk2rcmfc6p2dg9u9ohc3hw9/gradle-3.3/lib/log4j-over-slf4j-1.7.10.jar
7f572ca47000-7f572ca49000 r--s 00000000 08:01 34341881                   /root/.gradle/wrapper/dists/gradle-3.3-all/55gk2rcmfc6p2dg9u9ohc3hw9/gradle-3.3/lib/jul-to-slf4j-1.7.10.jar
7f572ca49000-7f572ca4e000 r--s 0001e000 08:01 34341858                   /root/.gradle/wrapper/dists/gradle-3.3-all/55gk2rcmfc6p2dg9u9ohc3hw9/gradle-3.3/lib/gradle-logging-3.3.jar
7f572ca4e000-7f572ca50000 r--s 00007000 08:01 34341902                   /root/.gradle/wrapper/dists/gradle-3.3-all/55gk2rcmfc6p2dg9u9ohc3hw9/gradle-3.3/lib/objenesis-1.2.jar
7f572ca50000-7f572ca52000 r--s 00000000 08:01 34341901                   /root/.gradle/wrapper/dists/gradle-3.3-all/55gk2rcmfc6p2dg9u9ohc3hw9/gradle-3.3/lib/minlog-1.2.jar
7f572ca52000-7f572ca54000 r--s 0000f000 08:01 34341900                   /root/.gradle/wrapper/dists/gradle-3.3-all/55gk2rcmfc6p2dg9u9ohc3hw9/gradle-3.3/lib/reflectasm-1.07-shaded.jar
7f572ca54000-7f572ca58000 r--s 00026000 08:01 34341885                   /root/.gradle/wrapper/dists/gradle-3.3-all/55gk2rcmfc6p2dg9u9ohc3hw9/gradle-3.3/lib/kryo-2.20.jar
7f572ca58000-7f572ca5e000 r--s 00027000 08:01 34341873                   /root/.gradle/wrapper/dists/gradle-3.3-all/55gk2rcmfc6p2dg9u9ohc3hw9/gradle-3.3/lib/gradle-messaging-3.3.jar
7f572ca5e000-7f572ca5f000 r--s 00001000 08:01 34341899                   /root/.gradle/wrapper/dists/gradle-3.3-all/55gk2rcmfc6p2dg9u9ohc3hw9/gradle-3.3/lib/native-platform-linux-i386-ncurses6-0.12.jar
7f572ca5f000-7f572ca60000 r--s 00001000 08:01 34341898                   /root/.gradle/wrapper/dists/gradle-3.3-all/55gk2rcmfc6p2dg9u9ohc3hw9/gradle-3.3/lib/native-platform-linux-i386-ncurses5-0.12.jar
7f572ca60000-7f572ca61000 r--s 00001000 08:01 34341897                   /root/.gradle/wrapper/dists/gradle-3.3-all/55gk2rcmfc6p2dg9u9ohc3hw9/gradle-3.3/lib/native-platform-linux-amd64-ncurses6-0.12.jar
7f572ca61000-7f572ca62000 r--s 00001000 08:01 34341896                   /root/.gradle/wrapper/dists/gradle-3.3-all/55gk2rcmfc6p2dg9u9ohc3hw9/gradle-3.3/lib/native-platform-linux-amd64-ncurses5-0.12.jar
7f572ca62000-7f572ca63000 r--s 0000b000 08:01 34341895                   /root/.gradle/wrapper/dists/gradle-3.3-all/55gk2rcmfc6p2dg9u9ohc3hw9/gradle-3.3/lib/native-platform-windows-i386-0.12.jar
7f572ca63000-7f572cad3000 r--s 00641000 08:01 34341863                   /root/.gradle/wrapper/dists/gradle-3.3-all/55gk2rcmfc6p2dg9u9ohc3hw9/gradle-3.3/lib/groovy-all-2.4.7.jar
7f572cad3000-7f572cafb000 r--s 001cf000 08:01 34341860                   /root/.gradle/wrapper/dists/gradle-3.3-all/55gk2rcmfc6p2dg9u9ohc3hw9/gradle-3.3/lib/guava-jdk5-17.0.jar
7f572cafb000-7f572cafc000 ---p 00000000 00:00 0 
7f572cafc000-7f572cbfc000 rw-p 00000000 00:00 0 
7f572cbfc000-7f572cbff000 ---p 00000000 00:00 0 
7f572cbff000-7f572ccfd000 rw-p 00000000 00:00 0 
7f572ccfd000-7f572cd00000 ---p 00000000 00:00 0 
7f572cd00000-7f572cdfe000 rw-p 00000000 00:00 0 
7f572cdfe000-7f572ce01000 ---p 00000000 00:00 0 
7f572ce01000-7f572ceff000 rw-p 00000000 00:00 0 
7f572ceff000-7f572cf02000 ---p 00000000 00:00 0 
7f572cf02000-7f5730000000 rw-p 00000000 00:00 0 
7f5730000000-7f5730021000 rw-p 00000000 00:00 0 
7f5730021000-7f5734000000 ---p 00000000 00:00 0 
7f5734000000-7f573403d000 rw-p 00000000 00:00 0 
7f573403d000-7f5738000000 ---p 00000000 00:00 0 
7f5738000000-7f5738021000 rw-p 00000000 00:00 0 
7f5738021000-7f573c000000 ---p 00000000 00:00 0 
7f573c000000-7f573c002000 r--s 0000b000 08:01 34341894                   /root/.gradle/wrapper/dists/gradle-3.3-all/55gk2rcmfc6p2dg9u9ohc3hw9/gradle-3.3/lib/native-platform-windows-amd64-0.12.jar
7f573c002000-7f573c004000 r--s 00002000 08:01 34341893                   /root/.gradle/wrapper/dists/gradle-3.3-all/55gk2rcmfc6p2dg9u9ohc3hw9/gradle-3.3/lib/native-platform-osx-i386-0.12.jar
7f573c004000-7f573c005000 r--s 00002000 08:01 34341892                   /root/.gradle/wrapper/dists/gradle-3.3-all/55gk2rcmfc6p2dg9u9ohc3hw9/gradle-3.3/lib/native-platform-osx-amd64-0.12.jar
7f573c005000-7f573c006000 r--s 00002000 08:01 34341891                   /root/.gradle/wrapper/dists/gradle-3.3-all/55gk2rcmfc6p2dg9u9ohc3hw9/gradle-3.3/lib/native-platform-linux-i386-0.12.jar
7f573c006000-7f573c007000 r--s 00002000 08:01 34341890                   /root/.gradle/wrapper/dists/gradle-3.3-all/55gk2rcmfc6p2dg9u9ohc3hw9/gradle-3.3/lib/native-platform-linux-amd64-0.12.jar
7f573c007000-7f573c008000 r--s 00003000 08:01 34341889                   /root/.gradle/wrapper/dists/gradle-3.3-all/55gk2rcmfc6p2dg9u9ohc3hw9/gradle-3.3/lib/native-platform-freebsd-i386-libstdcpp-0.12.jar
7f573c008000-7f573c009000 r--s 00004000 08:01 34341888                   /root/.gradle/wrapper/dists/gradle-3.3-all/55gk2rcmfc6p2dg9u9ohc3hw9/gradle-3.3/lib/native-platform-freebsd-i386-libcpp-0.12.jar
7f573c009000-7f573c00b000 r--s 00003000 08:01 34341887                   /root/.gradle/wrapper/dists/gradle-3.3-all/55gk2rcmfc6p2dg9u9ohc3hw9/gradle-3.3/lib/native-platform-freebsd-amd64-libstdcpp-0.12.jar
7f573c00b000-7f573c00c000 r--s 00004000 08:01 34341886                   /root/.gradle/wrapper/dists/gradle-3.3-all/55gk2rcmfc6p2dg9u9ohc3hw9/gradle-3.3/lib/native-platform-freebsd-amd64-libcpp-0.12.jar
7f573c00c000-7f573c00f000 r--s 00023000 08:01 34341880                   /root/.gradle/wrapper/dists/gradle-3.3-all/55gk2rcmfc6p2dg9u9ohc3hw9/gradle-3.3/lib/jansi-1.14.jar
7f573c00f000-7f573c013000 r--s 00011000 08:01 34341879                   /root/.gradle/wrapper/dists/gradle-3.3-all/55gk2rcmfc6p2dg9u9ohc3hw9/gradle-3.3/lib/native-platform-0.12.jar
7f573c013000-7f573c016000 r--s 0000a000 08:01 34341857                   /root/.gradle/wrapper/dists/gradle-3.3-all/55gk2rcmfc6p2dg9u9ohc3hw9/gradle-3.3/lib/gradle-native-3.3.jar
7f573c016000-7f573c018000 r--s 00005000 08:01 34341854                   /root/.gradle/wrapper/dists/gradle-3.3-all/55gk2rcmfc6p2dg9u9ohc3hw9/gradle-3.3/lib/gradle-cli-3.3.jar
7f573c018000-7f573c01a000 r--s 00007000 08:01 34341865                   /root/.gradle/wrapper/dists/gradle-3.3-all/55gk2rcmfc6p2dg9u9ohc3hw9/gradle-3.3/lib/gradle-model-groovy-3.3.jar
7f573c01a000-7f573c01d000 ---p 00000000 00:00 0 
7f573c01d000-7f573c11b000 rw-p 00000000 00:00 0 
7f573c11b000-7f573c3f4000 r--p 00000000 08:01 11010498                   /usr/lib/locale/locale-archive
7f573c3f4000-7f573c3f7000 ---p 00000000 00:00 0 
7f573c3f7000-7f573c4f5000 rw-p 00000000 00:00 0 
7f573c4f5000-7f573c4f8000 ---p 00000000 00:00 0 
7f573c4f8000-7f573c5f6000 rw-p 00000000 00:00 0 
7f573c5f6000-7f573c5f7000 ---p 00000000 00:00 0 
7f573c5f7000-7f573d000000 rw-p 00000000 00:00 0 
7f573d000000-7f573e4f0000 rwxp 00000000 00:00 0 
7f573e4f0000-7f574c000000 ---p 00000000 00:00 0 
7f574c000000-7f574cd04000 rw-p 00000000 00:00 0 
7f574cd04000-7f5750000000 ---p 00000000 00:00 0 
7f5750000000-7f5750002000 r--s 00006000 08:01 34341872                   /root/.gradle/wrapper/dists/gradle-3.3-all/55gk2rcmfc6p2dg9u9ohc3hw9/gradle-3.3/lib/gradle-base-services-groovy-3.3.jar
7f5750002000-7f5750011000 r--s 0007f000 08:01 34341864                   /root/.gradle/wrapper/dists/gradle-3.3-all/55gk2rcmfc6p2dg9u9ohc3hw9/gradle-3.3/lib/gradle-model-core-3.3.jar
7f5750011000-7f5750012000 r--s 00002000 08:01 34341875                   /root/.gradle/wrapper/dists/gradle-3.3-all/55gk2rcmfc6p2dg9u9ohc3hw9/gradle-3.3/lib/gradle-docs-3.3.jar
7f5750012000-7f575001f000 r--s 00083000 08:01 34341868                   /root/.gradle/wrapper/dists/gradle-3.3-all/55gk2rcmfc6p2dg9u9ohc3hw9/gradle-3.3/lib/commons-collections-3.2.2.jar
7f575001f000-7f575003e000 r--s 001d1000 08:01 34341867                   /root/.gradle/wrapper/dists/gradle-3.3-all/55gk2rcmfc6p2dg9u9ohc3hw9/gradle-3.3/lib/ant-1.9.6.jar
7f575003e000-7f575007b000 r--s 001f8000 08:01 34341853                   /root/.gradle/wrapper/dists/gradle-3.3-all/55gk2rcmfc6p2dg9u9ohc3hw9/gradle-3.3/lib/gradle-core-3.3.jar
7f575007b000-7f5750754000 rw-p 00000000 00:00 0 
7f5750754000-7f575092d000 r--s 03d3e000 08:01 11144026                   /usr/local/java/jdk1.8.0_121/jre/lib/rt.jar
7f575092d000-7f57514a3000 rw-p 00000000 00:00 0 
7f57514a3000-7f57514a4000 ---p 00000000 00:00 0 
7f57514a4000-7f57515a4000 rw-p 00000000 00:00 0 
7f57515a4000-7f57515a5000 ---p 00000000 00:00 0 
7f57515a5000-7f57516a5000 rw-p 00000000 00:00 0 
7f57516a5000-7f57516a6000 ---p 00000000 00:00 0 
7f57516a6000-7f57517a6000 rw-p 00000000 00:00 0 
7f57517a6000-7f57517a7000 ---p 00000000 00:00 0 
7f57517a7000-7f57518c2000 rw-p 00000000 00:00 0 
7f57518c2000-7f5751aa7000 ---p 00000000 00:00 0 
7f5751aa7000-7f5751ac2000 rw-p 00000000 00:00 0 
7f5751ac2000-7f5751ca7000 ---p 00000000 00:00 0 
7f5751ca7000-7f5751cf1000 rw-p 00000000 00:00 0 
7f5751cf1000-7f5751da7000 ---p 00000000 00:00 0 
7f5751da7000-7f5751dfc000 rw-p 00000000 00:00 0 
7f5751dfc000-7f5752168000 ---p 00000000 00:00 0 
7f5752168000-7f5752182000 r-xp 00000000 08:01 11144057                   /usr/local/java/jdk1.8.0_121/jre/lib/amd64/libzip.so
7f5752182000-7f5752382000 ---p 0001a000 08:01 11144057                   /usr/local/java/jdk1.8.0_121/jre/lib/amd64/libzip.so
7f5752382000-7f5752383000 rw-p 0001a000 08:01 11144057                   /usr/local/java/jdk1.8.0_121/jre/lib/amd64/libzip.so
7f5752383000-7f575238e000 r-xp 00000000 08:01 4981284                    /lib/x86_64-linux-gnu/libnss_files-2.23.so
7f575238e000-7f575258d000 ---p 0000b000 08:01 4981284                    /lib/x86_64-linux-gnu/libnss_files-2.23.so
7f575258d000-7f575258e000 r--p 0000a000 08:01 4981284                    /lib/x86_64-linux-gnu/libnss_files-2.23.so
7f575258e000-7f575258f000 rw-p 0000b000 08:01 4981284                    /lib/x86_64-linux-gnu/libnss_files-2.23.so
7f575258f000-7f5752595000 rw-p 00000000 00:00 0 
7f5752595000-7f57525a0000 r-xp 00000000 08:01 4981297                    /lib/x86_64-linux-gnu/libnss_nis-2.23.so
7f57525a0000-7f575279f000 ---p 0000b000 08:01 4981297                    /lib/x86_64-linux-gnu/libnss_nis-2.23.so
7f575279f000-7f57527a0000 r--p 0000a000 08:01 4981297                    /lib/x86_64-linux-gnu/libnss_nis-2.23.so
7f57527a0000-7f57527a1000 rw-p 0000b000 08:01 4981297                    /lib/x86_64-linux-gnu/libnss_nis-2.23.so
7f57527a1000-7f57527b7000 r-xp 00000000 08:01 4981104                    /lib/x86_64-linux-gnu/libnsl-2.23.so
7f57527b7000-7f57529b6000 ---p 00016000 08:01 4981104                    /lib/x86_64-linux-gnu/libnsl-2.23.so
7f57529b6000-7f57529b7000 r--p 00015000 08:01 4981104                    /lib/x86_64-linux-gnu/libnsl-2.23.so
7f57529b7000-7f57529b8000 rw-p 00016000 08:01 4981104                    /lib/x86_64-linux-gnu/libnsl-2.23.so
7f57529b8000-7f57529ba000 rw-p 00000000 00:00 0 
7f57529ba000-7f57529c2000 r-xp 00000000 08:01 4981312                    /lib/x86_64-linux-gnu/libnss_compat-2.23.so
7f57529c2000-7f5752bc1000 ---p 00008000 08:01 4981312                    /lib/x86_64-linux-gnu/libnss_compat-2.23.so
7f5752bc1000-7f5752bc2000 r--p 00007000 08:01 4981312                    /lib/x86_64-linux-gnu/libnss_compat-2.23.so
7f5752bc2000-7f5752bc3000 rw-p 00008000 08:01 4981312                    /lib/x86_64-linux-gnu/libnss_compat-2.23.so
7f5752bc3000-7f5752bee000 r-xp 00000000 08:01 11144613                   /usr/local/java/jdk1.8.0_121/jre/lib/amd64/libjava.so
7f5752bee000-7f5752ded000 ---p 0002b000 08:01 11144613                   /usr/local/java/jdk1.8.0_121/jre/lib/amd64/libjava.so
7f5752ded000-7f5752def000 rw-p 0002a000 08:01 11144613                   /usr/local/java/jdk1.8.0_121/jre/lib/amd64/libjava.so
7f5752def000-7f5752dfc000 r-xp 00000000 08:01 11144035                   /usr/local/java/jdk1.8.0_121/jre/lib/amd64/libverify.so
7f5752dfc000-7f5752ffb000 ---p 0000d000 08:01 11144035                   /usr/local/java/jdk1.8.0_121/jre/lib/amd64/libverify.so
7f5752ffb000-7f5752ffd000 rw-p 0000c000 08:01 11144035                   /usr/local/java/jdk1.8.0_121/jre/lib/amd64/libverify.so
7f5752ffd000-7f5753004000 r-xp 00000000 08:01 4981304                    /lib/x86_64-linux-gnu/librt-2.23.so
7f5753004000-7f5753203000 ---p 00007000 08:01 4981304                    /lib/x86_64-linux-gnu/librt-2.23.so
7f5753203000-7f5753204000 r--p 00006000 08:01 4981304                    /lib/x86_64-linux-gnu/librt-2.23.so
7f5753204000-7f5753205000 rw-p 00007000 08:01 4981304                    /lib/x86_64-linux-gnu/librt-2.23.so
7f5753205000-7f575330d000 r-xp 00000000 08:01 4981325                    /lib/x86_64-linux-gnu/libm-2.23.so
7f575330d000-7f575350c000 ---p 00108000 08:01 4981325                    /lib/x86_64-linux-gnu/libm-2.23.so
7f575350c000-7f575350d000 r--p 00107000 08:01 4981325                    /lib/x86_64-linux-gnu/libm-2.23.so
7f575350d000-7f575350e000 rw-p 00108000 08:01 4981325                    /lib/x86_64-linux-gnu/libm-2.23.so
7f575350e000-7f57541dc000 r-xp 00000000 08:01 11144883                   /usr/local/java/jdk1.8.0_121/jre/lib/amd64/server/libjvm.so
7f57541dc000-7f57543dc000 ---p 00cce000 08:01 11144883                   /usr/local/java/jdk1.8.0_121/jre/lib/amd64/server/libjvm.so
7f57543dc000-7f57544b5000 rw-p 00cce000 08:01 11144883                   /usr/local/java/jdk1.8.0_121/jre/lib/amd64/server/libjvm.so
7f57544b5000-7f5754500000 rw-p 00000000 00:00 0 
7f5754500000-7f57546c0000 r-xp 00000000 08:01 4981335                    /lib/x86_64-linux-gnu/libc-2.23.so
7f57546c0000-7f57548c0000 ---p 001c0000 08:01 4981335                    /lib/x86_64-linux-gnu/libc-2.23.so
7f57548c0000-7f57548c4000 r--p 001c0000 08:01 4981335                    /lib/x86_64-linux-gnu/libc-2.23.so
7f57548c4000-7f57548c6000 rw-p 001c4000 08:01 4981335                    /lib/x86_64-linux-gnu/libc-2.23.so
7f57548c6000-7f57548ca000 rw-p 00000000 00:00 0 
7f57548ca000-7f57548cd000 r-xp 00000000 08:01 4981310                    /lib/x86_64-linux-gnu/libdl-2.23.so
7f57548cd000-7f5754acc000 ---p 00003000 08:01 4981310                    /lib/x86_64-linux-gnu/libdl-2.23.so
7f5754acc000-7f5754acd000 r--p 00002000 08:01 4981310                    /lib/x86_64-linux-gnu/libdl-2.23.so
7f5754acd000-7f5754ace000 rw-p 00003000 08:01 4981310                    /lib/x86_64-linux-gnu/libdl-2.23.so
7f5754ace000-7f5754ae3000 r-xp 00000000 08:01 11020813                   /usr/local/java/jdk1.8.0_121/lib/amd64/jli/libjli.so
7f5754ae3000-7f5754ce3000 ---p 00015000 08:01 11020813                   /usr/local/java/jdk1.8.0_121/lib/amd64/jli/libjli.so
7f5754ce3000-7f5754ce4000 rw-p 00015000 08:01 11020813                   /usr/local/java/jdk1.8.0_121/lib/amd64/jli/libjli.so
7f5754ce4000-7f5754cfc000 r-xp 00000000 08:01 4981295                    /lib/x86_64-linux-gnu/libpthread-2.23.so
7f5754cfc000-7f5754efb000 ---p 00018000 08:01 4981295                    /lib/x86_64-linux-gnu/libpthread-2.23.so
7f5754efb000-7f5754efc000 r--p 00017000 08:01 4981295                    /lib/x86_64-linux-gnu/libpthread-2.23.so
7f5754efc000-7f5754efd000 rw-p 00018000 08:01 4981295                    /lib/x86_64-linux-gnu/libpthread-2.23.so
7f5754efd000-7f5754f01000 rw-p 00000000 00:00 0 
7f5754f01000-7f5754f27000 r-xp 00000000 08:01 4981106                    /lib/x86_64-linux-gnu/ld-2.23.so
7f5754f27000-7f5754f28000 r--s 00000000 08:01 34341871                   /root/.gradle/wrapper/dists/gradle-3.3-all/55gk2rcmfc6p2dg9u9ohc3hw9/gradle-3.3/lib/javax.inject-1.jar
7f5754f28000-7f5754f29000 r--s 00000000 08:01 34341870                   /root/.gradle/wrapper/dists/gradle-3.3-all/55gk2rcmfc6p2dg9u9ohc3hw9/gradle-3.3/lib/jcip-annotations-1.0.jar
7f5754f29000-7f5754f2d000 r--s 00027000 08:01 34341869                   /root/.gradle/wrapper/dists/gradle-3.3-all/55gk2rcmfc6p2dg9u9ohc3hw9/gradle-3.3/lib/commons-io-2.2.jar
7f5754f2d000-7f5754f32000 r--s 00038000 08:01 34341866                   /root/.gradle/wrapper/dists/gradle-3.3-all/55gk2rcmfc6p2dg9u9ohc3hw9/gradle-3.3/lib/asm-all-5.1.jar
7f5754f32000-7f5754f33000 r--s 00001000 08:01 34341862                   /root/.gradle/wrapper/dists/gradle-3.3-all/55gk2rcmfc6p2dg9u9ohc3hw9/gradle-3.3/lib/gradle-process-services-3.3.jar
7f5754f33000-7f5754f38000 r--s 00041000 08:01 34341861                   /root/.gradle/wrapper/dists/gradle-3.3-all/55gk2rcmfc6p2dg9u9ohc3hw9/gradle-3.3/lib/commons-lang-2.6.jar
7f5754f38000-7f5754f41000 r--s 00042000 08:01 34341851                   /root/.gradle/wrapper/dists/gradle-3.3-all/55gk2rcmfc6p2dg9u9ohc3hw9/gradle-3.3/lib/gradle-base-services-3.3.jar
7f5754f41000-7f5755003000 rw-p 00000000 00:00 0 
7f5755003000-7f5755006000 ---p 00000000 00:00 0 
7f5755006000-7f5755108000 rw-p 00000000 00:00 0 
7f5755108000-7f575510a000 r--s 00000000 08:01 34341852                   /root/.gradle/wrapper/dists/gradle-3.3-all/55gk2rcmfc6p2dg9u9ohc3hw9/gradle-3.3/lib/gradle-jvm-services-3.3.jar
7f575510a000-7f575510b000 r--s 00000000 08:01 34342017                   /root/.gradle/wrapper/dists/gradle-3.3-all/55gk2rcmfc6p2dg9u9ohc3hw9/gradle-3.3/lib/gradle-version-info-3.3.jar
7f575510b000-7f575510c000 r--s 00007000 08:01 34341859                   /root/.gradle/wrapper/dists/gradle-3.3-all/55gk2rcmfc6p2dg9u9ohc3hw9/gradle-3.3/lib/slf4j-api-1.7.10.jar
7f575510c000-7f575510d000 r--s 00004000 08:01 34341884                   /root/.gradle/wrapper/dists/gradle-3.3-all/55gk2rcmfc6p2dg9u9ohc3hw9/gradle-3.3/lib/ant-launcher-1.9.6.jar
7f575510d000-7f575511a000 r--s 0005c000 08:01 34341848                   /root/.gradle/wrapper/dists/gradle-3.3-all/55gk2rcmfc6p2dg9u9ohc3hw9/gradle-3.3/lib/gradle-launcher-3.3.jar
7f575511a000-7f5755122000 rw-s 00000000 08:01 786729                     /tmp/hsperfdata_root/2966
7f5755122000-7f5755123000 rw-p 00000000 00:00 0 
7f5755123000-7f5755124000 r--p 00000000 00:00 0 
7f5755124000-7f5755126000 rw-p 00000000 00:00 0 
7f5755126000-7f5755127000 r--p 00025000 08:01 4981106                    /lib/x86_64-linux-gnu/ld-2.23.so
7f5755127000-7f5755128000 rw-p 00026000 08:01 4981106                    /lib/x86_64-linux-gnu/ld-2.23.so
7f5755128000-7f5755129000 rw-p 00000000 00:00 0 
7ffe3f417000-7ffe3f438000 rw-p 00000000 00:00 0                          [stack]
7ffe3f45d000-7ffe3f45f000 r--p 00000000 00:00 0                          [vvar]
7ffe3f45f000-7ffe3f461000 r-xp 00000000 00:00 0                          [vdso]
ffffffffff600000-ffffffffff601000 r-xp 00000000 00:00 0                  [vsyscall]

VM Arguments:
jvm_args: -Xmx1536m -Dfile.encoding=UTF-8 -Duser.country=US -Duser.language=en -Duser.variant 
java_command: org.gradle.launcher.daemon.bootstrap.GradleDaemon 3.3
java_class_path (initial): /root/.gradle/wrapper/dists/gradle-3.3-all/55gk2rcmfc6p2dg9u9ohc3hw9/gradle-3.3/lib/gradle-launcher-3.3.jar
Launcher Type: SUN_STANDARD

Environment Variables:
JAVA_HOME=/usr/local/java/jdk1.8.0_121/
PATH=/usr/local/sbin:/usr/local/bin:/usr/sbin:/usr/bin:/sbin:/bin:/snap/bin
USERNAME=root
LD_LIBRARY_PATH=/opt/android-studio/bin:
SHELL=/bin/bash
DISPLAY=:0

Signal Handlers:
SIGSEGV: [libjvm.so+0xac78c0], sa_mask[0]=11111111011111111101111111111110, sa_flags=SA_RESTART|SA_SIGINFO
SIGBUS: [libjvm.so+0xac78c0], sa_mask[0]=11111111011111111101111111111110, sa_flags=SA_RESTART|SA_SIGINFO
SIGFPE: [libjvm.so+0x920ac0], sa_mask[0]=11111111011111111101111111111110, sa_flags=SA_RESTART|SA_SIGINFO
SIGPIPE: [libjvm.so+0x920ac0], sa_mask[0]=11111111011111111101111111111110, sa_flags=SA_RESTART|SA_SIGINFO
SIGXFSZ: [libjvm.so+0x920ac0], sa_mask[0]=11111111011111111101111111111110, sa_flags=SA_RESTART|SA_SIGINFO
SIGILL: [libjvm.so+0x920ac0], sa_mask[0]=11111111011111111101111111111110, sa_flags=SA_RESTART|SA_SIGINFO
SIGUSR1: SIG_DFL, sa_mask[0]=00000000000000000000000000000000, sa_flags=none
SIGUSR2: [libjvm.so+0x922300], sa_mask[0]=00100000000000000000000000000000, sa_flags=SA_RESTART|SA_SIGINFO
SIGHUP: [libjvm.so+0x923700], sa_mask[0]=11111111011111111101111111111110, sa_flags=SA_RESTART|SA_SIGINFO
SIGINT: [libjvm.so+0x923700], sa_mask[0]=11111111011111111101111111111110, sa_flags=SA_RESTART|SA_SIGINFO
SIGTERM: [libjvm.so+0x923700], sa_mask[0]=11111111011111111101111111111110, sa_flags=SA_RESTART|SA_SIGINFO
SIGQUIT: [libjvm.so+0x923700], sa_mask[0]=11111111011111111101111111111110, sa_flags=SA_RESTART|SA_SIGINFO


---------------  S Y S T E M  ---------------

OS:DISTRIB_ID=Ubuntu
DISTRIB_RELEASE=16.04
DISTRIB_CODENAME=xenial
DISTRIB_DESCRIPTION="Ubuntu 16.04.2 LTS"

uname:Linux 4.4.0-89-generic #112-Ubuntu SMP Mon Jul 31 19:38:41 UTC 2017 x86_64
libc:glibc 2.23 NPTL 2.23 
rlimit: STACK 8192k, CORE 0k, NPROC 31512, NOFILE 1048576, AS infinity
load average:3.24 2.10 1.34

/proc/meminfo:
MemTotal:        8107664 kB
MemFree:         3032068 kB
MemAvailable:    4639700 kB
Buffers:          161964 kB
Cached:          1887320 kB
SwapCached:            0 kB
Active:          3377972 kB
Inactive:        1394652 kB
Active(anon):    2735904 kB
Inactive(anon):   264988 kB
Active(file):     642068 kB
Inactive(file):  1129664 kB
Unevictable:          48 kB
Mlocked:              48 kB
SwapTotal:       8319996 kB
SwapFree:        8319996 kB
Dirty:              7968 kB
Writeback:             0 kB
AnonPages:       2727568 kB
Mapped:           542964 kB
Shmem:            277676 kB
Slab:             159948 kB
SReclaimable:     118804 kB
SUnreclaim:        41144 kB
KernelStack:       11280 kB
PageTables:        51272 kB
NFS_Unstable:          0 kB
Bounce:                0 kB
WritebackTmp:          0 kB
CommitLimit:    12373828 kB
Committed_AS:    7810708 kB
VmallocTotal:   34359738367 kB
VmallocUsed:           0 kB
VmallocChunk:          0 kB
HardwareCorrupted:     0 kB
AnonHugePages:   1245184 kB
CmaTotal:              0 kB
CmaFree:               0 kB
HugePages_Total:       0
HugePages_Free:        0
HugePages_Rsvd:        0
HugePages_Surp:        0
Hugepagesize:       2048 kB
DirectMap4k:      162496 kB
DirectMap2M:     5013504 kB
DirectMap1G:     4194304 kB


CPU:total 4 (2 cores per cpu, 2 threads per core) family 6 model 69 stepping 1, cmov, cx8, fxsr, mmx, sse, sse2, sse3, ssse3, sse4.1, sse4.2, popcnt, avx, avx2, aes, clmul, erms, lzcnt, ht, tsc, tscinvbit, bmi1, bmi2

/proc/cpuinfo:
processor	: 0
vendor_id	: GenuineIntel
cpu family	: 6
model		: 69
model name	: Intel(R) Core(TM) i5-4200U CPU @ 1.60GHz
stepping	: 1
microcode	: 0x16
cpu MHz		: 2299.910
cache size	: 3072 KB
physical id	: 0
siblings	: 4
core id		: 0
cpu cores	: 2
apicid		: 0
initial apicid	: 0
fpu		: yes
fpu_exception	: yes
cpuid level	: 13
wp		: yes
flags		: fpu vme de pse tsc msr pae mce cx8 apic sep mtrr pge mca cmov pat pse36 clflush dts acpi mmx fxsr sse sse2 ss ht tm pbe syscall nx pdpe1gb rdtscp lm constant_tsc arch_perfmon pebs bts rep_good nopl xtopology nonstop_tsc aperfmperf eagerfpu pni pclmulqdq dtes64 monitor ds_cpl vmx est tm2 ssse3 sdbg fma cx16 xtpr pdcm pcid sse4_1 sse4_2 movbe popcnt tsc_deadline_timer aes xsave avx f16c rdrand lahf_lm abm epb tpr_shadow vnmi flexpriority ept vpid fsgsbase tsc_adjust bmi1 avx2 smep bmi2 erms invpcid xsaveopt dtherm ida arat pln pts
bugs		:
bogomips	: 4589.62
clflush size	: 64
cache_alignment	: 64
address sizes	: 39 bits physical, 48 bits virtual
power management:

processor	: 1
vendor_id	: GenuineIntel
cpu family	: 6
model		: 69
model name	: Intel(R) Core(TM) i5-4200U CPU @ 1.60GHz
stepping	: 1
microcode	: 0x16
cpu MHz		: 2299.910
cache size	: 3072 KB
physical id	: 0
siblings	: 4
core id		: 0
cpu cores	: 2
apicid		: 1
initial apicid	: 1
fpu		: yes
fpu_exception	: yes
cpuid level	: 13
wp		: yes
flags		: fpu vme de pse tsc msr pae mce cx8 apic sep mtrr pge mca cmov pat pse36 clflush dts acpi mmx fxsr sse sse2 ss ht tm pbe syscall nx pdpe1gb rdtscp lm constant_tsc arch_perfmon pebs bts rep_good nopl xtopology nonstop_tsc aperfmperf eagerfpu pni pclmulqdq dtes64 monitor ds_cpl vmx est tm2 ssse3 sdbg fma cx16 xtpr pdcm pcid sse4_1 sse4_2 movbe popcnt tsc_deadline_timer aes xsave avx f16c rdrand lahf_lm abm epb tpr_shadow vnmi flexpriority ept vpid fsgsbase tsc_adjust bmi1 avx2 smep bmi2 erms invpcid xsaveopt dtherm ida arat pln pts
bugs		:
bogomips	: 4589.62
clflush size	: 64
cache_alignment	: 64
address sizes	: 39 bits physical, 48 bits virtual
power management:

processor	: 2
vendor_id	: GenuineIntel
cpu family	: 6
model		: 69
model name	: Intel(R) Core(TM) i5-4200U CPU @ 1.60GHz
stepping	: 1
microcode	: 0x16
cpu MHz		: 2299.910
cache size	: 3072 KB
physical id	: 0
siblings	: 4
core id		: 1
cpu cores	: 2
apicid		: 2
initial apicid	: 2
fpu		: yes
fpu_exception	: yes
cpuid level	: 13
wp		: yes
flags		: fpu vme de pse tsc msr pae mce cx8 apic sep mtrr pge mca cmov pat pse36 clflush dts acpi mmx fxsr sse sse2 ss ht tm pbe syscall nx pdpe1gb rdtscp lm constant_tsc arch_perfmon pebs bts rep_good nopl xtopology nonstop_tsc aperfmperf eagerfpu pni pclmulqdq dtes64 monitor ds_cpl vmx est tm2 ssse3 sdbg fma cx16 xtpr pdcm pcid sse4_1 sse4_2 movbe popcnt tsc_deadline_timer aes xsave avx f16c rdrand lahf_lm abm epb tpr_shadow vnmi flexpriority ept vpid fsgsbase tsc_adjust bmi1 avx2 smep bmi2 erms invpcid xsaveopt dtherm ida arat pln pts
bugs		:
bogomips	: 4589.62
clflush size	: 64
cache_alignment	: 64
address sizes	: 39 bits physical, 48 bits virtual
power management:

processor	: 3
vendor_id	: GenuineIntel
cpu family	: 6
model		: 69
model name	: Intel(R) Core(TM) i5-4200U CPU @ 1.60GHz
stepping	: 1
microcode	: 0x16
cpu MHz		: 2300.000
cache size	: 3072 KB
physical id	: 0
siblings	: 4
core id		: 1
cpu cores	: 2
apicid		: 3
initial apicid	: 3
fpu		: yes
fpu_exception	: yes
cpuid level	: 13
wp		: yes
flags		: fpu vme de pse tsc msr pae mce cx8 apic sep mtrr pge mca cmov pat pse36 clflush dts acpi mmx fxsr sse sse2 ss ht tm pbe syscall nx pdpe1gb rdtscp lm constant_tsc arch_perfmon pebs bts rep_good nopl xtopology nonstop_tsc aperfmperf eagerfpu pni pclmulqdq dtes64 monitor ds_cpl vmx est tm2 ssse3 sdbg fma cx16 xtpr pdcm pcid sse4_1 sse4_2 movbe popcnt tsc_deadline_timer aes xsave avx f16c rdrand lahf_lm abm epb tpr_shadow vnmi flexpriority ept vpid fsgsbase tsc_adjust bmi1 avx2 smep bmi2 erms invpcid xsaveopt dtherm ida arat pln pts
bugs		:
bogomips	: 4589.62
clflush size	: 64
cache_alignment	: 64
address sizes	: 39 bits physical, 48 bits virtual
power management:



Memory: 4k page, physical 8107664k(3032068k free), swap 8319996k(8319996k free)

vm_info: Java HotSpot(TM) 64-Bit Server VM (25.121-b13) for linux-amd64 JRE (1.8.0_121-b13), built on Dec 12 2016 16:36:53 by "java_re" with gcc 4.3.0 20080428 (Red Hat 4.3.0-8)

time: Mon Aug 14 11:50:49 2017
elapsed time: 67 seconds (0d 0h 1m 7s)

