#
# A fatal error has been detected by the Java Runtime Environment:
#
#  SIGSEGV (0xb) at pc=0x00007fbe7bba6fac, pid=2789, tid=0x00007fbe19914700
#
# JRE version: Java(TM) SE Runtime Environment (8.0_121-b13) (build 1.8.0_121-b13)
# Java VM: Java HotSpot(TM) 64-Bit Server VM (25.121-b13 mixed mode linux-amd64 compressed oops)
# Problematic frame:
# J 17782 C1 com.android.dx.ssa.DeadCodeRemover.run()V (194 bytes) @ 0x00007fbe7bba6fac [0x00007fbe7bba6a60+0x54c]
#
# Failed to write core dump. Core dumps have been disabled. To enable core dumping, try "ulimit -c unlimited" before starting Java again
#
# If you would like to submit a bug report, please visit:
#   http://bugreport.java.com/bugreport/crash.jsp
#

---------------  T H R E A D  ---------------

Current thread (0x00007fbe24002000):  JavaThread "pool-48-thread-4" [_thread_in_Java, id=3087, stack(0x00007fbe19814000,0x00007fbe19915000)]

siginfo: si_signo: 11 (SIGSEGV), si_code: 1 (SEGV_MAPERR), si_addr: 0x0000000000000014

Registers:
RAX=0x00000000f5fa4b78, RBX=0x00000000f4f81580, RCX=0x0000000000000000, RDX=0x00000000f5fa4b68
RSP=0x00007fbe19912d40, RBP=0x00007fbe19913108, RSI=0x0000000000000000, RDI=0x0000000000000d33
R8 =0x00000000f4f815c8, R9 =0x00000000f32cbd38, R10=0x00000000f4f81580, R11=0x0000000000000d33
R12=0x0000000000000000, R13=0x00000000000007f8, R14=0x000000000000001f, R15=0x00007fbe24002000
RIP=0x00007fbe7bba6fac, EFLAGS=0x0000000000010246, CSGSFS=0x0000000000000033, ERR=0x0000000000000004
  TRAPNO=0x000000000000000e

Top of Stack: (sp=0x00007fbe19912d40)
0x00007fbe19912d40:   00007fbe19912d70 00000000f5f783d0
0x00007fbe19912d50:   0000000000000000 0000000000000000
0x00007fbe19912d60:   00000000f39288a8 0000000000000000
0x00007fbe19912d70:   00007fbe19913108 00000000f32cbcd0
0x00007fbe19912d80:   0000000000000805 00000000f5f88298
0x00007fbe19912d90:   00000000f5fa3010 deaddeaf000007ad
0x00007fbe19912da0:   00007fbe19913108 00007fbe7945600c
0x00007fbe19912db0:   00007fbe19913108 00000000f32cbcd0
0x00007fbe19912dc0:   00000000f5f88148 00000000f5fa4b28
0x00007fbe19912dd0:   00000178ffffffff 00000000f598ab80
0x00007fbe19912de0:   00000000f4950030 00000000f5f88168
0x00007fbe19912df0:   00000000f5f88148 00007fbe8e083000
0x00007fbe19912e00:   00000000f5f783e8 00000000f3d12018
0x00007fbe19912e10:   00007fbe19913108 00007fbe7bc8e04c
0x00007fbe19912e20:   00000000f32cbd20 00000000f4968478
0x00007fbe19912e30:   00000000f32cbcd0 00000000f4f81580
0x00007fbe19912e40:   00000000f4f819d8 00000000f4968478
0x00007fbe19912e50:   0000000000002cb3 0000000000000000
0x00007fbe19912e60:   00007fbe19913108 00007fbe7bc7b7c4
0x00007fbe19912e70:   00000001008ddc68 00007fbdf381b860
0x00007fbe19912e80:   00007fbdf3b1ce28 00000d3000002358
0x00007fbe19912e90:   00007fbe000028b0 00007fbe19912ec0
0x00007fbe19912ea0:   0000000000000000 00000000f32cbcd0
0x00007fbe19912eb0:   00000000f32cbcb0 00000000f4f81b10
0x00007fbe19912ec0:   00000000f596da40 00007fbe00000000
0x00007fbe19912ed0:   00000000f5f88148 00007fbdf3b1ce28
0x00007fbe19912ee0:   00000000f32ad4e0 00000000f32cba88
0x00007fbe19912ef0:   00000000f32cbcd0 00000000f42bf688
0x00007fbe19912f00:   00000000f4964bc8 00007fbe8e083000
0x00007fbe19912f10:   0000000000002cb3 00000000000002f1
0x00007fbe19912f20:   00007fbe19913108 00007fbe7bcbb9fc
0x00007fbe19912f30:   00000000f32ad730 00000000f32ad710 

Instructions: (pc=0x00007fbe7bba6fac)
0x00007fbe7bba6f8c:   00 00 00 00 00 00 48 8b 3c 32 48 8d 7f 01 48 89
0x00007fbe7bba6f9c:   3c 32 0f 8c 86 12 00 00 48 8b b4 24 80 00 00 00
0x00007fbe7bba6fac:   8b 7e 14 48 3b 07 48 8b d7 48 bb 98 c4 8e f3 bd
0x00007fbe7bba6fbc:   7f 00 00 48 83 83 c8 01 00 00 01 48 8b d0 48 8b 

Register to memory mapping:

RAX=0x00000000f5fa4b78 is an oop
java.util.ArrayList$Itr 
 - klass: 'java/util/ArrayList$Itr'
RBX=0x00000000f4f81580 is an oop
com.android.dx.ssa.SsaBasicBlock 
 - klass: 'com/android/dx/ssa/SsaBasicBlock'
RCX=0x0000000000000000 is an unknown value
RDX=0x00000000f5fa4b68 is an oop
com.android.dx.ssa.DeadCodeRemover$NoSideEffectVisitor 
 - klass: 'com/android/dx/ssa/DeadCodeRemover$NoSideEffectVisitor'
RSP=0x00007fbe19912d40 is pointing into the stack for thread: 0x00007fbe24002000
RBP=0x00007fbe19913108 is pointing into the stack for thread: 0x00007fbe24002000
RSI=0x0000000000000000 is an unknown value
RDI=0x0000000000000d33 is an unknown value
R8 =0x00000000f4f815c8 is an oop
java.util.ArrayList 
 - klass: 'java/util/ArrayList'
R9 =0x00000000f32cbd38 is an oop
[Ljava.lang.Object; 
 - klass: 'java/lang/Object'[]
 - length: 3379
R10=0x00000000f4f81580 is an oop
com.android.dx.ssa.SsaBasicBlock 
 - klass: 'com/android/dx/ssa/SsaBasicBlock'
R11=0x0000000000000d33 is an unknown value
R12=0x0000000000000000 is an unknown value
R13=0x00000000000007f8 is an unknown value
R14=0x000000000000001f is an unknown value
R15=0x00007fbe24002000 is a thread


Stack: [0x00007fbe19814000,0x00007fbe19915000],  sp=0x00007fbe19912d40,  free space=1019k
Native frames: (J=compiled Java code, j=interpreted, Vv=VM code, C=native code)
J 17782 C1 com.android.dx.ssa.DeadCodeRemover.run()V (194 bytes) @ 0x00007fbe7bba6fac [0x00007fbe7bba6a60+0x54c]
J 18046 C1 com.android.dx.ssa.Optimizer.runSsaFormSteps(Lcom/android/dx/ssa/SsaMethod;Ljava/util/EnumSet;)V (117 bytes) @ 0x00007fbe7bc8e04c [0x00007fbe7bc8dca0+0x3ac]
J 18112 C1 com.android.dx.ssa.Optimizer.optimize(Lcom/android/dx/rop/code/RopMethod;IZZLcom/android/dx/rop/code/TranslationAdvice;Ljava/util/EnumSet;)Lcom/android/dx/rop/code/RopMethod; (67 bytes) @ 0x00007fbe7bcbb9fc [0x00007fbe7bcbb940+0xbc]
J 18108 C1 com.android.dx.ssa.Optimizer.optimize(Lcom/android/dx/rop/code/RopMethod;IZZLcom/android/dx/rop/code/TranslationAdvice;)Lcom/android/dx/rop/code/RopMethod; (15 bytes) @ 0x00007fbe7bcba244 [0x00007fbe7bcba1a0+0xa4]
j  com.android.dx.dex.cf.CfTranslator.processMethods(Lcom/android/dx/command/dexer/DxContext;Lcom/android/dx/cf/direct/DirectClassFile;Lcom/android/dx/dex/cf/CfOptions;Lcom/android/dx/dex/DexOptions;Lcom/android/dx/dex/file/ClassDefItem;Lcom/android/dx/dex/file/DexFile;)V+269
J 17789 C1 com.android.dx.dex.cf.CfTranslator.translate0(Lcom/android/dx/command/dexer/DxContext;Lcom/android/dx/cf/direct/DirectClassFile;[BLcom/android/dx/dex/cf/CfOptions;Lcom/android/dx/dex/DexOptions;Lcom/android/dx/dex/file/DexFile;)Lcom/android/dx/dex/file/ClassDefItem; (265 bytes) @ 0x00007fbe7bbbfadc [0x00007fbe7bbbec20+0xebc]
j  com.android.dx.dex.cf.CfTranslator.translate(Lcom/android/dx/command/dexer/DxContext;Lcom/android/dx/cf/direct/DirectClassFile;[BLcom/android/dx/dex/cf/CfOptions;Lcom/android/dx/dex/DexOptions;Lcom/android/dx/dex/file/DexFile;)Lcom/android/dx/dex/file/ClassDefItem;+8
j  com.android.dx.command.dexer.Main.translateClass([BLcom/android/dx/cf/direct/DirectClassFile;)Lcom/android/dx/dex/file/ClassDefItem;+24
j  com.android.dx.command.dexer.Main.access$2800(Lcom/android/dx/command/dexer/Main;[BLcom/android/dx/cf/direct/DirectClassFile;)Lcom/android/dx/dex/file/ClassDefItem;+3
j  com.android.dx.command.dexer.Main$ClassTranslatorTask.call()Lcom/android/dx/dex/file/ClassDefItem;+12
j  com.android.dx.command.dexer.Main$ClassTranslatorTask.call()Ljava/lang/Object;+1
J 15788 C2 java.util.concurrent.FutureTask.run()V (126 bytes) @ 0x00007fbe7bafbdd0 [0x00007fbe7bafbd20+0xb0]
j  java.util.concurrent.ThreadPoolExecutor.runWorker(Ljava/util/concurrent/ThreadPoolExecutor$Worker;)V+95
j  java.util.concurrent.ThreadPoolExecutor$Worker.run()V+5
j  java.lang.Thread.run()V+11
v  ~StubRoutines::call_stub
V  [libjvm.so+0x690dd6]  JavaCalls::call_helper(JavaValue*, methodHandle*, JavaCallArguments*, Thread*)+0x1056
V  [libjvm.so+0x6912e1]  JavaCalls::call_virtual(JavaValue*, KlassHandle, Symbol*, Symbol*, JavaCallArguments*, Thread*)+0x321
V  [libjvm.so+0x691787]  JavaCalls::call_virtual(JavaValue*, Handle, KlassHandle, Symbol*, Symbol*, Thread*)+0x47
V  [libjvm.so+0x72cb00]  thread_entry(JavaThread*, Thread*)+0xa0
V  [libjvm.so+0xa75543]  JavaThread::thread_main_inner()+0x103
V  [libjvm.so+0xa7568c]  JavaThread::run()+0x11c
V  [libjvm.so+0x926268]  java_start(Thread*)+0x108
C  [libpthread.so.0+0x76ba]  start_thread+0xca


---------------  P R O C E S S  ---------------

Java Threads: ( => current thread )
=>0x00007fbe24002000 JavaThread "pool-48-thread-4" [_thread_in_Java, id=3087, stack(0x00007fbe19814000,0x00007fbe19915000)]
  0x00007fbe24001800 JavaThread "pool-48-thread-3" [_thread_in_Java, id=3086, stack(0x00007fbe19612000,0x00007fbe19713000)]
  0x00007fbe24007800 JavaThread "pool-48-thread-2" [_thread_in_Java, id=3085, stack(0x00007fbdf36ff000,0x00007fbdf3800000)]
  0x00007fbe24003800 JavaThread "pool-49-thread-1" [_thread_blocked, id=3084, stack(0x00007fbe18b24000,0x00007fbe18c25000)]
  0x00007fbe24005800 JavaThread "pool-48-thread-1" [_thread_in_Java, id=3083, stack(0x00007fbe1922b000,0x00007fbe1932c000)]
  0x00007fbdf8021800 JavaThread "pool-16-thread-4" [_thread_blocked, id=3022, stack(0x00007fbe18a23000,0x00007fbe18b24000)]
  0x00007fbdf8018000 JavaThread "pool-16-thread-3" [_thread_in_vm, id=3016, stack(0x00007fbe1932c000,0x00007fbe1942d000)]
  0x00007fbdf400e800 JavaThread "pool-16-thread-2" [_thread_blocked, id=3008, stack(0x00007fbe18d26000,0x00007fbe18e27000)]
  0x00007fbe0001a000 JavaThread "pool-16-thread-1" [_thread_blocked, id=3007, stack(0x00007fbe19d19000,0x00007fbe19e1a000)]
  0x00007fbe29285000 JavaThread "pool-13-thread-4" [_thread_blocked, id=3002, stack(0x00007fbe19a16000,0x00007fbe19b17000)]
  0x00007fbe2926b000 JavaThread "pool-13-thread-3" [_thread_blocked, id=3001, stack(0x00007fbe19c18000,0x00007fbe19d19000)]
  0x00007fbe2926a000 JavaThread "pool-13-thread-2" [_thread_blocked, id=3000, stack(0x00007fbe19b17000,0x00007fbe19c18000)]
  0x00007fbe292c1000 JavaThread "pool-13-thread-1" [_thread_blocked, id=2999, stack(0x00007fbe19e1a000,0x00007fbe19f1b000)]
  0x00007fbe292ac000 JavaThread "Cache update executor" [_thread_blocked, id=2975, stack(0x00007fbe1a11b000,0x00007fbe1a21c000)]
  0x00007fbe2800a800 JavaThread "Stdin handler" [_thread_blocked, id=2969, stack(0x00007fbe685f9000,0x00007fbe686fa000)]
  0x00007fbe28008000 JavaThread "Asynchronous log dispatcher for DefaultDaemonConnection: socket connection from /127.0.0.1:38558 to /127.0.0.1:36998" [_thread_blocked, id=2968, stack(0x00007fbe686fa000,0x00007fbe687fb000)]
  0x00007fbe2c004000 JavaThread "Cancel handler" [_thread_blocked, id=2966, stack(0x00007fbe688fc000,0x00007fbe689fd000)]
  0x00007fbe2c005800 JavaThread "Handler for socket connection from /127.0.0.1:38558 to /127.0.0.1:36998" [_thread_in_native, id=2965, stack(0x00007fbe689fd000,0x00007fbe68afe000)]
  0x0000000000bfc800 JavaThread "process reaper" daemon [_thread_blocked, id=2843, stack(0x00007fbe1952e000,0x00007fbe19567000)]
  0x00007fbe00001800 JavaThread "process reaper" daemon [_thread_blocked, id=2842, stack(0x00007fbe19567000,0x00007fbe195a0000)]
  0x00007fbdf8004800 JavaThread "process reaper" daemon [_thread_blocked, id=2841, stack(0x00007fbe195a0000,0x00007fbe195d9000)]
  0x00007fbdf4001800 JavaThread "process reaper" daemon [_thread_blocked, id=2838, stack(0x00007fbe195d9000,0x00007fbe19612000)]
  0x00007fbe29128800 JavaThread "pool-2-thread-1" [_thread_blocked, id=2819, stack(0x00007fbe1b22f000,0x00007fbe1b330000)]
  0x00007fbe28d0b000 JavaThread "File lock request listener" [_thread_in_native, id=2818, stack(0x00007fbe680bf000,0x00007fbe681c0000)]
  0x00007fbe28c2f800 JavaThread "process reaper" daemon [_thread_blocked, id=2817, stack(0x00007fbe681c0000,0x00007fbe681f9000)]
  0x00007fbe2c007000 JavaThread "Daemon worker" [_thread_blocked, id=2811, stack(0x00007fbe687fb000,0x00007fbe688fc000)]
  0x00007fbe38013800 JavaThread "Daemon" [_thread_blocked, id=2808, stack(0x00007fbe68cfe000,0x00007fbe68dff000)]
  0x00007fbe88cee000 JavaThread "Incoming local TCP Connector on port 38558" [_thread_in_native, id=2807, stack(0x00007fbe7009d000,0x00007fbe7019e000)]
  0x00007fbe88cb8800 JavaThread "pool-1-thread-1" [_thread_blocked, id=2806, stack(0x00007fbe7019e000,0x00007fbe7029f000)]
  0x00007fbe880db000 JavaThread "Service Thread" daemon [_thread_blocked, id=2804, stack(0x00007fbe78721000,0x00007fbe78822000)]
  0x00007fbe880be000 JavaThread "C1 CompilerThread2" daemon [_thread_blocked, id=2803, stack(0x00007fbe78822000,0x00007fbe78923000)]
  0x00007fbe880bc000 JavaThread "C2 CompilerThread1" daemon [_thread_in_native, id=2802, stack(0x00007fbe78923000,0x00007fbe78a24000)]
  0x00007fbe880b9000 JavaThread "C2 CompilerThread0" daemon [_thread_in_native, id=2801, stack(0x00007fbe78a24000,0x00007fbe78b25000)]
  0x00007fbe880b8000 JavaThread "Signal Dispatcher" daemon [_thread_blocked, id=2800, stack(0x00007fbe78b25000,0x00007fbe78c26000)]
  0x00007fbe88084000 JavaThread "Finalizer" daemon [_thread_blocked, id=2799, stack(0x00007fbe78eff000,0x00007fbe79000000)]
  0x00007fbe8807f800 JavaThread "Reference Handler" daemon [_thread_blocked, id=2798, stack(0x00007fbe8c04c000,0x00007fbe8c14d000)]
  0x00007fbe8800a000 JavaThread "main" [_thread_blocked, id=2791, stack(0x00007fbe91adf000,0x00007fbe91be0000)]

Other Threads:
  0x00007fbe88077800 VMThread [stack: 0x00007fbe8c14d000,0x00007fbe8c24e000] [id=2797]
  0x00007fbe880de000 WatcherThread [stack: 0x00007fbe78620000,0x00007fbe78721000] [id=2805]

VM state:not at safepoint (normal execution)

VM Mutex/Monitor currently owned by a thread: None

Heap:
 PSYoungGen      total 466432K, used 408908K [0x00000000e0000000, 0x0000000100000000, 0x0000000100000000)
  eden space 415744K, 90% used [0x00000000e0000000,0x00000000f6f13420,0x00000000f9600000)
  from space 50688K, 65% used [0x00000000fc900000,0x00000000fe93ff68,0x00000000ffa80000)
  to   space 52224K, 0% used [0x00000000f9600000,0x00000000f9600000,0x00000000fc900000)
 ParOldGen       total 170496K, used 128000K [0x00000000a0000000, 0x00000000aa680000, 0x00000000e0000000)
  object space 170496K, 75% used [0x00000000a0000000,0x00000000a7d00220,0x00000000aa680000)
 Metaspace       used 69269K, capacity 71842K, committed 71896K, reserved 1112064K
  class space    used 8773K, capacity 9210K, committed 9216K, reserved 1048576K

Card table byte_map: [0x00007fbe8e583000,0x00007fbe8e884000] byte_map_base: 0x00007fbe8e083000

Marking Bits: (ParMarkBitMap*) 0x00007fbe90faec80
 Begin Bits: [0x00007fbe71000000, 0x00007fbe72800000)
 End Bits:   [0x00007fbe72800000, 0x00007fbe74000000)

Polling page: 0x00007fbe91bff000

CodeCache: size=245760Kb used=45975Kb max_used=45975Kb free=199784Kb
 bounds [0x00007fbe79000000, 0x00007fbe7bd30000, 0x00007fbe88000000]
 total_blobs=14593 nmethods=13799 adapters=704
 compilation: enabled

Compilation events (10 events):
Event: 72.140 Thread 0x00007fbe880be000 18200       2       com.android.dx.dex.cf.AttributeTranslator::getMethodAnnotations (37 bytes)
Event: 72.141 Thread 0x00007fbe880be000 nmethod 18200 0x00007fbe7bd24710 code [0x00007fbe7bd24940, 0x00007fbe7bd24f98]
Event: 72.143 Thread 0x00007fbe880be000 18201       2       com.android.dx.command.dexer.Main$ClassTranslatorTask::call (5 bytes)
Event: 72.143 Thread 0x00007fbe880be000 nmethod 18201 0x00007fbe7bd1c050 code [0x00007fbe7bd1c1c0, 0x00007fbe7bd1c348]
Event: 72.143 Thread 0x00007fbe880be000 18202       2       com.android.dx.command.dexer.Main$ClassTranslatorTask::call (18 bytes)
Event: 72.144 Thread 0x00007fbe880be000 nmethod 18202 0x00007fbe7bd25590 code [0x00007fbe7bd25700, 0x00007fbe7bd25888]
Event: 72.144 Thread 0x00007fbe880be000 18203       2       com.android.dx.dex.file.ClassDataItem::<init> (96 bytes)
Event: 72.144 Thread 0x00007fbe880be000 nmethod 18203 0x00007fbe7bd25990 code [0x00007fbe7bd25b80, 0x00007fbe7bd260e8]
Event: 72.163 Thread 0x00007fbe880be000 18204       2       com.android.dx.rop.annotation.NameValuePair::<init> (43 bytes)
Event: 72.164 Thread 0x00007fbe880be000 nmethod 18204 0x00007fbe7bd26350 code [0x00007fbe7bd264e0, 0x00007fbe7bd267b8]

GC Heap History (10 events):
Event: 44.658 GC heap before
{Heap before GC invocations=21 (full 3):
 PSYoungGen      total 342016K, used 300460K [0x00000000e0000000, 0x00000000fb180000, 0x0000000100000000)
  eden space 286720K, 100% used [0x00000000e0000000,0x00000000f1800000,0x00000000f1800000)
  from space 55296K, 24% used [0x00000000f1800000,0x00000000f256b228,0x00000000f4e00000)
  to   space 53248K, 0% used [0x00000000f7d80000,0x00000000f7d80000,0x00000000fb180000)
 ParOldGen       total 170496K, used 119494K [0x00000000a0000000, 0x00000000aa680000, 0x00000000e0000000)
  object space 170496K, 70% used [0x00000000a0000000,0x00000000a74b18e0,0x00000000aa680000)
 Metaspace       used 63191K, capacity 65118K, committed 65368K, reserved 1105920K
  class space    used 8179K, capacity 8530K, committed 8576K, reserved 1048576K
Event: 44.701 GC heap after
Heap after GC invocations=21 (full 3):
 PSYoungGen      total 386048K, used 42525K [0x00000000e0000000, 0x00000000fb980000, 0x0000000100000000)
  eden space 332800K, 0% used [0x00000000e0000000,0x00000000e0000000,0x00000000f4500000)
  from space 53248K, 79% used [0x00000000f7d80000,0x00000000fa7075a8,0x00000000fb180000)
  to   space 57856K, 0% used [0x00000000f4500000,0x00000000f4500000,0x00000000f7d80000)
 ParOldGen       total 170496K, used 119502K [0x00000000a0000000, 0x00000000aa680000, 0x00000000e0000000)
  object space 170496K, 70% used [0x00000000a0000000,0x00000000a74b38e0,0x00000000aa680000)
 Metaspace       used 63191K, capacity 65118K, committed 65368K, reserved 1105920K
  class space    used 8179K, capacity 8530K, committed 8576K, reserved 1048576K
}
Event: 57.734 GC heap before
{Heap before GC invocations=22 (full 3):
 PSYoungGen      total 386048K, used 375325K [0x00000000e0000000, 0x00000000fb980000, 0x0000000100000000)
  eden space 332800K, 100% used [0x00000000e0000000,0x00000000f4500000,0x00000000f4500000)
  from space 53248K, 79% used [0x00000000f7d80000,0x00000000fa7075a8,0x00000000fb180000)
  to   space 57856K, 0% used [0x00000000f4500000,0x00000000f4500000,0x00000000f7d80000)
 ParOldGen       total 170496K, used 119502K [0x00000000a0000000, 0x00000000aa680000, 0x00000000e0000000)
  object space 170496K, 70% used [0x00000000a0000000,0x00000000a74b38e0,0x00000000aa680000)
 Metaspace       used 64217K, capacity 66292K, committed 66520K, reserved 1107968K
  class space    used 8259K, capacity 8609K, committed 8704K, reserved 1048576K
Event: 57.761 GC heap after
Heap after GC invocations=22 (full 3):
 PSYoungGen      total 390656K, used 20026K [0x00000000e0000000, 0x00000000fe180000, 0x0000000100000000)
  eden space 332800K, 0% used [0x00000000e0000000,0x00000000e0000000,0x00000000f4500000)
  from space 57856K, 34% used [0x00000000f4500000,0x00000000f588eb18,0x00000000f7d80000)
  to   space 55296K, 0% used [0x00000000fab80000,0x00000000fab80000,0x00000000fe180000)
 ParOldGen       total 170496K, used 119510K [0x00000000a0000000, 0x00000000aa680000, 0x00000000e0000000)
  object space 170496K, 70% used [0x00000000a0000000,0x00000000a74b58e0,0x00000000aa680000)
 Metaspace       used 64217K, capacity 66292K, committed 66520K, reserved 1107968K
  class space    used 8259K, capacity 8609K, committed 8704K, reserved 1048576K
}
Event: 58.743 GC heap before
{Heap before GC invocations=23 (full 3):
 PSYoungGen      total 390656K, used 352271K [0x00000000e0000000, 0x00000000fe180000, 0x0000000100000000)
  eden space 332800K, 99% used [0x00000000e0000000,0x00000000f4475458,0x00000000f4500000)
  from space 57856K, 34% used [0x00000000f4500000,0x00000000f588eb18,0x00000000f7d80000)
  to   space 55296K, 0% used [0x00000000fab80000,0x00000000fab80000,0x00000000fe180000)
 ParOldGen       total 170496K, used 119510K [0x00000000a0000000, 0x00000000aa680000, 0x00000000e0000000)
  object space 170496K, 70% used [0x00000000a0000000,0x00000000a74b58e0,0x00000000aa680000)
 Metaspace       used 65376K, capacity 67654K, committed 67928K, reserved 1107968K
  class space    used 8427K, capacity 8806K, committed 8832K, reserved 1048576K
Event: 58.767 GC heap after
Heap after GC invocations=23 (full 3):
 PSYoungGen      total 439296K, used 18938K [0x00000000e0000000, 0x00000000fe080000, 0x0000000100000000)
  eden space 385024K, 0% used [0x00000000e0000000,0x00000000e0000000,0x00000000f7800000)
  from space 54272K, 34% used [0x00000000fab80000,0x00000000fbdfeb48,0x00000000fe080000)
  to   space 52736K, 0% used [0x00000000f7800000,0x00000000f7800000,0x00000000fab80000)
 ParOldGen       total 170496K, used 119518K [0x00000000a0000000, 0x00000000aa680000, 0x00000000e0000000)
  object space 170496K, 70% used [0x00000000a0000000,0x00000000a74b78e0,0x00000000aa680000)
 Metaspace       used 65376K, capacity 67654K, committed 67928K, reserved 1107968K
  class space    used 8427K, capacity 8806K, committed 8832K, reserved 1048576K
}
Event: 58.843 GC heap before
{Heap before GC invocations=24 (full 3):
 PSYoungGen      total 439296K, used 403962K [0x00000000e0000000, 0x00000000fe080000, 0x0000000100000000)
  eden space 385024K, 100% used [0x00000000e0000000,0x00000000f7800000,0x00000000f7800000)
  from space 54272K, 34% used [0x00000000fab80000,0x00000000fbdfeb48,0x00000000fe080000)
  to   space 52736K, 0% used [0x00000000f7800000,0x00000000f7800000,0x00000000fab80000)
 ParOldGen       total 170496K, used 119518K [0x00000000a0000000, 0x00000000aa680000, 0x00000000e0000000)
  object space 170496K, 70% used [0x00000000a0000000,0x00000000a74b78e0,0x00000000aa680000)
 Metaspace       used 65408K, capacity 67672K, committed 67928K, reserved 1107968K
  class space    used 8433K, capacity 8811K, committed 8832K, reserved 1048576K
Event: 58.862 GC heap after
Heap after GC invocations=24 (full 3):
 PSYoungGen      total 437760K, used 15710K [0x00000000e0000000, 0x00000000ffa80000, 0x0000000100000000)
  eden space 385024K, 0% used [0x00000000e0000000,0x00000000e0000000,0x00000000f7800000)
  from space 52736K, 29% used [0x00000000f7800000,0x00000000f8757ad0,0x00000000fab80000)
  to   space 50688K, 0% used [0x00000000fc900000,0x00000000fc900000,0x00000000ffa80000)
 ParOldGen       total 170496K, used 119526K [0x00000000a0000000, 0x00000000aa680000, 0x00000000e0000000)
  object space 170496K, 70% used [0x00000000a0000000,0x00000000a74b98e0,0x00000000aa680000)
 Metaspace       used 65408K, capacity 67672K, committed 67928K, reserved 1107968K
  class space    used 8433K, capacity 8811K, committed 8832K, reserved 1048576K
}
Event: 69.066 GC heap before
{Heap before GC invocations=25 (full 3):
 PSYoungGen      total 437760K, used 400734K [0x00000000e0000000, 0x00000000ffa80000, 0x0000000100000000)
  eden space 385024K, 100% used [0x00000000e0000000,0x00000000f7800000,0x00000000f7800000)
  from space 52736K, 29% used [0x00000000f7800000,0x00000000f8757ad0,0x00000000fab80000)
  to   space 50688K, 0% used [0x00000000fc900000,0x00000000fc900000,0x00000000ffa80000)
 ParOldGen       total 170496K, used 119526K [0x00000000a0000000, 0x00000000aa680000, 0x00000000e0000000)
  object space 170496K, 70% used [0x00000000a0000000,0x00000000a74b98e0,0x00000000aa680000)
 Metaspace       used 69093K, capacity 71586K, committed 71640K, reserved 1112064K
  class space    used 8773K, capacity 9210K, committed 9216K, reserved 1048576K
Event: 69.154 GC heap after
Heap after GC invocations=25 (full 3):
 PSYoungGen      total 466432K, used 33023K [0x00000000e0000000, 0x0000000100000000, 0x0000000100000000)
  eden space 415744K, 0% used [0x00000000e0000000,0x00000000e0000000,0x00000000f9600000)
  from space 50688K, 65% used [0x00000000fc900000,0x00000000fe93ff68,0x00000000ffa80000)
  to   space 52224K, 0% used [0x00000000f9600000,0x00000000f9600000,0x00000000fc900000)
 ParOldGen       total 170496K, used 128000K [0x00000000a0000000, 0x00000000aa680000, 0x00000000e0000000)
  object space 170496K, 75% used [0x00000000a0000000,0x00000000a7d00220,0x00000000aa680000)
 Metaspace       used 69093K, capacity 71586K, committed 71640K, reserved 1112064K
  class space    used 8773K, capacity 9210K, committed 9216K, reserved 1048576K
}

Deoptimization events (10 events):
Event: 65.926 Thread 0x00007fbe08006800 Uncommon trap: reason=speculate_class_check action=maybe_recompile pc=0x00007fbe7b5190ac method=com.android.dx.util.FixedSizeList.equals(Ljava/lang/Object;)Z @ 25
Event: 65.926 Thread 0x00007fbe08006800 Uncommon trap: reason=speculate_class_check action=maybe_recompile pc=0x00007fbe7b5190ac method=com.android.dx.util.FixedSizeList.equals(Ljava/lang/Object;)Z @ 25
Event: 66.329 Thread 0x00007fbe24005800 Uncommon trap: reason=unstable_if action=reinterpret pc=0x00007fbe7a9997a4 method=com.android.dx.ssa.SsaRenamer$BlockRenamer.addMapping(ILcom/android/dx/rop/code/RegisterSpec;)V @ 120
Event: 69.631 Thread 0x00007fbe24005800 Uncommon trap: reason=unstable_if action=reinterpret pc=0x00007fbe7b3836ac method=com.android.dx.ssa.SCCP.simulateStmt(Lcom/android/dx/ssa/SsaInsn;)V @ 469
Event: 69.715 Thread 0x00007fbe24001800 Uncommon trap: reason=unstable_if action=reinterpret pc=0x00007fbe7b3a4cd4 method=com.android.dx.util.LabeledList.set(ILcom/android/dx/util/LabeledItem;)V @ 16
Event: 71.134 Thread 0x00007fbe24001800 Uncommon trap: reason=class_check action=maybe_recompile pc=0x00007fbe7b3a7494 method=com.android.dx.rop.cst.CstLiteral32.equals(Ljava/lang/Object;)Z @ 20
Event: 71.134 Thread 0x00007fbe24001800 Uncommon trap: reason=class_check action=maybe_recompile pc=0x00007fbe7b3a7494 method=com.android.dx.rop.cst.CstLiteral32.equals(Ljava/lang/Object;)Z @ 20
Event: 71.135 Thread 0x00007fbe24001800 Uncommon trap: reason=class_check action=maybe_recompile pc=0x00007fbe7b3a7494 method=com.android.dx.rop.cst.CstLiteral32.equals(Ljava/lang/Object;)Z @ 20
Event: 71.135 Thread 0x00007fbe24001800 Uncommon trap: reason=class_check action=maybe_recompile pc=0x00007fbe7b3a7494 method=com.android.dx.rop.cst.CstLiteral32.equals(Ljava/lang/Object;)Z @ 20
Event: 71.734 Thread 0x00007fbe24001800 Uncommon trap: reason=unstable_if action=reinterpret pc=0x00007fbe7bccca5c method=com.android.dx.rop.code.Insn.getLocalAssignment()Lcom/android/dx/rop/code/RegisterSpec; @ 9

Internal exceptions (10 events):
Event: 67.559 Thread 0x00007fbe2926b000 Exception <a 'sun/nio/fs/UnixException'> (0x00000000f361e488) thrown at [/HUDSON3/workspace/8-2-build-linux-amd64/jdk8u121/8372/hotspot/src/share/vm/prims/jni.cpp, line 709]
Event: 67.567 Thread 0x00007fbe29285000 Exception <a 'sun/nio/fs/UnixException'> (0x00000000ede14c78) thrown at [/HUDSON3/workspace/8-2-build-linux-amd64/jdk8u121/8372/hotspot/src/share/vm/prims/jni.cpp, line 709]
Event: 67.687 Thread 0x00007fbe292c1000 Exception <a 'sun/nio/fs/UnixException'> (0x00000000f685de50) thrown at [/HUDSON3/workspace/8-2-build-linux-amd64/jdk8u121/8372/hotspot/src/share/vm/prims/jni.cpp, line 709]
Event: 67.692 Thread 0x00007fbe29285000 Exception <a 'sun/nio/fs/UnixException'> (0x00000000ede343a8) thrown at [/HUDSON3/workspace/8-2-build-linux-amd64/jdk8u121/8372/hotspot/src/share/vm/prims/jni.cpp, line 709]
Event: 67.710 Thread 0x00007fbe2926b000 Exception <a 'sun/nio/fs/UnixException'> (0x00000000f363dc38) thrown at [/HUDSON3/workspace/8-2-build-linux-amd64/jdk8u121/8372/hotspot/src/share/vm/prims/jni.cpp, line 709]
Event: 67.763 Thread 0x00007fbe292c1000 Exception <a 'sun/nio/fs/UnixException'> (0x00000000f687d5c0) thrown at [/HUDSON3/workspace/8-2-build-linux-amd64/jdk8u121/8372/hotspot/src/share/vm/prims/jni.cpp, line 709]
Event: 67.775 Thread 0x00007fbe2926b000 Exception <a 'sun/nio/fs/UnixException'> (0x00000000f365d830) thrown at [/HUDSON3/workspace/8-2-build-linux-amd64/jdk8u121/8372/hotspot/src/share/vm/prims/jni.cpp, line 709]
Event: 67.812 Thread 0x00007fbe29285000 Exception <a 'sun/nio/fs/UnixException'> (0x00000000ede54108) thrown at [/HUDSON3/workspace/8-2-build-linux-amd64/jdk8u121/8372/hotspot/src/share/vm/prims/jni.cpp, line 709]
Event: 67.859 Thread 0x00007fbe2926b000 Exception <a 'sun/nio/fs/UnixException'> (0x00000000f367cfa0) thrown at [/HUDSON3/workspace/8-2-build-linux-amd64/jdk8u121/8372/hotspot/src/share/vm/prims/jni.cpp, line 709]
Event: 72.227 Thread 0x00007fbe24002000 Implicit null exception at 0x00007fbe7bba6fac to 0x0000000000000000

Events (10 events):
Event: 72.103 Thread 0x00007fbe24005800 DEOPT PACKING pc=0x00007fbe79778151 sp=0x00007fbe19329d60
Event: 72.103 Thread 0x00007fbe24005800 DEOPT UNPACKING pc=0x00007fbe79047633 sp=0x00007fbe19329b18 mode 0
Event: 72.103 Thread 0x00007fbe24005800 DEOPT PACKING pc=0x00007fbe79778151 sp=0x00007fbe19329d60
Event: 72.103 Thread 0x00007fbe24005800 DEOPT UNPACKING pc=0x00007fbe79047633 sp=0x00007fbe19329b18 mode 0
Event: 72.104 Thread 0x00007fbe24005800 DEOPT PACKING pc=0x00007fbe79778151 sp=0x00007fbe19329d60
Event: 72.104 Thread 0x00007fbe24005800 DEOPT UNPACKING pc=0x00007fbe79047633 sp=0x00007fbe19329b18 mode 0
Event: 72.113 Thread 0x00007fbe24001800 DEOPT PACKING pc=0x00007fbe79b5bf85 sp=0x00007fbe19710d30
Event: 72.113 Thread 0x00007fbe24001800 DEOPT UNPACKING pc=0x00007fbe79047633 sp=0x00007fbe19710af0 mode 0
Event: 72.120 Thread 0x00007fbe24002000 DEOPT PACKING pc=0x00007fbe79d3b3a8 sp=0x00007fbe19912d40
Event: 72.120 Thread 0x00007fbe24002000 DEOPT UNPACKING pc=0x00007fbe79047633 sp=0x00007fbe19912aa8 mode 0


Dynamic libraries:
00400000-00401000 r-xp 00000000 08:01 11143952                           /usr/local/java/jdk1.8.0_121/bin/java
00600000-00601000 rw-p 00000000 08:01 11143952                           /usr/local/java/jdk1.8.0_121/bin/java
00bfa000-00c1b000 rw-p 00000000 00:00 0                                  [heap]
a0000000-aa680000 rw-p 00000000 00:00 0 
aa680000-e0000000 ---p 00000000 00:00 0 
e0000000-100000000 rw-p 00000000 00:00 0 
100000000-100900000 rw-p 00000000 00:00 0 
100900000-140000000 ---p 00000000 00:00 0 
7fbdf34fd000-7fbdf3500000 ---p 00000000 00:00 0 
7fbdf3500000-7fbdf35fe000 rw-p 00000000 00:00 0 
7fbdf35fe000-7fbdf3601000 ---p 00000000 00:00 0 
7fbdf3601000-7fbdf36ff000 rw-p 00000000 00:00 0 
7fbdf36ff000-7fbdf3702000 ---p 00000000 00:00 0 
7fbdf3702000-7fbdf3940000 rw-p 00000000 00:00 0 
7fbdf3940000-7fbdf3a00000 ---p 00000000 00:00 0 
7fbdf3a00000-7fbdf3c00000 rw-p 00000000 00:00 0 
7fbdf3c00000-7fbdf3e00000 rw-p 00000000 00:00 0 
7fbdf3e00000-7fbdf4000000 rw-p 00000000 00:00 0 
7fbdf4000000-7fbdf4021000 rw-p 00000000 00:00 0 
7fbdf4021000-7fbdf8000000 ---p 00000000 00:00 0 
7fbdf8000000-7fbdf8065000 rw-p 00000000 00:00 0 
7fbdf8065000-7fbdfc000000 ---p 00000000 00:00 0 
7fbdfc000000-7fbdfc04a000 rw-p 00000000 00:00 0 
7fbdfc04a000-7fbe00000000 ---p 00000000 00:00 0 
7fbe00000000-7fbe0005d000 rw-p 00000000 00:00 0 
7fbe0005d000-7fbe04000000 ---p 00000000 00:00 0 
7fbe04000000-7fbe042b2000 rw-p 00000000 00:00 0 
7fbe042b2000-7fbe08000000 ---p 00000000 00:00 0 
7fbe08000000-7fbe08021000 rw-p 00000000 00:00 0 
7fbe08021000-7fbe0c000000 ---p 00000000 00:00 0 
7fbe0c000000-7fbe0c021000 rw-p 00000000 00:00 0 
7fbe0c021000-7fbe10000000 ---p 00000000 00:00 0 
7fbe10000000-7fbe10021000 rw-p 00000000 00:00 0 
7fbe10021000-7fbe14000000 ---p 00000000 00:00 0 
7fbe14000000-7fbe14021000 rw-p 00000000 00:00 0 
7fbe14021000-7fbe18000000 ---p 00000000 00:00 0 
7fbe180e9000-7fbe182e9000 rw-p 00000000 00:00 0 
7fbe18322000-7fbe18325000 ---p 00000000 00:00 0 
7fbe18325000-7fbe18623000 rw-p 00000000 00:00 0 
7fbe18623000-7fbe18819000 rw-p 00000000 00:00 0 
7fbe18819000-7fbe18823000 ---p 00000000 00:00 0 
7fbe18823000-7fbe18a23000 rw-p 00000000 00:00 0 
7fbe18a23000-7fbe18a26000 ---p 00000000 00:00 0 
7fbe18a26000-7fbe18b24000 rw-p 00000000 00:00 0 
7fbe18b24000-7fbe18b27000 ---p 00000000 00:00 0 
7fbe18b27000-7fbe18c25000 rw-p 00000000 00:00 0 
7fbe18c25000-7fbe18c28000 ---p 00000000 00:00 0 
7fbe18c28000-7fbe18d26000 rw-p 00000000 00:00 0 
7fbe18d26000-7fbe18d29000 ---p 00000000 00:00 0 
7fbe18d29000-7fbe18e27000 rw-p 00000000 00:00 0 
7fbe18e27000-7fbe18e2a000 ---p 00000000 00:00 0 
7fbe18e2a000-7fbe18f28000 rw-p 00000000 00:00 0 
7fbe18f28000-7fbe18f2b000 ---p 00000000 00:00 0 
7fbe18f2b000-7fbe19029000 rw-p 00000000 00:00 0 
7fbe19029000-7fbe1902c000 ---p 00000000 00:00 0 
7fbe1902c000-7fbe1912a000 rw-p 00000000 00:00 0 
7fbe1912a000-7fbe1912d000 ---p 00000000 00:00 0 
7fbe1912d000-7fbe1922b000 rw-p 00000000 00:00 0 
7fbe1922b000-7fbe1922e000 ---p 00000000 00:00 0 
7fbe1922e000-7fbe1932c000 rw-p 00000000 00:00 0 
7fbe1932c000-7fbe1932f000 ---p 00000000 00:00 0 
7fbe1932f000-7fbe1942d000 rw-p 00000000 00:00 0 
7fbe1942d000-7fbe19430000 ---p 00000000 00:00 0 
7fbe19430000-7fbe1952e000 rw-p 00000000 00:00 0 
7fbe1952e000-7fbe19531000 ---p 00000000 00:00 0 
7fbe19531000-7fbe19567000 rw-p 00000000 00:00 0 
7fbe19567000-7fbe1956a000 ---p 00000000 00:00 0 
7fbe1956a000-7fbe195a0000 rw-p 00000000 00:00 0 
7fbe195a0000-7fbe195a3000 ---p 00000000 00:00 0 
7fbe195a3000-7fbe195d9000 rw-p 00000000 00:00 0 
7fbe195d9000-7fbe195dc000 ---p 00000000 00:00 0 
7fbe195dc000-7fbe19612000 rw-p 00000000 00:00 0 
7fbe19612000-7fbe19615000 ---p 00000000 00:00 0 
7fbe19615000-7fbe19713000 rw-p 00000000 00:00 0 
7fbe19713000-7fbe19716000 ---p 00000000 00:00 0 
7fbe19716000-7fbe19814000 rw-p 00000000 00:00 0 
7fbe19814000-7fbe19817000 ---p 00000000 00:00 0 
7fbe19817000-7fbe19915000 rw-p 00000000 00:00 0 
7fbe19915000-7fbe19918000 ---p 00000000 00:00 0 
7fbe19918000-7fbe19a16000 rw-p 00000000 00:00 0 
7fbe19a16000-7fbe19a19000 ---p 00000000 00:00 0 
7fbe19a19000-7fbe19b17000 rw-p 00000000 00:00 0 
7fbe19b17000-7fbe19b1a000 ---p 00000000 00:00 0 
7fbe19b1a000-7fbe19c18000 rw-p 00000000 00:00 0 
7fbe19c18000-7fbe19c1b000 ---p 00000000 00:00 0 
7fbe19c1b000-7fbe19d19000 rw-p 00000000 00:00 0 
7fbe19d19000-7fbe19d1c000 ---p 00000000 00:00 0 
7fbe19d1c000-7fbe19e1a000 rw-p 00000000 00:00 0 
7fbe19e1a000-7fbe19e1d000 ---p 00000000 00:00 0 
7fbe19e1d000-7fbe1a11b000 rw-p 00000000 00:00 0 
7fbe1a11b000-7fbe1a11e000 ---p 00000000 00:00 0 
7fbe1a11e000-7fbe1a41c000 rw-p 00000000 00:00 0 
7fbe1a41c000-7fbe1a61c000 rw-p 00000000 00:00 0 
7fbe1a61c000-7fbe1a81c000 rw-p 00000000 00:00 0 
7fbe1a81c000-7fbe1aa1c000 rw-p 00000000 00:00 0 
7fbe1aa1c000-7fbe1aa2f000 r--s 00345000 08:01 11146278                   /usr/local/java/jdk1.8.0_121/jre/lib/resources.jar
7fbe1aa2f000-7fbe1ac2f000 rw-p 00000000 00:00 0 
7fbe1ac2f000-7fbe1ae2f000 rw-p 00000000 00:00 0 
7fbe1ae2f000-7fbe1b02f000 rw-p 00000000 00:00 0 
7fbe1b02f000-7fbe1b22f000 rw-p 00000000 00:00 0 
7fbe1b22f000-7fbe1b232000 ---p 00000000 00:00 0 
7fbe1b232000-7fbe1b530000 rw-p 00000000 00:00 0 
7fbe1b530000-7fbe1b538000 r--s 000a8000 08:01 34996888                   /root/.gradle/caches/jars-2/lp0h431tl0554nh1vx6zomcvteflkp/lombok-ast-0.2.3.jar
7fbe1b538000-7fbe1b54c000 r--s 000b4000 08:01 34477921                   /root/.gradle/caches/jars-2/hgvw6szzawm3evod5l2d6iutfug31w0/uast-162.2228.14.jar
7fbe1b54c000-7fbe1b54e000 r--s 0000d000 08:01 34996884                   /root/.gradle/caches/jars-2/7pwz1bowgakb1eux9ezb56jlturgsyi/commons-codec-1.4.jar
7fbe1b54e000-7fbe1b553000 r--s 00028000 08:01 34996880                   /root/.gradle/caches/jars-2/62lv0fe9b3xbqe57f6ljy5upwi7mf6k/httpcore-4.1.jar
7fbe1b553000-7fbe1b557000 r--s 0002f000 08:01 34996878                   /root/.gradle/caches/jars-2/gsg5n52frsvw6sx0swqqe2hwijwdcf0/jimfs-1.1.jar
7fbe1b557000-7fbe1b757000 rw-p 00000000 00:00 0 
7fbe1b757000-7fbe1b957000 rw-p 00000000 00:00 0 
7fbe1b957000-7fbe1bb57000 rw-p 00000000 00:00 0 
7fbe1bb57000-7fbe1bd57000 rw-p 00000000 00:00 0 
7fbe1bd57000-7fbe1bd58000 r--s 00001000 08:01 34477923                   /root/.gradle/caches/jars-2/cmhx5eetujk7j30d3nllwxyrlnugzjw/annotations-25.3.3.jar
7fbe1bd58000-7fbe1bd5a000 r--s 0000d000 08:01 34996882                   /root/.gradle/caches/jars-2/9dj1m0eyooi5qt13735vz8fpkl3cnfy/commons-logging-1.1.1.jar
7fbe1bd5a000-7fbe1bd5b000 r--s 00004000 08:01 34996876                   /root/.gradle/caches/jars-2/lxs252id0979odjrerlctkb26c2vj95/annotations-12.0.jar
7fbe1bd5b000-7fbe1bd5c000 r--s 00004000 08:01 34996874                   /root/.gradle/caches/jars-2/9kn99dr0rulyl67sct1ephwcop56l61/asm-analysis-5.0.4.jar
7fbe1bd5c000-7fbe1bd60000 r--s 00040000 08:01 34477919                   /root/.gradle/caches/jars-2/ccvn7yglm4blceovs70fngoac1eyn4f/lint-api-25.3.3.jar
7fbe1bd60000-7fbe1bd62000 r--s 00005000 08:01 34996868                   /root/.gradle/caches/jars-2/i6hc1uuj8e9ck59slmzdyz78ydn8sr6/httpmime-4.1.jar
7fbe1bd62000-7fbe1bd6a000 r--s 0004e000 08:01 34996866                   /root/.gradle/caches/jars-2/7503wa5irssz0xxahv1xb82p2dl7rr2/httpclient-4.1.1.jar
7fbe1bd6a000-7fbe1bd71000 r--s 00053000 08:01 34996864                   /root/.gradle/caches/jars-2/jgkfvs4eqggj7qsyw1f5d3up57hanj1/commons-compress-1.8.1.jar
7fbe1bd71000-7fbe1bd76000 r--s 0002a000 08:01 34996862                   /root/.gradle/caches/jars-2/je8f027qcr1z1egw08byp1ybxbp9kko/gson-2.2.4.jar
7fbe1bd76000-7fbe1bd7b000 r--s 0002e000 08:01 34477917                   /root/.gradle/caches/jars-2/s427p2wh0tfza0xa8qijgx107eeevyl/repository-25.3.3.jar
7fbe1bd7b000-7fbe1bd8b000 r--s 000d5000 08:01 34996852                   /root/.gradle/caches/jars-2/qzf32gp9kej4w4hlbabft6tplu74cj3/proguard-base-5.3.2.jar
7fbe1bd8b000-7fbe1bda2000 r--s 00154000 08:01 34996846                   /root/.gradle/caches/jars-2/sfeivjswzitn6n0fnjx3ueszz8gv8o1/antlr4-4.5.3.jar
7fbe1bda2000-7fbe1bdcd000 r--s 001fc000 08:01 34996842                   /root/.gradle/caches/jars-2/nxjrjftly2xksl8o0wqgivu5netfu2x/guava-18.0.jar
7fbe1bdcd000-7fbe1be00000 r--s 00203000 08:01 34996834                   /root/.gradle/caches/jars-2/hj0bfvxu9cq7hkwmecvp0kg137or3hh/bcprov-jdk15on-1.48.jar
7fbe1be00000-7fbe1c000000 rw-p 00000000 00:00 0 
7fbe1c000000-7fbe1c021000 rw-p 00000000 00:00 0 
7fbe1c021000-7fbe20000000 ---p 00000000 00:00 0 
7fbe20000000-7fbe20021000 rw-p 00000000 00:00 0 
7fbe20021000-7fbe24000000 ---p 00000000 00:00 0 
7fbe24000000-7fbe2402a000 rw-p 00000000 00:00 0 
7fbe2402a000-7fbe28000000 ---p 00000000 00:00 0 
7fbe28000000-7fbe294d7000 rw-p 00000000 00:00 0 
7fbe294d7000-7fbe2c000000 ---p 00000000 00:00 0 
7fbe2c000000-7fbe2c021000 rw-p 00000000 00:00 0 
7fbe2c021000-7fbe30000000 ---p 00000000 00:00 0 
7fbe30000000-7fbe30028000 rw-p 00000000 00:00 0 
7fbe30028000-7fbe34000000 ---p 00000000 00:00 0 
7fbe34000000-7fbe34021000 rw-p 00000000 00:00 0 
7fbe34021000-7fbe38000000 ---p 00000000 00:00 0 
7fbe38000000-7fbe38073000 rw-p 00000000 00:00 0 
7fbe38073000-7fbe3c000000 ---p 00000000 00:00 0 
7fbe3c000000-7fbe3c031000 rw-p 00000000 00:00 0 
7fbe3c031000-7fbe40000000 ---p 00000000 00:00 0 
7fbe40000000-7fbe40021000 rw-p 00000000 00:00 0 
7fbe40021000-7fbe44000000 ---p 00000000 00:00 0 
7fbe44000000-7fbe45db2000 rw-p 00000000 00:00 0 
7fbe45db2000-7fbe48000000 ---p 00000000 00:00 0 
7fbe48000000-7fbe491b4000 rw-p 00000000 00:00 0 
7fbe491b4000-7fbe4c000000 ---p 00000000 00:00 0 
7fbe4c000000-7fbe4c021000 rw-p 00000000 00:00 0 
7fbe4c021000-7fbe50000000 ---p 00000000 00:00 0 
7fbe50000000-7fbe5244b000 rw-p 00000000 00:00 0 
7fbe5244b000-7fbe54000000 ---p 00000000 00:00 0 
7fbe54000000-7fbe54021000 rw-p 00000000 00:00 0 
7fbe54021000-7fbe58000000 ---p 00000000 00:00 0 
7fbe58000000-7fbe58021000 rw-p 00000000 00:00 0 
7fbe58021000-7fbe5c000000 ---p 00000000 00:00 0 
7fbe5c000000-7fbe5c036000 rw-p 00000000 00:00 0 
7fbe5c036000-7fbe60000000 ---p 00000000 00:00 0 
7fbe60000000-7fbe600a4000 rw-p 00000000 00:00 0 
7fbe600a4000-7fbe64000000 ---p 00000000 00:00 0 
7fbe64000000-7fbe6403c000 rw-p 00000000 00:00 0 
7fbe6403c000-7fbe68000000 ---p 00000000 00:00 0 
7fbe68000000-7fbe68001000 r--s 0000a000 08:01 34996870                   /root/.gradle/caches/jars-2/nwyg9io65lv6jvmwit2wq82xnnxd7ia/kxml2-2.3.0.jar
7fbe68001000-7fbe68003000 r--s 00006000 08:01 34477915                   /root/.gradle/caches/jars-2/e2s952s6co8tps89l80r4riixwqo2oe/dvlib-25.3.3.jar
7fbe68003000-7fbe68005000 r--s 00013000 08:01 34477913                   /root/.gradle/caches/jars-2/s02k517nvrh8cbp2c8dz4slqska6dj9/layoutlib-api-25.3.3.jar
7fbe68005000-7fbe6800a000 r--s 00058000 08:01 34996854                   /root/.gradle/caches/jars-2/st159835qgxm0l87oqrnhayxos4lc1n/asm-debug-all-5.0.1.jar
7fbe6800a000-7fbe6800d000 r--s 00033000 08:01 34996850                   /root/.gradle/caches/jars-2/nz9sndmr8b4xbj4xulkaciy5kdbyfiz/juniversalchardet-1.0.3.jar
7fbe6800d000-7fbe68011000 r--s 0002a000 08:01 34996848                   /root/.gradle/caches/jars-2/krbpn9xjn1qymukyx8cc5l799ty1v3h/commons-io-2.4.jar
7fbe68011000-7fbe68013000 r--s 00002000 08:01 34477911                   /root/.gradle/caches/jars-2/rh2ip1x2zziz26tr3qzudtz088pqsb2/baseLibrary-2.3.3.jar
7fbe68013000-7fbe68026000 r--s 00241000 08:01 34996840                   /root/.gradle/caches/jars-2/9yuekvg4qerfitq3xec0iyckuw3hwaq/ecj-4.6.1.jar
7fbe68026000-7fbe6802d000 r--s 000d9000 08:01 34477909                   /root/.gradle/caches/jars-2/ak89aa8liqmr44u7r08njntn6oehe0z/lint-checks-25.3.3.jar
7fbe6802d000-7fbe6802f000 r--s 00006000 08:01 34996836                   /root/.gradle/caches/jars-2/6phgj9ki3jl3p5epzkqoo8pr6kur40b/asm-tree-5.0.4.jar
7fbe6802f000-7fbe6803d000 r--s 00081000 08:01 34996832                   /root/.gradle/caches/jars-2/4r7xli0tz94y0wfjrdyjxlxar3g1pb9/bcpkix-jdk15on-1.48.jar
7fbe6803d000-7fbe6803f000 r--s 00002000 08:01 34996830                   /root/.gradle/caches/jars-2/f32bh5uivuf69ecz2j8hl96ksnqdh7v/javawriter-2.5.0.jar
7fbe6803f000-7fbe68041000 r--s 00004000 08:01 34477907                   /root/.gradle/caches/jars-2/j6s1upogkwo00sygdsekzj4fx0i75uy/tracker-25.3.3.jar
7fbe68041000-7fbe68042000 r--s 00005000 08:01 34477905                   /root/.gradle/caches/jars-2/4svya0t1s9wyo35ycd3atidsaoo6w7e/shared-25.3.3.jar
7fbe68042000-7fbe68050000 r--s 00147000 08:01 34477903                   /root/.gradle/caches/jars-2/qx6695c5ocd9swxv7wqtxor3plyb4b7/protos-25.3.3.jar
7fbe68050000-7fbe68051000 r--s 00001000 08:01 34477901                   /root/.gradle/caches/jars-2/bqo69msswbvaagsh45hf1tq02v21sml/jill-api-0.10.0.jar
7fbe68051000-7fbe68053000 r--s 00003000 08:01 34477899                   /root/.gradle/caches/jars-2/7pldadygbci34ql8thws797g29k1uhh/jack-api-0.13.0.jar
7fbe68053000-7fbe68059000 r--s 0004a000 08:01 34477897                   /root/.gradle/caches/jars-2/euoqfzf5y1sibp9ul8mcz0wovj380eo/ddmlib-25.3.3.jar
7fbe68059000-7fbe6805c000 r--s 00022000 08:01 34477895                   /root/.gradle/caches/jars-2/a81bg2yxzmumashablwecaj0ksz6tmj/manifest-merger-25.3.3.jar
7fbe6805c000-7fbe6805f000 r--s 0001c000 08:01 34477893                   /root/.gradle/caches/jars-2/l6cnyee1vojrkkbpp6qwgpf30shmrja/common-25.3.3.jar
7fbe6805f000-7fbe68068000 r--s 00089000 08:01 34477891                   /root/.gradle/caches/jars-2/m0t6h8af70sdgxvkj522jy01i14mnb8/sdk-common-25.3.3.jar
7fbe68068000-7fbe68072000 r--s 00098000 08:01 34477889                   /root/.gradle/caches/jars-2/28c9ykhc782k8jmlrnbnccai34hziki/sdklib-25.3.3.jar
7fbe68072000-7fbe68073000 r--s 00002000 08:01 34477887                   /root/.gradle/caches/jars-2/4dod7a1p5hoai4v37pxbcg65bbahvg2/builder-test-api-2.3.3.jar
7fbe68073000-7fbe68076000 r--s 00006000 08:01 34477885                   /root/.gradle/caches/jars-2/omk02asobup8sgd6qxom3ej5bg94z2r/builder-model-2.3.3.jar
7fbe68076000-7fbe68085000 r--s 00130000 08:01 34996804                   /root/.gradle/caches/jars-2/cr6zkqpx14lor9zdtmo49qpc7y8r8p4/protobuf-java-3.0.0.jar
7fbe68085000-7fbe68087000 r--s 0000f000 08:01 34996802                   /root/.gradle/caches/jars-2/rvfyugrlu5tbpz51p98og0qsxamjq4k/jopt-simple-4.9.jar
7fbe68087000-7fbe6808b000 r--s 0001f000 08:01 34996800                   /root/.gradle/caches/jars-2/nq3fzqkrrm37ob61z4iu5qdbh368uat/org.jacoco.report-0.7.5.201505241946.jar
7fbe6808b000-7fbe6808f000 r--s 0001d000 08:01 34996798                   /root/.gradle/caches/jars-2/3kxkmcckmk40ron92zhbm0qjo9l4bkl/org.jacoco.core-0.7.5.201505241946.jar
7fbe6808f000-7fbe68091000 r--s 00002000 08:01 34996796                   /root/.gradle/caches/jars-2/m4m0pzb4gmaeh0in5g2xc4bxeuwt828/proguard-gradle-5.3.2.jar
7fbe68091000-7fbe68093000 r--s 00009000 08:01 34996794                   /root/.gradle/caches/jars-2/ajvcvdu66lc9e3tvvipxtuq48i9bbkc/asm-commons-5.0.4.jar
7fbe68093000-7fbe68095000 r--s 0000c000 08:01 34996792                   /root/.gradle/caches/jars-2/1laz1ygmxoc408r7nwqs1q8uk8r236d/asm-5.0.4.jar
7fbe68095000-7fbe6809a000 r--s 0002c000 08:01 34477883                   /root/.gradle/caches/jars-2/3mlasgi8oo9o7oa12526198jui9zmp2/compilerCommon-2.3.3.jar
7fbe6809a000-7fbe6809b000 r--s 00002000 08:01 34477881                   /root/.gradle/caches/jars-2/73l309uzm0ila7rdaaxteq0ng4ayf2y/gradle-api-2.3.3.jar
7fbe6809b000-7fbe680a0000 r--s 0005e000 08:01 34477877                   /root/.gradle/caches/jars-2/k2xtosjt0in0zj7mpwvctw6iznt93uh/lint-25.3.3.jar
7fbe680a0000-7fbe680bf000 r--s 001ca000 08:01 34477873                   /root/.gradle/caches/jars-2/5fwyvjq1ai8mdh1mluqxidj1wo7rls8/gradle-core-2.3.3.jar
7fbe680bf000-7fbe680c2000 ---p 00000000 00:00 0 
7fbe680c2000-7fbe681c0000 rw-p 00000000 00:00 0 
7fbe681c0000-7fbe681c3000 ---p 00000000 00:00 0 
7fbe681c3000-7fbe683f9000 rw-p 00000000 00:00 0 
7fbe683f9000-7fbe685f9000 rw-p 00000000 00:00 0 
7fbe685f9000-7fbe685fc000 ---p 00000000 00:00 0 
7fbe685fc000-7fbe686fa000 rw-p 00000000 00:00 0 
7fbe686fa000-7fbe686fd000 ---p 00000000 00:00 0 
7fbe686fd000-7fbe687fb000 rw-p 00000000 00:00 0 
7fbe687fb000-7fbe687fe000 ---p 00000000 00:00 0 
7fbe687fe000-7fbe688fc000 rw-p 00000000 00:00 0 
7fbe688fc000-7fbe688ff000 ---p 00000000 00:00 0 
7fbe688ff000-7fbe689fd000 rw-p 00000000 00:00 0 
7fbe689fd000-7fbe68a00000 ---p 00000000 00:00 0 
7fbe68a00000-7fbe68cfe000 rw-p 00000000 00:00 0 
7fbe68cfe000-7fbe68d01000 ---p 00000000 00:00 0 
7fbe68d01000-7fbe68fff000 rw-p 00000000 00:00 0 
7fbe68fff000-7fbe6c000000 rw-p 00000000 00:00 0 
7fbe6c000000-7fbe6c027000 rw-p 00000000 00:00 0 
7fbe6c027000-7fbe70000000 ---p 00000000 00:00 0 
7fbe70000000-7fbe70001000 r--s 00000000 08:01 34477879                   /root/.gradle/caches/jars-2/tlyajppf8woug00g686fx5mchf8iv3o/transform-api-2.0.0-deprecated-use-gradle-api.jar
7fbe70001000-7fbe70017000 r--s 00163000 08:01 34477875                   /root/.gradle/caches/jars-2/nyg71b5n2lzymmwh5vbtmvjiby07k4g/builder-2.3.3.jar
7fbe70017000-7fbe70019000 r--s 00007000 08:01 393249                     /root/.gradle/caches/modules-2/files-2.1/com.google.gms/google-services/3.1.0/166ae4e6acd03b7bbebe221ffa54bc039fece1b9/google-services-3.1.0.jar
7fbe70019000-7fbe7001b000 r--s 0000d000 08:01 34477871                   /root/.gradle/caches/jars-2/mel54vauze7hczg2p6nebauqz8s53sj/gradle-2.3.3.jar
7fbe7001b000-7fbe7001c000 r--p 00000000 00:00 0 
7fbe7001c000-7fbe70096000 r--s 010f6000 08:01 11020816                   /usr/local/java/jdk1.8.0_121/lib/tools.jar
7fbe70096000-7fbe7009d000 r--s 00000000 08:01 11280200                   /usr/lib/x86_64-linux-gnu/gconv/gconv-modules.cache
7fbe7009d000-7fbe700a0000 ---p 00000000 00:00 0 
7fbe700a0000-7fbe7019e000 rw-p 00000000 00:00 0 
7fbe7019e000-7fbe701a1000 ---p 00000000 00:00 0 
7fbe701a1000-7fbe7029f000 rw-p 00000000 00:00 0 
7fbe7029f000-7fbe702a8000 r-xp 00000000 08:01 11144070                   /usr/local/java/jdk1.8.0_121/jre/lib/amd64/libmanagement.so
7fbe702a8000-7fbe704a7000 ---p 00009000 08:01 11144070                   /usr/local/java/jdk1.8.0_121/jre/lib/amd64/libmanagement.so
7fbe704a7000-7fbe704a8000 rw-p 00008000 08:01 11144070                   /usr/local/java/jdk1.8.0_121/jre/lib/amd64/libmanagement.so
7fbe704a8000-7fbe704ac000 r--s 0009a000 08:01 11143978                   /usr/local/java/jdk1.8.0_121/jre/lib/jsse.jar
7fbe704ac000-7fbe704ae000 r--s 00007000 08:01 34341942                   /root/.gradle/wrapper/dists/gradle-3.3-all/55gk2rcmfc6p2dg9u9ohc3hw9/gradle-3.3/lib/plugins/gradle-tooling-api-builders-3.3.jar
7fbe704ae000-7fbe704b1000 r--s 00009000 08:01 34341935                   /root/.gradle/wrapper/dists/gradle-3.3-all/55gk2rcmfc6p2dg9u9ohc3hw9/gradle-3.3/lib/plugins/gradle-testing-native-3.3.jar
7fbe704b1000-7fbe704b7000 r--s 00033000 08:01 34342010                   /root/.gradle/wrapper/dists/gradle-3.3-all/55gk2rcmfc6p2dg9u9ohc3hw9/gradle-3.3/lib/plugins/snakeyaml-1.6.jar
7fbe704b7000-7fbe704b9000 r--s 00006000 08:01 34342009                   /root/.gradle/wrapper/dists/gradle-3.3-all/55gk2rcmfc6p2dg9u9ohc3hw9/gradle-3.3/lib/plugins/jcommander-1.12.jar
7fbe704b9000-7fbe704be000 r--s 00040000 08:01 34342008                   /root/.gradle/wrapper/dists/gradle-3.3-all/55gk2rcmfc6p2dg9u9ohc3hw9/gradle-3.3/lib/plugins/bsh-2.0b4.jar
7fbe704be000-7fbe704c0000 r--s 00009000 08:01 34342016                   /root/.gradle/wrapper/dists/gradle-3.3-all/55gk2rcmfc6p2dg9u9ohc3hw9/gradle-3.3/lib/plugins/hamcrest-core-1.3.jar
7fbe704c0000-7fbe704c9000 r--s 00089000 08:01 34341967                   /root/.gradle/wrapper/dists/gradle-3.3-all/55gk2rcmfc6p2dg9u9ohc3hw9/gradle-3.3/lib/plugins/testng-6.3.1.jar
7fbe704c9000-7fbe704d1000 r--s 00045000 08:01 34341966                   /root/.gradle/wrapper/dists/gradle-3.3-all/55gk2rcmfc6p2dg9u9ohc3hw9/gradle-3.3/lib/plugins/junit-4.12.jar
7fbe704d1000-7fbe704d7000 r--s 0002e000 08:01 34341936                   /root/.gradle/wrapper/dists/gradle-3.3-all/55gk2rcmfc6p2dg9u9ohc3hw9/gradle-3.3/lib/plugins/gradle-testing-jvm-3.3.jar
7fbe704d7000-7fbe704db000 r--s 00016000 08:01 34341934                   /root/.gradle/wrapper/dists/gradle-3.3-all/55gk2rcmfc6p2dg9u9ohc3hw9/gradle-3.3/lib/plugins/gradle-testing-base-3.3.jar
7fbe704db000-7fbe704e2000 r--s 00038000 08:01 34341961                   /root/.gradle/wrapper/dists/gradle-3.3-all/55gk2rcmfc6p2dg9u9ohc3hw9/gradle-3.3/lib/plugins/bcpg-jdk15on-1.51.jar
7fbe704e2000-7fbe704e4000 r--s 0000c000 08:01 34341913                   /root/.gradle/wrapper/dists/gradle-3.3-all/55gk2rcmfc6p2dg9u9ohc3hw9/gradle-3.3/lib/plugins/gradle-signing-3.3.jar
7fbe704e4000-7fbe704e6000 r--s 00007000 08:01 34341912                   /root/.gradle/wrapper/dists/gradle-3.3-all/55gk2rcmfc6p2dg9u9ohc3hw9/gradle-3.3/lib/plugins/gradle-scala-3.3.jar
7fbe704e6000-7fbe704e7000 r--s 00004000 08:01 34341940                   /root/.gradle/wrapper/dists/gradle-3.3-all/55gk2rcmfc6p2dg9u9ohc3hw9/gradle-3.3/lib/plugins/gradle-resources-sftp-3.3.jar
7fbe704e7000-7fbe704f7000 r--s 00088000 08:01 34341977                   /root/.gradle/wrapper/dists/gradle-3.3-all/55gk2rcmfc6p2dg9u9ohc3hw9/gradle-3.3/lib/plugins/joda-time-2.8.2.jar
7fbe704f7000-7fbe70508000 r--s 0010d000 08:01 34341976                   /root/.gradle/wrapper/dists/gradle-3.3-all/55gk2rcmfc6p2dg9u9ohc3hw9/gradle-3.3/lib/plugins/jackson-databind-2.6.6.jar
7fbe70508000-7fbe7050b000 r--s 00009000 08:01 34341975                   /root/.gradle/wrapper/dists/gradle-3.3-all/55gk2rcmfc6p2dg9u9ohc3hw9/gradle-3.3/lib/plugins/jackson-annotations-2.6.6.jar
7fbe7050b000-7fbe7050f000 r--s 0003c000 08:01 34341974                   /root/.gradle/wrapper/dists/gradle-3.3-all/55gk2rcmfc6p2dg9u9ohc3hw9/gradle-3.3/lib/plugins/jackson-core-2.6.6.jar
7fbe7050f000-7fbe7051d000 r--s 00087000 08:01 34341973                   /root/.gradle/wrapper/dists/gradle-3.3-all/55gk2rcmfc6p2dg9u9ohc3hw9/gradle-3.3/lib/plugins/aws-java-sdk-core-1.11.6.jar
7fbe7051d000-7fbe70524000 r--s 00057000 08:01 34341972                   /root/.gradle/wrapper/dists/gradle-3.3-all/55gk2rcmfc6p2dg9u9ohc3hw9/gradle-3.3/lib/plugins/aws-java-sdk-kms-1.11.6.jar
7fbe70524000-7fbe70531000 r--s 0008e000 08:01 34341971                   /root/.gradle/wrapper/dists/gradle-3.3-all/55gk2rcmfc6p2dg9u9ohc3hw9/gradle-3.3/lib/plugins/aws-java-sdk-s3-1.11.6.jar
7fbe70531000-7fbe70533000 r--s 00004000 08:01 34341941                   /root/.gradle/wrapper/dists/gradle-3.3-all/55gk2rcmfc6p2dg9u9ohc3hw9/gradle-3.3/lib/plugins/gradle-resources-s3-3.3.jar
7fbe70533000-7fbe70535000 r--s 00005000 08:01 34341965                   /root/.gradle/wrapper/dists/gradle-3.3-all/55gk2rcmfc6p2dg9u9ohc3hw9/gradle-3.3/lib/plugins/jatl-0.2.2.jar
7fbe70535000-7fbe70537000 r--s 0000f000 08:01 34341918                   /root/.gradle/wrapper/dists/gradle-3.3-all/55gk2rcmfc6p2dg9u9ohc3hw9/gradle-3.3/lib/plugins/gradle-reporting-3.3.jar
7fbe70537000-7fbe70539000 r--s 00002000 08:01 34341919                   /root/.gradle/wrapper/dists/gradle-3.3-all/55gk2rcmfc6p2dg9u9ohc3hw9/gradle-3.3/lib/plugins/gradle-publish-3.3.jar
7fbe70539000-7fbe7053b000 r--s 00009000 08:01 34341948                   /root/.gradle/wrapper/dists/gradle-3.3-all/55gk2rcmfc6p2dg9u9ohc3hw9/gradle-3.3/lib/plugins/commons-cli-1.2.jar
7fbe7053b000-7fbe70541000 r--s 00031000 08:01 34341904                   /root/.gradle/wrapper/dists/gradle-3.3-all/55gk2rcmfc6p2dg9u9ohc3hw9/gradle-3.3/lib/plugins/gradle-plugins-3.3.jar
7fbe70541000-7fbe70543000 r--s 00009000 08:01 34341937                   /root/.gradle/wrapper/dists/gradle-3.3-all/55gk2rcmfc6p2dg9u9ohc3hw9/gradle-3.3/lib/plugins/gradle-plugin-development-3.3.jar
7fbe70543000-7fbe70549000 r--s 0002b000 08:01 34341930                   /root/.gradle/wrapper/dists/gradle-3.3-all/55gk2rcmfc6p2dg9u9ohc3hw9/gradle-3.3/lib/plugins/gradle-platform-play-3.3.jar
7fbe70549000-7fbe70557000 r--s 00055000 08:01 34341929                   /root/.gradle/wrapper/dists/gradle-3.3-all/55gk2rcmfc6p2dg9u9ohc3hw9/gradle-3.3/lib/plugins/gradle-platform-native-3.3.jar
7fbe70557000-7fbe7055c000 r--s 0001f000 08:01 34341924                   /root/.gradle/wrapper/dists/gradle-3.3-all/55gk2rcmfc6p2dg9u9ohc3hw9/gradle-3.3/lib/plugins/gradle-platform-jvm-3.3.jar
7fbe7055c000-7fbe70564000 r--s 00027000 08:01 34341923                   /root/.gradle/wrapper/dists/gradle-3.3-all/55gk2rcmfc6p2dg9u9ohc3hw9/gradle-3.3/lib/plugins/gradle-platform-base-3.3.jar
7fbe70564000-7fbe7058c000 r--s 0021c000 08:01 34341956                   /root/.gradle/wrapper/dists/gradle-3.3-all/55gk2rcmfc6p2dg9u9ohc3hw9/gradle-3.3/lib/plugins/biz.aQute.bndlib-3.2.0.jar
7fbe7058c000-7fbe7058e000 r--s 00003000 08:01 34341908                   /root/.gradle/wrapper/dists/gradle-3.3-all/55gk2rcmfc6p2dg9u9ohc3hw9/gradle-3.3/lib/plugins/gradle-osgi-3.3.jar
7fbe7058e000-7fbe70591000 r--s 0000c000 08:01 34341959                   /root/.gradle/wrapper/dists/gradle-3.3-all/55gk2rcmfc6p2dg9u9ohc3hw9/gradle-3.3/lib/plugins/pmaven-groovy-0.8-20100325.jar
7fbe70591000-7fbe70592000 r--s 00004000 08:01 34341958                   /root/.gradle/wrapper/dists/gradle-3.3-all/55gk2rcmfc6p2dg9u9ohc3hw9/gradle-3.3/lib/plugins/pmaven-common-0.8-20100325.jar
7fbe70592000-7fbe70598000 r--s 00023000 08:01 34341909                   /root/.gradle/wrapper/dists/gradle-3.3-all/55gk2rcmfc6p2dg9u9ohc3hw9/gradle-3.3/lib/plugins/gradle-maven-3.3.jar
7fbe70598000-7fbe7059b000 r--s 0000b000 08:01 34341928                   /root/.gradle/wrapper/dists/gradle-3.3-all/55gk2rcmfc6p2dg9u9ohc3hw9/gradle-3.3/lib/plugins/gradle-language-scala-3.3.jar
7fbe7059b000-7fbe705a1000 r--s 0001a000 08:01 34341932                   /root/.gradle/wrapper/dists/gradle-3.3-all/55gk2rcmfc6p2dg9u9ohc3hw9/gradle-3.3/lib/plugins/gradle-language-native-3.3.jar
7fbe705a1000-7fbe705a4000 r--s 00005000 08:01 34341925                   /root/.gradle/wrapper/dists/gradle-3.3-all/55gk2rcmfc6p2dg9u9ohc3hw9/gradle-3.3/lib/plugins/gradle-language-jvm-3.3.jar
7fbe705a4000-7fbe705aa000 r--s 00027000 08:01 34341926                   /root/.gradle/wrapper/dists/gradle-3.3-all/55gk2rcmfc6p2dg9u9ohc3hw9/gradle-3.3/lib/plugins/gradle-language-java-3.3.jar
7fbe705aa000-7fbe705ac000 r--s 0000a000 08:01 34341927                   /root/.gradle/wrapper/dists/gradle-3.3-all/55gk2rcmfc6p2dg9u9ohc3hw9/gradle-3.3/lib/plugins/gradle-language-groovy-3.3.jar
7fbe705ac000-7fbe705af000 r--s 0001e000 08:01 34341983                   /root/.gradle/wrapper/dists/gradle-3.3-all/55gk2rcmfc6p2dg9u9ohc3hw9/gradle-3.3/lib/plugins/jsp-api-2.1-6.1.14.jar
7fbe705af000-7fbe705d2000 r--s 00344000 08:01 34341982                   /root/.gradle/wrapper/dists/gradle-3.3-all/55gk2rcmfc6p2dg9u9ohc3hw9/gradle-3.3/lib/plugins/core-3.1.1.jar
7fbe705d2000-7fbe705d3000 r--s 00006000 08:01 34341981                   /root/.gradle/wrapper/dists/gradle-3.3-all/55gk2rcmfc6p2dg9u9ohc3hw9/gradle-3.3/lib/plugins/jetty-naming-6.1.26.jar
7fbe705d3000-7fbe705d4000 r--s 00002000 08:01 34341955                   /root/.gradle/wrapper/dists/gradle-3.3-all/55gk2rcmfc6p2dg9u9ohc3hw9/gradle-3.3/lib/plugins/geronimo-annotation_1.0_spec-1.0.jar
7fbe705d4000-7fbe705d6000 r--s 00002000 08:01 34341954                   /root/.gradle/wrapper/dists/gradle-3.3-all/55gk2rcmfc6p2dg9u9ohc3hw9/gradle-3.3/lib/plugins/jetty-annotations-6.1.26.jar
7fbe705d6000-7fbe705e7000 r--s 000ea000 08:01 34341953                   /root/.gradle/wrapper/dists/gradle-3.3-all/55gk2rcmfc6p2dg9u9ohc3hw9/gradle-3.3/lib/plugins/jsp-2.1-6.1.14.jar
7fbe705e7000-7fbe705e9000 r--s 0000d000 08:01 34341952                   /root/.gradle/wrapper/dists/gradle-3.3-all/55gk2rcmfc6p2dg9u9ohc3hw9/gradle-3.3/lib/plugins/jetty-plus-6.1.26.jar
7fbe705e9000-7fbe705eb000 r--s 0001f000 08:01 34341951                   /root/.gradle/wrapper/dists/gradle-3.3-all/55gk2rcmfc6p2dg9u9ohc3hw9/gradle-3.3/lib/plugins/servlet-api-2.5-20081211.jar
7fbe705eb000-7fbe705ef000 r--s 00028000 08:01 34341950                   /root/.gradle/wrapper/dists/gradle-3.3-all/55gk2rcmfc6p2dg9u9ohc3hw9/gradle-3.3/lib/plugins/jetty-util-6.1.26.jar
7fbe705ef000-7fbe705f6000 r--s 0007d000 08:01 34341949                   /root/.gradle/wrapper/dists/gradle-3.3-all/55gk2rcmfc6p2dg9u9ohc3hw9/gradle-3.3/lib/plugins/jetty-6.1.26.jar
7fbe705f6000-7fbe705f8000 r--s 0000a000 08:01 34341906                   /root/.gradle/wrapper/dists/gradle-3.3-all/55gk2rcmfc6p2dg9u9ohc3hw9/gradle-3.3/lib/plugins/gradle-jetty-3.3.jar
7fbe705f8000-7fbe705ff000 r--s 00035000 08:01 34341964                   /root/.gradle/wrapper/dists/gradle-3.3-all/55gk2rcmfc6p2dg9u9ohc3hw9/gradle-3.3/lib/plugins/simple-4.1.21.jar
7fbe705ff000-7fbe7060b000 r--s 00100000 08:01 34341962                   /root/.gradle/wrapper/dists/gradle-3.3-all/55gk2rcmfc6p2dg9u9ohc3hw9/gradle-3.3/lib/plugins/rhino-1.7R3.jar
7fbe7060b000-7fbe7060f000 r--s 00012000 08:01 34341915                   /root/.gradle/wrapper/dists/gradle-3.3-all/55gk2rcmfc6p2dg9u9ohc3hw9/gradle-3.3/lib/plugins/gradle-javascript-3.3.jar
7fbe7060f000-7fbe70611000 r--s 0000d000 08:01 34341921                   /root/.gradle/wrapper/dists/gradle-3.3-all/55gk2rcmfc6p2dg9u9ohc3hw9/gradle-3.3/lib/plugins/gradle-jacoco-3.3.jar
7fbe70611000-7fbe70614000 r--s 0000e000 08:01 34341920                   /root/.gradle/wrapper/dists/gradle-3.3-all/55gk2rcmfc6p2dg9u9ohc3hw9/gradle-3.3/lib/plugins/gradle-ivy-3.3.jar
7fbe70614000-7fbe70615000 r--s 00002000 08:01 34341931                   /root/.gradle/wrapper/dists/gradle-3.3-all/55gk2rcmfc6p2dg9u9ohc3hw9/gradle-3.3/lib/plugins/gradle-ide-play-3.3.jar
7fbe70615000-7fbe70618000 r--s 00013000 08:01 34341933                   /root/.gradle/wrapper/dists/gradle-3.3-all/55gk2rcmfc6p2dg9u9ohc3hw9/gradle-3.3/lib/plugins/gradle-ide-native-3.3.jar
7fbe70618000-7fbe70621000 r--s 00055000 08:01 34341910                   /root/.gradle/wrapper/dists/gradle-3.3-all/55gk2rcmfc6p2dg9u9ohc3hw9/gradle-3.3/lib/plugins/gradle-ide-3.3.jar
7fbe70621000-7fbe70623000 r--s 00007000 08:01 34341914                   /root/.gradle/wrapper/dists/gradle-3.3-all/55gk2rcmfc6p2dg9u9ohc3hw9/gradle-3.3/lib/plugins/gradle-ear-3.3.jar
7fbe70623000-7fbe70629000 r--s 00039000 08:01 34341917                   /root/.gradle/wrapper/dists/gradle-3.3-all/55gk2rcmfc6p2dg9u9ohc3hw9/gradle-3.3/lib/plugins/gradle-diagnostics-3.3.jar
7fbe70629000-7fbe7062a000 r--s 00009000 08:01 34341943                   /root/.gradle/wrapper/dists/gradle-3.3-all/55gk2rcmfc6p2dg9u9ohc3hw9/gradle-3.3/lib/plugins/gradle-composite-builds-3.3.jar
7fbe7062a000-7fbe7062e000 r--s 00023000 08:01 34341905                   /root/.gradle/wrapper/dists/gradle-3.3-all/55gk2rcmfc6p2dg9u9ohc3hw9/gradle-3.3/lib/plugins/gradle-code-quality-3.3.jar
7fbe7062e000-7fbe70632000 r--s 00022000 08:01 34341922                   /root/.gradle/wrapper/dists/gradle-3.3-all/55gk2rcmfc6p2dg9u9ohc3hw9/gradle-3.3/lib/plugins/gradle-build-init-3.3.jar
7fbe70632000-7fbe70638000 r--s 0008e000 08:01 34341916                   /root/.gradle/wrapper/dists/gradle-3.3-all/55gk2rcmfc6p2dg9u9ohc3hw9/gradle-3.3/lib/plugins/gradle-build-comparison-3.3.jar
7fbe70638000-7fbe7063a000 r--s 00008000 08:01 34341907                   /root/.gradle/wrapper/dists/gradle-3.3-all/55gk2rcmfc6p2dg9u9ohc3hw9/gradle-3.3/lib/plugins/gradle-antlr-3.3.jar
7fbe7063a000-7fbe70652000 r--s 00115000 08:01 34342013                   /root/.gradle/wrapper/dists/gradle-3.3-all/55gk2rcmfc6p2dg9u9ohc3hw9/gradle-3.3/lib/plugins/xercesImpl-2.9.1.jar
7fbe70652000-7fbe70668000 r-xp 00000000 08:01 4985220                    /lib/x86_64-linux-gnu/libgcc_s.so.1
7fbe70668000-7fbe70867000 ---p 00016000 08:01 4985220                    /lib/x86_64-linux-gnu/libgcc_s.so.1
7fbe70867000-7fbe70868000 rw-p 00015000 08:01 4985220                    /lib/x86_64-linux-gnu/libgcc_s.so.1
7fbe70868000-7fbe709da000 r-xp 00000000 08:01 11012225                   /usr/lib/x86_64-linux-gnu/libstdc++.so.6.0.21
7fbe709da000-7fbe70bda000 ---p 00172000 08:01 11012225                   /usr/lib/x86_64-linux-gnu/libstdc++.so.6.0.21
7fbe70bda000-7fbe70be4000 r--p 00172000 08:01 11012225                   /usr/lib/x86_64-linux-gnu/libstdc++.so.6.0.21
7fbe70be4000-7fbe70be6000 rw-p 0017c000 08:01 11012225                   /usr/lib/x86_64-linux-gnu/libstdc++.so.6.0.21
7fbe70be6000-7fbe70bea000 rw-p 00000000 00:00 0 
7fbe70bea000-7fbe70bef000 r-xp 00000000 08:01 34345271                   /root/.gradle/native/23/linux-amd64/libnative-platform.so
7fbe70bef000-7fbe70dee000 ---p 00005000 08:01 34345271                   /root/.gradle/native/23/linux-amd64/libnative-platform.so
7fbe70dee000-7fbe70def000 rw-p 00004000 08:01 34345271                   /root/.gradle/native/23/linux-amd64/libnative-platform.so
7fbe70def000-7fbe70e00000 r-xp 00000000 08:01 11144059                   /usr/local/java/jdk1.8.0_121/jre/lib/amd64/libnio.so
7fbe70e00000-7fbe70fff000 ---p 00011000 08:01 11144059                   /usr/local/java/jdk1.8.0_121/jre/lib/amd64/libnio.so
7fbe70fff000-7fbe71000000 rw-p 00010000 08:01 11144059                   /usr/local/java/jdk1.8.0_121/jre/lib/amd64/libnio.so
7fbe71000000-7fbe74000000 rw-p 00000000 00:00 0 
7fbe74000000-7fbe74021000 rw-p 00000000 00:00 0 
7fbe74021000-7fbe78000000 ---p 00000000 00:00 0 
7fbe78000000-7fbe78001000 r--s 00001000 08:01 34341944                   /root/.gradle/wrapper/dists/gradle-3.3-all/55gk2rcmfc6p2dg9u9ohc3hw9/gradle-3.3/lib/plugins/gradle-build-cache-http-3.3.jar
7fbe78001000-7fbe78003000 r--s 00004000 08:01 34341911                   /root/.gradle/wrapper/dists/gradle-3.3-all/55gk2rcmfc6p2dg9u9ohc3hw9/gradle-3.3/lib/plugins/gradle-announce-3.3.jar
7fbe78003000-7fbe7800b000 r--s 00028000 08:01 34342014                   /root/.gradle/wrapper/dists/gradle-3.3-all/55gk2rcmfc6p2dg9u9ohc3hw9/gradle-3.3/lib/plugins/xml-apis-1.3.04.jar
7fbe7800b000-7fbe78011000 r--s 0005b000 08:01 34342012                   /root/.gradle/wrapper/dists/gradle-3.3-all/55gk2rcmfc6p2dg9u9ohc3hw9/gradle-3.3/lib/plugins/jcifs-1.3.17.jar
7fbe78011000-7fbe78017000 r--s 00033000 08:01 34341960                   /root/.gradle/wrapper/dists/gradle-3.3-all/55gk2rcmfc6p2dg9u9ohc3hw9/gradle-3.3/lib/plugins/commons-codec-1.6.jar
7fbe78017000-7fbe7801e000 r--s 00049000 08:01 34342011                   /root/.gradle/wrapper/dists/gradle-3.3-all/55gk2rcmfc6p2dg9u9ohc3hw9/gradle-3.3/lib/plugins/httpcore-4.4.4.jar
7fbe7801e000-7fbe78021000 r--s 0001c000 08:01 34341969                   /root/.gradle/wrapper/dists/gradle-3.3-all/55gk2rcmfc6p2dg9u9ohc3hw9/gradle-3.3/lib/plugins/nekohtml-1.9.14.jar
7fbe78021000-7fbe7802e000 r--s 000a4000 08:01 34341968                   /root/.gradle/wrapper/dists/gradle-3.3-all/55gk2rcmfc6p2dg9u9ohc3hw9/gradle-3.3/lib/plugins/httpclient-4.4.1.jar
7fbe7802e000-7fbe78031000 r--s 0000a000 08:01 34341939                   /root/.gradle/wrapper/dists/gradle-3.3-all/55gk2rcmfc6p2dg9u9ohc3hw9/gradle-3.3/lib/plugins/gradle-resources-http-3.3.jar
7fbe78031000-7fbe78035000 r--s 00015000 08:01 34341938                   /root/.gradle/wrapper/dists/gradle-3.3-all/55gk2rcmfc6p2dg9u9ohc3hw9/gradle-3.3/lib/plugins/gradle-plugin-use-3.3.jar
7fbe78035000-7fbe78036000 r--s 00000000 08:01 34341850                   /root/.gradle/wrapper/dists/gradle-3.3-all/55gk2rcmfc6p2dg9u9ohc3hw9/gradle-3.3/lib/gradle-installation-beacon-3.3.jar
7fbe78036000-7fbe78038000 r--s 00006000 08:01 34342007                   /root/.gradle/wrapper/dists/gradle-3.3-all/55gk2rcmfc6p2dg9u9ohc3hw9/gradle-3.3/lib/plugins/aether-connector-wagon-1.13.1.jar
7fbe78038000-7fbe7803c000 r--s 0001c000 08:01 34342006                   /root/.gradle/wrapper/dists/gradle-3.3-all/55gk2rcmfc6p2dg9u9ohc3hw9/gradle-3.3/lib/plugins/aether-util-1.13.1.jar
7fbe7803c000-7fbe7803d000 r--s 00003000 08:01 34342005                   /root/.gradle/wrapper/dists/gradle-3.3-all/55gk2rcmfc6p2dg9u9ohc3hw9/gradle-3.3/lib/plugins/aether-spi-1.13.1.jar
7fbe7803d000-7fbe78040000 r--s 0001d000 08:01 34342004                   /root/.gradle/wrapper/dists/gradle-3.3-all/55gk2rcmfc6p2dg9u9ohc3hw9/gradle-3.3/lib/plugins/aether-impl-1.13.1.jar
7fbe78040000-7fbe78043000 r--s 00013000 08:01 34342003                   /root/.gradle/wrapper/dists/gradle-3.3-all/55gk2rcmfc6p2dg9u9ohc3hw9/gradle-3.3/lib/plugins/aether-api-1.13.1.jar
7fbe78043000-7fbe78044000 r--s 00007000 08:01 34342002                   /root/.gradle/wrapper/dists/gradle-3.3-all/55gk2rcmfc6p2dg9u9ohc3hw9/gradle-3.3/lib/plugins/wagon-http-shared4-2.4.jar
7fbe78044000-7fbe78046000 r--s 0000b000 08:01 34342001                   /root/.gradle/wrapper/dists/gradle-3.3-all/55gk2rcmfc6p2dg9u9ohc3hw9/gradle-3.3/lib/plugins/wagon-provider-api-2.4.jar
7fbe78046000-7fbe78047000 r--s 00002000 08:01 34342000                   /root/.gradle/wrapper/dists/gradle-3.3-all/55gk2rcmfc6p2dg9u9ohc3hw9/gradle-3.3/lib/plugins/wagon-http-2.4.jar
7fbe78047000-7fbe78048000 r--s 00002000 08:01 34341999                   /root/.gradle/wrapper/dists/gradle-3.3-all/55gk2rcmfc6p2dg9u9ohc3hw9/gradle-3.3/lib/plugins/wagon-file-2.4.jar
7fbe78048000-7fbe7804a000 r--s 0000c000 08:01 34341998                   /root/.gradle/wrapper/dists/gradle-3.3-all/55gk2rcmfc6p2dg9u9ohc3hw9/gradle-3.3/lib/plugins/maven-aether-provider-3.0.4.jar
7fbe7804a000-7fbe7804c000 r--s 0000b000 08:01 34341997                   /root/.gradle/wrapper/dists/gradle-3.3-all/55gk2rcmfc6p2dg9u9ohc3hw9/gradle-3.3/lib/plugins/maven-plugin-api-3.0.4.jar
7fbe7804c000-7fbe7804e000 r--s 00006000 08:01 34341996                   /root/.gradle/wrapper/dists/gradle-3.3-all/55gk2rcmfc6p2dg9u9ohc3hw9/gradle-3.3/lib/plugins/maven-repository-metadata-3.0.4.jar
7fbe7804e000-7fbe78050000 r--s 0000b000 08:01 34341995                   /root/.gradle/wrapper/dists/gradle-3.3-all/55gk2rcmfc6p2dg9u9ohc3hw9/gradle-3.3/lib/plugins/maven-artifact-3.0.4.jar
7fbe78050000-7fbe78052000 r--s 00026000 08:01 34341994                   /root/.gradle/wrapper/dists/gradle-3.3-all/55gk2rcmfc6p2dg9u9ohc3hw9/gradle-3.3/lib/plugins/maven-model-3.0.4.jar
7fbe78052000-7fbe78056000 r--s 00021000 08:01 34341993                   /root/.gradle/wrapper/dists/gradle-3.3-all/55gk2rcmfc6p2dg9u9ohc3hw9/gradle-3.3/lib/plugins/maven-model-builder-3.0.4.jar
7fbe78056000-7fbe7805c000 r--s 0003f000 08:01 34341992                   /root/.gradle/wrapper/dists/gradle-3.3-all/55gk2rcmfc6p2dg9u9ohc3hw9/gradle-3.3/lib/plugins/maven-compat-3.0.4.jar
7fbe7805c000-7fbe7805d000 r--s 00006000 08:01 34341991                   /root/.gradle/wrapper/dists/gradle-3.3-all/55gk2rcmfc6p2dg9u9ohc3hw9/gradle-3.3/lib/plugins/plexus-sec-dispatcher-1.3.jar
7fbe7805d000-7fbe7805f000 r--s 00002000 08:01 34341990                   /root/.gradle/wrapper/dists/gradle-3.3-all/55gk2rcmfc6p2dg9u9ohc3hw9/gradle-3.3/lib/plugins/plexus-cipher-1.7.jar
7fbe7805f000-7fbe78061000 r--s 0000a000 08:01 34341989                   /root/.gradle/wrapper/dists/gradle-3.3-all/55gk2rcmfc6p2dg9u9ohc3hw9/gradle-3.3/lib/plugins/plexus-classworlds-2.4.jar
7fbe78061000-7fbe78068000 r--s 0002e000 08:01 34341988                   /root/.gradle/wrapper/dists/gradle-3.3-all/55gk2rcmfc6p2dg9u9ohc3hw9/gradle-3.3/lib/plugins/plexus-container-default-1.5.5.jar
7fbe78068000-7fbe7806a000 r--s 00000000 08:01 34342015                   /root/.gradle/wrapper/dists/gradle-3.3-all/55gk2rcmfc6p2dg9u9ohc3hw9/gradle-3.3/lib/plugins/plexus-component-annotations-1.5.5.jar
7fbe7806a000-7fbe7806c000 r--s 0000d000 08:01 34341987                   /root/.gradle/wrapper/dists/gradle-3.3-all/55gk2rcmfc6p2dg9u9ohc3hw9/gradle-3.3/lib/plugins/plexus-interpolation-1.14.jar
7fbe7806c000-7fbe78070000 r--s 00033000 08:01 34341986                   /root/.gradle/wrapper/dists/gradle-3.3-all/55gk2rcmfc6p2dg9u9ohc3hw9/gradle-3.3/lib/plugins/plexus-utils-2.0.6.jar
7fbe78070000-7fbe78073000 r--s 00008000 08:01 34341985                   /root/.gradle/wrapper/dists/gradle-3.3-all/55gk2rcmfc6p2dg9u9ohc3hw9/gradle-3.3/lib/plugins/maven-settings-builder-3.0.4.jar
7fbe78073000-7fbe78075000 r--s 0000a000 08:01 34341984                   /root/.gradle/wrapper/dists/gradle-3.3-all/55gk2rcmfc6p2dg9u9ohc3hw9/gradle-3.3/lib/plugins/maven-settings-3.0.4.jar
7fbe78075000-7fbe7807a000 r--s 00040000 08:01 34341970                   /root/.gradle/wrapper/dists/gradle-3.3-all/55gk2rcmfc6p2dg9u9ohc3hw9/gradle-3.3/lib/plugins/jsch-0.1.53.jar
7fbe7807a000-7fbe780ba000 r--s 00277000 08:01 34341980                   /root/.gradle/wrapper/dists/gradle-3.3-all/55gk2rcmfc6p2dg9u9ohc3hw9/gradle-3.3/lib/plugins/bcprov-jdk15on-1.51.jar
7fbe780ba000-7fbe780be000 r--s 0001d000 08:01 34341979                   /root/.gradle/wrapper/dists/gradle-3.3-all/55gk2rcmfc6p2dg9u9ohc3hw9/gradle-3.3/lib/plugins/xbean-reflect-3.4.jar
7fbe780be000-7fbe780ca000 r--s 0007d000 08:01 34341957                   /root/.gradle/wrapper/dists/gradle-3.3-all/55gk2rcmfc6p2dg9u9ohc3hw9/gradle-3.3/lib/plugins/maven-core-3.0.4.jar
7fbe780ca000-7fbe780cf000 r--s 00034000 08:01 34341963                   /root/.gradle/wrapper/dists/gradle-3.3-all/55gk2rcmfc6p2dg9u9ohc3hw9/gradle-3.3/lib/plugins/gson-2.7.jar
7fbe780cf000-7fbe780de000 r--s 000d9000 08:01 34341978                   /root/.gradle/wrapper/dists/gradle-3.3-all/55gk2rcmfc6p2dg9u9ohc3hw9/gradle-3.3/lib/plugins/ivy-2.2.0.jar
7fbe780de000-7fbe780fd000 r--s 000f6000 08:01 34341946                   /root/.gradle/wrapper/dists/gradle-3.3-all/55gk2rcmfc6p2dg9u9ohc3hw9/gradle-3.3/lib/plugins/gradle-dependency-management-3.3.jar
7fbe780fd000-7fbe780ff000 r--s 00005000 08:01 34341945                   /root/.gradle/wrapper/dists/gradle-3.3-all/55gk2rcmfc6p2dg9u9ohc3hw9/gradle-3.3/lib/plugins/gradle-workers-3.3.jar
7fbe780ff000-7fbe78115000 r-xp 00000000 08:01 11144034                   /usr/local/java/jdk1.8.0_121/jre/lib/amd64/libnet.so
7fbe78115000-7fbe78315000 ---p 00016000 08:01 11144034                   /usr/local/java/jdk1.8.0_121/jre/lib/amd64/libnet.so
7fbe78315000-7fbe78316000 rw-p 00016000 08:01 11144034                   /usr/local/java/jdk1.8.0_121/jre/lib/amd64/libnet.so
7fbe78316000-7fbe78317000 r--s 00006000 08:01 34341849                   /root/.gradle/wrapper/dists/gradle-3.3-all/55gk2rcmfc6p2dg9u9ohc3hw9/gradle-3.3/lib/gradle-wrapper-3.3.jar
7fbe78317000-7fbe78324000 r--s 00041000 08:01 34341856                   /root/.gradle/wrapper/dists/gradle-3.3-all/55gk2rcmfc6p2dg9u9ohc3hw9/gradle-3.3/lib/gradle-tooling-api-3.3.jar
7fbe78324000-7fbe78326000 r--s 00002000 08:01 34341876                   /root/.gradle/wrapper/dists/gradle-3.3-all/55gk2rcmfc6p2dg9u9ohc3hw9/gradle-3.3/lib/gradle-open-api-3.3.jar
7fbe78326000-7fbe7832c000 r--s 00032000 08:01 34341878                   /root/.gradle/wrapper/dists/gradle-3.3-all/55gk2rcmfc6p2dg9u9ohc3hw9/gradle-3.3/lib/jaxen-1.1.jar
7fbe7832c000-7fbe78331000 r--s 00048000 08:01 34341877                   /root/.gradle/wrapper/dists/gradle-3.3-all/55gk2rcmfc6p2dg9u9ohc3hw9/gradle-3.3/lib/dom4j-1.6.1.jar
7fbe78331000-7fbe7833c000 r--s 00059000 08:01 34341855                   /root/.gradle/wrapper/dists/gradle-3.3-all/55gk2rcmfc6p2dg9u9ohc3hw9/gradle-3.3/lib/gradle-ui-3.3.jar
7fbe7833c000-7fbe78345000 r--s 0008c000 08:01 34341847                   /root/.gradle/wrapper/dists/gradle-3.3-all/55gk2rcmfc6p2dg9u9ohc3hw9/gradle-3.3/lib/kotlin-stdlib-1.1-M02.jar
7fbe78345000-7fbe7834b000 r--s 0002a000 08:01 34341846                   /root/.gradle/wrapper/dists/gradle-3.3-all/55gk2rcmfc6p2dg9u9ohc3hw9/gradle-3.3/lib/kotlin-runtime-1.1-M02.jar
7fbe7834b000-7fbe7837f000 r--s 00256000 08:01 34341845                   /root/.gradle/wrapper/dists/gradle-3.3-all/55gk2rcmfc6p2dg9u9ohc3hw9/gradle-3.3/lib/kotlin-reflect-1.1-M02.jar
7fbe7837f000-7fbe78515000 r--s 0157e000 08:01 34341844                   /root/.gradle/wrapper/dists/gradle-3.3-all/55gk2rcmfc6p2dg9u9ohc3hw9/gradle-3.3/lib/kotlin-compiler-embeddable-1.1-M02.jar
7fbe78515000-7fbe7851d000 r--s 0004e000 08:01 34341843                   /root/.gradle/wrapper/dists/gradle-3.3-all/55gk2rcmfc6p2dg9u9ohc3hw9/gradle-3.3/lib/gradle-script-kotlin-0.5.1.jar
7fbe7851d000-7fbe78520000 r--s 0000b000 08:01 34341874                   /root/.gradle/wrapper/dists/gradle-3.3-all/55gk2rcmfc6p2dg9u9ohc3hw9/gradle-3.3/lib/gradle-resources-3.3.jar
7fbe78520000-7fbe78522000 r--s 00003000 08:01 34341883                   /root/.gradle/wrapper/dists/gradle-3.3-all/55gk2rcmfc6p2dg9u9ohc3hw9/gradle-3.3/lib/jcl-over-slf4j-1.7.10.jar
7fbe78522000-7fbe78523000 r--s 00005000 08:01 34341882                   /root/.gradle/wrapper/dists/gradle-3.3-all/55gk2rcmfc6p2dg9u9ohc3hw9/gradle-3.3/lib/log4j-over-slf4j-1.7.10.jar
7fbe78523000-7fbe78525000 r--s 00000000 08:01 34341881                   /root/.gradle/wrapper/dists/gradle-3.3-all/55gk2rcmfc6p2dg9u9ohc3hw9/gradle-3.3/lib/jul-to-slf4j-1.7.10.jar
7fbe78525000-7fbe7852a000 r--s 0001e000 08:01 34341858                   /root/.gradle/wrapper/dists/gradle-3.3-all/55gk2rcmfc6p2dg9u9ohc3hw9/gradle-3.3/lib/gradle-logging-3.3.jar
7fbe7852a000-7fbe7852c000 r--s 00007000 08:01 34341902                   /root/.gradle/wrapper/dists/gradle-3.3-all/55gk2rcmfc6p2dg9u9ohc3hw9/gradle-3.3/lib/objenesis-1.2.jar
7fbe7852c000-7fbe7852e000 r--s 00000000 08:01 34341901                   /root/.gradle/wrapper/dists/gradle-3.3-all/55gk2rcmfc6p2dg9u9ohc3hw9/gradle-3.3/lib/minlog-1.2.jar
7fbe7852e000-7fbe78530000 r--s 0000f000 08:01 34341900                   /root/.gradle/wrapper/dists/gradle-3.3-all/55gk2rcmfc6p2dg9u9ohc3hw9/gradle-3.3/lib/reflectasm-1.07-shaded.jar
7fbe78530000-7fbe78534000 r--s 00026000 08:01 34341885                   /root/.gradle/wrapper/dists/gradle-3.3-all/55gk2rcmfc6p2dg9u9ohc3hw9/gradle-3.3/lib/kryo-2.20.jar
7fbe78534000-7fbe7853a000 r--s 00027000 08:01 34341873                   /root/.gradle/wrapper/dists/gradle-3.3-all/55gk2rcmfc6p2dg9u9ohc3hw9/gradle-3.3/lib/gradle-messaging-3.3.jar
7fbe7853a000-7fbe7853b000 r--s 00001000 08:01 34341899                   /root/.gradle/wrapper/dists/gradle-3.3-all/55gk2rcmfc6p2dg9u9ohc3hw9/gradle-3.3/lib/native-platform-linux-i386-ncurses6-0.12.jar
7fbe7853b000-7fbe7853c000 r--s 00001000 08:01 34341898                   /root/.gradle/wrapper/dists/gradle-3.3-all/55gk2rcmfc6p2dg9u9ohc3hw9/gradle-3.3/lib/native-platform-linux-i386-ncurses5-0.12.jar
7fbe7853c000-7fbe7853d000 r--s 00001000 08:01 34341897                   /root/.gradle/wrapper/dists/gradle-3.3-all/55gk2rcmfc6p2dg9u9ohc3hw9/gradle-3.3/lib/native-platform-linux-amd64-ncurses6-0.12.jar
7fbe7853d000-7fbe7853e000 r--s 00001000 08:01 34341896                   /root/.gradle/wrapper/dists/gradle-3.3-all/55gk2rcmfc6p2dg9u9ohc3hw9/gradle-3.3/lib/native-platform-linux-amd64-ncurses5-0.12.jar
7fbe7853e000-7fbe7853f000 r--s 0000b000 08:01 34341895                   /root/.gradle/wrapper/dists/gradle-3.3-all/55gk2rcmfc6p2dg9u9ohc3hw9/gradle-3.3/lib/native-platform-windows-i386-0.12.jar
7fbe7853f000-7fbe78541000 r--s 0000b000 08:01 34341894                   /root/.gradle/wrapper/dists/gradle-3.3-all/55gk2rcmfc6p2dg9u9ohc3hw9/gradle-3.3/lib/native-platform-windows-amd64-0.12.jar
7fbe78541000-7fbe78543000 r--s 00002000 08:01 34341893                   /root/.gradle/wrapper/dists/gradle-3.3-all/55gk2rcmfc6p2dg9u9ohc3hw9/gradle-3.3/lib/native-platform-osx-i386-0.12.jar
7fbe78543000-7fbe78544000 r--s 00002000 08:01 34341892                   /root/.gradle/wrapper/dists/gradle-3.3-all/55gk2rcmfc6p2dg9u9ohc3hw9/gradle-3.3/lib/native-platform-osx-amd64-0.12.jar
7fbe78544000-7fbe78545000 r--s 00002000 08:01 34341891                   /root/.gradle/wrapper/dists/gradle-3.3-all/55gk2rcmfc6p2dg9u9ohc3hw9/gradle-3.3/lib/native-platform-linux-i386-0.12.jar
7fbe78545000-7fbe78546000 r--s 00002000 08:01 34341890                   /root/.gradle/wrapper/dists/gradle-3.3-all/55gk2rcmfc6p2dg9u9ohc3hw9/gradle-3.3/lib/native-platform-linux-amd64-0.12.jar
7fbe78546000-7fbe78547000 r--s 00003000 08:01 34341889                   /root/.gradle/wrapper/dists/gradle-3.3-all/55gk2rcmfc6p2dg9u9ohc3hw9/gradle-3.3/lib/native-platform-freebsd-i386-libstdcpp-0.12.jar
7fbe78547000-7fbe78548000 r--s 00004000 08:01 34341888                   /root/.gradle/wrapper/dists/gradle-3.3-all/55gk2rcmfc6p2dg9u9ohc3hw9/gradle-3.3/lib/native-platform-freebsd-i386-libcpp-0.12.jar
7fbe78548000-7fbe7854a000 r--s 00003000 08:01 34341887                   /root/.gradle/wrapper/dists/gradle-3.3-all/55gk2rcmfc6p2dg9u9ohc3hw9/gradle-3.3/lib/native-platform-freebsd-amd64-libstdcpp-0.12.jar
7fbe7854a000-7fbe7854d000 r--s 00023000 08:01 34341880                   /root/.gradle/wrapper/dists/gradle-3.3-all/55gk2rcmfc6p2dg9u9ohc3hw9/gradle-3.3/lib/jansi-1.14.jar
7fbe7854d000-7fbe78551000 r--s 00011000 08:01 34341879                   /root/.gradle/wrapper/dists/gradle-3.3-all/55gk2rcmfc6p2dg9u9ohc3hw9/gradle-3.3/lib/native-platform-0.12.jar
7fbe78551000-7fbe78554000 r--s 0000a000 08:01 34341857                   /root/.gradle/wrapper/dists/gradle-3.3-all/55gk2rcmfc6p2dg9u9ohc3hw9/gradle-3.3/lib/gradle-native-3.3.jar
7fbe78554000-7fbe78556000 r--s 00005000 08:01 34341854                   /root/.gradle/wrapper/dists/gradle-3.3-all/55gk2rcmfc6p2dg9u9ohc3hw9/gradle-3.3/lib/gradle-cli-3.3.jar
7fbe78556000-7fbe78558000 r--s 00007000 08:01 34341865                   /root/.gradle/wrapper/dists/gradle-3.3-all/55gk2rcmfc6p2dg9u9ohc3hw9/gradle-3.3/lib/gradle-model-groovy-3.3.jar
7fbe78558000-7fbe7855a000 r--s 00006000 08:01 34341872                   /root/.gradle/wrapper/dists/gradle-3.3-all/55gk2rcmfc6p2dg9u9ohc3hw9/gradle-3.3/lib/gradle-base-services-groovy-3.3.jar
7fbe7855a000-7fbe78569000 r--s 0007f000 08:01 34341864                   /root/.gradle/wrapper/dists/gradle-3.3-all/55gk2rcmfc6p2dg9u9ohc3hw9/gradle-3.3/lib/gradle-model-core-3.3.jar
7fbe78569000-7fbe785d9000 r--s 00641000 08:01 34341863                   /root/.gradle/wrapper/dists/gradle-3.3-all/55gk2rcmfc6p2dg9u9ohc3hw9/gradle-3.3/lib/groovy-all-2.4.7.jar
7fbe785d9000-7fbe78601000 r--s 001cf000 08:01 34341860                   /root/.gradle/wrapper/dists/gradle-3.3-all/55gk2rcmfc6p2dg9u9ohc3hw9/gradle-3.3/lib/guava-jdk5-17.0.jar
7fbe78601000-7fbe78620000 r--s 001d1000 08:01 34341867                   /root/.gradle/wrapper/dists/gradle-3.3-all/55gk2rcmfc6p2dg9u9ohc3hw9/gradle-3.3/lib/ant-1.9.6.jar
7fbe78620000-7fbe78621000 ---p 00000000 00:00 0 
7fbe78621000-7fbe78721000 rw-p 00000000 00:00 0 
7fbe78721000-7fbe78724000 ---p 00000000 00:00 0 
7fbe78724000-7fbe78822000 rw-p 00000000 00:00 0 
7fbe78822000-7fbe78825000 ---p 00000000 00:00 0 
7fbe78825000-7fbe78923000 rw-p 00000000 00:00 0 
7fbe78923000-7fbe78926000 ---p 00000000 00:00 0 
7fbe78926000-7fbe78a24000 rw-p 00000000 00:00 0 
7fbe78a24000-7fbe78a27000 ---p 00000000 00:00 0 
7fbe78a27000-7fbe78b25000 rw-p 00000000 00:00 0 
7fbe78b25000-7fbe78b28000 ---p 00000000 00:00 0 
7fbe78b28000-7fbe78c26000 rw-p 00000000 00:00 0 
7fbe78c26000-7fbe78eff000 r--p 00000000 08:01 11010498                   /usr/lib/locale/locale-archive
7fbe78eff000-7fbe78f02000 ---p 00000000 00:00 0 
7fbe78f02000-7fbe79000000 rw-p 00000000 00:00 0 
7fbe79000000-7fbe7bd30000 rwxp 00000000 00:00 0 
7fbe7bd30000-7fbe88000000 ---p 00000000 00:00 0 
7fbe88000000-7fbe88d5f000 rw-p 00000000 00:00 0 
7fbe88d5f000-7fbe8c000000 ---p 00000000 00:00 0 
7fbe8c000000-7fbe8c001000 r--s 00004000 08:01 34341886                   /root/.gradle/wrapper/dists/gradle-3.3-all/55gk2rcmfc6p2dg9u9ohc3hw9/gradle-3.3/lib/native-platform-freebsd-amd64-libcpp-0.12.jar
7fbe8c001000-7fbe8c002000 r--s 00002000 08:01 34341875                   /root/.gradle/wrapper/dists/gradle-3.3-all/55gk2rcmfc6p2dg9u9ohc3hw9/gradle-3.3/lib/gradle-docs-3.3.jar
7fbe8c002000-7fbe8c00f000 r--s 00083000 08:01 34341868                   /root/.gradle/wrapper/dists/gradle-3.3-all/55gk2rcmfc6p2dg9u9ohc3hw9/gradle-3.3/lib/commons-collections-3.2.2.jar
7fbe8c00f000-7fbe8c04c000 r--s 001f8000 08:01 34341853                   /root/.gradle/wrapper/dists/gradle-3.3-all/55gk2rcmfc6p2dg9u9ohc3hw9/gradle-3.3/lib/gradle-core-3.3.jar
7fbe8c04c000-7fbe8c04f000 ---p 00000000 00:00 0 
7fbe8c04f000-7fbe8c14d000 rw-p 00000000 00:00 0 
7fbe8c14d000-7fbe8c14e000 ---p 00000000 00:00 0 
7fbe8c14e000-7fbe8d230000 rw-p 00000000 00:00 0 
7fbe8d230000-7fbe8d409000 r--s 03d3e000 08:01 11144026                   /usr/local/java/jdk1.8.0_121/jre/lib/rt.jar
7fbe8d409000-7fbe8df7f000 rw-p 00000000 00:00 0 
7fbe8df7f000-7fbe8df80000 ---p 00000000 00:00 0 
7fbe8df80000-7fbe8e080000 rw-p 00000000 00:00 0 
7fbe8e080000-7fbe8e081000 ---p 00000000 00:00 0 
7fbe8e081000-7fbe8e181000 rw-p 00000000 00:00 0 
7fbe8e181000-7fbe8e182000 ---p 00000000 00:00 0 
7fbe8e182000-7fbe8e282000 rw-p 00000000 00:00 0 
7fbe8e282000-7fbe8e283000 ---p 00000000 00:00 0 
7fbe8e283000-7fbe8e3d7000 rw-p 00000000 00:00 0 
7fbe8e3d7000-7fbe8e583000 ---p 00000000 00:00 0 
7fbe8e583000-7fbe8e5d7000 rw-p 00000000 00:00 0 
7fbe8e5d7000-7fbe8e783000 ---p 00000000 00:00 0 
7fbe8e783000-7fbe8e883000 rw-p 00000000 00:00 0 
7fbe8e883000-7fbe8e939000 rw-p 00000000 00:00 0 
7fbe8e939000-7fbe8ec44000 ---p 00000000 00:00 0 
7fbe8ec44000-7fbe8ec5e000 r-xp 00000000 08:01 11144057                   /usr/local/java/jdk1.8.0_121/jre/lib/amd64/libzip.so
7fbe8ec5e000-7fbe8ee5e000 ---p 0001a000 08:01 11144057                   /usr/local/java/jdk1.8.0_121/jre/lib/amd64/libzip.so
7fbe8ee5e000-7fbe8ee5f000 rw-p 0001a000 08:01 11144057                   /usr/local/java/jdk1.8.0_121/jre/lib/amd64/libzip.so
7fbe8ee5f000-7fbe8ee6a000 r-xp 00000000 08:01 4981284                    /lib/x86_64-linux-gnu/libnss_files-2.23.so
7fbe8ee6a000-7fbe8f069000 ---p 0000b000 08:01 4981284                    /lib/x86_64-linux-gnu/libnss_files-2.23.so
7fbe8f069000-7fbe8f06a000 r--p 0000a000 08:01 4981284                    /lib/x86_64-linux-gnu/libnss_files-2.23.so
7fbe8f06a000-7fbe8f06b000 rw-p 0000b000 08:01 4981284                    /lib/x86_64-linux-gnu/libnss_files-2.23.so
7fbe8f06b000-7fbe8f071000 rw-p 00000000 00:00 0 
7fbe8f071000-7fbe8f07c000 r-xp 00000000 08:01 4981297                    /lib/x86_64-linux-gnu/libnss_nis-2.23.so
7fbe8f07c000-7fbe8f27b000 ---p 0000b000 08:01 4981297                    /lib/x86_64-linux-gnu/libnss_nis-2.23.so
7fbe8f27b000-7fbe8f27c000 r--p 0000a000 08:01 4981297                    /lib/x86_64-linux-gnu/libnss_nis-2.23.so
7fbe8f27c000-7fbe8f27d000 rw-p 0000b000 08:01 4981297                    /lib/x86_64-linux-gnu/libnss_nis-2.23.so
7fbe8f27d000-7fbe8f293000 r-xp 00000000 08:01 4981104                    /lib/x86_64-linux-gnu/libnsl-2.23.so
7fbe8f293000-7fbe8f492000 ---p 00016000 08:01 4981104                    /lib/x86_64-linux-gnu/libnsl-2.23.so
7fbe8f492000-7fbe8f493000 r--p 00015000 08:01 4981104                    /lib/x86_64-linux-gnu/libnsl-2.23.so
7fbe8f493000-7fbe8f494000 rw-p 00016000 08:01 4981104                    /lib/x86_64-linux-gnu/libnsl-2.23.so
7fbe8f494000-7fbe8f496000 rw-p 00000000 00:00 0 
7fbe8f496000-7fbe8f49e000 r-xp 00000000 08:01 4981312                    /lib/x86_64-linux-gnu/libnss_compat-2.23.so
7fbe8f49e000-7fbe8f69d000 ---p 00008000 08:01 4981312                    /lib/x86_64-linux-gnu/libnss_compat-2.23.so
7fbe8f69d000-7fbe8f69e000 r--p 00007000 08:01 4981312                    /lib/x86_64-linux-gnu/libnss_compat-2.23.so
7fbe8f69e000-7fbe8f69f000 rw-p 00008000 08:01 4981312                    /lib/x86_64-linux-gnu/libnss_compat-2.23.so
7fbe8f69f000-7fbe8f6ca000 r-xp 00000000 08:01 11144613                   /usr/local/java/jdk1.8.0_121/jre/lib/amd64/libjava.so
7fbe8f6ca000-7fbe8f8c9000 ---p 0002b000 08:01 11144613                   /usr/local/java/jdk1.8.0_121/jre/lib/amd64/libjava.so
7fbe8f8c9000-7fbe8f8cb000 rw-p 0002a000 08:01 11144613                   /usr/local/java/jdk1.8.0_121/jre/lib/amd64/libjava.so
7fbe8f8cb000-7fbe8f8d8000 r-xp 00000000 08:01 11144035                   /usr/local/java/jdk1.8.0_121/jre/lib/amd64/libverify.so
7fbe8f8d8000-7fbe8fad7000 ---p 0000d000 08:01 11144035                   /usr/local/java/jdk1.8.0_121/jre/lib/amd64/libverify.so
7fbe8fad7000-7fbe8fad9000 rw-p 0000c000 08:01 11144035                   /usr/local/java/jdk1.8.0_121/jre/lib/amd64/libverify.so
7fbe8fad9000-7fbe8fae0000 r-xp 00000000 08:01 4981304                    /lib/x86_64-linux-gnu/librt-2.23.so
7fbe8fae0000-7fbe8fcdf000 ---p 00007000 08:01 4981304                    /lib/x86_64-linux-gnu/librt-2.23.so
7fbe8fcdf000-7fbe8fce0000 r--p 00006000 08:01 4981304                    /lib/x86_64-linux-gnu/librt-2.23.so
7fbe8fce0000-7fbe8fce1000 rw-p 00007000 08:01 4981304                    /lib/x86_64-linux-gnu/librt-2.23.so
7fbe8fce1000-7fbe8fde9000 r-xp 00000000 08:01 4981325                    /lib/x86_64-linux-gnu/libm-2.23.so
7fbe8fde9000-7fbe8ffe8000 ---p 00108000 08:01 4981325                    /lib/x86_64-linux-gnu/libm-2.23.so
7fbe8ffe8000-7fbe8ffe9000 r--p 00107000 08:01 4981325                    /lib/x86_64-linux-gnu/libm-2.23.so
7fbe8ffe9000-7fbe8ffea000 rw-p 00108000 08:01 4981325                    /lib/x86_64-linux-gnu/libm-2.23.so
7fbe8ffea000-7fbe90cb8000 r-xp 00000000 08:01 11144883                   /usr/local/java/jdk1.8.0_121/jre/lib/amd64/server/libjvm.so
7fbe90cb8000-7fbe90eb8000 ---p 00cce000 08:01 11144883                   /usr/local/java/jdk1.8.0_121/jre/lib/amd64/server/libjvm.so
7fbe90eb8000-7fbe90f91000 rw-p 00cce000 08:01 11144883                   /usr/local/java/jdk1.8.0_121/jre/lib/amd64/server/libjvm.so
7fbe90f91000-7fbe90fdc000 rw-p 00000000 00:00 0 
7fbe90fdc000-7fbe9119c000 r-xp 00000000 08:01 4981335                    /lib/x86_64-linux-gnu/libc-2.23.so
7fbe9119c000-7fbe9139c000 ---p 001c0000 08:01 4981335                    /lib/x86_64-linux-gnu/libc-2.23.so
7fbe9139c000-7fbe913a0000 r--p 001c0000 08:01 4981335                    /lib/x86_64-linux-gnu/libc-2.23.so
7fbe913a0000-7fbe913a2000 rw-p 001c4000 08:01 4981335                    /lib/x86_64-linux-gnu/libc-2.23.so
7fbe913a2000-7fbe913a6000 rw-p 00000000 00:00 0 
7fbe913a6000-7fbe913a9000 r-xp 00000000 08:01 4981310                    /lib/x86_64-linux-gnu/libdl-2.23.so
7fbe913a9000-7fbe915a8000 ---p 00003000 08:01 4981310                    /lib/x86_64-linux-gnu/libdl-2.23.so
7fbe915a8000-7fbe915a9000 r--p 00002000 08:01 4981310                    /lib/x86_64-linux-gnu/libdl-2.23.so
7fbe915a9000-7fbe915aa000 rw-p 00003000 08:01 4981310                    /lib/x86_64-linux-gnu/libdl-2.23.so
7fbe915aa000-7fbe915bf000 r-xp 00000000 08:01 11020813                   /usr/local/java/jdk1.8.0_121/lib/amd64/jli/libjli.so
7fbe915bf000-7fbe917bf000 ---p 00015000 08:01 11020813                   /usr/local/java/jdk1.8.0_121/lib/amd64/jli/libjli.so
7fbe917bf000-7fbe917c0000 rw-p 00015000 08:01 11020813                   /usr/local/java/jdk1.8.0_121/lib/amd64/jli/libjli.so
7fbe917c0000-7fbe917d8000 r-xp 00000000 08:01 4981295                    /lib/x86_64-linux-gnu/libpthread-2.23.so
7fbe917d8000-7fbe919d7000 ---p 00018000 08:01 4981295                    /lib/x86_64-linux-gnu/libpthread-2.23.so
7fbe919d7000-7fbe919d8000 r--p 00017000 08:01 4981295                    /lib/x86_64-linux-gnu/libpthread-2.23.so
7fbe919d8000-7fbe919d9000 rw-p 00018000 08:01 4981295                    /lib/x86_64-linux-gnu/libpthread-2.23.so
7fbe919d9000-7fbe919dd000 rw-p 00000000 00:00 0 
7fbe919dd000-7fbe91a03000 r-xp 00000000 08:01 4981106                    /lib/x86_64-linux-gnu/ld-2.23.so
7fbe91a03000-7fbe91a04000 r--s 00000000 08:01 34341871                   /root/.gradle/wrapper/dists/gradle-3.3-all/55gk2rcmfc6p2dg9u9ohc3hw9/gradle-3.3/lib/javax.inject-1.jar
7fbe91a04000-7fbe91a05000 r--s 00000000 08:01 34341870                   /root/.gradle/wrapper/dists/gradle-3.3-all/55gk2rcmfc6p2dg9u9ohc3hw9/gradle-3.3/lib/jcip-annotations-1.0.jar
7fbe91a05000-7fbe91a09000 r--s 00027000 08:01 34341869                   /root/.gradle/wrapper/dists/gradle-3.3-all/55gk2rcmfc6p2dg9u9ohc3hw9/gradle-3.3/lib/commons-io-2.2.jar
7fbe91a09000-7fbe91a0e000 r--s 00038000 08:01 34341866                   /root/.gradle/wrapper/dists/gradle-3.3-all/55gk2rcmfc6p2dg9u9ohc3hw9/gradle-3.3/lib/asm-all-5.1.jar
7fbe91a0e000-7fbe91a0f000 r--s 00001000 08:01 34341862                   /root/.gradle/wrapper/dists/gradle-3.3-all/55gk2rcmfc6p2dg9u9ohc3hw9/gradle-3.3/lib/gradle-process-services-3.3.jar
7fbe91a0f000-7fbe91a14000 r--s 00041000 08:01 34341861                   /root/.gradle/wrapper/dists/gradle-3.3-all/55gk2rcmfc6p2dg9u9ohc3hw9/gradle-3.3/lib/commons-lang-2.6.jar
7fbe91a14000-7fbe91a1d000 r--s 00042000 08:01 34341851                   /root/.gradle/wrapper/dists/gradle-3.3-all/55gk2rcmfc6p2dg9u9ohc3hw9/gradle-3.3/lib/gradle-base-services-3.3.jar
7fbe91a1d000-7fbe91adf000 rw-p 00000000 00:00 0 
7fbe91adf000-7fbe91ae2000 ---p 00000000 00:00 0 
7fbe91ae2000-7fbe91be4000 rw-p 00000000 00:00 0 
7fbe91be4000-7fbe91be6000 r--s 00000000 08:01 34341852                   /root/.gradle/wrapper/dists/gradle-3.3-all/55gk2rcmfc6p2dg9u9ohc3hw9/gradle-3.3/lib/gradle-jvm-services-3.3.jar
7fbe91be6000-7fbe91be7000 r--s 00000000 08:01 34342017                   /root/.gradle/wrapper/dists/gradle-3.3-all/55gk2rcmfc6p2dg9u9ohc3hw9/gradle-3.3/lib/gradle-version-info-3.3.jar
7fbe91be7000-7fbe91be8000 r--s 00007000 08:01 34341859                   /root/.gradle/wrapper/dists/gradle-3.3-all/55gk2rcmfc6p2dg9u9ohc3hw9/gradle-3.3/lib/slf4j-api-1.7.10.jar
7fbe91be8000-7fbe91be9000 r--s 00004000 08:01 34341884                   /root/.gradle/wrapper/dists/gradle-3.3-all/55gk2rcmfc6p2dg9u9ohc3hw9/gradle-3.3/lib/ant-launcher-1.9.6.jar
7fbe91be9000-7fbe91bf6000 r--s 0005c000 08:01 34341848                   /root/.gradle/wrapper/dists/gradle-3.3-all/55gk2rcmfc6p2dg9u9ohc3hw9/gradle-3.3/lib/gradle-launcher-3.3.jar
7fbe91bf6000-7fbe91bfe000 rw-s 00000000 08:01 786536                     /tmp/hsperfdata_root/2789
7fbe91bfe000-7fbe91bff000 rw-p 00000000 00:00 0 
7fbe91bff000-7fbe91c00000 r--p 00000000 00:00 0 
7fbe91c00000-7fbe91c02000 rw-p 00000000 00:00 0 
7fbe91c02000-7fbe91c03000 r--p 00025000 08:01 4981106                    /lib/x86_64-linux-gnu/ld-2.23.so
7fbe91c03000-7fbe91c04000 rw-p 00026000 08:01 4981106                    /lib/x86_64-linux-gnu/ld-2.23.so
7fbe91c04000-7fbe91c05000 rw-p 00000000 00:00 0 
7ffca5650000-7ffca5671000 rw-p 00000000 00:00 0                          [stack]
7ffca57bb000-7ffca57bd000 r--p 00000000 00:00 0                          [vvar]
7ffca57bd000-7ffca57bf000 r-xp 00000000 00:00 0                          [vdso]
ffffffffff600000-ffffffffff601000 r-xp 00000000 00:00 0                  [vsyscall]

VM Arguments:
jvm_args: -Xmx1536m -Dfile.encoding=UTF-8 -Duser.country=US -Duser.language=en -Duser.variant 
java_command: org.gradle.launcher.daemon.bootstrap.GradleDaemon 3.3
java_class_path (initial): /root/.gradle/wrapper/dists/gradle-3.3-all/55gk2rcmfc6p2dg9u9ohc3hw9/gradle-3.3/lib/gradle-launcher-3.3.jar
Launcher Type: SUN_STANDARD

Environment Variables:
JAVA_HOME=/usr/local/java/jdk1.8.0_121/
PATH=/usr/local/sbin:/usr/local/bin:/usr/sbin:/usr/bin:/sbin:/bin:/snap/bin
USERNAME=root
LD_LIBRARY_PATH=/opt/android-studio/bin:
SHELL=/bin/bash
DISPLAY=:0

Signal Handlers:
SIGSEGV: [libjvm.so+0xac78c0], sa_mask[0]=11111111011111111101111111111110, sa_flags=SA_RESTART|SA_SIGINFO
SIGBUS: [libjvm.so+0xac78c0], sa_mask[0]=11111111011111111101111111111110, sa_flags=SA_RESTART|SA_SIGINFO
SIGFPE: [libjvm.so+0x920ac0], sa_mask[0]=11111111011111111101111111111110, sa_flags=SA_RESTART|SA_SIGINFO
SIGPIPE: [libjvm.so+0x920ac0], sa_mask[0]=11111111011111111101111111111110, sa_flags=SA_RESTART|SA_SIGINFO
SIGXFSZ: [libjvm.so+0x920ac0], sa_mask[0]=11111111011111111101111111111110, sa_flags=SA_RESTART|SA_SIGINFO
SIGILL: [libjvm.so+0x920ac0], sa_mask[0]=11111111011111111101111111111110, sa_flags=SA_RESTART|SA_SIGINFO
SIGUSR1: SIG_DFL, sa_mask[0]=00000000000000000000000000000000, sa_flags=none
SIGUSR2: [libjvm.so+0x922300], sa_mask[0]=00100000000000000000000000000000, sa_flags=SA_RESTART|SA_SIGINFO
SIGHUP: [libjvm.so+0x923700], sa_mask[0]=11111111011111111101111111111110, sa_flags=SA_RESTART|SA_SIGINFO
SIGINT: [libjvm.so+0x923700], sa_mask[0]=11111111011111111101111111111110, sa_flags=SA_RESTART|SA_SIGINFO
SIGTERM: [libjvm.so+0x923700], sa_mask[0]=11111111011111111101111111111110, sa_flags=SA_RESTART|SA_SIGINFO
SIGQUIT: [libjvm.so+0x923700], sa_mask[0]=11111111011111111101111111111110, sa_flags=SA_RESTART|SA_SIGINFO


---------------  S Y S T E M  ---------------

OS:DISTRIB_ID=Ubuntu
DISTRIB_RELEASE=16.04
DISTRIB_CODENAME=xenial
DISTRIB_DESCRIPTION="Ubuntu 16.04.2 LTS"

uname:Linux 4.4.0-92-generic #115-Ubuntu SMP Thu Aug 10 09:04:33 UTC 2017 x86_64
libc:glibc 2.23 NPTL 2.23 
rlimit: STACK 8192k, CORE 0k, NPROC 31512, NOFILE 1048576, AS infinity
load average:3.76 2.69 1.49

/proc/meminfo:
MemTotal:        8107664 kB
MemFree:         3093884 kB
MemAvailable:    4437180 kB
Buffers:          172688 kB
Cached:          1534728 kB
SwapCached:            0 kB
Active:          3819808 kB
Inactive:         902032 kB
Active(anon):    3026656 kB
Inactive(anon):   189208 kB
Active(file):     793152 kB
Inactive(file):   712824 kB
Unevictable:          32 kB
Mlocked:              32 kB
SwapTotal:       8319996 kB
SwapFree:        8319996 kB
Dirty:             31816 kB
Writeback:          7728 kB
AnonPages:       3014708 kB
Mapped:           372084 kB
Shmem:            201288 kB
Slab:             159408 kB
SReclaimable:     121644 kB
SUnreclaim:        37764 kB
KernelStack:       10480 kB
PageTables:        41384 kB
NFS_Unstable:          0 kB
Bounce:                0 kB
WritebackTmp:          0 kB
CommitLimit:    12373828 kB
Committed_AS:    8998904 kB
VmallocTotal:   34359738367 kB
VmallocUsed:           0 kB
VmallocChunk:          0 kB
HardwareCorrupted:     0 kB
AnonHugePages:   1628160 kB
CmaTotal:              0 kB
CmaFree:               0 kB
HugePages_Total:       0
HugePages_Free:        0
HugePages_Rsvd:        0
HugePages_Surp:        0
Hugepagesize:       2048 kB
DirectMap4k:      135872 kB
DirectMap2M:     2942976 kB
DirectMap1G:     6291456 kB


CPU:total 4 (2 cores per cpu, 2 threads per core) family 6 model 69 stepping 1, cmov, cx8, fxsr, mmx, sse, sse2, sse3, ssse3, sse4.1, sse4.2, popcnt, avx, avx2, aes, clmul, erms, lzcnt, ht, tsc, tscinvbit, bmi1, bmi2

/proc/cpuinfo:
processor	: 0
vendor_id	: GenuineIntel
cpu family	: 6
model		: 69
model name	: Intel(R) Core(TM) i5-4200U CPU @ 1.60GHz
stepping	: 1
microcode	: 0x16
cpu MHz		: 2300.000
cache size	: 3072 KB
physical id	: 0
siblings	: 4
core id		: 0
cpu cores	: 2
apicid		: 0
initial apicid	: 0
fpu		: yes
fpu_exception	: yes
cpuid level	: 13
wp		: yes
flags		: fpu vme de pse tsc msr pae mce cx8 apic sep mtrr pge mca cmov pat pse36 clflush dts acpi mmx fxsr sse sse2 ss ht tm pbe syscall nx pdpe1gb rdtscp lm constant_tsc arch_perfmon pebs bts rep_good nopl xtopology nonstop_tsc aperfmperf eagerfpu pni pclmulqdq dtes64 monitor ds_cpl vmx est tm2 ssse3 sdbg fma cx16 xtpr pdcm pcid sse4_1 sse4_2 movbe popcnt tsc_deadline_timer aes xsave avx f16c rdrand lahf_lm abm epb tpr_shadow vnmi flexpriority ept vpid fsgsbase tsc_adjust bmi1 avx2 smep bmi2 erms invpcid xsaveopt dtherm ida arat pln pts
bugs		:
bogomips	: 4589.71
clflush size	: 64
cache_alignment	: 64
address sizes	: 39 bits physical, 48 bits virtual
power management:

processor	: 1
vendor_id	: GenuineIntel
cpu family	: 6
model		: 69
model name	: Intel(R) Core(TM) i5-4200U CPU @ 1.60GHz
stepping	: 1
microcode	: 0x16
cpu MHz		: 2299.910
cache size	: 3072 KB
physical id	: 0
siblings	: 4
core id		: 0
cpu cores	: 2
apicid		: 1
initial apicid	: 1
fpu		: yes
fpu_exception	: yes
cpuid level	: 13
wp		: yes
flags		: fpu vme de pse tsc msr pae mce cx8 apic sep mtrr pge mca cmov pat pse36 clflush dts acpi mmx fxsr sse sse2 ss ht tm pbe syscall nx pdpe1gb rdtscp lm constant_tsc arch_perfmon pebs bts rep_good nopl xtopology nonstop_tsc aperfmperf eagerfpu pni pclmulqdq dtes64 monitor ds_cpl vmx est tm2 ssse3 sdbg fma cx16 xtpr pdcm pcid sse4_1 sse4_2 movbe popcnt tsc_deadline_timer aes xsave avx f16c rdrand lahf_lm abm epb tpr_shadow vnmi flexpriority ept vpid fsgsbase tsc_adjust bmi1 avx2 smep bmi2 erms invpcid xsaveopt dtherm ida arat pln pts
bugs		:
bogomips	: 4589.71
clflush size	: 64
cache_alignment	: 64
address sizes	: 39 bits physical, 48 bits virtual
power management:

processor	: 2
vendor_id	: GenuineIntel
cpu family	: 6
model		: 69
model name	: Intel(R) Core(TM) i5-4200U CPU @ 1.60GHz
stepping	: 1
microcode	: 0x16
cpu MHz		: 2300.000
cache size	: 3072 KB
physical id	: 0
siblings	: 4
core id		: 1
cpu cores	: 2
apicid		: 2
initial apicid	: 2
fpu		: yes
fpu_exception	: yes
cpuid level	: 13
wp		: yes
flags		: fpu vme de pse tsc msr pae mce cx8 apic sep mtrr pge mca cmov pat pse36 clflush dts acpi mmx fxsr sse sse2 ss ht tm pbe syscall nx pdpe1gb rdtscp lm constant_tsc arch_perfmon pebs bts rep_good nopl xtopology nonstop_tsc aperfmperf eagerfpu pni pclmulqdq dtes64 monitor ds_cpl vmx est tm2 ssse3 sdbg fma cx16 xtpr pdcm pcid sse4_1 sse4_2 movbe popcnt tsc_deadline_timer aes xsave avx f16c rdrand lahf_lm abm epb tpr_shadow vnmi flexpriority ept vpid fsgsbase tsc_adjust bmi1 avx2 smep bmi2 erms invpcid xsaveopt dtherm ida arat pln pts
bugs		:
bogomips	: 4589.71
clflush size	: 64
cache_alignment	: 64
address sizes	: 39 bits physical, 48 bits virtual
power management:

processor	: 3
vendor_id	: GenuineIntel
cpu family	: 6
model		: 69
model name	: Intel(R) Core(TM) i5-4200U CPU @ 1.60GHz
stepping	: 1
microcode	: 0x16
cpu MHz		: 2299.910
cache size	: 3072 KB
physical id	: 0
siblings	: 4
core id		: 1
cpu cores	: 2
apicid		: 3
initial apicid	: 3
fpu		: yes
fpu_exception	: yes
cpuid level	: 13
wp		: yes
flags		: fpu vme de pse tsc msr pae mce cx8 apic sep mtrr pge mca cmov pat pse36 clflush dts acpi mmx fxsr sse sse2 ss ht tm pbe syscall nx pdpe1gb rdtscp lm constant_tsc arch_perfmon pebs bts rep_good nopl xtopology nonstop_tsc aperfmperf eagerfpu pni pclmulqdq dtes64 monitor ds_cpl vmx est tm2 ssse3 sdbg fma cx16 xtpr pdcm pcid sse4_1 sse4_2 movbe popcnt tsc_deadline_timer aes xsave avx f16c rdrand lahf_lm abm epb tpr_shadow vnmi flexpriority ept vpid fsgsbase tsc_adjust bmi1 avx2 smep bmi2 erms invpcid xsaveopt dtherm ida arat pln pts
bugs		:
bogomips	: 4589.71
clflush size	: 64
cache_alignment	: 64
address sizes	: 39 bits physical, 48 bits virtual
power management:



Memory: 4k page, physical 8107664k(3093884k free), swap 8319996k(8319996k free)

vm_info: Java HotSpot(TM) 64-Bit Server VM (25.121-b13) for linux-amd64 JRE (1.8.0_121-b13), built on Dec 12 2016 16:36:53 by "java_re" with gcc 4.3.0 20080428 (Red Hat 4.3.0-8)

time: Sat Aug 26 22:05:30 2017
elapsed time: 72 seconds (0d 0h 1m 12s)

