#
# A fatal error has been detected by the Java Runtime Environment:
#
#  SIGSEGV (0xb) at pc=0x00007f6a2d6cb556, pid=4233, tid=0x00007f6a0ec15700
#
# JRE version: Java(TM) SE Runtime Environment (8.0_121-b13) (build 1.8.0_121-b13)
# Java VM: Java HotSpot(TM) 64-Bit Server VM (25.121-b13 mixed mode linux-amd64 compressed oops)
# Problematic frame:
# V  [libjvm.so+0x3cb556]  LinearScan::resolve_exception_handlers()+0x1c6
#
# Failed to write core dump. Core dumps have been disabled. To enable core dumping, try "ulimit -c unlimited" before starting Java again
#
# If you would like to submit a bug report, please visit:
#   http://bugreport.java.com/bugreport/crash.jsp
#

---------------  T H R E A D  ---------------

Current thread (0x00007f6a280be000):  JavaThread "C1 CompilerThread2" daemon [_thread_in_native, id=4247, stack(0x00007f6a0eb15000,0x00007f6a0ec16000)]

siginfo: si_signo: 11 (SIGSEGV), si_code: 1 (SEGV_MAPERR), si_addr: 0x00007f69000001ae

Registers:
RAX=0x00007f69000001ae, RBX=0x0000000000400000, RCX=0x0000000000000001, RDX=0x0000000000000000
RSP=0x00007f6a0ec13dc0, RBP=0x00007f6a0ec141a0, RSI=0x00007f69e07e92c0, RDI=0x00007f6a0ec13e00
R8 =0x0000000000000019, R9 =0x00007f69e0466990, R10=0x0000000000000009, R11=0x0000000000000048
R12=0x00000000000001ac, R13=0x0000000000000008, R14=0x00007f69000001ae, R15=0x0000000000000208
RIP=0x00007f6a2d6cb556, EFLAGS=0x0000000000010202, CSGSFS=0x0000000000000033, ERR=0x0000000000000004
  TRAPNO=0x000000000000000e

Top of Stack: (sp=0x00007f6a0ec13dc0)
0x00007f6a0ec13dc0:   0000000000000000 00007f6a0ec13e00
0x00007f6a0ec13dd0:   00000000000007b0 00007f6a0ec14030
0x00007f6a0ec13de0:   00007f69e03d6630 00007f69e07e6230
0x00007f6a0ec13df0:   0000000000000068 00000000000000f8
0x00007f6a0ec13e00:   00007f69e07e9290 0000000000000001
0x00007f6a0ec13e10:   00007f6900000000 00007f69e07e92c0
0x00007f6a0ec13e20:   00007f69e07e8f08 00007f69e07e8fa8
0x00007f6a0ec13e30:   00007f69e07e6620 0000055800000558
0x00007f6a0ec13e40:   0000055800000558 0000055800000558
0x00007f6a0ec13e50:   00007f6900000558 0000000000000000
0x00007f6a0ec13e60:   00007f6900000000 0000000000000208
0x00007f6a0ec13e70:   00007f69e03dce50 0000000000000208
0x00007f6a0ec13e80:   00007f6a0ec13f50 00007f6a2d6c6efe
0x00007f6a0ec13e90:   00007f69e006f440 00007f69e07de550
0x00007f6a0ec13ea0:   00007f69e03d6630 00000240e046d160
0x00007f6a0ec13eb0:   00007f6a0ec14008 00007f69e07e8f00
0x00007f6a0ec13ec0:   00007f69e07e8f18 00007f69e07e8f20
0x00007f6a0ec13ed0:   00007f69e07e8f28 00007f69e07e6780
0x00007f6a0ec13ee0:   00007f69e07e6788 0000000000000009
0x00007f6a0ec13ef0:   0000000000000000 00007f6a2d65a600
0x00007f6a0ec13f00:   0000000000000000 00007f6a2dcb0100
0x00007f6a0ec13f10:   00007f69e03dbad0 0000000000000240
0x00007f6a0ec13f20:   fffffffffffffff8 00007f69e006f440
0x00007f6a0ec13f30:   0000000000000000 00007f69e07de550
0x00007f6a0ec13f40:   000000000000001d 00007f69e006f440
0x00007f6a0ec13f50:   00007f6a0ec141a0 00007f69e07e8cc8
0x00007f6a0ec13f60:   00007f69e07e6628 00007f6a0ec13fb8
0x00007f6a0ec13f70:   00007f6a0ec140e0 00007f6a0ec14110
0x00007f6a0ec13f80:   00007f6a0ec14140 00007f6a0ec13fa0
0x00007f6a0ec13f90:   00007f69e03d6630 0000001fe0464220
0x00007f6a0ec13fa0:   00007f69e03d6630 0000000000000000
0x00007f6a0ec13fb0:   00007f69ffffffff 0000000000000000 

Instructions: (pc=0x00007f6a2d6cb556)
0x00007f6a2d6cb536:   85 1c d0 74 5c 48 8b bd 28 fc ff ff e8 69 65 fb
0x00007f6a2d6cb546:   ff 48 8b bd 28 fc ff ff e8 4d 5d fb ff 49 89 c6
0x00007f6a2d6cb556:   8b 00 85 c0 7e 3b 83 e8 01 31 db 4c 8d 2c c5 08
0x00007f6a2d6cb566:   00 00 00 0f 1f 80 00 00 00 00 49 8b 46 08 48 8b 

Register to memory mapping:

RAX=0x00007f69000001ae is an unknown value
RBX=0x0000000000400000: <offset 0> in /usr/local/java/jdk1.8.0_121/bin/java at 0x0000000000400000
RCX=0x0000000000000001 is an unknown value
RDX=0x0000000000000000 is an unknown value
RSP=0x00007f6a0ec13dc0 is pointing into the stack for thread: 0x00007f6a280be000
RBP=0x00007f6a0ec141a0 is pointing into the stack for thread: 0x00007f6a280be000
RSI=0x00007f69e07e92c0 is an unknown value
RDI=0x00007f6a0ec13e00 is pointing into the stack for thread: 0x00007f6a280be000
R8 =0x0000000000000019 is an unknown value
R9 =0x00007f69e0466990 is an unknown value
R10=0x0000000000000009 is an unknown value
R11=0x0000000000000048 is an unknown value
R12=0x00000000000001ac is an unknown value
R13=0x0000000000000008 is an unknown value
R14=0x00007f69000001ae is an unknown value
R15=0x0000000000000208 is an unknown value


Stack: [0x00007f6a0eb15000,0x00007f6a0ec16000],  sp=0x00007f6a0ec13dc0,  free space=1019k
Native frames: (J=compiled Java code, j=interpreted, Vv=VM code, C=native code)
V  [libjvm.so+0x3cb556]  LinearScan::resolve_exception_handlers()+0x1c6
V  [libjvm.so+0x3cb8dd]  LinearScan::do_linear_scan()+0x7d
V  [libjvm.so+0x358b72]  Compilation::emit_lir()+0x252
V  [libjvm.so+0x359a7b]  Compilation::compile_java_method()+0xdb
V  [libjvm.so+0x359b3e]  Compilation::compile_method()+0x4e
V  [libjvm.so+0x359eae]  Compilation::Compilation(AbstractCompiler*, ciEnv*, ciMethod*, int, BufferBlob*)+0x25e
V  [libjvm.so+0x35ac59]  Compiler::compile_method(ciEnv*, ciMethod*, int)+0xa9
V  [libjvm.so+0x4afeaa]  CompileBroker::invoke_compiler_on_method(CompileTask*)+0xc9a
V  [libjvm.so+0x4b0e56]  CompileBroker::compiler_thread_loop()+0x5d6
V  [libjvm.so+0xa75543]  JavaThread::thread_main_inner()+0x103
V  [libjvm.so+0xa7568c]  JavaThread::run()+0x11c
V  [libjvm.so+0x926268]  java_start(Thread*)+0x108
C  [libpthread.so.0+0x76ba]  start_thread+0xca


Current CompileTask:
C1:  11431 4119   !   3       org.gradle.internal.service.DefaultServiceRegistry$FactoryMethodService::invokeMethod (146 bytes)


---------------  P R O C E S S  ---------------

Java Threads: ( => current thread )
  0x00007f69bc00a000 JavaThread "Stdin handler" [_thread_blocked, id=4277, stack(0x00007f6a0c9a6000,0x00007f6a0caa7000)]
  0x00007f69bc007800 JavaThread "Asynchronous log dispatcher for DefaultDaemonConnection: socket connection from /127.0.0.1:34240 to /127.0.0.1:45104" [_thread_blocked, id=4275, stack(0x00007f6a0caa7000,0x00007f6a0cba8000)]
  0x00007f69d0010800 JavaThread "Cancel handler" [_thread_blocked, id=4273, stack(0x00007f6a0cca9000,0x00007f6a0cdaa000)]
  0x00007f69d0005800 JavaThread "Handler for socket connection from /127.0.0.1:34240 to /127.0.0.1:45104" [_thread_in_native, id=4272, stack(0x00007f6a0cdaa000,0x00007f6a0ceab000)]
  0x00007f69bc611800 JavaThread "pool-2-thread-1" [_thread_blocked, id=4263, stack(0x00007f69dc408000,0x00007f69dc509000)]
  0x00007f69bcca0000 JavaThread "process reaper" daemon [_thread_blocked, id=4262, stack(0x00007f6a0c12b000,0x00007f6a0c164000)]
  0x00007f69bc40b000 JavaThread "File lock request listener" [_thread_in_native, id=4260, stack(0x00007f6a0c62b000,0x00007f6a0c72c000)]
  0x00007f69d0009800 JavaThread "Daemon worker" [_thread_in_native, id=4255, stack(0x00007f6a0cba8000,0x00007f6a0cca9000)]
  0x00007f69cc03f800 JavaThread "Daemon" [_thread_blocked, id=4252, stack(0x00007f6a0ceab000,0x00007f6a0cfac000)]
  0x00007f6a28d27000 JavaThread "Incoming local TCP Connector on port 34240" [_thread_in_native, id=4251, stack(0x00007f6a0d3b3000,0x00007f6a0d4b4000)]
  0x00007f6a28cdb000 JavaThread "pool-1-thread-1" [_thread_blocked, id=4250, stack(0x00007f6a0d4b4000,0x00007f6a0d5b5000)]
  0x00007f6a280c9000 JavaThread "Service Thread" daemon [_thread_blocked, id=4248, stack(0x00007f6a0ea14000,0x00007f6a0eb15000)]
=>0x00007f6a280be000 JavaThread "C1 CompilerThread2" daemon [_thread_in_native, id=4247, stack(0x00007f6a0eb15000,0x00007f6a0ec16000)]
  0x00007f6a280bc000 JavaThread "C2 CompilerThread1" daemon [_thread_in_native, id=4246, stack(0x00007f6a0ec16000,0x00007f6a0ed17000)]
  0x00007f6a280b9000 JavaThread "C2 CompilerThread0" daemon [_thread_in_native, id=4245, stack(0x00007f6a0ed17000,0x00007f6a0ee18000)]
  0x00007f6a280b8000 JavaThread "Signal Dispatcher" daemon [_thread_blocked, id=4244, stack(0x00007f6a0ee18000,0x00007f6a0ef19000)]
  0x00007f6a28084000 JavaThread "Finalizer" daemon [_thread_blocked, id=4243, stack(0x00007f6a0f1f2000,0x00007f6a0f2f3000)]
  0x00007f6a2807f800 JavaThread "Reference Handler" daemon [_thread_blocked, id=4242, stack(0x00007f6a0f2f3000,0x00007f6a0f3f4000)]
  0x00007f6a2800a000 JavaThread "main" [_thread_blocked, id=4235, stack(0x00007f6a2edf5000,0x00007f6a2eef6000)]

Other Threads:
  0x00007f6a28077800 VMThread [stack: 0x00007f6a0f3f4000,0x00007f6a0f4f5000] [id=4241]
  0x00007f6a280cc000 WatcherThread [stack: 0x00007f6a0e913000,0x00007f6a0ea14000] [id=4249]

VM state:not at safepoint (normal execution)

VM Mutex/Monitor currently owned by a thread: None

Heap:
 PSYoungGen      total 120320K, used 95304K [0x00000000e0000000, 0x00000000ea200000, 0x0000000100000000)
  eden space 119808K, 79% used [0x00000000e0000000,0x00000000e5d123a8,0x00000000e7500000)
  from space 512K, 0% used [0x00000000e8100000,0x00000000e8100000,0x00000000e8180000)
  to   space 12288K, 0% used [0x00000000e7500000,0x00000000e7500000,0x00000000e8100000)
 ParOldGen       total 116224K, used 17289K [0x00000000a0000000, 0x00000000a7180000, 0x00000000e0000000)
  object space 116224K, 14% used [0x00000000a0000000,0x00000000a10e2488,0x00000000a7180000)
 Metaspace       used 40151K, capacity 41106K, committed 41304K, reserved 1085440K
  class space    used 5418K, capacity 5671K, committed 5760K, reserved 1048576K

Card table byte_map: [0x00007f6a18724000,0x00007f6a18a25000] byte_map_base: 0x00007f6a18224000

Marking Bits: (ParMarkBitMap*) 0x00007f6a2e2c4c80
 Begin Bits: [0x00007f6a15221000, 0x00007f6a16a21000)
 End Bits:   [0x00007f6a16a21000, 0x00007f6a18221000)

Polling page: 0x00007f6a2ef15000

CodeCache: size=245760Kb used=12220Kb max_used=13071Kb free=233539Kb
 bounds [0x00007f6a18de5000, 0x00007f6a19ab5000, 0x00007f6a27de5000]
 total_blobs=4294 nmethods=3584 adapters=622
 compilation: enabled

Compilation events (10 events):
Event: 11.422 Thread 0x00007f6a280be000 nmethod 4114 0x00007f6a195ab090 code [0x00007f6a195ab2a0, 0x00007f6a195abef8]
Event: 11.422 Thread 0x00007f6a280be000 4115       1       org.codehaus.groovy.runtime.callsite.AbstractCallSite::getIndex (5 bytes)
Event: 11.422 Thread 0x00007f6a280be000 nmethod 4115 0x00007f6a195a99d0 code [0x00007f6a195a9b20, 0x00007f6a195a9c30]
Event: 11.422 Thread 0x00007f6a280be000 4116       1       org.codehaus.groovy.runtime.metaclass.ClosureMetaClass::isInitialized (5 bytes)
Event: 11.422 Thread 0x00007f6a280be000 nmethod 4116 0x00007f6a195a9650 code [0x00007f6a195a97a0, 0x00007f6a195a98b0]
Event: 11.422 Thread 0x00007f6a280be000 4117       1       groovy.lang.Closure::getThisObject (5 bytes)
Event: 11.423 Thread 0x00007f6a280be000 nmethod 4117 0x00007f6a1961f010 code [0x00007f6a1961f160, 0x00007f6a1961f270]
Event: 11.423 Thread 0x00007f6a280be000 4118       3       org.gradle.internal.service.DefaultServiceRegistry$FactoryService::assembleParameters (44 bytes)
Event: 11.423 Thread 0x00007f6a280be000 nmethod 4118 0x00007f6a191f4250 code [0x00007f6a191f43e0, 0x00007f6a191f48a8]
Event: 11.424 Thread 0x00007f6a280be000 4119   !   3       org.gradle.internal.service.DefaultServiceRegistry$FactoryMethodService::invokeMethod (146 bytes)

GC Heap History (10 events):
Event: 2.164 GC heap before
{Heap before GC invocations=4 (full 1):
 PSYoungGen      total 68608K, used 5099K [0x00000000e0000000, 0x00000000e8600000, 0x0000000100000000)
  eden space 63488K, 0% used [0x00000000e0000000,0x00000000e0000000,0x00000000e3e00000)
  from space 5120K, 99% used [0x00000000e3e00000,0x00000000e42fafd0,0x00000000e4300000)
  to   space 5120K, 0% used [0x00000000e8100000,0x00000000e8100000,0x00000000e8600000)
 ParOldGen       total 84992K, used 8256K [0x00000000a0000000, 0x00000000a5300000, 0x00000000e0000000)
  object space 84992K, 9% used [0x00000000a0000000,0x00000000a0810088,0x00000000a5300000)
 Metaspace       used 20762K, capacity 21134K, committed 21248K, reserved 1067008K
  class space    used 2824K, capacity 2976K, committed 3072K, reserved 1048576K
Event: 2.236 GC heap after
Heap after GC invocations=4 (full 1):
 PSYoungGen      total 68608K, used 0K [0x00000000e0000000, 0x00000000e8600000, 0x0000000100000000)
  eden space 63488K, 0% used [0x00000000e0000000,0x00000000e0000000,0x00000000e3e00000)
  from space 5120K, 0% used [0x00000000e3e00000,0x00000000e3e00000,0x00000000e4300000)
  to   space 5120K, 0% used [0x00000000e8100000,0x00000000e8100000,0x00000000e8600000)
 ParOldGen       total 74752K, used 12287K [0x00000000a0000000, 0x00000000a4900000, 0x00000000e0000000)
  object space 74752K, 16% used [0x00000000a0000000,0x00000000a0bffc38,0x00000000a4900000)
 Metaspace       used 20762K, capacity 21134K, committed 21248K, reserved 1067008K
  class space    used 2824K, capacity 2976K, committed 3072K, reserved 1048576K
}
Event: 3.385 GC heap before
{Heap before GC invocations=5 (full 1):
 PSYoungGen      total 68608K, used 63488K [0x00000000e0000000, 0x00000000e8600000, 0x0000000100000000)
  eden space 63488K, 100% used [0x00000000e0000000,0x00000000e3e00000,0x00000000e3e00000)
  from space 5120K, 0% used [0x00000000e3e00000,0x00000000e3e00000,0x00000000e4300000)
  to   space 5120K, 0% used [0x00000000e8100000,0x00000000e8100000,0x00000000e8600000)
 ParOldGen       total 74752K, used 12287K [0x00000000a0000000, 0x00000000a4900000, 0x00000000e0000000)
  object space 74752K, 16% used [0x00000000a0000000,0x00000000a0bffc38,0x00000000a4900000)
 Metaspace       used 26041K, capacity 26548K, committed 26752K, reserved 1073152K
  class space    used 3693K, capacity 3851K, committed 3968K, reserved 1048576K
Event: 3.398 GC heap after
Heap after GC invocations=5 (full 1):
 PSYoungGen      total 86528K, used 5116K [0x00000000e0000000, 0x00000000e8600000, 0x0000000100000000)
  eden space 81408K, 0% used [0x00000000e0000000,0x00000000e0000000,0x00000000e4f80000)
  from space 5120K, 99% used [0x00000000e8100000,0x00000000e85ff0e8,0x00000000e8600000)
  to   space 5120K, 0% used [0x00000000e7c00000,0x00000000e7c00000,0x00000000e8100000)
 ParOldGen       total 74752K, used 14694K [0x00000000a0000000, 0x00000000a4900000, 0x00000000e0000000)
  object space 74752K, 19% used [0x00000000a0000000,0x00000000a0e598a8,0x00000000a4900000)
 Metaspace       used 26041K, capacity 26548K, committed 26752K, reserved 1073152K
  class space    used 3693K, capacity 3851K, committed 3968K, reserved 1048576K
}
Event: 4.863 GC heap before
{Heap before GC invocations=6 (full 1):
 PSYoungGen      total 86528K, used 86524K [0x00000000e0000000, 0x00000000e8600000, 0x0000000100000000)
  eden space 81408K, 100% used [0x00000000e0000000,0x00000000e4f80000,0x00000000e4f80000)
  from space 5120K, 99% used [0x00000000e8100000,0x00000000e85ff0e8,0x00000000e8600000)
  to   space 5120K, 0% used [0x00000000e7c00000,0x00000000e7c00000,0x00000000e8100000)
 ParOldGen       total 74752K, used 14694K [0x00000000a0000000, 0x00000000a4900000, 0x00000000e0000000)
  object space 74752K, 19% used [0x00000000a0000000,0x00000000a0e598a8,0x00000000a4900000)
 Metaspace       used 30007K, capacity 30608K, committed 30848K, reserved 1075200K
  class space    used 4211K, capacity 4387K, committed 4480K, reserved 1048576K
Event: 4.879 GC heap after
Heap after GC invocations=6 (full 1):
 PSYoungGen      total 109056K, used 5108K [0x00000000e0000000, 0x00000000e8180000, 0x0000000100000000)
  eden space 103936K, 0% used [0x00000000e0000000,0x00000000e0000000,0x00000000e6580000)
  from space 5120K, 99% used [0x00000000e7c00000,0x00000000e80fd020,0x00000000e8100000)
  to   space 512K, 0% used [0x00000000e8100000,0x00000000e8100000,0x00000000e8180000)
 ParOldGen       total 74752K, used 17739K [0x00000000a0000000, 0x00000000a4900000, 0x00000000e0000000)
  object space 74752K, 23% used [0x00000000a0000000,0x00000000a1152c38,0x00000000a4900000)
 Metaspace       used 30007K, capacity 30608K, committed 30848K, reserved 1075200K
  class space    used 4211K, capacity 4387K, committed 4480K, reserved 1048576K
}
Event: 5.561 GC heap before
{Heap before GC invocations=7 (full 1):
 PSYoungGen      total 109056K, used 50668K [0x00000000e0000000, 0x00000000e8180000, 0x0000000100000000)
  eden space 103936K, 43% used [0x00000000e0000000,0x00000000e2c7e280,0x00000000e6580000)
  from space 5120K, 99% used [0x00000000e7c00000,0x00000000e80fd020,0x00000000e8100000)
  to   space 512K, 0% used [0x00000000e8100000,0x00000000e8100000,0x00000000e8180000)
 ParOldGen       total 74752K, used 17739K [0x00000000a0000000, 0x00000000a4900000, 0x00000000e0000000)
  object space 74752K, 23% used [0x00000000a0000000,0x00000000a1152c38,0x00000000a4900000)
 Metaspace       used 34699K, capacity 35398K, committed 35416K, reserved 1079296K
  class space    used 4790K, capacity 4988K, committed 4992K, reserved 1048576K
Event: 5.586 GC heap after
Heap after GC invocations=7 (full 1):
 PSYoungGen      total 120320K, used 512K [0x00000000e0000000, 0x00000000ea200000, 0x0000000100000000)
  eden space 119808K, 0% used [0x00000000e0000000,0x00000000e0000000,0x00000000e7500000)
  from space 512K, 100% used [0x00000000e8100000,0x00000000e8180000,0x00000000e8180000)
  to   space 12288K, 0% used [0x00000000e7500000,0x00000000e7500000,0x00000000e8100000)
 ParOldGen       total 74752K, used 27303K [0x00000000a0000000, 0x00000000a4900000, 0x00000000e0000000)
  object space 74752K, 36% used [0x00000000a0000000,0x00000000a1aa9ea8,0x00000000a4900000)
 Metaspace       used 34699K, capacity 35398K, committed 35416K, reserved 1079296K
  class space    used 4790K, capacity 4988K, committed 4992K, reserved 1048576K
}
Event: 5.586 GC heap before
{Heap before GC invocations=8 (full 2):
 PSYoungGen      total 120320K, used 512K [0x00000000e0000000, 0x00000000ea200000, 0x0000000100000000)
  eden space 119808K, 0% used [0x00000000e0000000,0x00000000e0000000,0x00000000e7500000)
  from space 512K, 100% used [0x00000000e8100000,0x00000000e8180000,0x00000000e8180000)
  to   space 12288K, 0% used [0x00000000e7500000,0x00000000e7500000,0x00000000e8100000)
 ParOldGen       total 74752K, used 27303K [0x00000000a0000000, 0x00000000a4900000, 0x00000000e0000000)
  object space 74752K, 36% used [0x00000000a0000000,0x00000000a1aa9ea8,0x00000000a4900000)
 Metaspace       used 34699K, capacity 35398K, committed 35416K, reserved 1079296K
  class space    used 4790K, capacity 4988K, committed 4992K, reserved 1048576K
Event: 5.695 GC heap after
Heap after GC invocations=8 (full 2):
 PSYoungGen      total 120320K, used 0K [0x00000000e0000000, 0x00000000ea200000, 0x0000000100000000)
  eden space 119808K, 0% used [0x00000000e0000000,0x00000000e0000000,0x00000000e7500000)
  from space 512K, 0% used [0x00000000e8100000,0x00000000e8100000,0x00000000e8180000)
  to   space 12288K, 0% used [0x00000000e7500000,0x00000000e7500000,0x00000000e8100000)
 ParOldGen       total 116224K, used 17289K [0x00000000a0000000, 0x00000000a7180000, 0x00000000e0000000)
  object space 116224K, 14% used [0x00000000a0000000,0x00000000a10e2488,0x00000000a7180000)
 Metaspace       used 34699K, capacity 35398K, committed 35416K, reserved 1079296K
  class space    used 4790K, capacity 4988K, committed 4992K, reserved 1048576K
}

Deoptimization events (10 events):
Event: 5.700 Thread 0x00007f69d0009800 Uncommon trap: reason=unstable_if action=reinterpret pc=0x00007f6a199a341c method=java.lang.reflect.Modifier.toString(I)Ljava/lang/String; @ 123
Event: 6.213 Thread 0x00007f69d0009800 Uncommon trap: reason=unstable_if action=reinterpret pc=0x00007f6a197fa374 method=java.lang.ThreadLocal.get()Ljava/lang/Object; @ 11
Event: 6.235 Thread 0x00007f69d0009800 Uncommon trap: reason=class_check action=maybe_recompile pc=0x00007f6a197ee838 method=java.lang.StringCoding$StringDecoder.decode([BII)[C @ 30
Event: 6.241 Thread 0x00007f69d0009800 Uncommon trap: reason=unstable_if action=reinterpret pc=0x00007f6a1922ec60 method=java.lang.CharacterDataLatin1.isWhitespace(I)Z @ 14
Event: 6.269 Thread 0x00007f69d0009800 Uncommon trap: reason=unstable_if action=reinterpret pc=0x00007f6a193d5490 method=java.security.CodeSource.getCertificates()[Ljava/security/cert/Certificate; @ 22
Event: 6.288 Thread 0x00007f69d0009800 Uncommon trap: reason=unstable_if action=reinterpret pc=0x00007f6a198ea1ac method=java.util.LinkedHashMap.get(Ljava/lang/Object;)Ljava/lang/Object; @ 20
Event: 6.288 Thread 0x00007f69d0009800 Uncommon trap: reason=unstable_if action=reinterpret pc=0x00007f6a18efdc38 method=java.util.HashMap.putVal(ILjava/lang/Object;Ljava/lang/Object;ZZ)Ljava/lang/Object; @ 236
Event: 6.542 Thread 0x00007f69d0009800 Uncommon trap: reason=unstable_if action=reinterpret pc=0x00007f6a18fbe470 method=java.util.HashMap$HashIterator.<init>(Ljava/util/HashMap;)V @ 45
Event: 6.572 Thread 0x00007f69d0009800 Uncommon trap: reason=class_check action=maybe_recompile pc=0x00007f6a193ef654 method=java.lang.Throwable.<init>(Ljava/lang/String;Ljava/lang/Throwable;)V @ 24
Event: 11.262 Thread 0x00007f69d0009800 Uncommon trap: reason=unstable_if action=reinterpret pc=0x00007f6a19548d60 method=java.lang.Integer.getChars(II[C)V @ 20

Internal exceptions (10 events):
Event: 6.840 Thread 0x00007f69cc03f800 Exception <a 'java/lang/NoSuchMethodError': <clinit>> (0x00000000e56bc7d0) thrown at [/HUDSON3/workspace/8-2-build-linux-amd64/jdk8u121/8372/hotspot/src/share/vm/prims/jni.cpp, line 1613]
Event: 6.840 Thread 0x00007f69cc03f800 Exception <a 'java/lang/NoSuchMethodError': <clinit>> (0x00000000e56c2338) thrown at [/HUDSON3/workspace/8-2-build-linux-amd64/jdk8u121/8372/hotspot/src/share/vm/prims/jni.cpp, line 1613]
Event: 6.842 Thread 0x00007f69cc03f800 Exception <a 'java/lang/NoSuchMethodError': <clinit>> (0x00000000e56d3360) thrown at [/HUDSON3/workspace/8-2-build-linux-amd64/jdk8u121/8372/hotspot/src/share/vm/prims/jni.cpp, line 1613]
Event: 6.846 Thread 0x00007f69cc03f800 Exception <a 'java/lang/NoSuchMethodError': <clinit>> (0x00000000e56ee8a8) thrown at [/HUDSON3/workspace/8-2-build-linux-amd64/jdk8u121/8372/hotspot/src/share/vm/prims/jni.cpp, line 1613]
Event: 6.846 Thread 0x00007f69cc03f800 Exception <a 'java/lang/NoSuchMethodError': <clinit>> (0x00000000e56f0650) thrown at [/HUDSON3/workspace/8-2-build-linux-amd64/jdk8u121/8372/hotspot/src/share/vm/prims/jni.cpp, line 1613]
Event: 6.855 Thread 0x00007f69cc03f800 Exception <a 'java/lang/NoSuchMethodError': <clinit>> (0x00000000e5730f18) thrown at [/HUDSON3/workspace/8-2-build-linux-amd64/jdk8u121/8372/hotspot/src/share/vm/prims/jni.cpp, line 1613]
Event: 6.906 Thread 0x00007f69d0005800 Exception <a 'java/lang/NoSuchMethodError': <clinit>> (0x00000000e5755288) thrown at [/HUDSON3/workspace/8-2-build-linux-amd64/jdk8u121/8372/hotspot/src/share/vm/prims/jni.cpp, line 1613]
Event: 11.390 Thread 0x00007f69d0009800 Exception <a 'java/lang/ClassNotFoundException': asLocalRepo25_6gmfj4hi2ffiahatehl47s9u7BeanInfo> (0x00000000e5323990) thrown at [/HUDSON3/workspace/8-2-build-linux-amd64/jdk8u121/8372/hotspot/src/share/vm/classfile/systemDictionary.cpp, line 210]
Event: 11.390 Thread 0x00007f69d0009800 Exception <a 'java/lang/ClassNotFoundException': asLocalRepo25_6gmfj4hi2ffiahatehl47s9u7Customizer> (0x00000000e532ee88) thrown at [/HUDSON3/workspace/8-2-build-linux-amd64/jdk8u121/8372/hotspot/src/share/vm/classfile/systemDictionary.cpp, line 210]
Event: 11.398 Thread 0x00007f69d0009800 Exception <a 'java/lang/reflect/InvocationTargetException'> (0x00000000e5393c40) thrown at [/HUDSON3/workspace/8-2-build-linux-amd64/jdk8u121/8372/hotspot/src/share/vm/runtime/reflection.cpp, line 1092]

Events (10 events):
Event: 11.418 loading class groovy/runtime/metaclass/asLocalRepo25_6gmfj4hi2ffiahatehl47s9u7$_run_closure1$_closure2$_closure4$_closure5MetaClass
Event: 11.418 loading class groovy/runtime/metaclass/asLocalRepo25_6gmfj4hi2ffiahatehl47s9u7$_run_closure1$_closure2$_closure4$_closure5MetaClass done
Event: 11.419 loading class asLocalRepo25_6gmfj4hi2ffiahatehl47s9u7$_run_closure1$_closure3
Event: 11.419 loading class asLocalRepo25_6gmfj4hi2ffiahatehl47s9u7$_run_closure1$_closure3 done
Event: 11.420 loading class groovy/runtime/metaclass/asLocalRepo25_6gmfj4hi2ffiahatehl47s9u7$_run_closure1$_closure3MetaClass
Event: 11.420 loading class groovy/runtime/metaclass/asLocalRepo25_6gmfj4hi2ffiahatehl47s9u7$_run_closure1$_closure3MetaClass done
Event: 11.421 loading class asLocalRepo25_6gmfj4hi2ffiahatehl47s9u7$_run_closure1$_closure3$_closure6
Event: 11.421 loading class asLocalRepo25_6gmfj4hi2ffiahatehl47s9u7$_run_closure1$_closure3$_closure6 done
Event: 11.422 loading class groovy/runtime/metaclass/asLocalRepo25_6gmfj4hi2ffiahatehl47s9u7$_run_closure1$_closure3$_closure6MetaClass
Event: 11.422 loading class groovy/runtime/metaclass/asLocalRepo25_6gmfj4hi2ffiahatehl47s9u7$_run_closure1$_closure3$_closure6MetaClass done


Dynamic libraries:
00400000-00401000 r-xp 00000000 08:01 11143952                           /usr/local/java/jdk1.8.0_121/bin/java
00600000-00601000 rw-p 00000000 08:01 11143952                           /usr/local/java/jdk1.8.0_121/bin/java
01ac4000-01ae5000 rw-p 00000000 00:00 0                                  [heap]
a0000000-a7180000 rw-p 00000000 00:00 0 
a7180000-e0000000 ---p 00000000 00:00 0 
e0000000-ea200000 rw-p 00000000 00:00 0 
ea200000-100000000 ---p 00000000 00:00 0 
100000000-1005a0000 rw-p 00000000 00:00 0 
1005a0000-140000000 ---p 00000000 00:00 0 
7f69abc00000-7f69abcc0000 rw-p 00000000 00:00 0 
7f69abcc0000-7f69abe00000 ---p 00000000 00:00 0 
7f69abe00000-7f69ac000000 rw-p 00000000 00:00 0 
7f69ac000000-7f69ac021000 rw-p 00000000 00:00 0 
7f69ac021000-7f69b0000000 ---p 00000000 00:00 0 
7f69b0000000-7f69b0021000 rw-p 00000000 00:00 0 
7f69b0021000-7f69b4000000 ---p 00000000 00:00 0 
7f69b4000000-7f69b4021000 rw-p 00000000 00:00 0 
7f69b4021000-7f69b8000000 ---p 00000000 00:00 0 
7f69b8000000-7f69b8021000 rw-p 00000000 00:00 0 
7f69b8021000-7f69bc000000 ---p 00000000 00:00 0 
7f69bc000000-7f69bd36e000 rw-p 00000000 00:00 0 
7f69bd36e000-7f69c0000000 ---p 00000000 00:00 0 
7f69c0000000-7f69c0021000 rw-p 00000000 00:00 0 
7f69c0021000-7f69c4000000 ---p 00000000 00:00 0 
7f69c4000000-7f69c4021000 rw-p 00000000 00:00 0 
7f69c4021000-7f69c8000000 ---p 00000000 00:00 0 
7f69c8000000-7f69c8021000 rw-p 00000000 00:00 0 
7f69c8021000-7f69cc000000 ---p 00000000 00:00 0 
7f69cc000000-7f69cc074000 rw-p 00000000 00:00 0 
7f69cc074000-7f69d0000000 ---p 00000000 00:00 0 
7f69d0000000-7f69d0021000 rw-p 00000000 00:00 0 
7f69d0021000-7f69d4000000 ---p 00000000 00:00 0 
7f69d4000000-7f69d4039000 rw-p 00000000 00:00 0 
7f69d4039000-7f69d8000000 ---p 00000000 00:00 0 
7f69d8000000-7f69d8021000 rw-p 00000000 00:00 0 
7f69d8021000-7f69dc000000 ---p 00000000 00:00 0 
7f69dc008000-7f69dc208000 rw-p 00000000 00:00 0 
7f69dc208000-7f69dc3fe000 rw-p 00000000 00:00 0 
7f69dc3fe000-7f69dc408000 ---p 00000000 00:00 0 
7f69dc408000-7f69dc40b000 ---p 00000000 00:00 0 
7f69dc40b000-7f69dc709000 rw-p 00000000 00:00 0 
7f69dc709000-7f69dc70a000 r--s 00001000 08:01 34996890                   /root/.gradle/caches/jars-2/7c4c8dw4bn3s8grc5kz09cv28jy9yn3/annotations-25.3.0.jar
7f69dc70a000-7f69dc712000 r--s 000a8000 08:01 34996888                   /root/.gradle/caches/jars-2/lp0h431tl0554nh1vx6zomcvteflkp/lombok-ast-0.2.3.jar
7f69dc712000-7f69dc726000 r--s 000b4000 08:01 34996886                   /root/.gradle/caches/jars-2/igzbti8te04ygk32hg4q3ljfkkkzmlr/uast-162.2228.14.jar
7f69dc726000-7f69dc728000 r--s 0000d000 08:01 34996884                   /root/.gradle/caches/jars-2/7pwz1bowgakb1eux9ezb56jlturgsyi/commons-codec-1.4.jar
7f69dc728000-7f69dc72a000 r--s 0000d000 08:01 34996882                   /root/.gradle/caches/jars-2/9dj1m0eyooi5qt13735vz8fpkl3cnfy/commons-logging-1.1.1.jar
7f69dc72a000-7f69dc72f000 r--s 00028000 08:01 34996880                   /root/.gradle/caches/jars-2/62lv0fe9b3xbqe57f6ljy5upwi7mf6k/httpcore-4.1.jar
7f69dc72f000-7f69dc733000 r--s 0002f000 08:01 34996878                   /root/.gradle/caches/jars-2/gsg5n52frsvw6sx0swqqe2hwijwdcf0/jimfs-1.1.jar
7f69dc733000-7f69dc734000 r--s 00004000 08:01 34996876                   /root/.gradle/caches/jars-2/lxs252id0979odjrerlctkb26c2vj95/annotations-12.0.jar
7f69dc734000-7f69dc735000 r--s 00004000 08:01 34996874                   /root/.gradle/caches/jars-2/9kn99dr0rulyl67sct1ephwcop56l61/asm-analysis-5.0.4.jar
7f69dc735000-7f69dc739000 r--s 00040000 08:01 34996872                   /root/.gradle/caches/jars-2/h4gop7cox40tig0ckkhw1h8hl6tfcwm/lint-api-25.3.0.jar
7f69dc739000-7f69dc73a000 r--s 0000a000 08:01 34996870                   /root/.gradle/caches/jars-2/nwyg9io65lv6jvmwit2wq82xnnxd7ia/kxml2-2.3.0.jar
7f69dc73a000-7f69dc73c000 r--s 00005000 08:01 34996868                   /root/.gradle/caches/jars-2/i6hc1uuj8e9ck59slmzdyz78ydn8sr6/httpmime-4.1.jar
7f69dc73c000-7f69dc744000 r--s 0004e000 08:01 34996866                   /root/.gradle/caches/jars-2/7503wa5irssz0xxahv1xb82p2dl7rr2/httpclient-4.1.1.jar
7f69dc744000-7f69dc74b000 r--s 00053000 08:01 34996864                   /root/.gradle/caches/jars-2/jgkfvs4eqggj7qsyw1f5d3up57hanj1/commons-compress-1.8.1.jar
7f69dc74b000-7f69dc750000 r--s 0002a000 08:01 34996862                   /root/.gradle/caches/jars-2/je8f027qcr1z1egw08byp1ybxbp9kko/gson-2.2.4.jar
7f69dc750000-7f69dc755000 r--s 0002e000 08:01 34996860                   /root/.gradle/caches/jars-2/r6oa1284jnf1g0hjm5fw7l8swldb7ek/repository-25.3.0.jar
7f69dc755000-7f69dc756000 r--s 00005000 08:01 34996858                   /root/.gradle/caches/jars-2/8zf2fyptbgnbanz613fx2c3hoto0539/dvlib-25.3.0.jar
7f69dc756000-7f69dc759000 r--s 00012000 08:01 34996856                   /root/.gradle/caches/jars-2/9uh4197qdwnvuono2myyig8xxy6aqcq/layoutlib-api-25.3.0.jar
7f69dc759000-7f69dc75e000 r--s 00058000 08:01 34996854                   /root/.gradle/caches/jars-2/st159835qgxm0l87oqrnhayxos4lc1n/asm-debug-all-5.0.1.jar
7f69dc75e000-7f69dc76e000 r--s 000d5000 08:01 34996852                   /root/.gradle/caches/jars-2/qzf32gp9kej4w4hlbabft6tplu74cj3/proguard-base-5.3.2.jar
7f69dc76e000-7f69dc771000 r--s 00033000 08:01 34996850                   /root/.gradle/caches/jars-2/nz9sndmr8b4xbj4xulkaciy5kdbyfiz/juniversalchardet-1.0.3.jar
7f69dc771000-7f69dc775000 r--s 0002a000 08:01 34996848                   /root/.gradle/caches/jars-2/krbpn9xjn1qymukyx8cc5l799ty1v3h/commons-io-2.4.jar
7f69dc775000-7f69dc78c000 r--s 00154000 08:01 34996846                   /root/.gradle/caches/jars-2/sfeivjswzitn6n0fnjx3ueszz8gv8o1/antlr4-4.5.3.jar
7f69dc78c000-7f69dc78e000 r--s 00002000 08:01 34996844                   /root/.gradle/caches/jars-2/o6nwvy6at9y5kbpwo6utcclqk98gd99/baseLibrary-2.3.0.jar
7f69dc78e000-7f69dc7b9000 r--s 001fc000 08:01 34996842                   /root/.gradle/caches/jars-2/nxjrjftly2xksl8o0wqgivu5netfu2x/guava-18.0.jar
7f69dc7b9000-7f69dc7cc000 r--s 00241000 08:01 34996840                   /root/.gradle/caches/jars-2/9yuekvg4qerfitq3xec0iyckuw3hwaq/ecj-4.6.1.jar
7f69dc7cc000-7f69dc7ff000 r--s 00203000 08:01 34996834                   /root/.gradle/caches/jars-2/hj0bfvxu9cq7hkwmecvp0kg137or3hh/bcprov-jdk15on-1.48.jar
7f69dc7ff000-7f69dc9ff000 rw-p 00000000 00:00 0 
7f69dc9ff000-7f69dcbff000 rw-p 00000000 00:00 0 
7f69dcbff000-7f69dcdff000 rw-p 00000000 00:00 0 
7f69dcdff000-7f69dcfff000 rw-p 00000000 00:00 0 
7f69dcfff000-7f69e0000000 rw-p 00000000 00:00 0 
7f69e0000000-7f69e0c3e000 rw-p 00000000 00:00 0 
7f69e0c3e000-7f69e4000000 ---p 00000000 00:00 0 
7f69e4000000-7f69e4021000 rw-p 00000000 00:00 0 
7f69e4021000-7f69e8000000 ---p 00000000 00:00 0 
7f69e8000000-7f69e974c000 rw-p 00000000 00:00 0 
7f69e974c000-7f69ec000000 ---p 00000000 00:00 0 
7f69ec000000-7f69ed9c1000 rw-p 00000000 00:00 0 
7f69ed9c1000-7f69f0000000 ---p 00000000 00:00 0 
7f69f0000000-7f69f0021000 rw-p 00000000 00:00 0 
7f69f0021000-7f69f4000000 ---p 00000000 00:00 0 
7f69f4000000-7f69f4021000 rw-p 00000000 00:00 0 
7f69f4021000-7f69f8000000 ---p 00000000 00:00 0 
7f69f8000000-7f69f8021000 rw-p 00000000 00:00 0 
7f69f8021000-7f69fc000000 ---p 00000000 00:00 0 
7f69fc000000-7f69fc021000 rw-p 00000000 00:00 0 
7f69fc021000-7f6a00000000 ---p 00000000 00:00 0 
7f6a00000000-7f6a00021000 rw-p 00000000 00:00 0 
7f6a00021000-7f6a04000000 ---p 00000000 00:00 0 
7f6a04000000-7f6a04021000 rw-p 00000000 00:00 0 
7f6a04021000-7f6a08000000 ---p 00000000 00:00 0 
7f6a08000000-7f6a08021000 rw-p 00000000 00:00 0 
7f6a08021000-7f6a0c000000 ---p 00000000 00:00 0 
7f6a0c000000-7f6a0c007000 r--s 000d9000 08:01 34996838                   /root/.gradle/caches/jars-2/aprntsq9xd6l685y4wf1lo3ojhypibs/lint-checks-25.3.0.jar
7f6a0c007000-7f6a0c009000 r--s 00006000 08:01 34996836                   /root/.gradle/caches/jars-2/6phgj9ki3jl3p5epzkqoo8pr6kur40b/asm-tree-5.0.4.jar
7f6a0c009000-7f6a0c017000 r--s 00081000 08:01 34996832                   /root/.gradle/caches/jars-2/4r7xli0tz94y0wfjrdyjxlxar3g1pb9/bcpkix-jdk15on-1.48.jar
7f6a0c017000-7f6a0c019000 r--s 00002000 08:01 34996830                   /root/.gradle/caches/jars-2/f32bh5uivuf69ecz2j8hl96ksnqdh7v/javawriter-2.5.0.jar
7f6a0c019000-7f6a0c01b000 r--s 00004000 08:01 34996828                   /root/.gradle/caches/jars-2/ks5d1mxwh7e42p192ttu3gpechro7qa/tracker-25.3.0.jar
7f6a0c01b000-7f6a0c01c000 r--s 00005000 08:01 34996826                   /root/.gradle/caches/jars-2/fl4kf4ptr1zzfqcvmz0t9nip0r2xra6/shared-25.3.0.jar
7f6a0c01c000-7f6a0c02a000 r--s 00147000 08:01 34996824                   /root/.gradle/caches/jars-2/kzywuljggjlwzg0mn5daqjrl9hrds10/protos-25.3.0.jar
7f6a0c02a000-7f6a0c02b000 r--s 00001000 08:01 34996822                   /root/.gradle/caches/jars-2/9wceqt3rojnwacgoouxh9g9dkoot2zu/jill-api-0.10.0.jar
7f6a0c02b000-7f6a0c02d000 r--s 00003000 08:01 34996820                   /root/.gradle/caches/jars-2/hgjtw817h9ckqrqd7wts8rss79wyf2p/jack-api-0.13.0.jar
7f6a0c02d000-7f6a0c033000 r--s 0004a000 08:01 34996818                   /root/.gradle/caches/jars-2/qdr9c88xakd7sne0hmledt9h4qds2q2/ddmlib-25.3.0.jar
7f6a0c033000-7f6a0c036000 r--s 00022000 08:01 34996816                   /root/.gradle/caches/jars-2/fsss09xku4j8m0mtb0gif22hmmgqs7i/manifest-merger-25.3.0.jar
7f6a0c036000-7f6a0c039000 r--s 0001c000 08:01 34996814                   /root/.gradle/caches/jars-2/s9s98vc2jrc4cq452s7phwb2ad5xfkn/common-25.3.0.jar
7f6a0c039000-7f6a0c042000 r--s 00089000 08:01 34996812                   /root/.gradle/caches/jars-2/965j22khmkpwdgya5fll5pxt21kiz0y/sdk-common-25.3.0.jar
7f6a0c042000-7f6a0c04c000 r--s 00097000 08:01 34996810                   /root/.gradle/caches/jars-2/2t3glk7v5svadzqcbhq0avch2qk6a9k/sdklib-25.3.0.jar
7f6a0c04c000-7f6a0c04d000 r--s 00002000 08:01 34996808                   /root/.gradle/caches/jars-2/q53lj97mtvuhn56k5k0vmpi70ln1194/builder-test-api-2.3.0.jar
7f6a0c04d000-7f6a0c050000 r--s 00006000 08:01 34996806                   /root/.gradle/caches/jars-2/217rxmwsloonj42ilq94g16c8qou0uv/builder-model-2.3.0.jar
7f6a0c050000-7f6a0c05f000 r--s 00130000 08:01 34996804                   /root/.gradle/caches/jars-2/cr6zkqpx14lor9zdtmo49qpc7y8r8p4/protobuf-java-3.0.0.jar
7f6a0c05f000-7f6a0c061000 r--s 0000f000 08:01 34996802                   /root/.gradle/caches/jars-2/rvfyugrlu5tbpz51p98og0qsxamjq4k/jopt-simple-4.9.jar
7f6a0c061000-7f6a0c065000 r--s 0001f000 08:01 34996800                   /root/.gradle/caches/jars-2/nq3fzqkrrm37ob61z4iu5qdbh368uat/org.jacoco.report-0.7.5.201505241946.jar
7f6a0c065000-7f6a0c069000 r--s 0001d000 08:01 34996798                   /root/.gradle/caches/jars-2/3kxkmcckmk40ron92zhbm0qjo9l4bkl/org.jacoco.core-0.7.5.201505241946.jar
7f6a0c069000-7f6a0c06b000 r--s 00002000 08:01 34996796                   /root/.gradle/caches/jars-2/m4m0pzb4gmaeh0in5g2xc4bxeuwt828/proguard-gradle-5.3.2.jar
7f6a0c06b000-7f6a0c06d000 r--s 00009000 08:01 34996794                   /root/.gradle/caches/jars-2/ajvcvdu66lc9e3tvvipxtuq48i9bbkc/asm-commons-5.0.4.jar
7f6a0c06d000-7f6a0c06f000 r--s 0000c000 08:01 34996792                   /root/.gradle/caches/jars-2/1laz1ygmxoc408r7nwqs1q8uk8r236d/asm-5.0.4.jar
7f6a0c06f000-7f6a0c074000 r--s 0002c000 08:01 34996790                   /root/.gradle/caches/jars-2/3eyaheco65g859qpfsowjbpqi0jh6mf/compilerCommon-2.3.0.jar
7f6a0c074000-7f6a0c075000 r--s 00002000 08:01 34996788                   /root/.gradle/caches/jars-2/31jr90v5p5fkd2jflx4pvapkdf35ezu/gradle-api-2.3.0.jar
7f6a0c075000-7f6a0c076000 r--s 00000000 08:01 34996786                   /root/.gradle/caches/jars-2/9alwd0ip1x6at9csjhyhihqra39rks9/transform-api-2.0.0-deprecated-use-gradle-api.jar
7f6a0c076000-7f6a0c07b000 r--s 0005e000 08:01 34996784                   /root/.gradle/caches/jars-2/ni16dxztl73a86d25hs3on5ncngkbuy/lint-25.3.0.jar
7f6a0c07b000-7f6a0c091000 r--s 00163000 08:01 34996782                   /root/.gradle/caches/jars-2/sqf8kc3htrab4fj479mwr3jrji381b7/builder-2.3.0.jar
7f6a0c091000-7f6a0c0af000 r--s 001cb000 08:01 34996780                   /root/.gradle/caches/jars-2/8qy5a7i3gbr2s4snxdquaath1tjusie/gradle-core-2.3.0.jar
7f6a0c0af000-7f6a0c0b1000 r--s 0000d000 08:01 34996778                   /root/.gradle/caches/jars-2/60bmiis45kdytxtzt10fi483750k8at/gradle-2.3.0.jar
7f6a0c0b1000-7f6a0c0b6000 r--s 00034000 08:01 34996702                   /root/.gradle/caches/jars-2/c74d41v3l7o57dyhdc4xhdfblc3m2cw/gson-2.5.jar
7f6a0c0b6000-7f6a0c0bb000 r--s 0007a000 08:01 34996698                   /root/.gradle/caches/jars-2/q5pdl4dnyup86dc2j4432si3lyapuro/gradle-tooling-extension-impl.jar
7f6a0c0bb000-7f6a0c12b000 r--s 00643000 08:01 34996700                   /root/.gradle/caches/jars-2/8cxlnul3q31hn64oaeyb96yvefwfs4h/groovy-all-2.4.6.jar
7f6a0c12b000-7f6a0c12e000 ---p 00000000 00:00 0 
7f6a0c12e000-7f6a0c164000 rw-p 00000000 00:00 0 
7f6a0c164000-7f6a0c165000 r--p 00000000 00:00 0 
7f6a0c165000-7f6a0c365000 rw-p 00000000 00:00 0 
7f6a0c365000-7f6a0c565000 rw-p 00000000 00:00 0 
7f6a0c565000-7f6a0c5a2000 r--s 0057a000 08:01 34996624                   /root/.gradle/caches/jars-2/fo77ak4mnuyhc5u9vjmknf4a9d1jvr7/sdk-tools.jar
7f6a0c5a2000-7f6a0c5a3000 r--s 00000000 08:01 34996626                   /root/.gradle/caches/jars-2/dg22azhabc6tsc1i8xni15giz1bnssh/gradle-appengine-builder-model-0.1.0.jar
7f6a0c5a3000-7f6a0c5a4000 r--s 00002000 08:01 34996622                   /root/.gradle/caches/jars-2/alhyd7g7xhtn0z1hxgxf7267ym5i09w/external-system-rt.jar
7f6a0c5a4000-7f6a0c5a6000 r--s 0000a000 08:01 34996620                   /root/.gradle/caches/jars-2/ptk43fz0tdnoik1x8njn96wlo1j4uin/gradle-tooling-extension-api.jar
7f6a0c5a6000-7f6a0c5b3000 r--s 0017f000 08:01 34866102                   /root/.gradle/caches/jars-2/jei8kz30gbr6a1wtydijbt6dfeefz5z/velocity.jar
7f6a0c5b3000-7f6a0c5ed000 r--s 001e2000 08:01 34735262                   /root/.gradle/caches/jars-2/gsc6q095kyxskeaqm5ejgrya5fy93e4/gradle-core-3.2.jar
7f6a0c5ed000-7f6a0c5f6000 r--s 00041000 08:01 34735260                   /root/.gradle/caches/jars-2/h9tlqcb3hm1v4dc2krttqmly48oj6dn/gradle-base-services-3.2.jar
7f6a0c5f6000-7f6a0c61e000 r--s 001cf000 08:01 34606348                   /root/.gradle/caches/jars-2/87eo0lrvp84r6dbxjq018wy66es2era/guava-jdk5-17.0.jar
7f6a0c61e000-7f6a0c62b000 r--s 00041000 08:01 34606346                   /root/.gradle/caches/jars-2/dgtjvv7hz6uw97ja0np1f4qgb2lzw3b/gradle-tooling-api-3.2.jar
7f6a0c62b000-7f6a0c62e000 ---p 00000000 00:00 0 
7f6a0c62e000-7f6a0c72c000 rw-p 00000000 00:00 0 
7f6a0c72c000-7f6a0c7a6000 r--s 010f6000 08:01 11020816                   /usr/local/java/jdk1.8.0_121/lib/tools.jar
7f6a0c7a6000-7f6a0c9a6000 rw-p 00000000 00:00 0 
7f6a0c9a6000-7f6a0c9a9000 ---p 00000000 00:00 0 
7f6a0c9a9000-7f6a0caa7000 rw-p 00000000 00:00 0 
7f6a0caa7000-7f6a0caaa000 ---p 00000000 00:00 0 
7f6a0caaa000-7f6a0cba8000 rw-p 00000000 00:00 0 
7f6a0cba8000-7f6a0cbab000 ---p 00000000 00:00 0 
7f6a0cbab000-7f6a0cca9000 rw-p 00000000 00:00 0 
7f6a0cca9000-7f6a0ccac000 ---p 00000000 00:00 0 
7f6a0ccac000-7f6a0cdaa000 rw-p 00000000 00:00 0 
7f6a0cdaa000-7f6a0cdad000 ---p 00000000 00:00 0 
7f6a0cdad000-7f6a0ceab000 rw-p 00000000 00:00 0 
7f6a0ceab000-7f6a0ceae000 ---p 00000000 00:00 0 
7f6a0ceae000-7f6a0d1ac000 rw-p 00000000 00:00 0 
7f6a0d1ac000-7f6a0d1b3000 r--s 00000000 08:01 11280200                   /usr/lib/x86_64-linux-gnu/gconv/gconv-modules.cache
7f6a0d1b3000-7f6a0d3b3000 rw-p 00000000 00:00 0 
7f6a0d3b3000-7f6a0d3b6000 ---p 00000000 00:00 0 
7f6a0d3b6000-7f6a0d4b4000 rw-p 00000000 00:00 0 
7f6a0d4b4000-7f6a0d4b7000 ---p 00000000 00:00 0 
7f6a0d4b7000-7f6a0d5b5000 rw-p 00000000 00:00 0 
7f6a0d5b5000-7f6a0d5be000 r-xp 00000000 08:01 11144070                   /usr/local/java/jdk1.8.0_121/jre/lib/amd64/libmanagement.so
7f6a0d5be000-7f6a0d7bd000 ---p 00009000 08:01 11144070                   /usr/local/java/jdk1.8.0_121/jre/lib/amd64/libmanagement.so
7f6a0d7bd000-7f6a0d7be000 rw-p 00008000 08:01 11144070                   /usr/local/java/jdk1.8.0_121/jre/lib/amd64/libmanagement.so
7f6a0d7be000-7f6a0d7c2000 r--s 0009a000 08:01 11143978                   /usr/local/java/jdk1.8.0_121/jre/lib/jsse.jar
7f6a0d7c2000-7f6a0d7c4000 r--s 00007000 08:01 34341942                   /root/.gradle/wrapper/dists/gradle-3.3-all/55gk2rcmfc6p2dg9u9ohc3hw9/gradle-3.3/lib/plugins/gradle-tooling-api-builders-3.3.jar
7f6a0d7c4000-7f6a0d7c7000 r--s 00009000 08:01 34341935                   /root/.gradle/wrapper/dists/gradle-3.3-all/55gk2rcmfc6p2dg9u9ohc3hw9/gradle-3.3/lib/plugins/gradle-testing-native-3.3.jar
7f6a0d7c7000-7f6a0d7cd000 r--s 00033000 08:01 34342010                   /root/.gradle/wrapper/dists/gradle-3.3-all/55gk2rcmfc6p2dg9u9ohc3hw9/gradle-3.3/lib/plugins/snakeyaml-1.6.jar
7f6a0d7cd000-7f6a0d7cf000 r--s 00006000 08:01 34342009                   /root/.gradle/wrapper/dists/gradle-3.3-all/55gk2rcmfc6p2dg9u9ohc3hw9/gradle-3.3/lib/plugins/jcommander-1.12.jar
7f6a0d7cf000-7f6a0d7d4000 r--s 00040000 08:01 34342008                   /root/.gradle/wrapper/dists/gradle-3.3-all/55gk2rcmfc6p2dg9u9ohc3hw9/gradle-3.3/lib/plugins/bsh-2.0b4.jar
7f6a0d7d4000-7f6a0d7d6000 r--s 00009000 08:01 34342016                   /root/.gradle/wrapper/dists/gradle-3.3-all/55gk2rcmfc6p2dg9u9ohc3hw9/gradle-3.3/lib/plugins/hamcrest-core-1.3.jar
7f6a0d7d6000-7f6a0d7df000 r--s 00089000 08:01 34341967                   /root/.gradle/wrapper/dists/gradle-3.3-all/55gk2rcmfc6p2dg9u9ohc3hw9/gradle-3.3/lib/plugins/testng-6.3.1.jar
7f6a0d7df000-7f6a0d7e7000 r--s 00045000 08:01 34341966                   /root/.gradle/wrapper/dists/gradle-3.3-all/55gk2rcmfc6p2dg9u9ohc3hw9/gradle-3.3/lib/plugins/junit-4.12.jar
7f6a0d7e7000-7f6a0d7ed000 r--s 0002e000 08:01 34341936                   /root/.gradle/wrapper/dists/gradle-3.3-all/55gk2rcmfc6p2dg9u9ohc3hw9/gradle-3.3/lib/plugins/gradle-testing-jvm-3.3.jar
7f6a0d7ed000-7f6a0d7f1000 r--s 00016000 08:01 34341934                   /root/.gradle/wrapper/dists/gradle-3.3-all/55gk2rcmfc6p2dg9u9ohc3hw9/gradle-3.3/lib/plugins/gradle-testing-base-3.3.jar
7f6a0d7f1000-7f6a0d7f8000 r--s 00038000 08:01 34341961                   /root/.gradle/wrapper/dists/gradle-3.3-all/55gk2rcmfc6p2dg9u9ohc3hw9/gradle-3.3/lib/plugins/bcpg-jdk15on-1.51.jar
7f6a0d7f8000-7f6a0d7fa000 r--s 0000c000 08:01 34341913                   /root/.gradle/wrapper/dists/gradle-3.3-all/55gk2rcmfc6p2dg9u9ohc3hw9/gradle-3.3/lib/plugins/gradle-signing-3.3.jar
7f6a0d7fa000-7f6a0d7fc000 r--s 00007000 08:01 34341912                   /root/.gradle/wrapper/dists/gradle-3.3-all/55gk2rcmfc6p2dg9u9ohc3hw9/gradle-3.3/lib/plugins/gradle-scala-3.3.jar
7f6a0d7fc000-7f6a0d7fd000 r--s 00004000 08:01 34341940                   /root/.gradle/wrapper/dists/gradle-3.3-all/55gk2rcmfc6p2dg9u9ohc3hw9/gradle-3.3/lib/plugins/gradle-resources-sftp-3.3.jar
7f6a0d7fd000-7f6a0d80d000 r--s 00088000 08:01 34341977                   /root/.gradle/wrapper/dists/gradle-3.3-all/55gk2rcmfc6p2dg9u9ohc3hw9/gradle-3.3/lib/plugins/joda-time-2.8.2.jar
7f6a0d80d000-7f6a0d81e000 r--s 0010d000 08:01 34341976                   /root/.gradle/wrapper/dists/gradle-3.3-all/55gk2rcmfc6p2dg9u9ohc3hw9/gradle-3.3/lib/plugins/jackson-databind-2.6.6.jar
7f6a0d81e000-7f6a0d821000 r--s 00009000 08:01 34341975                   /root/.gradle/wrapper/dists/gradle-3.3-all/55gk2rcmfc6p2dg9u9ohc3hw9/gradle-3.3/lib/plugins/jackson-annotations-2.6.6.jar
7f6a0d821000-7f6a0d825000 r--s 0003c000 08:01 34341974                   /root/.gradle/wrapper/dists/gradle-3.3-all/55gk2rcmfc6p2dg9u9ohc3hw9/gradle-3.3/lib/plugins/jackson-core-2.6.6.jar
7f6a0d825000-7f6a0d833000 r--s 00087000 08:01 34341973                   /root/.gradle/wrapper/dists/gradle-3.3-all/55gk2rcmfc6p2dg9u9ohc3hw9/gradle-3.3/lib/plugins/aws-java-sdk-core-1.11.6.jar
7f6a0d833000-7f6a0d83a000 r--s 00057000 08:01 34341972                   /root/.gradle/wrapper/dists/gradle-3.3-all/55gk2rcmfc6p2dg9u9ohc3hw9/gradle-3.3/lib/plugins/aws-java-sdk-kms-1.11.6.jar
7f6a0d83a000-7f6a0d847000 r--s 0008e000 08:01 34341971                   /root/.gradle/wrapper/dists/gradle-3.3-all/55gk2rcmfc6p2dg9u9ohc3hw9/gradle-3.3/lib/plugins/aws-java-sdk-s3-1.11.6.jar
7f6a0d847000-7f6a0d849000 r--s 00004000 08:01 34341941                   /root/.gradle/wrapper/dists/gradle-3.3-all/55gk2rcmfc6p2dg9u9ohc3hw9/gradle-3.3/lib/plugins/gradle-resources-s3-3.3.jar
7f6a0d849000-7f6a0d84b000 r--s 00005000 08:01 34341965                   /root/.gradle/wrapper/dists/gradle-3.3-all/55gk2rcmfc6p2dg9u9ohc3hw9/gradle-3.3/lib/plugins/jatl-0.2.2.jar
7f6a0d84b000-7f6a0d84d000 r--s 0000f000 08:01 34341918                   /root/.gradle/wrapper/dists/gradle-3.3-all/55gk2rcmfc6p2dg9u9ohc3hw9/gradle-3.3/lib/plugins/gradle-reporting-3.3.jar
7f6a0d84d000-7f6a0d84f000 r--s 00002000 08:01 34341919                   /root/.gradle/wrapper/dists/gradle-3.3-all/55gk2rcmfc6p2dg9u9ohc3hw9/gradle-3.3/lib/plugins/gradle-publish-3.3.jar
7f6a0d84f000-7f6a0d851000 r--s 00009000 08:01 34341948                   /root/.gradle/wrapper/dists/gradle-3.3-all/55gk2rcmfc6p2dg9u9ohc3hw9/gradle-3.3/lib/plugins/commons-cli-1.2.jar
7f6a0d851000-7f6a0d857000 r--s 00031000 08:01 34341904                   /root/.gradle/wrapper/dists/gradle-3.3-all/55gk2rcmfc6p2dg9u9ohc3hw9/gradle-3.3/lib/plugins/gradle-plugins-3.3.jar
7f6a0d857000-7f6a0d859000 r--s 00009000 08:01 34341937                   /root/.gradle/wrapper/dists/gradle-3.3-all/55gk2rcmfc6p2dg9u9ohc3hw9/gradle-3.3/lib/plugins/gradle-plugin-development-3.3.jar
7f6a0d859000-7f6a0d85f000 r--s 0002b000 08:01 34341930                   /root/.gradle/wrapper/dists/gradle-3.3-all/55gk2rcmfc6p2dg9u9ohc3hw9/gradle-3.3/lib/plugins/gradle-platform-play-3.3.jar
7f6a0d85f000-7f6a0d86d000 r--s 00055000 08:01 34341929                   /root/.gradle/wrapper/dists/gradle-3.3-all/55gk2rcmfc6p2dg9u9ohc3hw9/gradle-3.3/lib/plugins/gradle-platform-native-3.3.jar
7f6a0d86d000-7f6a0d872000 r--s 0001f000 08:01 34341924                   /root/.gradle/wrapper/dists/gradle-3.3-all/55gk2rcmfc6p2dg9u9ohc3hw9/gradle-3.3/lib/plugins/gradle-platform-jvm-3.3.jar
7f6a0d872000-7f6a0d87a000 r--s 00027000 08:01 34341923                   /root/.gradle/wrapper/dists/gradle-3.3-all/55gk2rcmfc6p2dg9u9ohc3hw9/gradle-3.3/lib/plugins/gradle-platform-base-3.3.jar
7f6a0d87a000-7f6a0d8a2000 r--s 0021c000 08:01 34341956                   /root/.gradle/wrapper/dists/gradle-3.3-all/55gk2rcmfc6p2dg9u9ohc3hw9/gradle-3.3/lib/plugins/biz.aQute.bndlib-3.2.0.jar
7f6a0d8a2000-7f6a0d8a4000 r--s 00003000 08:01 34341908                   /root/.gradle/wrapper/dists/gradle-3.3-all/55gk2rcmfc6p2dg9u9ohc3hw9/gradle-3.3/lib/plugins/gradle-osgi-3.3.jar
7f6a0d8a4000-7f6a0d8a7000 r--s 0000c000 08:01 34341959                   /root/.gradle/wrapper/dists/gradle-3.3-all/55gk2rcmfc6p2dg9u9ohc3hw9/gradle-3.3/lib/plugins/pmaven-groovy-0.8-20100325.jar
7f6a0d8a7000-7f6a0d8a8000 r--s 00004000 08:01 34341958                   /root/.gradle/wrapper/dists/gradle-3.3-all/55gk2rcmfc6p2dg9u9ohc3hw9/gradle-3.3/lib/plugins/pmaven-common-0.8-20100325.jar
7f6a0d8a8000-7f6a0d8ae000 r--s 00023000 08:01 34341909                   /root/.gradle/wrapper/dists/gradle-3.3-all/55gk2rcmfc6p2dg9u9ohc3hw9/gradle-3.3/lib/plugins/gradle-maven-3.3.jar
7f6a0d8ae000-7f6a0d8b1000 r--s 0000b000 08:01 34341928                   /root/.gradle/wrapper/dists/gradle-3.3-all/55gk2rcmfc6p2dg9u9ohc3hw9/gradle-3.3/lib/plugins/gradle-language-scala-3.3.jar
7f6a0d8b1000-7f6a0d8b7000 r--s 0001a000 08:01 34341932                   /root/.gradle/wrapper/dists/gradle-3.3-all/55gk2rcmfc6p2dg9u9ohc3hw9/gradle-3.3/lib/plugins/gradle-language-native-3.3.jar
7f6a0d8b7000-7f6a0d8ba000 r--s 00005000 08:01 34341925                   /root/.gradle/wrapper/dists/gradle-3.3-all/55gk2rcmfc6p2dg9u9ohc3hw9/gradle-3.3/lib/plugins/gradle-language-jvm-3.3.jar
7f6a0d8ba000-7f6a0d8c0000 r--s 00027000 08:01 34341926                   /root/.gradle/wrapper/dists/gradle-3.3-all/55gk2rcmfc6p2dg9u9ohc3hw9/gradle-3.3/lib/plugins/gradle-language-java-3.3.jar
7f6a0d8c0000-7f6a0d8c2000 r--s 0000a000 08:01 34341927                   /root/.gradle/wrapper/dists/gradle-3.3-all/55gk2rcmfc6p2dg9u9ohc3hw9/gradle-3.3/lib/plugins/gradle-language-groovy-3.3.jar
7f6a0d8c2000-7f6a0d8c5000 r--s 0001e000 08:01 34341983                   /root/.gradle/wrapper/dists/gradle-3.3-all/55gk2rcmfc6p2dg9u9ohc3hw9/gradle-3.3/lib/plugins/jsp-api-2.1-6.1.14.jar
7f6a0d8c5000-7f6a0d8e8000 r--s 00344000 08:01 34341982                   /root/.gradle/wrapper/dists/gradle-3.3-all/55gk2rcmfc6p2dg9u9ohc3hw9/gradle-3.3/lib/plugins/core-3.1.1.jar
7f6a0d8e8000-7f6a0d8e9000 r--s 00006000 08:01 34341981                   /root/.gradle/wrapper/dists/gradle-3.3-all/55gk2rcmfc6p2dg9u9ohc3hw9/gradle-3.3/lib/plugins/jetty-naming-6.1.26.jar
7f6a0d8e9000-7f6a0d8ea000 r--s 00002000 08:01 34341955                   /root/.gradle/wrapper/dists/gradle-3.3-all/55gk2rcmfc6p2dg9u9ohc3hw9/gradle-3.3/lib/plugins/geronimo-annotation_1.0_spec-1.0.jar
7f6a0d8ea000-7f6a0d8ec000 r--s 00002000 08:01 34341954                   /root/.gradle/wrapper/dists/gradle-3.3-all/55gk2rcmfc6p2dg9u9ohc3hw9/gradle-3.3/lib/plugins/jetty-annotations-6.1.26.jar
7f6a0d8ec000-7f6a0d8fd000 r--s 000ea000 08:01 34341953                   /root/.gradle/wrapper/dists/gradle-3.3-all/55gk2rcmfc6p2dg9u9ohc3hw9/gradle-3.3/lib/plugins/jsp-2.1-6.1.14.jar
7f6a0d8fd000-7f6a0d8ff000 r--s 0000d000 08:01 34341952                   /root/.gradle/wrapper/dists/gradle-3.3-all/55gk2rcmfc6p2dg9u9ohc3hw9/gradle-3.3/lib/plugins/jetty-plus-6.1.26.jar
7f6a0d8ff000-7f6a0d901000 r--s 0001f000 08:01 34341951                   /root/.gradle/wrapper/dists/gradle-3.3-all/55gk2rcmfc6p2dg9u9ohc3hw9/gradle-3.3/lib/plugins/servlet-api-2.5-20081211.jar
7f6a0d901000-7f6a0d905000 r--s 00028000 08:01 34341950                   /root/.gradle/wrapper/dists/gradle-3.3-all/55gk2rcmfc6p2dg9u9ohc3hw9/gradle-3.3/lib/plugins/jetty-util-6.1.26.jar
7f6a0d905000-7f6a0d90c000 r--s 0007d000 08:01 34341949                   /root/.gradle/wrapper/dists/gradle-3.3-all/55gk2rcmfc6p2dg9u9ohc3hw9/gradle-3.3/lib/plugins/jetty-6.1.26.jar
7f6a0d90c000-7f6a0d90e000 r--s 0000a000 08:01 34341906                   /root/.gradle/wrapper/dists/gradle-3.3-all/55gk2rcmfc6p2dg9u9ohc3hw9/gradle-3.3/lib/plugins/gradle-jetty-3.3.jar
7f6a0d90e000-7f6a0d915000 r--s 00035000 08:01 34341964                   /root/.gradle/wrapper/dists/gradle-3.3-all/55gk2rcmfc6p2dg9u9ohc3hw9/gradle-3.3/lib/plugins/simple-4.1.21.jar
7f6a0d915000-7f6a0d921000 r--s 00100000 08:01 34341962                   /root/.gradle/wrapper/dists/gradle-3.3-all/55gk2rcmfc6p2dg9u9ohc3hw9/gradle-3.3/lib/plugins/rhino-1.7R3.jar
7f6a0d921000-7f6a0d925000 r--s 00012000 08:01 34341915                   /root/.gradle/wrapper/dists/gradle-3.3-all/55gk2rcmfc6p2dg9u9ohc3hw9/gradle-3.3/lib/plugins/gradle-javascript-3.3.jar
7f6a0d925000-7f6a0d927000 r--s 0000d000 08:01 34341921                   /root/.gradle/wrapper/dists/gradle-3.3-all/55gk2rcmfc6p2dg9u9ohc3hw9/gradle-3.3/lib/plugins/gradle-jacoco-3.3.jar
7f6a0d927000-7f6a0d92a000 r--s 0000e000 08:01 34341920                   /root/.gradle/wrapper/dists/gradle-3.3-all/55gk2rcmfc6p2dg9u9ohc3hw9/gradle-3.3/lib/plugins/gradle-ivy-3.3.jar
7f6a0d92a000-7f6a0d92b000 r--s 00002000 08:01 34341931                   /root/.gradle/wrapper/dists/gradle-3.3-all/55gk2rcmfc6p2dg9u9ohc3hw9/gradle-3.3/lib/plugins/gradle-ide-play-3.3.jar
7f6a0d92b000-7f6a0d92e000 r--s 00013000 08:01 34341933                   /root/.gradle/wrapper/dists/gradle-3.3-all/55gk2rcmfc6p2dg9u9ohc3hw9/gradle-3.3/lib/plugins/gradle-ide-native-3.3.jar
7f6a0d92e000-7f6a0d937000 r--s 00055000 08:01 34341910                   /root/.gradle/wrapper/dists/gradle-3.3-all/55gk2rcmfc6p2dg9u9ohc3hw9/gradle-3.3/lib/plugins/gradle-ide-3.3.jar
7f6a0d937000-7f6a0d939000 r--s 00007000 08:01 34341914                   /root/.gradle/wrapper/dists/gradle-3.3-all/55gk2rcmfc6p2dg9u9ohc3hw9/gradle-3.3/lib/plugins/gradle-ear-3.3.jar
7f6a0d939000-7f6a0d93f000 r--s 00039000 08:01 34341917                   /root/.gradle/wrapper/dists/gradle-3.3-all/55gk2rcmfc6p2dg9u9ohc3hw9/gradle-3.3/lib/plugins/gradle-diagnostics-3.3.jar
7f6a0d93f000-7f6a0d940000 r--s 00009000 08:01 34341943                   /root/.gradle/wrapper/dists/gradle-3.3-all/55gk2rcmfc6p2dg9u9ohc3hw9/gradle-3.3/lib/plugins/gradle-composite-builds-3.3.jar
7f6a0d940000-7f6a0d944000 r--s 00023000 08:01 34341905                   /root/.gradle/wrapper/dists/gradle-3.3-all/55gk2rcmfc6p2dg9u9ohc3hw9/gradle-3.3/lib/plugins/gradle-code-quality-3.3.jar
7f6a0d944000-7f6a0d948000 r--s 00022000 08:01 34341922                   /root/.gradle/wrapper/dists/gradle-3.3-all/55gk2rcmfc6p2dg9u9ohc3hw9/gradle-3.3/lib/plugins/gradle-build-init-3.3.jar
7f6a0d948000-7f6a0d94e000 r--s 0008e000 08:01 34341916                   /root/.gradle/wrapper/dists/gradle-3.3-all/55gk2rcmfc6p2dg9u9ohc3hw9/gradle-3.3/lib/plugins/gradle-build-comparison-3.3.jar
7f6a0d94e000-7f6a0d94f000 r--s 00001000 08:01 34341944                   /root/.gradle/wrapper/dists/gradle-3.3-all/55gk2rcmfc6p2dg9u9ohc3hw9/gradle-3.3/lib/plugins/gradle-build-cache-http-3.3.jar
7f6a0d94f000-7f6a0d951000 r--s 00008000 08:01 34341907                   /root/.gradle/wrapper/dists/gradle-3.3-all/55gk2rcmfc6p2dg9u9ohc3hw9/gradle-3.3/lib/plugins/gradle-antlr-3.3.jar
7f6a0d951000-7f6a0d953000 r--s 00004000 08:01 34341911                   /root/.gradle/wrapper/dists/gradle-3.3-all/55gk2rcmfc6p2dg9u9ohc3hw9/gradle-3.3/lib/plugins/gradle-announce-3.3.jar
7f6a0d953000-7f6a0d96b000 r--s 00115000 08:01 34342013                   /root/.gradle/wrapper/dists/gradle-3.3-all/55gk2rcmfc6p2dg9u9ohc3hw9/gradle-3.3/lib/plugins/xercesImpl-2.9.1.jar
7f6a0d96b000-7f6a0d973000 r--s 00028000 08:01 34342014                   /root/.gradle/wrapper/dists/gradle-3.3-all/55gk2rcmfc6p2dg9u9ohc3hw9/gradle-3.3/lib/plugins/xml-apis-1.3.04.jar
7f6a0d973000-7f6a0d979000 r--s 0005b000 08:01 34342012                   /root/.gradle/wrapper/dists/gradle-3.3-all/55gk2rcmfc6p2dg9u9ohc3hw9/gradle-3.3/lib/plugins/jcifs-1.3.17.jar
7f6a0d979000-7f6a0d97f000 r--s 00033000 08:01 34341960                   /root/.gradle/wrapper/dists/gradle-3.3-all/55gk2rcmfc6p2dg9u9ohc3hw9/gradle-3.3/lib/plugins/commons-codec-1.6.jar
7f6a0d97f000-7f6a0d986000 r--s 00049000 08:01 34342011                   /root/.gradle/wrapper/dists/gradle-3.3-all/55gk2rcmfc6p2dg9u9ohc3hw9/gradle-3.3/lib/plugins/httpcore-4.4.4.jar
7f6a0d986000-7f6a0d989000 r--s 0001c000 08:01 34341969                   /root/.gradle/wrapper/dists/gradle-3.3-all/55gk2rcmfc6p2dg9u9ohc3hw9/gradle-3.3/lib/plugins/nekohtml-1.9.14.jar
7f6a0d989000-7f6a0d996000 r--s 000a4000 08:01 34341968                   /root/.gradle/wrapper/dists/gradle-3.3-all/55gk2rcmfc6p2dg9u9ohc3hw9/gradle-3.3/lib/plugins/httpclient-4.4.1.jar
7f6a0d996000-7f6a0d999000 r--s 0000a000 08:01 34341939                   /root/.gradle/wrapper/dists/gradle-3.3-all/55gk2rcmfc6p2dg9u9ohc3hw9/gradle-3.3/lib/plugins/gradle-resources-http-3.3.jar
7f6a0d999000-7f6a0d99d000 r--s 00015000 08:01 34341938                   /root/.gradle/wrapper/dists/gradle-3.3-all/55gk2rcmfc6p2dg9u9ohc3hw9/gradle-3.3/lib/plugins/gradle-plugin-use-3.3.jar
7f6a0d99d000-7f6a0d99e000 r--s 00000000 08:01 34341850                   /root/.gradle/wrapper/dists/gradle-3.3-all/55gk2rcmfc6p2dg9u9ohc3hw9/gradle-3.3/lib/gradle-installation-beacon-3.3.jar
7f6a0d99e000-7f6a0d9a0000 r--s 00006000 08:01 34342007                   /root/.gradle/wrapper/dists/gradle-3.3-all/55gk2rcmfc6p2dg9u9ohc3hw9/gradle-3.3/lib/plugins/aether-connector-wagon-1.13.1.jar
7f6a0d9a0000-7f6a0d9a4000 r--s 0001c000 08:01 34342006                   /root/.gradle/wrapper/dists/gradle-3.3-all/55gk2rcmfc6p2dg9u9ohc3hw9/gradle-3.3/lib/plugins/aether-util-1.13.1.jar
7f6a0d9a4000-7f6a0d9a5000 r--s 00003000 08:01 34342005                   /root/.gradle/wrapper/dists/gradle-3.3-all/55gk2rcmfc6p2dg9u9ohc3hw9/gradle-3.3/lib/plugins/aether-spi-1.13.1.jar
7f6a0d9a5000-7f6a0d9a8000 r--s 0001d000 08:01 34342004                   /root/.gradle/wrapper/dists/gradle-3.3-all/55gk2rcmfc6p2dg9u9ohc3hw9/gradle-3.3/lib/plugins/aether-impl-1.13.1.jar
7f6a0d9a8000-7f6a0d9ab000 r--s 00013000 08:01 34342003                   /root/.gradle/wrapper/dists/gradle-3.3-all/55gk2rcmfc6p2dg9u9ohc3hw9/gradle-3.3/lib/plugins/aether-api-1.13.1.jar
7f6a0d9ab000-7f6a0d9ac000 r--s 00007000 08:01 34342002                   /root/.gradle/wrapper/dists/gradle-3.3-all/55gk2rcmfc6p2dg9u9ohc3hw9/gradle-3.3/lib/plugins/wagon-http-shared4-2.4.jar
7f6a0d9ac000-7f6a0d9ae000 r--s 0000b000 08:01 34342001                   /root/.gradle/wrapper/dists/gradle-3.3-all/55gk2rcmfc6p2dg9u9ohc3hw9/gradle-3.3/lib/plugins/wagon-provider-api-2.4.jar
7f6a0d9ae000-7f6a0d9af000 r--s 00002000 08:01 34342000                   /root/.gradle/wrapper/dists/gradle-3.3-all/55gk2rcmfc6p2dg9u9ohc3hw9/gradle-3.3/lib/plugins/wagon-http-2.4.jar
7f6a0d9af000-7f6a0d9b0000 r--s 00002000 08:01 34341999                   /root/.gradle/wrapper/dists/gradle-3.3-all/55gk2rcmfc6p2dg9u9ohc3hw9/gradle-3.3/lib/plugins/wagon-file-2.4.jar
7f6a0d9b0000-7f6a0d9b2000 r--s 0000c000 08:01 34341998                   /root/.gradle/wrapper/dists/gradle-3.3-all/55gk2rcmfc6p2dg9u9ohc3hw9/gradle-3.3/lib/plugins/maven-aether-provider-3.0.4.jar
7f6a0d9b2000-7f6a0d9b4000 r--s 0000b000 08:01 34341997                   /root/.gradle/wrapper/dists/gradle-3.3-all/55gk2rcmfc6p2dg9u9ohc3hw9/gradle-3.3/lib/plugins/maven-plugin-api-3.0.4.jar
7f6a0d9b4000-7f6a0d9b6000 r--s 00006000 08:01 34341996                   /root/.gradle/wrapper/dists/gradle-3.3-all/55gk2rcmfc6p2dg9u9ohc3hw9/gradle-3.3/lib/plugins/maven-repository-metadata-3.0.4.jar
7f6a0d9b6000-7f6a0d9b8000 r--s 0000b000 08:01 34341995                   /root/.gradle/wrapper/dists/gradle-3.3-all/55gk2rcmfc6p2dg9u9ohc3hw9/gradle-3.3/lib/plugins/maven-artifact-3.0.4.jar
7f6a0d9b8000-7f6a0d9ba000 r--s 00026000 08:01 34341994                   /root/.gradle/wrapper/dists/gradle-3.3-all/55gk2rcmfc6p2dg9u9ohc3hw9/gradle-3.3/lib/plugins/maven-model-3.0.4.jar
7f6a0d9ba000-7f6a0d9be000 r--s 00021000 08:01 34341993                   /root/.gradle/wrapper/dists/gradle-3.3-all/55gk2rcmfc6p2dg9u9ohc3hw9/gradle-3.3/lib/plugins/maven-model-builder-3.0.4.jar
7f6a0d9be000-7f6a0d9c4000 r--s 0003f000 08:01 34341992                   /root/.gradle/wrapper/dists/gradle-3.3-all/55gk2rcmfc6p2dg9u9ohc3hw9/gradle-3.3/lib/plugins/maven-compat-3.0.4.jar
7f6a0d9c4000-7f6a0d9c5000 r--s 00006000 08:01 34341991                   /root/.gradle/wrapper/dists/gradle-3.3-all/55gk2rcmfc6p2dg9u9ohc3hw9/gradle-3.3/lib/plugins/plexus-sec-dispatcher-1.3.jar
7f6a0d9c5000-7f6a0d9c7000 r--s 00002000 08:01 34341990                   /root/.gradle/wrapper/dists/gradle-3.3-all/55gk2rcmfc6p2dg9u9ohc3hw9/gradle-3.3/lib/plugins/plexus-cipher-1.7.jar
7f6a0d9c7000-7f6a0d9c9000 r--s 0000a000 08:01 34341989                   /root/.gradle/wrapper/dists/gradle-3.3-all/55gk2rcmfc6p2dg9u9ohc3hw9/gradle-3.3/lib/plugins/plexus-classworlds-2.4.jar
7f6a0d9c9000-7f6a0d9d0000 r--s 0002e000 08:01 34341988                   /root/.gradle/wrapper/dists/gradle-3.3-all/55gk2rcmfc6p2dg9u9ohc3hw9/gradle-3.3/lib/plugins/plexus-container-default-1.5.5.jar
7f6a0d9d0000-7f6a0d9d2000 r--s 00000000 08:01 34342015                   /root/.gradle/wrapper/dists/gradle-3.3-all/55gk2rcmfc6p2dg9u9ohc3hw9/gradle-3.3/lib/plugins/plexus-component-annotations-1.5.5.jar
7f6a0d9d2000-7f6a0d9d4000 r--s 0000d000 08:01 34341987                   /root/.gradle/wrapper/dists/gradle-3.3-all/55gk2rcmfc6p2dg9u9ohc3hw9/gradle-3.3/lib/plugins/plexus-interpolation-1.14.jar
7f6a0d9d4000-7f6a0d9d8000 r--s 00033000 08:01 34341986                   /root/.gradle/wrapper/dists/gradle-3.3-all/55gk2rcmfc6p2dg9u9ohc3hw9/gradle-3.3/lib/plugins/plexus-utils-2.0.6.jar
7f6a0d9d8000-7f6a0d9db000 r--s 00008000 08:01 34341985                   /root/.gradle/wrapper/dists/gradle-3.3-all/55gk2rcmfc6p2dg9u9ohc3hw9/gradle-3.3/lib/plugins/maven-settings-builder-3.0.4.jar
7f6a0d9db000-7f6a0d9e0000 r--s 00040000 08:01 34341970                   /root/.gradle/wrapper/dists/gradle-3.3-all/55gk2rcmfc6p2dg9u9ohc3hw9/gradle-3.3/lib/plugins/jsch-0.1.53.jar
7f6a0d9e0000-7f6a0da20000 r--s 00277000 08:01 34341980                   /root/.gradle/wrapper/dists/gradle-3.3-all/55gk2rcmfc6p2dg9u9ohc3hw9/gradle-3.3/lib/plugins/bcprov-jdk15on-1.51.jar
7f6a0da20000-7f6a0da2c000 r--s 0007d000 08:01 34341957                   /root/.gradle/wrapper/dists/gradle-3.3-all/55gk2rcmfc6p2dg9u9ohc3hw9/gradle-3.3/lib/plugins/maven-core-3.0.4.jar
7f6a0da2c000-7f6a0da4b000 r--s 000f6000 08:01 34341946                   /root/.gradle/wrapper/dists/gradle-3.3-all/55gk2rcmfc6p2dg9u9ohc3hw9/gradle-3.3/lib/plugins/gradle-dependency-management-3.3.jar
7f6a0da4b000-7f6a0da61000 r-xp 00000000 08:01 4985220                    /lib/x86_64-linux-gnu/libgcc_s.so.1
7f6a0da61000-7f6a0dc60000 ---p 00016000 08:01 4985220                    /lib/x86_64-linux-gnu/libgcc_s.so.1
7f6a0dc60000-7f6a0dc61000 rw-p 00015000 08:01 4985220                    /lib/x86_64-linux-gnu/libgcc_s.so.1
7f6a0dc61000-7f6a0ddd3000 r-xp 00000000 08:01 11012225                   /usr/lib/x86_64-linux-gnu/libstdc++.so.6.0.21
7f6a0ddd3000-7f6a0dfd3000 ---p 00172000 08:01 11012225                   /usr/lib/x86_64-linux-gnu/libstdc++.so.6.0.21
7f6a0dfd3000-7f6a0dfdd000 r--p 00172000 08:01 11012225                   /usr/lib/x86_64-linux-gnu/libstdc++.so.6.0.21
7f6a0dfdd000-7f6a0dfdf000 rw-p 0017c000 08:01 11012225                   /usr/lib/x86_64-linux-gnu/libstdc++.so.6.0.21
7f6a0dfdf000-7f6a0dfe3000 rw-p 00000000 00:00 0 
7f6a0dfe3000-7f6a0dfe5000 r--s 0000a000 08:01 34341984                   /root/.gradle/wrapper/dists/gradle-3.3-all/55gk2rcmfc6p2dg9u9ohc3hw9/gradle-3.3/lib/plugins/maven-settings-3.0.4.jar
7f6a0dfe5000-7f6a0dfe9000 r--s 0001d000 08:01 34341979                   /root/.gradle/wrapper/dists/gradle-3.3-all/55gk2rcmfc6p2dg9u9ohc3hw9/gradle-3.3/lib/plugins/xbean-reflect-3.4.jar
7f6a0dfe9000-7f6a0dfee000 r--s 00034000 08:01 34341963                   /root/.gradle/wrapper/dists/gradle-3.3-all/55gk2rcmfc6p2dg9u9ohc3hw9/gradle-3.3/lib/plugins/gson-2.7.jar
7f6a0dfee000-7f6a0dffd000 r--s 000d9000 08:01 34341978                   /root/.gradle/wrapper/dists/gradle-3.3-all/55gk2rcmfc6p2dg9u9ohc3hw9/gradle-3.3/lib/plugins/ivy-2.2.0.jar
7f6a0dffd000-7f6a0dfff000 r--s 00005000 08:01 34341945                   /root/.gradle/wrapper/dists/gradle-3.3-all/55gk2rcmfc6p2dg9u9ohc3hw9/gradle-3.3/lib/plugins/gradle-workers-3.3.jar
7f6a0dfff000-7f6a0e004000 r-xp 00000000 08:01 34345271                   /root/.gradle/native/23/linux-amd64/libnative-platform.so
7f6a0e004000-7f6a0e203000 ---p 00005000 08:01 34345271                   /root/.gradle/native/23/linux-amd64/libnative-platform.so
7f6a0e203000-7f6a0e204000 rw-p 00004000 08:01 34345271                   /root/.gradle/native/23/linux-amd64/libnative-platform.so
7f6a0e204000-7f6a0e215000 r-xp 00000000 08:01 11144059                   /usr/local/java/jdk1.8.0_121/jre/lib/amd64/libnio.so
7f6a0e215000-7f6a0e414000 ---p 00011000 08:01 11144059                   /usr/local/java/jdk1.8.0_121/jre/lib/amd64/libnio.so
7f6a0e414000-7f6a0e415000 rw-p 00010000 08:01 11144059                   /usr/local/java/jdk1.8.0_121/jre/lib/amd64/libnio.so
7f6a0e415000-7f6a0e42b000 r-xp 00000000 08:01 11144034                   /usr/local/java/jdk1.8.0_121/jre/lib/amd64/libnet.so
7f6a0e42b000-7f6a0e62b000 ---p 00016000 08:01 11144034                   /usr/local/java/jdk1.8.0_121/jre/lib/amd64/libnet.so
7f6a0e62b000-7f6a0e62c000 rw-p 00016000 08:01 11144034                   /usr/local/java/jdk1.8.0_121/jre/lib/amd64/libnet.so
7f6a0e62c000-7f6a0e62d000 r--s 00006000 08:01 34341849                   /root/.gradle/wrapper/dists/gradle-3.3-all/55gk2rcmfc6p2dg9u9ohc3hw9/gradle-3.3/lib/gradle-wrapper-3.3.jar
7f6a0e62d000-7f6a0e63a000 r--s 00041000 08:01 34341856                   /root/.gradle/wrapper/dists/gradle-3.3-all/55gk2rcmfc6p2dg9u9ohc3hw9/gradle-3.3/lib/gradle-tooling-api-3.3.jar
7f6a0e63a000-7f6a0e63c000 r--s 00002000 08:01 34341876                   /root/.gradle/wrapper/dists/gradle-3.3-all/55gk2rcmfc6p2dg9u9ohc3hw9/gradle-3.3/lib/gradle-open-api-3.3.jar
7f6a0e63c000-7f6a0e642000 r--s 00032000 08:01 34341878                   /root/.gradle/wrapper/dists/gradle-3.3-all/55gk2rcmfc6p2dg9u9ohc3hw9/gradle-3.3/lib/jaxen-1.1.jar
7f6a0e642000-7f6a0e647000 r--s 00048000 08:01 34341877                   /root/.gradle/wrapper/dists/gradle-3.3-all/55gk2rcmfc6p2dg9u9ohc3hw9/gradle-3.3/lib/dom4j-1.6.1.jar
7f6a0e647000-7f6a0e652000 r--s 00059000 08:01 34341855                   /root/.gradle/wrapper/dists/gradle-3.3-all/55gk2rcmfc6p2dg9u9ohc3hw9/gradle-3.3/lib/gradle-ui-3.3.jar
7f6a0e652000-7f6a0e65b000 r--s 0008c000 08:01 34341847                   /root/.gradle/wrapper/dists/gradle-3.3-all/55gk2rcmfc6p2dg9u9ohc3hw9/gradle-3.3/lib/kotlin-stdlib-1.1-M02.jar
7f6a0e65b000-7f6a0e661000 r--s 0002a000 08:01 34341846                   /root/.gradle/wrapper/dists/gradle-3.3-all/55gk2rcmfc6p2dg9u9ohc3hw9/gradle-3.3/lib/kotlin-runtime-1.1-M02.jar
7f6a0e661000-7f6a0e695000 r--s 00256000 08:01 34341845                   /root/.gradle/wrapper/dists/gradle-3.3-all/55gk2rcmfc6p2dg9u9ohc3hw9/gradle-3.3/lib/kotlin-reflect-1.1-M02.jar
7f6a0e695000-7f6a0e82b000 r--s 0157e000 08:01 34341844                   /root/.gradle/wrapper/dists/gradle-3.3-all/55gk2rcmfc6p2dg9u9ohc3hw9/gradle-3.3/lib/kotlin-compiler-embeddable-1.1-M02.jar
7f6a0e82b000-7f6a0e833000 r--s 0004e000 08:01 34341843                   /root/.gradle/wrapper/dists/gradle-3.3-all/55gk2rcmfc6p2dg9u9ohc3hw9/gradle-3.3/lib/gradle-script-kotlin-0.5.1.jar
7f6a0e833000-7f6a0e836000 r--s 0000b000 08:01 34341874                   /root/.gradle/wrapper/dists/gradle-3.3-all/55gk2rcmfc6p2dg9u9ohc3hw9/gradle-3.3/lib/gradle-resources-3.3.jar
7f6a0e836000-7f6a0e838000 r--s 00003000 08:01 34341883                   /root/.gradle/wrapper/dists/gradle-3.3-all/55gk2rcmfc6p2dg9u9ohc3hw9/gradle-3.3/lib/jcl-over-slf4j-1.7.10.jar
7f6a0e838000-7f6a0e839000 r--s 00005000 08:01 34341882                   /root/.gradle/wrapper/dists/gradle-3.3-all/55gk2rcmfc6p2dg9u9ohc3hw9/gradle-3.3/lib/log4j-over-slf4j-1.7.10.jar
7f6a0e839000-7f6a0e83b000 r--s 00000000 08:01 34341881                   /root/.gradle/wrapper/dists/gradle-3.3-all/55gk2rcmfc6p2dg9u9ohc3hw9/gradle-3.3/lib/jul-to-slf4j-1.7.10.jar
7f6a0e83b000-7f6a0e840000 r--s 0001e000 08:01 34341858                   /root/.gradle/wrapper/dists/gradle-3.3-all/55gk2rcmfc6p2dg9u9ohc3hw9/gradle-3.3/lib/gradle-logging-3.3.jar
7f6a0e840000-7f6a0e842000 r--s 00007000 08:01 34341902                   /root/.gradle/wrapper/dists/gradle-3.3-all/55gk2rcmfc6p2dg9u9ohc3hw9/gradle-3.3/lib/objenesis-1.2.jar
7f6a0e842000-7f6a0e844000 r--s 00000000 08:01 34341901                   /root/.gradle/wrapper/dists/gradle-3.3-all/55gk2rcmfc6p2dg9u9ohc3hw9/gradle-3.3/lib/minlog-1.2.jar
7f6a0e844000-7f6a0e846000 r--s 0000f000 08:01 34341900                   /root/.gradle/wrapper/dists/gradle-3.3-all/55gk2rcmfc6p2dg9u9ohc3hw9/gradle-3.3/lib/reflectasm-1.07-shaded.jar
7f6a0e846000-7f6a0e84a000 r--s 00026000 08:01 34341885                   /root/.gradle/wrapper/dists/gradle-3.3-all/55gk2rcmfc6p2dg9u9ohc3hw9/gradle-3.3/lib/kryo-2.20.jar
7f6a0e84a000-7f6a0e850000 r--s 00027000 08:01 34341873                   /root/.gradle/wrapper/dists/gradle-3.3-all/55gk2rcmfc6p2dg9u9ohc3hw9/gradle-3.3/lib/gradle-messaging-3.3.jar
7f6a0e850000-7f6a0e851000 r--s 00001000 08:01 34341899                   /root/.gradle/wrapper/dists/gradle-3.3-all/55gk2rcmfc6p2dg9u9ohc3hw9/gradle-3.3/lib/native-platform-linux-i386-ncurses6-0.12.jar
7f6a0e851000-7f6a0e852000 r--s 00001000 08:01 34341898                   /root/.gradle/wrapper/dists/gradle-3.3-all/55gk2rcmfc6p2dg9u9ohc3hw9/gradle-3.3/lib/native-platform-linux-i386-ncurses5-0.12.jar
7f6a0e852000-7f6a0e853000 r--s 00001000 08:01 34341897                   /root/.gradle/wrapper/dists/gradle-3.3-all/55gk2rcmfc6p2dg9u9ohc3hw9/gradle-3.3/lib/native-platform-linux-amd64-ncurses6-0.12.jar
7f6a0e853000-7f6a0e854000 r--s 00001000 08:01 34341896                   /root/.gradle/wrapper/dists/gradle-3.3-all/55gk2rcmfc6p2dg9u9ohc3hw9/gradle-3.3/lib/native-platform-linux-amd64-ncurses5-0.12.jar
7f6a0e854000-7f6a0e855000 r--s 0000b000 08:01 34341895                   /root/.gradle/wrapper/dists/gradle-3.3-all/55gk2rcmfc6p2dg9u9ohc3hw9/gradle-3.3/lib/native-platform-windows-i386-0.12.jar
7f6a0e855000-7f6a0e857000 r--s 0000b000 08:01 34341894                   /root/.gradle/wrapper/dists/gradle-3.3-all/55gk2rcmfc6p2dg9u9ohc3hw9/gradle-3.3/lib/native-platform-windows-amd64-0.12.jar
7f6a0e857000-7f6a0e859000 r--s 00002000 08:01 34341893                   /root/.gradle/wrapper/dists/gradle-3.3-all/55gk2rcmfc6p2dg9u9ohc3hw9/gradle-3.3/lib/native-platform-osx-i386-0.12.jar
7f6a0e859000-7f6a0e85a000 r--s 00002000 08:01 34341892                   /root/.gradle/wrapper/dists/gradle-3.3-all/55gk2rcmfc6p2dg9u9ohc3hw9/gradle-3.3/lib/native-platform-osx-amd64-0.12.jar
7f6a0e85a000-7f6a0e85b000 r--s 00002000 08:01 34341891                   /root/.gradle/wrapper/dists/gradle-3.3-all/55gk2rcmfc6p2dg9u9ohc3hw9/gradle-3.3/lib/native-platform-linux-i386-0.12.jar
7f6a0e85b000-7f6a0e85c000 r--s 00002000 08:01 34341890                   /root/.gradle/wrapper/dists/gradle-3.3-all/55gk2rcmfc6p2dg9u9ohc3hw9/gradle-3.3/lib/native-platform-linux-amd64-0.12.jar
7f6a0e85c000-7f6a0e85d000 r--s 00003000 08:01 34341889                   /root/.gradle/wrapper/dists/gradle-3.3-all/55gk2rcmfc6p2dg9u9ohc3hw9/gradle-3.3/lib/native-platform-freebsd-i386-libstdcpp-0.12.jar
7f6a0e85d000-7f6a0e85e000 r--s 00004000 08:01 34341888                   /root/.gradle/wrapper/dists/gradle-3.3-all/55gk2rcmfc6p2dg9u9ohc3hw9/gradle-3.3/lib/native-platform-freebsd-i386-libcpp-0.12.jar
7f6a0e85e000-7f6a0e860000 r--s 00003000 08:01 34341887                   /root/.gradle/wrapper/dists/gradle-3.3-all/55gk2rcmfc6p2dg9u9ohc3hw9/gradle-3.3/lib/native-platform-freebsd-amd64-libstdcpp-0.12.jar
7f6a0e860000-7f6a0e863000 r--s 00023000 08:01 34341880                   /root/.gradle/wrapper/dists/gradle-3.3-all/55gk2rcmfc6p2dg9u9ohc3hw9/gradle-3.3/lib/jansi-1.14.jar
7f6a0e863000-7f6a0e867000 r--s 00011000 08:01 34341879                   /root/.gradle/wrapper/dists/gradle-3.3-all/55gk2rcmfc6p2dg9u9ohc3hw9/gradle-3.3/lib/native-platform-0.12.jar
7f6a0e867000-7f6a0e86a000 r--s 0000a000 08:01 34341857                   /root/.gradle/wrapper/dists/gradle-3.3-all/55gk2rcmfc6p2dg9u9ohc3hw9/gradle-3.3/lib/gradle-native-3.3.jar
7f6a0e86a000-7f6a0e86c000 r--s 00005000 08:01 34341854                   /root/.gradle/wrapper/dists/gradle-3.3-all/55gk2rcmfc6p2dg9u9ohc3hw9/gradle-3.3/lib/gradle-cli-3.3.jar
7f6a0e86c000-7f6a0e87b000 r--s 0007f000 08:01 34341864                   /root/.gradle/wrapper/dists/gradle-3.3-all/55gk2rcmfc6p2dg9u9ohc3hw9/gradle-3.3/lib/gradle-model-core-3.3.jar
7f6a0e87b000-7f6a0e8eb000 r--s 00641000 08:01 34341863                   /root/.gradle/wrapper/dists/gradle-3.3-all/55gk2rcmfc6p2dg9u9ohc3hw9/gradle-3.3/lib/groovy-all-2.4.7.jar
7f6a0e8eb000-7f6a0e913000 r--s 001cf000 08:01 34341860                   /root/.gradle/wrapper/dists/gradle-3.3-all/55gk2rcmfc6p2dg9u9ohc3hw9/gradle-3.3/lib/guava-jdk5-17.0.jar
7f6a0e913000-7f6a0e914000 ---p 00000000 00:00 0 
7f6a0e914000-7f6a0ea14000 rw-p 00000000 00:00 0 
7f6a0ea14000-7f6a0ea17000 ---p 00000000 00:00 0 
7f6a0ea17000-7f6a0eb15000 rw-p 00000000 00:00 0 
7f6a0eb15000-7f6a0eb18000 ---p 00000000 00:00 0 
7f6a0eb18000-7f6a0ec16000 rw-p 00000000 00:00 0 
7f6a0ec16000-7f6a0ec19000 ---p 00000000 00:00 0 
7f6a0ec19000-7f6a0ed17000 rw-p 00000000 00:00 0 
7f6a0ed17000-7f6a0ed1a000 ---p 00000000 00:00 0 
7f6a0ed1a000-7f6a0ee18000 rw-p 00000000 00:00 0 
7f6a0ee18000-7f6a0ee1b000 ---p 00000000 00:00 0 
7f6a0ee1b000-7f6a0ef19000 rw-p 00000000 00:00 0 
7f6a0ef19000-7f6a0f1f2000 r--p 00000000 08:01 11010498                   /usr/lib/locale/locale-archive
7f6a0f1f2000-7f6a0f1f5000 ---p 00000000 00:00 0 
7f6a0f1f5000-7f6a0f2f3000 rw-p 00000000 00:00 0 
7f6a0f2f3000-7f6a0f2f6000 ---p 00000000 00:00 0 
7f6a0f2f6000-7f6a0f3f4000 rw-p 00000000 00:00 0 
7f6a0f3f4000-7f6a0f3f5000 ---p 00000000 00:00 0 
7f6a0f3f5000-7f6a10000000 rw-p 00000000 00:00 0 
7f6a10000000-7f6a1002e000 rw-p 00000000 00:00 0 
7f6a1002e000-7f6a14000000 ---p 00000000 00:00 0 
7f6a14000000-7f6a14002000 r--s 00007000 08:01 34341865                   /root/.gradle/wrapper/dists/gradle-3.3-all/55gk2rcmfc6p2dg9u9ohc3hw9/gradle-3.3/lib/gradle-model-groovy-3.3.jar
7f6a14002000-7f6a1400f000 r--s 00083000 08:01 34341868                   /root/.gradle/wrapper/dists/gradle-3.3-all/55gk2rcmfc6p2dg9u9ohc3hw9/gradle-3.3/lib/commons-collections-3.2.2.jar
7f6a1400f000-7f6a1402e000 r--s 001d1000 08:01 34341867                   /root/.gradle/wrapper/dists/gradle-3.3-all/55gk2rcmfc6p2dg9u9ohc3hw9/gradle-3.3/lib/ant-1.9.6.jar
7f6a1402e000-7f6a1406b000 r--s 001f8000 08:01 34341853                   /root/.gradle/wrapper/dists/gradle-3.3-all/55gk2rcmfc6p2dg9u9ohc3hw9/gradle-3.3/lib/gradle-core-3.3.jar
7f6a1406b000-7f6a144d2000 rw-p 00000000 00:00 0 
7f6a144d2000-7f6a146ab000 r--s 03d3e000 08:01 11144026                   /usr/local/java/jdk1.8.0_121/jre/lib/rt.jar
7f6a146ab000-7f6a18221000 rw-p 00000000 00:00 0 
7f6a18221000-7f6a18222000 ---p 00000000 00:00 0 
7f6a18222000-7f6a18322000 rw-p 00000000 00:00 0 
7f6a18322000-7f6a18323000 ---p 00000000 00:00 0 
7f6a18323000-7f6a18423000 rw-p 00000000 00:00 0 
7f6a18423000-7f6a18424000 ---p 00000000 00:00 0 
7f6a18424000-7f6a1855d000 rw-p 00000000 00:00 0 
7f6a1855d000-7f6a18724000 ---p 00000000 00:00 0 
7f6a18724000-7f6a1875d000 rw-p 00000000 00:00 0 
7f6a1875d000-7f6a18924000 ---p 00000000 00:00 0 
7f6a18924000-7f6a18975000 rw-p 00000000 00:00 0 
7f6a18975000-7f6a18a24000 ---p 00000000 00:00 0 
7f6a18a24000-7f6a18a59000 rw-p 00000000 00:00 0 
7f6a18a59000-7f6a18de5000 ---p 00000000 00:00 0 
7f6a18de5000-7f6a19ab5000 rwxp 00000000 00:00 0 
7f6a19ab5000-7f6a27de5000 ---p 00000000 00:00 0 
7f6a27de5000-7f6a27dff000 r-xp 00000000 08:01 11144057                   /usr/local/java/jdk1.8.0_121/jre/lib/amd64/libzip.so
7f6a27dff000-7f6a27fff000 ---p 0001a000 08:01 11144057                   /usr/local/java/jdk1.8.0_121/jre/lib/amd64/libzip.so
7f6a27fff000-7f6a28000000 rw-p 0001a000 08:01 11144057                   /usr/local/java/jdk1.8.0_121/jre/lib/amd64/libzip.so
7f6a28000000-7f6a28d90000 rw-p 00000000 00:00 0 
7f6a28d90000-7f6a2c000000 ---p 00000000 00:00 0 
7f6a2c000000-7f6a2c001000 r--s 00004000 08:01 34341886                   /root/.gradle/wrapper/dists/gradle-3.3-all/55gk2rcmfc6p2dg9u9ohc3hw9/gradle-3.3/lib/native-platform-freebsd-amd64-libcpp-0.12.jar
7f6a2c001000-7f6a2c003000 r--s 00006000 08:01 34341872                   /root/.gradle/wrapper/dists/gradle-3.3-all/55gk2rcmfc6p2dg9u9ohc3hw9/gradle-3.3/lib/gradle-base-services-groovy-3.3.jar
7f6a2c003000-7f6a2c004000 r--s 00002000 08:01 34341875                   /root/.gradle/wrapper/dists/gradle-3.3-all/55gk2rcmfc6p2dg9u9ohc3hw9/gradle-3.3/lib/gradle-docs-3.3.jar
7f6a2c004000-7f6a2c074000 rw-p 00000000 00:00 0 
7f6a2c074000-7f6a2c075000 ---p 00000000 00:00 0 
7f6a2c075000-7f6a2c175000 rw-p 00000000 00:00 0 
7f6a2c175000-7f6a2c180000 r-xp 00000000 08:01 4981284                    /lib/x86_64-linux-gnu/libnss_files-2.23.so
7f6a2c180000-7f6a2c37f000 ---p 0000b000 08:01 4981284                    /lib/x86_64-linux-gnu/libnss_files-2.23.so
7f6a2c37f000-7f6a2c380000 r--p 0000a000 08:01 4981284                    /lib/x86_64-linux-gnu/libnss_files-2.23.so
7f6a2c380000-7f6a2c381000 rw-p 0000b000 08:01 4981284                    /lib/x86_64-linux-gnu/libnss_files-2.23.so
7f6a2c381000-7f6a2c387000 rw-p 00000000 00:00 0 
7f6a2c387000-7f6a2c392000 r-xp 00000000 08:01 4981297                    /lib/x86_64-linux-gnu/libnss_nis-2.23.so
7f6a2c392000-7f6a2c591000 ---p 0000b000 08:01 4981297                    /lib/x86_64-linux-gnu/libnss_nis-2.23.so
7f6a2c591000-7f6a2c592000 r--p 0000a000 08:01 4981297                    /lib/x86_64-linux-gnu/libnss_nis-2.23.so
7f6a2c592000-7f6a2c593000 rw-p 0000b000 08:01 4981297                    /lib/x86_64-linux-gnu/libnss_nis-2.23.so
7f6a2c593000-7f6a2c5a9000 r-xp 00000000 08:01 4981104                    /lib/x86_64-linux-gnu/libnsl-2.23.so
7f6a2c5a9000-7f6a2c7a8000 ---p 00016000 08:01 4981104                    /lib/x86_64-linux-gnu/libnsl-2.23.so
7f6a2c7a8000-7f6a2c7a9000 r--p 00015000 08:01 4981104                    /lib/x86_64-linux-gnu/libnsl-2.23.so
7f6a2c7a9000-7f6a2c7aa000 rw-p 00016000 08:01 4981104                    /lib/x86_64-linux-gnu/libnsl-2.23.so
7f6a2c7aa000-7f6a2c7ac000 rw-p 00000000 00:00 0 
7f6a2c7ac000-7f6a2c7b4000 r-xp 00000000 08:01 4981312                    /lib/x86_64-linux-gnu/libnss_compat-2.23.so
7f6a2c7b4000-7f6a2c9b3000 ---p 00008000 08:01 4981312                    /lib/x86_64-linux-gnu/libnss_compat-2.23.so
7f6a2c9b3000-7f6a2c9b4000 r--p 00007000 08:01 4981312                    /lib/x86_64-linux-gnu/libnss_compat-2.23.so
7f6a2c9b4000-7f6a2c9b5000 rw-p 00008000 08:01 4981312                    /lib/x86_64-linux-gnu/libnss_compat-2.23.so
7f6a2c9b5000-7f6a2c9e0000 r-xp 00000000 08:01 11144613                   /usr/local/java/jdk1.8.0_121/jre/lib/amd64/libjava.so
7f6a2c9e0000-7f6a2cbdf000 ---p 0002b000 08:01 11144613                   /usr/local/java/jdk1.8.0_121/jre/lib/amd64/libjava.so
7f6a2cbdf000-7f6a2cbe1000 rw-p 0002a000 08:01 11144613                   /usr/local/java/jdk1.8.0_121/jre/lib/amd64/libjava.so
7f6a2cbe1000-7f6a2cbee000 r-xp 00000000 08:01 11144035                   /usr/local/java/jdk1.8.0_121/jre/lib/amd64/libverify.so
7f6a2cbee000-7f6a2cded000 ---p 0000d000 08:01 11144035                   /usr/local/java/jdk1.8.0_121/jre/lib/amd64/libverify.so
7f6a2cded000-7f6a2cdef000 rw-p 0000c000 08:01 11144035                   /usr/local/java/jdk1.8.0_121/jre/lib/amd64/libverify.so
7f6a2cdef000-7f6a2cdf6000 r-xp 00000000 08:01 4981304                    /lib/x86_64-linux-gnu/librt-2.23.so
7f6a2cdf6000-7f6a2cff5000 ---p 00007000 08:01 4981304                    /lib/x86_64-linux-gnu/librt-2.23.so
7f6a2cff5000-7f6a2cff6000 r--p 00006000 08:01 4981304                    /lib/x86_64-linux-gnu/librt-2.23.so
7f6a2cff6000-7f6a2cff7000 rw-p 00007000 08:01 4981304                    /lib/x86_64-linux-gnu/librt-2.23.so
7f6a2cff7000-7f6a2d0ff000 r-xp 00000000 08:01 4981325                    /lib/x86_64-linux-gnu/libm-2.23.so
7f6a2d0ff000-7f6a2d2fe000 ---p 00108000 08:01 4981325                    /lib/x86_64-linux-gnu/libm-2.23.so
7f6a2d2fe000-7f6a2d2ff000 r--p 00107000 08:01 4981325                    /lib/x86_64-linux-gnu/libm-2.23.so
7f6a2d2ff000-7f6a2d300000 rw-p 00108000 08:01 4981325                    /lib/x86_64-linux-gnu/libm-2.23.so
7f6a2d300000-7f6a2dfce000 r-xp 00000000 08:01 11144883                   /usr/local/java/jdk1.8.0_121/jre/lib/amd64/server/libjvm.so
7f6a2dfce000-7f6a2e1ce000 ---p 00cce000 08:01 11144883                   /usr/local/java/jdk1.8.0_121/jre/lib/amd64/server/libjvm.so
7f6a2e1ce000-7f6a2e2a7000 rw-p 00cce000 08:01 11144883                   /usr/local/java/jdk1.8.0_121/jre/lib/amd64/server/libjvm.so
7f6a2e2a7000-7f6a2e2f2000 rw-p 00000000 00:00 0 
7f6a2e2f2000-7f6a2e4b2000 r-xp 00000000 08:01 4981335                    /lib/x86_64-linux-gnu/libc-2.23.so
7f6a2e4b2000-7f6a2e6b2000 ---p 001c0000 08:01 4981335                    /lib/x86_64-linux-gnu/libc-2.23.so
7f6a2e6b2000-7f6a2e6b6000 r--p 001c0000 08:01 4981335                    /lib/x86_64-linux-gnu/libc-2.23.so
7f6a2e6b6000-7f6a2e6b8000 rw-p 001c4000 08:01 4981335                    /lib/x86_64-linux-gnu/libc-2.23.so
7f6a2e6b8000-7f6a2e6bc000 rw-p 00000000 00:00 0 
7f6a2e6bc000-7f6a2e6bf000 r-xp 00000000 08:01 4981310                    /lib/x86_64-linux-gnu/libdl-2.23.so
7f6a2e6bf000-7f6a2e8be000 ---p 00003000 08:01 4981310                    /lib/x86_64-linux-gnu/libdl-2.23.so
7f6a2e8be000-7f6a2e8bf000 r--p 00002000 08:01 4981310                    /lib/x86_64-linux-gnu/libdl-2.23.so
7f6a2e8bf000-7f6a2e8c0000 rw-p 00003000 08:01 4981310                    /lib/x86_64-linux-gnu/libdl-2.23.so
7f6a2e8c0000-7f6a2e8d5000 r-xp 00000000 08:01 11020813                   /usr/local/java/jdk1.8.0_121/lib/amd64/jli/libjli.so
7f6a2e8d5000-7f6a2ead5000 ---p 00015000 08:01 11020813                   /usr/local/java/jdk1.8.0_121/lib/amd64/jli/libjli.so
7f6a2ead5000-7f6a2ead6000 rw-p 00015000 08:01 11020813                   /usr/local/java/jdk1.8.0_121/lib/amd64/jli/libjli.so
7f6a2ead6000-7f6a2eaee000 r-xp 00000000 08:01 4981295                    /lib/x86_64-linux-gnu/libpthread-2.23.so
7f6a2eaee000-7f6a2eced000 ---p 00018000 08:01 4981295                    /lib/x86_64-linux-gnu/libpthread-2.23.so
7f6a2eced000-7f6a2ecee000 r--p 00017000 08:01 4981295                    /lib/x86_64-linux-gnu/libpthread-2.23.so
7f6a2ecee000-7f6a2ecef000 rw-p 00018000 08:01 4981295                    /lib/x86_64-linux-gnu/libpthread-2.23.so
7f6a2ecef000-7f6a2ecf3000 rw-p 00000000 00:00 0 
7f6a2ecf3000-7f6a2ed19000 r-xp 00000000 08:01 4981106                    /lib/x86_64-linux-gnu/ld-2.23.so
7f6a2ed19000-7f6a2ed1a000 r--s 00000000 08:01 34341871                   /root/.gradle/wrapper/dists/gradle-3.3-all/55gk2rcmfc6p2dg9u9ohc3hw9/gradle-3.3/lib/javax.inject-1.jar
7f6a2ed1a000-7f6a2ed1b000 r--s 00000000 08:01 34341870                   /root/.gradle/wrapper/dists/gradle-3.3-all/55gk2rcmfc6p2dg9u9ohc3hw9/gradle-3.3/lib/jcip-annotations-1.0.jar
7f6a2ed1b000-7f6a2ed1f000 r--s 00027000 08:01 34341869                   /root/.gradle/wrapper/dists/gradle-3.3-all/55gk2rcmfc6p2dg9u9ohc3hw9/gradle-3.3/lib/commons-io-2.2.jar
7f6a2ed1f000-7f6a2ed24000 r--s 00038000 08:01 34341866                   /root/.gradle/wrapper/dists/gradle-3.3-all/55gk2rcmfc6p2dg9u9ohc3hw9/gradle-3.3/lib/asm-all-5.1.jar
7f6a2ed24000-7f6a2ed25000 r--s 00001000 08:01 34341862                   /root/.gradle/wrapper/dists/gradle-3.3-all/55gk2rcmfc6p2dg9u9ohc3hw9/gradle-3.3/lib/gradle-process-services-3.3.jar
7f6a2ed25000-7f6a2ed2a000 r--s 00041000 08:01 34341861                   /root/.gradle/wrapper/dists/gradle-3.3-all/55gk2rcmfc6p2dg9u9ohc3hw9/gradle-3.3/lib/commons-lang-2.6.jar
7f6a2ed2a000-7f6a2ed33000 r--s 00042000 08:01 34341851                   /root/.gradle/wrapper/dists/gradle-3.3-all/55gk2rcmfc6p2dg9u9ohc3hw9/gradle-3.3/lib/gradle-base-services-3.3.jar
7f6a2ed33000-7f6a2edf5000 rw-p 00000000 00:00 0 
7f6a2edf5000-7f6a2edf8000 ---p 00000000 00:00 0 
7f6a2edf8000-7f6a2eefa000 rw-p 00000000 00:00 0 
7f6a2eefa000-7f6a2eefc000 r--s 00000000 08:01 34341852                   /root/.gradle/wrapper/dists/gradle-3.3-all/55gk2rcmfc6p2dg9u9ohc3hw9/gradle-3.3/lib/gradle-jvm-services-3.3.jar
7f6a2eefc000-7f6a2eefd000 r--s 00000000 08:01 34342017                   /root/.gradle/wrapper/dists/gradle-3.3-all/55gk2rcmfc6p2dg9u9ohc3hw9/gradle-3.3/lib/gradle-version-info-3.3.jar
7f6a2eefd000-7f6a2eefe000 r--s 00007000 08:01 34341859                   /root/.gradle/wrapper/dists/gradle-3.3-all/55gk2rcmfc6p2dg9u9ohc3hw9/gradle-3.3/lib/slf4j-api-1.7.10.jar
7f6a2eefe000-7f6a2eeff000 r--s 00004000 08:01 34341884                   /root/.gradle/wrapper/dists/gradle-3.3-all/55gk2rcmfc6p2dg9u9ohc3hw9/gradle-3.3/lib/ant-launcher-1.9.6.jar
7f6a2eeff000-7f6a2ef0c000 r--s 0005c000 08:01 34341848                   /root/.gradle/wrapper/dists/gradle-3.3-all/55gk2rcmfc6p2dg9u9ohc3hw9/gradle-3.3/lib/gradle-launcher-3.3.jar
7f6a2ef0c000-7f6a2ef14000 rw-s 00000000 08:01 786695                     /tmp/hsperfdata_root/4233
7f6a2ef14000-7f6a2ef15000 rw-p 00000000 00:00 0 
7f6a2ef15000-7f6a2ef16000 r--p 00000000 00:00 0 
7f6a2ef16000-7f6a2ef18000 rw-p 00000000 00:00 0 
7f6a2ef18000-7f6a2ef19000 r--p 00025000 08:01 4981106                    /lib/x86_64-linux-gnu/ld-2.23.so
7f6a2ef19000-7f6a2ef1a000 rw-p 00026000 08:01 4981106                    /lib/x86_64-linux-gnu/ld-2.23.so
7f6a2ef1a000-7f6a2ef1b000 rw-p 00000000 00:00 0 
7ffed5248000-7ffed5269000 rw-p 00000000 00:00 0                          [stack]
7ffed53d1000-7ffed53d3000 r--p 00000000 00:00 0                          [vvar]
7ffed53d3000-7ffed53d5000 r-xp 00000000 00:00 0                          [vdso]
ffffffffff600000-ffffffffff601000 r-xp 00000000 00:00 0                  [vsyscall]

VM Arguments:
jvm_args: -Xmx1536m -Dfile.encoding=UTF-8 -Duser.country=US -Duser.language=en -Duser.variant 
java_command: org.gradle.launcher.daemon.bootstrap.GradleDaemon 3.3
java_class_path (initial): /root/.gradle/wrapper/dists/gradle-3.3-all/55gk2rcmfc6p2dg9u9ohc3hw9/gradle-3.3/lib/gradle-launcher-3.3.jar
Launcher Type: SUN_STANDARD

Environment Variables:
JAVA_HOME=/usr/local/java/jdk1.8.0_121/
PATH=/usr/local/sbin:/usr/local/bin:/usr/sbin:/usr/bin:/sbin:/bin:/snap/bin
USERNAME=root
LD_LIBRARY_PATH=/opt/android-studio/bin:
SHELL=/bin/bash
DISPLAY=:0

Signal Handlers:
SIGSEGV: [libjvm.so+0xac78c0], sa_mask[0]=11111111011111111101111111111110, sa_flags=SA_RESTART|SA_SIGINFO
SIGBUS: [libjvm.so+0xac78c0], sa_mask[0]=11111111011111111101111111111110, sa_flags=SA_RESTART|SA_SIGINFO
SIGFPE: [libjvm.so+0x920ac0], sa_mask[0]=11111111011111111101111111111110, sa_flags=SA_RESTART|SA_SIGINFO
SIGPIPE: [libjvm.so+0x920ac0], sa_mask[0]=11111111011111111101111111111110, sa_flags=SA_RESTART|SA_SIGINFO
SIGXFSZ: [libjvm.so+0x920ac0], sa_mask[0]=11111111011111111101111111111110, sa_flags=SA_RESTART|SA_SIGINFO
SIGILL: [libjvm.so+0x920ac0], sa_mask[0]=11111111011111111101111111111110, sa_flags=SA_RESTART|SA_SIGINFO
SIGUSR1: SIG_DFL, sa_mask[0]=00000000000000000000000000000000, sa_flags=none
SIGUSR2: [libjvm.so+0x922300], sa_mask[0]=00100000000000000000000000000000, sa_flags=SA_RESTART|SA_SIGINFO
SIGHUP: [libjvm.so+0x923700], sa_mask[0]=11111111011111111101111111111110, sa_flags=SA_RESTART|SA_SIGINFO
SIGINT: [libjvm.so+0x923700], sa_mask[0]=11111111011111111101111111111110, sa_flags=SA_RESTART|SA_SIGINFO
SIGTERM: [libjvm.so+0x923700], sa_mask[0]=11111111011111111101111111111110, sa_flags=SA_RESTART|SA_SIGINFO
SIGQUIT: [libjvm.so+0x923700], sa_mask[0]=11111111011111111101111111111110, sa_flags=SA_RESTART|SA_SIGINFO


---------------  S Y S T E M  ---------------

OS:DISTRIB_ID=Ubuntu
DISTRIB_RELEASE=16.04
DISTRIB_CODENAME=xenial
DISTRIB_DESCRIPTION="Ubuntu 16.04.2 LTS"

uname:Linux 4.4.0-87-generic #110-Ubuntu SMP Tue Jul 18 12:55:35 UTC 2017 x86_64
libc:glibc 2.23 NPTL 2.23 
rlimit: STACK 8192k, CORE 0k, NPROC 31512, NOFILE 1048576, AS infinity
load average:1.52 0.93 0.81

/proc/meminfo:
MemTotal:        8107668 kB
MemFree:         3908292 kB
MemAvailable:    5165732 kB
Buffers:          141452 kB
Cached:          1565052 kB
SwapCached:            0 kB
Active:          3036092 kB
Inactive:         870372 kB
Active(anon):    2211696 kB
Inactive(anon):   274956 kB
Active(file):     824396 kB
Inactive(file):   595416 kB
Unevictable:          32 kB
Mlocked:              32 kB
SwapTotal:       8319996 kB
SwapFree:        8319996 kB
Dirty:             11804 kB
Writeback:             8 kB
AnonPages:       2202196 kB
Mapped:           358088 kB
Shmem:            286616 kB
Slab:             160528 kB
SReclaimable:     122260 kB
SUnreclaim:        38268 kB
KernelStack:        9744 kB
PageTables:        40348 kB
NFS_Unstable:          0 kB
Bounce:                0 kB
WritebackTmp:          0 kB
CommitLimit:    12373828 kB
Committed_AS:    6633212 kB
VmallocTotal:   34359738367 kB
VmallocUsed:           0 kB
VmallocChunk:          0 kB
HardwareCorrupted:     0 kB
AnonHugePages:   1081344 kB
CmaTotal:              0 kB
CmaFree:               0 kB
HugePages_Total:       0
HugePages_Free:        0
HugePages_Rsvd:        0
HugePages_Surp:        0
Hugepagesize:       2048 kB
DirectMap4k:      113344 kB
DirectMap2M:     2965504 kB
DirectMap1G:     6291456 kB


CPU:total 4 (2 cores per cpu, 2 threads per core) family 6 model 69 stepping 1, cmov, cx8, fxsr, mmx, sse, sse2, sse3, ssse3, sse4.1, sse4.2, popcnt, avx, avx2, aes, clmul, erms, lzcnt, ht, tsc, tscinvbit, bmi1, bmi2

/proc/cpuinfo:
processor	: 0
vendor_id	: GenuineIntel
cpu family	: 6
model		: 69
model name	: Intel(R) Core(TM) i5-4200U CPU @ 1.60GHz
stepping	: 1
microcode	: 0x16
cpu MHz		: 2300.000
cache size	: 3072 KB
physical id	: 0
siblings	: 4
core id		: 0
cpu cores	: 2
apicid		: 0
initial apicid	: 0
fpu		: yes
fpu_exception	: yes
cpuid level	: 13
wp		: yes
flags		: fpu vme de pse tsc msr pae mce cx8 apic sep mtrr pge mca cmov pat pse36 clflush dts acpi mmx fxsr sse sse2 ss ht tm pbe syscall nx pdpe1gb rdtscp lm constant_tsc arch_perfmon pebs bts rep_good nopl xtopology nonstop_tsc aperfmperf eagerfpu pni pclmulqdq dtes64 monitor ds_cpl vmx est tm2 ssse3 sdbg fma cx16 xtpr pdcm pcid sse4_1 sse4_2 movbe popcnt tsc_deadline_timer aes xsave avx f16c rdrand lahf_lm abm epb tpr_shadow vnmi flexpriority ept vpid fsgsbase tsc_adjust bmi1 avx2 smep bmi2 erms invpcid xsaveopt dtherm ida arat pln pts
bugs		:
bogomips	: 4589.32
clflush size	: 64
cache_alignment	: 64
address sizes	: 39 bits physical, 48 bits virtual
power management:

processor	: 1
vendor_id	: GenuineIntel
cpu family	: 6
model		: 69
model name	: Intel(R) Core(TM) i5-4200U CPU @ 1.60GHz
stepping	: 1
microcode	: 0x16
cpu MHz		: 2299.910
cache size	: 3072 KB
physical id	: 0
siblings	: 4
core id		: 0
cpu cores	: 2
apicid		: 1
initial apicid	: 1
fpu		: yes
fpu_exception	: yes
cpuid level	: 13
wp		: yes
flags		: fpu vme de pse tsc msr pae mce cx8 apic sep mtrr pge mca cmov pat pse36 clflush dts acpi mmx fxsr sse sse2 ss ht tm pbe syscall nx pdpe1gb rdtscp lm constant_tsc arch_perfmon pebs bts rep_good nopl xtopology nonstop_tsc aperfmperf eagerfpu pni pclmulqdq dtes64 monitor ds_cpl vmx est tm2 ssse3 sdbg fma cx16 xtpr pdcm pcid sse4_1 sse4_2 movbe popcnt tsc_deadline_timer aes xsave avx f16c rdrand lahf_lm abm epb tpr_shadow vnmi flexpriority ept vpid fsgsbase tsc_adjust bmi1 avx2 smep bmi2 erms invpcid xsaveopt dtherm ida arat pln pts
bugs		:
bogomips	: 4589.32
clflush size	: 64
cache_alignment	: 64
address sizes	: 39 bits physical, 48 bits virtual
power management:

processor	: 2
vendor_id	: GenuineIntel
cpu family	: 6
model		: 69
model name	: Intel(R) Core(TM) i5-4200U CPU @ 1.60GHz
stepping	: 1
microcode	: 0x16
cpu MHz		: 2300.000
cache size	: 3072 KB
physical id	: 0
siblings	: 4
core id		: 1
cpu cores	: 2
apicid		: 2
initial apicid	: 2
fpu		: yes
fpu_exception	: yes
cpuid level	: 13
wp		: yes
flags		: fpu vme de pse tsc msr pae mce cx8 apic sep mtrr pge mca cmov pat pse36 clflush dts acpi mmx fxsr sse sse2 ss ht tm pbe syscall nx pdpe1gb rdtscp lm constant_tsc arch_perfmon pebs bts rep_good nopl xtopology nonstop_tsc aperfmperf eagerfpu pni pclmulqdq dtes64 monitor ds_cpl vmx est tm2 ssse3 sdbg fma cx16 xtpr pdcm pcid sse4_1 sse4_2 movbe popcnt tsc_deadline_timer aes xsave avx f16c rdrand lahf_lm abm epb tpr_shadow vnmi flexpriority ept vpid fsgsbase tsc_adjust bmi1 avx2 smep bmi2 erms invpcid xsaveopt dtherm ida arat pln pts
bugs		:
bogomips	: 4589.32
clflush size	: 64
cache_alignment	: 64
address sizes	: 39 bits physical, 48 bits virtual
power management:

processor	: 3
vendor_id	: GenuineIntel
cpu family	: 6
model		: 69
model name	: Intel(R) Core(TM) i5-4200U CPU @ 1.60GHz
stepping	: 1
microcode	: 0x16
cpu MHz		: 2300.000
cache size	: 3072 KB
physical id	: 0
siblings	: 4
core id		: 1
cpu cores	: 2
apicid		: 3
initial apicid	: 3
fpu		: yes
fpu_exception	: yes
cpuid level	: 13
wp		: yes
flags		: fpu vme de pse tsc msr pae mce cx8 apic sep mtrr pge mca cmov pat pse36 clflush dts acpi mmx fxsr sse sse2 ss ht tm pbe syscall nx pdpe1gb rdtscp lm constant_tsc arch_perfmon pebs bts rep_good nopl xtopology nonstop_tsc aperfmperf eagerfpu pni pclmulqdq dtes64 monitor ds_cpl vmx est tm2 ssse3 sdbg fma cx16 xtpr pdcm pcid sse4_1 sse4_2 movbe popcnt tsc_deadline_timer aes xsave avx f16c rdrand lahf_lm abm epb tpr_shadow vnmi flexpriority ept vpid fsgsbase tsc_adjust bmi1 avx2 smep bmi2 erms invpcid xsaveopt dtherm ida arat pln pts
bugs		:
bogomips	: 4589.32
clflush size	: 64
cache_alignment	: 64
address sizes	: 39 bits physical, 48 bits virtual
power management:



Memory: 4k page, physical 8107668k(3908292k free), swap 8319996k(8319996k free)

vm_info: Java HotSpot(TM) 64-Bit Server VM (25.121-b13) for linux-amd64 JRE (1.8.0_121-b13), built on Dec 12 2016 16:36:53 by "java_re" with gcc 4.3.0 20080428 (Red Hat 4.3.0-8)

time: Tue Jul 25 14:08:18 2017
elapsed time: 11 seconds (0d 0h 0m 11s)

