#
# A fatal error has been detected by the Java Runtime Environment:
#
#  SIGSEGV (0xb) at pc=0x00007f11c1de3098, pid=2845, tid=0x00007f11abcea700
#
# JRE version: Java(TM) SE Runtime Environment (8.0_121-b13) (build 1.8.0_121-b13)
# Java VM: Java HotSpot(TM) 64-Bit Server VM (25.121-b13 mixed mode linux-amd64 compressed oops)
# Problematic frame:
# C  [libc.so.6+0x14d098]
#
# Failed to write core dump. Core dumps have been disabled. To enable core dumping, try "ulimit -c unlimited" before starting Java again
#
# If you would like to submit a bug report, please visit:
#   http://bugreport.java.com/bugreport/crash.jsp
#

---------------  T H R E A D  ---------------

Current thread (0x00007f11bc024800):  GCTaskThread [stack: 0x00007f11abbea000,0x00007f11abceb000] [id=2852]

siginfo: si_signo: 11 (SIGSEGV), si_code: 2 (SEGV_ACCERR), si_addr: 0x00000000fd317870

Registers:
RAX=0x00000000a2676a30, RBX=0x00000000a2676a30, RCX=0x00000000fd3178f0, RDX=0x0000000011da0000
RSP=0x00007f11abce9898, RBP=0x00007f11abce9910, RSI=0x00000000eb5778f0, RDI=0x00000000a2676a30
R8 =0x00007f11bc01bb48, R9 =0x0000000011da0000, R10=0x00007f11c1c59bb9, R11=0x00007f11c1c59bc4
R12=0x00000000eb5778f0, R13=0x000000000000001d, R14=0x0000000000000001, R15=0x00000000023b4000
RIP=0x00007f11c1de3098, EFLAGS=0x0000000000010206, CSGSFS=0x0000000000000033, ERR=0x0000000000000004
  TRAPNO=0x000000000000000e

Top of Stack: (sp=0x00007f11abce9898)
0x00007f11abce9898:   00007f11c1632541 00007f11abce9920
0x00007f11abce98a8:   00007f11c1c59bb9 00007f11bc0752a8
0x00007f11abce98b8:   00007f11bc075280 00000000a262ba20
0x00007f11abce98c8:   0000000000000400 00000000eb5763aa
0x00007f11abce98d8:   0000000000001000 00000000eb9b092d
0x00007f11abce98e8:   00000000a262c0c4 00007f11bc075280
0x00007f11abce98f8:   00007f11c1c356b0 0000000000000000
0x00007f11abce9908:   00007f11bc0752e8 00007f11abce9a00
0x00007f11abce9918:   00007f11c1631d20 00007f11abce9980
0x00007f11abce9928:   00007f11abce9990 00007f11abce99a0
0x00007f11abce9938:   00007f11abce9960 00007f11abce9970
0x00007f11abce9948:   00007f11abce99c0 00007f11abce99b0
0x00007f11abce9958:   00007f11bc075318 00000000a04d43b0
0x00007f11abce9968:   00007f11bc0752e0 00007f11bc017a00
0x00007f11abce9978:   00000000a04d45ec 00007f11bc075280
0x00007f11abce9988:   00000000a04d45d8 0000000100288e40
0x00007f11abce9998:   00007f11c1c68df0 00007f11abce9a00
0x00007f11abce99a8:   00007f11c12f41c0 00000000a03d3431
0x00007f11abce99b8:   00007f11c1c68df0 00000000a262c0c5
0x00007f11abce99c8:   00007f11bc0752e0 0000000000000000
0x00007f11abce99d8:   00000000a04d4618 00000000a04d4600
0x00007f11abce99e8:   00007f11ac0ef6a3 00007f11bc017a00
0x00007f11abce99f8:   00007f11ac0ef701 00007f11abce9ac0
0x00007f11abce9a08:   00007f11c10a36ae 00007f11bc01ea20
0x00007f11abce9a18:   00007f11ac0ef700 00007f11ac0ef681
0x00007f11abce9a28:   00007f11c1c59bb9 00007f11bc075280
0x00007f11abce9a38:   00000000a22dffb8 00007f11bc017740
0x00007f11abce9a48:   00007f11ac0fe700 00000000a04d3438
0x00007f11abce9a58:   0000000000000200 00000000a04e0038
0x00007f11abce9a68:   00007f11ac0ef6a2 0000000000000240
0x00007f11abce9a78:   00007f11ac0ef800 00007f11ac0ef880
0x00007f11abce9a88:   00007f11ac0ef6a3 00007f11ac0ef6a2 

Instructions: (pc=0x00007f11c1de3098)
0x00007f11c1de3078:   c1 e1 03 48 39 ca 73 10 48 89 d1 48 89 d1 f3 a4
0x00007f11c1de3088:   c3 0f 1f 80 00 00 00 00 48 8d 0c 16 c5 fe 6f 26
0x00007f11c1de3098:   c5 fa 6f 6c 16 80 c5 fa 6f 71 90 c5 fa 6f 79 a0
0x00007f11c1de30a8:   c5 7a 6f 41 b0 c5 7a 6f 49 c0 c5 7a 6f 51 d0 c5 

Register to memory mapping:

RAX=
[error occurred during error reporting (printing register info), id 0xb]

Stack: [0x00007f11abbea000,0x00007f11abceb000],  sp=0x00007f11abce9898,  free space=1022k
Native frames: (J=compiled Java code, j=interpreted, Vv=VM code, C=native code)
C  [libc.so.6+0x14d098]
V  [libjvm.so+0x98dd20]  PSPromotionManager::drain_stacks_depth(bool)+0x830
V  [libjvm.so+0x3ff6ae]  CardTableExtension::scavenge_contents_parallel(ObjectStartArray*, MutableSpace*, HeapWord*, PSPromotionManager*, unsigned int, unsigned int)+0xafe
V  [libjvm.so+0x99159b]  OldToYoungRootsTask::do_it(GCTaskManager*, unsigned int)+0x4b
V  [libjvm.so+0x5d7e7f]  GCTaskThread::run()+0x12f
V  [libjvm.so+0x926268]  java_start(Thread*)+0x108


---------------  P R O C E S S  ---------------

Java Threads: ( => current thread )
  0x00007f115d036000 JavaThread "Cache update executor" [_thread_blocked, id=2897, stack(0x00007f114d598000,0x00007f114d699000)]
  0x00007f115c009000 JavaThread "Stdin handler" [_thread_blocked, id=2891, stack(0x00007f11a4049000,0x00007f11a414a000)]
  0x00007f115c00d800 JavaThread "Asynchronous log dispatcher for DefaultDaemonConnection: socket connection from /127.0.0.1:34219 to /127.0.0.1:35212" [_thread_blocked, id=2890, stack(0x00007f11a414a000,0x00007f11a424b000)]
  0x00007f1160010800 JavaThread "Cancel handler" [_thread_blocked, id=2889, stack(0x00007f11a434c000,0x00007f11a444d000)]
  0x00007f116000e000 JavaThread "Handler for socket connection from /127.0.0.1:34219 to /127.0.0.1:35212" [_thread_in_native, id=2888, stack(0x00007f11a464d000,0x00007f11a474e000)]
  0x00007f115ca0d000 JavaThread "pool-2-thread-1" [_thread_blocked, id=2885, stack(0x00007f114eaac000,0x00007f114ebad000)]
  0x00007f115c6b8000 JavaThread "process reaper" daemon [_thread_blocked, id=2874, stack(0x00007f114fcc9000,0x00007f114fd02000)]
  0x00007f115c3c9800 JavaThread "File lock request listener" [_thread_in_native, id=2872, stack(0x00007f114fa79000,0x00007f114fb7a000)]
  0x00007f1160009800 JavaThread "Daemon worker" [_thread_blocked, id=2867, stack(0x00007f11a424b000,0x00007f11a434c000)]
  0x00007f116c045800 JavaThread "Daemon" [_thread_blocked, id=2864, stack(0x00007f11a474e000,0x00007f11a484f000)]
  0x00007f11bccad800 JavaThread "Incoming local TCP Connector on port 34219" [_thread_in_native, id=2863, stack(0x00007f11a4a56000,0x00007f11a4b57000)]
  0x00007f11bcc79800 JavaThread "pool-1-thread-1" [_thread_blocked, id=2862, stack(0x00007f11a4b57000,0x00007f11a4c58000)]
  0x00007f11bc0c1000 JavaThread "Service Thread" daemon [_thread_blocked, id=2860, stack(0x00007f11a6427000,0x00007f11a6528000)]
  0x00007f11bc0be000 JavaThread "C1 CompilerThread2" daemon [_thread_blocked, id=2859, stack(0x00007f11a6528000,0x00007f11a6629000)]
  0x00007f11bc0bc000 JavaThread "C2 CompilerThread1" daemon [_thread_blocked, id=2858, stack(0x00007f11a6629000,0x00007f11a672a000)]
  0x00007f11bc0b9000 JavaThread "C2 CompilerThread0" daemon [_thread_blocked, id=2857, stack(0x00007f11a672a000,0x00007f11a682b000)]
  0x00007f11bc0b8000 JavaThread "Signal Dispatcher" daemon [_thread_blocked, id=2856, stack(0x00007f11a682b000,0x00007f11a692c000)]
  0x00007f11bc084000 JavaThread "Finalizer" daemon [_thread_blocked, id=2855, stack(0x00007f11a6c05000,0x00007f11a6d06000)]
  0x00007f11bc07f800 JavaThread "Reference Handler" daemon [_thread_blocked, id=2854, stack(0x00007f11a6d06000,0x00007f11a6e07000)]
  0x00007f11bc00a000 JavaThread "main" [_thread_blocked, id=2846, stack(0x00007f11c2798000,0x00007f11c2899000)]

Other Threads:
  0x00007f11bc077800 VMThread [stack: 0x00007f11a6e07000,0x00007f11a6f08000] [id=2853]
  0x00007f11bc0c3800 WatcherThread [stack: 0x00007f11a6326000,0x00007f11a6427000] [id=2861]

=>0x00007f11bc024800 (exited) GCTaskThread [stack: 0x00007f11abbea000,0x00007f11abceb000] [id=2852]

VM state:at safepoint (normal execution)

VM Mutex/Monitor currently owned by a thread:  ([mutex/lock_event])
[0x00007f11bc006210] Threads_lock - owner thread: 0x00007f11bc077800
[0x00007f11bc006710] Heap_lock - owner thread: 0x00007f1160009800

Heap:
 PSYoungGen      total 169472K, used 28960K [0x00000000e0000000, 0x00000000ec000000, 0x0000000100000000)
  eden space 147456K, 5% used [0x00000000e0000000,0x00000000e07cbc00,0x00000000e9000000)
  from space 22016K, 95% used [0x00000000ea800000,0x00000000ebc7c5c0,0x00000000ebd80000)
  to   space 24576K, 32% used [0x00000000e9000000,0x00000000e97c0010,0x00000000ea800000)
 ParOldGen       total 391168K, used 332626K [0x00000000a0000000, 0x00000000b7e00000, 0x00000000e0000000)
  object space 391168K, 85% used [0x00000000a0000000,0x00000000b44d4a30,0x00000000b7e00000)
 Metaspace       used 56417K, capacity 58850K, committed 59028K, reserved 1099776K
  class space    used 7828K, capacity 8356K, committed 8448K, reserved 1048576K

Card table byte_map: [0x00007f11ac0ed000,0x00007f11ac3ee000] byte_map_base: 0x00007f11abbed000

Marking Bits: (ParMarkBitMap*) 0x00007f11c1c68c80
 Begin Bits: [0x00007f11a8bea000, 0x00007f11aa3ea000)
 End Bits:   [0x00007f11aa3ea000, 0x00007f11abbea000)

Polling page: 0x00007f11c28b8000

CodeCache: size=245760Kb used=22962Kb max_used=22981Kb free=222798Kb
 bounds [0x00007f11ac7ae000, 0x00007f11ade3e000, 0x00007f11bb7ae000]
 total_blobs=7503 nmethods=6752 adapters=663
 compilation: enabled

Compilation events (10 events):
Event: 27.171 Thread 0x00007f11bc0be000 7697       3       com.sun.org.apache.xerces.internal.dom.DeferredDocumentImpl::clearChunkValue (69 bytes)
Event: 27.172 Thread 0x00007f11bc0be000 nmethod 7697 0x00007f11addee990 code [0x00007f11addeeb40, 0x00007f11addef270]
Event: 27.172 Thread 0x00007f11bc0be000 7701       2       com.sun.org.apache.xerces.internal.dom.ElementImpl::getDefaultAttributes (48 bytes)
Event: 27.173 Thread 0x00007f11bc0be000 nmethod 7701 0x00007f11addd1310 code [0x00007f11addd14c0, 0x00007f11addd1868]
Event: 27.173 Thread 0x00007f11bc0be000 7700       3       java.lang.ProcessEnvironment::arrayHash (27 bytes)
Event: 27.173 Thread 0x00007f11bc0be000 nmethod 7700 0x00007f11addd4d90 code [0x00007f11addd4f00, 0x00007f11addd50f0]
Event: 27.186 Thread 0x00007f11bc0b9000 nmethod 7688% 0x00007f11ade2e890 code [0x00007f11ade2eb00, 0x00007f11ade2fe18]
Event: 27.186 Thread 0x00007f11bc0b9000 7686       4       com.sun.org.apache.xerces.internal.impl.XMLEntityScanner::scanQName (502 bytes)
Event: 27.193 Thread 0x00007f11bc0bc000 nmethod 7677 0x00007f11ade353d0 code [0x00007f11ade357a0, 0x00007f11ade379d8]
Event: 27.193 Thread 0x00007f11bc0bc000 7691   !   4       com.sun.org.apache.xerces.internal.impl.XMLDocumentFragmentScannerImpl$FragmentContentDriver::next (2346 bytes)

GC Heap History (10 events):
Event: 14.892 GC heap after
Heap after GC invocations=12 (full 2):
 PSYoungGen      total 94208K, used 7481K [0x00000000e0000000, 0x00000000e6a00000, 0x0000000100000000)
  eden space 86016K, 0% used [0x00000000e0000000,0x00000000e0000000,0x00000000e5400000)
  from space 8192K, 91% used [0x00000000e6200000,0x00000000e694e4f8,0x00000000e6a00000)
  to   space 11264K, 0% used [0x00000000e5400000,0x00000000e5400000,0x00000000e5f00000)
 ParOldGen       total 98304K, used 16065K [0x00000000a0000000, 0x00000000a6000000, 0x00000000e0000000)
  object space 98304K, 16% used [0x00000000a0000000,0x00000000a0fb0488,0x00000000a6000000)
 Metaspace       used 37870K, capacity 38768K, committed 39000K, reserved 1083392K
  class space    used 5213K, capacity 5436K, committed 5504K, reserved 1048576K
}
Event: 16.948 GC heap before
{Heap before GC invocations=13 (full 2):
 PSYoungGen      total 94208K, used 93497K [0x00000000e0000000, 0x00000000e6a00000, 0x0000000100000000)
  eden space 86016K, 100% used [0x00000000e0000000,0x00000000e5400000,0x00000000e5400000)
  from space 8192K, 91% used [0x00000000e6200000,0x00000000e694e4f8,0x00000000e6a00000)
  to   space 11264K, 0% used [0x00000000e5400000,0x00000000e5400000,0x00000000e5f00000)
 ParOldGen       total 98304K, used 16065K [0x00000000a0000000, 0x00000000a6000000, 0x00000000e0000000)
  object space 98304K, 16% used [0x00000000a0000000,0x00000000a0fb0488,0x00000000a6000000)
 Metaspace       used 44292K, capacity 45288K, committed 45528K, reserved 1089536K
  class space    used 6089K, capacity 6334K, committed 6400K, reserved 1048576K
Event: 16.965 GC heap after
Heap after GC invocations=13 (full 2):
 PSYoungGen      total 97280K, used 11256K [0x00000000e0000000, 0x00000000e8600000, 0x0000000100000000)
  eden space 86016K, 0% used [0x00000000e0000000,0x00000000e0000000,0x00000000e5400000)
  from space 11264K, 99% used [0x00000000e5400000,0x00000000e5efe078,0x00000000e5f00000)
  to   space 12800K, 0% used [0x00000000e7980000,0x00000000e7980000,0x00000000e8600000)
 ParOldGen       total 98304K, used 16515K [0x00000000a0000000, 0x00000000a6000000, 0x00000000e0000000)
  object space 98304K, 16% used [0x00000000a0000000,0x00000000a1020f10,0x00000000a6000000)
 Metaspace       used 44292K, capacity 45288K, committed 45528K, reserved 1089536K
  class space    used 6089K, capacity 6334K, committed 6400K, reserved 1048576K
}
Event: 19.179 GC heap before
{Heap before GC invocations=14 (full 2):
 PSYoungGen      total 97280K, used 97272K [0x00000000e0000000, 0x00000000e8600000, 0x0000000100000000)
  eden space 86016K, 100% used [0x00000000e0000000,0x00000000e5400000,0x00000000e5400000)
  from space 11264K, 99% used [0x00000000e5400000,0x00000000e5efe078,0x00000000e5f00000)
  to   space 12800K, 0% used [0x00000000e7980000,0x00000000e7980000,0x00000000e8600000)
 ParOldGen       total 98304K, used 16515K [0x00000000a0000000, 0x00000000a6000000, 0x00000000e0000000)
  object space 98304K, 16% used [0x00000000a0000000,0x00000000a1020f10,0x00000000a6000000)
 Metaspace       used 48626K, capacity 50220K, committed 50520K, reserved 1093632K
  class space    used 6788K, capacity 7191K, committed 7296K, reserved 1048576K
Event: 19.206 GC heap after
Heap after GC invocations=14 (full 2):
 PSYoungGen      total 121344K, used 12787K [0x00000000e0000000, 0x00000000e8c80000, 0x0000000100000000)
  eden space 108544K, 0% used [0x00000000e0000000,0x00000000e0000000,0x00000000e6a00000)
  from space 12800K, 99% used [0x00000000e7980000,0x00000000e85fcc90,0x00000000e8600000)
  to   space 15872K, 0% used [0x00000000e6a00000,0x00000000e6a00000,0x00000000e7980000)
 ParOldGen       total 98304K, used 21065K [0x00000000a0000000, 0x00000000a6000000, 0x00000000e0000000)
  object space 98304K, 21% used [0x00000000a0000000,0x00000000a1492650,0x00000000a6000000)
 Metaspace       used 48626K, capacity 50220K, committed 50520K, reserved 1093632K
  class space    used 6788K, capacity 7191K, committed 7296K, reserved 1048576K
}
Event: 20.290 GC heap before
{Heap before GC invocations=15 (full 2):
 PSYoungGen      total 121344K, used 121331K [0x00000000e0000000, 0x00000000e8c80000, 0x0000000100000000)
  eden space 108544K, 100% used [0x00000000e0000000,0x00000000e6a00000,0x00000000e6a00000)
  from space 12800K, 99% used [0x00000000e7980000,0x00000000e85fcc90,0x00000000e8600000)
  to   space 15872K, 0% used [0x00000000e6a00000,0x00000000e6a00000,0x00000000e7980000)
 ParOldGen       total 98304K, used 21065K [0x00000000a0000000, 0x00000000a6000000, 0x00000000e0000000)
  object space 98304K, 21% used [0x00000000a0000000,0x00000000a1492650,0x00000000a6000000)
 Metaspace       used 51164K, capacity 53170K, committed 53336K, reserved 1095680K
  class space    used 7271K, capacity 7724K, committed 7808K, reserved 1048576K
Event: 20.341 GC heap after
Heap after GC invocations=15 (full 2):
 PSYoungGen      total 124416K, used 15859K [0x00000000e0000000, 0x00000000ebd80000, 0x0000000100000000)
  eden space 108544K, 0% used [0x00000000e0000000,0x00000000e0000000,0x00000000e6a00000)
  from space 15872K, 99% used [0x00000000e6a00000,0x00000000e797cc90,0x00000000e7980000)
  to   space 22016K, 0% used [0x00000000ea800000,0x00000000ea800000,0x00000000ebd80000)
 ParOldGen       total 98304K, used 31584K [0x00000000a0000000, 0x00000000a6000000, 0x00000000e0000000)
  object space 98304K, 32% used [0x00000000a0000000,0x00000000a1ed8228,0x00000000a6000000)
 Metaspace       used 51164K, capacity 53170K, committed 53336K, reserved 1095680K
  class space    used 7271K, capacity 7724K, committed 7808K, reserved 1048576K
}
Event: 26.750 GC heap before
{Heap before GC invocations=16 (full 2):
 PSYoungGen      total 124416K, used 124403K [0x00000000e0000000, 0x00000000ebd80000, 0x0000000100000000)
  eden space 108544K, 100% used [0x00000000e0000000,0x00000000e6a00000,0x00000000e6a00000)
  from space 15872K, 99% used [0x00000000e6a00000,0x00000000e797cc90,0x00000000e7980000)
  to   space 22016K, 0% used [0x00000000ea800000,0x00000000ea800000,0x00000000ebd80000)
 ParOldGen       total 98304K, used 31584K [0x00000000a0000000, 0x00000000a6000000, 0x00000000e0000000)
  object space 98304K, 32% used [0x00000000a0000000,0x00000000a1ed8228,0x00000000a6000000)
 Metaspace       used 56057K, capacity 58496K, committed 58840K, reserved 1099776K
  class space    used 7787K, capacity 8323K, committed 8448K, reserved 1048576K
Event: 26.800 GC heap after
Heap after GC invocations=16 (full 2):
 PSYoungGen      total 169472K, used 20977K [0x00000000e0000000, 0x00000000ec000000, 0x0000000100000000)
  eden space 147456K, 0% used [0x00000000e0000000,0x00000000e0000000,0x00000000e9000000)
  from space 22016K, 95% used [0x00000000ea800000,0x00000000ebc7c5c0,0x00000000ebd80000)
  to   space 24576K, 0% used [0x00000000e9000000,0x00000000e9000000,0x00000000ea800000)
 ParOldGen       total 98304K, used 35711K [0x00000000a0000000, 0x00000000a6000000, 0x00000000e0000000)
  object space 98304K, 36% used [0x00000000a0000000,0x00000000a22dffb8,0x00000000a6000000)
 Metaspace       used 56057K, capacity 58496K, committed 58840K, reserved 1099776K
  class space    used 7787K, capacity 8323K, committed 8448K, reserved 1048576K
}
Event: 27.199 GC heap before
{Heap before GC invocations=17 (full 2):
 PSYoungGen      total 169472K, used 28960K [0x00000000e0000000, 0x00000000ec000000, 0x0000000100000000)
  eden space 147456K, 5% used [0x00000000e0000000,0x00000000e07cbc00,0x00000000e9000000)
  from space 22016K, 95% used [0x00000000ea800000,0x00000000ebc7c5c0,0x00000000ebd80000)
  to   space 24576K, 0% used [0x00000000e9000000,0x00000000e9000000,0x00000000ea800000)
 ParOldGen       total 98304K, used 35711K [0x00000000a0000000, 0x00000000a6000000, 0x00000000e0000000)
  object space 98304K, 36% used [0x00000000a0000000,0x00000000a22dffb8,0x00000000a6000000)
 Metaspace       used 56417K, capacity 58850K, committed 59028K, reserved 1099776K
  class space    used 7828K, capacity 8356K, committed 8448K, reserved 1048576K

Deoptimization events (10 events):
Event: 27.167 Thread 0x00007f1160009800 Uncommon trap: reason=unstable_if action=reinterpret pc=0x00007f11ad191258 method=com.sun.org.apache.xerces.internal.dom.DeferredDocumentImpl.getPrevSibling(IZ)I @ 2
Event: 27.167 Thread 0x00007f1160009800 Uncommon trap: reason=speculate_class_check action=maybe_recompile pc=0x00007f11ad2fc310 method=com.sun.org.apache.xerces.internal.dom.ParentNode.getChildNodes()Lorg/w3c/dom/NodeList; @ 8
Event: 27.167 Thread 0x00007f1160009800 Uncommon trap: reason=unstable_if action=reinterpret pc=0x00007f11ad0a1534 method=com.sun.org.apache.xerces.internal.dom.DeferredDocumentImpl.clearChunkValue([[Ljava/lang/Object;II)Ljava/lang/String; @ 3
Event: 27.169 Thread 0x00007f1160009800 Uncommon trap: reason=bimorphic action=maybe_recompile pc=0x00007f11ad6eef58 method=com.sun.org.apache.xerces.internal.dom.NamedNodeMapImpl.findNamePoint(Ljava/lang/String;I)I @ 57
Event: 27.169 Thread 0x00007f1160009800 Uncommon trap: reason=bimorphic action=maybe_recompile pc=0x00007f11ad6eef58 method=com.sun.org.apache.xerces.internal.dom.NamedNodeMapImpl.findNamePoint(Ljava/lang/String;I)I @ 57
Event: 27.169 Thread 0x00007f1160009800 Uncommon trap: reason=speculate_class_check action=maybe_recompile pc=0x00007f11ad2fc310 method=com.sun.org.apache.xerces.internal.dom.ParentNode.getChildNodes()Lorg/w3c/dom/NodeList; @ 8
Event: 27.169 Thread 0x00007f1160009800 Uncommon trap: reason=bimorphic action=maybe_recompile pc=0x00007f11ad6eef58 method=com.sun.org.apache.xerces.internal.dom.NamedNodeMapImpl.findNamePoint(Ljava/lang/String;I)I @ 57
Event: 27.169 Thread 0x00007f1160009800 Uncommon trap: reason=speculate_class_check action=maybe_recompile pc=0x00007f11ad2fc310 method=com.sun.org.apache.xerces.internal.dom.ParentNode.getChildNodes()Lorg/w3c/dom/NodeList; @ 8
Event: 27.169 Thread 0x00007f1160009800 Uncommon trap: reason=unstable_if action=reinterpret pc=0x00007f11ad172fe4 method=com.sun.org.apache.xerces.internal.dom.NamedNodeMapImpl.findNamePoint(Ljava/lang/String;I)I @ 69
Event: 27.170 Thread 0x00007f1160009800 Uncommon trap: reason=speculate_class_check action=maybe_recompile pc=0x00007f11ad2fc310 method=com.sun.org.apache.xerces.internal.dom.ParentNode.getChildNodes()Lorg/w3c/dom/NodeList; @ 8

Internal exceptions (10 events):
Event: 23.789 Thread 0x00007f1160009800 Exception <a 'sun/nio/fs/UnixException'> (0x00000000e3b9c650) thrown at [/HUDSON3/workspace/8-2-build-linux-amd64/jdk8u121/8372/hotspot/src/share/vm/prims/jni.cpp, line 709]
Event: 23.789 Thread 0x00007f1160009800 Exception <a 'sun/nio/fs/UnixException'> (0x00000000e3ba1c08) thrown at [/HUDSON3/workspace/8-2-build-linux-amd64/jdk8u121/8372/hotspot/src/share/vm/prims/jni.cpp, line 709]
Event: 23.790 Thread 0x00007f1160009800 Exception <a 'sun/nio/fs/UnixException'> (0x00000000e3ba3048) thrown at [/HUDSON3/workspace/8-2-build-linux-amd64/jdk8u121/8372/hotspot/src/share/vm/prims/jni.cpp, line 709]
Event: 24.558 Thread 0x00007f1160009800 Exception <a 'java/lang/NoSuchMethodError': <clinit>> (0x00000000e50ebdb0) thrown at [/HUDSON3/workspace/8-2-build-linux-amd64/jdk8u121/8372/hotspot/src/share/vm/prims/jni.cpp, line 1613]
Event: 24.559 Thread 0x00007f1160009800 Exception <a 'java/lang/NoSuchMethodError': <clinit>> (0x00000000e50f9618) thrown at [/HUDSON3/workspace/8-2-build-linux-amd64/jdk8u121/8372/hotspot/src/share/vm/prims/jni.cpp, line 1613]
Event: 24.576 Thread 0x00007f1160009800 Exception <a 'java/lang/NoSuchMethodError': <clinit>> (0x00000000e51f2c08) thrown at [/HUDSON3/workspace/8-2-build-linux-amd64/jdk8u121/8372/hotspot/src/share/vm/prims/jni.cpp, line 1613]
Event: 24.577 Thread 0x00007f1160009800 Exception <a 'java/lang/NoSuchMethodError': <clinit>> (0x00000000e520b960) thrown at [/HUDSON3/workspace/8-2-build-linux-amd64/jdk8u121/8372/hotspot/src/share/vm/prims/jni.cpp, line 1613]
Event: 24.578 Thread 0x00007f1160009800 Exception <a 'java/lang/NoSuchMethodError': <clinit>> (0x00000000e520d5e0) thrown at [/HUDSON3/workspace/8-2-build-linux-amd64/jdk8u121/8372/hotspot/src/share/vm/prims/jni.cpp, line 1613]
Event: 26.441 Thread 0x00007f1160009800 Implicit null exception at 0x00007f11accb9bce to 0x00007f11accbab5d
Event: 27.167 Thread 0x00007f1160009800 Implicit null exception at 0x00007f11ad0a137d to 0x00007f11ad0a151d

Events (10 events):
Event: 27.197 loading class com/android/ide/common/res2/ResourceItem$1 done
Event: 27.197 loading class com/android/ide/common/res2/ResourceItem$2
Event: 27.197 loading class com/android/ide/common/res2/ResourceItem$2 done
Event: 27.197 loading class com/android/ide/common/rendering/api/AttrResourceValue
Event: 27.197 loading class com/android/ide/common/rendering/api/AttrResourceValue done
Event: 27.198 loading class com/android/ide/common/rendering/api/TextResourceValue
Event: 27.198 loading class com/android/ide/common/rendering/api/TextResourceValue done
Event: 27.198 loading class com/android/ide/common/rendering/api/StyleResourceValue
Event: 27.198 loading class com/android/ide/common/rendering/api/StyleResourceValue done
Event: 27.198 Executing VM operation: CollectForMetadataAllocation


Dynamic libraries:
00400000-00401000 r-xp 00000000 08:01 11143952                           /usr/local/java/jdk1.8.0_121/bin/java
00600000-00601000 rw-p 00000000 08:01 11143952                           /usr/local/java/jdk1.8.0_121/bin/java
011d2000-011f3000 rw-p 00000000 00:00 0                                  [heap]
a0000000-b7e00000 rw-p 00000000 00:00 0 
b7e00000-e0000000 ---p 00000000 00:00 0 
e0000000-ec000000 rw-p 00000000 00:00 0 
ec000000-100000000 ---p 00000000 00:00 0 
100000000-100840000 rw-p 00000000 00:00 0 
100840000-140000000 ---p 00000000 00:00 0 
7f1138000000-7f1138021000 rw-p 00000000 00:00 0 
7f1138021000-7f113c000000 ---p 00000000 00:00 0 
7f1140000000-7f1140021000 rw-p 00000000 00:00 0 
7f1140021000-7f1144000000 ---p 00000000 00:00 0 
7f1144000000-7f1144021000 rw-p 00000000 00:00 0 
7f1144021000-7f1148000000 ---p 00000000 00:00 0 
7f1148000000-7f1148021000 rw-p 00000000 00:00 0 
7f1148021000-7f114c000000 ---p 00000000 00:00 0 
7f114d398000-7f114d507000 rw-p 00000000 00:00 0 
7f114d507000-7f114d598000 ---p 00000000 00:00 0 
7f114d598000-7f114d59b000 ---p 00000000 00:00 0 
7f114d59b000-7f114d899000 rw-p 00000000 00:00 0 
7f114d899000-7f114da99000 rw-p 00000000 00:00 0 
7f114da99000-7f114dc99000 rw-p 00000000 00:00 0 
7f114dc99000-7f114de99000 rw-p 00000000 00:00 0 
7f114de99000-7f114e099000 rw-p 00000000 00:00 0 
7f114e099000-7f114e299000 rw-p 00000000 00:00 0 
7f114e299000-7f114e2ac000 r--s 00345000 08:01 11146278                   /usr/local/java/jdk1.8.0_121/jre/lib/resources.jar
7f114e2ac000-7f114e4ac000 rw-p 00000000 00:00 0 
7f114e4ac000-7f114e6ac000 rw-p 00000000 00:00 0 
7f114e6ac000-7f114e8ac000 rw-p 00000000 00:00 0 
7f114e8ac000-7f114eaa2000 rw-p 00000000 00:00 0 
7f114eaa2000-7f114eaac000 ---p 00000000 00:00 0 
7f114eaac000-7f114eaaf000 ---p 00000000 00:00 0 
7f114eaaf000-7f114edad000 rw-p 00000000 00:00 0 
7f114edad000-7f114edae000 r--s 00001000 08:01 34996890                   /root/.gradle/caches/jars-2/7c4c8dw4bn3s8grc5kz09cv28jy9yn3/annotations-25.3.0.jar
7f114edae000-7f114edb6000 r--s 000a8000 08:01 34996888                   /root/.gradle/caches/jars-2/lp0h431tl0554nh1vx6zomcvteflkp/lombok-ast-0.2.3.jar
7f114edb6000-7f114edca000 r--s 000b4000 08:01 34996886                   /root/.gradle/caches/jars-2/igzbti8te04ygk32hg4q3ljfkkkzmlr/uast-162.2228.14.jar
7f114edca000-7f114edcc000 r--s 0000d000 08:01 34996884                   /root/.gradle/caches/jars-2/7pwz1bowgakb1eux9ezb56jlturgsyi/commons-codec-1.4.jar
7f114edcc000-7f114edce000 r--s 0000d000 08:01 34996882                   /root/.gradle/caches/jars-2/9dj1m0eyooi5qt13735vz8fpkl3cnfy/commons-logging-1.1.1.jar
7f114edce000-7f114edd3000 r--s 00028000 08:01 34996880                   /root/.gradle/caches/jars-2/62lv0fe9b3xbqe57f6ljy5upwi7mf6k/httpcore-4.1.jar
7f114edd3000-7f114edd7000 r--s 0002f000 08:01 34996878                   /root/.gradle/caches/jars-2/gsg5n52frsvw6sx0swqqe2hwijwdcf0/jimfs-1.1.jar
7f114edd7000-7f114edd8000 r--s 00004000 08:01 34996876                   /root/.gradle/caches/jars-2/lxs252id0979odjrerlctkb26c2vj95/annotations-12.0.jar
7f114edd8000-7f114edd9000 r--s 00004000 08:01 34996874                   /root/.gradle/caches/jars-2/9kn99dr0rulyl67sct1ephwcop56l61/asm-analysis-5.0.4.jar
7f114edd9000-7f114eddd000 r--s 00040000 08:01 34996872                   /root/.gradle/caches/jars-2/h4gop7cox40tig0ckkhw1h8hl6tfcwm/lint-api-25.3.0.jar
7f114eddd000-7f114edde000 r--s 0000a000 08:01 34996870                   /root/.gradle/caches/jars-2/nwyg9io65lv6jvmwit2wq82xnnxd7ia/kxml2-2.3.0.jar
7f114edde000-7f114ede0000 r--s 00005000 08:01 34996868                   /root/.gradle/caches/jars-2/i6hc1uuj8e9ck59slmzdyz78ydn8sr6/httpmime-4.1.jar
7f114ede0000-7f114ede8000 r--s 0004e000 08:01 34996866                   /root/.gradle/caches/jars-2/7503wa5irssz0xxahv1xb82p2dl7rr2/httpclient-4.1.1.jar
7f114ede8000-7f114edef000 r--s 00053000 08:01 34996864                   /root/.gradle/caches/jars-2/jgkfvs4eqggj7qsyw1f5d3up57hanj1/commons-compress-1.8.1.jar
7f114edef000-7f114edf4000 r--s 0002a000 08:01 34996862                   /root/.gradle/caches/jars-2/je8f027qcr1z1egw08byp1ybxbp9kko/gson-2.2.4.jar
7f114edf4000-7f114edf9000 r--s 0002e000 08:01 34996860                   /root/.gradle/caches/jars-2/r6oa1284jnf1g0hjm5fw7l8swldb7ek/repository-25.3.0.jar
7f114edf9000-7f114edfa000 r--s 00005000 08:01 34996858                   /root/.gradle/caches/jars-2/8zf2fyptbgnbanz613fx2c3hoto0539/dvlib-25.3.0.jar
7f114edfa000-7f114edfd000 r--s 00012000 08:01 34996856                   /root/.gradle/caches/jars-2/9uh4197qdwnvuono2myyig8xxy6aqcq/layoutlib-api-25.3.0.jar
7f114edfd000-7f114ee02000 r--s 00058000 08:01 34996854                   /root/.gradle/caches/jars-2/st159835qgxm0l87oqrnhayxos4lc1n/asm-debug-all-5.0.1.jar
7f114ee02000-7f114ee12000 r--s 000d5000 08:01 34996852                   /root/.gradle/caches/jars-2/qzf32gp9kej4w4hlbabft6tplu74cj3/proguard-base-5.3.2.jar
7f114ee12000-7f114ee15000 r--s 00033000 08:01 34996850                   /root/.gradle/caches/jars-2/nz9sndmr8b4xbj4xulkaciy5kdbyfiz/juniversalchardet-1.0.3.jar
7f114ee15000-7f114ee19000 r--s 0002a000 08:01 34996848                   /root/.gradle/caches/jars-2/krbpn9xjn1qymukyx8cc5l799ty1v3h/commons-io-2.4.jar
7f114ee19000-7f114ee30000 r--s 00154000 08:01 34996846                   /root/.gradle/caches/jars-2/sfeivjswzitn6n0fnjx3ueszz8gv8o1/antlr4-4.5.3.jar
7f114ee30000-7f114ee32000 r--s 00002000 08:01 34996844                   /root/.gradle/caches/jars-2/o6nwvy6at9y5kbpwo6utcclqk98gd99/baseLibrary-2.3.0.jar
7f114ee32000-7f114ee5d000 r--s 001fc000 08:01 34996842                   /root/.gradle/caches/jars-2/nxjrjftly2xksl8o0wqgivu5netfu2x/guava-18.0.jar
7f114ee5d000-7f114ee70000 r--s 00241000 08:01 34996840                   /root/.gradle/caches/jars-2/9yuekvg4qerfitq3xec0iyckuw3hwaq/ecj-4.6.1.jar
7f114ee70000-7f114ee77000 r--s 000d9000 08:01 34996838                   /root/.gradle/caches/jars-2/aprntsq9xd6l685y4wf1lo3ojhypibs/lint-checks-25.3.0.jar
7f114ee77000-7f114ee79000 r--s 00006000 08:01 34996836                   /root/.gradle/caches/jars-2/6phgj9ki3jl3p5epzkqoo8pr6kur40b/asm-tree-5.0.4.jar
7f114ee79000-7f114f079000 rw-p 00000000 00:00 0 
7f114f079000-7f114f279000 rw-p 00000000 00:00 0 
7f114f279000-7f114f479000 rw-p 00000000 00:00 0 
7f114f479000-7f114f679000 rw-p 00000000 00:00 0 
7f114f679000-7f114f879000 rw-p 00000000 00:00 0 
7f114f879000-7f114fa79000 rw-p 00000000 00:00 0 
7f114fa79000-7f114fa7c000 ---p 00000000 00:00 0 
7f114fa7c000-7f114fb7a000 rw-p 00000000 00:00 0 
7f114fb7a000-7f114fbad000 r--s 00203000 08:01 34996834                   /root/.gradle/caches/jars-2/hj0bfvxu9cq7hkwmecvp0kg137or3hh/bcprov-jdk15on-1.48.jar
7f114fbad000-7f114fbbb000 r--s 00081000 08:01 34996832                   /root/.gradle/caches/jars-2/4r7xli0tz94y0wfjrdyjxlxar3g1pb9/bcpkix-jdk15on-1.48.jar
7f114fbbb000-7f114fbbd000 r--s 00002000 08:01 34996830                   /root/.gradle/caches/jars-2/f32bh5uivuf69ecz2j8hl96ksnqdh7v/javawriter-2.5.0.jar
7f114fbbd000-7f114fbbf000 r--s 00004000 08:01 34996828                   /root/.gradle/caches/jars-2/ks5d1mxwh7e42p192ttu3gpechro7qa/tracker-25.3.0.jar
7f114fbbf000-7f114fbc0000 r--s 00005000 08:01 34996826                   /root/.gradle/caches/jars-2/fl4kf4ptr1zzfqcvmz0t9nip0r2xra6/shared-25.3.0.jar
7f114fbc0000-7f114fbce000 r--s 00147000 08:01 34996824                   /root/.gradle/caches/jars-2/kzywuljggjlwzg0mn5daqjrl9hrds10/protos-25.3.0.jar
7f114fbce000-7f114fbcf000 r--s 00001000 08:01 34996822                   /root/.gradle/caches/jars-2/9wceqt3rojnwacgoouxh9g9dkoot2zu/jill-api-0.10.0.jar
7f114fbcf000-7f114fbd1000 r--s 00003000 08:01 34996820                   /root/.gradle/caches/jars-2/hgjtw817h9ckqrqd7wts8rss79wyf2p/jack-api-0.13.0.jar
7f114fbd1000-7f114fbd7000 r--s 0004a000 08:01 34996818                   /root/.gradle/caches/jars-2/qdr9c88xakd7sne0hmledt9h4qds2q2/ddmlib-25.3.0.jar
7f114fbd7000-7f114fbda000 r--s 00022000 08:01 34996816                   /root/.gradle/caches/jars-2/fsss09xku4j8m0mtb0gif22hmmgqs7i/manifest-merger-25.3.0.jar
7f114fbda000-7f114fbdd000 r--s 0001c000 08:01 34996814                   /root/.gradle/caches/jars-2/s9s98vc2jrc4cq452s7phwb2ad5xfkn/common-25.3.0.jar
7f114fbdd000-7f114fbe6000 r--s 00089000 08:01 34996812                   /root/.gradle/caches/jars-2/965j22khmkpwdgya5fll5pxt21kiz0y/sdk-common-25.3.0.jar
7f114fbe6000-7f114fbf0000 r--s 00097000 08:01 34996810                   /root/.gradle/caches/jars-2/2t3glk7v5svadzqcbhq0avch2qk6a9k/sdklib-25.3.0.jar
7f114fbf0000-7f114fbf1000 r--s 00002000 08:01 34996808                   /root/.gradle/caches/jars-2/q53lj97mtvuhn56k5k0vmpi70ln1194/builder-test-api-2.3.0.jar
7f114fbf1000-7f114fbf4000 r--s 00006000 08:01 34996806                   /root/.gradle/caches/jars-2/217rxmwsloonj42ilq94g16c8qou0uv/builder-model-2.3.0.jar
7f114fbf4000-7f114fc03000 r--s 00130000 08:01 34996804                   /root/.gradle/caches/jars-2/cr6zkqpx14lor9zdtmo49qpc7y8r8p4/protobuf-java-3.0.0.jar
7f114fc03000-7f114fc05000 r--s 0000f000 08:01 34996802                   /root/.gradle/caches/jars-2/rvfyugrlu5tbpz51p98og0qsxamjq4k/jopt-simple-4.9.jar
7f114fc05000-7f114fc09000 r--s 0001f000 08:01 34996800                   /root/.gradle/caches/jars-2/nq3fzqkrrm37ob61z4iu5qdbh368uat/org.jacoco.report-0.7.5.201505241946.jar
7f114fc09000-7f114fc0d000 r--s 0001d000 08:01 34996798                   /root/.gradle/caches/jars-2/3kxkmcckmk40ron92zhbm0qjo9l4bkl/org.jacoco.core-0.7.5.201505241946.jar
7f114fc0d000-7f114fc0f000 r--s 00002000 08:01 34996796                   /root/.gradle/caches/jars-2/m4m0pzb4gmaeh0in5g2xc4bxeuwt828/proguard-gradle-5.3.2.jar
7f114fc0f000-7f114fc11000 r--s 00009000 08:01 34996794                   /root/.gradle/caches/jars-2/ajvcvdu66lc9e3tvvipxtuq48i9bbkc/asm-commons-5.0.4.jar
7f114fc11000-7f114fc13000 r--s 0000c000 08:01 34996792                   /root/.gradle/caches/jars-2/1laz1ygmxoc408r7nwqs1q8uk8r236d/asm-5.0.4.jar
7f114fc13000-7f114fc18000 r--s 0002c000 08:01 34996790                   /root/.gradle/caches/jars-2/3eyaheco65g859qpfsowjbpqi0jh6mf/compilerCommon-2.3.0.jar
7f114fc18000-7f114fc19000 r--s 00002000 08:01 34996788                   /root/.gradle/caches/jars-2/31jr90v5p5fkd2jflx4pvapkdf35ezu/gradle-api-2.3.0.jar
7f114fc19000-7f114fc1e000 r--s 0005e000 08:01 34996784                   /root/.gradle/caches/jars-2/ni16dxztl73a86d25hs3on5ncngkbuy/lint-25.3.0.jar
7f114fc1e000-7f114fc34000 r--s 00163000 08:01 34996782                   /root/.gradle/caches/jars-2/sqf8kc3htrab4fj479mwr3jrji381b7/builder-2.3.0.jar
7f114fc34000-7f114fc52000 r--s 001cb000 08:01 34996780                   /root/.gradle/caches/jars-2/8qy5a7i3gbr2s4snxdquaath1tjusie/gradle-core-2.3.0.jar
7f114fc52000-7f114fc54000 r--s 0000d000 08:01 34996778                   /root/.gradle/caches/jars-2/60bmiis45kdytxtzt10fi483750k8at/gradle-2.3.0.jar
7f114fc54000-7f114fc59000 r--s 0007a000 08:01 34996698                   /root/.gradle/caches/jars-2/q5pdl4dnyup86dc2j4432si3lyapuro/gradle-tooling-extension-impl.jar
7f114fc59000-7f114fcc9000 r--s 00643000 08:01 34996700                   /root/.gradle/caches/jars-2/8cxlnul3q31hn64oaeyb96yvefwfs4h/groovy-all-2.4.6.jar
7f114fcc9000-7f114fccc000 ---p 00000000 00:00 0 
7f114fccc000-7f114fd02000 rw-p 00000000 00:00 0 
7f114fd02000-7f114fd3f000 r--s 0057a000 08:01 34996624                   /root/.gradle/caches/jars-2/fo77ak4mnuyhc5u9vjmknf4a9d1jvr7/sdk-tools.jar
7f114fd3f000-7f114fd4c000 r--s 0017f000 08:01 34866102                   /root/.gradle/caches/jars-2/jei8kz30gbr6a1wtydijbt6dfeefz5z/velocity.jar
7f114fd4c000-7f114fd86000 r--s 001e2000 08:01 34735262                   /root/.gradle/caches/jars-2/gsc6q095kyxskeaqm5ejgrya5fy93e4/gradle-core-3.2.jar
7f114fd86000-7f114fe00000 r--s 010f6000 08:01 11020816                   /usr/local/java/jdk1.8.0_121/lib/tools.jar
7f114fe00000-7f1150000000 rw-p 00000000 00:00 0 
7f1150000000-7f1150021000 rw-p 00000000 00:00 0 
7f1150021000-7f1154000000 ---p 00000000 00:00 0 
7f1154000000-7f1154021000 rw-p 00000000 00:00 0 
7f1154021000-7f1158000000 ---p 00000000 00:00 0 
7f1158000000-7f1158021000 rw-p 00000000 00:00 0 
7f1158021000-7f115c000000 ---p 00000000 00:00 0 
7f115c000000-7f115d460000 rw-p 00000000 00:00 0 
7f115d460000-7f1160000000 ---p 00000000 00:00 0 
7f1160000000-7f1160021000 rw-p 00000000 00:00 0 
7f1160021000-7f1164000000 ---p 00000000 00:00 0 
7f1164000000-7f1164023000 rw-p 00000000 00:00 0 
7f1164023000-7f1168000000 ---p 00000000 00:00 0 
7f1168000000-7f1168021000 rw-p 00000000 00:00 0 
7f1168021000-7f116c000000 ---p 00000000 00:00 0 
7f116c000000-7f116c07a000 rw-p 00000000 00:00 0 
7f116c07a000-7f1170000000 ---p 00000000 00:00 0 
7f1170000000-7f1170021000 rw-p 00000000 00:00 0 
7f1170021000-7f1174000000 ---p 00000000 00:00 0 
7f1174000000-7f1174021000 rw-p 00000000 00:00 0 
7f1174021000-7f1178000000 ---p 00000000 00:00 0 
7f1178000000-7f1179e8e000 rw-p 00000000 00:00 0 
7f1179e8e000-7f117c000000 ---p 00000000 00:00 0 
7f117c000000-7f117cc5a000 rw-p 00000000 00:00 0 
7f117cc5a000-7f1180000000 ---p 00000000 00:00 0 
7f1180000000-7f1180021000 rw-p 00000000 00:00 0 
7f1180021000-7f1184000000 ---p 00000000 00:00 0 
7f1184000000-7f118645a000 rw-p 00000000 00:00 0 
7f118645a000-7f1188000000 ---p 00000000 00:00 0 
7f1188000000-7f1188021000 rw-p 00000000 00:00 0 
7f1188021000-7f118c000000 ---p 00000000 00:00 0 
7f118c000000-7f118c021000 rw-p 00000000 00:00 0 
7f118c021000-7f1190000000 ---p 00000000 00:00 0 
7f1190000000-7f11902ae000 rw-p 00000000 00:00 0 
7f11902ae000-7f1194000000 ---p 00000000 00:00 0 
7f1194000000-7f1194021000 rw-p 00000000 00:00 0 
7f1194021000-7f1198000000 ---p 00000000 00:00 0 
7f1198000000-7f1198021000 rw-p 00000000 00:00 0 
7f1198021000-7f119c000000 ---p 00000000 00:00 0 
7f119c000000-7f119c036000 rw-p 00000000 00:00 0 
7f119c036000-7f11a0000000 ---p 00000000 00:00 0 
7f11a0000000-7f11a0036000 rw-p 00000000 00:00 0 
7f11a0036000-7f11a4000000 ---p 00000000 00:00 0 
7f11a4000000-7f11a4001000 r--s 00000000 08:01 34996786                   /root/.gradle/caches/jars-2/9alwd0ip1x6at9csjhyhihqra39rks9/transform-api-2.0.0-deprecated-use-gradle-api.jar
7f11a4001000-7f11a4006000 r--s 00034000 08:01 34996702                   /root/.gradle/caches/jars-2/c74d41v3l7o57dyhdc4xhdfblc3m2cw/gson-2.5.jar
7f11a4006000-7f11a4007000 r--p 00000000 00:00 0 
7f11a4007000-7f11a4008000 r--s 00000000 08:01 34996626                   /root/.gradle/caches/jars-2/dg22azhabc6tsc1i8xni15giz1bnssh/gradle-appengine-builder-model-0.1.0.jar
7f11a4008000-7f11a4009000 r--s 00002000 08:01 34996622                   /root/.gradle/caches/jars-2/alhyd7g7xhtn0z1hxgxf7267ym5i09w/external-system-rt.jar
7f11a4009000-7f11a400b000 r--s 0000a000 08:01 34996620                   /root/.gradle/caches/jars-2/ptk43fz0tdnoik1x8njn96wlo1j4uin/gradle-tooling-extension-api.jar
7f11a400b000-7f11a4014000 r--s 00041000 08:01 34735260                   /root/.gradle/caches/jars-2/h9tlqcb3hm1v4dc2krttqmly48oj6dn/gradle-base-services-3.2.jar
7f11a4014000-7f11a403c000 r--s 001cf000 08:01 34606348                   /root/.gradle/caches/jars-2/87eo0lrvp84r6dbxjq018wy66es2era/guava-jdk5-17.0.jar
7f11a403c000-7f11a4049000 r--s 00041000 08:01 34606346                   /root/.gradle/caches/jars-2/dgtjvv7hz6uw97ja0np1f4qgb2lzw3b/gradle-tooling-api-3.2.jar
7f11a4049000-7f11a404c000 ---p 00000000 00:00 0 
7f11a404c000-7f11a414a000 rw-p 00000000 00:00 0 
7f11a414a000-7f11a414d000 ---p 00000000 00:00 0 
7f11a414d000-7f11a424b000 rw-p 00000000 00:00 0 
7f11a424b000-7f11a424e000 ---p 00000000 00:00 0 
7f11a424e000-7f11a434c000 rw-p 00000000 00:00 0 
7f11a434c000-7f11a434f000 ---p 00000000 00:00 0 
7f11a434f000-7f11a464d000 rw-p 00000000 00:00 0 
7f11a464d000-7f11a4650000 ---p 00000000 00:00 0 
7f11a4650000-7f11a474e000 rw-p 00000000 00:00 0 
7f11a474e000-7f11a4751000 ---p 00000000 00:00 0 
7f11a4751000-7f11a484f000 rw-p 00000000 00:00 0 
7f11a484f000-7f11a4856000 r--s 00000000 08:01 11274324                   /usr/lib/x86_64-linux-gnu/gconv/gconv-modules.cache
7f11a4856000-7f11a4a56000 rw-p 00000000 00:00 0 
7f11a4a56000-7f11a4a59000 ---p 00000000 00:00 0 
7f11a4a59000-7f11a4b57000 rw-p 00000000 00:00 0 
7f11a4b57000-7f11a4b5a000 ---p 00000000 00:00 0 
7f11a4b5a000-7f11a4c58000 rw-p 00000000 00:00 0 
7f11a4c58000-7f11a4c61000 r-xp 00000000 08:01 11144070                   /usr/local/java/jdk1.8.0_121/jre/lib/amd64/libmanagement.so
7f11a4c61000-7f11a4e60000 ---p 00009000 08:01 11144070                   /usr/local/java/jdk1.8.0_121/jre/lib/amd64/libmanagement.so
7f11a4e60000-7f11a4e61000 rw-p 00008000 08:01 11144070                   /usr/local/java/jdk1.8.0_121/jre/lib/amd64/libmanagement.so
7f11a4e61000-7f11a4e65000 r--s 0009a000 08:01 11143978                   /usr/local/java/jdk1.8.0_121/jre/lib/jsse.jar
7f11a4e65000-7f11a4e67000 r--s 00007000 08:01 34341942                   /root/.gradle/wrapper/dists/gradle-3.3-all/55gk2rcmfc6p2dg9u9ohc3hw9/gradle-3.3/lib/plugins/gradle-tooling-api-builders-3.3.jar
7f11a4e67000-7f11a4e6a000 r--s 00009000 08:01 34341935                   /root/.gradle/wrapper/dists/gradle-3.3-all/55gk2rcmfc6p2dg9u9ohc3hw9/gradle-3.3/lib/plugins/gradle-testing-native-3.3.jar
7f11a4e6a000-7f11a4e70000 r--s 00033000 08:01 34342010                   /root/.gradle/wrapper/dists/gradle-3.3-all/55gk2rcmfc6p2dg9u9ohc3hw9/gradle-3.3/lib/plugins/snakeyaml-1.6.jar
7f11a4e70000-7f11a4e72000 r--s 00006000 08:01 34342009                   /root/.gradle/wrapper/dists/gradle-3.3-all/55gk2rcmfc6p2dg9u9ohc3hw9/gradle-3.3/lib/plugins/jcommander-1.12.jar
7f11a4e72000-7f11a4e77000 r--s 00040000 08:01 34342008                   /root/.gradle/wrapper/dists/gradle-3.3-all/55gk2rcmfc6p2dg9u9ohc3hw9/gradle-3.3/lib/plugins/bsh-2.0b4.jar
7f11a4e77000-7f11a4e79000 r--s 00009000 08:01 34342016                   /root/.gradle/wrapper/dists/gradle-3.3-all/55gk2rcmfc6p2dg9u9ohc3hw9/gradle-3.3/lib/plugins/hamcrest-core-1.3.jar
7f11a4e79000-7f11a4e82000 r--s 00089000 08:01 34341967                   /root/.gradle/wrapper/dists/gradle-3.3-all/55gk2rcmfc6p2dg9u9ohc3hw9/gradle-3.3/lib/plugins/testng-6.3.1.jar
7f11a4e82000-7f11a4e8a000 r--s 00045000 08:01 34341966                   /root/.gradle/wrapper/dists/gradle-3.3-all/55gk2rcmfc6p2dg9u9ohc3hw9/gradle-3.3/lib/plugins/junit-4.12.jar
7f11a4e8a000-7f11a4e90000 r--s 0002e000 08:01 34341936                   /root/.gradle/wrapper/dists/gradle-3.3-all/55gk2rcmfc6p2dg9u9ohc3hw9/gradle-3.3/lib/plugins/gradle-testing-jvm-3.3.jar
7f11a4e90000-7f11a4e94000 r--s 00016000 08:01 34341934                   /root/.gradle/wrapper/dists/gradle-3.3-all/55gk2rcmfc6p2dg9u9ohc3hw9/gradle-3.3/lib/plugins/gradle-testing-base-3.3.jar
7f11a4e94000-7f11a4e9b000 r--s 00038000 08:01 34341961                   /root/.gradle/wrapper/dists/gradle-3.3-all/55gk2rcmfc6p2dg9u9ohc3hw9/gradle-3.3/lib/plugins/bcpg-jdk15on-1.51.jar
7f11a4e9b000-7f11a4e9d000 r--s 0000c000 08:01 34341913                   /root/.gradle/wrapper/dists/gradle-3.3-all/55gk2rcmfc6p2dg9u9ohc3hw9/gradle-3.3/lib/plugins/gradle-signing-3.3.jar
7f11a4e9d000-7f11a4e9f000 r--s 00007000 08:01 34341912                   /root/.gradle/wrapper/dists/gradle-3.3-all/55gk2rcmfc6p2dg9u9ohc3hw9/gradle-3.3/lib/plugins/gradle-scala-3.3.jar
7f11a4e9f000-7f11a4ea0000 r--s 00004000 08:01 34341940                   /root/.gradle/wrapper/dists/gradle-3.3-all/55gk2rcmfc6p2dg9u9ohc3hw9/gradle-3.3/lib/plugins/gradle-resources-sftp-3.3.jar
7f11a4ea0000-7f11a4eb0000 r--s 00088000 08:01 34341977                   /root/.gradle/wrapper/dists/gradle-3.3-all/55gk2rcmfc6p2dg9u9ohc3hw9/gradle-3.3/lib/plugins/joda-time-2.8.2.jar
7f11a4eb0000-7f11a4ec1000 r--s 0010d000 08:01 34341976                   /root/.gradle/wrapper/dists/gradle-3.3-all/55gk2rcmfc6p2dg9u9ohc3hw9/gradle-3.3/lib/plugins/jackson-databind-2.6.6.jar
7f11a4ec1000-7f11a4ec4000 r--s 00009000 08:01 34341975                   /root/.gradle/wrapper/dists/gradle-3.3-all/55gk2rcmfc6p2dg9u9ohc3hw9/gradle-3.3/lib/plugins/jackson-annotations-2.6.6.jar
7f11a4ec4000-7f11a4ec8000 r--s 0003c000 08:01 34341974                   /root/.gradle/wrapper/dists/gradle-3.3-all/55gk2rcmfc6p2dg9u9ohc3hw9/gradle-3.3/lib/plugins/jackson-core-2.6.6.jar
7f11a4ec8000-7f11a4ed6000 r--s 00087000 08:01 34341973                   /root/.gradle/wrapper/dists/gradle-3.3-all/55gk2rcmfc6p2dg9u9ohc3hw9/gradle-3.3/lib/plugins/aws-java-sdk-core-1.11.6.jar
7f11a4ed6000-7f11a4edd000 r--s 00057000 08:01 34341972                   /root/.gradle/wrapper/dists/gradle-3.3-all/55gk2rcmfc6p2dg9u9ohc3hw9/gradle-3.3/lib/plugins/aws-java-sdk-kms-1.11.6.jar
7f11a4edd000-7f11a4eea000 r--s 0008e000 08:01 34341971                   /root/.gradle/wrapper/dists/gradle-3.3-all/55gk2rcmfc6p2dg9u9ohc3hw9/gradle-3.3/lib/plugins/aws-java-sdk-s3-1.11.6.jar
7f11a4eea000-7f11a4eec000 r--s 00004000 08:01 34341941                   /root/.gradle/wrapper/dists/gradle-3.3-all/55gk2rcmfc6p2dg9u9ohc3hw9/gradle-3.3/lib/plugins/gradle-resources-s3-3.3.jar
7f11a4eec000-7f11a4eee000 r--s 00005000 08:01 34341965                   /root/.gradle/wrapper/dists/gradle-3.3-all/55gk2rcmfc6p2dg9u9ohc3hw9/gradle-3.3/lib/plugins/jatl-0.2.2.jar
7f11a4eee000-7f11a4ef0000 r--s 0000f000 08:01 34341918                   /root/.gradle/wrapper/dists/gradle-3.3-all/55gk2rcmfc6p2dg9u9ohc3hw9/gradle-3.3/lib/plugins/gradle-reporting-3.3.jar
7f11a4ef0000-7f11a4ef2000 r--s 00002000 08:01 34341919                   /root/.gradle/wrapper/dists/gradle-3.3-all/55gk2rcmfc6p2dg9u9ohc3hw9/gradle-3.3/lib/plugins/gradle-publish-3.3.jar
7f11a4ef2000-7f11a4ef4000 r--s 00009000 08:01 34341948                   /root/.gradle/wrapper/dists/gradle-3.3-all/55gk2rcmfc6p2dg9u9ohc3hw9/gradle-3.3/lib/plugins/commons-cli-1.2.jar
7f11a4ef4000-7f11a4efa000 r--s 00031000 08:01 34341904                   /root/.gradle/wrapper/dists/gradle-3.3-all/55gk2rcmfc6p2dg9u9ohc3hw9/gradle-3.3/lib/plugins/gradle-plugins-3.3.jar
7f11a4efa000-7f11a4efc000 r--s 00009000 08:01 34341937                   /root/.gradle/wrapper/dists/gradle-3.3-all/55gk2rcmfc6p2dg9u9ohc3hw9/gradle-3.3/lib/plugins/gradle-plugin-development-3.3.jar
7f11a4efc000-7f11a4f02000 r--s 0002b000 08:01 34341930                   /root/.gradle/wrapper/dists/gradle-3.3-all/55gk2rcmfc6p2dg9u9ohc3hw9/gradle-3.3/lib/plugins/gradle-platform-play-3.3.jar
7f11a4f02000-7f11a4f10000 r--s 00055000 08:01 34341929                   /root/.gradle/wrapper/dists/gradle-3.3-all/55gk2rcmfc6p2dg9u9ohc3hw9/gradle-3.3/lib/plugins/gradle-platform-native-3.3.jar
7f11a4f10000-7f11a4f15000 r--s 0001f000 08:01 34341924                   /root/.gradle/wrapper/dists/gradle-3.3-all/55gk2rcmfc6p2dg9u9ohc3hw9/gradle-3.3/lib/plugins/gradle-platform-jvm-3.3.jar
7f11a4f15000-7f11a4f1d000 r--s 00027000 08:01 34341923                   /root/.gradle/wrapper/dists/gradle-3.3-all/55gk2rcmfc6p2dg9u9ohc3hw9/gradle-3.3/lib/plugins/gradle-platform-base-3.3.jar
7f11a4f1d000-7f11a4f45000 r--s 0021c000 08:01 34341956                   /root/.gradle/wrapper/dists/gradle-3.3-all/55gk2rcmfc6p2dg9u9ohc3hw9/gradle-3.3/lib/plugins/biz.aQute.bndlib-3.2.0.jar
7f11a4f45000-7f11a4f47000 r--s 00003000 08:01 34341908                   /root/.gradle/wrapper/dists/gradle-3.3-all/55gk2rcmfc6p2dg9u9ohc3hw9/gradle-3.3/lib/plugins/gradle-osgi-3.3.jar
7f11a4f47000-7f11a4f4a000 r--s 0000c000 08:01 34341959                   /root/.gradle/wrapper/dists/gradle-3.3-all/55gk2rcmfc6p2dg9u9ohc3hw9/gradle-3.3/lib/plugins/pmaven-groovy-0.8-20100325.jar
7f11a4f4a000-7f11a4f4b000 r--s 00004000 08:01 34341958                   /root/.gradle/wrapper/dists/gradle-3.3-all/55gk2rcmfc6p2dg9u9ohc3hw9/gradle-3.3/lib/plugins/pmaven-common-0.8-20100325.jar
7f11a4f4b000-7f11a4f51000 r--s 00023000 08:01 34341909                   /root/.gradle/wrapper/dists/gradle-3.3-all/55gk2rcmfc6p2dg9u9ohc3hw9/gradle-3.3/lib/plugins/gradle-maven-3.3.jar
7f11a4f51000-7f11a4f54000 r--s 0000b000 08:01 34341928                   /root/.gradle/wrapper/dists/gradle-3.3-all/55gk2rcmfc6p2dg9u9ohc3hw9/gradle-3.3/lib/plugins/gradle-language-scala-3.3.jar
7f11a4f54000-7f11a4f5a000 r--s 0001a000 08:01 34341932                   /root/.gradle/wrapper/dists/gradle-3.3-all/55gk2rcmfc6p2dg9u9ohc3hw9/gradle-3.3/lib/plugins/gradle-language-native-3.3.jar
7f11a4f5a000-7f11a4f5d000 r--s 00005000 08:01 34341925                   /root/.gradle/wrapper/dists/gradle-3.3-all/55gk2rcmfc6p2dg9u9ohc3hw9/gradle-3.3/lib/plugins/gradle-language-jvm-3.3.jar
7f11a4f5d000-7f11a4f63000 r--s 00027000 08:01 34341926                   /root/.gradle/wrapper/dists/gradle-3.3-all/55gk2rcmfc6p2dg9u9ohc3hw9/gradle-3.3/lib/plugins/gradle-language-java-3.3.jar
7f11a4f63000-7f11a4f65000 r--s 0000a000 08:01 34341927                   /root/.gradle/wrapper/dists/gradle-3.3-all/55gk2rcmfc6p2dg9u9ohc3hw9/gradle-3.3/lib/plugins/gradle-language-groovy-3.3.jar
7f11a4f65000-7f11a4f68000 r--s 0001e000 08:01 34341983                   /root/.gradle/wrapper/dists/gradle-3.3-all/55gk2rcmfc6p2dg9u9ohc3hw9/gradle-3.3/lib/plugins/jsp-api-2.1-6.1.14.jar
7f11a4f68000-7f11a4f8b000 r--s 00344000 08:01 34341982                   /root/.gradle/wrapper/dists/gradle-3.3-all/55gk2rcmfc6p2dg9u9ohc3hw9/gradle-3.3/lib/plugins/core-3.1.1.jar
7f11a4f8b000-7f11a4f8c000 r--s 00006000 08:01 34341981                   /root/.gradle/wrapper/dists/gradle-3.3-all/55gk2rcmfc6p2dg9u9ohc3hw9/gradle-3.3/lib/plugins/jetty-naming-6.1.26.jar
7f11a4f8c000-7f11a4f8d000 r--s 00002000 08:01 34341955                   /root/.gradle/wrapper/dists/gradle-3.3-all/55gk2rcmfc6p2dg9u9ohc3hw9/gradle-3.3/lib/plugins/geronimo-annotation_1.0_spec-1.0.jar
7f11a4f8d000-7f11a4f8f000 r--s 00002000 08:01 34341954                   /root/.gradle/wrapper/dists/gradle-3.3-all/55gk2rcmfc6p2dg9u9ohc3hw9/gradle-3.3/lib/plugins/jetty-annotations-6.1.26.jar
7f11a4f8f000-7f11a4fa0000 r--s 000ea000 08:01 34341953                   /root/.gradle/wrapper/dists/gradle-3.3-all/55gk2rcmfc6p2dg9u9ohc3hw9/gradle-3.3/lib/plugins/jsp-2.1-6.1.14.jar
7f11a4fa0000-7f11a4fa2000 r--s 0000d000 08:01 34341952                   /root/.gradle/wrapper/dists/gradle-3.3-all/55gk2rcmfc6p2dg9u9ohc3hw9/gradle-3.3/lib/plugins/jetty-plus-6.1.26.jar
7f11a4fa2000-7f11a4fa4000 r--s 0001f000 08:01 34341951                   /root/.gradle/wrapper/dists/gradle-3.3-all/55gk2rcmfc6p2dg9u9ohc3hw9/gradle-3.3/lib/plugins/servlet-api-2.5-20081211.jar
7f11a4fa4000-7f11a4fa8000 r--s 00028000 08:01 34341950                   /root/.gradle/wrapper/dists/gradle-3.3-all/55gk2rcmfc6p2dg9u9ohc3hw9/gradle-3.3/lib/plugins/jetty-util-6.1.26.jar
7f11a4fa8000-7f11a4faf000 r--s 0007d000 08:01 34341949                   /root/.gradle/wrapper/dists/gradle-3.3-all/55gk2rcmfc6p2dg9u9ohc3hw9/gradle-3.3/lib/plugins/jetty-6.1.26.jar
7f11a4faf000-7f11a4fb1000 r--s 0000a000 08:01 34341906                   /root/.gradle/wrapper/dists/gradle-3.3-all/55gk2rcmfc6p2dg9u9ohc3hw9/gradle-3.3/lib/plugins/gradle-jetty-3.3.jar
7f11a4fb1000-7f11a4fb8000 r--s 00035000 08:01 34341964                   /root/.gradle/wrapper/dists/gradle-3.3-all/55gk2rcmfc6p2dg9u9ohc3hw9/gradle-3.3/lib/plugins/simple-4.1.21.jar
7f11a4fb8000-7f11a4fc4000 r--s 00100000 08:01 34341962                   /root/.gradle/wrapper/dists/gradle-3.3-all/55gk2rcmfc6p2dg9u9ohc3hw9/gradle-3.3/lib/plugins/rhino-1.7R3.jar
7f11a4fc4000-7f11a4fc8000 r--s 00012000 08:01 34341915                   /root/.gradle/wrapper/dists/gradle-3.3-all/55gk2rcmfc6p2dg9u9ohc3hw9/gradle-3.3/lib/plugins/gradle-javascript-3.3.jar
7f11a4fc8000-7f11a4fca000 r--s 0000d000 08:01 34341921                   /root/.gradle/wrapper/dists/gradle-3.3-all/55gk2rcmfc6p2dg9u9ohc3hw9/gradle-3.3/lib/plugins/gradle-jacoco-3.3.jar
7f11a4fca000-7f11a4fcd000 r--s 0000e000 08:01 34341920                   /root/.gradle/wrapper/dists/gradle-3.3-all/55gk2rcmfc6p2dg9u9ohc3hw9/gradle-3.3/lib/plugins/gradle-ivy-3.3.jar
7f11a4fcd000-7f11a4fce000 r--s 00002000 08:01 34341931                   /root/.gradle/wrapper/dists/gradle-3.3-all/55gk2rcmfc6p2dg9u9ohc3hw9/gradle-3.3/lib/plugins/gradle-ide-play-3.3.jar
7f11a4fce000-7f11a4fd1000 r--s 00013000 08:01 34341933                   /root/.gradle/wrapper/dists/gradle-3.3-all/55gk2rcmfc6p2dg9u9ohc3hw9/gradle-3.3/lib/plugins/gradle-ide-native-3.3.jar
7f11a4fd1000-7f11a4fda000 r--s 00055000 08:01 34341910                   /root/.gradle/wrapper/dists/gradle-3.3-all/55gk2rcmfc6p2dg9u9ohc3hw9/gradle-3.3/lib/plugins/gradle-ide-3.3.jar
7f11a4fda000-7f11a4fdc000 r--s 00007000 08:01 34341914                   /root/.gradle/wrapper/dists/gradle-3.3-all/55gk2rcmfc6p2dg9u9ohc3hw9/gradle-3.3/lib/plugins/gradle-ear-3.3.jar
7f11a4fdc000-7f11a4fe2000 r--s 00039000 08:01 34341917                   /root/.gradle/wrapper/dists/gradle-3.3-all/55gk2rcmfc6p2dg9u9ohc3hw9/gradle-3.3/lib/plugins/gradle-diagnostics-3.3.jar
7f11a4fe2000-7f11a4fe3000 r--s 00009000 08:01 34341943                   /root/.gradle/wrapper/dists/gradle-3.3-all/55gk2rcmfc6p2dg9u9ohc3hw9/gradle-3.3/lib/plugins/gradle-composite-builds-3.3.jar
7f11a4fe3000-7f11a4fe7000 r--s 00023000 08:01 34341905                   /root/.gradle/wrapper/dists/gradle-3.3-all/55gk2rcmfc6p2dg9u9ohc3hw9/gradle-3.3/lib/plugins/gradle-code-quality-3.3.jar
7f11a4fe7000-7f11a4feb000 r--s 00022000 08:01 34341922                   /root/.gradle/wrapper/dists/gradle-3.3-all/55gk2rcmfc6p2dg9u9ohc3hw9/gradle-3.3/lib/plugins/gradle-build-init-3.3.jar
7f11a4feb000-7f11a4ff1000 r--s 0008e000 08:01 34341916                   /root/.gradle/wrapper/dists/gradle-3.3-all/55gk2rcmfc6p2dg9u9ohc3hw9/gradle-3.3/lib/plugins/gradle-build-comparison-3.3.jar
7f11a4ff1000-7f11a4ff2000 r--s 00001000 08:01 34341944                   /root/.gradle/wrapper/dists/gradle-3.3-all/55gk2rcmfc6p2dg9u9ohc3hw9/gradle-3.3/lib/plugins/gradle-build-cache-http-3.3.jar
7f11a4ff2000-7f11a4ff4000 r--s 00008000 08:01 34341907                   /root/.gradle/wrapper/dists/gradle-3.3-all/55gk2rcmfc6p2dg9u9ohc3hw9/gradle-3.3/lib/plugins/gradle-antlr-3.3.jar
7f11a4ff4000-7f11a4ff6000 r--s 00004000 08:01 34341911                   /root/.gradle/wrapper/dists/gradle-3.3-all/55gk2rcmfc6p2dg9u9ohc3hw9/gradle-3.3/lib/plugins/gradle-announce-3.3.jar
7f11a4ff6000-7f11a500e000 r--s 00115000 08:01 34342013                   /root/.gradle/wrapper/dists/gradle-3.3-all/55gk2rcmfc6p2dg9u9ohc3hw9/gradle-3.3/lib/plugins/xercesImpl-2.9.1.jar
7f11a500e000-7f11a5016000 r--s 00028000 08:01 34342014                   /root/.gradle/wrapper/dists/gradle-3.3-all/55gk2rcmfc6p2dg9u9ohc3hw9/gradle-3.3/lib/plugins/xml-apis-1.3.04.jar
7f11a5016000-7f11a501c000 r--s 0005b000 08:01 34342012                   /root/.gradle/wrapper/dists/gradle-3.3-all/55gk2rcmfc6p2dg9u9ohc3hw9/gradle-3.3/lib/plugins/jcifs-1.3.17.jar
7f11a501c000-7f11a5022000 r--s 00033000 08:01 34341960                   /root/.gradle/wrapper/dists/gradle-3.3-all/55gk2rcmfc6p2dg9u9ohc3hw9/gradle-3.3/lib/plugins/commons-codec-1.6.jar
7f11a5022000-7f11a5029000 r--s 00049000 08:01 34342011                   /root/.gradle/wrapper/dists/gradle-3.3-all/55gk2rcmfc6p2dg9u9ohc3hw9/gradle-3.3/lib/plugins/httpcore-4.4.4.jar
7f11a5029000-7f11a502c000 r--s 0001c000 08:01 34341969                   /root/.gradle/wrapper/dists/gradle-3.3-all/55gk2rcmfc6p2dg9u9ohc3hw9/gradle-3.3/lib/plugins/nekohtml-1.9.14.jar
7f11a502c000-7f11a5039000 r--s 000a4000 08:01 34341968                   /root/.gradle/wrapper/dists/gradle-3.3-all/55gk2rcmfc6p2dg9u9ohc3hw9/gradle-3.3/lib/plugins/httpclient-4.4.1.jar
7f11a5039000-7f11a503c000 r--s 0000a000 08:01 34341939                   /root/.gradle/wrapper/dists/gradle-3.3-all/55gk2rcmfc6p2dg9u9ohc3hw9/gradle-3.3/lib/plugins/gradle-resources-http-3.3.jar
7f11a503c000-7f11a5040000 r--s 00015000 08:01 34341938                   /root/.gradle/wrapper/dists/gradle-3.3-all/55gk2rcmfc6p2dg9u9ohc3hw9/gradle-3.3/lib/plugins/gradle-plugin-use-3.3.jar
7f11a5040000-7f11a5041000 r--s 00000000 08:01 34341850                   /root/.gradle/wrapper/dists/gradle-3.3-all/55gk2rcmfc6p2dg9u9ohc3hw9/gradle-3.3/lib/gradle-installation-beacon-3.3.jar
7f11a5041000-7f11a5043000 r--s 00006000 08:01 34342007                   /root/.gradle/wrapper/dists/gradle-3.3-all/55gk2rcmfc6p2dg9u9ohc3hw9/gradle-3.3/lib/plugins/aether-connector-wagon-1.13.1.jar
7f11a5043000-7f11a5047000 r--s 0001c000 08:01 34342006                   /root/.gradle/wrapper/dists/gradle-3.3-all/55gk2rcmfc6p2dg9u9ohc3hw9/gradle-3.3/lib/plugins/aether-util-1.13.1.jar
7f11a5047000-7f11a5048000 r--s 00003000 08:01 34342005                   /root/.gradle/wrapper/dists/gradle-3.3-all/55gk2rcmfc6p2dg9u9ohc3hw9/gradle-3.3/lib/plugins/aether-spi-1.13.1.jar
7f11a5048000-7f11a504b000 r--s 0001d000 08:01 34342004                   /root/.gradle/wrapper/dists/gradle-3.3-all/55gk2rcmfc6p2dg9u9ohc3hw9/gradle-3.3/lib/plugins/aether-impl-1.13.1.jar
7f11a504b000-7f11a504e000 r--s 00013000 08:01 34342003                   /root/.gradle/wrapper/dists/gradle-3.3-all/55gk2rcmfc6p2dg9u9ohc3hw9/gradle-3.3/lib/plugins/aether-api-1.13.1.jar
7f11a504e000-7f11a504f000 r--s 00007000 08:01 34342002                   /root/.gradle/wrapper/dists/gradle-3.3-all/55gk2rcmfc6p2dg9u9ohc3hw9/gradle-3.3/lib/plugins/wagon-http-shared4-2.4.jar
7f11a504f000-7f11a5051000 r--s 0000b000 08:01 34342001                   /root/.gradle/wrapper/dists/gradle-3.3-all/55gk2rcmfc6p2dg9u9ohc3hw9/gradle-3.3/lib/plugins/wagon-provider-api-2.4.jar
7f11a5051000-7f11a5052000 r--s 00002000 08:01 34342000                   /root/.gradle/wrapper/dists/gradle-3.3-all/55gk2rcmfc6p2dg9u9ohc3hw9/gradle-3.3/lib/plugins/wagon-http-2.4.jar
7f11a5052000-7f11a5053000 r--s 00002000 08:01 34341999                   /root/.gradle/wrapper/dists/gradle-3.3-all/55gk2rcmfc6p2dg9u9ohc3hw9/gradle-3.3/lib/plugins/wagon-file-2.4.jar
7f11a5053000-7f11a5055000 r--s 0000c000 08:01 34341998                   /root/.gradle/wrapper/dists/gradle-3.3-all/55gk2rcmfc6p2dg9u9ohc3hw9/gradle-3.3/lib/plugins/maven-aether-provider-3.0.4.jar
7f11a5055000-7f11a5057000 r--s 0000b000 08:01 34341997                   /root/.gradle/wrapper/dists/gradle-3.3-all/55gk2rcmfc6p2dg9u9ohc3hw9/gradle-3.3/lib/plugins/maven-plugin-api-3.0.4.jar
7f11a5057000-7f11a5059000 r--s 00006000 08:01 34341996                   /root/.gradle/wrapper/dists/gradle-3.3-all/55gk2rcmfc6p2dg9u9ohc3hw9/gradle-3.3/lib/plugins/maven-repository-metadata-3.0.4.jar
7f11a5059000-7f11a505b000 r--s 0000b000 08:01 34341995                   /root/.gradle/wrapper/dists/gradle-3.3-all/55gk2rcmfc6p2dg9u9ohc3hw9/gradle-3.3/lib/plugins/maven-artifact-3.0.4.jar
7f11a505b000-7f11a505d000 r--s 00026000 08:01 34341994                   /root/.gradle/wrapper/dists/gradle-3.3-all/55gk2rcmfc6p2dg9u9ohc3hw9/gradle-3.3/lib/plugins/maven-model-3.0.4.jar
7f11a505d000-7f11a5061000 r--s 00021000 08:01 34341993                   /root/.gradle/wrapper/dists/gradle-3.3-all/55gk2rcmfc6p2dg9u9ohc3hw9/gradle-3.3/lib/plugins/maven-model-builder-3.0.4.jar
7f11a5061000-7f11a5067000 r--s 0003f000 08:01 34341992                   /root/.gradle/wrapper/dists/gradle-3.3-all/55gk2rcmfc6p2dg9u9ohc3hw9/gradle-3.3/lib/plugins/maven-compat-3.0.4.jar
7f11a5067000-7f11a5068000 r--s 00006000 08:01 34341991                   /root/.gradle/wrapper/dists/gradle-3.3-all/55gk2rcmfc6p2dg9u9ohc3hw9/gradle-3.3/lib/plugins/plexus-sec-dispatcher-1.3.jar
7f11a5068000-7f11a506a000 r--s 00002000 08:01 34341990                   /root/.gradle/wrapper/dists/gradle-3.3-all/55gk2rcmfc6p2dg9u9ohc3hw9/gradle-3.3/lib/plugins/plexus-cipher-1.7.jar
7f11a506a000-7f11a506c000 r--s 0000a000 08:01 34341989                   /root/.gradle/wrapper/dists/gradle-3.3-all/55gk2rcmfc6p2dg9u9ohc3hw9/gradle-3.3/lib/plugins/plexus-classworlds-2.4.jar
7f11a506c000-7f11a5073000 r--s 0002e000 08:01 34341988                   /root/.gradle/wrapper/dists/gradle-3.3-all/55gk2rcmfc6p2dg9u9ohc3hw9/gradle-3.3/lib/plugins/plexus-container-default-1.5.5.jar
7f11a5073000-7f11a5075000 r--s 00000000 08:01 34342015                   /root/.gradle/wrapper/dists/gradle-3.3-all/55gk2rcmfc6p2dg9u9ohc3hw9/gradle-3.3/lib/plugins/plexus-component-annotations-1.5.5.jar
7f11a5075000-7f11a5077000 r--s 0000d000 08:01 34341987                   /root/.gradle/wrapper/dists/gradle-3.3-all/55gk2rcmfc6p2dg9u9ohc3hw9/gradle-3.3/lib/plugins/plexus-interpolation-1.14.jar
7f11a5077000-7f11a507b000 r--s 00033000 08:01 34341986                   /root/.gradle/wrapper/dists/gradle-3.3-all/55gk2rcmfc6p2dg9u9ohc3hw9/gradle-3.3/lib/plugins/plexus-utils-2.0.6.jar
7f11a507b000-7f11a507e000 r--s 00008000 08:01 34341985                   /root/.gradle/wrapper/dists/gradle-3.3-all/55gk2rcmfc6p2dg9u9ohc3hw9/gradle-3.3/lib/plugins/maven-settings-builder-3.0.4.jar
7f11a507e000-7f11a5083000 r--s 00040000 08:01 34341970                   /root/.gradle/wrapper/dists/gradle-3.3-all/55gk2rcmfc6p2dg9u9ohc3hw9/gradle-3.3/lib/plugins/jsch-0.1.53.jar
7f11a5083000-7f11a50c3000 r--s 00277000 08:01 34341980                   /root/.gradle/wrapper/dists/gradle-3.3-all/55gk2rcmfc6p2dg9u9ohc3hw9/gradle-3.3/lib/plugins/bcprov-jdk15on-1.51.jar
7f11a50c3000-7f11a50cf000 r--s 0007d000 08:01 34341957                   /root/.gradle/wrapper/dists/gradle-3.3-all/55gk2rcmfc6p2dg9u9ohc3hw9/gradle-3.3/lib/plugins/maven-core-3.0.4.jar
7f11a50cf000-7f11a50ee000 r--s 000f6000 08:01 34341946                   /root/.gradle/wrapper/dists/gradle-3.3-all/55gk2rcmfc6p2dg9u9ohc3hw9/gradle-3.3/lib/plugins/gradle-dependency-management-3.3.jar
7f11a50ee000-7f11a5104000 r-xp 00000000 08:01 4985220                    /lib/x86_64-linux-gnu/libgcc_s.so.1
7f11a5104000-7f11a5303000 ---p 00016000 08:01 4985220                    /lib/x86_64-linux-gnu/libgcc_s.so.1
7f11a5303000-7f11a5304000 rw-p 00015000 08:01 4985220                    /lib/x86_64-linux-gnu/libgcc_s.so.1
7f11a5304000-7f11a5476000 r-xp 00000000 08:01 11012225                   /usr/lib/x86_64-linux-gnu/libstdc++.so.6.0.21
7f11a5476000-7f11a5676000 ---p 00172000 08:01 11012225                   /usr/lib/x86_64-linux-gnu/libstdc++.so.6.0.21
7f11a5676000-7f11a5680000 r--p 00172000 08:01 11012225                   /usr/lib/x86_64-linux-gnu/libstdc++.so.6.0.21
7f11a5680000-7f11a5682000 rw-p 0017c000 08:01 11012225                   /usr/lib/x86_64-linux-gnu/libstdc++.so.6.0.21
7f11a5682000-7f11a5686000 rw-p 00000000 00:00 0 
7f11a5686000-7f11a5688000 r--s 0000a000 08:01 34341984                   /root/.gradle/wrapper/dists/gradle-3.3-all/55gk2rcmfc6p2dg9u9ohc3hw9/gradle-3.3/lib/plugins/maven-settings-3.0.4.jar
7f11a5688000-7f11a568c000 r--s 0001d000 08:01 34341979                   /root/.gradle/wrapper/dists/gradle-3.3-all/55gk2rcmfc6p2dg9u9ohc3hw9/gradle-3.3/lib/plugins/xbean-reflect-3.4.jar
7f11a568c000-7f11a5691000 r--s 00034000 08:01 34341963                   /root/.gradle/wrapper/dists/gradle-3.3-all/55gk2rcmfc6p2dg9u9ohc3hw9/gradle-3.3/lib/plugins/gson-2.7.jar
7f11a5691000-7f11a56a0000 r--s 000d9000 08:01 34341978                   /root/.gradle/wrapper/dists/gradle-3.3-all/55gk2rcmfc6p2dg9u9ohc3hw9/gradle-3.3/lib/plugins/ivy-2.2.0.jar
7f11a56a0000-7f11a56a2000 r--s 00005000 08:01 34341945                   /root/.gradle/wrapper/dists/gradle-3.3-all/55gk2rcmfc6p2dg9u9ohc3hw9/gradle-3.3/lib/plugins/gradle-workers-3.3.jar
7f11a56a2000-7f11a56a7000 r-xp 00000000 08:01 34345271                   /root/.gradle/native/23/linux-amd64/libnative-platform.so
7f11a56a7000-7f11a58a6000 ---p 00005000 08:01 34345271                   /root/.gradle/native/23/linux-amd64/libnative-platform.so
7f11a58a6000-7f11a58a7000 rw-p 00004000 08:01 34345271                   /root/.gradle/native/23/linux-amd64/libnative-platform.so
7f11a58a7000-7f11a58b8000 r-xp 00000000 08:01 11144059                   /usr/local/java/jdk1.8.0_121/jre/lib/amd64/libnio.so
7f11a58b8000-7f11a5ab7000 ---p 00011000 08:01 11144059                   /usr/local/java/jdk1.8.0_121/jre/lib/amd64/libnio.so
7f11a5ab7000-7f11a5ab8000 rw-p 00010000 08:01 11144059                   /usr/local/java/jdk1.8.0_121/jre/lib/amd64/libnio.so
7f11a5ab8000-7f11a5db9000 rw-p 00000000 00:00 0 
7f11a5db9000-7f11a5dcf000 r-xp 00000000 08:01 11144034                   /usr/local/java/jdk1.8.0_121/jre/lib/amd64/libnet.so
7f11a5dcf000-7f11a5fcf000 ---p 00016000 08:01 11144034                   /usr/local/java/jdk1.8.0_121/jre/lib/amd64/libnet.so
7f11a5fcf000-7f11a5fd0000 rw-p 00016000 08:01 11144034                   /usr/local/java/jdk1.8.0_121/jre/lib/amd64/libnet.so
7f11a5fd0000-7f11a5fd1000 r--s 00006000 08:01 34341849                   /root/.gradle/wrapper/dists/gradle-3.3-all/55gk2rcmfc6p2dg9u9ohc3hw9/gradle-3.3/lib/gradle-wrapper-3.3.jar
7f11a5fd1000-7f11a5fde000 r--s 00041000 08:01 34341856                   /root/.gradle/wrapper/dists/gradle-3.3-all/55gk2rcmfc6p2dg9u9ohc3hw9/gradle-3.3/lib/gradle-tooling-api-3.3.jar
7f11a5fde000-7f11a5fe0000 r--s 00002000 08:01 34341876                   /root/.gradle/wrapper/dists/gradle-3.3-all/55gk2rcmfc6p2dg9u9ohc3hw9/gradle-3.3/lib/gradle-open-api-3.3.jar
7f11a5fe0000-7f11a5fe6000 r--s 00032000 08:01 34341878                   /root/.gradle/wrapper/dists/gradle-3.3-all/55gk2rcmfc6p2dg9u9ohc3hw9/gradle-3.3/lib/jaxen-1.1.jar
7f11a5fe6000-7f11a5feb000 r--s 00048000 08:01 34341877                   /root/.gradle/wrapper/dists/gradle-3.3-all/55gk2rcmfc6p2dg9u9ohc3hw9/gradle-3.3/lib/dom4j-1.6.1.jar
7f11a5feb000-7f11a5ff6000 r--s 00059000 08:01 34341855                   /root/.gradle/wrapper/dists/gradle-3.3-all/55gk2rcmfc6p2dg9u9ohc3hw9/gradle-3.3/lib/gradle-ui-3.3.jar
7f11a5ff6000-7f11a5fff000 r--s 0008c000 08:01 34341847                   /root/.gradle/wrapper/dists/gradle-3.3-all/55gk2rcmfc6p2dg9u9ohc3hw9/gradle-3.3/lib/kotlin-stdlib-1.1-M02.jar
7f11a5fff000-7f11a6005000 r--s 0002a000 08:01 34341846                   /root/.gradle/wrapper/dists/gradle-3.3-all/55gk2rcmfc6p2dg9u9ohc3hw9/gradle-3.3/lib/kotlin-runtime-1.1-M02.jar
7f11a6005000-7f11a6039000 r--s 00256000 08:01 34341845                   /root/.gradle/wrapper/dists/gradle-3.3-all/55gk2rcmfc6p2dg9u9ohc3hw9/gradle-3.3/lib/kotlin-reflect-1.1-M02.jar
7f11a6039000-7f11a61cf000 r--s 0157e000 08:01 34341844                   /root/.gradle/wrapper/dists/gradle-3.3-all/55gk2rcmfc6p2dg9u9ohc3hw9/gradle-3.3/lib/kotlin-compiler-embeddable-1.1-M02.jar
7f11a61cf000-7f11a61d7000 r--s 0004e000 08:01 34341843                   /root/.gradle/wrapper/dists/gradle-3.3-all/55gk2rcmfc6p2dg9u9ohc3hw9/gradle-3.3/lib/gradle-script-kotlin-0.5.1.jar
7f11a61d7000-7f11a61da000 r--s 0000b000 08:01 34341874                   /root/.gradle/wrapper/dists/gradle-3.3-all/55gk2rcmfc6p2dg9u9ohc3hw9/gradle-3.3/lib/gradle-resources-3.3.jar
7f11a61da000-7f11a61dc000 r--s 00003000 08:01 34341883                   /root/.gradle/wrapper/dists/gradle-3.3-all/55gk2rcmfc6p2dg9u9ohc3hw9/gradle-3.3/lib/jcl-over-slf4j-1.7.10.jar
7f11a61dc000-7f11a61dd000 r--s 00005000 08:01 34341882                   /root/.gradle/wrapper/dists/gradle-3.3-all/55gk2rcmfc6p2dg9u9ohc3hw9/gradle-3.3/lib/log4j-over-slf4j-1.7.10.jar
7f11a61dd000-7f11a61df000 r--s 00000000 08:01 34341881                   /root/.gradle/wrapper/dists/gradle-3.3-all/55gk2rcmfc6p2dg9u9ohc3hw9/gradle-3.3/lib/jul-to-slf4j-1.7.10.jar
7f11a61df000-7f11a61e4000 r--s 0001e000 08:01 34341858                   /root/.gradle/wrapper/dists/gradle-3.3-all/55gk2rcmfc6p2dg9u9ohc3hw9/gradle-3.3/lib/gradle-logging-3.3.jar
7f11a61e4000-7f11a61e6000 r--s 00007000 08:01 34341902                   /root/.gradle/wrapper/dists/gradle-3.3-all/55gk2rcmfc6p2dg9u9ohc3hw9/gradle-3.3/lib/objenesis-1.2.jar
7f11a61e6000-7f11a61e8000 r--s 00000000 08:01 34341901                   /root/.gradle/wrapper/dists/gradle-3.3-all/55gk2rcmfc6p2dg9u9ohc3hw9/gradle-3.3/lib/minlog-1.2.jar
7f11a61e8000-7f11a61ea000 r--s 0000f000 08:01 34341900                   /root/.gradle/wrapper/dists/gradle-3.3-all/55gk2rcmfc6p2dg9u9ohc3hw9/gradle-3.3/lib/reflectasm-1.07-shaded.jar
7f11a61ea000-7f11a61ee000 r--s 00026000 08:01 34341885                   /root/.gradle/wrapper/dists/gradle-3.3-all/55gk2rcmfc6p2dg9u9ohc3hw9/gradle-3.3/lib/kryo-2.20.jar
7f11a61ee000-7f11a61f4000 r--s 00027000 08:01 34341873                   /root/.gradle/wrapper/dists/gradle-3.3-all/55gk2rcmfc6p2dg9u9ohc3hw9/gradle-3.3/lib/gradle-messaging-3.3.jar
7f11a61f4000-7f11a61f5000 r--s 00001000 08:01 34341899                   /root/.gradle/wrapper/dists/gradle-3.3-all/55gk2rcmfc6p2dg9u9ohc3hw9/gradle-3.3/lib/native-platform-linux-i386-ncurses6-0.12.jar
7f11a61f5000-7f11a61f6000 r--s 00001000 08:01 34341898                   /root/.gradle/wrapper/dists/gradle-3.3-all/55gk2rcmfc6p2dg9u9ohc3hw9/gradle-3.3/lib/native-platform-linux-i386-ncurses5-0.12.jar
7f11a61f6000-7f11a61f7000 r--s 00001000 08:01 34341897                   /root/.gradle/wrapper/dists/gradle-3.3-all/55gk2rcmfc6p2dg9u9ohc3hw9/gradle-3.3/lib/native-platform-linux-amd64-ncurses6-0.12.jar
7f11a61f7000-7f11a61f8000 r--s 00001000 08:01 34341896                   /root/.gradle/wrapper/dists/gradle-3.3-all/55gk2rcmfc6p2dg9u9ohc3hw9/gradle-3.3/lib/native-platform-linux-amd64-ncurses5-0.12.jar
7f11a61f8000-7f11a61f9000 r--s 0000b000 08:01 34341895                   /root/.gradle/wrapper/dists/gradle-3.3-all/55gk2rcmfc6p2dg9u9ohc3hw9/gradle-3.3/lib/native-platform-windows-i386-0.12.jar
7f11a61f9000-7f11a61fb000 r--s 0000b000 08:01 34341894                   /root/.gradle/wrapper/dists/gradle-3.3-all/55gk2rcmfc6p2dg9u9ohc3hw9/gradle-3.3/lib/native-platform-windows-amd64-0.12.jar
7f11a61fb000-7f11a61fd000 r--s 00002000 08:01 34341893                   /root/.gradle/wrapper/dists/gradle-3.3-all/55gk2rcmfc6p2dg9u9ohc3hw9/gradle-3.3/lib/native-platform-osx-i386-0.12.jar
7f11a61fd000-7f11a61fe000 r--s 00002000 08:01 34341892                   /root/.gradle/wrapper/dists/gradle-3.3-all/55gk2rcmfc6p2dg9u9ohc3hw9/gradle-3.3/lib/native-platform-osx-amd64-0.12.jar
7f11a61fe000-7f11a61ff000 r--s 00002000 08:01 34341891                   /root/.gradle/wrapper/dists/gradle-3.3-all/55gk2rcmfc6p2dg9u9ohc3hw9/gradle-3.3/lib/native-platform-linux-i386-0.12.jar
7f11a61ff000-7f11a6200000 r--s 00002000 08:01 34341890                   /root/.gradle/wrapper/dists/gradle-3.3-all/55gk2rcmfc6p2dg9u9ohc3hw9/gradle-3.3/lib/native-platform-linux-amd64-0.12.jar
7f11a6200000-7f11a6201000 r--s 00003000 08:01 34341889                   /root/.gradle/wrapper/dists/gradle-3.3-all/55gk2rcmfc6p2dg9u9ohc3hw9/gradle-3.3/lib/native-platform-freebsd-i386-libstdcpp-0.12.jar
7f11a6201000-7f11a6202000 r--s 00004000 08:01 34341888                   /root/.gradle/wrapper/dists/gradle-3.3-all/55gk2rcmfc6p2dg9u9ohc3hw9/gradle-3.3/lib/native-platform-freebsd-i386-libcpp-0.12.jar
7f11a6202000-7f11a6204000 r--s 00003000 08:01 34341887                   /root/.gradle/wrapper/dists/gradle-3.3-all/55gk2rcmfc6p2dg9u9ohc3hw9/gradle-3.3/lib/native-platform-freebsd-amd64-libstdcpp-0.12.jar
7f11a6204000-7f11a6205000 r--s 00004000 08:01 34341886                   /root/.gradle/wrapper/dists/gradle-3.3-all/55gk2rcmfc6p2dg9u9ohc3hw9/gradle-3.3/lib/native-platform-freebsd-amd64-libcpp-0.12.jar
7f11a6205000-7f11a6208000 r--s 00023000 08:01 34341880                   /root/.gradle/wrapper/dists/gradle-3.3-all/55gk2rcmfc6p2dg9u9ohc3hw9/gradle-3.3/lib/jansi-1.14.jar
7f11a6208000-7f11a620c000 r--s 00011000 08:01 34341879                   /root/.gradle/wrapper/dists/gradle-3.3-all/55gk2rcmfc6p2dg9u9ohc3hw9/gradle-3.3/lib/native-platform-0.12.jar
7f11a620c000-7f11a620f000 r--s 0000a000 08:01 34341857                   /root/.gradle/wrapper/dists/gradle-3.3-all/55gk2rcmfc6p2dg9u9ohc3hw9/gradle-3.3/lib/gradle-native-3.3.jar
7f11a620f000-7f11a6211000 r--s 00005000 08:01 34341854                   /root/.gradle/wrapper/dists/gradle-3.3-all/55gk2rcmfc6p2dg9u9ohc3hw9/gradle-3.3/lib/gradle-cli-3.3.jar
7f11a6211000-7f11a6213000 r--s 00007000 08:01 34341865                   /root/.gradle/wrapper/dists/gradle-3.3-all/55gk2rcmfc6p2dg9u9ohc3hw9/gradle-3.3/lib/gradle-model-groovy-3.3.jar
7f11a6213000-7f11a6215000 r--s 00006000 08:01 34341872                   /root/.gradle/wrapper/dists/gradle-3.3-all/55gk2rcmfc6p2dg9u9ohc3hw9/gradle-3.3/lib/gradle-base-services-groovy-3.3.jar
7f11a6215000-7f11a6224000 r--s 0007f000 08:01 34341864                   /root/.gradle/wrapper/dists/gradle-3.3-all/55gk2rcmfc6p2dg9u9ohc3hw9/gradle-3.3/lib/gradle-model-core-3.3.jar
7f11a6224000-7f11a6225000 r--s 00002000 08:01 34341875                   /root/.gradle/wrapper/dists/gradle-3.3-all/55gk2rcmfc6p2dg9u9ohc3hw9/gradle-3.3/lib/gradle-docs-3.3.jar
7f11a6225000-7f11a6232000 r--s 00083000 08:01 34341868                   /root/.gradle/wrapper/dists/gradle-3.3-all/55gk2rcmfc6p2dg9u9ohc3hw9/gradle-3.3/lib/commons-collections-3.2.2.jar
7f11a6232000-7f11a62a2000 r--s 00641000 08:01 34341863                   /root/.gradle/wrapper/dists/gradle-3.3-all/55gk2rcmfc6p2dg9u9ohc3hw9/gradle-3.3/lib/groovy-all-2.4.7.jar
7f11a62a2000-7f11a62ca000 r--s 001cf000 08:01 34341860                   /root/.gradle/wrapper/dists/gradle-3.3-all/55gk2rcmfc6p2dg9u9ohc3hw9/gradle-3.3/lib/guava-jdk5-17.0.jar
7f11a62ca000-7f11a62e9000 r--s 001d1000 08:01 34341867                   /root/.gradle/wrapper/dists/gradle-3.3-all/55gk2rcmfc6p2dg9u9ohc3hw9/gradle-3.3/lib/ant-1.9.6.jar
7f11a62e9000-7f11a6326000 r--s 001f8000 08:01 34341853                   /root/.gradle/wrapper/dists/gradle-3.3-all/55gk2rcmfc6p2dg9u9ohc3hw9/gradle-3.3/lib/gradle-core-3.3.jar
7f11a6326000-7f11a6327000 ---p 00000000 00:00 0 
7f11a6327000-7f11a6427000 rw-p 00000000 00:00 0 
7f11a6427000-7f11a642a000 ---p 00000000 00:00 0 
7f11a642a000-7f11a6528000 rw-p 00000000 00:00 0 
7f11a6528000-7f11a652b000 ---p 00000000 00:00 0 
7f11a652b000-7f11a6629000 rw-p 00000000 00:00 0 
7f11a6629000-7f11a662c000 ---p 00000000 00:00 0 
7f11a662c000-7f11a672a000 rw-p 00000000 00:00 0 
7f11a672a000-7f11a672d000 ---p 00000000 00:00 0 
7f11a672d000-7f11a682b000 rw-p 00000000 00:00 0 
7f11a682b000-7f11a682e000 ---p 00000000 00:00 0 
7f11a682e000-7f11a692c000 rw-p 00000000 00:00 0 
7f11a692c000-7f11a6c05000 r--p 00000000 08:01 11010311                   /usr/lib/locale/locale-archive
7f11a6c05000-7f11a6c08000 ---p 00000000 00:00 0 
7f11a6c08000-7f11a6d06000 rw-p 00000000 00:00 0 
7f11a6d06000-7f11a6d09000 ---p 00000000 00:00 0 
7f11a6d09000-7f11a6e07000 rw-p 00000000 00:00 0 
7f11a6e07000-7f11a6e08000 ---p 00000000 00:00 0 
7f11a6e08000-7f11a7e9b000 rw-p 00000000 00:00 0 
7f11a7e9b000-7f11a8074000 r--s 03d3e000 08:01 11144026                   /usr/local/java/jdk1.8.0_121/jre/lib/rt.jar
7f11a8074000-7f11abbea000 rw-p 00000000 00:00 0 
7f11abbea000-7f11abbeb000 ---p 00000000 00:00 0 
7f11abbeb000-7f11abceb000 rw-p 00000000 00:00 0 
7f11abceb000-7f11abcec000 ---p 00000000 00:00 0 
7f11abcec000-7f11abdec000 rw-p 00000000 00:00 0 
7f11abdec000-7f11abded000 ---p 00000000 00:00 0 
7f11abded000-7f11abfac000 rw-p 00000000 00:00 0 
7f11abfac000-7f11ac0ed000 ---p 00000000 00:00 0 
7f11ac0ed000-7f11ac1ac000 rw-p 00000000 00:00 0 
7f11ac1ac000-7f11ac2ed000 ---p 00000000 00:00 0 
7f11ac2ed000-7f11ac34d000 rw-p 00000000 00:00 0 
7f11ac34d000-7f11ac3ed000 ---p 00000000 00:00 0 
7f11ac3ed000-7f11ac449000 rw-p 00000000 00:00 0 
7f11ac449000-7f11ac7ae000 ---p 00000000 00:00 0 
7f11ac7ae000-7f11ade3e000 rwxp 00000000 00:00 0 
7f11ade3e000-7f11bb7ae000 ---p 00000000 00:00 0 
7f11bb7ae000-7f11bb7c8000 r-xp 00000000 08:01 11144057                   /usr/local/java/jdk1.8.0_121/jre/lib/amd64/libzip.so
7f11bb7c8000-7f11bb9c8000 ---p 0001a000 08:01 11144057                   /usr/local/java/jdk1.8.0_121/jre/lib/amd64/libzip.so
7f11bb9c8000-7f11bb9c9000 rw-p 0001a000 08:01 11144057                   /usr/local/java/jdk1.8.0_121/jre/lib/amd64/libzip.so
7f11bb9c9000-7f11bb9d4000 r-xp 00000000 08:01 4981359                    /lib/x86_64-linux-gnu/libnss_files-2.23.so
7f11bb9d4000-7f11bbbd3000 ---p 0000b000 08:01 4981359                    /lib/x86_64-linux-gnu/libnss_files-2.23.so
7f11bbbd3000-7f11bbbd4000 r--p 0000a000 08:01 4981359                    /lib/x86_64-linux-gnu/libnss_files-2.23.so
7f11bbbd4000-7f11bbbd5000 rw-p 0000b000 08:01 4981359                    /lib/x86_64-linux-gnu/libnss_files-2.23.so
7f11bbbd5000-7f11bbbdb000 rw-p 00000000 00:00 0 
7f11bbbdb000-7f11bbbe6000 r-xp 00000000 08:01 4981330                    /lib/x86_64-linux-gnu/libnss_nis-2.23.so
7f11bbbe6000-7f11bbde5000 ---p 0000b000 08:01 4981330                    /lib/x86_64-linux-gnu/libnss_nis-2.23.so
7f11bbde5000-7f11bbde6000 r--p 0000a000 08:01 4981330                    /lib/x86_64-linux-gnu/libnss_nis-2.23.so
7f11bbde6000-7f11bbde7000 rw-p 0000b000 08:01 4981330                    /lib/x86_64-linux-gnu/libnss_nis-2.23.so
7f11bbde7000-7f11bbdfd000 r-xp 00000000 08:01 4981342                    /lib/x86_64-linux-gnu/libnsl-2.23.so
7f11bbdfd000-7f11bbffc000 ---p 00016000 08:01 4981342                    /lib/x86_64-linux-gnu/libnsl-2.23.so
7f11bbffc000-7f11bbffd000 r--p 00015000 08:01 4981342                    /lib/x86_64-linux-gnu/libnsl-2.23.so
7f11bbffd000-7f11bbffe000 rw-p 00016000 08:01 4981342                    /lib/x86_64-linux-gnu/libnsl-2.23.so
7f11bbffe000-7f11bc000000 rw-p 00000000 00:00 0 
7f11bc000000-7f11bcd0d000 rw-p 00000000 00:00 0 
7f11bcd0d000-7f11c0000000 ---p 00000000 00:00 0 
7f11c0000000-7f11c004f000 rw-p 00000000 00:00 0 
7f11c004f000-7f11c0050000 ---p 00000000 00:00 0 
7f11c0050000-7f11c0150000 rw-p 00000000 00:00 0 
7f11c0150000-7f11c0158000 r-xp 00000000 08:01 4981362                    /lib/x86_64-linux-gnu/libnss_compat-2.23.so
7f11c0158000-7f11c0357000 ---p 00008000 08:01 4981362                    /lib/x86_64-linux-gnu/libnss_compat-2.23.so
7f11c0357000-7f11c0358000 r--p 00007000 08:01 4981362                    /lib/x86_64-linux-gnu/libnss_compat-2.23.so
7f11c0358000-7f11c0359000 rw-p 00008000 08:01 4981362                    /lib/x86_64-linux-gnu/libnss_compat-2.23.so
7f11c0359000-7f11c0384000 r-xp 00000000 08:01 11144613                   /usr/local/java/jdk1.8.0_121/jre/lib/amd64/libjava.so
7f11c0384000-7f11c0583000 ---p 0002b000 08:01 11144613                   /usr/local/java/jdk1.8.0_121/jre/lib/amd64/libjava.so
7f11c0583000-7f11c0585000 rw-p 0002a000 08:01 11144613                   /usr/local/java/jdk1.8.0_121/jre/lib/amd64/libjava.so
7f11c0585000-7f11c0592000 r-xp 00000000 08:01 11144035                   /usr/local/java/jdk1.8.0_121/jre/lib/amd64/libverify.so
7f11c0592000-7f11c0791000 ---p 0000d000 08:01 11144035                   /usr/local/java/jdk1.8.0_121/jre/lib/amd64/libverify.so
7f11c0791000-7f11c0793000 rw-p 0000c000 08:01 11144035                   /usr/local/java/jdk1.8.0_121/jre/lib/amd64/libverify.so
7f11c0793000-7f11c079a000 r-xp 00000000 08:01 4981363                    /lib/x86_64-linux-gnu/librt-2.23.so
7f11c079a000-7f11c0999000 ---p 00007000 08:01 4981363                    /lib/x86_64-linux-gnu/librt-2.23.so
7f11c0999000-7f11c099a000 r--p 00006000 08:01 4981363                    /lib/x86_64-linux-gnu/librt-2.23.so
7f11c099a000-7f11c099b000 rw-p 00007000 08:01 4981363                    /lib/x86_64-linux-gnu/librt-2.23.so
7f11c099b000-7f11c0aa3000 r-xp 00000000 08:01 4981336                    /lib/x86_64-linux-gnu/libm-2.23.so
7f11c0aa3000-7f11c0ca2000 ---p 00108000 08:01 4981336                    /lib/x86_64-linux-gnu/libm-2.23.so
7f11c0ca2000-7f11c0ca3000 r--p 00107000 08:01 4981336                    /lib/x86_64-linux-gnu/libm-2.23.so
7f11c0ca3000-7f11c0ca4000 rw-p 00108000 08:01 4981336                    /lib/x86_64-linux-gnu/libm-2.23.so
7f11c0ca4000-7f11c1972000 r-xp 00000000 08:01 11144883                   /usr/local/java/jdk1.8.0_121/jre/lib/amd64/server/libjvm.so
7f11c1972000-7f11c1b72000 ---p 00cce000 08:01 11144883                   /usr/local/java/jdk1.8.0_121/jre/lib/amd64/server/libjvm.so
7f11c1b72000-7f11c1c4b000 rw-p 00cce000 08:01 11144883                   /usr/local/java/jdk1.8.0_121/jre/lib/amd64/server/libjvm.so
7f11c1c4b000-7f11c1c96000 rw-p 00000000 00:00 0 
7f11c1c96000-7f11c1e55000 r-xp 00000000 08:01 4981344                    /lib/x86_64-linux-gnu/libc-2.23.so
7f11c1e55000-7f11c2055000 ---p 001bf000 08:01 4981344                    /lib/x86_64-linux-gnu/libc-2.23.so
7f11c2055000-7f11c2059000 r--p 001bf000 08:01 4981344                    /lib/x86_64-linux-gnu/libc-2.23.so
7f11c2059000-7f11c205b000 rw-p 001c3000 08:01 4981344                    /lib/x86_64-linux-gnu/libc-2.23.so
7f11c205b000-7f11c205f000 rw-p 00000000 00:00 0 
7f11c205f000-7f11c2062000 r-xp 00000000 08:01 4981328                    /lib/x86_64-linux-gnu/libdl-2.23.so
7f11c2062000-7f11c2261000 ---p 00003000 08:01 4981328                    /lib/x86_64-linux-gnu/libdl-2.23.so
7f11c2261000-7f11c2262000 r--p 00002000 08:01 4981328                    /lib/x86_64-linux-gnu/libdl-2.23.so
7f11c2262000-7f11c2263000 rw-p 00003000 08:01 4981328                    /lib/x86_64-linux-gnu/libdl-2.23.so
7f11c2263000-7f11c2278000 r-xp 00000000 08:01 11020813                   /usr/local/java/jdk1.8.0_121/lib/amd64/jli/libjli.so
7f11c2278000-7f11c2478000 ---p 00015000 08:01 11020813                   /usr/local/java/jdk1.8.0_121/lib/amd64/jli/libjli.so
7f11c2478000-7f11c2479000 rw-p 00015000 08:01 11020813                   /usr/local/java/jdk1.8.0_121/lib/amd64/jli/libjli.so
7f11c2479000-7f11c2491000 r-xp 00000000 08:01 4981369                    /lib/x86_64-linux-gnu/libpthread-2.23.so
7f11c2491000-7f11c2690000 ---p 00018000 08:01 4981369                    /lib/x86_64-linux-gnu/libpthread-2.23.so
7f11c2690000-7f11c2691000 r--p 00017000 08:01 4981369                    /lib/x86_64-linux-gnu/libpthread-2.23.so
7f11c2691000-7f11c2692000 rw-p 00018000 08:01 4981369                    /lib/x86_64-linux-gnu/libpthread-2.23.so
7f11c2692000-7f11c2696000 rw-p 00000000 00:00 0 
7f11c2696000-7f11c26bc000 r-xp 00000000 08:01 4981346                    /lib/x86_64-linux-gnu/ld-2.23.so
7f11c26bc000-7f11c26bd000 r--s 00000000 08:01 34341871                   /root/.gradle/wrapper/dists/gradle-3.3-all/55gk2rcmfc6p2dg9u9ohc3hw9/gradle-3.3/lib/javax.inject-1.jar
7f11c26bd000-7f11c26be000 r--s 00000000 08:01 34341870                   /root/.gradle/wrapper/dists/gradle-3.3-all/55gk2rcmfc6p2dg9u9ohc3hw9/gradle-3.3/lib/jcip-annotations-1.0.jar
7f11c26be000-7f11c26c2000 r--s 00027000 08:01 34341869                   /root/.gradle/wrapper/dists/gradle-3.3-all/55gk2rcmfc6p2dg9u9ohc3hw9/gradle-3.3/lib/commons-io-2.2.jar
7f11c26c2000-7f11c26c7000 r--s 00038000 08:01 34341866                   /root/.gradle/wrapper/dists/gradle-3.3-all/55gk2rcmfc6p2dg9u9ohc3hw9/gradle-3.3/lib/asm-all-5.1.jar
7f11c26c7000-7f11c26c8000 r--s 00001000 08:01 34341862                   /root/.gradle/wrapper/dists/gradle-3.3-all/55gk2rcmfc6p2dg9u9ohc3hw9/gradle-3.3/lib/gradle-process-services-3.3.jar
7f11c26c8000-7f11c26cd000 r--s 00041000 08:01 34341861                   /root/.gradle/wrapper/dists/gradle-3.3-all/55gk2rcmfc6p2dg9u9ohc3hw9/gradle-3.3/lib/commons-lang-2.6.jar
7f11c26cd000-7f11c26d6000 r--s 00042000 08:01 34341851                   /root/.gradle/wrapper/dists/gradle-3.3-all/55gk2rcmfc6p2dg9u9ohc3hw9/gradle-3.3/lib/gradle-base-services-3.3.jar
7f11c26d6000-7f11c2798000 rw-p 00000000 00:00 0 
7f11c2798000-7f11c279b000 ---p 00000000 00:00 0 
7f11c279b000-7f11c289d000 rw-p 00000000 00:00 0 
7f11c289d000-7f11c289f000 r--s 00000000 08:01 34341852                   /root/.gradle/wrapper/dists/gradle-3.3-all/55gk2rcmfc6p2dg9u9ohc3hw9/gradle-3.3/lib/gradle-jvm-services-3.3.jar
7f11c289f000-7f11c28a0000 r--s 00000000 08:01 34342017                   /root/.gradle/wrapper/dists/gradle-3.3-all/55gk2rcmfc6p2dg9u9ohc3hw9/gradle-3.3/lib/gradle-version-info-3.3.jar
7f11c28a0000-7f11c28a1000 r--s 00007000 08:01 34341859                   /root/.gradle/wrapper/dists/gradle-3.3-all/55gk2rcmfc6p2dg9u9ohc3hw9/gradle-3.3/lib/slf4j-api-1.7.10.jar
7f11c28a1000-7f11c28a2000 r--s 00004000 08:01 34341884                   /root/.gradle/wrapper/dists/gradle-3.3-all/55gk2rcmfc6p2dg9u9ohc3hw9/gradle-3.3/lib/ant-launcher-1.9.6.jar
7f11c28a2000-7f11c28af000 r--s 0005c000 08:01 34341848                   /root/.gradle/wrapper/dists/gradle-3.3-all/55gk2rcmfc6p2dg9u9ohc3hw9/gradle-3.3/lib/gradle-launcher-3.3.jar
7f11c28af000-7f11c28b7000 rw-s 00000000 08:01 9701340                    /tmp/hsperfdata_root/2845
7f11c28b7000-7f11c28b8000 rw-p 00000000 00:00 0 
7f11c28b8000-7f11c28b9000 ---p 00000000 00:00 0 
7f11c28b9000-7f11c28bb000 rw-p 00000000 00:00 0 
7f11c28bb000-7f11c28bc000 r--p 00025000 08:01 4981346                    /lib/x86_64-linux-gnu/ld-2.23.so
7f11c28bc000-7f11c28bd000 rw-p 00026000 08:01 4981346                    /lib/x86_64-linux-gnu/ld-2.23.so
7f11c28bd000-7f11c28be000 rw-p 00000000 00:00 0 
7ffe4d423000-7ffe4d444000 rw-p 00000000 00:00 0                          [stack]
7ffe4d482000-7ffe4d484000 r--p 00000000 00:00 0                          [vvar]
7ffe4d484000-7ffe4d486000 r-xp 00000000 00:00 0                          [vdso]
ffffffffff600000-ffffffffff601000 r-xp 00000000 00:00 0                  [vsyscall]

VM Arguments:
jvm_args: -Xmx1536m -Dfile.encoding=UTF-8 -Duser.country=US -Duser.language=en -Duser.variant 
java_command: org.gradle.launcher.daemon.bootstrap.GradleDaemon 3.3
java_class_path (initial): /root/.gradle/wrapper/dists/gradle-3.3-all/55gk2rcmfc6p2dg9u9ohc3hw9/gradle-3.3/lib/gradle-launcher-3.3.jar
Launcher Type: SUN_STANDARD

Environment Variables:
JAVA_HOME=/usr/local/java/jdk1.8.0_121/
PATH=/usr/local/sbin:/usr/local/bin:/usr/sbin:/usr/bin:/sbin:/bin:/snap/bin
USERNAME=root
LD_LIBRARY_PATH=/opt/android-studio/bin:
SHELL=/bin/bash
DISPLAY=:0

Signal Handlers:
SIGSEGV: [libjvm.so+0xac78c0], sa_mask[0]=11111111011111111101111111111110, sa_flags=SA_RESTART|SA_SIGINFO
SIGBUS: [libjvm.so+0xac78c0], sa_mask[0]=11111111011111111101111111111110, sa_flags=SA_RESTART|SA_SIGINFO
SIGFPE: [libjvm.so+0x920ac0], sa_mask[0]=11111111011111111101111111111110, sa_flags=SA_RESTART|SA_SIGINFO
SIGPIPE: [libjvm.so+0x920ac0], sa_mask[0]=11111111011111111101111111111110, sa_flags=SA_RESTART|SA_SIGINFO
SIGXFSZ: [libjvm.so+0x920ac0], sa_mask[0]=11111111011111111101111111111110, sa_flags=SA_RESTART|SA_SIGINFO
SIGILL: [libjvm.so+0x920ac0], sa_mask[0]=11111111011111111101111111111110, sa_flags=SA_RESTART|SA_SIGINFO
SIGUSR1: SIG_DFL, sa_mask[0]=00000000000000000000000000000000, sa_flags=none
SIGUSR2: [libjvm.so+0x922300], sa_mask[0]=00100000000000000000000000000000, sa_flags=SA_RESTART|SA_SIGINFO
SIGHUP: [libjvm.so+0x923700], sa_mask[0]=11111111011111111101111111111110, sa_flags=SA_RESTART|SA_SIGINFO
SIGINT: [libjvm.so+0x923700], sa_mask[0]=11111111011111111101111111111110, sa_flags=SA_RESTART|SA_SIGINFO
SIGTERM: [libjvm.so+0x923700], sa_mask[0]=11111111011111111101111111111110, sa_flags=SA_RESTART|SA_SIGINFO
SIGQUIT: [libjvm.so+0x923700], sa_mask[0]=11111111011111111101111111111110, sa_flags=SA_RESTART|SA_SIGINFO


---------------  S Y S T E M  ---------------

OS:DISTRIB_ID=Ubuntu
DISTRIB_RELEASE=16.04
DISTRIB_CODENAME=xenial
DISTRIB_DESCRIPTION="Ubuntu 16.04.2 LTS"

uname:Linux 4.4.0-79-generic #100-Ubuntu SMP Wed May 17 19:58:14 UTC 2017 x86_64
libc:glibc 2.23 NPTL 2.23 
rlimit: STACK 8192k, CORE 0k, NPROC 31513, NOFILE 65536, AS infinity
load average:1.95 1.49 1.01

/proc/meminfo:
MemTotal:        8107672 kB
MemFree:         4146960 kB
MemAvailable:    5390928 kB
Buffers:          149608 kB
Cached:          1460996 kB
SwapCached:            0 kB
Active:          2813428 kB
Inactive:         876412 kB
Active(anon):    2092320 kB
Inactive(anon):   186100 kB
Active(file):     721108 kB
Inactive(file):   690312 kB
Unevictable:          32 kB
Mlocked:              32 kB
SwapTotal:       8319996 kB
SwapFree:        8319996 kB
Dirty:             44888 kB
Writeback:             0 kB
AnonPages:       2081368 kB
Mapped:           341676 kB
Shmem:            199140 kB
Slab:             147624 kB
SReclaimable:     112120 kB
SUnreclaim:        35504 kB
KernelStack:        9488 kB
PageTables:        38644 kB
NFS_Unstable:          0 kB
Bounce:                0 kB
WritebackTmp:          0 kB
CommitLimit:    12373832 kB
Committed_AS:    6377156 kB
VmallocTotal:   34359738367 kB
VmallocUsed:           0 kB
VmallocChunk:          0 kB
HardwareCorrupted:     0 kB
AnonHugePages:    833536 kB
CmaTotal:              0 kB
CmaFree:               0 kB
HugePages_Total:       0
HugePages_Free:        0
HugePages_Rsvd:        0
HugePages_Surp:        0
Hugepagesize:       2048 kB
DirectMap4k:      135872 kB
DirectMap2M:     2942976 kB
DirectMap1G:     6291456 kB


CPU:total 4 (2 cores per cpu, 2 threads per core) family 6 model 69 stepping 1, cmov, cx8, fxsr, mmx, sse, sse2, sse3, ssse3, sse4.1, sse4.2, popcnt, avx, avx2, aes, clmul, erms, lzcnt, ht, tsc, tscinvbit, bmi1, bmi2

/proc/cpuinfo:
processor	: 0
vendor_id	: GenuineIntel
cpu family	: 6
model		: 69
model name	: Intel(R) Core(TM) i5-4200U CPU @ 1.60GHz
stepping	: 1
microcode	: 0x16
cpu MHz		: 2299.910
cache size	: 3072 KB
physical id	: 0
siblings	: 4
core id		: 0
cpu cores	: 2
apicid		: 0
initial apicid	: 0
fpu		: yes
fpu_exception	: yes
cpuid level	: 13
wp		: yes
flags		: fpu vme de pse tsc msr pae mce cx8 apic sep mtrr pge mca cmov pat pse36 clflush dts acpi mmx fxsr sse sse2 ss ht tm pbe syscall nx pdpe1gb rdtscp lm constant_tsc arch_perfmon pebs bts rep_good nopl xtopology nonstop_tsc aperfmperf eagerfpu pni pclmulqdq dtes64 monitor ds_cpl vmx est tm2 ssse3 sdbg fma cx16 xtpr pdcm pcid sse4_1 sse4_2 movbe popcnt tsc_deadline_timer aes xsave avx f16c rdrand lahf_lm abm epb tpr_shadow vnmi flexpriority ept vpid fsgsbase tsc_adjust bmi1 avx2 smep bmi2 erms invpcid xsaveopt dtherm ida arat pln pts
bugs		:
bogomips	: 4589.65
clflush size	: 64
cache_alignment	: 64
address sizes	: 39 bits physical, 48 bits virtual
power management:

processor	: 1
vendor_id	: GenuineIntel
cpu family	: 6
model		: 69
model name	: Intel(R) Core(TM) i5-4200U CPU @ 1.60GHz
stepping	: 1
microcode	: 0x16
cpu MHz		: 2299.910
cache size	: 3072 KB
physical id	: 0
siblings	: 4
core id		: 0
cpu cores	: 2
apicid		: 1
initial apicid	: 1
fpu		: yes
fpu_exception	: yes
cpuid level	: 13
wp		: yes
flags		: fpu vme de pse tsc msr pae mce cx8 apic sep mtrr pge mca cmov pat pse36 clflush dts acpi mmx fxsr sse sse2 ss ht tm pbe syscall nx pdpe1gb rdtscp lm constant_tsc arch_perfmon pebs bts rep_good nopl xtopology nonstop_tsc aperfmperf eagerfpu pni pclmulqdq dtes64 monitor ds_cpl vmx est tm2 ssse3 sdbg fma cx16 xtpr pdcm pcid sse4_1 sse4_2 movbe popcnt tsc_deadline_timer aes xsave avx f16c rdrand lahf_lm abm epb tpr_shadow vnmi flexpriority ept vpid fsgsbase tsc_adjust bmi1 avx2 smep bmi2 erms invpcid xsaveopt dtherm ida arat pln pts
bugs		:
bogomips	: 4589.65
clflush size	: 64
cache_alignment	: 64
address sizes	: 39 bits physical, 48 bits virtual
power management:

processor	: 2
vendor_id	: GenuineIntel
cpu family	: 6
model		: 69
model name	: Intel(R) Core(TM) i5-4200U CPU @ 1.60GHz
stepping	: 1
microcode	: 0x16
cpu MHz		: 2299.910
cache size	: 3072 KB
physical id	: 0
siblings	: 4
core id		: 1
cpu cores	: 2
apicid		: 2
initial apicid	: 2
fpu		: yes
fpu_exception	: yes
cpuid level	: 13
wp		: yes
flags		: fpu vme de pse tsc msr pae mce cx8 apic sep mtrr pge mca cmov pat pse36 clflush dts acpi mmx fxsr sse sse2 ss ht tm pbe syscall nx pdpe1gb rdtscp lm constant_tsc arch_perfmon pebs bts rep_good nopl xtopology nonstop_tsc aperfmperf eagerfpu pni pclmulqdq dtes64 monitor ds_cpl vmx est tm2 ssse3 sdbg fma cx16 xtpr pdcm pcid sse4_1 sse4_2 movbe popcnt tsc_deadline_timer aes xsave avx f16c rdrand lahf_lm abm epb tpr_shadow vnmi flexpriority ept vpid fsgsbase tsc_adjust bmi1 avx2 smep bmi2 erms invpcid xsaveopt dtherm ida arat pln pts
bugs		:
bogomips	: 4589.65
clflush size	: 64
cache_alignment	: 64
address sizes	: 39 bits physical, 48 bits virtual
power management:

processor	: 3
vendor_id	: GenuineIntel
cpu family	: 6
model		: 69
model name	: Intel(R) Core(TM) i5-4200U CPU @ 1.60GHz
stepping	: 1
microcode	: 0x16
cpu MHz		: 2299.910
cache size	: 3072 KB
physical id	: 0
siblings	: 4
core id		: 1
cpu cores	: 2
apicid		: 3
initial apicid	: 3
fpu		: yes
fpu_exception	: yes
cpuid level	: 13
wp		: yes
flags		: fpu vme de pse tsc msr pae mce cx8 apic sep mtrr pge mca cmov pat pse36 clflush dts acpi mmx fxsr sse sse2 ss ht tm pbe syscall nx pdpe1gb rdtscp lm constant_tsc arch_perfmon pebs bts rep_good nopl xtopology nonstop_tsc aperfmperf eagerfpu pni pclmulqdq dtes64 monitor ds_cpl vmx est tm2 ssse3 sdbg fma cx16 xtpr pdcm pcid sse4_1 sse4_2 movbe popcnt tsc_deadline_timer aes xsave avx f16c rdrand lahf_lm abm epb tpr_shadow vnmi flexpriority ept vpid fsgsbase tsc_adjust bmi1 avx2 smep bmi2 erms invpcid xsaveopt dtherm ida arat pln pts
bugs		:
bogomips	: 4589.65
clflush size	: 64
cache_alignment	: 64
address sizes	: 39 bits physical, 48 bits virtual
power management:



Memory: 4k page, physical 8107672k(4146836k free), swap 8319996k(8319996k free)

vm_info: Java HotSpot(TM) 64-Bit Server VM (25.121-b13) for linux-amd64 JRE (1.8.0_121-b13), built on Dec 12 2016 16:36:53 by "java_re" with gcc 4.3.0 20080428 (Red Hat 4.3.0-8)

time: Fri Jul 14 00:42:16 2017
elapsed time: 27 seconds (0d 0h 0m 27s)

