#
# A fatal error has been detected by the Java Runtime Environment:
#
#  SIGSEGV (0xb) at pc=0x00007f4074cc43e2, pid=2987, tid=0x00007f40563f4700
#
# JRE version: Java(TM) SE Runtime Environment (8.0_121-b13) (build 1.8.0_121-b13)
# Java VM: Java HotSpot(TM) 64-Bit Server VM (25.121-b13 mixed mode linux-amd64 compressed oops)
# Problematic frame:
# V  [libjvm.so+0x3373e2]  trace_frequency_order+0x12
#
# Failed to write core dump. Core dumps have been disabled. To enable core dumping, try "ulimit -c unlimited" before starting Java again
#
# If you would like to submit a bug report, please visit:
#   http://bugreport.java.com/bugreport/crash.jsp
#

---------------  T H R E A D  ---------------

Current thread (0x00007f40700bc000):  JavaThread "C2 CompilerThread1" daemon [_thread_in_native, id=3000, stack(0x00007f40562f4000,0x00007f40563f5000)]

siginfo: si_signo: 11 (SIGSEGV), si_code: 1 (SEGV_MAPERR), si_addr: 0x0000200000000088

Registers:
RAX=0x00007f40309dc6a0, RBX=0x00007f40563f07a0, RCX=0x00007f4030089110, RDX=0x0000200000000000
RSP=0x00007f40563f05e0, RBP=0x00007f40563f05e0, RSI=0x00007f40309dc688, RDI=0x00007f40324f9810
R8 =0x00007f40300890b0, R9 =0x0000000000000001, R10=0x00007f4030084c00, R11=0x00007f4030084e80
R12=0x0000000000000001, R13=0x00007f40309dc680, R14=0x00007f4074cc43d0, R15=0x00007f40309dc688
RIP=0x00007f4074cc43e2, EFLAGS=0x0000000000010202, CSGSFS=0x0000000000000033, ERR=0x0000000000000004
  TRAPNO=0x000000000000000e

Top of Stack: (sp=0x00007f40563f05e0)
0x00007f40563f05e0:   0000000000000001 00007f40759b8232
0x00007f40563f05f0:   0000000000000013 0000000000000000
0x00007f40563f0600:   0000000000000008 00007f40563f0820
0x00007f40563f0610:   0000000000000007 00007f40309dc680
0x00007f40563f0620:   00007f40563f0650 0000000000000000
0x00007f40563f0630:   0000000000000008 0000000000000002
0x00007f40563f0640:   00007f40563f06a0 0000000000000008
0x00007f40563f0650:   0000000000000002 0000000000000002
0x00007f40563f0660:   0000000000000050 00007f40309dc658
0x00007f40563f0670:   00007f40309dc680 00007f40759b7edd
0x00007f40563f0680:   0000000000000025 0000000000000000
0x00007f40563f0690:   0000000000000008 00007f40563f0820
0x00007f40563f06a0:   0000000000000005 00007f40309dc670
0x00007f40563f06b0:   00007f40563f1f98 0000000000000000
0x00007f40563f06c0:   0000000000000008 0000000000000004
0x00007f40563f06d0:   00007f4000000042 0000000000000008
0x00007f40563f06e0:   0000000000000004 0000000000000003
0x00007f40563f06f0:   0000000000000050 00007f40309dc658
0x00007f40563f0700:   00007f40309dc670 00007f40759b7edd
0x00007f40563f0710:   000000000000004a 0000000000000001
0x00007f40563f0720:   00000000000004a0 00007f40563f0820
0x00007f40563f0730:   0000000000000009 00007f40309dc658
0x00007f40563f0740:   0000000000000000 0000000000000008
0x00007f40563f0750:   00007f40563f0860 0000000000000007
0x00007f40563f0760:   00000000000004a0 0000000000000008
0x00007f40563f0770:   00007f40563f0880 0000000000000008
0x00007f40563f0780:   0000000000000050 00007f40309dc658
0x00007f40563f0790:   00007f4074cc43d0 00007f40759b869f
0x00007f40563f07a0:   00007f4030089110 00007f40300890b0
0x00007f40563f07b0:   00007f40563f0860 0000000000000000
0x00007f40563f07c0:   00000000000004a0 00007f40759b86ab
0x00007f40563f07d0:   00007f400000000a 00007f4034f7d5f0 

Instructions: (pc=0x00007f4074cc43e2)
0x00007f4074cc43c2:   8b 17 2b 48 68 03 4a 68 c9 89 c8 c3 66 90 55 48
0x00007f4074cc43d2:   8b 07 48 89 e5 48 8b 78 18 48 8b 06 48 8b 50 18
0x00007f4074cc43e2:   0f b6 8a 88 00 00 00 38 8f 88 00 00 00 74 17 84
0x00007f4074cc43f2:   c9 b8 ff ff ff ff 75 05 b8 01 00 00 00 c9 c3 0f 

Register to memory mapping:

RAX=0x00007f40309dc6a0 is an unknown value
RBX=0x00007f40563f07a0 is pointing into the stack for thread: 0x00007f40700bc000
RCX=0x00007f4030089110 is an unknown value
RDX=0x0000200000000000 is an unknown value
RSP=0x00007f40563f05e0 is pointing into the stack for thread: 0x00007f40700bc000
RBP=0x00007f40563f05e0 is pointing into the stack for thread: 0x00007f40700bc000
RSI=0x00007f40309dc688 is an unknown value
RDI=0x00007f40324f9810 is an unknown value
R8 =0x00007f40300890b0 is an unknown value
R9 =0x0000000000000001 is an unknown value
R10=0x00007f4030084c00 is an unknown value
R11=0x00007f4030084e80 is an unknown value
R12=0x0000000000000001 is an unknown value
R13=0x00007f40309dc680 is an unknown value
R14=0x00007f4074cc43d0: <offset 0x3373d0> in /usr/local/java/jdk1.8.0_121/jre/lib/amd64/server/libjvm.so at 0x00007f407498d000
R15=0x00007f40309dc688 is an unknown value


Stack: [0x00007f40562f4000,0x00007f40563f5000],  sp=0x00007f40563f05e0,  free space=1009k
Native frames: (J=compiled Java code, j=interpreted, Vv=VM code, C=native code)
V  [libjvm.so+0x3373e2]  trace_frequency_order+0x12
C  [libc.so.6+0x39232]


Current CompileTask:
C2:  18000 2603       4       com.sun.org.apache.xerces.internal.util.SymbolTable::addSymbol (110 bytes)


---------------  P R O C E S S  ---------------

Java Threads: ( => current thread )
  0x00007f4008253000 JavaThread "File lock request listener" [_thread_in_native, id=3066, stack(0x00007f400f080000,0x00007f400f181000)]
  0x00007f40086a2800 JavaThread "process reaper" daemon [_thread_blocked, id=3064, stack(0x00007f400f8c4000,0x00007f400f8fd000)]
  0x00007f4008007800 JavaThread "Stdin handler" [_thread_blocked, id=3030, stack(0x00007f400fcfd000,0x00007f400fdfe000)]
  0x00007f400800c000 JavaThread "Asynchronous log dispatcher for DefaultDaemonConnection: socket connection from /127.0.0.1:33302 to /127.0.0.1:35662" [_thread_blocked, id=3029, stack(0x00007f400fdfe000,0x00007f400feff000)]
  0x00007f401c007000 JavaThread "Daemon worker" [_thread_in_native, id=3026, stack(0x00007f400feff000,0x00007f4010000000)]
  0x00007f401c004800 JavaThread "Cancel handler" [_thread_blocked, id=3025, stack(0x00007f4054035000,0x00007f4054136000)]
  0x00007f401c003800 JavaThread "Handler for socket connection from /127.0.0.1:33302 to /127.0.0.1:35662" [_thread_in_native, id=3024, stack(0x00007f4054336000,0x00007f4054437000)]
  0x00007f4018015800 JavaThread "Daemon" [_thread_blocked, id=3023, stack(0x00007f4054437000,0x00007f4054538000)]
  0x00007f407049d800 JavaThread "Incoming local TCP Connector on port 33302" [_thread_in_native, id=3021, stack(0x00007f405473f000,0x00007f4054840000)]
  0x00007f4070c8e800 JavaThread "pool-1-thread-1" [_thread_blocked, id=3017, stack(0x00007f4054840000,0x00007f4054941000)]
  0x00007f40700db000 JavaThread "Service Thread" daemon [_thread_blocked, id=3002, stack(0x00007f40560f2000,0x00007f40561f3000)]
  0x00007f40700be000 JavaThread "C1 CompilerThread2" daemon [_thread_blocked, id=3001, stack(0x00007f40561f3000,0x00007f40562f4000)]
=>0x00007f40700bc000 JavaThread "C2 CompilerThread1" daemon [_thread_in_native, id=3000, stack(0x00007f40562f4000,0x00007f40563f5000)]
  0x00007f40700b9000 JavaThread "C2 CompilerThread0" daemon [_thread_in_native, id=2999, stack(0x00007f40563f5000,0x00007f40564f6000)]
  0x00007f40700b8000 JavaThread "Signal Dispatcher" daemon [_thread_blocked, id=2998, stack(0x00007f40564f6000,0x00007f40565f7000)]
  0x00007f4070084000 JavaThread "Finalizer" daemon [_thread_blocked, id=2997, stack(0x00007f40568d0000,0x00007f40569d1000)]
  0x00007f407007f800 JavaThread "Reference Handler" daemon [_thread_blocked, id=2996, stack(0x00007f40569d1000,0x00007f4056ad2000)]
  0x00007f407000a000 JavaThread "main" [_thread_blocked, id=2990, stack(0x00007f4076481000,0x00007f4076582000)]

Other Threads:
  0x00007f4070077800 VMThread [stack: 0x00007f4056ad2000,0x00007f4056bd3000] [id=2995]
  0x00007f40700de000 WatcherThread [stack: 0x00007f4055ff1000,0x00007f40560f2000] [id=3003]

VM state:not at safepoint (normal execution)

VM Mutex/Monitor currently owned by a thread: None

Heap:
 PSYoungGen      total 59904K, used 44349K [0x00000000e0000000, 0x00000000e4400000, 0x0000000100000000)
  eden space 50176K, 78% used [0x00000000e0000000,0x00000000e2692010,0x00000000e3100000)
  from space 9728K, 49% used [0x00000000e3a80000,0x00000000e3f3d6f0,0x00000000e4400000)
  to   space 9728K, 0% used [0x00000000e3100000,0x00000000e3100000,0x00000000e3a80000)
 ParOldGen       total 59392K, used 8460K [0x00000000a0000000, 0x00000000a3a00000, 0x00000000e0000000)
  object space 59392K, 14% used [0x00000000a0000000,0x00000000a0843380,0x00000000a3a00000)
 Metaspace       used 28546K, capacity 28958K, committed 29184K, reserved 1075200K
  class space    used 3992K, capacity 4088K, committed 4096K, reserved 1048576K

Card table byte_map: [0x00007f405fee4000,0x00007f40601e5000] byte_map_base: 0x00007f405f9e4000

Marking Bits: (ParMarkBitMap*) 0x00007f4075951c80
 Begin Bits: [0x00007f405c8e0000, 0x00007f405e0e0000)
 End Bits:   [0x00007f405e0e0000, 0x00007f405f8e0000)

Polling page: 0x00007f40765a1000

CodeCache: size=245760Kb used=9952Kb max_used=9952Kb free=235807Kb
 bounds [0x00007f40605a5000, 0x00007f4060f75000, 0x00007f406f5a5000]
 total_blobs=3106 nmethods=2456 adapters=563
 compilation: enabled

Compilation events (10 events):
Event: 17.943 Thread 0x00007f40700be000 nmethod 2601 0x00007f4060f17c10 code [0x00007f4060f17d60, 0x00007f4060f17e70]
Event: 17.953 Thread 0x00007f40700be000 2602       3       org.gradle.api.internal.artifacts.ivyservice.ivyresolve.parser.PomDomParser$AddDTDFilterInputStream::read (145 bytes)
Event: 17.954 Thread 0x00007f40700be000 nmethod 2602 0x00007f4060f3e450 code [0x00007f4060f3e620, 0x00007f4060f3edb8]
Event: 17.954 Thread 0x00007f40700bc000 2603       4       com.sun.org.apache.xerces.internal.util.SymbolTable::addSymbol (110 bytes)
Event: 17.958 Thread 0x00007f40700be000 2606       3       java.util.ArrayList::clear (39 bytes)
Event: 17.959 Thread 0x00007f40700be000 nmethod 2606 0x00007f4060f21950 code [0x00007f4060f21ae0, 0x00007f4060f21e50]
Event: 17.959 Thread 0x00007f40700be000 2607       1       org.gradle.internal.component.external.model.DefaultModuleComponentArtifactIdentifier::getComponentIdentifier (5 bytes)
Event: 17.959 Thread 0x00007f40700be000 nmethod 2607 0x00007f4060f3e0d0 code [0x00007f4060f3e220, 0x00007f4060f3e330]
Event: 17.959 Thread 0x00007f40700be000 2608       1       org.gradle.api.internal.artifacts.repositories.resolver.AbstractResourcePattern::getBase (5 bytes)
Event: 17.959 Thread 0x00007f40700be000 nmethod 2608 0x00007f4060f50c10 code [0x00007f4060f50d60, 0x00007f4060f50e70]

GC Heap History (10 events):
Event: 10.314 GC heap before
{Heap before GC invocations=3 (full 0):
 PSYoungGen      total 36864K, used 36842K [0x00000000e0000000, 0x00000000e2900000, 0x0000000100000000)
  eden space 31744K, 100% used [0x00000000e0000000,0x00000000e1f00000,0x00000000e1f00000)
  from space 5120K, 99% used [0x00000000e2400000,0x00000000e28fabc8,0x00000000e2900000)
  to   space 5120K, 0% used [0x00000000e1f00000,0x00000000e1f00000,0x00000000e2400000)
 ParOldGen       total 84992K, used 703K [0x00000000a0000000, 0x00000000a5300000, 0x00000000e0000000)
  object space 84992K, 0% used [0x00000000a0000000,0x00000000a00afd88,0x00000000a5300000)
 Metaspace       used 16019K, capacity 16404K, committed 16512K, reserved 1062912K
  class space    used 2294K, capacity 2413K, committed 2432K, reserved 1048576K
Event: 10.328 GC heap after
Heap after GC invocations=3 (full 0):
 PSYoungGen      total 36864K, used 5111K [0x00000000e0000000, 0x00000000e2900000, 0x0000000100000000)
  eden space 31744K, 0% used [0x00000000e0000000,0x00000000e0000000,0x00000000e1f00000)
  from space 5120K, 99% used [0x00000000e1f00000,0x00000000e23fdce8,0x00000000e2400000)
  to   space 5120K, 0% used [0x00000000e2400000,0x00000000e2400000,0x00000000e2900000)
 ParOldGen       total 84992K, used 3052K [0x00000000a0000000, 0x00000000a5300000, 0x00000000e0000000)
  object space 84992K, 3% used [0x00000000a0000000,0x00000000a02fb200,0x00000000a5300000)
 Metaspace       used 16019K, capacity 16404K, committed 16512K, reserved 1062912K
  class space    used 2294K, capacity 2413K, committed 2432K, reserved 1048576K
}
Event: 12.625 GC heap before
{Heap before GC invocations=4 (full 0):
 PSYoungGen      total 36864K, used 30211K [0x00000000e0000000, 0x00000000e2900000, 0x0000000100000000)
  eden space 31744K, 79% used [0x00000000e0000000,0x00000000e1882f78,0x00000000e1f00000)
  from space 5120K, 99% used [0x00000000e1f00000,0x00000000e23fdce8,0x00000000e2400000)
  to   space 5120K, 0% used [0x00000000e2400000,0x00000000e2400000,0x00000000e2900000)
 ParOldGen       total 84992K, used 3052K [0x00000000a0000000, 0x00000000a5300000, 0x00000000e0000000)
  object space 84992K, 3% used [0x00000000a0000000,0x00000000a02fb200,0x00000000a5300000)
 Metaspace       used 20836K, capacity 21176K, committed 21296K, reserved 1067008K
  class space    used 2815K, capacity 2933K, committed 2944K, reserved 1048576K
Event: 12.662 GC heap after
Heap after GC invocations=4 (full 0):
 PSYoungGen      total 36864K, used 5104K [0x00000000e0000000, 0x00000000e2900000, 0x0000000100000000)
  eden space 31744K, 0% used [0x00000000e0000000,0x00000000e0000000,0x00000000e1f00000)
  from space 5120K, 99% used [0x00000000e2400000,0x00000000e28fc060,0x00000000e2900000)
  to   space 5120K, 0% used [0x00000000e1f00000,0x00000000e1f00000,0x00000000e2400000)
 ParOldGen       total 84992K, used 6555K [0x00000000a0000000, 0x00000000a5300000, 0x00000000e0000000)
  object space 84992K, 7% used [0x00000000a0000000,0x00000000a0666f60,0x00000000a5300000)
 Metaspace       used 20836K, capacity 21176K, committed 21296K, reserved 1067008K
  class space    used 2815K, capacity 2933K, committed 2944K, reserved 1048576K
}
Event: 12.662 GC heap before
{Heap before GC invocations=5 (full 1):
 PSYoungGen      total 36864K, used 5104K [0x00000000e0000000, 0x00000000e2900000, 0x0000000100000000)
  eden space 31744K, 0% used [0x00000000e0000000,0x00000000e0000000,0x00000000e1f00000)
  from space 5120K, 99% used [0x00000000e2400000,0x00000000e28fc060,0x00000000e2900000)
  to   space 5120K, 0% used [0x00000000e1f00000,0x00000000e1f00000,0x00000000e2400000)
 ParOldGen       total 84992K, used 6555K [0x00000000a0000000, 0x00000000a5300000, 0x00000000e0000000)
  object space 84992K, 7% used [0x00000000a0000000,0x00000000a0666f60,0x00000000a5300000)
 Metaspace       used 20836K, capacity 21176K, committed 21296K, reserved 1067008K
  class space    used 2815K, capacity 2933K, committed 2944K, reserved 1048576K
Event: 12.727 GC heap after
Heap after GC invocations=5 (full 1):
 PSYoungGen      total 36864K, used 0K [0x00000000e0000000, 0x00000000e2900000, 0x0000000100000000)
  eden space 31744K, 0% used [0x00000000e0000000,0x00000000e0000000,0x00000000e1f00000)
  from space 5120K, 0% used [0x00000000e2400000,0x00000000e2400000,0x00000000e2900000)
  to   space 5120K, 0% used [0x00000000e1f00000,0x00000000e1f00000,0x00000000e2400000)
 ParOldGen       total 59392K, used 8460K [0x00000000a0000000, 0x00000000a3a00000, 0x00000000e0000000)
  object space 59392K, 14% used [0x00000000a0000000,0x00000000a0843380,0x00000000a3a00000)
 Metaspace       used 20836K, capacity 21176K, committed 21296K, reserved 1067008K
  class space    used 2815K, capacity 2933K, committed 2944K, reserved 1048576K
}
Event: 14.219 GC heap before
{Heap before GC invocations=6 (full 1):
 PSYoungGen      total 36864K, used 31744K [0x00000000e0000000, 0x00000000e2900000, 0x0000000100000000)
  eden space 31744K, 100% used [0x00000000e0000000,0x00000000e1f00000,0x00000000e1f00000)
  from space 5120K, 0% used [0x00000000e2400000,0x00000000e2400000,0x00000000e2900000)
  to   space 5120K, 0% used [0x00000000e1f00000,0x00000000e1f00000,0x00000000e2400000)
 ParOldGen       total 59392K, used 8460K [0x00000000a0000000, 0x00000000a3a00000, 0x00000000e0000000)
  object space 59392K, 14% used [0x00000000a0000000,0x00000000a0843380,0x00000000a3a00000)
 Metaspace       used 23699K, capacity 24008K, committed 24192K, reserved 1071104K
  class space    used 3293K, capacity 3401K, committed 3456K, reserved 1048576K
Event: 14.232 GC heap after
Heap after GC invocations=6 (full 1):
 PSYoungGen      total 36864K, used 4543K [0x00000000e0000000, 0x00000000e4480000, 0x0000000100000000)
  eden space 31744K, 0% used [0x00000000e0000000,0x00000000e0000000,0x00000000e1f00000)
  from space 5120K, 88% used [0x00000000e1f00000,0x00000000e236fe68,0x00000000e2400000)
  to   space 10240K, 0% used [0x00000000e3a80000,0x00000000e3a80000,0x00000000e4480000)
 ParOldGen       total 59392K, used 8460K [0x00000000a0000000, 0x00000000a3a00000, 0x00000000e0000000)
  object space 59392K, 14% used [0x00000000a0000000,0x00000000a0843380,0x00000000a3a00000)
 Metaspace       used 23699K, capacity 24008K, committed 24192K, reserved 1071104K
  class space    used 3293K, capacity 3401K, committed 3456K, reserved 1048576K
}
Event: 15.397 GC heap before
{Heap before GC invocations=7 (full 1):
 PSYoungGen      total 36864K, used 36287K [0x00000000e0000000, 0x00000000e4480000, 0x0000000100000000)
  eden space 31744K, 100% used [0x00000000e0000000,0x00000000e1f00000,0x00000000e1f00000)
  from space 5120K, 88% used [0x00000000e1f00000,0x00000000e236fe68,0x00000000e2400000)
  to   space 10240K, 0% used [0x00000000e3a80000,0x00000000e3a80000,0x00000000e4480000)
 ParOldGen       total 59392K, used 8460K [0x00000000a0000000, 0x00000000a3a00000, 0x00000000e0000000)
  object space 59392K, 14% used [0x00000000a0000000,0x00000000a0843380,0x00000000a3a00000)
 Metaspace       used 25771K, capacity 26238K, committed 26368K, reserved 1071104K
  class space    used 3664K, capacity 3800K, committed 3840K, reserved 1048576K
Event: 15.407 GC heap after
Heap after GC invocations=7 (full 1):
 PSYoungGen      total 59904K, used 4853K [0x00000000e0000000, 0x00000000e4400000, 0x0000000100000000)
  eden space 50176K, 0% used [0x00000000e0000000,0x00000000e0000000,0x00000000e3100000)
  from space 9728K, 49% used [0x00000000e3a80000,0x00000000e3f3d6f0,0x00000000e4400000)
  to   space 9728K, 0% used [0x00000000e3100000,0x00000000e3100000,0x00000000e3a80000)
 ParOldGen       total 59392K, used 8460K [0x00000000a0000000, 0x00000000a3a00000, 0x00000000e0000000)
  object space 59392K, 14% used [0x00000000a0000000,0x00000000a0843380,0x00000000a3a00000)
 Metaspace       used 25771K, capacity 26238K, committed 26368K, reserved 1071104K
  class space    used 3664K, capacity 3800K, committed 3840K, reserved 1048576K
}

Deoptimization events (10 events):
Event: 17.027 Thread 0x00007f401c007000 Uncommon trap: reason=unstable_if action=reinterpret pc=0x00007f4060e94bac method=com.sun.org.apache.xerces.internal.impl.XMLDocumentFragmentScannerImpl$FragmentContentDriver.next()I @ 452
Event: 17.631 Thread 0x00007f401c007000 Uncommon trap: reason=unstable_if action=reinterpret pc=0x00007f4060dee390 method=com.sun.org.apache.xerces.internal.impl.XMLEntityScanner.skipSpaces()Z @ 85
Event: 17.631 Thread 0x00007f401c007000 Uncommon trap: reason=unstable_if action=reinterpret pc=0x00007f4060de4814 method=com.sun.org.apache.xerces.internal.impl.XMLEntityScanner.peekChar()I @ 51
Event: 17.631 Thread 0x00007f401c007000 Uncommon trap: reason=unstable_if action=reinterpret pc=0x00007f4060e31e2c method=com.sun.org.apache.xerces.internal.impl.XMLEntityScanner.scanContent(Lcom/sun/org/apache/xerces/internal/xni/XMLString;)I @ 127
Event: 17.720 Thread 0x00007f401c007000 Uncommon trap: reason=unstable_if action=reinterpret pc=0x00007f4060efa48c method=com.sun.org.apache.xerces.internal.impl.XMLEntityScanner.scanData(Ljava/lang/String;Lcom/sun/org/apache/xerces/internal/util/XMLStringBuffer;)Z @ 346
Event: 17.720 Thread 0x00007f401c007000 Uncommon trap: reason=unstable_if action=reinterpret pc=0x00007f4060ef4790 method=com.sun.org.apache.xerces.internal.impl.XMLEntityScanner.scanData(Ljava/lang/String;Lcom/sun/org/apache/xerces/internal/util/XMLStringBuffer;)Z @ 923
Event: 17.720 Thread 0x00007f401c007000 Uncommon trap: reason=unstable_if action=reinterpret pc=0x00007f4060f22d1c method=com.sun.org.apache.xerces.internal.impl.XMLEntityScanner.peekChar()I @ 51
Event: 17.720 Thread 0x00007f401c007000 Uncommon trap: reason=unstable_if action=reinterpret pc=0x00007f4060f28c08 method=com.sun.org.apache.xerces.internal.impl.XMLEntityScanner.scanContent(Lcom/sun/org/apache/xerces/internal/xni/XMLString;)I @ 670
Event: 17.854 Thread 0x00007f401c007000 Uncommon trap: reason=unstable_if action=reinterpret pc=0x00007f4060e5331c method=com.sun.org.apache.xerces.internal.impl.XMLEntityScanner.checkBeforeLoad(Lcom/sun/xml/internal/stream/Entity$ScannedEntity;II)I @ 18
Event: 17.858 Thread 0x00007f401c007000 Uncommon trap: reason=unstable_if action=reinterpret pc=0x00007f4060dda254 method=com.sun.org.apache.xerces.internal.impl.XMLEntityScanner.checkBeforeLoad(Lcom/sun/xml/internal/stream/Entity$ScannedEntity;II)I @ 18

Internal exceptions (10 events):
Event: 14.342 Thread 0x00007f401c007000 Exception <a 'java/lang/ClassNotFoundException': org/gradle/api/internal/artifacts/repositories/DefaultMavenArtifactRepositoryCustomizer> (0x00000000e06263c0) thrown at [/HUDSON3/workspace/8-2-build-linux-amd64/jdk8u121/8372/hotspot/src/share/vm/classfile
Event: 14.344 Thread 0x00007f401c007000 Exception <a 'java/lang/ClassNotFoundException': org/gradle/api/internal/artifacts/repositories/DefaultMavenArtifactRepository_DecoratedCustomizer> (0x00000000e06669c0) thrown at [/HUDSON3/workspace/8-2-build-linux-amd64/jdk8u121/8372/hotspot/src/share/vm
Event: 14.846 Thread 0x00007f401c007000 Exception <a 'java/lang/ClassNotFoundException': build_dzzk87fz6yoeobrzuhy9er4kjBeanInfo> (0x00000000e0e40af0) thrown at [/HUDSON3/workspace/8-2-build-linux-amd64/jdk8u121/8372/hotspot/src/share/vm/classfile/systemDictionary.cpp, line 210]
Event: 14.846 Thread 0x00007f401c007000 Exception <a 'java/lang/ClassNotFoundException': org/gradle/api/internal/project/ProjectScriptBeanInfo> (0x00000000e0e52110) thrown at [/HUDSON3/workspace/8-2-build-linux-amd64/jdk8u121/8372/hotspot/src/share/vm/classfile/systemDictionary.cpp, line 210]
Event: 14.846 Thread 0x00007f401c007000 Exception <a 'java/lang/ClassNotFoundException': org/gradle/api/internal/project/ProjectScriptCustomizer> (0x00000000e0e63b70) thrown at [/HUDSON3/workspace/8-2-build-linux-amd64/jdk8u121/8372/hotspot/src/share/vm/classfile/systemDictionary.cpp, line 210]
Event: 14.848 Thread 0x00007f401c007000 Exception <a 'java/lang/ClassNotFoundException': build_dzzk87fz6yoeobrzuhy9er4kjCustomizer> (0x00000000e0e83598) thrown at [/HUDSON3/workspace/8-2-build-linux-amd64/jdk8u121/8372/hotspot/src/share/vm/classfile/systemDictionary.cpp, line 210]
Event: 15.249 Thread 0x00007f401c007000 Exception <a 'java/lang/ClassNotFoundException': org/gradle/api/internal/artifacts/dsl/dependencies/DefaultDependencyHandler_DecoratedBeanInfo> (0x00000000e1a84420) thrown at [/HUDSON3/workspace/8-2-build-linux-amd64/jdk8u121/8372/hotspot/src/share/vm/cla
Event: 15.250 Thread 0x00007f401c007000 Exception <a 'java/lang/ClassNotFoundException': org/gradle/api/internal/artifacts/dsl/dependencies/DefaultDependencyHandlerBeanInfo> (0x00000000e1ab25f0) thrown at [/HUDSON3/workspace/8-2-build-linux-amd64/jdk8u121/8372/hotspot/src/share/vm/classfile/sys
Event: 15.251 Thread 0x00007f401c007000 Exception <a 'java/lang/ClassNotFoundException': org/gradle/api/internal/artifacts/dsl/dependencies/DefaultDependencyHandlerCustomizer> (0x00000000e1ae0dd8) thrown at [/HUDSON3/workspace/8-2-build-linux-amd64/jdk8u121/8372/hotspot/src/share/vm/classfile/s
Event: 15.253 Thread 0x00007f401c007000 Exception <a 'java/lang/ClassNotFoundException': org/gradle/api/internal/artifacts/dsl/dependencies/DefaultDependencyHandler_DecoratedCustomizer> (0x00000000e1b22f20) thrown at [/HUDSON3/workspace/8-2-build-linux-amd64/jdk8u121/8372/hotspot/src/share/vm/c

Events (10 events):
Event: 17.854 Thread 0x00007f401c007000 Uncommon trap: trap_request=0xffffff65 fr.pc=0x00007f4060e5331c
Event: 17.854 Thread 0x00007f401c007000 DEOPT PACKING pc=0x00007f4060e5331c sp=0x00007f400fff8b90
Event: 17.854 Thread 0x00007f401c007000 DEOPT UNPACKING pc=0x00007f40605aa229 sp=0x00007f400fff8af8 mode 2
Event: 17.858 Thread 0x00007f401c007000 Uncommon trap: trap_request=0xffffff65 fr.pc=0x00007f4060dda254
Event: 17.858 Thread 0x00007f401c007000 DEOPT PACKING pc=0x00007f4060dda254 sp=0x00007f400fff9940
Event: 17.858 Thread 0x00007f401c007000 DEOPT UNPACKING pc=0x00007f40605aa229 sp=0x00007f400fff98d8 mode 2
Event: 17.896 loading class org/gradle/api/internal/artifacts/ivyservice/resolveengine/graph/conflicts/ConflictContainer$Conflict
Event: 17.896 loading class org/gradle/api/internal/artifacts/ivyservice/resolveengine/graph/conflicts/ConflictContainer$Conflict done
Event: 17.897 loading class org/gradle/api/internal/artifacts/ivyservice/resolveengine/graph/DependencyGraphBuilder$1
Event: 17.897 loading class org/gradle/api/internal/artifacts/ivyservice/resolveengine/graph/DependencyGraphBuilder$1 done


Dynamic libraries:
00400000-00401000 r-xp 00000000 08:01 11143952                           /usr/local/java/jdk1.8.0_121/bin/java
00600000-00601000 rw-p 00000000 08:01 11143952                           /usr/local/java/jdk1.8.0_121/bin/java
00ad2000-00af3000 rw-p 00000000 00:00 0                                  [heap]
a0000000-a3a00000 rw-p 00000000 00:00 0 
a3a00000-e0000000 ---p 00000000 00:00 0 
e0000000-e4400000 rw-p 00000000 00:00 0 
e4400000-100000000 ---p 00000000 00:00 0 
100000000-100400000 rw-p 00000000 00:00 0 
100400000-140000000 ---p 00000000 00:00 0 
7f3ff8000000-7f3ff8021000 rw-p 00000000 00:00 0 
7f3ff8021000-7f3ffc000000 ---p 00000000 00:00 0 
7f3ffc000000-7f3ffc021000 rw-p 00000000 00:00 0 
7f3ffc021000-7f4000000000 ---p 00000000 00:00 0 
7f4000000000-7f4000021000 rw-p 00000000 00:00 0 
7f4000021000-7f4004000000 ---p 00000000 00:00 0 
7f4004000000-7f4004021000 rw-p 00000000 00:00 0 
7f4004021000-7f4008000000 ---p 00000000 00:00 0 
7f4008000000-7f4008a77000 rw-p 00000000 00:00 0 
7f4008a77000-7f400c000000 ---p 00000000 00:00 0 
7f400ec80000-7f400ed00000 rw-p 00000000 00:00 0 
7f400ed00000-7f400ee80000 ---p 00000000 00:00 0 
7f400ee80000-7f400f080000 rw-p 00000000 00:00 0 
7f400f080000-7f400f083000 ---p 00000000 00:00 0 
7f400f083000-7f400f381000 rw-p 00000000 00:00 0 
7f400f411000-7f400f611000 rw-p 00000000 00:00 0 
7f400f611000-7f400f811000 rw-p 00000000 00:00 0 
7f400f811000-7f400f88b000 r--s 010f6000 08:01 11020816                   /usr/local/java/jdk1.8.0_121/lib/tools.jar
7f400f8c4000-7f400f8c7000 ---p 00000000 00:00 0 
7f400f8c7000-7f400fafd000 rw-p 00000000 00:00 0 
7f400fafd000-7f400fcfd000 rw-p 00000000 00:00 0 
7f400fcfd000-7f400fd00000 ---p 00000000 00:00 0 
7f400fd00000-7f400fdfe000 rw-p 00000000 00:00 0 
7f400fdfe000-7f400fe01000 ---p 00000000 00:00 0 
7f400fe01000-7f400feff000 rw-p 00000000 00:00 0 
7f400feff000-7f400ff02000 ---p 00000000 00:00 0 
7f400ff02000-7f4010000000 rw-p 00000000 00:00 0 
7f4010000000-7f4010021000 rw-p 00000000 00:00 0 
7f4010021000-7f4014000000 ---p 00000000 00:00 0 
7f4014000000-7f4014021000 rw-p 00000000 00:00 0 
7f4014021000-7f4018000000 ---p 00000000 00:00 0 
7f4018000000-7f4018070000 rw-p 00000000 00:00 0 
7f4018070000-7f401c000000 ---p 00000000 00:00 0 
7f401c000000-7f401c021000 rw-p 00000000 00:00 0 
7f401c021000-7f4020000000 ---p 00000000 00:00 0 
7f4020000000-7f4020021000 rw-p 00000000 00:00 0 
7f4020021000-7f4024000000 ---p 00000000 00:00 0 
7f4024000000-7f4024021000 rw-p 00000000 00:00 0 
7f4024021000-7f4028000000 ---p 00000000 00:00 0 
7f4028000000-7f40283c1000 rw-p 00000000 00:00 0 
7f40283c1000-7f402c000000 ---p 00000000 00:00 0 
7f402c000000-7f402c021000 rw-p 00000000 00:00 0 
7f402c021000-7f4030000000 ---p 00000000 00:00 0 
7f4030000000-7f40328c3000 rw-p 00000000 00:00 0 
7f40328c3000-7f4034000000 ---p 00000000 00:00 0 
7f4034000000-7f403578d000 rw-p 00000000 00:00 0 
7f403578d000-7f4038000000 ---p 00000000 00:00 0 
7f4038000000-7f4038021000 rw-p 00000000 00:00 0 
7f4038021000-7f403c000000 ---p 00000000 00:00 0 
7f403c000000-7f403c021000 rw-p 00000000 00:00 0 
7f403c021000-7f4040000000 ---p 00000000 00:00 0 
7f4040000000-7f4040021000 rw-p 00000000 00:00 0 
7f4040021000-7f4044000000 ---p 00000000 00:00 0 
7f4044000000-7f4044021000 rw-p 00000000 00:00 0 
7f4044021000-7f4048000000 ---p 00000000 00:00 0 
7f4048000000-7f4048021000 rw-p 00000000 00:00 0 
7f4048021000-7f404c000000 ---p 00000000 00:00 0 
7f404c000000-7f404c021000 rw-p 00000000 00:00 0 
7f404c021000-7f4050000000 ---p 00000000 00:00 0 
7f4050000000-7f4050021000 rw-p 00000000 00:00 0 
7f4050021000-7f4054000000 ---p 00000000 00:00 0 
7f4054034000-7f4054035000 r--p 00000000 00:00 0 
7f4054035000-7f4054038000 ---p 00000000 00:00 0 
7f4054038000-7f4054336000 rw-p 00000000 00:00 0 
7f4054336000-7f4054339000 ---p 00000000 00:00 0 
7f4054339000-7f4054437000 rw-p 00000000 00:00 0 
7f4054437000-7f405443a000 ---p 00000000 00:00 0 
7f405443a000-7f4054538000 rw-p 00000000 00:00 0 
7f4054538000-7f405453f000 r--s 00000000 08:01 11274324                   /usr/lib/x86_64-linux-gnu/gconv/gconv-modules.cache
7f405453f000-7f405473f000 rw-p 00000000 00:00 0 
7f405473f000-7f4054742000 ---p 00000000 00:00 0 
7f4054742000-7f4054840000 rw-p 00000000 00:00 0 
7f4054840000-7f4054843000 ---p 00000000 00:00 0 
7f4054843000-7f4054941000 rw-p 00000000 00:00 0 
7f4054941000-7f405494a000 r-xp 00000000 08:01 11144070                   /usr/local/java/jdk1.8.0_121/jre/lib/amd64/libmanagement.so
7f405494a000-7f4054b49000 ---p 00009000 08:01 11144070                   /usr/local/java/jdk1.8.0_121/jre/lib/amd64/libmanagement.so
7f4054b49000-7f4054b4a000 rw-p 00008000 08:01 11144070                   /usr/local/java/jdk1.8.0_121/jre/lib/amd64/libmanagement.so
7f4054b4a000-7f4054b4e000 r--s 0009a000 08:01 11143978                   /usr/local/java/jdk1.8.0_121/jre/lib/jsse.jar
7f4054b4e000-7f4054b50000 r--s 00007000 08:01 34341942                   /root/.gradle/wrapper/dists/gradle-3.3-all/55gk2rcmfc6p2dg9u9ohc3hw9/gradle-3.3/lib/plugins/gradle-tooling-api-builders-3.3.jar
7f4054b50000-7f4054b53000 r--s 00009000 08:01 34341935                   /root/.gradle/wrapper/dists/gradle-3.3-all/55gk2rcmfc6p2dg9u9ohc3hw9/gradle-3.3/lib/plugins/gradle-testing-native-3.3.jar
7f4054b53000-7f4054b59000 r--s 00033000 08:01 34342010                   /root/.gradle/wrapper/dists/gradle-3.3-all/55gk2rcmfc6p2dg9u9ohc3hw9/gradle-3.3/lib/plugins/snakeyaml-1.6.jar
7f4054b59000-7f4054b5b000 r--s 00006000 08:01 34342009                   /root/.gradle/wrapper/dists/gradle-3.3-all/55gk2rcmfc6p2dg9u9ohc3hw9/gradle-3.3/lib/plugins/jcommander-1.12.jar
7f4054b5b000-7f4054b60000 r--s 00040000 08:01 34342008                   /root/.gradle/wrapper/dists/gradle-3.3-all/55gk2rcmfc6p2dg9u9ohc3hw9/gradle-3.3/lib/plugins/bsh-2.0b4.jar
7f4054b60000-7f4054b62000 r--s 00009000 08:01 34342016                   /root/.gradle/wrapper/dists/gradle-3.3-all/55gk2rcmfc6p2dg9u9ohc3hw9/gradle-3.3/lib/plugins/hamcrest-core-1.3.jar
7f4054b62000-7f4054b6b000 r--s 00089000 08:01 34341967                   /root/.gradle/wrapper/dists/gradle-3.3-all/55gk2rcmfc6p2dg9u9ohc3hw9/gradle-3.3/lib/plugins/testng-6.3.1.jar
7f4054b6b000-7f4054b73000 r--s 00045000 08:01 34341966                   /root/.gradle/wrapper/dists/gradle-3.3-all/55gk2rcmfc6p2dg9u9ohc3hw9/gradle-3.3/lib/plugins/junit-4.12.jar
7f4054b73000-7f4054b79000 r--s 0002e000 08:01 34341936                   /root/.gradle/wrapper/dists/gradle-3.3-all/55gk2rcmfc6p2dg9u9ohc3hw9/gradle-3.3/lib/plugins/gradle-testing-jvm-3.3.jar
7f4054b79000-7f4054b7d000 r--s 00016000 08:01 34341934                   /root/.gradle/wrapper/dists/gradle-3.3-all/55gk2rcmfc6p2dg9u9ohc3hw9/gradle-3.3/lib/plugins/gradle-testing-base-3.3.jar
7f4054b7d000-7f4054b84000 r--s 00038000 08:01 34341961                   /root/.gradle/wrapper/dists/gradle-3.3-all/55gk2rcmfc6p2dg9u9ohc3hw9/gradle-3.3/lib/plugins/bcpg-jdk15on-1.51.jar
7f4054b84000-7f4054b86000 r--s 0000c000 08:01 34341913                   /root/.gradle/wrapper/dists/gradle-3.3-all/55gk2rcmfc6p2dg9u9ohc3hw9/gradle-3.3/lib/plugins/gradle-signing-3.3.jar
7f4054b86000-7f4054b88000 r--s 00007000 08:01 34341912                   /root/.gradle/wrapper/dists/gradle-3.3-all/55gk2rcmfc6p2dg9u9ohc3hw9/gradle-3.3/lib/plugins/gradle-scala-3.3.jar
7f4054b88000-7f4054b89000 r--s 00004000 08:01 34341940                   /root/.gradle/wrapper/dists/gradle-3.3-all/55gk2rcmfc6p2dg9u9ohc3hw9/gradle-3.3/lib/plugins/gradle-resources-sftp-3.3.jar
7f4054b89000-7f4054b99000 r--s 00088000 08:01 34341977                   /root/.gradle/wrapper/dists/gradle-3.3-all/55gk2rcmfc6p2dg9u9ohc3hw9/gradle-3.3/lib/plugins/joda-time-2.8.2.jar
7f4054b99000-7f4054baa000 r--s 0010d000 08:01 34341976                   /root/.gradle/wrapper/dists/gradle-3.3-all/55gk2rcmfc6p2dg9u9ohc3hw9/gradle-3.3/lib/plugins/jackson-databind-2.6.6.jar
7f4054baa000-7f4054bad000 r--s 00009000 08:01 34341975                   /root/.gradle/wrapper/dists/gradle-3.3-all/55gk2rcmfc6p2dg9u9ohc3hw9/gradle-3.3/lib/plugins/jackson-annotations-2.6.6.jar
7f4054bad000-7f4054bb1000 r--s 0003c000 08:01 34341974                   /root/.gradle/wrapper/dists/gradle-3.3-all/55gk2rcmfc6p2dg9u9ohc3hw9/gradle-3.3/lib/plugins/jackson-core-2.6.6.jar
7f4054bb1000-7f4054bbf000 r--s 00087000 08:01 34341973                   /root/.gradle/wrapper/dists/gradle-3.3-all/55gk2rcmfc6p2dg9u9ohc3hw9/gradle-3.3/lib/plugins/aws-java-sdk-core-1.11.6.jar
7f4054bbf000-7f4054bc6000 r--s 00057000 08:01 34341972                   /root/.gradle/wrapper/dists/gradle-3.3-all/55gk2rcmfc6p2dg9u9ohc3hw9/gradle-3.3/lib/plugins/aws-java-sdk-kms-1.11.6.jar
7f4054bc6000-7f4054bd3000 r--s 0008e000 08:01 34341971                   /root/.gradle/wrapper/dists/gradle-3.3-all/55gk2rcmfc6p2dg9u9ohc3hw9/gradle-3.3/lib/plugins/aws-java-sdk-s3-1.11.6.jar
7f4054bd3000-7f4054bd5000 r--s 00004000 08:01 34341941                   /root/.gradle/wrapper/dists/gradle-3.3-all/55gk2rcmfc6p2dg9u9ohc3hw9/gradle-3.3/lib/plugins/gradle-resources-s3-3.3.jar
7f4054bd5000-7f4054bd7000 r--s 00005000 08:01 34341965                   /root/.gradle/wrapper/dists/gradle-3.3-all/55gk2rcmfc6p2dg9u9ohc3hw9/gradle-3.3/lib/plugins/jatl-0.2.2.jar
7f4054bd7000-7f4054bd9000 r--s 0000f000 08:01 34341918                   /root/.gradle/wrapper/dists/gradle-3.3-all/55gk2rcmfc6p2dg9u9ohc3hw9/gradle-3.3/lib/plugins/gradle-reporting-3.3.jar
7f4054bd9000-7f4054bdb000 r--s 00002000 08:01 34341919                   /root/.gradle/wrapper/dists/gradle-3.3-all/55gk2rcmfc6p2dg9u9ohc3hw9/gradle-3.3/lib/plugins/gradle-publish-3.3.jar
7f4054bdb000-7f4054bdd000 r--s 00009000 08:01 34341948                   /root/.gradle/wrapper/dists/gradle-3.3-all/55gk2rcmfc6p2dg9u9ohc3hw9/gradle-3.3/lib/plugins/commons-cli-1.2.jar
7f4054bdd000-7f4054be3000 r--s 00031000 08:01 34341904                   /root/.gradle/wrapper/dists/gradle-3.3-all/55gk2rcmfc6p2dg9u9ohc3hw9/gradle-3.3/lib/plugins/gradle-plugins-3.3.jar
7f4054be3000-7f4054be5000 r--s 00009000 08:01 34341937                   /root/.gradle/wrapper/dists/gradle-3.3-all/55gk2rcmfc6p2dg9u9ohc3hw9/gradle-3.3/lib/plugins/gradle-plugin-development-3.3.jar
7f4054be5000-7f4054beb000 r--s 0002b000 08:01 34341930                   /root/.gradle/wrapper/dists/gradle-3.3-all/55gk2rcmfc6p2dg9u9ohc3hw9/gradle-3.3/lib/plugins/gradle-platform-play-3.3.jar
7f4054beb000-7f4054bf9000 r--s 00055000 08:01 34341929                   /root/.gradle/wrapper/dists/gradle-3.3-all/55gk2rcmfc6p2dg9u9ohc3hw9/gradle-3.3/lib/plugins/gradle-platform-native-3.3.jar
7f4054bf9000-7f4054bfe000 r--s 0001f000 08:01 34341924                   /root/.gradle/wrapper/dists/gradle-3.3-all/55gk2rcmfc6p2dg9u9ohc3hw9/gradle-3.3/lib/plugins/gradle-platform-jvm-3.3.jar
7f4054bfe000-7f4054c06000 r--s 00027000 08:01 34341923                   /root/.gradle/wrapper/dists/gradle-3.3-all/55gk2rcmfc6p2dg9u9ohc3hw9/gradle-3.3/lib/plugins/gradle-platform-base-3.3.jar
7f4054c06000-7f4054c2e000 r--s 0021c000 08:01 34341956                   /root/.gradle/wrapper/dists/gradle-3.3-all/55gk2rcmfc6p2dg9u9ohc3hw9/gradle-3.3/lib/plugins/biz.aQute.bndlib-3.2.0.jar
7f4054c2e000-7f4054c30000 r--s 00003000 08:01 34341908                   /root/.gradle/wrapper/dists/gradle-3.3-all/55gk2rcmfc6p2dg9u9ohc3hw9/gradle-3.3/lib/plugins/gradle-osgi-3.3.jar
7f4054c30000-7f4054c33000 r--s 0000c000 08:01 34341959                   /root/.gradle/wrapper/dists/gradle-3.3-all/55gk2rcmfc6p2dg9u9ohc3hw9/gradle-3.3/lib/plugins/pmaven-groovy-0.8-20100325.jar
7f4054c33000-7f4054c34000 r--s 00004000 08:01 34341958                   /root/.gradle/wrapper/dists/gradle-3.3-all/55gk2rcmfc6p2dg9u9ohc3hw9/gradle-3.3/lib/plugins/pmaven-common-0.8-20100325.jar
7f4054c34000-7f4054c3a000 r--s 00023000 08:01 34341909                   /root/.gradle/wrapper/dists/gradle-3.3-all/55gk2rcmfc6p2dg9u9ohc3hw9/gradle-3.3/lib/plugins/gradle-maven-3.3.jar
7f4054c3a000-7f4054c3d000 r--s 0000b000 08:01 34341928                   /root/.gradle/wrapper/dists/gradle-3.3-all/55gk2rcmfc6p2dg9u9ohc3hw9/gradle-3.3/lib/plugins/gradle-language-scala-3.3.jar
7f4054c3d000-7f4054c43000 r--s 0001a000 08:01 34341932                   /root/.gradle/wrapper/dists/gradle-3.3-all/55gk2rcmfc6p2dg9u9ohc3hw9/gradle-3.3/lib/plugins/gradle-language-native-3.3.jar
7f4054c43000-7f4054c46000 r--s 00005000 08:01 34341925                   /root/.gradle/wrapper/dists/gradle-3.3-all/55gk2rcmfc6p2dg9u9ohc3hw9/gradle-3.3/lib/plugins/gradle-language-jvm-3.3.jar
7f4054c46000-7f4054c4c000 r--s 00027000 08:01 34341926                   /root/.gradle/wrapper/dists/gradle-3.3-all/55gk2rcmfc6p2dg9u9ohc3hw9/gradle-3.3/lib/plugins/gradle-language-java-3.3.jar
7f4054c4c000-7f4054c4e000 r--s 0000a000 08:01 34341927                   /root/.gradle/wrapper/dists/gradle-3.3-all/55gk2rcmfc6p2dg9u9ohc3hw9/gradle-3.3/lib/plugins/gradle-language-groovy-3.3.jar
7f4054c4e000-7f4054c51000 r--s 0001e000 08:01 34341983                   /root/.gradle/wrapper/dists/gradle-3.3-all/55gk2rcmfc6p2dg9u9ohc3hw9/gradle-3.3/lib/plugins/jsp-api-2.1-6.1.14.jar
7f4054c51000-7f4054c74000 r--s 00344000 08:01 34341982                   /root/.gradle/wrapper/dists/gradle-3.3-all/55gk2rcmfc6p2dg9u9ohc3hw9/gradle-3.3/lib/plugins/core-3.1.1.jar
7f4054c74000-7f4054c75000 r--s 00006000 08:01 34341981                   /root/.gradle/wrapper/dists/gradle-3.3-all/55gk2rcmfc6p2dg9u9ohc3hw9/gradle-3.3/lib/plugins/jetty-naming-6.1.26.jar
7f4054c75000-7f4054c76000 r--s 00002000 08:01 34341955                   /root/.gradle/wrapper/dists/gradle-3.3-all/55gk2rcmfc6p2dg9u9ohc3hw9/gradle-3.3/lib/plugins/geronimo-annotation_1.0_spec-1.0.jar
7f4054c76000-7f4054c78000 r--s 00002000 08:01 34341954                   /root/.gradle/wrapper/dists/gradle-3.3-all/55gk2rcmfc6p2dg9u9ohc3hw9/gradle-3.3/lib/plugins/jetty-annotations-6.1.26.jar
7f4054c78000-7f4054c89000 r--s 000ea000 08:01 34341953                   /root/.gradle/wrapper/dists/gradle-3.3-all/55gk2rcmfc6p2dg9u9ohc3hw9/gradle-3.3/lib/plugins/jsp-2.1-6.1.14.jar
7f4054c89000-7f4054c8b000 r--s 0000d000 08:01 34341952                   /root/.gradle/wrapper/dists/gradle-3.3-all/55gk2rcmfc6p2dg9u9ohc3hw9/gradle-3.3/lib/plugins/jetty-plus-6.1.26.jar
7f4054c8b000-7f4054c8d000 r--s 0001f000 08:01 34341951                   /root/.gradle/wrapper/dists/gradle-3.3-all/55gk2rcmfc6p2dg9u9ohc3hw9/gradle-3.3/lib/plugins/servlet-api-2.5-20081211.jar
7f4054c8d000-7f4054c91000 r--s 00028000 08:01 34341950                   /root/.gradle/wrapper/dists/gradle-3.3-all/55gk2rcmfc6p2dg9u9ohc3hw9/gradle-3.3/lib/plugins/jetty-util-6.1.26.jar
7f4054c91000-7f4054c98000 r--s 0007d000 08:01 34341949                   /root/.gradle/wrapper/dists/gradle-3.3-all/55gk2rcmfc6p2dg9u9ohc3hw9/gradle-3.3/lib/plugins/jetty-6.1.26.jar
7f4054c98000-7f4054c9a000 r--s 0000a000 08:01 34341906                   /root/.gradle/wrapper/dists/gradle-3.3-all/55gk2rcmfc6p2dg9u9ohc3hw9/gradle-3.3/lib/plugins/gradle-jetty-3.3.jar
7f4054c9a000-7f4054ca1000 r--s 00035000 08:01 34341964                   /root/.gradle/wrapper/dists/gradle-3.3-all/55gk2rcmfc6p2dg9u9ohc3hw9/gradle-3.3/lib/plugins/simple-4.1.21.jar
7f4054ca1000-7f4054cad000 r--s 00100000 08:01 34341962                   /root/.gradle/wrapper/dists/gradle-3.3-all/55gk2rcmfc6p2dg9u9ohc3hw9/gradle-3.3/lib/plugins/rhino-1.7R3.jar
7f4054cad000-7f4054cb1000 r--s 00012000 08:01 34341915                   /root/.gradle/wrapper/dists/gradle-3.3-all/55gk2rcmfc6p2dg9u9ohc3hw9/gradle-3.3/lib/plugins/gradle-javascript-3.3.jar
7f4054cb1000-7f4054cb3000 r--s 0000d000 08:01 34341921                   /root/.gradle/wrapper/dists/gradle-3.3-all/55gk2rcmfc6p2dg9u9ohc3hw9/gradle-3.3/lib/plugins/gradle-jacoco-3.3.jar
7f4054cb3000-7f4054cb6000 r--s 0000e000 08:01 34341920                   /root/.gradle/wrapper/dists/gradle-3.3-all/55gk2rcmfc6p2dg9u9ohc3hw9/gradle-3.3/lib/plugins/gradle-ivy-3.3.jar
7f4054cb6000-7f4054cb7000 r--s 00002000 08:01 34341931                   /root/.gradle/wrapper/dists/gradle-3.3-all/55gk2rcmfc6p2dg9u9ohc3hw9/gradle-3.3/lib/plugins/gradle-ide-play-3.3.jar
7f4054cb7000-7f4054cba000 r--s 00013000 08:01 34341933                   /root/.gradle/wrapper/dists/gradle-3.3-all/55gk2rcmfc6p2dg9u9ohc3hw9/gradle-3.3/lib/plugins/gradle-ide-native-3.3.jar
7f4054cba000-7f4054cc3000 r--s 00055000 08:01 34341910                   /root/.gradle/wrapper/dists/gradle-3.3-all/55gk2rcmfc6p2dg9u9ohc3hw9/gradle-3.3/lib/plugins/gradle-ide-3.3.jar
7f4054cc3000-7f4054cc5000 r--s 00007000 08:01 34341914                   /root/.gradle/wrapper/dists/gradle-3.3-all/55gk2rcmfc6p2dg9u9ohc3hw9/gradle-3.3/lib/plugins/gradle-ear-3.3.jar
7f4054cc5000-7f4054ccb000 r--s 00039000 08:01 34341917                   /root/.gradle/wrapper/dists/gradle-3.3-all/55gk2rcmfc6p2dg9u9ohc3hw9/gradle-3.3/lib/plugins/gradle-diagnostics-3.3.jar
7f4054ccb000-7f4054ccc000 r--s 00009000 08:01 34341943                   /root/.gradle/wrapper/dists/gradle-3.3-all/55gk2rcmfc6p2dg9u9ohc3hw9/gradle-3.3/lib/plugins/gradle-composite-builds-3.3.jar
7f4054ccc000-7f4054cd0000 r--s 00023000 08:01 34341905                   /root/.gradle/wrapper/dists/gradle-3.3-all/55gk2rcmfc6p2dg9u9ohc3hw9/gradle-3.3/lib/plugins/gradle-code-quality-3.3.jar
7f4054cd0000-7f4054cd4000 r--s 00022000 08:01 34341922                   /root/.gradle/wrapper/dists/gradle-3.3-all/55gk2rcmfc6p2dg9u9ohc3hw9/gradle-3.3/lib/plugins/gradle-build-init-3.3.jar
7f4054cd4000-7f4054cda000 r--s 0008e000 08:01 34341916                   /root/.gradle/wrapper/dists/gradle-3.3-all/55gk2rcmfc6p2dg9u9ohc3hw9/gradle-3.3/lib/plugins/gradle-build-comparison-3.3.jar
7f4054cda000-7f4054cdb000 r--s 00001000 08:01 34341944                   /root/.gradle/wrapper/dists/gradle-3.3-all/55gk2rcmfc6p2dg9u9ohc3hw9/gradle-3.3/lib/plugins/gradle-build-cache-http-3.3.jar
7f4054cdb000-7f4054cdd000 r--s 00008000 08:01 34341907                   /root/.gradle/wrapper/dists/gradle-3.3-all/55gk2rcmfc6p2dg9u9ohc3hw9/gradle-3.3/lib/plugins/gradle-antlr-3.3.jar
7f4054cdd000-7f4054cdf000 r--s 00004000 08:01 34341911                   /root/.gradle/wrapper/dists/gradle-3.3-all/55gk2rcmfc6p2dg9u9ohc3hw9/gradle-3.3/lib/plugins/gradle-announce-3.3.jar
7f4054cdf000-7f4054cf7000 r--s 00115000 08:01 34342013                   /root/.gradle/wrapper/dists/gradle-3.3-all/55gk2rcmfc6p2dg9u9ohc3hw9/gradle-3.3/lib/plugins/xercesImpl-2.9.1.jar
7f4054cf7000-7f4054cff000 r--s 00028000 08:01 34342014                   /root/.gradle/wrapper/dists/gradle-3.3-all/55gk2rcmfc6p2dg9u9ohc3hw9/gradle-3.3/lib/plugins/xml-apis-1.3.04.jar
7f4054cff000-7f4054d05000 r--s 0005b000 08:01 34342012                   /root/.gradle/wrapper/dists/gradle-3.3-all/55gk2rcmfc6p2dg9u9ohc3hw9/gradle-3.3/lib/plugins/jcifs-1.3.17.jar
7f4054d05000-7f4054d0b000 r--s 00033000 08:01 34341960                   /root/.gradle/wrapper/dists/gradle-3.3-all/55gk2rcmfc6p2dg9u9ohc3hw9/gradle-3.3/lib/plugins/commons-codec-1.6.jar
7f4054d0b000-7f4054d12000 r--s 00049000 08:01 34342011                   /root/.gradle/wrapper/dists/gradle-3.3-all/55gk2rcmfc6p2dg9u9ohc3hw9/gradle-3.3/lib/plugins/httpcore-4.4.4.jar
7f4054d12000-7f4054d15000 r--s 0001c000 08:01 34341969                   /root/.gradle/wrapper/dists/gradle-3.3-all/55gk2rcmfc6p2dg9u9ohc3hw9/gradle-3.3/lib/plugins/nekohtml-1.9.14.jar
7f4054d15000-7f4054d22000 r--s 000a4000 08:01 34341968                   /root/.gradle/wrapper/dists/gradle-3.3-all/55gk2rcmfc6p2dg9u9ohc3hw9/gradle-3.3/lib/plugins/httpclient-4.4.1.jar
7f4054d22000-7f4054d25000 r--s 0000a000 08:01 34341939                   /root/.gradle/wrapper/dists/gradle-3.3-all/55gk2rcmfc6p2dg9u9ohc3hw9/gradle-3.3/lib/plugins/gradle-resources-http-3.3.jar
7f4054d25000-7f4054d29000 r--s 00015000 08:01 34341938                   /root/.gradle/wrapper/dists/gradle-3.3-all/55gk2rcmfc6p2dg9u9ohc3hw9/gradle-3.3/lib/plugins/gradle-plugin-use-3.3.jar
7f4054d29000-7f4054d2a000 r--s 00000000 08:01 34341850                   /root/.gradle/wrapper/dists/gradle-3.3-all/55gk2rcmfc6p2dg9u9ohc3hw9/gradle-3.3/lib/gradle-installation-beacon-3.3.jar
7f4054d2a000-7f4054d2c000 r--s 00006000 08:01 34342007                   /root/.gradle/wrapper/dists/gradle-3.3-all/55gk2rcmfc6p2dg9u9ohc3hw9/gradle-3.3/lib/plugins/aether-connector-wagon-1.13.1.jar
7f4054d2c000-7f4054d30000 r--s 0001c000 08:01 34342006                   /root/.gradle/wrapper/dists/gradle-3.3-all/55gk2rcmfc6p2dg9u9ohc3hw9/gradle-3.3/lib/plugins/aether-util-1.13.1.jar
7f4054d30000-7f4054d31000 r--s 00003000 08:01 34342005                   /root/.gradle/wrapper/dists/gradle-3.3-all/55gk2rcmfc6p2dg9u9ohc3hw9/gradle-3.3/lib/plugins/aether-spi-1.13.1.jar
7f4054d31000-7f4054d34000 r--s 0001d000 08:01 34342004                   /root/.gradle/wrapper/dists/gradle-3.3-all/55gk2rcmfc6p2dg9u9ohc3hw9/gradle-3.3/lib/plugins/aether-impl-1.13.1.jar
7f4054d34000-7f4054d37000 r--s 00013000 08:01 34342003                   /root/.gradle/wrapper/dists/gradle-3.3-all/55gk2rcmfc6p2dg9u9ohc3hw9/gradle-3.3/lib/plugins/aether-api-1.13.1.jar
7f4054d37000-7f4054d38000 r--s 00007000 08:01 34342002                   /root/.gradle/wrapper/dists/gradle-3.3-all/55gk2rcmfc6p2dg9u9ohc3hw9/gradle-3.3/lib/plugins/wagon-http-shared4-2.4.jar
7f4054d38000-7f4054d3a000 r--s 0000b000 08:01 34342001                   /root/.gradle/wrapper/dists/gradle-3.3-all/55gk2rcmfc6p2dg9u9ohc3hw9/gradle-3.3/lib/plugins/wagon-provider-api-2.4.jar
7f4054d3a000-7f4054d3b000 r--s 00002000 08:01 34342000                   /root/.gradle/wrapper/dists/gradle-3.3-all/55gk2rcmfc6p2dg9u9ohc3hw9/gradle-3.3/lib/plugins/wagon-http-2.4.jar
7f4054d3b000-7f4054d3c000 r--s 00002000 08:01 34341999                   /root/.gradle/wrapper/dists/gradle-3.3-all/55gk2rcmfc6p2dg9u9ohc3hw9/gradle-3.3/lib/plugins/wagon-file-2.4.jar
7f4054d3c000-7f4054d3e000 r--s 0000c000 08:01 34341998                   /root/.gradle/wrapper/dists/gradle-3.3-all/55gk2rcmfc6p2dg9u9ohc3hw9/gradle-3.3/lib/plugins/maven-aether-provider-3.0.4.jar
7f4054d3e000-7f4054d40000 r--s 0000b000 08:01 34341997                   /root/.gradle/wrapper/dists/gradle-3.3-all/55gk2rcmfc6p2dg9u9ohc3hw9/gradle-3.3/lib/plugins/maven-plugin-api-3.0.4.jar
7f4054d40000-7f4054d42000 r--s 00006000 08:01 34341996                   /root/.gradle/wrapper/dists/gradle-3.3-all/55gk2rcmfc6p2dg9u9ohc3hw9/gradle-3.3/lib/plugins/maven-repository-metadata-3.0.4.jar
7f4054d42000-7f4054d44000 r--s 0000b000 08:01 34341995                   /root/.gradle/wrapper/dists/gradle-3.3-all/55gk2rcmfc6p2dg9u9ohc3hw9/gradle-3.3/lib/plugins/maven-artifact-3.0.4.jar
7f4054d44000-7f4054d46000 r--s 00026000 08:01 34341994                   /root/.gradle/wrapper/dists/gradle-3.3-all/55gk2rcmfc6p2dg9u9ohc3hw9/gradle-3.3/lib/plugins/maven-model-3.0.4.jar
7f4054d46000-7f4054d4a000 r--s 00021000 08:01 34341993                   /root/.gradle/wrapper/dists/gradle-3.3-all/55gk2rcmfc6p2dg9u9ohc3hw9/gradle-3.3/lib/plugins/maven-model-builder-3.0.4.jar
7f4054d4a000-7f4054d50000 r--s 0003f000 08:01 34341992                   /root/.gradle/wrapper/dists/gradle-3.3-all/55gk2rcmfc6p2dg9u9ohc3hw9/gradle-3.3/lib/plugins/maven-compat-3.0.4.jar
7f4054d50000-7f4054d51000 r--s 00006000 08:01 34341991                   /root/.gradle/wrapper/dists/gradle-3.3-all/55gk2rcmfc6p2dg9u9ohc3hw9/gradle-3.3/lib/plugins/plexus-sec-dispatcher-1.3.jar
7f4054d51000-7f4054d53000 r--s 00002000 08:01 34341990                   /root/.gradle/wrapper/dists/gradle-3.3-all/55gk2rcmfc6p2dg9u9ohc3hw9/gradle-3.3/lib/plugins/plexus-cipher-1.7.jar
7f4054d53000-7f4054d55000 r--s 0000a000 08:01 34341989                   /root/.gradle/wrapper/dists/gradle-3.3-all/55gk2rcmfc6p2dg9u9ohc3hw9/gradle-3.3/lib/plugins/plexus-classworlds-2.4.jar
7f4054d55000-7f4054d5c000 r--s 0002e000 08:01 34341988                   /root/.gradle/wrapper/dists/gradle-3.3-all/55gk2rcmfc6p2dg9u9ohc3hw9/gradle-3.3/lib/plugins/plexus-container-default-1.5.5.jar
7f4054d5c000-7f4054d5e000 r--s 00000000 08:01 34342015                   /root/.gradle/wrapper/dists/gradle-3.3-all/55gk2rcmfc6p2dg9u9ohc3hw9/gradle-3.3/lib/plugins/plexus-component-annotations-1.5.5.jar
7f4054d5e000-7f4054d60000 r--s 0000d000 08:01 34341987                   /root/.gradle/wrapper/dists/gradle-3.3-all/55gk2rcmfc6p2dg9u9ohc3hw9/gradle-3.3/lib/plugins/plexus-interpolation-1.14.jar
7f4054d60000-7f4054d64000 r--s 00033000 08:01 34341986                   /root/.gradle/wrapper/dists/gradle-3.3-all/55gk2rcmfc6p2dg9u9ohc3hw9/gradle-3.3/lib/plugins/plexus-utils-2.0.6.jar
7f4054d64000-7f4054d67000 r--s 00008000 08:01 34341985                   /root/.gradle/wrapper/dists/gradle-3.3-all/55gk2rcmfc6p2dg9u9ohc3hw9/gradle-3.3/lib/plugins/maven-settings-builder-3.0.4.jar
7f4054d67000-7f4054d6c000 r--s 00040000 08:01 34341970                   /root/.gradle/wrapper/dists/gradle-3.3-all/55gk2rcmfc6p2dg9u9ohc3hw9/gradle-3.3/lib/plugins/jsch-0.1.53.jar
7f4054d6c000-7f4054dac000 r--s 00277000 08:01 34341980                   /root/.gradle/wrapper/dists/gradle-3.3-all/55gk2rcmfc6p2dg9u9ohc3hw9/gradle-3.3/lib/plugins/bcprov-jdk15on-1.51.jar
7f4054dac000-7f4054db8000 r--s 0007d000 08:01 34341957                   /root/.gradle/wrapper/dists/gradle-3.3-all/55gk2rcmfc6p2dg9u9ohc3hw9/gradle-3.3/lib/plugins/maven-core-3.0.4.jar
7f4054db8000-7f4054dd7000 r--s 000f6000 08:01 34341946                   /root/.gradle/wrapper/dists/gradle-3.3-all/55gk2rcmfc6p2dg9u9ohc3hw9/gradle-3.3/lib/plugins/gradle-dependency-management-3.3.jar
7f4054dd7000-7f4054ded000 r-xp 00000000 08:01 4985220                    /lib/x86_64-linux-gnu/libgcc_s.so.1
7f4054ded000-7f4054fec000 ---p 00016000 08:01 4985220                    /lib/x86_64-linux-gnu/libgcc_s.so.1
7f4054fec000-7f4054fed000 rw-p 00015000 08:01 4985220                    /lib/x86_64-linux-gnu/libgcc_s.so.1
7f4054fed000-7f405515f000 r-xp 00000000 08:01 11012225                   /usr/lib/x86_64-linux-gnu/libstdc++.so.6.0.21
7f405515f000-7f405535f000 ---p 00172000 08:01 11012225                   /usr/lib/x86_64-linux-gnu/libstdc++.so.6.0.21
7f405535f000-7f4055369000 r--p 00172000 08:01 11012225                   /usr/lib/x86_64-linux-gnu/libstdc++.so.6.0.21
7f4055369000-7f405536b000 rw-p 0017c000 08:01 11012225                   /usr/lib/x86_64-linux-gnu/libstdc++.so.6.0.21
7f405536b000-7f405536f000 rw-p 00000000 00:00 0 
7f405536f000-7f4055371000 r--s 0000a000 08:01 34341984                   /root/.gradle/wrapper/dists/gradle-3.3-all/55gk2rcmfc6p2dg9u9ohc3hw9/gradle-3.3/lib/plugins/maven-settings-3.0.4.jar
7f4055371000-7f4055375000 r--s 0001d000 08:01 34341979                   /root/.gradle/wrapper/dists/gradle-3.3-all/55gk2rcmfc6p2dg9u9ohc3hw9/gradle-3.3/lib/plugins/xbean-reflect-3.4.jar
7f4055375000-7f405537a000 r--s 00034000 08:01 34341963                   /root/.gradle/wrapper/dists/gradle-3.3-all/55gk2rcmfc6p2dg9u9ohc3hw9/gradle-3.3/lib/plugins/gson-2.7.jar
7f405537a000-7f4055389000 r--s 000d9000 08:01 34341978                   /root/.gradle/wrapper/dists/gradle-3.3-all/55gk2rcmfc6p2dg9u9ohc3hw9/gradle-3.3/lib/plugins/ivy-2.2.0.jar
7f4055389000-7f405538b000 r--s 00005000 08:01 34341945                   /root/.gradle/wrapper/dists/gradle-3.3-all/55gk2rcmfc6p2dg9u9ohc3hw9/gradle-3.3/lib/plugins/gradle-workers-3.3.jar
7f405538b000-7f4055390000 r-xp 00000000 08:01 34345271                   /root/.gradle/native/23/linux-amd64/libnative-platform.so
7f4055390000-7f405558f000 ---p 00005000 08:01 34345271                   /root/.gradle/native/23/linux-amd64/libnative-platform.so
7f405558f000-7f4055590000 rw-p 00004000 08:01 34345271                   /root/.gradle/native/23/linux-amd64/libnative-platform.so
7f4055590000-7f40555a1000 r-xp 00000000 08:01 11144059                   /usr/local/java/jdk1.8.0_121/jre/lib/amd64/libnio.so
7f40555a1000-7f40557a0000 ---p 00011000 08:01 11144059                   /usr/local/java/jdk1.8.0_121/jre/lib/amd64/libnio.so
7f40557a0000-7f40557a1000 rw-p 00010000 08:01 11144059                   /usr/local/java/jdk1.8.0_121/jre/lib/amd64/libnio.so
7f40557a1000-7f4055aa2000 rw-p 00000000 00:00 0 
7f4055aa2000-7f4055ab8000 r-xp 00000000 08:01 11144034                   /usr/local/java/jdk1.8.0_121/jre/lib/amd64/libnet.so
7f4055ab8000-7f4055cb8000 ---p 00016000 08:01 11144034                   /usr/local/java/jdk1.8.0_121/jre/lib/amd64/libnet.so
7f4055cb8000-7f4055cb9000 rw-p 00016000 08:01 11144034                   /usr/local/java/jdk1.8.0_121/jre/lib/amd64/libnet.so
7f4055cb9000-7f4055cba000 r--s 00006000 08:01 34341849                   /root/.gradle/wrapper/dists/gradle-3.3-all/55gk2rcmfc6p2dg9u9ohc3hw9/gradle-3.3/lib/gradle-wrapper-3.3.jar
7f4055cba000-7f4055cc7000 r--s 00041000 08:01 34341856                   /root/.gradle/wrapper/dists/gradle-3.3-all/55gk2rcmfc6p2dg9u9ohc3hw9/gradle-3.3/lib/gradle-tooling-api-3.3.jar
7f4055cc7000-7f4055cc9000 r--s 00002000 08:01 34341876                   /root/.gradle/wrapper/dists/gradle-3.3-all/55gk2rcmfc6p2dg9u9ohc3hw9/gradle-3.3/lib/gradle-open-api-3.3.jar
7f4055cc9000-7f4055ccf000 r--s 00032000 08:01 34341878                   /root/.gradle/wrapper/dists/gradle-3.3-all/55gk2rcmfc6p2dg9u9ohc3hw9/gradle-3.3/lib/jaxen-1.1.jar
7f4055ccf000-7f4055cd4000 r--s 00048000 08:01 34341877                   /root/.gradle/wrapper/dists/gradle-3.3-all/55gk2rcmfc6p2dg9u9ohc3hw9/gradle-3.3/lib/dom4j-1.6.1.jar
7f4055cd4000-7f4055cdf000 r--s 00059000 08:01 34341855                   /root/.gradle/wrapper/dists/gradle-3.3-all/55gk2rcmfc6p2dg9u9ohc3hw9/gradle-3.3/lib/gradle-ui-3.3.jar
7f4055cdf000-7f4055ce8000 r--s 0008c000 08:01 34341847                   /root/.gradle/wrapper/dists/gradle-3.3-all/55gk2rcmfc6p2dg9u9ohc3hw9/gradle-3.3/lib/kotlin-stdlib-1.1-M02.jar
7f4055ce8000-7f4055cee000 r--s 0002a000 08:01 34341846                   /root/.gradle/wrapper/dists/gradle-3.3-all/55gk2rcmfc6p2dg9u9ohc3hw9/gradle-3.3/lib/kotlin-runtime-1.1-M02.jar
7f4055cee000-7f4055d22000 r--s 00256000 08:01 34341845                   /root/.gradle/wrapper/dists/gradle-3.3-all/55gk2rcmfc6p2dg9u9ohc3hw9/gradle-3.3/lib/kotlin-reflect-1.1-M02.jar
7f4055d22000-7f4055eb8000 r--s 0157e000 08:01 34341844                   /root/.gradle/wrapper/dists/gradle-3.3-all/55gk2rcmfc6p2dg9u9ohc3hw9/gradle-3.3/lib/kotlin-compiler-embeddable-1.1-M02.jar
7f4055eb8000-7f4055ec0000 r--s 0004e000 08:01 34341843                   /root/.gradle/wrapper/dists/gradle-3.3-all/55gk2rcmfc6p2dg9u9ohc3hw9/gradle-3.3/lib/gradle-script-kotlin-0.5.1.jar
7f4055ec0000-7f4055ec3000 r--s 0000b000 08:01 34341874                   /root/.gradle/wrapper/dists/gradle-3.3-all/55gk2rcmfc6p2dg9u9ohc3hw9/gradle-3.3/lib/gradle-resources-3.3.jar
7f4055ec3000-7f4055ec5000 r--s 00003000 08:01 34341883                   /root/.gradle/wrapper/dists/gradle-3.3-all/55gk2rcmfc6p2dg9u9ohc3hw9/gradle-3.3/lib/jcl-over-slf4j-1.7.10.jar
7f4055ec5000-7f4055ec6000 r--s 00005000 08:01 34341882                   /root/.gradle/wrapper/dists/gradle-3.3-all/55gk2rcmfc6p2dg9u9ohc3hw9/gradle-3.3/lib/log4j-over-slf4j-1.7.10.jar
7f4055ec6000-7f4055ec8000 r--s 00000000 08:01 34341881                   /root/.gradle/wrapper/dists/gradle-3.3-all/55gk2rcmfc6p2dg9u9ohc3hw9/gradle-3.3/lib/jul-to-slf4j-1.7.10.jar
7f4055ec8000-7f4055ecd000 r--s 0001e000 08:01 34341858                   /root/.gradle/wrapper/dists/gradle-3.3-all/55gk2rcmfc6p2dg9u9ohc3hw9/gradle-3.3/lib/gradle-logging-3.3.jar
7f4055ecd000-7f4055ecf000 r--s 00007000 08:01 34341902                   /root/.gradle/wrapper/dists/gradle-3.3-all/55gk2rcmfc6p2dg9u9ohc3hw9/gradle-3.3/lib/objenesis-1.2.jar
7f4055ecf000-7f4055ed1000 r--s 00000000 08:01 34341901                   /root/.gradle/wrapper/dists/gradle-3.3-all/55gk2rcmfc6p2dg9u9ohc3hw9/gradle-3.3/lib/minlog-1.2.jar
7f4055ed1000-7f4055ed3000 r--s 0000f000 08:01 34341900                   /root/.gradle/wrapper/dists/gradle-3.3-all/55gk2rcmfc6p2dg9u9ohc3hw9/gradle-3.3/lib/reflectasm-1.07-shaded.jar
7f4055ed3000-7f4055ed7000 r--s 00026000 08:01 34341885                   /root/.gradle/wrapper/dists/gradle-3.3-all/55gk2rcmfc6p2dg9u9ohc3hw9/gradle-3.3/lib/kryo-2.20.jar
7f4055ed7000-7f4055edd000 r--s 00027000 08:01 34341873                   /root/.gradle/wrapper/dists/gradle-3.3-all/55gk2rcmfc6p2dg9u9ohc3hw9/gradle-3.3/lib/gradle-messaging-3.3.jar
7f4055edd000-7f4055ede000 r--s 00001000 08:01 34341899                   /root/.gradle/wrapper/dists/gradle-3.3-all/55gk2rcmfc6p2dg9u9ohc3hw9/gradle-3.3/lib/native-platform-linux-i386-ncurses6-0.12.jar
7f4055ede000-7f4055edf000 r--s 00001000 08:01 34341898                   /root/.gradle/wrapper/dists/gradle-3.3-all/55gk2rcmfc6p2dg9u9ohc3hw9/gradle-3.3/lib/native-platform-linux-i386-ncurses5-0.12.jar
7f4055edf000-7f4055ee0000 r--s 00001000 08:01 34341897                   /root/.gradle/wrapper/dists/gradle-3.3-all/55gk2rcmfc6p2dg9u9ohc3hw9/gradle-3.3/lib/native-platform-linux-amd64-ncurses6-0.12.jar
7f4055ee0000-7f4055ee1000 r--s 00001000 08:01 34341896                   /root/.gradle/wrapper/dists/gradle-3.3-all/55gk2rcmfc6p2dg9u9ohc3hw9/gradle-3.3/lib/native-platform-linux-amd64-ncurses5-0.12.jar
7f4055ee1000-7f4055ee2000 r--s 0000b000 08:01 34341895                   /root/.gradle/wrapper/dists/gradle-3.3-all/55gk2rcmfc6p2dg9u9ohc3hw9/gradle-3.3/lib/native-platform-windows-i386-0.12.jar
7f4055ee2000-7f4055ee4000 r--s 0000b000 08:01 34341894                   /root/.gradle/wrapper/dists/gradle-3.3-all/55gk2rcmfc6p2dg9u9ohc3hw9/gradle-3.3/lib/native-platform-windows-amd64-0.12.jar
7f4055ee4000-7f4055ee6000 r--s 00002000 08:01 34341893                   /root/.gradle/wrapper/dists/gradle-3.3-all/55gk2rcmfc6p2dg9u9ohc3hw9/gradle-3.3/lib/native-platform-osx-i386-0.12.jar
7f4055ee6000-7f4055ee7000 r--s 00002000 08:01 34341892                   /root/.gradle/wrapper/dists/gradle-3.3-all/55gk2rcmfc6p2dg9u9ohc3hw9/gradle-3.3/lib/native-platform-osx-amd64-0.12.jar
7f4055ee7000-7f4055ee8000 r--s 00002000 08:01 34341891                   /root/.gradle/wrapper/dists/gradle-3.3-all/55gk2rcmfc6p2dg9u9ohc3hw9/gradle-3.3/lib/native-platform-linux-i386-0.12.jar
7f4055ee8000-7f4055ee9000 r--s 00002000 08:01 34341890                   /root/.gradle/wrapper/dists/gradle-3.3-all/55gk2rcmfc6p2dg9u9ohc3hw9/gradle-3.3/lib/native-platform-linux-amd64-0.12.jar
7f4055ee9000-7f4055eea000 r--s 00003000 08:01 34341889                   /root/.gradle/wrapper/dists/gradle-3.3-all/55gk2rcmfc6p2dg9u9ohc3hw9/gradle-3.3/lib/native-platform-freebsd-i386-libstdcpp-0.12.jar
7f4055eea000-7f4055eeb000 r--s 00004000 08:01 34341888                   /root/.gradle/wrapper/dists/gradle-3.3-all/55gk2rcmfc6p2dg9u9ohc3hw9/gradle-3.3/lib/native-platform-freebsd-i386-libcpp-0.12.jar
7f4055eeb000-7f4055eed000 r--s 00003000 08:01 34341887                   /root/.gradle/wrapper/dists/gradle-3.3-all/55gk2rcmfc6p2dg9u9ohc3hw9/gradle-3.3/lib/native-platform-freebsd-amd64-libstdcpp-0.12.jar
7f4055eed000-7f4055ef0000 r--s 00023000 08:01 34341880                   /root/.gradle/wrapper/dists/gradle-3.3-all/55gk2rcmfc6p2dg9u9ohc3hw9/gradle-3.3/lib/jansi-1.14.jar
7f4055ef0000-7f4055ef4000 r--s 00011000 08:01 34341879                   /root/.gradle/wrapper/dists/gradle-3.3-all/55gk2rcmfc6p2dg9u9ohc3hw9/gradle-3.3/lib/native-platform-0.12.jar
7f4055ef4000-7f4055ef7000 r--s 0000a000 08:01 34341857                   /root/.gradle/wrapper/dists/gradle-3.3-all/55gk2rcmfc6p2dg9u9ohc3hw9/gradle-3.3/lib/gradle-native-3.3.jar
7f4055ef7000-7f4055ef9000 r--s 00005000 08:01 34341854                   /root/.gradle/wrapper/dists/gradle-3.3-all/55gk2rcmfc6p2dg9u9ohc3hw9/gradle-3.3/lib/gradle-cli-3.3.jar
7f4055ef9000-7f4055efb000 r--s 00007000 08:01 34341865                   /root/.gradle/wrapper/dists/gradle-3.3-all/55gk2rcmfc6p2dg9u9ohc3hw9/gradle-3.3/lib/gradle-model-groovy-3.3.jar
7f4055efb000-7f4055efd000 r--s 00006000 08:01 34341872                   /root/.gradle/wrapper/dists/gradle-3.3-all/55gk2rcmfc6p2dg9u9ohc3hw9/gradle-3.3/lib/gradle-base-services-groovy-3.3.jar
7f4055efd000-7f4055f6d000 r--s 00641000 08:01 34341863                   /root/.gradle/wrapper/dists/gradle-3.3-all/55gk2rcmfc6p2dg9u9ohc3hw9/gradle-3.3/lib/groovy-all-2.4.7.jar
7f4055f6d000-7f4055f95000 r--s 001cf000 08:01 34341860                   /root/.gradle/wrapper/dists/gradle-3.3-all/55gk2rcmfc6p2dg9u9ohc3hw9/gradle-3.3/lib/guava-jdk5-17.0.jar
7f4055f95000-7f4055fb4000 r--s 001d1000 08:01 34341867                   /root/.gradle/wrapper/dists/gradle-3.3-all/55gk2rcmfc6p2dg9u9ohc3hw9/gradle-3.3/lib/ant-1.9.6.jar
7f4055fb4000-7f4055ff1000 r--s 001f8000 08:01 34341853                   /root/.gradle/wrapper/dists/gradle-3.3-all/55gk2rcmfc6p2dg9u9ohc3hw9/gradle-3.3/lib/gradle-core-3.3.jar
7f4055ff1000-7f4055ff2000 ---p 00000000 00:00 0 
7f4055ff2000-7f40560f2000 rw-p 00000000 00:00 0 
7f40560f2000-7f40560f5000 ---p 00000000 00:00 0 
7f40560f5000-7f40561f3000 rw-p 00000000 00:00 0 
7f40561f3000-7f40561f6000 ---p 00000000 00:00 0 
7f40561f6000-7f40562f4000 rw-p 00000000 00:00 0 
7f40562f4000-7f40562f7000 ---p 00000000 00:00 0 
7f40562f7000-7f40563f5000 rw-p 00000000 00:00 0 
7f40563f5000-7f40563f8000 ---p 00000000 00:00 0 
7f40563f8000-7f40564f6000 rw-p 00000000 00:00 0 
7f40564f6000-7f40564f9000 ---p 00000000 00:00 0 
7f40564f9000-7f40565f7000 rw-p 00000000 00:00 0 
7f40565f7000-7f40568d0000 r--p 00000000 08:01 11010311                   /usr/lib/locale/locale-archive
7f40568d0000-7f40568d3000 ---p 00000000 00:00 0 
7f40568d3000-7f40569d1000 rw-p 00000000 00:00 0 
7f40569d1000-7f40569d4000 ---p 00000000 00:00 0 
7f40569d4000-7f4056ad2000 rw-p 00000000 00:00 0 
7f4056ad2000-7f4056ad3000 ---p 00000000 00:00 0 
7f4056ad3000-7f4058000000 rw-p 00000000 00:00 0 
7f4058000000-7f4058022000 rw-p 00000000 00:00 0 
7f4058022000-7f405c000000 ---p 00000000 00:00 0 
7f405c000000-7f405c001000 r--s 00004000 08:01 34341886                   /root/.gradle/wrapper/dists/gradle-3.3-all/55gk2rcmfc6p2dg9u9ohc3hw9/gradle-3.3/lib/native-platform-freebsd-amd64-libcpp-0.12.jar
7f405c001000-7f405c010000 r--s 0007f000 08:01 34341864                   /root/.gradle/wrapper/dists/gradle-3.3-all/55gk2rcmfc6p2dg9u9ohc3hw9/gradle-3.3/lib/gradle-model-core-3.3.jar
7f405c010000-7f405c011000 r--s 00002000 08:01 34341875                   /root/.gradle/wrapper/dists/gradle-3.3-all/55gk2rcmfc6p2dg9u9ohc3hw9/gradle-3.3/lib/gradle-docs-3.3.jar
7f405c011000-7f405c01e000 r--s 00083000 08:01 34341868                   /root/.gradle/wrapper/dists/gradle-3.3-all/55gk2rcmfc6p2dg9u9ohc3hw9/gradle-3.3/lib/commons-collections-3.2.2.jar
7f405c01e000-7f405c391000 rw-p 00000000 00:00 0 
7f405c391000-7f405c56a000 r--s 03d3e000 08:01 11144026                   /usr/local/java/jdk1.8.0_121/jre/lib/rt.jar
7f405c56a000-7f405f8e0000 rw-p 00000000 00:00 0 
7f405f8e0000-7f405f8e1000 ---p 00000000 00:00 0 
7f405f8e1000-7f405f9e1000 rw-p 00000000 00:00 0 
7f405f9e1000-7f405f9e2000 ---p 00000000 00:00 0 
7f405f9e2000-7f405fae2000 rw-p 00000000 00:00 0 
7f405fae2000-7f405fae3000 ---p 00000000 00:00 0 
7f405fae3000-7f405fbe3000 rw-p 00000000 00:00 0 
7f405fbe3000-7f405fbe4000 ---p 00000000 00:00 0 
7f405fbe4000-7f405fd01000 rw-p 00000000 00:00 0 
7f405fd01000-7f405fee4000 ---p 00000000 00:00 0 
7f405fee4000-7f405ff01000 rw-p 00000000 00:00 0 
7f405ff01000-7f40600e4000 ---p 00000000 00:00 0 
7f40600e4000-7f4060106000 rw-p 00000000 00:00 0 
7f4060106000-7f40601e4000 ---p 00000000 00:00 0 
7f40601e4000-7f406020d000 rw-p 00000000 00:00 0 
7f406020d000-7f40605a5000 ---p 00000000 00:00 0 
7f40605a5000-7f4060f75000 rwxp 00000000 00:00 0 
7f4060f75000-7f406f5a5000 ---p 00000000 00:00 0 
7f406f5a5000-7f406f5bf000 r-xp 00000000 08:01 11144057                   /usr/local/java/jdk1.8.0_121/jre/lib/amd64/libzip.so
7f406f5bf000-7f406f7bf000 ---p 0001a000 08:01 11144057                   /usr/local/java/jdk1.8.0_121/jre/lib/amd64/libzip.so
7f406f7bf000-7f406f7c0000 rw-p 0001a000 08:01 11144057                   /usr/local/java/jdk1.8.0_121/jre/lib/amd64/libzip.so
7f406f7c0000-7f406f7cb000 r-xp 00000000 08:01 4981359                    /lib/x86_64-linux-gnu/libnss_files-2.23.so
7f406f7cb000-7f406f9ca000 ---p 0000b000 08:01 4981359                    /lib/x86_64-linux-gnu/libnss_files-2.23.so
7f406f9ca000-7f406f9cb000 r--p 0000a000 08:01 4981359                    /lib/x86_64-linux-gnu/libnss_files-2.23.so
7f406f9cb000-7f406f9cc000 rw-p 0000b000 08:01 4981359                    /lib/x86_64-linux-gnu/libnss_files-2.23.so
7f406f9cc000-7f406f9d2000 rw-p 00000000 00:00 0 
7f406f9d2000-7f406f9dd000 r-xp 00000000 08:01 4981330                    /lib/x86_64-linux-gnu/libnss_nis-2.23.so
7f406f9dd000-7f406fbdc000 ---p 0000b000 08:01 4981330                    /lib/x86_64-linux-gnu/libnss_nis-2.23.so
7f406fbdc000-7f406fbdd000 r--p 0000a000 08:01 4981330                    /lib/x86_64-linux-gnu/libnss_nis-2.23.so
7f406fbdd000-7f406fbde000 rw-p 0000b000 08:01 4981330                    /lib/x86_64-linux-gnu/libnss_nis-2.23.so
7f406fbde000-7f406fbf4000 r-xp 00000000 08:01 4981342                    /lib/x86_64-linux-gnu/libnsl-2.23.so
7f406fbf4000-7f406fdf3000 ---p 00016000 08:01 4981342                    /lib/x86_64-linux-gnu/libnsl-2.23.so
7f406fdf3000-7f406fdf4000 r--p 00015000 08:01 4981342                    /lib/x86_64-linux-gnu/libnsl-2.23.so
7f406fdf4000-7f406fdf5000 rw-p 00016000 08:01 4981342                    /lib/x86_64-linux-gnu/libnsl-2.23.so
7f406fdf5000-7f406fdf7000 rw-p 00000000 00:00 0 
7f406fdf7000-7f406fdff000 r-xp 00000000 08:01 4981362                    /lib/x86_64-linux-gnu/libnss_compat-2.23.so
7f406fdff000-7f406fffe000 ---p 00008000 08:01 4981362                    /lib/x86_64-linux-gnu/libnss_compat-2.23.so
7f406fffe000-7f406ffff000 r--p 00007000 08:01 4981362                    /lib/x86_64-linux-gnu/libnss_compat-2.23.so
7f406ffff000-7f4070000000 rw-p 00008000 08:01 4981362                    /lib/x86_64-linux-gnu/libnss_compat-2.23.so
7f4070000000-7f4070cc5000 rw-p 00000000 00:00 0 
7f4070cc5000-7f4074000000 ---p 00000000 00:00 0 
7f4074000000-7f4074042000 rw-p 00000000 00:00 0 
7f4074042000-7f407406d000 r-xp 00000000 08:01 11144613                   /usr/local/java/jdk1.8.0_121/jre/lib/amd64/libjava.so
7f407406d000-7f407426c000 ---p 0002b000 08:01 11144613                   /usr/local/java/jdk1.8.0_121/jre/lib/amd64/libjava.so
7f407426c000-7f407426e000 rw-p 0002a000 08:01 11144613                   /usr/local/java/jdk1.8.0_121/jre/lib/amd64/libjava.so
7f407426e000-7f407427b000 r-xp 00000000 08:01 11144035                   /usr/local/java/jdk1.8.0_121/jre/lib/amd64/libverify.so
7f407427b000-7f407447a000 ---p 0000d000 08:01 11144035                   /usr/local/java/jdk1.8.0_121/jre/lib/amd64/libverify.so
7f407447a000-7f407447c000 rw-p 0000c000 08:01 11144035                   /usr/local/java/jdk1.8.0_121/jre/lib/amd64/libverify.so
7f407447c000-7f4074483000 r-xp 00000000 08:01 4981363                    /lib/x86_64-linux-gnu/librt-2.23.so
7f4074483000-7f4074682000 ---p 00007000 08:01 4981363                    /lib/x86_64-linux-gnu/librt-2.23.so
7f4074682000-7f4074683000 r--p 00006000 08:01 4981363                    /lib/x86_64-linux-gnu/librt-2.23.so
7f4074683000-7f4074684000 rw-p 00007000 08:01 4981363                    /lib/x86_64-linux-gnu/librt-2.23.so
7f4074684000-7f407478c000 r-xp 00000000 08:01 4981336                    /lib/x86_64-linux-gnu/libm-2.23.so
7f407478c000-7f407498b000 ---p 00108000 08:01 4981336                    /lib/x86_64-linux-gnu/libm-2.23.so
7f407498b000-7f407498c000 r--p 00107000 08:01 4981336                    /lib/x86_64-linux-gnu/libm-2.23.so
7f407498c000-7f407498d000 rw-p 00108000 08:01 4981336                    /lib/x86_64-linux-gnu/libm-2.23.so
7f407498d000-7f407565b000 r-xp 00000000 08:01 11144883                   /usr/local/java/jdk1.8.0_121/jre/lib/amd64/server/libjvm.so
7f407565b000-7f407585b000 ---p 00cce000 08:01 11144883                   /usr/local/java/jdk1.8.0_121/jre/lib/amd64/server/libjvm.so
7f407585b000-7f4075934000 rw-p 00cce000 08:01 11144883                   /usr/local/java/jdk1.8.0_121/jre/lib/amd64/server/libjvm.so
7f4075934000-7f407597f000 rw-p 00000000 00:00 0 
7f407597f000-7f4075b3e000 r-xp 00000000 08:01 4981344                    /lib/x86_64-linux-gnu/libc-2.23.so
7f4075b3e000-7f4075d3e000 ---p 001bf000 08:01 4981344                    /lib/x86_64-linux-gnu/libc-2.23.so
7f4075d3e000-7f4075d42000 r--p 001bf000 08:01 4981344                    /lib/x86_64-linux-gnu/libc-2.23.so
7f4075d42000-7f4075d44000 rw-p 001c3000 08:01 4981344                    /lib/x86_64-linux-gnu/libc-2.23.so
7f4075d44000-7f4075d48000 rw-p 00000000 00:00 0 
7f4075d48000-7f4075d4b000 r-xp 00000000 08:01 4981328                    /lib/x86_64-linux-gnu/libdl-2.23.so
7f4075d4b000-7f4075f4a000 ---p 00003000 08:01 4981328                    /lib/x86_64-linux-gnu/libdl-2.23.so
7f4075f4a000-7f4075f4b000 r--p 00002000 08:01 4981328                    /lib/x86_64-linux-gnu/libdl-2.23.so
7f4075f4b000-7f4075f4c000 rw-p 00003000 08:01 4981328                    /lib/x86_64-linux-gnu/libdl-2.23.so
7f4075f4c000-7f4075f61000 r-xp 00000000 08:01 11020813                   /usr/local/java/jdk1.8.0_121/lib/amd64/jli/libjli.so
7f4075f61000-7f4076161000 ---p 00015000 08:01 11020813                   /usr/local/java/jdk1.8.0_121/lib/amd64/jli/libjli.so
7f4076161000-7f4076162000 rw-p 00015000 08:01 11020813                   /usr/local/java/jdk1.8.0_121/lib/amd64/jli/libjli.so
7f4076162000-7f407617a000 r-xp 00000000 08:01 4981369                    /lib/x86_64-linux-gnu/libpthread-2.23.so
7f407617a000-7f4076379000 ---p 00018000 08:01 4981369                    /lib/x86_64-linux-gnu/libpthread-2.23.so
7f4076379000-7f407637a000 r--p 00017000 08:01 4981369                    /lib/x86_64-linux-gnu/libpthread-2.23.so
7f407637a000-7f407637b000 rw-p 00018000 08:01 4981369                    /lib/x86_64-linux-gnu/libpthread-2.23.so
7f407637b000-7f407637f000 rw-p 00000000 00:00 0 
7f407637f000-7f40763a5000 r-xp 00000000 08:01 4981346                    /lib/x86_64-linux-gnu/ld-2.23.so
7f40763a5000-7f40763a6000 r--s 00000000 08:01 34341871                   /root/.gradle/wrapper/dists/gradle-3.3-all/55gk2rcmfc6p2dg9u9ohc3hw9/gradle-3.3/lib/javax.inject-1.jar
7f40763a6000-7f40763a7000 r--s 00000000 08:01 34341870                   /root/.gradle/wrapper/dists/gradle-3.3-all/55gk2rcmfc6p2dg9u9ohc3hw9/gradle-3.3/lib/jcip-annotations-1.0.jar
7f40763a7000-7f40763ab000 r--s 00027000 08:01 34341869                   /root/.gradle/wrapper/dists/gradle-3.3-all/55gk2rcmfc6p2dg9u9ohc3hw9/gradle-3.3/lib/commons-io-2.2.jar
7f40763ab000-7f40763b0000 r--s 00038000 08:01 34341866                   /root/.gradle/wrapper/dists/gradle-3.3-all/55gk2rcmfc6p2dg9u9ohc3hw9/gradle-3.3/lib/asm-all-5.1.jar
7f40763b0000-7f40763b1000 r--s 00001000 08:01 34341862                   /root/.gradle/wrapper/dists/gradle-3.3-all/55gk2rcmfc6p2dg9u9ohc3hw9/gradle-3.3/lib/gradle-process-services-3.3.jar
7f40763b1000-7f40763b6000 r--s 00041000 08:01 34341861                   /root/.gradle/wrapper/dists/gradle-3.3-all/55gk2rcmfc6p2dg9u9ohc3hw9/gradle-3.3/lib/commons-lang-2.6.jar
7f40763b6000-7f40763bf000 r--s 00042000 08:01 34341851                   /root/.gradle/wrapper/dists/gradle-3.3-all/55gk2rcmfc6p2dg9u9ohc3hw9/gradle-3.3/lib/gradle-base-services-3.3.jar
7f40763bf000-7f4076481000 rw-p 00000000 00:00 0 
7f4076481000-7f4076484000 ---p 00000000 00:00 0 
7f4076484000-7f4076586000 rw-p 00000000 00:00 0 
7f4076586000-7f4076588000 r--s 00000000 08:01 34341852                   /root/.gradle/wrapper/dists/gradle-3.3-all/55gk2rcmfc6p2dg9u9ohc3hw9/gradle-3.3/lib/gradle-jvm-services-3.3.jar
7f4076588000-7f4076589000 r--s 00000000 08:01 34342017                   /root/.gradle/wrapper/dists/gradle-3.3-all/55gk2rcmfc6p2dg9u9ohc3hw9/gradle-3.3/lib/gradle-version-info-3.3.jar
7f4076589000-7f407658a000 r--s 00007000 08:01 34341859                   /root/.gradle/wrapper/dists/gradle-3.3-all/55gk2rcmfc6p2dg9u9ohc3hw9/gradle-3.3/lib/slf4j-api-1.7.10.jar
7f407658a000-7f407658b000 r--s 00004000 08:01 34341884                   /root/.gradle/wrapper/dists/gradle-3.3-all/55gk2rcmfc6p2dg9u9ohc3hw9/gradle-3.3/lib/ant-launcher-1.9.6.jar
7f407658b000-7f4076598000 r--s 0005c000 08:01 34341848                   /root/.gradle/wrapper/dists/gradle-3.3-all/55gk2rcmfc6p2dg9u9ohc3hw9/gradle-3.3/lib/gradle-launcher-3.3.jar
7f4076598000-7f40765a0000 rw-s 00000000 08:01 1314931                    /tmp/hsperfdata_root/2987
7f40765a0000-7f40765a1000 rw-p 00000000 00:00 0 
7f40765a1000-7f40765a2000 r--p 00000000 00:00 0 
7f40765a2000-7f40765a4000 rw-p 00000000 00:00 0 
7f40765a4000-7f40765a5000 r--p 00025000 08:01 4981346                    /lib/x86_64-linux-gnu/ld-2.23.so
7f40765a5000-7f40765a6000 rw-p 00026000 08:01 4981346                    /lib/x86_64-linux-gnu/ld-2.23.so
7f40765a6000-7f40765a7000 rw-p 00000000 00:00 0 
7fffb1069000-7fffb108a000 rw-p 00000000 00:00 0                          [stack]
7fffb10d0000-7fffb10d2000 r--p 00000000 00:00 0                          [vvar]
7fffb10d2000-7fffb10d4000 r-xp 00000000 00:00 0                          [vdso]
ffffffffff600000-ffffffffff601000 r-xp 00000000 00:00 0                  [vsyscall]

VM Arguments:
jvm_args: -Xmx1536m -Dfile.encoding=UTF-8 -Duser.country=US -Duser.language=en -Duser.variant 
java_command: org.gradle.launcher.daemon.bootstrap.GradleDaemon 3.3
java_class_path (initial): /root/.gradle/wrapper/dists/gradle-3.3-all/55gk2rcmfc6p2dg9u9ohc3hw9/gradle-3.3/lib/gradle-launcher-3.3.jar
Launcher Type: SUN_STANDARD

Environment Variables:
JAVA_HOME=/usr/local/java/jdk1.8.0_121/
PATH=/usr/local/sbin:/usr/local/bin:/usr/sbin:/usr/bin:/sbin:/bin:/snap/bin
USERNAME=root
LD_LIBRARY_PATH=/opt/android-studio/bin:
SHELL=/bin/bash
DISPLAY=:0

Signal Handlers:
SIGSEGV: [libjvm.so+0xac78c0], sa_mask[0]=11111111011111111101111111111110, sa_flags=SA_RESTART|SA_SIGINFO
SIGBUS: [libjvm.so+0xac78c0], sa_mask[0]=11111111011111111101111111111110, sa_flags=SA_RESTART|SA_SIGINFO
SIGFPE: [libjvm.so+0x920ac0], sa_mask[0]=11111111011111111101111111111110, sa_flags=SA_RESTART|SA_SIGINFO
SIGPIPE: [libjvm.so+0x920ac0], sa_mask[0]=11111111011111111101111111111110, sa_flags=SA_RESTART|SA_SIGINFO
SIGXFSZ: [libjvm.so+0x920ac0], sa_mask[0]=11111111011111111101111111111110, sa_flags=SA_RESTART|SA_SIGINFO
SIGILL: [libjvm.so+0x920ac0], sa_mask[0]=11111111011111111101111111111110, sa_flags=SA_RESTART|SA_SIGINFO
SIGUSR1: SIG_DFL, sa_mask[0]=00000000000000000000000000000000, sa_flags=none
SIGUSR2: [libjvm.so+0x922300], sa_mask[0]=00100000000000000000000000000000, sa_flags=SA_RESTART|SA_SIGINFO
SIGHUP: [libjvm.so+0x923700], sa_mask[0]=11111111011111111101111111111110, sa_flags=SA_RESTART|SA_SIGINFO
SIGINT: [libjvm.so+0x923700], sa_mask[0]=11111111011111111101111111111110, sa_flags=SA_RESTART|SA_SIGINFO
SIGTERM: [libjvm.so+0x923700], sa_mask[0]=11111111011111111101111111111110, sa_flags=SA_RESTART|SA_SIGINFO
SIGQUIT: [libjvm.so+0x923700], sa_mask[0]=11111111011111111101111111111110, sa_flags=SA_RESTART|SA_SIGINFO


---------------  S Y S T E M  ---------------

OS:DISTRIB_ID=Ubuntu
DISTRIB_RELEASE=16.04
DISTRIB_CODENAME=xenial
DISTRIB_DESCRIPTION="Ubuntu 16.04.2 LTS"

uname:Linux 4.4.0-78-generic #99-Ubuntu SMP Thu Apr 27 15:29:09 UTC 2017 x86_64
libc:glibc 2.23 NPTL 2.23 
rlimit: STACK 8192k, CORE 0k, NPROC 31513, NOFILE 65536, AS infinity
load average:2.40 1.97 1.10

/proc/meminfo:
MemTotal:        8107672 kB
MemFree:         3478372 kB
MemAvailable:    4777016 kB
Buffers:          113596 kB
Cached:          1771588 kB
SwapCached:            0 kB
Active:          3046692 kB
Inactive:        1281468 kB
Active(anon):    2456284 kB
Inactive(anon):   405720 kB
Active(file):     590408 kB
Inactive(file):   875748 kB
Unevictable:          48 kB
Mlocked:              48 kB
SwapTotal:       8319996 kB
SwapFree:        8319996 kB
Dirty:             15736 kB
Writeback:             0 kB
AnonPages:       2443332 kB
Mapped:           568548 kB
Shmem:            418728 kB
Slab:             152072 kB
SReclaimable:     112000 kB
SUnreclaim:        40072 kB
KernelStack:       11056 kB
PageTables:        49552 kB
NFS_Unstable:          0 kB
Bounce:                0 kB
WritebackTmp:          0 kB
CommitLimit:    12373832 kB
Committed_AS:    8779644 kB
VmallocTotal:   34359738367 kB
VmallocUsed:           0 kB
VmallocChunk:          0 kB
HardwareCorrupted:     0 kB
AnonHugePages:   1089536 kB
CmaTotal:              0 kB
CmaFree:               0 kB
HugePages_Total:       0
HugePages_Free:        0
HugePages_Rsvd:        0
HugePages_Surp:        0
Hugepagesize:       2048 kB
DirectMap4k:      115392 kB
DirectMap2M:     5060608 kB
DirectMap1G:     4194304 kB


CPU:total 4 (2 cores per cpu, 2 threads per core) family 6 model 69 stepping 1, cmov, cx8, fxsr, mmx, sse, sse2, sse3, ssse3, sse4.1, sse4.2, popcnt, avx, avx2, aes, clmul, erms, lzcnt, ht, tsc, tscinvbit, bmi1, bmi2

/proc/cpuinfo:
processor	: 0
vendor_id	: GenuineIntel
cpu family	: 6
model		: 69
model name	: Intel(R) Core(TM) i5-4200U CPU @ 1.60GHz
stepping	: 1
microcode	: 0x16
cpu MHz		: 2286.882
cache size	: 3072 KB
physical id	: 0
siblings	: 4
core id		: 0
cpu cores	: 2
apicid		: 0
initial apicid	: 0
fpu		: yes
fpu_exception	: yes
cpuid level	: 13
wp		: yes
flags		: fpu vme de pse tsc msr pae mce cx8 apic sep mtrr pge mca cmov pat pse36 clflush dts acpi mmx fxsr sse sse2 ss ht tm pbe syscall nx pdpe1gb rdtscp lm constant_tsc arch_perfmon pebs bts rep_good nopl xtopology nonstop_tsc aperfmperf eagerfpu pni pclmulqdq dtes64 monitor ds_cpl vmx est tm2 ssse3 sdbg fma cx16 xtpr pdcm pcid sse4_1 sse4_2 movbe popcnt tsc_deadline_timer aes xsave avx f16c rdrand lahf_lm abm epb tpr_shadow vnmi flexpriority ept vpid fsgsbase tsc_adjust bmi1 avx2 smep bmi2 erms invpcid xsaveopt dtherm ida arat pln pts
bugs		:
bogomips	: 4589.69
clflush size	: 64
cache_alignment	: 64
address sizes	: 39 bits physical, 48 bits virtual
power management:

processor	: 1
vendor_id	: GenuineIntel
cpu family	: 6
model		: 69
model name	: Intel(R) Core(TM) i5-4200U CPU @ 1.60GHz
stepping	: 1
microcode	: 0x16
cpu MHz		: 2459.562
cache size	: 3072 KB
physical id	: 0
siblings	: 4
core id		: 0
cpu cores	: 2
apicid		: 1
initial apicid	: 1
fpu		: yes
fpu_exception	: yes
cpuid level	: 13
wp		: yes
flags		: fpu vme de pse tsc msr pae mce cx8 apic sep mtrr pge mca cmov pat pse36 clflush dts acpi mmx fxsr sse sse2 ss ht tm pbe syscall nx pdpe1gb rdtscp lm constant_tsc arch_perfmon pebs bts rep_good nopl xtopology nonstop_tsc aperfmperf eagerfpu pni pclmulqdq dtes64 monitor ds_cpl vmx est tm2 ssse3 sdbg fma cx16 xtpr pdcm pcid sse4_1 sse4_2 movbe popcnt tsc_deadline_timer aes xsave avx f16c rdrand lahf_lm abm epb tpr_shadow vnmi flexpriority ept vpid fsgsbase tsc_adjust bmi1 avx2 smep bmi2 erms invpcid xsaveopt dtherm ida arat pln pts
bugs		:
bogomips	: 4589.69
clflush size	: 64
cache_alignment	: 64
address sizes	: 39 bits physical, 48 bits virtual
power management:

processor	: 2
vendor_id	: GenuineIntel
cpu family	: 6
model		: 69
model name	: Intel(R) Core(TM) i5-4200U CPU @ 1.60GHz
stepping	: 1
microcode	: 0x16
cpu MHz		: 2299.910
cache size	: 3072 KB
physical id	: 0
siblings	: 4
core id		: 1
cpu cores	: 2
apicid		: 2
initial apicid	: 2
fpu		: yes
fpu_exception	: yes
cpuid level	: 13
wp		: yes
flags		: fpu vme de pse tsc msr pae mce cx8 apic sep mtrr pge mca cmov pat pse36 clflush dts acpi mmx fxsr sse sse2 ss ht tm pbe syscall nx pdpe1gb rdtscp lm constant_tsc arch_perfmon pebs bts rep_good nopl xtopology nonstop_tsc aperfmperf eagerfpu pni pclmulqdq dtes64 monitor ds_cpl vmx est tm2 ssse3 sdbg fma cx16 xtpr pdcm pcid sse4_1 sse4_2 movbe popcnt tsc_deadline_timer aes xsave avx f16c rdrand lahf_lm abm epb tpr_shadow vnmi flexpriority ept vpid fsgsbase tsc_adjust bmi1 avx2 smep bmi2 erms invpcid xsaveopt dtherm ida arat pln pts
bugs		:
bogomips	: 4589.69
clflush size	: 64
cache_alignment	: 64
address sizes	: 39 bits physical, 48 bits virtual
power management:

processor	: 3
vendor_id	: GenuineIntel
cpu family	: 6
model		: 69
model name	: Intel(R) Core(TM) i5-4200U CPU @ 1.60GHz
stepping	: 1
microcode	: 0x16
cpu MHz		: 2279.605
cache size	: 3072 KB
physical id	: 0
siblings	: 4
core id		: 1
cpu cores	: 2
apicid		: 3
initial apicid	: 3
fpu		: yes
fpu_exception	: yes
cpuid level	: 13
wp		: yes
flags		: fpu vme de pse tsc msr pae mce cx8 apic sep mtrr pge mca cmov pat pse36 clflush dts acpi mmx fxsr sse sse2 ss ht tm pbe syscall nx pdpe1gb rdtscp lm constant_tsc arch_perfmon pebs bts rep_good nopl xtopology nonstop_tsc aperfmperf eagerfpu pni pclmulqdq dtes64 monitor ds_cpl vmx est tm2 ssse3 sdbg fma cx16 xtpr pdcm pcid sse4_1 sse4_2 movbe popcnt tsc_deadline_timer aes xsave avx f16c rdrand lahf_lm abm epb tpr_shadow vnmi flexpriority ept vpid fsgsbase tsc_adjust bmi1 avx2 smep bmi2 erms invpcid xsaveopt dtherm ida arat pln pts
bugs		:
bogomips	: 4589.69
clflush size	: 64
cache_alignment	: 64
address sizes	: 39 bits physical, 48 bits virtual
power management:



Memory: 4k page, physical 8107672k(3478372k free), swap 8319996k(8319996k free)

vm_info: Java HotSpot(TM) 64-Bit Server VM (25.121-b13) for linux-amd64 JRE (1.8.0_121-b13), built on Dec 12 2016 16:36:53 by "java_re" with gcc 4.3.0 20080428 (Red Hat 4.3.0-8)

time: Sat May 20 14:08:20 2017
elapsed time: 18 seconds (0d 0h 0m 18s)

