#
# A fatal error has been detected by the Java Runtime Environment:
#
#  Internal Error (ciMethodData.cpp:209), pid=3567, tid=0x00007f75f6739700
#  Error: ShouldNotReachHere()
#
# JRE version: Java(TM) SE Runtime Environment (8.0_121-b13) (build 1.8.0_121-b13)
# Java VM: Java HotSpot(TM) 64-Bit Server VM (25.121-b13 mixed mode linux-amd64 compressed oops)
# Failed to write core dump. Core dumps have been disabled. To enable core dumping, try "ulimit -c unlimited" before starting Java again
#
# If you would like to submit a bug report, please visit:
#   http://bugreport.java.com/bugreport/crash.jsp
#

---------------  T H R E A D  ---------------

Current thread (0x00007f76180bc000):  JavaThread "C2 CompilerThread1" daemon [_thread_in_vm, id=3580, stack(0x00007f75f6639000,0x00007f75f673a000)]

Stack: [0x00007f75f6639000,0x00007f75f673a000],  sp=0x00007f75f6736c00,  free space=1015k
Native frames: (J=compiled Java code, j=interpreted, Vv=VM code, C=native code)
V  [libjvm.so+0xac703a]  VMError::report_and_die()+0x2ba
V  [libjvm.so+0x4fc2e2]  report_should_not_reach_here(char const*, int)+0x52
V  [libjvm.so+0x4307bd]  ciMethodData::data_at(int)+0x2d
V  [libjvm.so+0x432f8b]  ciMethodData::load_data()+0x12b
V  [libjvm.so+0x4255f7]  ciMethod::ensure_method_data(methodHandle)+0xa7
V  [libjvm.so+0x426847]  ciMethod::ensure_method_data()+0xa7
V  [libjvm.so+0x4a4d94]  Compile::Compile(ciEnv*, C2Compiler*, ciMethod*, int, bool, bool, bool)+0x8e4
V  [libjvm.so+0x3f2615]  C2Compiler::compile_method(ciEnv*, ciMethod*, int)+0x1f5
V  [libjvm.so+0x4afeaa]  CompileBroker::invoke_compiler_on_method(CompileTask*)+0xc9a
V  [libjvm.so+0x4b0e56]  CompileBroker::compiler_thread_loop()+0x5d6
V  [libjvm.so+0xa75543]  JavaThread::thread_main_inner()+0x103
V  [libjvm.so+0xa7568c]  JavaThread::run()+0x11c
V  [libjvm.so+0x926268]  java_start(Thread*)+0x108
C  [libpthread.so.0+0x76ba]  start_thread+0xca


Current CompileTask:
C2:2351582 21253   !   4       com.android.dx.cf.code.RopperMachine::run (1550 bytes)


---------------  P R O C E S S  ---------------

Java Threads: ( => current thread )
  0x00007f75ac87e800 JavaThread "pool-100-thread-1" [_thread_blocked, id=9053, stack(0x00007f75a2ffe000,0x00007f75a30ff000)]
  0x00007f75ac87e000 JavaThread "Cache update executor" [_thread_blocked, id=9051, stack(0x00007f75f43d2000,0x00007f75f44d3000)]
  0x00007f75ac008800 JavaThread "Stdin handler" [_thread_blocked, id=9049, stack(0x00007f75f46d5000,0x00007f75f47d6000)]
  0x00007f75ac00a800 JavaThread "Asynchronous log dispatcher for DefaultDaemonConnection: socket connection from /127.0.0.1:35052 to /127.0.0.1:40422" [_thread_blocked, id=9047, stack(0x00007f75f44d3000,0x00007f75f45d4000)]
  0x00007f75c0008800 JavaThread "Daemon worker Thread 13" [_thread_blocked, id=9045, stack(0x00007f75f45d4000,0x00007f75f46d5000)]
  0x00007f75c0004000 JavaThread "Cancel handler" [_thread_blocked, id=9044, stack(0x00007f75a26fd000,0x00007f75a27fe000)]
  0x00007f75c0005800 JavaThread "Handler for socket connection from /127.0.0.1:35052 to /127.0.0.1:40422" [_thread_in_native, id=9043, stack(0x00007f75a24fb000,0x00007f75a25fc000)]
  0x00007f75bc03a800 JavaThread "Daemon Thread 13" [_thread_blocked, id=9042, stack(0x00007f75f4ad7000,0x00007f75f4bd8000)]
  0x00007f75b4041800 JavaThread "pool-4-thread-4" [_thread_blocked, id=3874, stack(0x00007f75a21f8000,0x00007f75a22f9000)]
  0x00007f7590008000 JavaThread "pool-4-thread-3" [_thread_blocked, id=3868, stack(0x00007f75a22f9000,0x00007f75a23fa000)]
  0x00007f75accea800 JavaThread "pool-4-thread-2" [_thread_blocked, id=3717, stack(0x00007f75a23fa000,0x00007f75a24fb000)]
  0x00007f7594002000 JavaThread "pool-4-thread-1" [_thread_blocked, id=3711, stack(0x00007f75a25fc000,0x00007f75a26fd000)]
  0x00007f75ac9e5000 JavaThread "pool-2-thread-1" [_thread_blocked, id=3643, stack(0x00007f75a3eff000,0x00007f75a4000000)]
  0x00007f75ac5fa000 JavaThread "File lock request listener" [_thread_in_native, id=3626, stack(0x00007f75f401d000,0x00007f75f411e000)]
  0x00007f7618cd6800 JavaThread "Incoming local TCP Connector on port 35052" [_thread_in_native, id=3586, stack(0x00007f75f4ddf000,0x00007f75f4ee0000)]
  0x00007f7618ca4800 JavaThread "pool-1-thread-1" [_thread_blocked, id=3585, stack(0x00007f75f4ee0000,0x00007f75f4fe1000)]
  0x00007f76180f3000 JavaThread "Service Thread" daemon [_thread_blocked, id=3582, stack(0x00007f75f6437000,0x00007f75f6538000)]
  0x00007f76180be000 JavaThread "C1 CompilerThread2" daemon [_thread_blocked, id=3581, stack(0x00007f75f6538000,0x00007f75f6639000)]
=>0x00007f76180bc000 JavaThread "C2 CompilerThread1" daemon [_thread_in_vm, id=3580, stack(0x00007f75f6639000,0x00007f75f673a000)]
  0x00007f76180b9000 JavaThread "C2 CompilerThread0" daemon [_thread_blocked, id=3579, stack(0x00007f75f673a000,0x00007f75f683b000)]
  0x00007f76180b8000 JavaThread "Signal Dispatcher" daemon [_thread_blocked, id=3578, stack(0x00007f75f683b000,0x00007f75f693c000)]
  0x00007f7618084000 JavaThread "Finalizer" daemon [_thread_blocked, id=3577, stack(0x00007f75f6c15000,0x00007f75f6d16000)]
  0x00007f761807f800 JavaThread "Reference Handler" daemon [_thread_blocked, id=3576, stack(0x00007f75f6d16000,0x00007f75f6e17000)]
  0x00007f761800a000 JavaThread "main" [_thread_blocked, id=3570, stack(0x00007f761e821000,0x00007f761e922000)]

Other Threads:
  0x00007f7618077800 VMThread [stack: 0x00007f75f6e17000,0x00007f75f6f18000] [id=3575]
  0x00007f76180fe000 WatcherThread [stack: 0x00007f75f6336000,0x00007f75f6437000] [id=3583]

VM state:synchronizing (normal execution)

VM Mutex/Monitor currently owned by a thread:  ([mutex/lock_event])
[0x00007f7618006210] Threads_lock - owner thread: 0x00007f7618077800
[0x00007f7618006710] Heap_lock - owner thread: 0x00007f75accea800

Heap:
 PSYoungGen      total 193536K, used 193145K [0x00000000e0000000, 0x00000000ef800000, 0x0000000100000000)
  eden space 185344K, 100% used [0x00000000e0000000,0x00000000eb500000,0x00000000eb500000)
  from space 8192K, 95% used [0x00000000eba80000,0x00000000ec21e560,0x00000000ec280000)
  to   space 34304K, 0% used [0x00000000ed680000,0x00000000ed680000,0x00000000ef800000)
 ParOldGen       total 171520K, used 57655K [0x00000000a0000000, 0x00000000aa780000, 0x00000000e0000000)
  object space 171520K, 33% used [0x00000000a0000000,0x00000000a384df88,0x00000000aa780000)
 Metaspace       used 70020K, capacity 75292K, committed 75480K, reserved 1116160K
  class space    used 8920K, capacity 9611K, committed 9728K, reserved 1048576K

Card table byte_map: [0x00007f76080ed000,0x00007f76083ee000] byte_map_base: 0x00007f7607bed000

Marking Bits: (ParMarkBitMap*) 0x00007f761dcf0c80
 Begin Bits: [0x00007f7604bea000, 0x00007f76063ea000)
 End Bits:   [0x00007f76063ea000, 0x00007f7607bea000)

Polling page: 0x00007f761e941000

CodeCache: size=245760Kb used=56055Kb max_used=56071Kb free=189704Kb
 bounds [0x00007f76087ae000, 0x00007f760bece000, 0x00007f76177ae000]
 total_blobs=16866 nmethods=16077 adapters=699
 compilation: enabled

Compilation events (10 events):
Event: 2351.524 Thread 0x00007f76180b9000 nmethod 21277 0x00007f760beba210 code [0x00007f760beba440, 0x00007f760bebb1f8]
Event: 2351.524 Thread 0x00007f76180b9000 21286       4       com.android.dx.dex.file.ClassDataItem::encodeList (92 bytes)
Event: 2351.531 Thread 0x00007f76180bc000 nmethod 21264% 0x00007f760bec03d0 code [0x00007f760bec0780, 0x00007f760bec3290]
Event: 2351.531 Thread 0x00007f76180bc000 21257 %     4       com.android.dx.rop.code.BasicBlockList::getInstructionCount @ 9 (48 bytes)
Event: 2351.537 Thread 0x00007f76180bc000 nmethod 21257% 0x00007f760bea6d90 code [0x00007f760bea6f00, 0x00007f760bea71f8]
Event: 2351.537 Thread 0x00007f76180bc000 21262       4       com.android.dx.cf.code.Merger::mergeLocals (122 bytes)
Event: 2351.561 Thread 0x00007f76180b9000 nmethod 21286 0x00007f760beb7e90 code [0x00007f760beb80c0, 0x00007f760beb8ee0]
Event: 2351.561 Thread 0x00007f76180b9000 21258       4       com.android.dx.ssa.SsaConverter::edgeSplitSuccessors (98 bytes)
Event: 2351.572 Thread 0x00007f76180bc000 nmethod 21262 0x00007f760bec61d0 code [0x00007f760bec6440, 0x00007f760bec74f0]
Event: 2351.572 Thread 0x00007f76180bc000 21253   !   4       com.android.dx.cf.code.RopperMachine::run (1550 bytes)

GC Heap History (10 events):
Event: 1836.707 GC heap before
{Heap before GC invocations=44 (full 3):
 PSYoungGen      total 243200K, used 232584K [0x00000000e0000000, 0x00000000f1880000, 0x0000000100000000)
  eden space 215552K, 98% used [0x00000000e0000000,0x00000000ecf74de0,0x00000000ed280000)
  from space 27648K, 72% used [0x00000000efd80000,0x00000000f112d5f0,0x00000000f1880000)
  to   space 35840K, 0% used [0x00000000ed280000,0x00000000ed280000,0x00000000ef580000)
 ParOldGen       total 171520K, used 56963K [0x00000000a0000000, 0x00000000aa780000, 0x00000000e0000000)
  object space 171520K, 33% used [0x00000000a0000000,0x00000000a37a0f78,0x00000000aa780000)
 Metaspace       used 68872K, capacity 72690K, committed 72792K, reserved 1112064K
  class space    used 8710K, capacity 9254K, committed 9344K, reserved 1048576K
Event: 1836.719 GC heap after
Heap after GC invocations=44 (full 3):
 PSYoungGen      total 220672K, used 11774K [0x00000000e0000000, 0x00000000f1100000, 0x0000000100000000)
  eden space 208896K, 0% used [0x00000000e0000000,0x00000000e0000000,0x00000000ecc00000)
  from space 11776K, 99% used [0x00000000ed280000,0x00000000eddff918,0x00000000ede00000)
  to   space 35328K, 0% used [0x00000000eee80000,0x00000000eee80000,0x00000000f1100000)
 ParOldGen       total 171520K, used 57127K [0x00000000a0000000, 0x00000000aa780000, 0x00000000e0000000)
  object space 171520K, 33% used [0x00000000a0000000,0x00000000a37c9f88,0x00000000aa780000)
 Metaspace       used 68872K, capacity 72690K, committed 72792K, reserved 1112064K
  class space    used 8710K, capacity 9254K, committed 9344K, reserved 1048576K
}
Event: 2174.627 GC heap before
{Heap before GC invocations=45 (full 3):
 PSYoungGen      total 220672K, used 220670K [0x00000000e0000000, 0x00000000f1100000, 0x0000000100000000)
  eden space 208896K, 100% used [0x00000000e0000000,0x00000000ecc00000,0x00000000ecc00000)
  from space 11776K, 99% used [0x00000000ed280000,0x00000000eddff918,0x00000000ede00000)
  to   space 35328K, 0% used [0x00000000eee80000,0x00000000eee80000,0x00000000f1100000)
 ParOldGen       total 171520K, used 57127K [0x00000000a0000000, 0x00000000aa780000, 0x00000000e0000000)
  object space 171520K, 33% used [0x00000000a0000000,0x00000000a37c9f88,0x00000000aa780000)
 Metaspace       used 69765K, capacity 74770K, committed 74840K, reserved 1114112K
  class space    used 8896K, capacity 9582K, committed 9600K, reserved 1048576K
Event: 2174.657 GC heap after
Heap after GC invocations=45 (full 3):
 PSYoungGen      total 230912K, used 14114K [0x00000000e0000000, 0x00000000f0a00000, 0x0000000100000000)
  eden space 202752K, 0% used [0x00000000e0000000,0x00000000e0000000,0x00000000ec600000)
  from space 28160K, 50% used [0x00000000eee80000,0x00000000efc48920,0x00000000f0a00000)
  to   space 34816K, 0% used [0x00000000ec600000,0x00000000ec600000,0x00000000ee800000)
 ParOldGen       total 171520K, used 57159K [0x00000000a0000000, 0x00000000aa780000, 0x00000000e0000000)
  object space 171520K, 33% used [0x00000000a0000000,0x00000000a37d1f88,0x00000000aa780000)
 Metaspace       used 69765K, capacity 74770K, committed 74840K, reserved 1114112K
  class space    used 8896K, capacity 9582K, committed 9600K, reserved 1048576K
}
Event: 2241.612 GC heap before
{Heap before GC invocations=46 (full 3):
 PSYoungGen      total 230912K, used 216866K [0x00000000e0000000, 0x00000000f0a00000, 0x0000000100000000)
  eden space 202752K, 100% used [0x00000000e0000000,0x00000000ec600000,0x00000000ec600000)
  from space 28160K, 50% used [0x00000000eee80000,0x00000000efc48920,0x00000000f0a00000)
  to   space 34816K, 0% used [0x00000000ec600000,0x00000000ec600000,0x00000000ee800000)
 ParOldGen       total 171520K, used 57159K [0x00000000a0000000, 0x00000000aa780000, 0x00000000e0000000)
  object space 171520K, 33% used [0x00000000a0000000,0x00000000a37d1f88,0x00000000aa780000)
 Metaspace       used 69819K, capacity 74806K, committed 74840K, reserved 1114112K
  class space    used 8901K, capacity 9590K, committed 9600K, reserved 1048576K
Event: 2241.621 GC heap after
Heap after GC invocations=46 (full 3):
 PSYoungGen      total 204288K, used 7538K [0x00000000e0000000, 0x00000000f0500000, 0x0000000100000000)
  eden space 196608K, 0% used [0x00000000e0000000,0x00000000e0000000,0x00000000ec000000)
  from space 7680K, 98% used [0x00000000ec600000,0x00000000ecd5cbf0,0x00000000ecd80000)
  to   space 35328K, 0% used [0x00000000ee280000,0x00000000ee280000,0x00000000f0500000)
 ParOldGen       total 171520K, used 57423K [0x00000000a0000000, 0x00000000aa780000, 0x00000000e0000000)
  object space 171520K, 33% used [0x00000000a0000000,0x00000000a3813f88,0x00000000aa780000)
 Metaspace       used 69819K, capacity 74806K, committed 74840K, reserved 1114112K
  class space    used 8901K, capacity 9590K, committed 9600K, reserved 1048576K
}
Event: 2243.030 GC heap before
{Heap before GC invocations=47 (full 3):
 PSYoungGen      total 204288K, used 204146K [0x00000000e0000000, 0x00000000f0500000, 0x0000000100000000)
  eden space 196608K, 100% used [0x00000000e0000000,0x00000000ec000000,0x00000000ec000000)
  from space 7680K, 98% used [0x00000000ec600000,0x00000000ecd5cbf0,0x00000000ecd80000)
  to   space 35328K, 0% used [0x00000000ee280000,0x00000000ee280000,0x00000000f0500000)
 ParOldGen       total 171520K, used 57423K [0x00000000a0000000, 0x00000000aa780000, 0x00000000e0000000)
  object space 171520K, 33% used [0x00000000a0000000,0x00000000a3813f88,0x00000000aa780000)
 Metaspace       used 69899K, capacity 74994K, committed 75096K, reserved 1114112K
  class space    used 8909K, capacity 9600K, committed 9600K, reserved 1048576K
Event: 2243.054 GC heap after
Heap after GC invocations=47 (full 3):
 PSYoungGen      total 218624K, used 11064K [0x00000000e0000000, 0x00000000efd80000, 0x0000000100000000)
  eden space 190976K, 0% used [0x00000000e0000000,0x00000000e0000000,0x00000000eba80000)
  from space 27648K, 40% used [0x00000000ee280000,0x00000000eed4e150,0x00000000efd80000)
  to   space 34304K, 0% used [0x00000000eba80000,0x00000000eba80000,0x00000000edc00000)
 ParOldGen       total 171520K, used 57455K [0x00000000a0000000, 0x00000000aa780000, 0x00000000e0000000)
  object space 171520K, 33% used [0x00000000a0000000,0x00000000a381bf88,0x00000000aa780000)
 Metaspace       used 69899K, capacity 74994K, committed 75096K, reserved 1114112K
  class space    used 8909K, capacity 9600K, committed 9600K, reserved 1048576K
}
Event: 2350.457 GC heap before
{Heap before GC invocations=48 (full 3):
 PSYoungGen      total 218624K, used 202040K [0x00000000e0000000, 0x00000000efd80000, 0x0000000100000000)
  eden space 190976K, 100% used [0x00000000e0000000,0x00000000eba80000,0x00000000eba80000)
  from space 27648K, 40% used [0x00000000ee280000,0x00000000eed4e150,0x00000000efd80000)
  to   space 34304K, 0% used [0x00000000eba80000,0x00000000eba80000,0x00000000edc00000)
 ParOldGen       total 171520K, used 57455K [0x00000000a0000000, 0x00000000aa780000, 0x00000000e0000000)
  object space 171520K, 33% used [0x00000000a0000000,0x00000000a381bf88,0x00000000aa780000)
 Metaspace       used 69970K, capacity 75164K, committed 75480K, reserved 1116160K
  class space    used 8919K, capacity 9611K, committed 9728K, reserved 1048576K
Event: 2350.470 GC heap after
Heap after GC invocations=48 (full 3):
 PSYoungGen      total 193536K, used 7801K [0x00000000e0000000, 0x00000000ef800000, 0x0000000100000000)
  eden space 185344K, 0% used [0x00000000e0000000,0x00000000e0000000,0x00000000eb500000)
  from space 8192K, 95% used [0x00000000eba80000,0x00000000ec21e560,0x00000000ec280000)
  to   space 34304K, 0% used [0x00000000ed680000,0x00000000ed680000,0x00000000ef800000)
 ParOldGen       total 171520K, used 57655K [0x00000000a0000000, 0x00000000aa780000, 0x00000000e0000000)
  object space 171520K, 33% used [0x00000000a0000000,0x00000000a384df88,0x00000000aa780000)
 Metaspace       used 69970K, capacity 75164K, committed 75480K, reserved 1116160K
  class space    used 8919K, capacity 9611K, committed 9728K, reserved 1048576K
}

Deoptimization events (10 events):
Event: 1683.857 Thread 0x00007f75c0005800 Uncommon trap: reason=class_check action=maybe_recompile pc=0x00007f76088fe630 method=java.lang.String.equals(Ljava/lang/Object;)Z @ 8
Event: 1683.858 Thread 0x00007f75c0005800 Uncommon trap: reason=class_check action=maybe_recompile pc=0x00007f76088fe630 method=java.lang.String.equals(Ljava/lang/Object;)Z @ 8
Event: 1683.858 Thread 0x00007f75c0005800 Uncommon trap: reason=class_check action=maybe_recompile pc=0x00007f76088fe630 method=java.lang.String.equals(Ljava/lang/Object;)Z @ 8
Event: 1683.868 Thread 0x00007f75c0005800 Uncommon trap: reason=speculate_class_check action=maybe_recompile pc=0x00007f760b02fbf8 method=java.nio.charset.CharsetEncoder.encode(Ljava/nio/CharBuffer;Ljava/nio/ByteBuffer;Z)Ljava/nio/charset/CoderResult; @ 57
Event: 1780.755 Thread 0x00007f75c0008800 Uncommon trap: reason=speculate_class_check action=maybe_recompile pc=0x00007f760b02fbf8 method=java.nio.charset.CharsetEncoder.encode(Ljava/nio/CharBuffer;Ljava/nio/ByteBuffer;Z)Ljava/nio/charset/CoderResult; @ 57
Event: 1780.761 Thread 0x00007f75c0008800 Uncommon trap: reason=speculate_class_check action=maybe_recompile pc=0x00007f760b02fbf8 method=java.nio.charset.CharsetEncoder.encode(Ljava/nio/CharBuffer;Ljava/nio/ByteBuffer;Z)Ljava/nio/charset/CoderResult; @ 57
Event: 1835.617 Thread 0x00007f75c0008800 Uncommon trap: reason=array_check action=maybe_recompile pc=0x00007f7609240d2c method=java.util.ComparableTimSort.reverseRange([Ljava/lang/Object;II)V @ 27
Event: 1835.617 Thread 0x00007f75c0008800 Uncommon trap: reason=array_check action=maybe_recompile pc=0x00007f7609240d2c method=java.util.ComparableTimSort.reverseRange([Ljava/lang/Object;II)V @ 27
Event: 2175.178 Thread 0x00007f75c0005800 Uncommon trap: reason=null_check action=make_not_entrant pc=0x00007f760bc31b88 method=com.sun.org.apache.xpath.internal.patterns.NodeTest.subPartMatchNS(Ljava/lang/String;Ljava/lang/String;)Z @ 25
Event: 2175.178 Thread 0x00007f75c0005800 Uncommon trap: reason=null_check action=make_not_entrant pc=0x00007f760bc46e10 method=com.sun.org.apache.xpath.internal.patterns.NodeTest.subPartMatchNS(Ljava/lang/String;Ljava/lang/String;)Z @ 25

Internal exceptions (10 events):
Event: 2350.518 Thread 0x00007f75c0008800 Exception <a 'sun/nio/fs/UnixException'> (0x00000000e043a6d8) thrown at [/HUDSON3/workspace/8-2-build-linux-amd64/jdk8u121/8372/hotspot/src/share/vm/prims/jni.cpp, line 709]
Event: 2350.519 Thread 0x00007f75c0008800 Exception <a 'sun/nio/fs/UnixException'> (0x00000000e043bb18) thrown at [/HUDSON3/workspace/8-2-build-linux-amd64/jdk8u121/8372/hotspot/src/share/vm/prims/jni.cpp, line 709]
Event: 2350.519 Thread 0x00007f75c0008800 Exception <a 'sun/nio/fs/UnixException'> (0x00000000e043d6f0) thrown at [/HUDSON3/workspace/8-2-build-linux-amd64/jdk8u121/8372/hotspot/src/share/vm/prims/jni.cpp, line 709]
Event: 2350.519 Thread 0x00007f75c0008800 Exception <a 'sun/nio/fs/UnixException'> (0x00000000e043eb50) thrown at [/HUDSON3/workspace/8-2-build-linux-amd64/jdk8u121/8372/hotspot/src/share/vm/prims/jni.cpp, line 709]
Event: 2350.519 Thread 0x00007f75c0008800 Exception <a 'sun/nio/fs/UnixException'> (0x00000000e04409a8) thrown at [/HUDSON3/workspace/8-2-build-linux-amd64/jdk8u121/8372/hotspot/src/share/vm/prims/jni.cpp, line 709]
Event: 2350.519 Thread 0x00007f75c0008800 Exception <a 'sun/nio/fs/UnixException'> (0x00000000e0441e68) thrown at [/HUDSON3/workspace/8-2-build-linux-amd64/jdk8u121/8372/hotspot/src/share/vm/prims/jni.cpp, line 709]
Event: 2350.519 Thread 0x00007f75c0008800 Exception <a 'sun/nio/fs/UnixException'> (0x00000000e0443e58) thrown at [/HUDSON3/workspace/8-2-build-linux-amd64/jdk8u121/8372/hotspot/src/share/vm/prims/jni.cpp, line 709]
Event: 2350.519 Thread 0x00007f75c0008800 Exception <a 'sun/nio/fs/UnixException'> (0x00000000e0445168) thrown at [/HUDSON3/workspace/8-2-build-linux-amd64/jdk8u121/8372/hotspot/src/share/vm/prims/jni.cpp, line 709]
Event: 2350.519 Thread 0x00007f75c0008800 Exception <a 'sun/nio/fs/UnixException'> (0x00000000e04499f8) thrown at [/HUDSON3/workspace/8-2-build-linux-amd64/jdk8u121/8372/hotspot/src/share/vm/prims/jni.cpp, line 709]
Event: 2350.519 Thread 0x00007f75c0008800 Exception <a 'sun/nio/fs/UnixException'> (0x00000000e044acf8) thrown at [/HUDSON3/workspace/8-2-build-linux-amd64/jdk8u121/8372/hotspot/src/share/vm/prims/jni.cpp, line 709]

Events (10 events):
Event: 2351.469 Thread 0x00007f7594002000 DEOPT PACKING pc=0x00007f760a061cdd sp=0x00007f75a26fafd0
Event: 2351.469 Thread 0x00007f7594002000 DEOPT UNPACKING pc=0x00007f76087f5633 sp=0x00007f75a26fad60 mode 0
Event: 2351.470 Thread 0x00007f7594002000 DEOPT PACKING pc=0x00007f760a078a4b sp=0x00007f75a26faee0
Event: 2351.470 Thread 0x00007f7594002000 DEOPT UNPACKING pc=0x00007f76087f5633 sp=0x00007f75a26fac78 mode 0
Event: 2351.473 Thread 0x00007f7594002000 DEOPT PACKING pc=0x00007f760a061cdd sp=0x00007f75a26fafd0
Event: 2351.473 Thread 0x00007f7594002000 DEOPT UNPACKING pc=0x00007f76087f5633 sp=0x00007f75a26fad60 mode 0
Event: 2351.475 Thread 0x00007f7594002000 DEOPT PACKING pc=0x00007f760a078a4b sp=0x00007f75a26faee0
Event: 2351.475 Thread 0x00007f7594002000 DEOPT UNPACKING pc=0x00007f76087f5633 sp=0x00007f75a26fac78 mode 0
Event: 2351.515 Executing VM operation: RevokeBias
Event: 2351.515 Executing VM operation: RevokeBias done


Dynamic libraries:
00400000-00401000 r-xp 00000000 08:01 11143952                           /usr/local/java/jdk1.8.0_121/bin/java
00600000-00601000 rw-p 00000000 08:01 11143952                           /usr/local/java/jdk1.8.0_121/bin/java
0155a000-0157b000 rw-p 00000000 00:00 0                                  [heap]
a0000000-aa780000 rw-p 00000000 00:00 0 
aa780000-e0000000 ---p 00000000 00:00 0 
e0000000-ef800000 rw-p 00000000 00:00 0 
ef800000-100000000 ---p 00000000 00:00 0 
100000000-100980000 rw-p 00000000 00:00 0 
100980000-140000000 ---p 00000000 00:00 0 
7f7580000000-7f75803ef000 rw-p 00000000 00:00 0 
7f75803ef000-7f7584000000 ---p 00000000 00:00 0 
7f7584000000-7f758441b000 rw-p 00000000 00:00 0 
7f758441b000-7f7588000000 ---p 00000000 00:00 0 
7f7588000000-7f75880bf000 rw-p 00000000 00:00 0 
7f75880bf000-7f758c000000 ---p 00000000 00:00 0 
7f758c000000-7f758c9ef000 rw-p 00000000 00:00 0 
7f758c9ef000-7f7590000000 ---p 00000000 00:00 0 
7f7590000000-7f7590114000 rw-p 00000000 00:00 0 
7f7590114000-7f7594000000 ---p 00000000 00:00 0 
7f7594000000-7f7594067000 rw-p 00000000 00:00 0 
7f7594067000-7f7598000000 ---p 00000000 00:00 0 
7f7598000000-7f7598021000 rw-p 00000000 00:00 0 
7f7598021000-7f759c000000 ---p 00000000 00:00 0 
7f759c000000-7f759c021000 rw-p 00000000 00:00 0 
7f759c021000-7f75a0000000 ---p 00000000 00:00 0 
7f75a0bad000-7f75a0bed000 rw-p 00000000 00:00 0 
7f75a0bed000-7f75a0dad000 ---p 00000000 00:00 0 
7f75a0dad000-7f75a0fad000 rw-p 00000000 00:00 0 
7f75a0fad000-7f75a11ad000 rw-p 00000000 00:00 0 
7f75a11ad000-7f75a13ad000 rw-p 00000000 00:00 0 
7f75a13ad000-7f75a13b0000 ---p 00000000 00:00 0 
7f75a13b0000-7f75a16ae000 rw-p 00000000 00:00 0 
7f75a16ae000-7f75a16b1000 ---p 00000000 00:00 0 
7f75a16b1000-7f75a17af000 rw-p 00000000 00:00 0 
7f75a17af000-7f75a17b2000 ---p 00000000 00:00 0 
7f75a17b2000-7f75a1ab0000 rw-p 00000000 00:00 0 
7f75a1ab0000-7f75a1ae2000 r-xp 00000000 08:01 11144042                   /usr/local/java/jdk1.8.0_121/jre/lib/amd64/libsunec.so
7f75a1ae2000-7f75a1ce1000 ---p 00032000 08:01 11144042                   /usr/local/java/jdk1.8.0_121/jre/lib/amd64/libsunec.so
7f75a1ce1000-7f75a1ce7000 rw-p 00031000 08:01 11144042                   /usr/local/java/jdk1.8.0_121/jre/lib/amd64/libsunec.so
7f75a1ce7000-7f75a1ef7000 rw-p 00000000 00:00 0 
7f75a1ef7000-7f75a20f7000 rw-p 00000000 00:00 0 
7f75a20f7000-7f75a20fa000 ---p 00000000 00:00 0 
7f75a20fa000-7f75a21f8000 rw-p 00000000 00:00 0 
7f75a21f8000-7f75a21fb000 ---p 00000000 00:00 0 
7f75a21fb000-7f75a22f9000 rw-p 00000000 00:00 0 
7f75a22f9000-7f75a22fc000 ---p 00000000 00:00 0 
7f75a22fc000-7f75a23fa000 rw-p 00000000 00:00 0 
7f75a23fa000-7f75a23fd000 ---p 00000000 00:00 0 
7f75a23fd000-7f75a24fb000 rw-p 00000000 00:00 0 
7f75a24fb000-7f75a24fe000 ---p 00000000 00:00 0 
7f75a24fe000-7f75a25fc000 rw-p 00000000 00:00 0 
7f75a25fc000-7f75a25ff000 ---p 00000000 00:00 0 
7f75a25ff000-7f75a26fd000 rw-p 00000000 00:00 0 
7f75a26fd000-7f75a2700000 ---p 00000000 00:00 0 
7f75a2700000-7f75a29f4000 rw-p 00000000 00:00 0 
7f75a29f4000-7f75a29fe000 ---p 00000000 00:00 0 
7f75a29fe000-7f75a2bfe000 rw-p 00000000 00:00 0 
7f75a2bfe000-7f75a2dfe000 rw-p 00000000 00:00 0 
7f75a2dfe000-7f75a2ffe000 rw-p 00000000 00:00 0 
7f75a2ffe000-7f75a3001000 ---p 00000000 00:00 0 
7f75a3001000-7f75a32ff000 rw-p 00000000 00:00 0 
7f75a32ff000-7f75a34ff000 rw-p 00000000 00:00 0 
7f75a34ff000-7f75a36ff000 rw-p 00000000 00:00 0 
7f75a36ff000-7f75a38ff000 rw-p 00000000 00:00 0 
7f75a38ff000-7f75a3aff000 rw-p 00000000 00:00 0 
7f75a3aff000-7f75a3cff000 rw-p 00000000 00:00 0 
7f75a3cff000-7f75a3eff000 rw-p 00000000 00:00 0 
7f75a3eff000-7f75a3f02000 ---p 00000000 00:00 0 
7f75a3f02000-7f75a4000000 rw-p 00000000 00:00 0 
7f75a4000000-7f75a4990000 rw-p 00000000 00:00 0 
7f75a4990000-7f75a8000000 ---p 00000000 00:00 0 
7f75a8000000-7f75a8a72000 rw-p 00000000 00:00 0 
7f75a8a72000-7f75ac000000 ---p 00000000 00:00 0 
7f75ac000000-7f75ada1e000 rw-p 00000000 00:00 0 
7f75ada1e000-7f75b0000000 ---p 00000000 00:00 0 
7f75b0000000-7f75b09b0000 rw-p 00000000 00:00 0 
7f75b09b0000-7f75b4000000 ---p 00000000 00:00 0 
7f75b4000000-7f75b4a5a000 rw-p 00000000 00:00 0 
7f75b4a5a000-7f75b8000000 ---p 00000000 00:00 0 
7f75b8000000-7f75b8a32000 rw-p 00000000 00:00 0 
7f75b8a32000-7f75bc000000 ---p 00000000 00:00 0 
7f75bc000000-7f75bc071000 rw-p 00000000 00:00 0 
7f75bc071000-7f75c0000000 ---p 00000000 00:00 0 
7f75c0000000-7f75c0029000 rw-p 00000000 00:00 0 
7f75c0029000-7f75c4000000 ---p 00000000 00:00 0 
7f75c4000000-7f75c4021000 rw-p 00000000 00:00 0 
7f75c4021000-7f75c8000000 ---p 00000000 00:00 0 
7f75c8000000-7f75c8021000 rw-p 00000000 00:00 0 
7f75c8021000-7f75cc000000 ---p 00000000 00:00 0 
7f75cc055000-7f75cc05b000 r--s 0003f000 08:01 11146132                   /usr/local/java/jdk1.8.0_121/jre/lib/ext/sunjce_provider.jar
7f75cc05b000-7f75cc06e000 r--s 00345000 08:01 11146278                   /usr/local/java/jdk1.8.0_121/jre/lib/resources.jar
7f75cc06e000-7f75cc26e000 rw-p 00000000 00:00 0 
7f75cc26e000-7f75cc46e000 rw-p 00000000 00:00 0 
7f75cc46e000-7f75cc66e000 rw-p 00000000 00:00 0 
7f75cc66f000-7f75cc671000 r--s 00009000 08:01 11146131                   /usr/local/java/jdk1.8.0_121/jre/lib/ext/sunec.jar
7f75cc671000-7f75cc674000 r--s 0001a000 08:01 11146308                   /usr/local/java/jdk1.8.0_121/jre/lib/jce.jar
7f75cc674000-7f75cc675000 r--s 00001000 08:01 34477923                   /root/.gradle/caches/jars-2/cmhx5eetujk7j30d3nllwxyrlnugzjw/annotations-25.3.3.jar
7f75cc675000-7f75cc67d000 r--s 000a8000 08:01 34996888                   /root/.gradle/caches/jars-2/lp0h431tl0554nh1vx6zomcvteflkp/lombok-ast-0.2.3.jar
7f75cc67d000-7f75cc691000 r--s 000b4000 08:01 34477921                   /root/.gradle/caches/jars-2/hgvw6szzawm3evod5l2d6iutfug31w0/uast-162.2228.14.jar
7f75cc691000-7f75cc693000 r--s 0000d000 08:01 34996884                   /root/.gradle/caches/jars-2/7pwz1bowgakb1eux9ezb56jlturgsyi/commons-codec-1.4.jar
7f75cc693000-7f75cc695000 r--s 0000d000 08:01 34996882                   /root/.gradle/caches/jars-2/9dj1m0eyooi5qt13735vz8fpkl3cnfy/commons-logging-1.1.1.jar
7f75cc695000-7f75cc69a000 r--s 00028000 08:01 34996880                   /root/.gradle/caches/jars-2/62lv0fe9b3xbqe57f6ljy5upwi7mf6k/httpcore-4.1.jar
7f75cc69a000-7f75cc69e000 r--s 0002f000 08:01 34996878                   /root/.gradle/caches/jars-2/gsg5n52frsvw6sx0swqqe2hwijwdcf0/jimfs-1.1.jar
7f75cc69e000-7f75cc69f000 r--s 00004000 08:01 34996876                   /root/.gradle/caches/jars-2/lxs252id0979odjrerlctkb26c2vj95/annotations-12.0.jar
7f75cc69f000-7f75cc6a0000 r--s 00004000 08:01 34996874                   /root/.gradle/caches/jars-2/9kn99dr0rulyl67sct1ephwcop56l61/asm-analysis-5.0.4.jar
7f75cc6a0000-7f75cc6a4000 r--s 00040000 08:01 34477919                   /root/.gradle/caches/jars-2/ccvn7yglm4blceovs70fngoac1eyn4f/lint-api-25.3.3.jar
7f75cc6a4000-7f75cc6a5000 r--s 0000a000 08:01 34996870                   /root/.gradle/caches/jars-2/nwyg9io65lv6jvmwit2wq82xnnxd7ia/kxml2-2.3.0.jar
7f75cc6a5000-7f75cc6a7000 r--s 00005000 08:01 34996868                   /root/.gradle/caches/jars-2/i6hc1uuj8e9ck59slmzdyz78ydn8sr6/httpmime-4.1.jar
7f75cc6a7000-7f75cc6af000 r--s 0004e000 08:01 34996866                   /root/.gradle/caches/jars-2/7503wa5irssz0xxahv1xb82p2dl7rr2/httpclient-4.1.1.jar
7f75cc6af000-7f75cc6b6000 r--s 00053000 08:01 34996864                   /root/.gradle/caches/jars-2/jgkfvs4eqggj7qsyw1f5d3up57hanj1/commons-compress-1.8.1.jar
7f75cc6b6000-7f75cc6bb000 r--s 0002a000 08:01 34996862                   /root/.gradle/caches/jars-2/je8f027qcr1z1egw08byp1ybxbp9kko/gson-2.2.4.jar
7f75cc6bb000-7f75cc6c0000 r--s 0002e000 08:01 34477917                   /root/.gradle/caches/jars-2/s427p2wh0tfza0xa8qijgx107eeevyl/repository-25.3.3.jar
7f75cc6c0000-7f75cc6c2000 r--s 00006000 08:01 34477915                   /root/.gradle/caches/jars-2/e2s952s6co8tps89l80r4riixwqo2oe/dvlib-25.3.3.jar
7f75cc6c2000-7f75cc6c4000 r--s 00013000 08:01 34477913                   /root/.gradle/caches/jars-2/s02k517nvrh8cbp2c8dz4slqska6dj9/layoutlib-api-25.3.3.jar
7f75cc6c4000-7f75cc6c9000 r--s 00058000 08:01 34996854                   /root/.gradle/caches/jars-2/st159835qgxm0l87oqrnhayxos4lc1n/asm-debug-all-5.0.1.jar
7f75cc6c9000-7f75cc6d9000 r--s 000d5000 08:01 34996852                   /root/.gradle/caches/jars-2/qzf32gp9kej4w4hlbabft6tplu74cj3/proguard-base-5.3.2.jar
7f75cc6d9000-7f75cc6dc000 r--s 00033000 08:01 34996850                   /root/.gradle/caches/jars-2/nz9sndmr8b4xbj4xulkaciy5kdbyfiz/juniversalchardet-1.0.3.jar
7f75cc6dc000-7f75cc6e0000 r--s 0002a000 08:01 34996848                   /root/.gradle/caches/jars-2/krbpn9xjn1qymukyx8cc5l799ty1v3h/commons-io-2.4.jar
7f75cc6e0000-7f75cc6f7000 r--s 00154000 08:01 34996846                   /root/.gradle/caches/jars-2/sfeivjswzitn6n0fnjx3ueszz8gv8o1/antlr4-4.5.3.jar
7f75cc6f7000-7f75cc6f9000 r--s 00002000 08:01 34477911                   /root/.gradle/caches/jars-2/rh2ip1x2zziz26tr3qzudtz088pqsb2/baseLibrary-2.3.3.jar
7f75cc6f9000-7f75cc724000 r--s 001fc000 08:01 34996842                   /root/.gradle/caches/jars-2/nxjrjftly2xksl8o0wqgivu5netfu2x/guava-18.0.jar
7f75cc724000-7f75cc737000 r--s 00241000 08:01 34996840                   /root/.gradle/caches/jars-2/9yuekvg4qerfitq3xec0iyckuw3hwaq/ecj-4.6.1.jar
7f75cc737000-7f75cc73e000 r--s 000d9000 08:01 34477909                   /root/.gradle/caches/jars-2/ak89aa8liqmr44u7r08njntn6oehe0z/lint-checks-25.3.3.jar
7f75cc73e000-7f75cc740000 r--s 00006000 08:01 34996836                   /root/.gradle/caches/jars-2/6phgj9ki3jl3p5epzkqoo8pr6kur40b/asm-tree-5.0.4.jar
7f75cc740000-7f75cc773000 r--s 00203000 08:01 34996834                   /root/.gradle/caches/jars-2/hj0bfvxu9cq7hkwmecvp0kg137or3hh/bcprov-jdk15on-1.48.jar
7f75cc773000-7f75cc781000 r--s 00081000 08:01 34996832                   /root/.gradle/caches/jars-2/4r7xli0tz94y0wfjrdyjxlxar3g1pb9/bcpkix-jdk15on-1.48.jar
7f75cc781000-7f75cc783000 r--s 00002000 08:01 34996830                   /root/.gradle/caches/jars-2/f32bh5uivuf69ecz2j8hl96ksnqdh7v/javawriter-2.5.0.jar
7f75cc783000-7f75cc785000 r--s 00004000 08:01 34477907                   /root/.gradle/caches/jars-2/j6s1upogkwo00sygdsekzj4fx0i75uy/tracker-25.3.3.jar
7f75cc785000-7f75cc786000 r--s 00005000 08:01 34477905                   /root/.gradle/caches/jars-2/4svya0t1s9wyo35ycd3atidsaoo6w7e/shared-25.3.3.jar
7f75cc786000-7f75cc794000 r--s 00147000 08:01 34477903                   /root/.gradle/caches/jars-2/qx6695c5ocd9swxv7wqtxor3plyb4b7/protos-25.3.3.jar
7f75cc794000-7f75cc795000 r--s 00001000 08:01 34477901                   /root/.gradle/caches/jars-2/bqo69msswbvaagsh45hf1tq02v21sml/jill-api-0.10.0.jar
7f75cc795000-7f75cc797000 r--s 00003000 08:01 34477899                   /root/.gradle/caches/jars-2/7pldadygbci34ql8thws797g29k1uhh/jack-api-0.13.0.jar
7f75cc797000-7f75cc79d000 r--s 0004a000 08:01 34477897                   /root/.gradle/caches/jars-2/euoqfzf5y1sibp9ul8mcz0wovj380eo/ddmlib-25.3.3.jar
7f75cc79d000-7f75cc7a0000 r--s 00022000 08:01 34477895                   /root/.gradle/caches/jars-2/a81bg2yxzmumashablwecaj0ksz6tmj/manifest-merger-25.3.3.jar
7f75cc7a0000-7f75cc7a3000 r--s 0001c000 08:01 34477893                   /root/.gradle/caches/jars-2/l6cnyee1vojrkkbpp6qwgpf30shmrja/common-25.3.3.jar
7f75cc7a3000-7f75cc7ac000 r--s 00089000 08:01 34477891                   /root/.gradle/caches/jars-2/m0t6h8af70sdgxvkj522jy01i14mnb8/sdk-common-25.3.3.jar
7f75cc7ac000-7f75cc7b6000 r--s 00098000 08:01 34477889                   /root/.gradle/caches/jars-2/28c9ykhc782k8jmlrnbnccai34hziki/sdklib-25.3.3.jar
7f75cc7b6000-7f75cc7b7000 r--s 00002000 08:01 34477887                   /root/.gradle/caches/jars-2/4dod7a1p5hoai4v37pxbcg65bbahvg2/builder-test-api-2.3.3.jar
7f75cc7b7000-7f75cc7ba000 r--s 00006000 08:01 34477885                   /root/.gradle/caches/jars-2/omk02asobup8sgd6qxom3ej5bg94z2r/builder-model-2.3.3.jar
7f75cc7ba000-7f75cc7c9000 r--s 00130000 08:01 34996804                   /root/.gradle/caches/jars-2/cr6zkqpx14lor9zdtmo49qpc7y8r8p4/protobuf-java-3.0.0.jar
7f75cc7c9000-7f75cc7cb000 r--s 0000f000 08:01 34996802                   /root/.gradle/caches/jars-2/rvfyugrlu5tbpz51p98og0qsxamjq4k/jopt-simple-4.9.jar
7f75cc7cb000-7f75cc7cf000 r--s 0001f000 08:01 34996800                   /root/.gradle/caches/jars-2/nq3fzqkrrm37ob61z4iu5qdbh368uat/org.jacoco.report-0.7.5.201505241946.jar
7f75cc7cf000-7f75cc7d3000 r--s 0001d000 08:01 34996798                   /root/.gradle/caches/jars-2/3kxkmcckmk40ron92zhbm0qjo9l4bkl/org.jacoco.core-0.7.5.201505241946.jar
7f75cc7d3000-7f75cc7d5000 r--s 00002000 08:01 34996796                   /root/.gradle/caches/jars-2/m4m0pzb4gmaeh0in5g2xc4bxeuwt828/proguard-gradle-5.3.2.jar
7f75cc7d5000-7f75cc7d7000 r--s 00009000 08:01 34996794                   /root/.gradle/caches/jars-2/ajvcvdu66lc9e3tvvipxtuq48i9bbkc/asm-commons-5.0.4.jar
7f75cc7d7000-7f75cc7d9000 r--s 0000c000 08:01 34996792                   /root/.gradle/caches/jars-2/1laz1ygmxoc408r7nwqs1q8uk8r236d/asm-5.0.4.jar
7f75cc7d9000-7f75cc7de000 r--s 0002c000 08:01 34477883                   /root/.gradle/caches/jars-2/3mlasgi8oo9o7oa12526198jui9zmp2/compilerCommon-2.3.3.jar
7f75cc7de000-7f75cc7df000 r--s 00002000 08:01 34477881                   /root/.gradle/caches/jars-2/73l309uzm0ila7rdaaxteq0ng4ayf2y/gradle-api-2.3.3.jar
7f75cc7df000-7f75cc7e0000 r--s 00000000 08:01 34477879                   /root/.gradle/caches/jars-2/tlyajppf8woug00g686fx5mchf8iv3o/transform-api-2.0.0-deprecated-use-gradle-api.jar
7f75cc7e0000-7f75cc7ff000 r--s 001ca000 08:01 34477873                   /root/.gradle/caches/jars-2/5fwyvjq1ai8mdh1mluqxidj1wo7rls8/gradle-core-2.3.3.jar
7f75cc7ff000-7f75cc9ff000 rw-p 00000000 00:00 0 
7f75cc9ff000-7f75ccbff000 rw-p 00000000 00:00 0 
7f75ccbff000-7f75ccdff000 rw-p 00000000 00:00 0 
7f75ccdff000-7f75ccfff000 rw-p 00000000 00:00 0 
7f75ccfff000-7f75d0000000 rw-p 00000000 00:00 0 
7f75d0000000-7f75d1326000 rw-p 00000000 00:00 0 
7f75d1326000-7f75d4000000 ---p 00000000 00:00 0 
7f75d4000000-7f75d4021000 rw-p 00000000 00:00 0 
7f75d4021000-7f75d8000000 ---p 00000000 00:00 0 
7f75d8000000-7f75daf1d000 rw-p 00000000 00:00 0 
7f75daf1d000-7f75dc000000 ---p 00000000 00:00 0 
7f75dc000000-7f75de1f1000 rw-p 00000000 00:00 0 
7f75de1f1000-7f75e0000000 ---p 00000000 00:00 0 
7f75e0000000-7f75e0021000 rw-p 00000000 00:00 0 
7f75e0021000-7f75e4000000 ---p 00000000 00:00 0 
7f75e4000000-7f75e4021000 rw-p 00000000 00:00 0 
7f75e4021000-7f75e8000000 ---p 00000000 00:00 0 
7f75e8000000-7f75e80ea000 rw-p 00000000 00:00 0 
7f75e80ea000-7f75ec000000 ---p 00000000 00:00 0 
7f75ec000000-7f75ec021000 rw-p 00000000 00:00 0 
7f75ec021000-7f75f0000000 ---p 00000000 00:00 0 
7f75f0000000-7f75f0029000 rw-p 00000000 00:00 0 
7f75f0029000-7f75f4000000 ---p 00000000 00:00 0 
7f75f4000000-7f75f4005000 r--s 0005e000 08:01 34477877                   /root/.gradle/caches/jars-2/k2xtosjt0in0zj7mpwvctw6iznt93uh/lint-25.3.3.jar
7f75f4005000-7f75f401b000 r--s 00163000 08:01 34477875                   /root/.gradle/caches/jars-2/nyg71b5n2lzymmwh5vbtmvjiby07k4g/builder-2.3.3.jar
7f75f401b000-7f75f401d000 r--s 0000d000 08:01 34477871                   /root/.gradle/caches/jars-2/mel54vauze7hczg2p6nebauqz8s53sj/gradle-2.3.3.jar
7f75f401d000-7f75f4020000 ---p 00000000 00:00 0 
7f75f4020000-7f75f411e000 rw-p 00000000 00:00 0 
7f75f411e000-7f75f4121000 ---p 00000000 00:00 0 
7f75f4121000-7f75f4157000 rw-p 00000000 00:00 0 
7f75f4157000-7f75f4158000 r--p 00000000 00:00 0 
7f75f4158000-7f75f41d2000 r--s 010f6000 08:01 11020816                   /usr/local/java/jdk1.8.0_121/lib/tools.jar
7f75f41d2000-7f75f43d2000 rw-p 00000000 00:00 0 
7f75f43d2000-7f75f43d5000 ---p 00000000 00:00 0 
7f75f43d5000-7f75f44d3000 rw-p 00000000 00:00 0 
7f75f44d3000-7f75f44d6000 ---p 00000000 00:00 0 
7f75f44d6000-7f75f45d4000 rw-p 00000000 00:00 0 
7f75f45d4000-7f75f45d7000 ---p 00000000 00:00 0 
7f75f45d7000-7f75f46d5000 rw-p 00000000 00:00 0 
7f75f46d5000-7f75f46d8000 ---p 00000000 00:00 0 
7f75f46d8000-7f75f47d6000 rw-p 00000000 00:00 0 
7f75f47d6000-7f75f47d9000 ---p 00000000 00:00 0 
7f75f47d9000-7f75f4ad7000 rw-p 00000000 00:00 0 
7f75f4ad7000-7f75f4ada000 ---p 00000000 00:00 0 
7f75f4ada000-7f75f4bd8000 rw-p 00000000 00:00 0 
7f75f4bd8000-7f75f4bdf000 r--s 00000000 08:01 11280200                   /usr/lib/x86_64-linux-gnu/gconv/gconv-modules.cache
7f75f4bdf000-7f75f4ddf000 rw-p 00000000 00:00 0 
7f75f4ddf000-7f75f4de2000 ---p 00000000 00:00 0 
7f75f4de2000-7f75f4ee0000 rw-p 00000000 00:00 0 
7f75f4ee0000-7f75f4ee3000 ---p 00000000 00:00 0 
7f75f4ee3000-7f75f4fe1000 rw-p 00000000 00:00 0 
7f75f4fe1000-7f75f4fea000 r-xp 00000000 08:01 11144070                   /usr/local/java/jdk1.8.0_121/jre/lib/amd64/libmanagement.so
7f75f4fea000-7f75f51e9000 ---p 00009000 08:01 11144070                   /usr/local/java/jdk1.8.0_121/jre/lib/amd64/libmanagement.so
7f75f51e9000-7f75f51ea000 rw-p 00008000 08:01 11144070                   /usr/local/java/jdk1.8.0_121/jre/lib/amd64/libmanagement.so
7f75f51ea000-7f75f51ee000 r--s 0009a000 08:01 11143978                   /usr/local/java/jdk1.8.0_121/jre/lib/jsse.jar
7f75f51ee000-7f75f51f0000 r--s 00007000 08:01 34341942                   /root/.gradle/wrapper/dists/gradle-3.3-all/55gk2rcmfc6p2dg9u9ohc3hw9/gradle-3.3/lib/plugins/gradle-tooling-api-builders-3.3.jar
7f75f51f0000-7f75f51f3000 r--s 00009000 08:01 34341935                   /root/.gradle/wrapper/dists/gradle-3.3-all/55gk2rcmfc6p2dg9u9ohc3hw9/gradle-3.3/lib/plugins/gradle-testing-native-3.3.jar
7f75f51f3000-7f75f51f9000 r--s 00033000 08:01 34342010                   /root/.gradle/wrapper/dists/gradle-3.3-all/55gk2rcmfc6p2dg9u9ohc3hw9/gradle-3.3/lib/plugins/snakeyaml-1.6.jar
7f75f51f9000-7f75f51fb000 r--s 00006000 08:01 34342009                   /root/.gradle/wrapper/dists/gradle-3.3-all/55gk2rcmfc6p2dg9u9ohc3hw9/gradle-3.3/lib/plugins/jcommander-1.12.jar
7f75f51fb000-7f75f5200000 r--s 00040000 08:01 34342008                   /root/.gradle/wrapper/dists/gradle-3.3-all/55gk2rcmfc6p2dg9u9ohc3hw9/gradle-3.3/lib/plugins/bsh-2.0b4.jar
7f75f5200000-7f75f5202000 r--s 00009000 08:01 34342016                   /root/.gradle/wrapper/dists/gradle-3.3-all/55gk2rcmfc6p2dg9u9ohc3hw9/gradle-3.3/lib/plugins/hamcrest-core-1.3.jar
7f75f5202000-7f75f520b000 r--s 00089000 08:01 34341967                   /root/.gradle/wrapper/dists/gradle-3.3-all/55gk2rcmfc6p2dg9u9ohc3hw9/gradle-3.3/lib/plugins/testng-6.3.1.jar
7f75f520b000-7f75f5213000 r--s 00045000 08:01 34341966                   /root/.gradle/wrapper/dists/gradle-3.3-all/55gk2rcmfc6p2dg9u9ohc3hw9/gradle-3.3/lib/plugins/junit-4.12.jar
7f75f5213000-7f75f5219000 r--s 0002e000 08:01 34341936                   /root/.gradle/wrapper/dists/gradle-3.3-all/55gk2rcmfc6p2dg9u9ohc3hw9/gradle-3.3/lib/plugins/gradle-testing-jvm-3.3.jar
7f75f5219000-7f75f521d000 r--s 00016000 08:01 34341934                   /root/.gradle/wrapper/dists/gradle-3.3-all/55gk2rcmfc6p2dg9u9ohc3hw9/gradle-3.3/lib/plugins/gradle-testing-base-3.3.jar
7f75f521d000-7f75f5224000 r--s 00038000 08:01 34341961                   /root/.gradle/wrapper/dists/gradle-3.3-all/55gk2rcmfc6p2dg9u9ohc3hw9/gradle-3.3/lib/plugins/bcpg-jdk15on-1.51.jar
7f75f5224000-7f75f5226000 r--s 0000c000 08:01 34341913                   /root/.gradle/wrapper/dists/gradle-3.3-all/55gk2rcmfc6p2dg9u9ohc3hw9/gradle-3.3/lib/plugins/gradle-signing-3.3.jar
7f75f5226000-7f75f5228000 r--s 00007000 08:01 34341912                   /root/.gradle/wrapper/dists/gradle-3.3-all/55gk2rcmfc6p2dg9u9ohc3hw9/gradle-3.3/lib/plugins/gradle-scala-3.3.jar
7f75f5228000-7f75f5229000 r--s 00004000 08:01 34341940                   /root/.gradle/wrapper/dists/gradle-3.3-all/55gk2rcmfc6p2dg9u9ohc3hw9/gradle-3.3/lib/plugins/gradle-resources-sftp-3.3.jar
7f75f5229000-7f75f5239000 r--s 00088000 08:01 34341977                   /root/.gradle/wrapper/dists/gradle-3.3-all/55gk2rcmfc6p2dg9u9ohc3hw9/gradle-3.3/lib/plugins/joda-time-2.8.2.jar
7f75f5239000-7f75f524a000 r--s 0010d000 08:01 34341976                   /root/.gradle/wrapper/dists/gradle-3.3-all/55gk2rcmfc6p2dg9u9ohc3hw9/gradle-3.3/lib/plugins/jackson-databind-2.6.6.jar
7f75f524a000-7f75f524d000 r--s 00009000 08:01 34341975                   /root/.gradle/wrapper/dists/gradle-3.3-all/55gk2rcmfc6p2dg9u9ohc3hw9/gradle-3.3/lib/plugins/jackson-annotations-2.6.6.jar
7f75f524d000-7f75f5251000 r--s 0003c000 08:01 34341974                   /root/.gradle/wrapper/dists/gradle-3.3-all/55gk2rcmfc6p2dg9u9ohc3hw9/gradle-3.3/lib/plugins/jackson-core-2.6.6.jar
7f75f5251000-7f75f525f000 r--s 00087000 08:01 34341973                   /root/.gradle/wrapper/dists/gradle-3.3-all/55gk2rcmfc6p2dg9u9ohc3hw9/gradle-3.3/lib/plugins/aws-java-sdk-core-1.11.6.jar
7f75f525f000-7f75f5266000 r--s 00057000 08:01 34341972                   /root/.gradle/wrapper/dists/gradle-3.3-all/55gk2rcmfc6p2dg9u9ohc3hw9/gradle-3.3/lib/plugins/aws-java-sdk-kms-1.11.6.jar
7f75f5266000-7f75f5273000 r--s 0008e000 08:01 34341971                   /root/.gradle/wrapper/dists/gradle-3.3-all/55gk2rcmfc6p2dg9u9ohc3hw9/gradle-3.3/lib/plugins/aws-java-sdk-s3-1.11.6.jar
7f75f5273000-7f75f5275000 r--s 00004000 08:01 34341941                   /root/.gradle/wrapper/dists/gradle-3.3-all/55gk2rcmfc6p2dg9u9ohc3hw9/gradle-3.3/lib/plugins/gradle-resources-s3-3.3.jar
7f75f5275000-7f75f5277000 r--s 00005000 08:01 34341965                   /root/.gradle/wrapper/dists/gradle-3.3-all/55gk2rcmfc6p2dg9u9ohc3hw9/gradle-3.3/lib/plugins/jatl-0.2.2.jar
7f75f5277000-7f75f5279000 r--s 0000f000 08:01 34341918                   /root/.gradle/wrapper/dists/gradle-3.3-all/55gk2rcmfc6p2dg9u9ohc3hw9/gradle-3.3/lib/plugins/gradle-reporting-3.3.jar
7f75f5279000-7f75f527b000 r--s 00002000 08:01 34341919                   /root/.gradle/wrapper/dists/gradle-3.3-all/55gk2rcmfc6p2dg9u9ohc3hw9/gradle-3.3/lib/plugins/gradle-publish-3.3.jar
7f75f527b000-7f75f527d000 r--s 00009000 08:01 34341948                   /root/.gradle/wrapper/dists/gradle-3.3-all/55gk2rcmfc6p2dg9u9ohc3hw9/gradle-3.3/lib/plugins/commons-cli-1.2.jar
7f75f527d000-7f75f5283000 r--s 00031000 08:01 34341904                   /root/.gradle/wrapper/dists/gradle-3.3-all/55gk2rcmfc6p2dg9u9ohc3hw9/gradle-3.3/lib/plugins/gradle-plugins-3.3.jar
7f75f5283000-7f75f5285000 r--s 00009000 08:01 34341937                   /root/.gradle/wrapper/dists/gradle-3.3-all/55gk2rcmfc6p2dg9u9ohc3hw9/gradle-3.3/lib/plugins/gradle-plugin-development-3.3.jar
7f75f5285000-7f75f528b000 r--s 0002b000 08:01 34341930                   /root/.gradle/wrapper/dists/gradle-3.3-all/55gk2rcmfc6p2dg9u9ohc3hw9/gradle-3.3/lib/plugins/gradle-platform-play-3.3.jar
7f75f528b000-7f75f5299000 r--s 00055000 08:01 34341929                   /root/.gradle/wrapper/dists/gradle-3.3-all/55gk2rcmfc6p2dg9u9ohc3hw9/gradle-3.3/lib/plugins/gradle-platform-native-3.3.jar
7f75f5299000-7f75f529e000 r--s 0001f000 08:01 34341924                   /root/.gradle/wrapper/dists/gradle-3.3-all/55gk2rcmfc6p2dg9u9ohc3hw9/gradle-3.3/lib/plugins/gradle-platform-jvm-3.3.jar
7f75f529e000-7f75f52a6000 r--s 00027000 08:01 34341923                   /root/.gradle/wrapper/dists/gradle-3.3-all/55gk2rcmfc6p2dg9u9ohc3hw9/gradle-3.3/lib/plugins/gradle-platform-base-3.3.jar
7f75f52a6000-7f75f52ce000 r--s 0021c000 08:01 34341956                   /root/.gradle/wrapper/dists/gradle-3.3-all/55gk2rcmfc6p2dg9u9ohc3hw9/gradle-3.3/lib/plugins/biz.aQute.bndlib-3.2.0.jar
7f75f52ce000-7f75f52d0000 r--s 00003000 08:01 34341908                   /root/.gradle/wrapper/dists/gradle-3.3-all/55gk2rcmfc6p2dg9u9ohc3hw9/gradle-3.3/lib/plugins/gradle-osgi-3.3.jar
7f75f52d0000-7f75f52d3000 r--s 0000c000 08:01 34341959                   /root/.gradle/wrapper/dists/gradle-3.3-all/55gk2rcmfc6p2dg9u9ohc3hw9/gradle-3.3/lib/plugins/pmaven-groovy-0.8-20100325.jar
7f75f52d3000-7f75f52d4000 r--s 00004000 08:01 34341958                   /root/.gradle/wrapper/dists/gradle-3.3-all/55gk2rcmfc6p2dg9u9ohc3hw9/gradle-3.3/lib/plugins/pmaven-common-0.8-20100325.jar
7f75f52d4000-7f75f52da000 r--s 00023000 08:01 34341909                   /root/.gradle/wrapper/dists/gradle-3.3-all/55gk2rcmfc6p2dg9u9ohc3hw9/gradle-3.3/lib/plugins/gradle-maven-3.3.jar
7f75f52da000-7f75f52dd000 r--s 0000b000 08:01 34341928                   /root/.gradle/wrapper/dists/gradle-3.3-all/55gk2rcmfc6p2dg9u9ohc3hw9/gradle-3.3/lib/plugins/gradle-language-scala-3.3.jar
7f75f52dd000-7f75f52e3000 r--s 0001a000 08:01 34341932                   /root/.gradle/wrapper/dists/gradle-3.3-all/55gk2rcmfc6p2dg9u9ohc3hw9/gradle-3.3/lib/plugins/gradle-language-native-3.3.jar
7f75f52e3000-7f75f52e6000 r--s 00005000 08:01 34341925                   /root/.gradle/wrapper/dists/gradle-3.3-all/55gk2rcmfc6p2dg9u9ohc3hw9/gradle-3.3/lib/plugins/gradle-language-jvm-3.3.jar
7f75f52e6000-7f75f52ec000 r--s 00027000 08:01 34341926                   /root/.gradle/wrapper/dists/gradle-3.3-all/55gk2rcmfc6p2dg9u9ohc3hw9/gradle-3.3/lib/plugins/gradle-language-java-3.3.jar
7f75f52ec000-7f75f52ee000 r--s 0000a000 08:01 34341927                   /root/.gradle/wrapper/dists/gradle-3.3-all/55gk2rcmfc6p2dg9u9ohc3hw9/gradle-3.3/lib/plugins/gradle-language-groovy-3.3.jar
7f75f52ee000-7f75f52f1000 r--s 0001e000 08:01 34341983                   /root/.gradle/wrapper/dists/gradle-3.3-all/55gk2rcmfc6p2dg9u9ohc3hw9/gradle-3.3/lib/plugins/jsp-api-2.1-6.1.14.jar
7f75f52f1000-7f75f5314000 r--s 00344000 08:01 34341982                   /root/.gradle/wrapper/dists/gradle-3.3-all/55gk2rcmfc6p2dg9u9ohc3hw9/gradle-3.3/lib/plugins/core-3.1.1.jar
7f75f5314000-7f75f5315000 r--s 00006000 08:01 34341981                   /root/.gradle/wrapper/dists/gradle-3.3-all/55gk2rcmfc6p2dg9u9ohc3hw9/gradle-3.3/lib/plugins/jetty-naming-6.1.26.jar
7f75f5315000-7f75f5316000 r--s 00002000 08:01 34341955                   /root/.gradle/wrapper/dists/gradle-3.3-all/55gk2rcmfc6p2dg9u9ohc3hw9/gradle-3.3/lib/plugins/geronimo-annotation_1.0_spec-1.0.jar
7f75f5316000-7f75f5318000 r--s 00002000 08:01 34341954                   /root/.gradle/wrapper/dists/gradle-3.3-all/55gk2rcmfc6p2dg9u9ohc3hw9/gradle-3.3/lib/plugins/jetty-annotations-6.1.26.jar
7f75f5318000-7f75f5329000 r--s 000ea000 08:01 34341953                   /root/.gradle/wrapper/dists/gradle-3.3-all/55gk2rcmfc6p2dg9u9ohc3hw9/gradle-3.3/lib/plugins/jsp-2.1-6.1.14.jar
7f75f5329000-7f75f532b000 r--s 0000d000 08:01 34341952                   /root/.gradle/wrapper/dists/gradle-3.3-all/55gk2rcmfc6p2dg9u9ohc3hw9/gradle-3.3/lib/plugins/jetty-plus-6.1.26.jar
7f75f532b000-7f75f532d000 r--s 0001f000 08:01 34341951                   /root/.gradle/wrapper/dists/gradle-3.3-all/55gk2rcmfc6p2dg9u9ohc3hw9/gradle-3.3/lib/plugins/servlet-api-2.5-20081211.jar
7f75f532d000-7f75f5331000 r--s 00028000 08:01 34341950                   /root/.gradle/wrapper/dists/gradle-3.3-all/55gk2rcmfc6p2dg9u9ohc3hw9/gradle-3.3/lib/plugins/jetty-util-6.1.26.jar
7f75f5331000-7f75f5338000 r--s 0007d000 08:01 34341949                   /root/.gradle/wrapper/dists/gradle-3.3-all/55gk2rcmfc6p2dg9u9ohc3hw9/gradle-3.3/lib/plugins/jetty-6.1.26.jar
7f75f5338000-7f75f533a000 r--s 0000a000 08:01 34341906                   /root/.gradle/wrapper/dists/gradle-3.3-all/55gk2rcmfc6p2dg9u9ohc3hw9/gradle-3.3/lib/plugins/gradle-jetty-3.3.jar
7f75f533a000-7f75f5341000 r--s 00035000 08:01 34341964                   /root/.gradle/wrapper/dists/gradle-3.3-all/55gk2rcmfc6p2dg9u9ohc3hw9/gradle-3.3/lib/plugins/simple-4.1.21.jar
7f75f5341000-7f75f534d000 r--s 00100000 08:01 34341962                   /root/.gradle/wrapper/dists/gradle-3.3-all/55gk2rcmfc6p2dg9u9ohc3hw9/gradle-3.3/lib/plugins/rhino-1.7R3.jar
7f75f534d000-7f75f5351000 r--s 00012000 08:01 34341915                   /root/.gradle/wrapper/dists/gradle-3.3-all/55gk2rcmfc6p2dg9u9ohc3hw9/gradle-3.3/lib/plugins/gradle-javascript-3.3.jar
7f75f5351000-7f75f5353000 r--s 0000d000 08:01 34341921                   /root/.gradle/wrapper/dists/gradle-3.3-all/55gk2rcmfc6p2dg9u9ohc3hw9/gradle-3.3/lib/plugins/gradle-jacoco-3.3.jar
7f75f5353000-7f75f5356000 r--s 0000e000 08:01 34341920                   /root/.gradle/wrapper/dists/gradle-3.3-all/55gk2rcmfc6p2dg9u9ohc3hw9/gradle-3.3/lib/plugins/gradle-ivy-3.3.jar
7f75f5356000-7f75f5357000 r--s 00002000 08:01 34341931                   /root/.gradle/wrapper/dists/gradle-3.3-all/55gk2rcmfc6p2dg9u9ohc3hw9/gradle-3.3/lib/plugins/gradle-ide-play-3.3.jar
7f75f5357000-7f75f535a000 r--s 00013000 08:01 34341933                   /root/.gradle/wrapper/dists/gradle-3.3-all/55gk2rcmfc6p2dg9u9ohc3hw9/gradle-3.3/lib/plugins/gradle-ide-native-3.3.jar
7f75f535a000-7f75f5363000 r--s 00055000 08:01 34341910                   /root/.gradle/wrapper/dists/gradle-3.3-all/55gk2rcmfc6p2dg9u9ohc3hw9/gradle-3.3/lib/plugins/gradle-ide-3.3.jar
7f75f5363000-7f75f5365000 r--s 00007000 08:01 34341914                   /root/.gradle/wrapper/dists/gradle-3.3-all/55gk2rcmfc6p2dg9u9ohc3hw9/gradle-3.3/lib/plugins/gradle-ear-3.3.jar
7f75f5365000-7f75f536b000 r--s 00039000 08:01 34341917                   /root/.gradle/wrapper/dists/gradle-3.3-all/55gk2rcmfc6p2dg9u9ohc3hw9/gradle-3.3/lib/plugins/gradle-diagnostics-3.3.jar
7f75f536b000-7f75f536c000 r--s 00009000 08:01 34341943                   /root/.gradle/wrapper/dists/gradle-3.3-all/55gk2rcmfc6p2dg9u9ohc3hw9/gradle-3.3/lib/plugins/gradle-composite-builds-3.3.jar
7f75f536c000-7f75f5370000 r--s 00023000 08:01 34341905                   /root/.gradle/wrapper/dists/gradle-3.3-all/55gk2rcmfc6p2dg9u9ohc3hw9/gradle-3.3/lib/plugins/gradle-code-quality-3.3.jar
7f75f5370000-7f75f5374000 r--s 00022000 08:01 34341922                   /root/.gradle/wrapper/dists/gradle-3.3-all/55gk2rcmfc6p2dg9u9ohc3hw9/gradle-3.3/lib/plugins/gradle-build-init-3.3.jar
7f75f5374000-7f75f537a000 r--s 0008e000 08:01 34341916                   /root/.gradle/wrapper/dists/gradle-3.3-all/55gk2rcmfc6p2dg9u9ohc3hw9/gradle-3.3/lib/plugins/gradle-build-comparison-3.3.jar
7f75f537a000-7f75f537b000 r--s 00001000 08:01 34341944                   /root/.gradle/wrapper/dists/gradle-3.3-all/55gk2rcmfc6p2dg9u9ohc3hw9/gradle-3.3/lib/plugins/gradle-build-cache-http-3.3.jar
7f75f537b000-7f75f537d000 r--s 00008000 08:01 34341907                   /root/.gradle/wrapper/dists/gradle-3.3-all/55gk2rcmfc6p2dg9u9ohc3hw9/gradle-3.3/lib/plugins/gradle-antlr-3.3.jar
7f75f537d000-7f75f537f000 r--s 00004000 08:01 34341911                   /root/.gradle/wrapper/dists/gradle-3.3-all/55gk2rcmfc6p2dg9u9ohc3hw9/gradle-3.3/lib/plugins/gradle-announce-3.3.jar
7f75f537f000-7f75f5397000 r--s 00115000 08:01 34342013                   /root/.gradle/wrapper/dists/gradle-3.3-all/55gk2rcmfc6p2dg9u9ohc3hw9/gradle-3.3/lib/plugins/xercesImpl-2.9.1.jar
7f75f5397000-7f75f539f000 r--s 00028000 08:01 34342014                   /root/.gradle/wrapper/dists/gradle-3.3-all/55gk2rcmfc6p2dg9u9ohc3hw9/gradle-3.3/lib/plugins/xml-apis-1.3.04.jar
7f75f539f000-7f75f53a5000 r--s 0005b000 08:01 34342012                   /root/.gradle/wrapper/dists/gradle-3.3-all/55gk2rcmfc6p2dg9u9ohc3hw9/gradle-3.3/lib/plugins/jcifs-1.3.17.jar
7f75f53a5000-7f75f53ab000 r--s 00033000 08:01 34341960                   /root/.gradle/wrapper/dists/gradle-3.3-all/55gk2rcmfc6p2dg9u9ohc3hw9/gradle-3.3/lib/plugins/commons-codec-1.6.jar
7f75f53ab000-7f75f53b2000 r--s 00049000 08:01 34342011                   /root/.gradle/wrapper/dists/gradle-3.3-all/55gk2rcmfc6p2dg9u9ohc3hw9/gradle-3.3/lib/plugins/httpcore-4.4.4.jar
7f75f53b2000-7f75f53b5000 r--s 0001c000 08:01 34341969                   /root/.gradle/wrapper/dists/gradle-3.3-all/55gk2rcmfc6p2dg9u9ohc3hw9/gradle-3.3/lib/plugins/nekohtml-1.9.14.jar
7f75f53b5000-7f75f53c2000 r--s 000a4000 08:01 34341968                   /root/.gradle/wrapper/dists/gradle-3.3-all/55gk2rcmfc6p2dg9u9ohc3hw9/gradle-3.3/lib/plugins/httpclient-4.4.1.jar
7f75f53c2000-7f75f53c5000 r--s 0000a000 08:01 34341939                   /root/.gradle/wrapper/dists/gradle-3.3-all/55gk2rcmfc6p2dg9u9ohc3hw9/gradle-3.3/lib/plugins/gradle-resources-http-3.3.jar
7f75f53c5000-7f75f53c9000 r--s 00015000 08:01 34341938                   /root/.gradle/wrapper/dists/gradle-3.3-all/55gk2rcmfc6p2dg9u9ohc3hw9/gradle-3.3/lib/plugins/gradle-plugin-use-3.3.jar
7f75f53c9000-7f75f53ca000 r--s 00000000 08:01 34341850                   /root/.gradle/wrapper/dists/gradle-3.3-all/55gk2rcmfc6p2dg9u9ohc3hw9/gradle-3.3/lib/gradle-installation-beacon-3.3.jar
7f75f53ca000-7f75f53cc000 r--s 00006000 08:01 34342007                   /root/.gradle/wrapper/dists/gradle-3.3-all/55gk2rcmfc6p2dg9u9ohc3hw9/gradle-3.3/lib/plugins/aether-connector-wagon-1.13.1.jar
7f75f53cc000-7f75f53d0000 r--s 0001c000 08:01 34342006                   /root/.gradle/wrapper/dists/gradle-3.3-all/55gk2rcmfc6p2dg9u9ohc3hw9/gradle-3.3/lib/plugins/aether-util-1.13.1.jar
7f75f53d0000-7f75f53d1000 r--s 00003000 08:01 34342005                   /root/.gradle/wrapper/dists/gradle-3.3-all/55gk2rcmfc6p2dg9u9ohc3hw9/gradle-3.3/lib/plugins/aether-spi-1.13.1.jar
7f75f53d1000-7f75f53d4000 r--s 0001d000 08:01 34342004                   /root/.gradle/wrapper/dists/gradle-3.3-all/55gk2rcmfc6p2dg9u9ohc3hw9/gradle-3.3/lib/plugins/aether-impl-1.13.1.jar
7f75f53d4000-7f75f53d7000 r--s 00013000 08:01 34342003                   /root/.gradle/wrapper/dists/gradle-3.3-all/55gk2rcmfc6p2dg9u9ohc3hw9/gradle-3.3/lib/plugins/aether-api-1.13.1.jar
7f75f53d7000-7f75f53d8000 r--s 00007000 08:01 34342002                   /root/.gradle/wrapper/dists/gradle-3.3-all/55gk2rcmfc6p2dg9u9ohc3hw9/gradle-3.3/lib/plugins/wagon-http-shared4-2.4.jar
7f75f53d8000-7f75f53da000 r--s 0000b000 08:01 34342001                   /root/.gradle/wrapper/dists/gradle-3.3-all/55gk2rcmfc6p2dg9u9ohc3hw9/gradle-3.3/lib/plugins/wagon-provider-api-2.4.jar
7f75f53da000-7f75f53db000 r--s 00002000 08:01 34342000                   /root/.gradle/wrapper/dists/gradle-3.3-all/55gk2rcmfc6p2dg9u9ohc3hw9/gradle-3.3/lib/plugins/wagon-http-2.4.jar
7f75f53db000-7f75f53dc000 r--s 00002000 08:01 34341999                   /root/.gradle/wrapper/dists/gradle-3.3-all/55gk2rcmfc6p2dg9u9ohc3hw9/gradle-3.3/lib/plugins/wagon-file-2.4.jar
7f75f53dc000-7f75f53de000 r--s 0000c000 08:01 34341998                   /root/.gradle/wrapper/dists/gradle-3.3-all/55gk2rcmfc6p2dg9u9ohc3hw9/gradle-3.3/lib/plugins/maven-aether-provider-3.0.4.jar
7f75f53de000-7f75f53e0000 r--s 0000b000 08:01 34341997                   /root/.gradle/wrapper/dists/gradle-3.3-all/55gk2rcmfc6p2dg9u9ohc3hw9/gradle-3.3/lib/plugins/maven-plugin-api-3.0.4.jar
7f75f53e0000-7f75f53e2000 r--s 00006000 08:01 34341996                   /root/.gradle/wrapper/dists/gradle-3.3-all/55gk2rcmfc6p2dg9u9ohc3hw9/gradle-3.3/lib/plugins/maven-repository-metadata-3.0.4.jar
7f75f53e2000-7f75f53e4000 r--s 0000b000 08:01 34341995                   /root/.gradle/wrapper/dists/gradle-3.3-all/55gk2rcmfc6p2dg9u9ohc3hw9/gradle-3.3/lib/plugins/maven-artifact-3.0.4.jar
7f75f53e4000-7f75f53e6000 r--s 00026000 08:01 34341994                   /root/.gradle/wrapper/dists/gradle-3.3-all/55gk2rcmfc6p2dg9u9ohc3hw9/gradle-3.3/lib/plugins/maven-model-3.0.4.jar
7f75f53e6000-7f75f53ea000 r--s 00021000 08:01 34341993                   /root/.gradle/wrapper/dists/gradle-3.3-all/55gk2rcmfc6p2dg9u9ohc3hw9/gradle-3.3/lib/plugins/maven-model-builder-3.0.4.jar
7f75f53ea000-7f75f53f0000 r--s 0003f000 08:01 34341992                   /root/.gradle/wrapper/dists/gradle-3.3-all/55gk2rcmfc6p2dg9u9ohc3hw9/gradle-3.3/lib/plugins/maven-compat-3.0.4.jar
7f75f53f0000-7f75f53f1000 r--s 00006000 08:01 34341991                   /root/.gradle/wrapper/dists/gradle-3.3-all/55gk2rcmfc6p2dg9u9ohc3hw9/gradle-3.3/lib/plugins/plexus-sec-dispatcher-1.3.jar
7f75f53f1000-7f75f53f3000 r--s 00002000 08:01 34341990                   /root/.gradle/wrapper/dists/gradle-3.3-all/55gk2rcmfc6p2dg9u9ohc3hw9/gradle-3.3/lib/plugins/plexus-cipher-1.7.jar
7f75f53f3000-7f75f53f5000 r--s 0000a000 08:01 34341989                   /root/.gradle/wrapper/dists/gradle-3.3-all/55gk2rcmfc6p2dg9u9ohc3hw9/gradle-3.3/lib/plugins/plexus-classworlds-2.4.jar
7f75f53f5000-7f75f53fc000 r--s 0002e000 08:01 34341988                   /root/.gradle/wrapper/dists/gradle-3.3-all/55gk2rcmfc6p2dg9u9ohc3hw9/gradle-3.3/lib/plugins/plexus-container-default-1.5.5.jar
7f75f53fc000-7f75f53fe000 r--s 00000000 08:01 34342015                   /root/.gradle/wrapper/dists/gradle-3.3-all/55gk2rcmfc6p2dg9u9ohc3hw9/gradle-3.3/lib/plugins/plexus-component-annotations-1.5.5.jar
7f75f53fe000-7f75f5400000 r--s 0000d000 08:01 34341987                   /root/.gradle/wrapper/dists/gradle-3.3-all/55gk2rcmfc6p2dg9u9ohc3hw9/gradle-3.3/lib/plugins/plexus-interpolation-1.14.jar
7f75f5400000-7f75f5404000 r--s 00033000 08:01 34341986                   /root/.gradle/wrapper/dists/gradle-3.3-all/55gk2rcmfc6p2dg9u9ohc3hw9/gradle-3.3/lib/plugins/plexus-utils-2.0.6.jar
7f75f5404000-7f75f5407000 r--s 00008000 08:01 34341985                   /root/.gradle/wrapper/dists/gradle-3.3-all/55gk2rcmfc6p2dg9u9ohc3hw9/gradle-3.3/lib/plugins/maven-settings-builder-3.0.4.jar
7f75f5407000-7f75f540c000 r--s 00040000 08:01 34341970                   /root/.gradle/wrapper/dists/gradle-3.3-all/55gk2rcmfc6p2dg9u9ohc3hw9/gradle-3.3/lib/plugins/jsch-0.1.53.jar
7f75f540c000-7f75f544c000 r--s 00277000 08:01 34341980                   /root/.gradle/wrapper/dists/gradle-3.3-all/55gk2rcmfc6p2dg9u9ohc3hw9/gradle-3.3/lib/plugins/bcprov-jdk15on-1.51.jar
7f75f544c000-7f75f5458000 r--s 0007d000 08:01 34341957                   /root/.gradle/wrapper/dists/gradle-3.3-all/55gk2rcmfc6p2dg9u9ohc3hw9/gradle-3.3/lib/plugins/maven-core-3.0.4.jar
7f75f5458000-7f75f5477000 r--s 000f6000 08:01 34341946                   /root/.gradle/wrapper/dists/gradle-3.3-all/55gk2rcmfc6p2dg9u9ohc3hw9/gradle-3.3/lib/plugins/gradle-dependency-management-3.3.jar
7f75f5477000-7f75f548d000 r-xp 00000000 08:01 4985220                    /lib/x86_64-linux-gnu/libgcc_s.so.1
7f75f548d000-7f75f568c000 ---p 00016000 08:01 4985220                    /lib/x86_64-linux-gnu/libgcc_s.so.1
7f75f568c000-7f75f568d000 rw-p 00015000 08:01 4985220                    /lib/x86_64-linux-gnu/libgcc_s.so.1
7f75f568d000-7f75f57ff000 r-xp 00000000 08:01 11012225                   /usr/lib/x86_64-linux-gnu/libstdc++.so.6.0.21
7f75f57ff000-7f75f59ff000 ---p 00172000 08:01 11012225                   /usr/lib/x86_64-linux-gnu/libstdc++.so.6.0.21
7f75f59ff000-7f75f5a09000 r--p 00172000 08:01 11012225                   /usr/lib/x86_64-linux-gnu/libstdc++.so.6.0.21
7f75f5a09000-7f75f5a0b000 rw-p 0017c000 08:01 11012225                   /usr/lib/x86_64-linux-gnu/libstdc++.so.6.0.21
7f75f5a0b000-7f75f5a0f000 rw-p 00000000 00:00 0 
7f75f5a0f000-7f75f5a11000 r--s 0000a000 08:01 34341984                   /root/.gradle/wrapper/dists/gradle-3.3-all/55gk2rcmfc6p2dg9u9ohc3hw9/gradle-3.3/lib/plugins/maven-settings-3.0.4.jar
7f75f5a11000-7f75f5a15000 r--s 0001d000 08:01 34341979                   /root/.gradle/wrapper/dists/gradle-3.3-all/55gk2rcmfc6p2dg9u9ohc3hw9/gradle-3.3/lib/plugins/xbean-reflect-3.4.jar
7f75f5a15000-7f75f5a1a000 r--s 00034000 08:01 34341963                   /root/.gradle/wrapper/dists/gradle-3.3-all/55gk2rcmfc6p2dg9u9ohc3hw9/gradle-3.3/lib/plugins/gson-2.7.jar
7f75f5a1a000-7f75f5a29000 r--s 000d9000 08:01 34341978                   /root/.gradle/wrapper/dists/gradle-3.3-all/55gk2rcmfc6p2dg9u9ohc3hw9/gradle-3.3/lib/plugins/ivy-2.2.0.jar
7f75f5a29000-7f75f5a2b000 r--s 00005000 08:01 34341945                   /root/.gradle/wrapper/dists/gradle-3.3-all/55gk2rcmfc6p2dg9u9ohc3hw9/gradle-3.3/lib/plugins/gradle-workers-3.3.jar
7f75f5a2b000-7f75f5a30000 r-xp 00000000 08:01 34345271                   /root/.gradle/native/23/linux-amd64/libnative-platform.so
7f75f5a30000-7f75f5c2f000 ---p 00005000 08:01 34345271                   /root/.gradle/native/23/linux-amd64/libnative-platform.so
7f75f5c2f000-7f75f5c30000 rw-p 00004000 08:01 34345271                   /root/.gradle/native/23/linux-amd64/libnative-platform.so
7f75f5c30000-7f75f5c41000 r-xp 00000000 08:01 11144059                   /usr/local/java/jdk1.8.0_121/jre/lib/amd64/libnio.so
7f75f5c41000-7f75f5e40000 ---p 00011000 08:01 11144059                   /usr/local/java/jdk1.8.0_121/jre/lib/amd64/libnio.so
7f75f5e40000-7f75f5e41000 rw-p 00010000 08:01 11144059                   /usr/local/java/jdk1.8.0_121/jre/lib/amd64/libnio.so
7f75f5e41000-7f75f5e57000 r-xp 00000000 08:01 11144034                   /usr/local/java/jdk1.8.0_121/jre/lib/amd64/libnet.so
7f75f5e57000-7f75f6057000 ---p 00016000 08:01 11144034                   /usr/local/java/jdk1.8.0_121/jre/lib/amd64/libnet.so
7f75f6057000-7f75f6058000 rw-p 00016000 08:01 11144034                   /usr/local/java/jdk1.8.0_121/jre/lib/amd64/libnet.so
7f75f6058000-7f75f6059000 r--s 00006000 08:01 34341849                   /root/.gradle/wrapper/dists/gradle-3.3-all/55gk2rcmfc6p2dg9u9ohc3hw9/gradle-3.3/lib/gradle-wrapper-3.3.jar
7f75f6059000-7f75f6066000 r--s 00041000 08:01 34341856                   /root/.gradle/wrapper/dists/gradle-3.3-all/55gk2rcmfc6p2dg9u9ohc3hw9/gradle-3.3/lib/gradle-tooling-api-3.3.jar
7f75f6066000-7f75f6068000 r--s 00002000 08:01 34341876                   /root/.gradle/wrapper/dists/gradle-3.3-all/55gk2rcmfc6p2dg9u9ohc3hw9/gradle-3.3/lib/gradle-open-api-3.3.jar
7f75f6068000-7f75f606e000 r--s 00032000 08:01 34341878                   /root/.gradle/wrapper/dists/gradle-3.3-all/55gk2rcmfc6p2dg9u9ohc3hw9/gradle-3.3/lib/jaxen-1.1.jar
7f75f606e000-7f75f6073000 r--s 00048000 08:01 34341877                   /root/.gradle/wrapper/dists/gradle-3.3-all/55gk2rcmfc6p2dg9u9ohc3hw9/gradle-3.3/lib/dom4j-1.6.1.jar
7f75f6073000-7f75f607e000 r--s 00059000 08:01 34341855                   /root/.gradle/wrapper/dists/gradle-3.3-all/55gk2rcmfc6p2dg9u9ohc3hw9/gradle-3.3/lib/gradle-ui-3.3.jar
7f75f607e000-7f75f6087000 r--s 0008c000 08:01 34341847                   /root/.gradle/wrapper/dists/gradle-3.3-all/55gk2rcmfc6p2dg9u9ohc3hw9/gradle-3.3/lib/kotlin-stdlib-1.1-M02.jar
7f75f6087000-7f75f608d000 r--s 0002a000 08:01 34341846                   /root/.gradle/wrapper/dists/gradle-3.3-all/55gk2rcmfc6p2dg9u9ohc3hw9/gradle-3.3/lib/kotlin-runtime-1.1-M02.jar
7f75f608d000-7f75f60c1000 r--s 00256000 08:01 34341845                   /root/.gradle/wrapper/dists/gradle-3.3-all/55gk2rcmfc6p2dg9u9ohc3hw9/gradle-3.3/lib/kotlin-reflect-1.1-M02.jar
7f75f60c1000-7f75f6257000 r--s 0157e000 08:01 34341844                   /root/.gradle/wrapper/dists/gradle-3.3-all/55gk2rcmfc6p2dg9u9ohc3hw9/gradle-3.3/lib/kotlin-compiler-embeddable-1.1-M02.jar
7f75f6257000-7f75f625f000 r--s 0004e000 08:01 34341843                   /root/.gradle/wrapper/dists/gradle-3.3-all/55gk2rcmfc6p2dg9u9ohc3hw9/gradle-3.3/lib/gradle-script-kotlin-0.5.1.jar
7f75f625f000-7f75f6262000 r--s 0000b000 08:01 34341874                   /root/.gradle/wrapper/dists/gradle-3.3-all/55gk2rcmfc6p2dg9u9ohc3hw9/gradle-3.3/lib/gradle-resources-3.3.jar
7f75f6262000-7f75f6264000 r--s 00003000 08:01 34341883                   /root/.gradle/wrapper/dists/gradle-3.3-all/55gk2rcmfc6p2dg9u9ohc3hw9/gradle-3.3/lib/jcl-over-slf4j-1.7.10.jar
7f75f6264000-7f75f6265000 r--s 00005000 08:01 34341882                   /root/.gradle/wrapper/dists/gradle-3.3-all/55gk2rcmfc6p2dg9u9ohc3hw9/gradle-3.3/lib/log4j-over-slf4j-1.7.10.jar
7f75f6265000-7f75f6267000 r--s 00000000 08:01 34341881                   /root/.gradle/wrapper/dists/gradle-3.3-all/55gk2rcmfc6p2dg9u9ohc3hw9/gradle-3.3/lib/jul-to-slf4j-1.7.10.jar
7f75f6267000-7f75f626c000 r--s 0001e000 08:01 34341858                   /root/.gradle/wrapper/dists/gradle-3.3-all/55gk2rcmfc6p2dg9u9ohc3hw9/gradle-3.3/lib/gradle-logging-3.3.jar
7f75f626c000-7f75f626e000 r--s 00007000 08:01 34341902                   /root/.gradle/wrapper/dists/gradle-3.3-all/55gk2rcmfc6p2dg9u9ohc3hw9/gradle-3.3/lib/objenesis-1.2.jar
7f75f626e000-7f75f6270000 r--s 00000000 08:01 34341901                   /root/.gradle/wrapper/dists/gradle-3.3-all/55gk2rcmfc6p2dg9u9ohc3hw9/gradle-3.3/lib/minlog-1.2.jar
7f75f6270000-7f75f6272000 r--s 0000f000 08:01 34341900                   /root/.gradle/wrapper/dists/gradle-3.3-all/55gk2rcmfc6p2dg9u9ohc3hw9/gradle-3.3/lib/reflectasm-1.07-shaded.jar
7f75f6272000-7f75f6276000 r--s 00026000 08:01 34341885                   /root/.gradle/wrapper/dists/gradle-3.3-all/55gk2rcmfc6p2dg9u9ohc3hw9/gradle-3.3/lib/kryo-2.20.jar
7f75f6276000-7f75f627c000 r--s 00027000 08:01 34341873                   /root/.gradle/wrapper/dists/gradle-3.3-all/55gk2rcmfc6p2dg9u9ohc3hw9/gradle-3.3/lib/gradle-messaging-3.3.jar
7f75f627c000-7f75f627d000 r--s 00001000 08:01 34341899                   /root/.gradle/wrapper/dists/gradle-3.3-all/55gk2rcmfc6p2dg9u9ohc3hw9/gradle-3.3/lib/native-platform-linux-i386-ncurses6-0.12.jar
7f75f627d000-7f75f627e000 r--s 00001000 08:01 34341898                   /root/.gradle/wrapper/dists/gradle-3.3-all/55gk2rcmfc6p2dg9u9ohc3hw9/gradle-3.3/lib/native-platform-linux-i386-ncurses5-0.12.jar
7f75f627e000-7f75f627f000 r--s 00001000 08:01 34341897                   /root/.gradle/wrapper/dists/gradle-3.3-all/55gk2rcmfc6p2dg9u9ohc3hw9/gradle-3.3/lib/native-platform-linux-amd64-ncurses6-0.12.jar
7f75f627f000-7f75f6280000 r--s 00001000 08:01 34341896                   /root/.gradle/wrapper/dists/gradle-3.3-all/55gk2rcmfc6p2dg9u9ohc3hw9/gradle-3.3/lib/native-platform-linux-amd64-ncurses5-0.12.jar
7f75f6280000-7f75f6281000 r--s 0000b000 08:01 34341895                   /root/.gradle/wrapper/dists/gradle-3.3-all/55gk2rcmfc6p2dg9u9ohc3hw9/gradle-3.3/lib/native-platform-windows-i386-0.12.jar
7f75f6281000-7f75f6283000 r--s 0000b000 08:01 34341894                   /root/.gradle/wrapper/dists/gradle-3.3-all/55gk2rcmfc6p2dg9u9ohc3hw9/gradle-3.3/lib/native-platform-windows-amd64-0.12.jar
7f75f6283000-7f75f6285000 r--s 00002000 08:01 34341893                   /root/.gradle/wrapper/dists/gradle-3.3-all/55gk2rcmfc6p2dg9u9ohc3hw9/gradle-3.3/lib/native-platform-osx-i386-0.12.jar
7f75f6285000-7f75f6286000 r--s 00002000 08:01 34341892                   /root/.gradle/wrapper/dists/gradle-3.3-all/55gk2rcmfc6p2dg9u9ohc3hw9/gradle-3.3/lib/native-platform-osx-amd64-0.12.jar
7f75f6286000-7f75f6287000 r--s 00002000 08:01 34341891                   /root/.gradle/wrapper/dists/gradle-3.3-all/55gk2rcmfc6p2dg9u9ohc3hw9/gradle-3.3/lib/native-platform-linux-i386-0.12.jar
7f75f6287000-7f75f6288000 r--s 00002000 08:01 34341890                   /root/.gradle/wrapper/dists/gradle-3.3-all/55gk2rcmfc6p2dg9u9ohc3hw9/gradle-3.3/lib/native-platform-linux-amd64-0.12.jar
7f75f6288000-7f75f6289000 r--s 00003000 08:01 34341889                   /root/.gradle/wrapper/dists/gradle-3.3-all/55gk2rcmfc6p2dg9u9ohc3hw9/gradle-3.3/lib/native-platform-freebsd-i386-libstdcpp-0.12.jar
7f75f6289000-7f75f628a000 r--s 00004000 08:01 34341888                   /root/.gradle/wrapper/dists/gradle-3.3-all/55gk2rcmfc6p2dg9u9ohc3hw9/gradle-3.3/lib/native-platform-freebsd-i386-libcpp-0.12.jar
7f75f628a000-7f75f628c000 r--s 00003000 08:01 34341887                   /root/.gradle/wrapper/dists/gradle-3.3-all/55gk2rcmfc6p2dg9u9ohc3hw9/gradle-3.3/lib/native-platform-freebsd-amd64-libstdcpp-0.12.jar
7f75f628c000-7f75f628f000 r--s 00023000 08:01 34341880                   /root/.gradle/wrapper/dists/gradle-3.3-all/55gk2rcmfc6p2dg9u9ohc3hw9/gradle-3.3/lib/jansi-1.14.jar
7f75f628f000-7f75f629e000 r--s 0007f000 08:01 34341864                   /root/.gradle/wrapper/dists/gradle-3.3-all/55gk2rcmfc6p2dg9u9ohc3hw9/gradle-3.3/lib/gradle-model-core-3.3.jar
7f75f629e000-7f75f630e000 r--s 00641000 08:01 34341863                   /root/.gradle/wrapper/dists/gradle-3.3-all/55gk2rcmfc6p2dg9u9ohc3hw9/gradle-3.3/lib/groovy-all-2.4.7.jar
7f75f630e000-7f75f6336000 r--s 001cf000 08:01 34341860                   /root/.gradle/wrapper/dists/gradle-3.3-all/55gk2rcmfc6p2dg9u9ohc3hw9/gradle-3.3/lib/guava-jdk5-17.0.jar
7f75f6336000-7f75f6337000 ---p 00000000 00:00 0 
7f75f6337000-7f75f6437000 rw-p 00000000 00:00 0 
7f75f6437000-7f75f643a000 ---p 00000000 00:00 0 
7f75f643a000-7f75f6538000 rw-p 00000000 00:00 0 
7f75f6538000-7f75f653b000 ---p 00000000 00:00 0 
7f75f653b000-7f75f6639000 rw-p 00000000 00:00 0 
7f75f6639000-7f75f663c000 ---p 00000000 00:00 0 
7f75f663c000-7f75f673a000 rw-p 00000000 00:00 0 
7f75f673a000-7f75f673d000 ---p 00000000 00:00 0 
7f75f673d000-7f75f683b000 rw-p 00000000 00:00 0 
7f75f683b000-7f75f683e000 ---p 00000000 00:00 0 
7f75f683e000-7f75f693c000 rw-p 00000000 00:00 0 
7f75f693c000-7f75f6c15000 r--p 00000000 08:01 11010498                   /usr/lib/locale/locale-archive
7f75f6c15000-7f75f6c18000 ---p 00000000 00:00 0 
7f75f6c18000-7f75f6d16000 rw-p 00000000 00:00 0 
7f75f6d16000-7f75f6d19000 ---p 00000000 00:00 0 
7f75f6d19000-7f75f6e17000 rw-p 00000000 00:00 0 
7f75f6e17000-7f75f6e18000 ---p 00000000 00:00 0 
7f75f6e18000-7f75f7e27000 rw-p 00000000 00:00 0 
7f75f7e27000-7f75f8000000 r--s 03d3e000 08:01 11144026                   /usr/local/java/jdk1.8.0_121/jre/lib/rt.jar
7f75f8000000-7f75f804c000 rw-p 00000000 00:00 0 
7f75f804c000-7f75fc000000 ---p 00000000 00:00 0 
7f75fc000000-7f75fc036000 rw-p 00000000 00:00 0 
7f75fc036000-7f7600000000 ---p 00000000 00:00 0 
7f7600000000-7f760002d000 rw-p 00000000 00:00 0 
7f760002d000-7f7604000000 ---p 00000000 00:00 0 
7f7604000000-7f7604001000 r--s 00004000 08:01 34341886                   /root/.gradle/wrapper/dists/gradle-3.3-all/55gk2rcmfc6p2dg9u9ohc3hw9/gradle-3.3/lib/native-platform-freebsd-amd64-libcpp-0.12.jar
7f7604001000-7f7604005000 r--s 00011000 08:01 34341879                   /root/.gradle/wrapper/dists/gradle-3.3-all/55gk2rcmfc6p2dg9u9ohc3hw9/gradle-3.3/lib/native-platform-0.12.jar
7f7604005000-7f7604008000 r--s 0000a000 08:01 34341857                   /root/.gradle/wrapper/dists/gradle-3.3-all/55gk2rcmfc6p2dg9u9ohc3hw9/gradle-3.3/lib/gradle-native-3.3.jar
7f7604008000-7f760400a000 r--s 00005000 08:01 34341854                   /root/.gradle/wrapper/dists/gradle-3.3-all/55gk2rcmfc6p2dg9u9ohc3hw9/gradle-3.3/lib/gradle-cli-3.3.jar
7f760400a000-7f7604029000 r--s 001d1000 08:01 34341867                   /root/.gradle/wrapper/dists/gradle-3.3-all/55gk2rcmfc6p2dg9u9ohc3hw9/gradle-3.3/lib/ant-1.9.6.jar
7f7604029000-7f7604066000 r--s 001f8000 08:01 34341853                   /root/.gradle/wrapper/dists/gradle-3.3-all/55gk2rcmfc6p2dg9u9ohc3hw9/gradle-3.3/lib/gradle-core-3.3.jar
7f7604066000-7f7607bea000 rw-p 00000000 00:00 0 
7f7607bea000-7f7607beb000 ---p 00000000 00:00 0 
7f7607beb000-7f7607ceb000 rw-p 00000000 00:00 0 
7f7607ceb000-7f7607cec000 ---p 00000000 00:00 0 
7f7607cec000-7f7607dec000 rw-p 00000000 00:00 0 
7f7607dec000-7f7607ded000 ---p 00000000 00:00 0 
7f7607ded000-7f7607f41000 rw-p 00000000 00:00 0 
7f7607f41000-7f76080ed000 ---p 00000000 00:00 0 
7f76080ed000-7f7608141000 rw-p 00000000 00:00 0 
7f7608141000-7f76082ed000 ---p 00000000 00:00 0 
7f76082ed000-7f7608369000 rw-p 00000000 00:00 0 
7f7608369000-7f76083ed000 ---p 00000000 00:00 0 
7f76083ed000-7f76084cb000 rw-p 00000000 00:00 0 
7f76084cb000-7f76087ae000 ---p 00000000 00:00 0 
7f76087ae000-7f760bece000 rwxp 00000000 00:00 0 
7f760bece000-7f76177ae000 ---p 00000000 00:00 0 
7f76177ae000-7f76177c8000 r-xp 00000000 08:01 11144057                   /usr/local/java/jdk1.8.0_121/jre/lib/amd64/libzip.so
7f76177c8000-7f76179c8000 ---p 0001a000 08:01 11144057                   /usr/local/java/jdk1.8.0_121/jre/lib/amd64/libzip.so
7f76179c8000-7f76179c9000 rw-p 0001a000 08:01 11144057                   /usr/local/java/jdk1.8.0_121/jre/lib/amd64/libzip.so
7f76179c9000-7f76179d4000 r-xp 00000000 08:01 4981284                    /lib/x86_64-linux-gnu/libnss_files-2.23.so
7f76179d4000-7f7617bd3000 ---p 0000b000 08:01 4981284                    /lib/x86_64-linux-gnu/libnss_files-2.23.so
7f7617bd3000-7f7617bd4000 r--p 0000a000 08:01 4981284                    /lib/x86_64-linux-gnu/libnss_files-2.23.so
7f7617bd4000-7f7617bd5000 rw-p 0000b000 08:01 4981284                    /lib/x86_64-linux-gnu/libnss_files-2.23.so
7f7617bd5000-7f7617bdb000 rw-p 00000000 00:00 0 
7f7617bdb000-7f7617be6000 r-xp 00000000 08:01 4981297                    /lib/x86_64-linux-gnu/libnss_nis-2.23.so
7f7617be6000-7f7617de5000 ---p 0000b000 08:01 4981297                    /lib/x86_64-linux-gnu/libnss_nis-2.23.so
7f7617de5000-7f7617de6000 r--p 0000a000 08:01 4981297                    /lib/x86_64-linux-gnu/libnss_nis-2.23.so
7f7617de6000-7f7617de7000 rw-p 0000b000 08:01 4981297                    /lib/x86_64-linux-gnu/libnss_nis-2.23.so
7f7617de7000-7f7617dfd000 r-xp 00000000 08:01 4981104                    /lib/x86_64-linux-gnu/libnsl-2.23.so
7f7617dfd000-7f7617ffc000 ---p 00016000 08:01 4981104                    /lib/x86_64-linux-gnu/libnsl-2.23.so
7f7617ffc000-7f7617ffd000 r--p 00015000 08:01 4981104                    /lib/x86_64-linux-gnu/libnsl-2.23.so
7f7617ffd000-7f7617ffe000 rw-p 00016000 08:01 4981104                    /lib/x86_64-linux-gnu/libnsl-2.23.so
7f7617ffe000-7f7618000000 rw-p 00000000 00:00 0 
7f7618000000-7f7618d47000 rw-p 00000000 00:00 0 
7f7618d47000-7f761c000000 ---p 00000000 00:00 0 
7f761c000000-7f761c002000 r--s 00007000 08:01 34341865                   /root/.gradle/wrapper/dists/gradle-3.3-all/55gk2rcmfc6p2dg9u9ohc3hw9/gradle-3.3/lib/gradle-model-groovy-3.3.jar
7f761c002000-7f761c004000 r--s 00006000 08:01 34341872                   /root/.gradle/wrapper/dists/gradle-3.3-all/55gk2rcmfc6p2dg9u9ohc3hw9/gradle-3.3/lib/gradle-base-services-groovy-3.3.jar
7f761c004000-7f761c005000 r--s 00002000 08:01 34341875                   /root/.gradle/wrapper/dists/gradle-3.3-all/55gk2rcmfc6p2dg9u9ohc3hw9/gradle-3.3/lib/gradle-docs-3.3.jar
7f761c005000-7f761c012000 r--s 00083000 08:01 34341868                   /root/.gradle/wrapper/dists/gradle-3.3-all/55gk2rcmfc6p2dg9u9ohc3hw9/gradle-3.3/lib/commons-collections-3.2.2.jar
7f761c012000-7f761c0d7000 rw-p 00000000 00:00 0 
7f761c0d7000-7f761c0d8000 ---p 00000000 00:00 0 
7f761c0d8000-7f761c1d8000 rw-p 00000000 00:00 0 
7f761c1d8000-7f761c1e0000 r-xp 00000000 08:01 4981312                    /lib/x86_64-linux-gnu/libnss_compat-2.23.so
7f761c1e0000-7f761c3df000 ---p 00008000 08:01 4981312                    /lib/x86_64-linux-gnu/libnss_compat-2.23.so
7f761c3df000-7f761c3e0000 r--p 00007000 08:01 4981312                    /lib/x86_64-linux-gnu/libnss_compat-2.23.so
7f761c3e0000-7f761c3e1000 rw-p 00008000 08:01 4981312                    /lib/x86_64-linux-gnu/libnss_compat-2.23.so
7f761c3e1000-7f761c40c000 r-xp 00000000 08:01 11144613                   /usr/local/java/jdk1.8.0_121/jre/lib/amd64/libjava.so
7f761c40c000-7f761c60b000 ---p 0002b000 08:01 11144613                   /usr/local/java/jdk1.8.0_121/jre/lib/amd64/libjava.so
7f761c60b000-7f761c60d000 rw-p 0002a000 08:01 11144613                   /usr/local/java/jdk1.8.0_121/jre/lib/amd64/libjava.so
7f761c60d000-7f761c61a000 r-xp 00000000 08:01 11144035                   /usr/local/java/jdk1.8.0_121/jre/lib/amd64/libverify.so
7f761c61a000-7f761c819000 ---p 0000d000 08:01 11144035                   /usr/local/java/jdk1.8.0_121/jre/lib/amd64/libverify.so
7f761c819000-7f761c81b000 rw-p 0000c000 08:01 11144035                   /usr/local/java/jdk1.8.0_121/jre/lib/amd64/libverify.so
7f761c81b000-7f761c822000 r-xp 00000000 08:01 4981304                    /lib/x86_64-linux-gnu/librt-2.23.so
7f761c822000-7f761ca21000 ---p 00007000 08:01 4981304                    /lib/x86_64-linux-gnu/librt-2.23.so
7f761ca21000-7f761ca22000 r--p 00006000 08:01 4981304                    /lib/x86_64-linux-gnu/librt-2.23.so
7f761ca22000-7f761ca23000 rw-p 00007000 08:01 4981304                    /lib/x86_64-linux-gnu/librt-2.23.so
7f761ca23000-7f761cb2b000 r-xp 00000000 08:01 4981325                    /lib/x86_64-linux-gnu/libm-2.23.so
7f761cb2b000-7f761cd2a000 ---p 00108000 08:01 4981325                    /lib/x86_64-linux-gnu/libm-2.23.so
7f761cd2a000-7f761cd2b000 r--p 00107000 08:01 4981325                    /lib/x86_64-linux-gnu/libm-2.23.so
7f761cd2b000-7f761cd2c000 rw-p 00108000 08:01 4981325                    /lib/x86_64-linux-gnu/libm-2.23.so
7f761cd2c000-7f761d9fa000 r-xp 00000000 08:01 11144883                   /usr/local/java/jdk1.8.0_121/jre/lib/amd64/server/libjvm.so
7f761d9fa000-7f761dbfa000 ---p 00cce000 08:01 11144883                   /usr/local/java/jdk1.8.0_121/jre/lib/amd64/server/libjvm.so
7f761dbfa000-7f761dcd3000 rw-p 00cce000 08:01 11144883                   /usr/local/java/jdk1.8.0_121/jre/lib/amd64/server/libjvm.so
7f761dcd3000-7f761dd1e000 rw-p 00000000 00:00 0 
7f761dd1e000-7f761dede000 r-xp 00000000 08:01 4981335                    /lib/x86_64-linux-gnu/libc-2.23.so
7f761dede000-7f761e0de000 ---p 001c0000 08:01 4981335                    /lib/x86_64-linux-gnu/libc-2.23.so
7f761e0de000-7f761e0e2000 r--p 001c0000 08:01 4981335                    /lib/x86_64-linux-gnu/libc-2.23.so
7f761e0e2000-7f761e0e4000 rw-p 001c4000 08:01 4981335                    /lib/x86_64-linux-gnu/libc-2.23.so
7f761e0e4000-7f761e0e8000 rw-p 00000000 00:00 0 
7f761e0e8000-7f761e0eb000 r-xp 00000000 08:01 4981310                    /lib/x86_64-linux-gnu/libdl-2.23.so
7f761e0eb000-7f761e2ea000 ---p 00003000 08:01 4981310                    /lib/x86_64-linux-gnu/libdl-2.23.so
7f761e2ea000-7f761e2eb000 r--p 00002000 08:01 4981310                    /lib/x86_64-linux-gnu/libdl-2.23.so
7f761e2eb000-7f761e2ec000 rw-p 00003000 08:01 4981310                    /lib/x86_64-linux-gnu/libdl-2.23.so
7f761e2ec000-7f761e301000 r-xp 00000000 08:01 11020813                   /usr/local/java/jdk1.8.0_121/lib/amd64/jli/libjli.so
7f761e301000-7f761e501000 ---p 00015000 08:01 11020813                   /usr/local/java/jdk1.8.0_121/lib/amd64/jli/libjli.so
7f761e501000-7f761e502000 rw-p 00015000 08:01 11020813                   /usr/local/java/jdk1.8.0_121/lib/amd64/jli/libjli.so
7f761e502000-7f761e51a000 r-xp 00000000 08:01 4981295                    /lib/x86_64-linux-gnu/libpthread-2.23.so
7f761e51a000-7f761e719000 ---p 00018000 08:01 4981295                    /lib/x86_64-linux-gnu/libpthread-2.23.so
7f761e719000-7f761e71a000 r--p 00017000 08:01 4981295                    /lib/x86_64-linux-gnu/libpthread-2.23.so
7f761e71a000-7f761e71b000 rw-p 00018000 08:01 4981295                    /lib/x86_64-linux-gnu/libpthread-2.23.so
7f761e71b000-7f761e71f000 rw-p 00000000 00:00 0 
7f761e71f000-7f761e745000 r-xp 00000000 08:01 4981106                    /lib/x86_64-linux-gnu/ld-2.23.so
7f761e745000-7f761e746000 r--s 00000000 08:01 34341871                   /root/.gradle/wrapper/dists/gradle-3.3-all/55gk2rcmfc6p2dg9u9ohc3hw9/gradle-3.3/lib/javax.inject-1.jar
7f761e746000-7f761e747000 r--s 00000000 08:01 34341870                   /root/.gradle/wrapper/dists/gradle-3.3-all/55gk2rcmfc6p2dg9u9ohc3hw9/gradle-3.3/lib/jcip-annotations-1.0.jar
7f761e747000-7f761e74b000 r--s 00027000 08:01 34341869                   /root/.gradle/wrapper/dists/gradle-3.3-all/55gk2rcmfc6p2dg9u9ohc3hw9/gradle-3.3/lib/commons-io-2.2.jar
7f761e74b000-7f761e750000 r--s 00038000 08:01 34341866                   /root/.gradle/wrapper/dists/gradle-3.3-all/55gk2rcmfc6p2dg9u9ohc3hw9/gradle-3.3/lib/asm-all-5.1.jar
7f761e750000-7f761e751000 r--s 00001000 08:01 34341862                   /root/.gradle/wrapper/dists/gradle-3.3-all/55gk2rcmfc6p2dg9u9ohc3hw9/gradle-3.3/lib/gradle-process-services-3.3.jar
7f761e751000-7f761e756000 r--s 00041000 08:01 34341861                   /root/.gradle/wrapper/dists/gradle-3.3-all/55gk2rcmfc6p2dg9u9ohc3hw9/gradle-3.3/lib/commons-lang-2.6.jar
7f761e756000-7f761e75f000 r--s 00042000 08:01 34341851                   /root/.gradle/wrapper/dists/gradle-3.3-all/55gk2rcmfc6p2dg9u9ohc3hw9/gradle-3.3/lib/gradle-base-services-3.3.jar
7f761e75f000-7f761e821000 rw-p 00000000 00:00 0 
7f761e821000-7f761e824000 ---p 00000000 00:00 0 
7f761e824000-7f761e926000 rw-p 00000000 00:00 0 
7f761e926000-7f761e928000 r--s 00000000 08:01 34341852                   /root/.gradle/wrapper/dists/gradle-3.3-all/55gk2rcmfc6p2dg9u9ohc3hw9/gradle-3.3/lib/gradle-jvm-services-3.3.jar
7f761e928000-7f761e929000 r--s 00000000 08:01 34342017                   /root/.gradle/wrapper/dists/gradle-3.3-all/55gk2rcmfc6p2dg9u9ohc3hw9/gradle-3.3/lib/gradle-version-info-3.3.jar
7f761e929000-7f761e92a000 r--s 00007000 08:01 34341859                   /root/.gradle/wrapper/dists/gradle-3.3-all/55gk2rcmfc6p2dg9u9ohc3hw9/gradle-3.3/lib/slf4j-api-1.7.10.jar
7f761e92a000-7f761e92b000 r--s 00004000 08:01 34341884                   /root/.gradle/wrapper/dists/gradle-3.3-all/55gk2rcmfc6p2dg9u9ohc3hw9/gradle-3.3/lib/ant-launcher-1.9.6.jar
7f761e92b000-7f761e938000 r--s 0005c000 08:01 34341848                   /root/.gradle/wrapper/dists/gradle-3.3-all/55gk2rcmfc6p2dg9u9ohc3hw9/gradle-3.3/lib/gradle-launcher-3.3.jar
7f761e938000-7f761e940000 rw-s 00000000 08:01 786720                     /tmp/hsperfdata_root/3567
7f761e940000-7f761e941000 rw-p 00000000 00:00 0 
7f761e941000-7f761e942000 ---p 00000000 00:00 0 
7f761e942000-7f761e944000 rw-p 00000000 00:00 0 
7f761e944000-7f761e945000 r--p 00025000 08:01 4981106                    /lib/x86_64-linux-gnu/ld-2.23.so
7f761e945000-7f761e946000 rw-p 00026000 08:01 4981106                    /lib/x86_64-linux-gnu/ld-2.23.so
7f761e946000-7f761e947000 rw-p 00000000 00:00 0 
7fffedd48000-7fffedd69000 rw-p 00000000 00:00 0                          [stack]
7fffedde1000-7fffedde3000 r--p 00000000 00:00 0                          [vvar]
7fffedde3000-7fffedde5000 r-xp 00000000 00:00 0                          [vdso]
ffffffffff600000-ffffffffff601000 r-xp 00000000 00:00 0                  [vsyscall]

VM Arguments:
jvm_args: -Xmx1536m -Dfile.encoding=UTF-8 -Duser.country=US -Duser.language=en -Duser.variant 
java_command: org.gradle.launcher.daemon.bootstrap.GradleDaemon 3.3
java_class_path (initial): /root/.gradle/wrapper/dists/gradle-3.3-all/55gk2rcmfc6p2dg9u9ohc3hw9/gradle-3.3/lib/gradle-launcher-3.3.jar
Launcher Type: SUN_STANDARD

Environment Variables:
JAVA_HOME=/usr/local/java/jdk1.8.0_121/
PATH=/usr/local/sbin:/usr/local/bin:/usr/sbin:/usr/bin:/sbin:/bin:/snap/bin
USERNAME=root
LD_LIBRARY_PATH=/opt/android-studio/bin:
SHELL=/bin/bash
DISPLAY=:0

Signal Handlers:
SIGSEGV: [libjvm.so+0xac78c0], sa_mask[0]=11111111011111111101111111111110, sa_flags=SA_RESTART|SA_SIGINFO
SIGBUS: [libjvm.so+0xac78c0], sa_mask[0]=11111111011111111101111111111110, sa_flags=SA_RESTART|SA_SIGINFO
SIGFPE: [libjvm.so+0x920ac0], sa_mask[0]=11111111011111111101111111111110, sa_flags=SA_RESTART|SA_SIGINFO
SIGPIPE: [libjvm.so+0x920ac0], sa_mask[0]=11111111011111111101111111111110, sa_flags=SA_RESTART|SA_SIGINFO
SIGXFSZ: [libjvm.so+0x920ac0], sa_mask[0]=11111111011111111101111111111110, sa_flags=SA_RESTART|SA_SIGINFO
SIGILL: [libjvm.so+0x920ac0], sa_mask[0]=11111111011111111101111111111110, sa_flags=SA_RESTART|SA_SIGINFO
SIGUSR1: SIG_DFL, sa_mask[0]=00000000000000000000000000000000, sa_flags=none
SIGUSR2: [libjvm.so+0x922300], sa_mask[0]=00100000000000000000000000000000, sa_flags=SA_RESTART|SA_SIGINFO
SIGHUP: [libjvm.so+0x923700], sa_mask[0]=11111111011111111101111111111110, sa_flags=SA_RESTART|SA_SIGINFO
SIGINT: [libjvm.so+0x923700], sa_mask[0]=11111111011111111101111111111110, sa_flags=SA_RESTART|SA_SIGINFO
SIGTERM: [libjvm.so+0x923700], sa_mask[0]=11111111011111111101111111111110, sa_flags=SA_RESTART|SA_SIGINFO
SIGQUIT: [libjvm.so+0x923700], sa_mask[0]=11111111011111111101111111111110, sa_flags=SA_RESTART|SA_SIGINFO


---------------  S Y S T E M  ---------------

OS:DISTRIB_ID=Ubuntu
DISTRIB_RELEASE=16.04
DISTRIB_CODENAME=xenial
DISTRIB_DESCRIPTION="Ubuntu 16.04.2 LTS"

uname:Linux 4.4.0-87-generic #110-Ubuntu SMP Tue Jul 18 12:55:35 UTC 2017 x86_64
libc:glibc 2.23 NPTL 2.23 
rlimit: STACK 8192k, CORE 0k, NPROC 31512, NOFILE 1048576, AS infinity
load average:0.79 0.89 0.95

/proc/meminfo:
MemTotal:        8107668 kB
MemFree:          605824 kB
MemAvailable:    1946536 kB
Buffers:          139800 kB
Cached:          1965212 kB
SwapCached:        12576 kB
Active:          5359344 kB
Inactive:        1787416 kB
Active(anon):    4589632 kB
Inactive(anon):  1064264 kB
Active(file):     769712 kB
Inactive(file):   723152 kB
Unevictable:          64 kB
Mlocked:              64 kB
SwapTotal:       8319996 kB
SwapFree:        8230588 kB
Dirty:              1652 kB
Writeback:             0 kB
AnonPages:       5029848 kB
Mapped:           723776 kB
Shmem:            612036 kB
Slab:             191204 kB
SReclaimable:     142700 kB
SUnreclaim:        48504 kB
KernelStack:       13184 kB
PageTables:        66904 kB
NFS_Unstable:          0 kB
Bounce:                0 kB
WritebackTmp:          0 kB
CommitLimit:    12373828 kB
Committed_AS:   11392220 kB
VmallocTotal:   34359738367 kB
VmallocUsed:           0 kB
VmallocChunk:          0 kB
HardwareCorrupted:     0 kB
AnonHugePages:   3301376 kB
CmaTotal:              0 kB
CmaFree:               0 kB
HugePages_Total:       0
HugePages_Free:        0
HugePages_Rsvd:        0
HugePages_Surp:        0
Hugepagesize:       2048 kB
DirectMap4k:      205504 kB
DirectMap2M:     8116224 kB
DirectMap1G:     1048576 kB


CPU:total 4 (2 cores per cpu, 2 threads per core) family 6 model 69 stepping 1, cmov, cx8, fxsr, mmx, sse, sse2, sse3, ssse3, sse4.1, sse4.2, popcnt, avx, avx2, aes, clmul, erms, lzcnt, ht, tsc, tscinvbit, bmi1, bmi2

/proc/cpuinfo:
processor	: 0
vendor_id	: GenuineIntel
cpu family	: 6
model		: 69
model name	: Intel(R) Core(TM) i5-4200U CPU @ 1.60GHz
stepping	: 1
microcode	: 0x16
cpu MHz		: 2227.226
cache size	: 3072 KB
physical id	: 0
siblings	: 4
core id		: 0
cpu cores	: 2
apicid		: 0
initial apicid	: 0
fpu		: yes
fpu_exception	: yes
cpuid level	: 13
wp		: yes
flags		: fpu vme de pse tsc msr pae mce cx8 apic sep mtrr pge mca cmov pat pse36 clflush dts acpi mmx fxsr sse sse2 ss ht tm pbe syscall nx pdpe1gb rdtscp lm constant_tsc arch_perfmon pebs bts rep_good nopl xtopology nonstop_tsc aperfmperf eagerfpu pni pclmulqdq dtes64 monitor ds_cpl vmx est tm2 ssse3 sdbg fma cx16 xtpr pdcm pcid sse4_1 sse4_2 movbe popcnt tsc_deadline_timer aes xsave avx f16c rdrand lahf_lm abm epb tpr_shadow vnmi flexpriority ept vpid fsgsbase tsc_adjust bmi1 avx2 smep bmi2 erms invpcid xsaveopt dtherm ida arat pln pts
bugs		:
bogomips	: 4589.33
clflush size	: 64
cache_alignment	: 64
address sizes	: 39 bits physical, 48 bits virtual
power management:

processor	: 1
vendor_id	: GenuineIntel
cpu family	: 6
model		: 69
model name	: Intel(R) Core(TM) i5-4200U CPU @ 1.60GHz
stepping	: 1
microcode	: 0x16
cpu MHz		: 2302.066
cache size	: 3072 KB
physical id	: 0
siblings	: 4
core id		: 0
cpu cores	: 2
apicid		: 1
initial apicid	: 1
fpu		: yes
fpu_exception	: yes
cpuid level	: 13
wp		: yes
flags		: fpu vme de pse tsc msr pae mce cx8 apic sep mtrr pge mca cmov pat pse36 clflush dts acpi mmx fxsr sse sse2 ss ht tm pbe syscall nx pdpe1gb rdtscp lm constant_tsc arch_perfmon pebs bts rep_good nopl xtopology nonstop_tsc aperfmperf eagerfpu pni pclmulqdq dtes64 monitor ds_cpl vmx est tm2 ssse3 sdbg fma cx16 xtpr pdcm pcid sse4_1 sse4_2 movbe popcnt tsc_deadline_timer aes xsave avx f16c rdrand lahf_lm abm epb tpr_shadow vnmi flexpriority ept vpid fsgsbase tsc_adjust bmi1 avx2 smep bmi2 erms invpcid xsaveopt dtherm ida arat pln pts
bugs		:
bogomips	: 4589.33
clflush size	: 64
cache_alignment	: 64
address sizes	: 39 bits physical, 48 bits virtual
power management:

processor	: 2
vendor_id	: GenuineIntel
cpu family	: 6
model		: 69
model name	: Intel(R) Core(TM) i5-4200U CPU @ 1.60GHz
stepping	: 1
microcode	: 0x16
cpu MHz		: 2299.910
cache size	: 3072 KB
physical id	: 0
siblings	: 4
core id		: 1
cpu cores	: 2
apicid		: 2
initial apicid	: 2
fpu		: yes
fpu_exception	: yes
cpuid level	: 13
wp		: yes
flags		: fpu vme de pse tsc msr pae mce cx8 apic sep mtrr pge mca cmov pat pse36 clflush dts acpi mmx fxsr sse sse2 ss ht tm pbe syscall nx pdpe1gb rdtscp lm constant_tsc arch_perfmon pebs bts rep_good nopl xtopology nonstop_tsc aperfmperf eagerfpu pni pclmulqdq dtes64 monitor ds_cpl vmx est tm2 ssse3 sdbg fma cx16 xtpr pdcm pcid sse4_1 sse4_2 movbe popcnt tsc_deadline_timer aes xsave avx f16c rdrand lahf_lm abm epb tpr_shadow vnmi flexpriority ept vpid fsgsbase tsc_adjust bmi1 avx2 smep bmi2 erms invpcid xsaveopt dtherm ida arat pln pts
bugs		:
bogomips	: 4589.33
clflush size	: 64
cache_alignment	: 64
address sizes	: 39 bits physical, 48 bits virtual
power management:

processor	: 3
vendor_id	: GenuineIntel
cpu family	: 6
model		: 69
model name	: Intel(R) Core(TM) i5-4200U CPU @ 1.60GHz
stepping	: 1
microcode	: 0x16
cpu MHz		: 1788.339
cache size	: 3072 KB
physical id	: 0
siblings	: 4
core id		: 1
cpu cores	: 2
apicid		: 3
initial apicid	: 3
fpu		: yes
fpu_exception	: yes
cpuid level	: 13
wp		: yes
flags		: fpu vme de pse tsc msr pae mce cx8 apic sep mtrr pge mca cmov pat pse36 clflush dts acpi mmx fxsr sse sse2 ss ht tm pbe syscall nx pdpe1gb rdtscp lm constant_tsc arch_perfmon pebs bts rep_good nopl xtopology nonstop_tsc aperfmperf eagerfpu pni pclmulqdq dtes64 monitor ds_cpl vmx est tm2 ssse3 sdbg fma cx16 xtpr pdcm pcid sse4_1 sse4_2 movbe popcnt tsc_deadline_timer aes xsave avx f16c rdrand lahf_lm abm epb tpr_shadow vnmi flexpriority ept vpid fsgsbase tsc_adjust bmi1 avx2 smep bmi2 erms invpcid xsaveopt dtherm ida arat pln pts
bugs		:
bogomips	: 4589.33
clflush size	: 64
cache_alignment	: 64
address sizes	: 39 bits physical, 48 bits virtual
power management:



Memory: 4k page, physical 8107668k(605824k free), swap 8319996k(8230588k free)

vm_info: Java HotSpot(TM) 64-Bit Server VM (25.121-b13) for linux-amd64 JRE (1.8.0_121-b13), built on Dec 12 2016 16:36:53 by "java_re" with gcc 4.3.0 20080428 (Red Hat 4.3.0-8)

time: Sun Jul 30 18:48:13 2017
elapsed time: 2351 seconds (0d 0h 39m 11s)

