#
# A fatal error has been detected by the Java Runtime Environment:
#
#  SIGSEGV (0xb) at pc=0x00007fb017886493, pid=3822, tid=0x00007faff8c25700
#
# JRE version: Java(TM) SE Runtime Environment (8.0_121-b13) (build 1.8.0_121-b13)
# Java VM: Java HotSpot(TM) 64-Bit Server VM (25.121-b13 mixed mode linux-amd64 compressed oops)
# Problematic frame:
# V  [libjvm.so+0x5e2493]  Node_Backward_Iterator::next()+0x103
#
# Failed to write core dump. Core dumps have been disabled. To enable core dumping, try "ulimit -c unlimited" before starting Java again
#
# If you would like to submit a bug report, please visit:
#   http://bugreport.java.com/bugreport/crash.jsp
#

---------------  T H R E A D  ---------------

Current thread (0x00007fb0100bc000):  JavaThread "C2 CompilerThread1" daemon [_thread_in_native, id=3835, stack(0x00007faff8b25000,0x00007faff8c26000)]

siginfo: si_signo: 11 (SIGSEGV), si_code: 1 (SEGV_MAPERR), si_addr: 0x00007fb6a394d938

Registers:
RAX=0x00007fafd85935b8, RBX=0x00007fafd9677410, RCX=0x00007fafd9677410, RDX=0x00000000d9677470
RSP=0x00007faff8c214e0, RBP=0x00007faff8c21520, RSI=0x00000000d9677470, RDI=0x0000000000000008
R8 =0x0000000000000000, R9 =0x0000000000000018, R10=0x00007fafd96771f0, R11=0x00007fafd85935b8
R12=0x00007fafcc430478, R13=0x00007faff8c21550, R14=0x00007fafcc430498, R15=0x0000000000000086
RIP=0x00007fb017886493, EFLAGS=0x0000000000010202, CSGSFS=0x0000000000000033, ERR=0x0000000000000004
  TRAPNO=0x000000000000000e

Top of Stack: (sp=0x00007faff8c214e0)
0x00007faff8c214e0:   00007faff8c22e78 00007fafd92103d8
0x00007faff8c214f0:   00007fafac2e20f8 00007fafac2e2158
0x00007faff8c21500:   00007fafd96773e8 00007fafac2e2158
0x00007faff8c21510:   00007fafac2e2158 00007faff8c22e20
0x00007faff8c21520:   00007faff8c215a0 00007fb01788a279
0x00007faff8c21530:   00007faff8c21550 00007fafd96773e8
0x00007faff8c21540:   00007fafd92103d8 00007faff8c22e78
0x00007faff8c21550:   00007faff8c21620 00007faff8c21600
0x00007faff8c21560:   00007faff8c22e20 00007fb01001bed0
0x00007faff8c21570:   00007faff8c215a0 00007fafd03db4b0
0x00007faff8c21580:   00007faff8c21620 00007faff8c22e20
0x00007faff8c21590:   00007faff8c21600 00007fb01001bed0
0x00007faff8c215a0:   00007faff8c21690 00007fb01788a9fa
0x00007faff8c215b0:   00007faf00000008 00007fafcd6df330
0x00007faff8c215c0:   00007fafcd6e51e0 00007fafcd6e7318
0x00007faff8c215d0:   0000000000070380 00007fafd85975b8
0x00007faff8c215e0:   00007fafd85934c8 0000000000000002
0x00007faff8c215f0:   00007faff8c21640 00007faff8c21640
0x00007faff8c21600:   00007fb01001bed0 00007fb000000400
0x00007faff8c21610:   00007fafcc6768c0 00007faf000000ee
0x00007faff8c21620:   00007fb018210710 00007fb01001bed0
0x00007faff8c21630:   0000000100000040 00007fafcc6767c0
0x00007faff8c21640:   00007faf00000020 00007fb01001bed0
0x00007faff8c21650:   00007fafcd6e3b70 0000000000000000
0x00007faff8c21660:   00007faff8c216c0 00007faff8c22e20
0x00007faff8c21670:   00007faff8c22350 00007faff8c216c0
0x00007faff8c21680:   00007faff8c22e20 00007fb01822e1a0
0x00007faff8c21690:   00007faff8c216b0 00007fb01788ad5a
0x00007faff8c216a0:   00007faff8c22e20 00007faff8c23b80
0x00007faff8c216b0:   00007faff8c22ee0 00007fb01774707d
0x00007faff8c216c0:   00007fb018207c10 00007faf00000006
0x00007faff8c216d0:   00007faff8c23b80 00007fb01001bed0 

Instructions: (pc=0x00007fb017886493)
0x00007fb017886473:   10 72 ca 0f b7 43 2c 48 89 d9 83 e0 0f 83 f8 08
0x00007fb017886483:   0f 84 87 00 00 00 49 8b 45 10 89 f2 48 8b 40 68
0x00007fb017886493:   48 8b 04 d0 8b 40 68 41 39 c7 77 b9 44 39 f8 74
0x00007fb0178864a3:   7c 48 89 df e8 14 07 31 00 84 c0 66 90 0f 84 8a 

Register to memory mapping:

RAX=0x00007fafd85935b8 is an unknown value
RBX=0x00007fafd9677410 is an unknown value
RCX=0x00007fafd9677410 is an unknown value
RDX=0x00000000d9677470 is an unallocated location in the heap
RSP=0x00007faff8c214e0 is pointing into the stack for thread: 0x00007fb0100bc000
RBP=0x00007faff8c21520 is pointing into the stack for thread: 0x00007fb0100bc000
RSI=0x00000000d9677470 is an unallocated location in the heap
RDI=0x0000000000000008 is an unknown value
R8 =0x0000000000000000 is an unknown value
R9 =0x0000000000000018 is an unknown value
R10=0x00007fafd96771f0 is an unknown value
R11=0x00007fafd85935b8 is an unknown value
R12=0x00007fafcc430478 is an unknown value
R13=0x00007faff8c21550 is pointing into the stack for thread: 0x00007fb0100bc000
R14=0x00007fafcc430498 is an unknown value
R15=0x0000000000000086 is an unknown value


Stack: [0x00007faff8b25000,0x00007faff8c26000],  sp=0x00007faff8c214e0,  free space=1009k
Native frames: (J=compiled Java code, j=interpreted, Vv=VM code, C=native code)
V  [libjvm.so+0x5e2493]  Node_Backward_Iterator::next()+0x103
V  [libjvm.so+0x5e6279]  PhaseCFG::schedule_late(VectorSet&, Node_List&)+0x89
V  [libjvm.so+0x5e69fa]  PhaseCFG::global_code_motion()+0x2ea
V  [libjvm.so+0x5e6d5a]  PhaseCFG::do_global_code_motion()+0x4a
V  [libjvm.so+0x4a307d]  Compile::Code_Gen()+0x1fd
V  [libjvm.so+0x4a5961]  Compile::Compile(ciEnv*, C2Compiler*, ciMethod*, int, bool, bool, bool)+0x14b1
V  [libjvm.so+0x3f2615]  C2Compiler::compile_method(ciEnv*, ciMethod*, int)+0x1f5
V  [libjvm.so+0x4afeaa]  CompileBroker::invoke_compiler_on_method(CompileTask*)+0xc9a
V  [libjvm.so+0x4b0e56]  CompileBroker::compiler_thread_loop()+0x5d6
V  [libjvm.so+0xa75543]  JavaThread::thread_main_inner()+0x103
V  [libjvm.so+0xa7568c]  JavaThread::run()+0x11c
V  [libjvm.so+0x926268]  java_start(Thread*)+0x108
C  [libpthread.so.0+0x76ba]  start_thread+0xca


Current CompileTask:
C2:  23077 1931       4       sun.misc.ProxyGenerator$ConstantPool::getValue (91 bytes)


---------------  P R O C E S S  ---------------

Java Threads: ( => current thread )
  0x00007fafacbd7800 JavaThread "process reaper" daemon [_thread_blocked, id=4009, stack(0x00007faff0014000,0x00007faff004d000)]
  0x00007fafac00a000 JavaThread "Stdin handler" [_thread_blocked, id=3978, stack(0x00007fafbb8fb000,0x00007fafbb9fc000)]
  0x00007fafac00d800 JavaThread "Asynchronous log dispatcher for DefaultDaemonConnection: socket connection from /127.0.0.1:45978 to /127.0.0.1:46526" [_thread_blocked, id=3977, stack(0x00007fafbb9fc000,0x00007fafbbafd000)]
  0x00007fafb400a000 JavaThread "Daemon worker" [_thread_in_vm, id=3969, stack(0x00007fafbbafd000,0x00007fafbbbfe000)]
  0x00007fafb4006000 JavaThread "Cancel handler" [_thread_blocked, id=3967, stack(0x00007fafbbbfe000,0x00007fafbbcff000)]
  0x00007fafb4007800 JavaThread "Handler for socket connection from /127.0.0.1:45978 to /127.0.0.1:46526" [_thread_in_native, id=3963, stack(0x00007fafbbeff000,0x00007fafbc000000)]
  0x00007fafc0015800 JavaThread "Daemon" [_thread_blocked, id=3962, stack(0x00007faff004e000,0x00007faff014f000)]
  0x00007fb0104c1800 JavaThread "Incoming local TCP Connector on port 45978" [_thread_in_native, id=3959, stack(0x00007faff0356000,0x00007faff0457000)]
  0x00007fb0104d8800 JavaThread "pool-1-thread-1" [_thread_blocked, id=3958, stack(0x00007faff0457000,0x00007faff0558000)]
  0x00007fb0100c9000 JavaThread "Service Thread" daemon [_thread_blocked, id=3837, stack(0x00007faff8923000,0x00007faff8a24000)]
  0x00007fb0100be000 JavaThread "C1 CompilerThread2" daemon [_thread_blocked, id=3836, stack(0x00007faff8a24000,0x00007faff8b25000)]
=>0x00007fb0100bc000 JavaThread "C2 CompilerThread1" daemon [_thread_in_native, id=3835, stack(0x00007faff8b25000,0x00007faff8c26000)]
  0x00007fb0100b9000 JavaThread "C2 CompilerThread0" daemon [_thread_in_native, id=3834, stack(0x00007faff8c26000,0x00007faff8d27000)]
  0x00007fb0100b8000 JavaThread "Signal Dispatcher" daemon [_thread_blocked, id=3833, stack(0x00007fb0000f1000,0x00007fb0001f2000)]
  0x00007fb010084000 JavaThread "Finalizer" daemon [_thread_blocked, id=3832, stack(0x00007fb0001f2000,0x00007fb0002f3000)]
  0x00007fb01007f800 JavaThread "Reference Handler" daemon [_thread_blocked, id=3831, stack(0x00007fb0002f3000,0x00007fb0003f4000)]
  0x00007fb01000a000 JavaThread "main" [_thread_blocked, id=3825, stack(0x00007fb018d99000,0x00007fb018e9a000)]

Other Threads:
  0x00007fb010077800 VMThread [stack: 0x00007fb0003f4000,0x00007fb0004f5000] [id=3830]
  0x00007fb0100cb800 WatcherThread [stack: 0x00007faff8822000,0x00007faff8923000] [id=3838]

VM state:not at safepoint (normal execution)

VM Mutex/Monitor currently owned by a thread: None

Heap:
 PSYoungGen      total 36352K, used 34050K [0x00000000e0000000, 0x00000000e3280000, 0x0000000100000000)
  eden space 31232K, 94% used [0x00000000e0000000,0x00000000e1ce0360,0x00000000e1e80000)
  from space 5120K, 87% used [0x00000000e1f00000,0x00000000e23605d0,0x00000000e2400000)
  to   space 10240K, 0% used [0x00000000e2880000,0x00000000e2880000,0x00000000e3280000)
 ParOldGen       total 45056K, used 8465K [0x00000000a0000000, 0x00000000a2c00000, 0x00000000e0000000)
  object space 45056K, 18% used [0x00000000a0000000,0x00000000a0844640,0x00000000a2c00000)
 Metaspace       used 25657K, capacity 26058K, committed 26368K, reserved 1071104K
  class space    used 3639K, capacity 3736K, committed 3840K, reserved 1048576K

Card table byte_map: [0x00007fb01583d000,0x00007fb015b3e000] byte_map_base: 0x00007fb01533d000

Marking Bits: (ParMarkBitMap*) 0x00007fb018268c80
 Begin Bits: [0x00007faff9000000, 0x00007faffa800000)
 End Bits:   [0x00007faffa800000, 0x00007faffc000000)

Polling page: 0x00007fb018eb9000

CodeCache: size=245760Kb used=7334Kb max_used=7376Kb free=238425Kb
 bounds [0x00007fb001000000, 0x00007fb001740000, 0x00007fb010000000]
 total_blobs=2453 nmethods=1816 adapters=550
 compilation: enabled

Compilation events (10 events):
Event: 23.045 Thread 0x00007fb0100be000 nmethod 1937 0x00007fb0016f4bd0 code [0x00007fb0016f4d40, 0x00007fb0016f4f70]
Event: 23.045 Thread 0x00007fb0100be000 1938       3       sun.reflect.generics.parser.SignatureParser::<init> (10 bytes)
Event: 23.045 Thread 0x00007fb0100be000 nmethod 1938 0x00007fb0016f4810 code [0x00007fb0016f4980, 0x00007fb0016f4b30]
Event: 23.046 Thread 0x00007fb0100be000 1939       3       sun.misc.ProxyGenerator$ConstantPool::getFieldRef (33 bytes)
Event: 23.046 Thread 0x00007fb0100be000 nmethod 1939 0x00007fb0016ed1d0 code [0x00007fb0016ed460, 0x00007fb0016ee208]
Event: 23.052 Thread 0x00007fb0100be000 1940       3       java.lang.Class::getConstructor (16 bytes)
Event: 23.052 Thread 0x00007fb0100be000 nmethod 1940 0x00007fb0016f4390 code [0x00007fb0016f4520, 0x00007fb0016f4728]
Event: 23.052 Thread 0x00007fb0100be000 1941       3       java.lang.Class::isAnnotation (17 bytes)
Event: 23.052 Thread 0x00007fb0100be000 nmethod 1941 0x00007fb0016f3f10 code [0x00007fb0016f4080, 0x00007fb0016f42e8]
Event: 23.055 Thread 0x00007fb0100be000 1942       3       java.util.regex.Matcher::find (69 bytes)

GC Heap History (10 events):
Event: 15.706 GC heap before
{Heap before GC invocations=2 (full 0):
 PSYoungGen      total 36864K, used 35907K [0x00000000e0000000, 0x00000000e2900000, 0x0000000100000000)
  eden space 31744K, 100% used [0x00000000e0000000,0x00000000e1f00000,0x00000000e1f00000)
  from space 5120K, 81% used [0x00000000e1f00000,0x00000000e2310ef0,0x00000000e2400000)
  to   space 5120K, 0% used [0x00000000e2400000,0x00000000e2400000,0x00000000e2900000)
 ParOldGen       total 84992K, used 8K [0x00000000a0000000, 0x00000000a5300000, 0x00000000e0000000)
  object space 84992K, 0% used [0x00000000a0000000,0x00000000a0002000,0x00000000a5300000)
 Metaspace       used 12686K, capacity 13032K, committed 13184K, reserved 1060864K
  class space    used 1740K, capacity 1865K, committed 1920K, reserved 1048576K
Event: 15.714 GC heap after
Heap after GC invocations=2 (full 0):
 PSYoungGen      total 36864K, used 5113K [0x00000000e0000000, 0x00000000e2900000, 0x0000000100000000)
  eden space 31744K, 0% used [0x00000000e0000000,0x00000000e0000000,0x00000000e1f00000)
  from space 5120K, 99% used [0x00000000e2400000,0x00000000e28fe430,0x00000000e2900000)
  to   space 5120K, 0% used [0x00000000e1f00000,0x00000000e1f00000,0x00000000e2400000)
 ParOldGen       total 84992K, used 705K [0x00000000a0000000, 0x00000000a5300000, 0x00000000e0000000)
  object space 84992K, 0% used [0x00000000a0000000,0x00000000a00b0580,0x00000000a5300000)
 Metaspace       used 12686K, capacity 13032K, committed 13184K, reserved 1060864K
  class space    used 1740K, capacity 1865K, committed 1920K, reserved 1048576K
}
Event: 18.099 GC heap before
{Heap before GC invocations=3 (full 0):
 PSYoungGen      total 36864K, used 36857K [0x00000000e0000000, 0x00000000e2900000, 0x0000000100000000)
  eden space 31744K, 100% used [0x00000000e0000000,0x00000000e1f00000,0x00000000e1f00000)
  from space 5120K, 99% used [0x00000000e2400000,0x00000000e28fe430,0x00000000e2900000)
  to   space 5120K, 0% used [0x00000000e1f00000,0x00000000e1f00000,0x00000000e2400000)
 ParOldGen       total 84992K, used 705K [0x00000000a0000000, 0x00000000a5300000, 0x00000000e0000000)
  object space 84992K, 0% used [0x00000000a0000000,0x00000000a00b0580,0x00000000a5300000)
 Metaspace       used 16019K, capacity 16352K, committed 16512K, reserved 1062912K
  class space    used 2298K, capacity 2413K, committed 2432K, reserved 1048576K
Event: 18.108 GC heap after
Heap after GC invocations=3 (full 0):
 PSYoungGen      total 36864K, used 5101K [0x00000000e0000000, 0x00000000e2900000, 0x0000000100000000)
  eden space 31744K, 0% used [0x00000000e0000000,0x00000000e0000000,0x00000000e1f00000)
  from space 5120K, 99% used [0x00000000e1f00000,0x00000000e23fb718,0x00000000e2400000)
  to   space 5120K, 0% used [0x00000000e2400000,0x00000000e2400000,0x00000000e2900000)
 ParOldGen       total 84992K, used 3107K [0x00000000a0000000, 0x00000000a5300000, 0x00000000e0000000)
  object space 84992K, 3% used [0x00000000a0000000,0x00000000a0308fa8,0x00000000a5300000)
 Metaspace       used 16019K, capacity 16352K, committed 16512K, reserved 1062912K
  class space    used 2298K, capacity 2413K, committed 2432K, reserved 1048576K
}
Event: 20.927 GC heap before
{Heap before GC invocations=4 (full 0):
 PSYoungGen      total 36864K, used 30090K [0x00000000e0000000, 0x00000000e2900000, 0x0000000100000000)
  eden space 31744K, 78% used [0x00000000e0000000,0x00000000e18671a0,0x00000000e1f00000)
  from space 5120K, 99% used [0x00000000e1f00000,0x00000000e23fb718,0x00000000e2400000)
  to   space 5120K, 0% used [0x00000000e2400000,0x00000000e2400000,0x00000000e2900000)
 ParOldGen       total 84992K, used 3107K [0x00000000a0000000, 0x00000000a5300000, 0x00000000e0000000)
  object space 84992K, 3% used [0x00000000a0000000,0x00000000a0308fa8,0x00000000a5300000)
 Metaspace       used 20817K, capacity 21124K, committed 21296K, reserved 1067008K
  class space    used 2811K, capacity 2933K, committed 2944K, reserved 1048576K
Event: 20.949 GC heap after
Heap after GC invocations=4 (full 0):
 PSYoungGen      total 36864K, used 5088K [0x00000000e0000000, 0x00000000e2900000, 0x0000000100000000)
  eden space 31744K, 0% used [0x00000000e0000000,0x00000000e0000000,0x00000000e1f00000)
  from space 5120K, 99% used [0x00000000e2400000,0x00000000e28f8010,0x00000000e2900000)
  to   space 5120K, 0% used [0x00000000e1f00000,0x00000000e1f00000,0x00000000e2400000)
 ParOldGen       total 84992K, used 6653K [0x00000000a0000000, 0x00000000a5300000, 0x00000000e0000000)
  object space 84992K, 7% used [0x00000000a0000000,0x00000000a067f548,0x00000000a5300000)
 Metaspace       used 20817K, capacity 21124K, committed 21296K, reserved 1067008K
  class space    used 2811K, capacity 2933K, committed 2944K, reserved 1048576K
}
Event: 20.950 GC heap before
{Heap before GC invocations=5 (full 1):
 PSYoungGen      total 36864K, used 5088K [0x00000000e0000000, 0x00000000e2900000, 0x0000000100000000)
  eden space 31744K, 0% used [0x00000000e0000000,0x00000000e0000000,0x00000000e1f00000)
  from space 5120K, 99% used [0x00000000e2400000,0x00000000e28f8010,0x00000000e2900000)
  to   space 5120K, 0% used [0x00000000e1f00000,0x00000000e1f00000,0x00000000e2400000)
 ParOldGen       total 84992K, used 6653K [0x00000000a0000000, 0x00000000a5300000, 0x00000000e0000000)
  object space 84992K, 7% used [0x00000000a0000000,0x00000000a067f548,0x00000000a5300000)
 Metaspace       used 20817K, capacity 21124K, committed 21296K, reserved 1067008K
  class space    used 2811K, capacity 2933K, committed 2944K, reserved 1048576K
Event: 21.030 GC heap after
Heap after GC invocations=5 (full 1):
 PSYoungGen      total 36864K, used 0K [0x00000000e0000000, 0x00000000e2900000, 0x0000000100000000)
  eden space 31744K, 0% used [0x00000000e0000000,0x00000000e0000000,0x00000000e1f00000)
  from space 5120K, 0% used [0x00000000e2400000,0x00000000e2400000,0x00000000e2900000)
  to   space 5120K, 0% used [0x00000000e1f00000,0x00000000e1f00000,0x00000000e2400000)
 ParOldGen       total 45056K, used 8465K [0x00000000a0000000, 0x00000000a2c00000, 0x00000000e0000000)
  object space 45056K, 18% used [0x00000000a0000000,0x00000000a0844640,0x00000000a2c00000)
 Metaspace       used 20817K, capacity 21124K, committed 21296K, reserved 1067008K
  class space    used 2811K, capacity 2933K, committed 2944K, reserved 1048576K
}
Event: 22.456 GC heap before
{Heap before GC invocations=6 (full 1):
 PSYoungGen      total 36864K, used 31744K [0x00000000e0000000, 0x00000000e2900000, 0x0000000100000000)
  eden space 31744K, 100% used [0x00000000e0000000,0x00000000e1f00000,0x00000000e1f00000)
  from space 5120K, 0% used [0x00000000e2400000,0x00000000e2400000,0x00000000e2900000)
  to   space 5120K, 0% used [0x00000000e1f00000,0x00000000e1f00000,0x00000000e2400000)
 ParOldGen       total 45056K, used 8465K [0x00000000a0000000, 0x00000000a2c00000, 0x00000000e0000000)
  object space 45056K, 18% used [0x00000000a0000000,0x00000000a0844640,0x00000000a2c00000)
 Metaspace       used 23686K, capacity 24020K, committed 24192K, reserved 1071104K
  class space    used 3284K, capacity 3401K, committed 3456K, reserved 1048576K
Event: 22.461 GC heap after
Heap after GC invocations=6 (full 1):
 PSYoungGen      total 36352K, used 4481K [0x00000000e0000000, 0x00000000e3280000, 0x0000000100000000)
  eden space 31232K, 0% used [0x00000000e0000000,0x00000000e0000000,0x00000000e1e80000)
  from space 5120K, 87% used [0x00000000e1f00000,0x00000000e23605d0,0x00000000e2400000)
  to   space 10240K, 0% used [0x00000000e2880000,0x00000000e2880000,0x00000000e3280000)
 ParOldGen       total 45056K, used 8465K [0x00000000a0000000, 0x00000000a2c00000, 0x00000000e0000000)
  object space 45056K, 18% used [0x00000000a0000000,0x00000000a0844640,0x00000000a2c00000)
 Metaspace       used 23686K, capacity 24020K, committed 24192K, reserved 1071104K
  class space    used 3284K, capacity 3401K, committed 3456K, reserved 1048576K
}

Deoptimization events (10 events):
Event: 18.327 Thread 0x00007fafb400a000 Uncommon trap: reason=bimorphic action=maybe_recompile pc=0x00007fb0013c03f0 method=java.lang.ClassLoader.loadClass(Ljava/lang/String;Z)Ljava/lang/Class; @ 38
Event: 21.258 Thread 0x00007fafb400a000 Uncommon trap: reason=unstable_if action=reinterpret pc=0x00007fb0013a520c method=java.util.HashMap.hash(Ljava/lang/Object;)I @ 1
Event: 21.419 Thread 0x00007fafb400a000 Uncommon trap: reason=unstable_if action=reinterpret pc=0x00007fb0013a5820 method=java.util.HashMap.getNode(ILjava/lang/Object;)Ljava/util/HashMap$Node; @ 53
Event: 21.419 Thread 0x00007fafb400a000 Uncommon trap: reason=unstable_if action=reinterpret pc=0x00007fb001382460 method=java.util.HashMap.hash(Ljava/lang/Object;)I @ 1
Event: 21.471 Thread 0x00007fafb400a000 Uncommon trap: reason=class_check action=maybe_recompile pc=0x00007fb001417604 method=java.lang.reflect.Method.equals(Ljava/lang/Object;)Z @ 5
Event: 21.474 Thread 0x00007fafb400a000 Uncommon trap: reason=class_check action=maybe_recompile pc=0x00007fb001417604 method=java.lang.reflect.Method.equals(Ljava/lang/Object;)Z @ 5
Event: 21.705 Thread 0x00007fafb400a000 Uncommon trap: reason=class_check action=maybe_recompile pc=0x00007fb001417604 method=java.lang.reflect.Method.equals(Ljava/lang/Object;)Z @ 5
Event: 21.705 Thread 0x00007fafb400a000 Uncommon trap: reason=class_check action=maybe_recompile pc=0x00007fb001417604 method=java.lang.reflect.Method.equals(Ljava/lang/Object;)Z @ 5
Event: 21.763 Thread 0x00007fafb400a000 Uncommon trap: reason=unstable_if action=reinterpret pc=0x00007fb0015f3f40 method=java.net.URLClassLoader.isSealed(Ljava/lang/String;Ljava/util/jar/Manifest;)Z @ 26
Event: 22.414 Thread 0x00007fafb400a000 Uncommon trap: reason=unstable_if action=reinterpret pc=0x00007fb00124cf84 method=java.io.UnixFileSystem.resolve(Ljava/lang/String;Ljava/lang/String;)Ljava/lang/String; @ 18

Internal exceptions (10 events):
Event: 22.533 Thread 0x00007fafb400a000 Exception <a 'java/lang/ClassNotFoundException': org/gradle/api/internal/artifacts/repositories/AbstractAuthenticationSupportedRepositoryBeanInfo> (0x00000000e056ef28) thrown at [/HUDSON3/workspace/8-2-build-linux-amd64/jdk8u121/8372/hotspot/src/share/vm/
Event: 22.533 Thread 0x00007fafb400a000 Exception <a 'java/lang/ClassNotFoundException': org/gradle/api/internal/artifacts/repositories/AbstractArtifactRepositoryBeanInfo> (0x00000000e059b778) thrown at [/HUDSON3/workspace/8-2-build-linux-amd64/jdk8u121/8372/hotspot/src/share/vm/classfile/syste
Event: 22.534 Thread 0x00007fafb400a000 Exception <a 'java/lang/ClassNotFoundException': org/gradle/api/internal/artifacts/repositories/AbstractArtifactRepositoryCustomizer> (0x00000000e05c9898) thrown at [/HUDSON3/workspace/8-2-build-linux-amd64/jdk8u121/8372/hotspot/src/share/vm/classfile/sys
Event: 22.536 Thread 0x00007fafb400a000 Exception <a 'java/lang/ClassNotFoundException': org/gradle/api/internal/artifacts/repositories/AbstractAuthenticationSupportedRepositoryCustomizer> (0x00000000e06029a8) thrown at [/HUDSON3/workspace/8-2-build-linux-amd64/jdk8u121/8372/hotspot/src/share/v
Event: 22.538 Thread 0x00007fafb400a000 Exception <a 'java/lang/ClassNotFoundException': org/gradle/api/internal/artifacts/repositories/DefaultMavenArtifactRepositoryCustomizer> (0x00000000e0642cb8) thrown at [/HUDSON3/workspace/8-2-build-linux-amd64/jdk8u121/8372/hotspot/src/share/vm/classfile
Event: 22.540 Thread 0x00007fafb400a000 Exception <a 'java/lang/ClassNotFoundException': org/gradle/api/internal/artifacts/repositories/DefaultMavenArtifactRepository_DecoratedCustomizer> (0x00000000e0683308) thrown at [/HUDSON3/workspace/8-2-build-linux-amd64/jdk8u121/8372/hotspot/src/share/vm
Event: 22.769 Thread 0x00007fafb400a000 Exception <a 'java/lang/ClassNotFoundException': build_dzzk87fz6yoeobrzuhy9er4kjBeanInfo> (0x00000000e0e5c8b8) thrown at [/HUDSON3/workspace/8-2-build-linux-amd64/jdk8u121/8372/hotspot/src/share/vm/classfile/systemDictionary.cpp, line 210]
Event: 22.769 Thread 0x00007fafb400a000 Exception <a 'java/lang/ClassNotFoundException': org/gradle/api/internal/project/ProjectScriptBeanInfo> (0x00000000e0e6ded8) thrown at [/HUDSON3/workspace/8-2-build-linux-amd64/jdk8u121/8372/hotspot/src/share/vm/classfile/systemDictionary.cpp, line 210]
Event: 22.769 Thread 0x00007fafb400a000 Exception <a 'java/lang/ClassNotFoundException': org/gradle/api/internal/project/ProjectScriptCustomizer> (0x00000000e0e7f938) thrown at [/HUDSON3/workspace/8-2-build-linux-amd64/jdk8u121/8372/hotspot/src/share/vm/classfile/systemDictionary.cpp, line 210]
Event: 22.772 Thread 0x00007fafb400a000 Exception <a 'java/lang/ClassNotFoundException': build_dzzk87fz6yoeobrzuhy9er4kjCustomizer> (0x00000000e0e9f380) thrown at [/HUDSON3/workspace/8-2-build-linux-amd64/jdk8u121/8372/hotspot/src/share/vm/classfile/systemDictionary.cpp, line 210]

Events (10 events):
Event: 23.050 loading class org/gradle/api/internal/notations/ClientModuleNotationParserFactory
Event: 23.050 loading class org/gradle/api/internal/notations/ClientModuleNotationParserFactory done
Event: 23.050 loading class org/gradle/api/artifacts/ClientModule
Event: 23.050 loading class org/gradle/api/artifacts/ClientModule done
Event: 23.051 loading class org/gradle/api/internal/artifacts/dependencies/DefaultClientModule
Event: 23.051 loading class org/gradle/api/internal/artifacts/dependencies/DefaultClientModule done
Event: 23.052 loading class org/gradle/api/internal/artifacts/query/DefaultArtifactResolutionQueryFactory
Event: 23.052 loading class org/gradle/api/internal/artifacts/query/DefaultArtifactResolutionQueryFactory done
Event: 23.053 loading class org/gradle/api/internal/artifacts/dsl/dependencies/DefaultDependencyHandler
Event: 23.053 loading class org/gradle/api/internal/artifacts/dsl/dependencies/DefaultDependencyHandler done


Dynamic libraries:
00400000-00401000 r-xp 00000000 08:01 11143952                           /usr/local/java/jdk1.8.0_121/bin/java
00600000-00601000 rw-p 00000000 08:01 11143952                           /usr/local/java/jdk1.8.0_121/bin/java
00a6c000-00a8d000 rw-p 00000000 00:00 0                                  [heap]
a0000000-a2c00000 rw-p 00000000 00:00 0 
a2c00000-e0000000 ---p 00000000 00:00 0 
e0000000-e3280000 rw-p 00000000 00:00 0 
e3280000-100000000 ---p 00000000 00:00 0 
100000000-1003c0000 rw-p 00000000 00:00 0 
1003c0000-140000000 ---p 00000000 00:00 0 
7faf98000000-7faf98021000 rw-p 00000000 00:00 0 
7faf98021000-7faf9c000000 ---p 00000000 00:00 0 
7fafa0000000-7fafa0021000 rw-p 00000000 00:00 0 
7fafa0021000-7fafa4000000 ---p 00000000 00:00 0 
7fafa4000000-7fafa4021000 rw-p 00000000 00:00 0 
7fafa4021000-7fafa8000000 ---p 00000000 00:00 0 
7fafa8000000-7fafa8021000 rw-p 00000000 00:00 0 
7fafa8021000-7fafac000000 ---p 00000000 00:00 0 
7fafac000000-7fafaccec000 rw-p 00000000 00:00 0 
7fafaccec000-7fafb0000000 ---p 00000000 00:00 0 
7fafb0000000-7fafb0029000 rw-p 00000000 00:00 0 
7fafb0029000-7fafb4000000 ---p 00000000 00:00 0 
7fafb4000000-7fafb4021000 rw-p 00000000 00:00 0 
7fafb4021000-7fafb8000000 ---p 00000000 00:00 0 
7fafbae81000-7fafbb081000 rw-p 00000000 00:00 0 
7fafbb081000-7fafbb281000 rw-p 00000000 00:00 0 
7fafbb281000-7fafbb481000 rw-p 00000000 00:00 0 
7fafbb481000-7fafbb681000 rw-p 00000000 00:00 0 
7fafbb681000-7fafbb6fb000 r--s 010f6000 08:01 11020816                   /usr/local/java/jdk1.8.0_121/lib/tools.jar
7fafbb6fb000-7fafbb8fb000 rw-p 00000000 00:00 0 
7fafbb8fb000-7fafbb8fe000 ---p 00000000 00:00 0 
7fafbb8fe000-7fafbb9fc000 rw-p 00000000 00:00 0 
7fafbb9fc000-7fafbb9ff000 ---p 00000000 00:00 0 
7fafbb9ff000-7fafbbafd000 rw-p 00000000 00:00 0 
7fafbbafd000-7fafbbb00000 ---p 00000000 00:00 0 
7fafbbb00000-7fafbbbfe000 rw-p 00000000 00:00 0 
7fafbbbfe000-7fafbbc01000 ---p 00000000 00:00 0 
7fafbbc01000-7fafbbeff000 rw-p 00000000 00:00 0 
7fafbbeff000-7fafbbf02000 ---p 00000000 00:00 0 
7fafbbf02000-7fafbc000000 rw-p 00000000 00:00 0 
7fafbc000000-7fafbc021000 rw-p 00000000 00:00 0 
7fafbc021000-7fafc0000000 ---p 00000000 00:00 0 
7fafc0000000-7fafc0074000 rw-p 00000000 00:00 0 
7fafc0074000-7fafc4000000 ---p 00000000 00:00 0 
7fafc4000000-7fafc4021000 rw-p 00000000 00:00 0 
7fafc4021000-7fafc8000000 ---p 00000000 00:00 0 
7fafc8000000-7fafc8021000 rw-p 00000000 00:00 0 
7fafc8021000-7fafcc000000 ---p 00000000 00:00 0 
7fafcc000000-7fafcdf82000 rw-p 00000000 00:00 0 
7fafcdf82000-7fafd0000000 ---p 00000000 00:00 0 
7fafd0000000-7fafd065c000 rw-p 00000000 00:00 0 
7fafd065c000-7fafd4000000 ---p 00000000 00:00 0 
7fafd4000000-7fafd4021000 rw-p 00000000 00:00 0 
7fafd4021000-7fafd8000000 ---p 00000000 00:00 0 
7fafd8000000-7fafda124000 rw-p 00000000 00:00 0 
7fafda124000-7fafdc000000 ---p 00000000 00:00 0 
7fafdc000000-7fafdc021000 rw-p 00000000 00:00 0 
7fafdc021000-7fafe0000000 ---p 00000000 00:00 0 
7fafe0000000-7fafe0021000 rw-p 00000000 00:00 0 
7fafe0021000-7fafe4000000 ---p 00000000 00:00 0 
7fafe4000000-7fafe4021000 rw-p 00000000 00:00 0 
7fafe4021000-7fafe8000000 ---p 00000000 00:00 0 
7fafe8000000-7fafe8061000 rw-p 00000000 00:00 0 
7fafe8061000-7fafec000000 ---p 00000000 00:00 0 
7fafec000000-7fafec021000 rw-p 00000000 00:00 0 
7fafec021000-7faff0000000 ---p 00000000 00:00 0 
7faff0014000-7faff0017000 ---p 00000000 00:00 0 
7faff0017000-7faff004d000 rw-p 00000000 00:00 0 
7faff004d000-7faff004e000 r--p 00000000 00:00 0 
7faff004e000-7faff0051000 ---p 00000000 00:00 0 
7faff0051000-7faff014f000 rw-p 00000000 00:00 0 
7faff014f000-7faff0156000 r--s 00000000 08:01 11280200                   /usr/lib/x86_64-linux-gnu/gconv/gconv-modules.cache
7faff0156000-7faff0356000 rw-p 00000000 00:00 0 
7faff0356000-7faff0359000 ---p 00000000 00:00 0 
7faff0359000-7faff0457000 rw-p 00000000 00:00 0 
7faff0457000-7faff045a000 ---p 00000000 00:00 0 
7faff045a000-7faff0558000 rw-p 00000000 00:00 0 
7faff0558000-7faff0561000 r-xp 00000000 08:01 11144070                   /usr/local/java/jdk1.8.0_121/jre/lib/amd64/libmanagement.so
7faff0561000-7faff0760000 ---p 00009000 08:01 11144070                   /usr/local/java/jdk1.8.0_121/jre/lib/amd64/libmanagement.so
7faff0760000-7faff0761000 rw-p 00008000 08:01 11144070                   /usr/local/java/jdk1.8.0_121/jre/lib/amd64/libmanagement.so
7faff0761000-7faff0765000 r--s 0009a000 08:01 11143978                   /usr/local/java/jdk1.8.0_121/jre/lib/jsse.jar
7faff0765000-7faff0767000 r--s 00007000 08:01 34341942                   /root/.gradle/wrapper/dists/gradle-3.3-all/55gk2rcmfc6p2dg9u9ohc3hw9/gradle-3.3/lib/plugins/gradle-tooling-api-builders-3.3.jar
7faff0767000-7faff076a000 r--s 00009000 08:01 34341935                   /root/.gradle/wrapper/dists/gradle-3.3-all/55gk2rcmfc6p2dg9u9ohc3hw9/gradle-3.3/lib/plugins/gradle-testing-native-3.3.jar
7faff076a000-7faff0770000 r--s 00033000 08:01 34342010                   /root/.gradle/wrapper/dists/gradle-3.3-all/55gk2rcmfc6p2dg9u9ohc3hw9/gradle-3.3/lib/plugins/snakeyaml-1.6.jar
7faff0770000-7faff0772000 r--s 00006000 08:01 34342009                   /root/.gradle/wrapper/dists/gradle-3.3-all/55gk2rcmfc6p2dg9u9ohc3hw9/gradle-3.3/lib/plugins/jcommander-1.12.jar
7faff0772000-7faff0777000 r--s 00040000 08:01 34342008                   /root/.gradle/wrapper/dists/gradle-3.3-all/55gk2rcmfc6p2dg9u9ohc3hw9/gradle-3.3/lib/plugins/bsh-2.0b4.jar
7faff0777000-7faff0779000 r--s 00009000 08:01 34342016                   /root/.gradle/wrapper/dists/gradle-3.3-all/55gk2rcmfc6p2dg9u9ohc3hw9/gradle-3.3/lib/plugins/hamcrest-core-1.3.jar
7faff0779000-7faff0782000 r--s 00089000 08:01 34341967                   /root/.gradle/wrapper/dists/gradle-3.3-all/55gk2rcmfc6p2dg9u9ohc3hw9/gradle-3.3/lib/plugins/testng-6.3.1.jar
7faff0782000-7faff078a000 r--s 00045000 08:01 34341966                   /root/.gradle/wrapper/dists/gradle-3.3-all/55gk2rcmfc6p2dg9u9ohc3hw9/gradle-3.3/lib/plugins/junit-4.12.jar
7faff078a000-7faff0790000 r--s 0002e000 08:01 34341936                   /root/.gradle/wrapper/dists/gradle-3.3-all/55gk2rcmfc6p2dg9u9ohc3hw9/gradle-3.3/lib/plugins/gradle-testing-jvm-3.3.jar
7faff0790000-7faff0794000 r--s 00016000 08:01 34341934                   /root/.gradle/wrapper/dists/gradle-3.3-all/55gk2rcmfc6p2dg9u9ohc3hw9/gradle-3.3/lib/plugins/gradle-testing-base-3.3.jar
7faff0794000-7faff079b000 r--s 00038000 08:01 34341961                   /root/.gradle/wrapper/dists/gradle-3.3-all/55gk2rcmfc6p2dg9u9ohc3hw9/gradle-3.3/lib/plugins/bcpg-jdk15on-1.51.jar
7faff079b000-7faff079d000 r--s 0000c000 08:01 34341913                   /root/.gradle/wrapper/dists/gradle-3.3-all/55gk2rcmfc6p2dg9u9ohc3hw9/gradle-3.3/lib/plugins/gradle-signing-3.3.jar
7faff079d000-7faff079f000 r--s 00007000 08:01 34341912                   /root/.gradle/wrapper/dists/gradle-3.3-all/55gk2rcmfc6p2dg9u9ohc3hw9/gradle-3.3/lib/plugins/gradle-scala-3.3.jar
7faff079f000-7faff07a0000 r--s 00004000 08:01 34341940                   /root/.gradle/wrapper/dists/gradle-3.3-all/55gk2rcmfc6p2dg9u9ohc3hw9/gradle-3.3/lib/plugins/gradle-resources-sftp-3.3.jar
7faff07a0000-7faff07b0000 r--s 00088000 08:01 34341977                   /root/.gradle/wrapper/dists/gradle-3.3-all/55gk2rcmfc6p2dg9u9ohc3hw9/gradle-3.3/lib/plugins/joda-time-2.8.2.jar
7faff07b0000-7faff07c1000 r--s 0010d000 08:01 34341976                   /root/.gradle/wrapper/dists/gradle-3.3-all/55gk2rcmfc6p2dg9u9ohc3hw9/gradle-3.3/lib/plugins/jackson-databind-2.6.6.jar
7faff07c1000-7faff07c4000 r--s 00009000 08:01 34341975                   /root/.gradle/wrapper/dists/gradle-3.3-all/55gk2rcmfc6p2dg9u9ohc3hw9/gradle-3.3/lib/plugins/jackson-annotations-2.6.6.jar
7faff07c4000-7faff07c8000 r--s 0003c000 08:01 34341974                   /root/.gradle/wrapper/dists/gradle-3.3-all/55gk2rcmfc6p2dg9u9ohc3hw9/gradle-3.3/lib/plugins/jackson-core-2.6.6.jar
7faff07c8000-7faff07d6000 r--s 00087000 08:01 34341973                   /root/.gradle/wrapper/dists/gradle-3.3-all/55gk2rcmfc6p2dg9u9ohc3hw9/gradle-3.3/lib/plugins/aws-java-sdk-core-1.11.6.jar
7faff07d6000-7faff07dd000 r--s 00057000 08:01 34341972                   /root/.gradle/wrapper/dists/gradle-3.3-all/55gk2rcmfc6p2dg9u9ohc3hw9/gradle-3.3/lib/plugins/aws-java-sdk-kms-1.11.6.jar
7faff07dd000-7faff07ea000 r--s 0008e000 08:01 34341971                   /root/.gradle/wrapper/dists/gradle-3.3-all/55gk2rcmfc6p2dg9u9ohc3hw9/gradle-3.3/lib/plugins/aws-java-sdk-s3-1.11.6.jar
7faff07ea000-7faff07ec000 r--s 00004000 08:01 34341941                   /root/.gradle/wrapper/dists/gradle-3.3-all/55gk2rcmfc6p2dg9u9ohc3hw9/gradle-3.3/lib/plugins/gradle-resources-s3-3.3.jar
7faff07ec000-7faff07ee000 r--s 00005000 08:01 34341965                   /root/.gradle/wrapper/dists/gradle-3.3-all/55gk2rcmfc6p2dg9u9ohc3hw9/gradle-3.3/lib/plugins/jatl-0.2.2.jar
7faff07ee000-7faff07f0000 r--s 0000f000 08:01 34341918                   /root/.gradle/wrapper/dists/gradle-3.3-all/55gk2rcmfc6p2dg9u9ohc3hw9/gradle-3.3/lib/plugins/gradle-reporting-3.3.jar
7faff07f0000-7faff07f2000 r--s 00002000 08:01 34341919                   /root/.gradle/wrapper/dists/gradle-3.3-all/55gk2rcmfc6p2dg9u9ohc3hw9/gradle-3.3/lib/plugins/gradle-publish-3.3.jar
7faff07f2000-7faff07f4000 r--s 00009000 08:01 34341948                   /root/.gradle/wrapper/dists/gradle-3.3-all/55gk2rcmfc6p2dg9u9ohc3hw9/gradle-3.3/lib/plugins/commons-cli-1.2.jar
7faff07f4000-7faff07fa000 r--s 00031000 08:01 34341904                   /root/.gradle/wrapper/dists/gradle-3.3-all/55gk2rcmfc6p2dg9u9ohc3hw9/gradle-3.3/lib/plugins/gradle-plugins-3.3.jar
7faff07fa000-7faff07fc000 r--s 00009000 08:01 34341937                   /root/.gradle/wrapper/dists/gradle-3.3-all/55gk2rcmfc6p2dg9u9ohc3hw9/gradle-3.3/lib/plugins/gradle-plugin-development-3.3.jar
7faff07fc000-7faff0802000 r--s 0002b000 08:01 34341930                   /root/.gradle/wrapper/dists/gradle-3.3-all/55gk2rcmfc6p2dg9u9ohc3hw9/gradle-3.3/lib/plugins/gradle-platform-play-3.3.jar
7faff0802000-7faff0810000 r--s 00055000 08:01 34341929                   /root/.gradle/wrapper/dists/gradle-3.3-all/55gk2rcmfc6p2dg9u9ohc3hw9/gradle-3.3/lib/plugins/gradle-platform-native-3.3.jar
7faff0810000-7faff0815000 r--s 0001f000 08:01 34341924                   /root/.gradle/wrapper/dists/gradle-3.3-all/55gk2rcmfc6p2dg9u9ohc3hw9/gradle-3.3/lib/plugins/gradle-platform-jvm-3.3.jar
7faff0815000-7faff081d000 r--s 00027000 08:01 34341923                   /root/.gradle/wrapper/dists/gradle-3.3-all/55gk2rcmfc6p2dg9u9ohc3hw9/gradle-3.3/lib/plugins/gradle-platform-base-3.3.jar
7faff081d000-7faff0845000 r--s 0021c000 08:01 34341956                   /root/.gradle/wrapper/dists/gradle-3.3-all/55gk2rcmfc6p2dg9u9ohc3hw9/gradle-3.3/lib/plugins/biz.aQute.bndlib-3.2.0.jar
7faff0845000-7faff0847000 r--s 00003000 08:01 34341908                   /root/.gradle/wrapper/dists/gradle-3.3-all/55gk2rcmfc6p2dg9u9ohc3hw9/gradle-3.3/lib/plugins/gradle-osgi-3.3.jar
7faff0847000-7faff084a000 r--s 0000c000 08:01 34341959                   /root/.gradle/wrapper/dists/gradle-3.3-all/55gk2rcmfc6p2dg9u9ohc3hw9/gradle-3.3/lib/plugins/pmaven-groovy-0.8-20100325.jar
7faff084a000-7faff0850000 r--s 00023000 08:01 34341909                   /root/.gradle/wrapper/dists/gradle-3.3-all/55gk2rcmfc6p2dg9u9ohc3hw9/gradle-3.3/lib/plugins/gradle-maven-3.3.jar
7faff0850000-7faff0853000 r--s 0000b000 08:01 34341928                   /root/.gradle/wrapper/dists/gradle-3.3-all/55gk2rcmfc6p2dg9u9ohc3hw9/gradle-3.3/lib/plugins/gradle-language-scala-3.3.jar
7faff0853000-7faff0859000 r--s 0001a000 08:01 34341932                   /root/.gradle/wrapper/dists/gradle-3.3-all/55gk2rcmfc6p2dg9u9ohc3hw9/gradle-3.3/lib/plugins/gradle-language-native-3.3.jar
7faff0859000-7faff085c000 r--s 00005000 08:01 34341925                   /root/.gradle/wrapper/dists/gradle-3.3-all/55gk2rcmfc6p2dg9u9ohc3hw9/gradle-3.3/lib/plugins/gradle-language-jvm-3.3.jar
7faff085c000-7faff0862000 r--s 00027000 08:01 34341926                   /root/.gradle/wrapper/dists/gradle-3.3-all/55gk2rcmfc6p2dg9u9ohc3hw9/gradle-3.3/lib/plugins/gradle-language-java-3.3.jar
7faff0862000-7faff0878000 r-xp 00000000 08:01 4985220                    /lib/x86_64-linux-gnu/libgcc_s.so.1
7faff0878000-7faff0a77000 ---p 00016000 08:01 4985220                    /lib/x86_64-linux-gnu/libgcc_s.so.1
7faff0a77000-7faff0a78000 rw-p 00015000 08:01 4985220                    /lib/x86_64-linux-gnu/libgcc_s.so.1
7faff0a78000-7faff0bea000 r-xp 00000000 08:01 11012225                   /usr/lib/x86_64-linux-gnu/libstdc++.so.6.0.21
7faff0bea000-7faff0dea000 ---p 00172000 08:01 11012225                   /usr/lib/x86_64-linux-gnu/libstdc++.so.6.0.21
7faff0dea000-7faff0df4000 r--p 00172000 08:01 11012225                   /usr/lib/x86_64-linux-gnu/libstdc++.so.6.0.21
7faff0df4000-7faff0df6000 rw-p 0017c000 08:01 11012225                   /usr/lib/x86_64-linux-gnu/libstdc++.so.6.0.21
7faff0df6000-7faff0dfa000 rw-p 00000000 00:00 0 
7faff0dfa000-7faff0dff000 r-xp 00000000 08:01 34345271                   /root/.gradle/native/23/linux-amd64/libnative-platform.so
7faff0dff000-7faff0ffe000 ---p 00005000 08:01 34345271                   /root/.gradle/native/23/linux-amd64/libnative-platform.so
7faff0ffe000-7faff0fff000 rw-p 00004000 08:01 34345271                   /root/.gradle/native/23/linux-amd64/libnative-platform.so
7faff0fff000-7faff4000000 rw-p 00000000 00:00 0 
7faff4000000-7faff402b000 rw-p 00000000 00:00 0 
7faff402b000-7faff8000000 ---p 00000000 00:00 0 
7faff8000000-7faff8001000 r--s 00004000 08:01 34341958                   /root/.gradle/wrapper/dists/gradle-3.3-all/55gk2rcmfc6p2dg9u9ohc3hw9/gradle-3.3/lib/plugins/pmaven-common-0.8-20100325.jar
7faff8001000-7faff8003000 r--s 0000a000 08:01 34341927                   /root/.gradle/wrapper/dists/gradle-3.3-all/55gk2rcmfc6p2dg9u9ohc3hw9/gradle-3.3/lib/plugins/gradle-language-groovy-3.3.jar
7faff8003000-7faff8006000 r--s 0001e000 08:01 34341983                   /root/.gradle/wrapper/dists/gradle-3.3-all/55gk2rcmfc6p2dg9u9ohc3hw9/gradle-3.3/lib/plugins/jsp-api-2.1-6.1.14.jar
7faff8006000-7faff8029000 r--s 00344000 08:01 34341982                   /root/.gradle/wrapper/dists/gradle-3.3-all/55gk2rcmfc6p2dg9u9ohc3hw9/gradle-3.3/lib/plugins/core-3.1.1.jar
7faff8029000-7faff802a000 r--s 00006000 08:01 34341981                   /root/.gradle/wrapper/dists/gradle-3.3-all/55gk2rcmfc6p2dg9u9ohc3hw9/gradle-3.3/lib/plugins/jetty-naming-6.1.26.jar
7faff802a000-7faff802b000 r--s 00002000 08:01 34341955                   /root/.gradle/wrapper/dists/gradle-3.3-all/55gk2rcmfc6p2dg9u9ohc3hw9/gradle-3.3/lib/plugins/geronimo-annotation_1.0_spec-1.0.jar
7faff802b000-7faff802d000 r--s 00002000 08:01 34341954                   /root/.gradle/wrapper/dists/gradle-3.3-all/55gk2rcmfc6p2dg9u9ohc3hw9/gradle-3.3/lib/plugins/jetty-annotations-6.1.26.jar
7faff802d000-7faff803e000 r--s 000ea000 08:01 34341953                   /root/.gradle/wrapper/dists/gradle-3.3-all/55gk2rcmfc6p2dg9u9ohc3hw9/gradle-3.3/lib/plugins/jsp-2.1-6.1.14.jar
7faff803e000-7faff8040000 r--s 0000d000 08:01 34341952                   /root/.gradle/wrapper/dists/gradle-3.3-all/55gk2rcmfc6p2dg9u9ohc3hw9/gradle-3.3/lib/plugins/jetty-plus-6.1.26.jar
7faff8040000-7faff8042000 r--s 0001f000 08:01 34341951                   /root/.gradle/wrapper/dists/gradle-3.3-all/55gk2rcmfc6p2dg9u9ohc3hw9/gradle-3.3/lib/plugins/servlet-api-2.5-20081211.jar
7faff8042000-7faff8046000 r--s 00028000 08:01 34341950                   /root/.gradle/wrapper/dists/gradle-3.3-all/55gk2rcmfc6p2dg9u9ohc3hw9/gradle-3.3/lib/plugins/jetty-util-6.1.26.jar
7faff8046000-7faff804d000 r--s 0007d000 08:01 34341949                   /root/.gradle/wrapper/dists/gradle-3.3-all/55gk2rcmfc6p2dg9u9ohc3hw9/gradle-3.3/lib/plugins/jetty-6.1.26.jar
7faff804d000-7faff804f000 r--s 0000a000 08:01 34341906                   /root/.gradle/wrapper/dists/gradle-3.3-all/55gk2rcmfc6p2dg9u9ohc3hw9/gradle-3.3/lib/plugins/gradle-jetty-3.3.jar
7faff804f000-7faff8056000 r--s 00035000 08:01 34341964                   /root/.gradle/wrapper/dists/gradle-3.3-all/55gk2rcmfc6p2dg9u9ohc3hw9/gradle-3.3/lib/plugins/simple-4.1.21.jar
7faff8056000-7faff8062000 r--s 00100000 08:01 34341962                   /root/.gradle/wrapper/dists/gradle-3.3-all/55gk2rcmfc6p2dg9u9ohc3hw9/gradle-3.3/lib/plugins/rhino-1.7R3.jar
7faff8062000-7faff8066000 r--s 00012000 08:01 34341915                   /root/.gradle/wrapper/dists/gradle-3.3-all/55gk2rcmfc6p2dg9u9ohc3hw9/gradle-3.3/lib/plugins/gradle-javascript-3.3.jar
7faff8066000-7faff8068000 r--s 0000d000 08:01 34341921                   /root/.gradle/wrapper/dists/gradle-3.3-all/55gk2rcmfc6p2dg9u9ohc3hw9/gradle-3.3/lib/plugins/gradle-jacoco-3.3.jar
7faff8068000-7faff806b000 r--s 0000e000 08:01 34341920                   /root/.gradle/wrapper/dists/gradle-3.3-all/55gk2rcmfc6p2dg9u9ohc3hw9/gradle-3.3/lib/plugins/gradle-ivy-3.3.jar
7faff806b000-7faff806c000 r--s 00002000 08:01 34341931                   /root/.gradle/wrapper/dists/gradle-3.3-all/55gk2rcmfc6p2dg9u9ohc3hw9/gradle-3.3/lib/plugins/gradle-ide-play-3.3.jar
7faff806c000-7faff806f000 r--s 00013000 08:01 34341933                   /root/.gradle/wrapper/dists/gradle-3.3-all/55gk2rcmfc6p2dg9u9ohc3hw9/gradle-3.3/lib/plugins/gradle-ide-native-3.3.jar
7faff806f000-7faff8078000 r--s 00055000 08:01 34341910                   /root/.gradle/wrapper/dists/gradle-3.3-all/55gk2rcmfc6p2dg9u9ohc3hw9/gradle-3.3/lib/plugins/gradle-ide-3.3.jar
7faff8078000-7faff807a000 r--s 00007000 08:01 34341914                   /root/.gradle/wrapper/dists/gradle-3.3-all/55gk2rcmfc6p2dg9u9ohc3hw9/gradle-3.3/lib/plugins/gradle-ear-3.3.jar
7faff807a000-7faff8080000 r--s 00039000 08:01 34341917                   /root/.gradle/wrapper/dists/gradle-3.3-all/55gk2rcmfc6p2dg9u9ohc3hw9/gradle-3.3/lib/plugins/gradle-diagnostics-3.3.jar
7faff8080000-7faff8081000 r--s 00009000 08:01 34341943                   /root/.gradle/wrapper/dists/gradle-3.3-all/55gk2rcmfc6p2dg9u9ohc3hw9/gradle-3.3/lib/plugins/gradle-composite-builds-3.3.jar
7faff8081000-7faff8085000 r--s 00023000 08:01 34341905                   /root/.gradle/wrapper/dists/gradle-3.3-all/55gk2rcmfc6p2dg9u9ohc3hw9/gradle-3.3/lib/plugins/gradle-code-quality-3.3.jar
7faff8085000-7faff8089000 r--s 00022000 08:01 34341922                   /root/.gradle/wrapper/dists/gradle-3.3-all/55gk2rcmfc6p2dg9u9ohc3hw9/gradle-3.3/lib/plugins/gradle-build-init-3.3.jar
7faff8089000-7faff808f000 r--s 0008e000 08:01 34341916                   /root/.gradle/wrapper/dists/gradle-3.3-all/55gk2rcmfc6p2dg9u9ohc3hw9/gradle-3.3/lib/plugins/gradle-build-comparison-3.3.jar
7faff808f000-7faff8090000 r--s 00001000 08:01 34341944                   /root/.gradle/wrapper/dists/gradle-3.3-all/55gk2rcmfc6p2dg9u9ohc3hw9/gradle-3.3/lib/plugins/gradle-build-cache-http-3.3.jar
7faff8090000-7faff8092000 r--s 00008000 08:01 34341907                   /root/.gradle/wrapper/dists/gradle-3.3-all/55gk2rcmfc6p2dg9u9ohc3hw9/gradle-3.3/lib/plugins/gradle-antlr-3.3.jar
7faff8092000-7faff8094000 r--s 00004000 08:01 34341911                   /root/.gradle/wrapper/dists/gradle-3.3-all/55gk2rcmfc6p2dg9u9ohc3hw9/gradle-3.3/lib/plugins/gradle-announce-3.3.jar
7faff8094000-7faff80ac000 r--s 00115000 08:01 34342013                   /root/.gradle/wrapper/dists/gradle-3.3-all/55gk2rcmfc6p2dg9u9ohc3hw9/gradle-3.3/lib/plugins/xercesImpl-2.9.1.jar
7faff80ac000-7faff80b4000 r--s 00028000 08:01 34342014                   /root/.gradle/wrapper/dists/gradle-3.3-all/55gk2rcmfc6p2dg9u9ohc3hw9/gradle-3.3/lib/plugins/xml-apis-1.3.04.jar
7faff80b4000-7faff80ba000 r--s 0005b000 08:01 34342012                   /root/.gradle/wrapper/dists/gradle-3.3-all/55gk2rcmfc6p2dg9u9ohc3hw9/gradle-3.3/lib/plugins/jcifs-1.3.17.jar
7faff80ba000-7faff80c0000 r--s 00033000 08:01 34341960                   /root/.gradle/wrapper/dists/gradle-3.3-all/55gk2rcmfc6p2dg9u9ohc3hw9/gradle-3.3/lib/plugins/commons-codec-1.6.jar
7faff80c0000-7faff80c7000 r--s 00049000 08:01 34342011                   /root/.gradle/wrapper/dists/gradle-3.3-all/55gk2rcmfc6p2dg9u9ohc3hw9/gradle-3.3/lib/plugins/httpcore-4.4.4.jar
7faff80c7000-7faff80ca000 r--s 0001c000 08:01 34341969                   /root/.gradle/wrapper/dists/gradle-3.3-all/55gk2rcmfc6p2dg9u9ohc3hw9/gradle-3.3/lib/plugins/nekohtml-1.9.14.jar
7faff80ca000-7faff80d7000 r--s 000a4000 08:01 34341968                   /root/.gradle/wrapper/dists/gradle-3.3-all/55gk2rcmfc6p2dg9u9ohc3hw9/gradle-3.3/lib/plugins/httpclient-4.4.1.jar
7faff80d7000-7faff80da000 r--s 0000a000 08:01 34341939                   /root/.gradle/wrapper/dists/gradle-3.3-all/55gk2rcmfc6p2dg9u9ohc3hw9/gradle-3.3/lib/plugins/gradle-resources-http-3.3.jar
7faff80da000-7faff80de000 r--s 00015000 08:01 34341938                   /root/.gradle/wrapper/dists/gradle-3.3-all/55gk2rcmfc6p2dg9u9ohc3hw9/gradle-3.3/lib/plugins/gradle-plugin-use-3.3.jar
7faff80de000-7faff80df000 r--s 00000000 08:01 34341850                   /root/.gradle/wrapper/dists/gradle-3.3-all/55gk2rcmfc6p2dg9u9ohc3hw9/gradle-3.3/lib/gradle-installation-beacon-3.3.jar
7faff80df000-7faff80e1000 r--s 00006000 08:01 34342007                   /root/.gradle/wrapper/dists/gradle-3.3-all/55gk2rcmfc6p2dg9u9ohc3hw9/gradle-3.3/lib/plugins/aether-connector-wagon-1.13.1.jar
7faff80e1000-7faff80e5000 r--s 0001c000 08:01 34342006                   /root/.gradle/wrapper/dists/gradle-3.3-all/55gk2rcmfc6p2dg9u9ohc3hw9/gradle-3.3/lib/plugins/aether-util-1.13.1.jar
7faff80e5000-7faff80e6000 r--s 00003000 08:01 34342005                   /root/.gradle/wrapper/dists/gradle-3.3-all/55gk2rcmfc6p2dg9u9ohc3hw9/gradle-3.3/lib/plugins/aether-spi-1.13.1.jar
7faff80e6000-7faff80e9000 r--s 0001d000 08:01 34342004                   /root/.gradle/wrapper/dists/gradle-3.3-all/55gk2rcmfc6p2dg9u9ohc3hw9/gradle-3.3/lib/plugins/aether-impl-1.13.1.jar
7faff80e9000-7faff80ec000 r--s 00013000 08:01 34342003                   /root/.gradle/wrapper/dists/gradle-3.3-all/55gk2rcmfc6p2dg9u9ohc3hw9/gradle-3.3/lib/plugins/aether-api-1.13.1.jar
7faff80ec000-7faff80ed000 r--s 00007000 08:01 34342002                   /root/.gradle/wrapper/dists/gradle-3.3-all/55gk2rcmfc6p2dg9u9ohc3hw9/gradle-3.3/lib/plugins/wagon-http-shared4-2.4.jar
7faff80ed000-7faff80ef000 r--s 0000b000 08:01 34342001                   /root/.gradle/wrapper/dists/gradle-3.3-all/55gk2rcmfc6p2dg9u9ohc3hw9/gradle-3.3/lib/plugins/wagon-provider-api-2.4.jar
7faff80ef000-7faff80f0000 r--s 00002000 08:01 34342000                   /root/.gradle/wrapper/dists/gradle-3.3-all/55gk2rcmfc6p2dg9u9ohc3hw9/gradle-3.3/lib/plugins/wagon-http-2.4.jar
7faff80f0000-7faff80f1000 r--s 00002000 08:01 34341999                   /root/.gradle/wrapper/dists/gradle-3.3-all/55gk2rcmfc6p2dg9u9ohc3hw9/gradle-3.3/lib/plugins/wagon-file-2.4.jar
7faff80f1000-7faff80f3000 r--s 0000c000 08:01 34341998                   /root/.gradle/wrapper/dists/gradle-3.3-all/55gk2rcmfc6p2dg9u9ohc3hw9/gradle-3.3/lib/plugins/maven-aether-provider-3.0.4.jar
7faff80f3000-7faff80f5000 r--s 0000b000 08:01 34341997                   /root/.gradle/wrapper/dists/gradle-3.3-all/55gk2rcmfc6p2dg9u9ohc3hw9/gradle-3.3/lib/plugins/maven-plugin-api-3.0.4.jar
7faff80f5000-7faff80f7000 r--s 00006000 08:01 34341996                   /root/.gradle/wrapper/dists/gradle-3.3-all/55gk2rcmfc6p2dg9u9ohc3hw9/gradle-3.3/lib/plugins/maven-repository-metadata-3.0.4.jar
7faff80f7000-7faff80f9000 r--s 0000b000 08:01 34341995                   /root/.gradle/wrapper/dists/gradle-3.3-all/55gk2rcmfc6p2dg9u9ohc3hw9/gradle-3.3/lib/plugins/maven-artifact-3.0.4.jar
7faff80f9000-7faff80fb000 r--s 00026000 08:01 34341994                   /root/.gradle/wrapper/dists/gradle-3.3-all/55gk2rcmfc6p2dg9u9ohc3hw9/gradle-3.3/lib/plugins/maven-model-3.0.4.jar
7faff80fb000-7faff80ff000 r--s 00021000 08:01 34341993                   /root/.gradle/wrapper/dists/gradle-3.3-all/55gk2rcmfc6p2dg9u9ohc3hw9/gradle-3.3/lib/plugins/maven-model-builder-3.0.4.jar
7faff80ff000-7faff8105000 r--s 0003f000 08:01 34341992                   /root/.gradle/wrapper/dists/gradle-3.3-all/55gk2rcmfc6p2dg9u9ohc3hw9/gradle-3.3/lib/plugins/maven-compat-3.0.4.jar
7faff8105000-7faff8106000 r--s 00006000 08:01 34341991                   /root/.gradle/wrapper/dists/gradle-3.3-all/55gk2rcmfc6p2dg9u9ohc3hw9/gradle-3.3/lib/plugins/plexus-sec-dispatcher-1.3.jar
7faff8106000-7faff8108000 r--s 00002000 08:01 34341990                   /root/.gradle/wrapper/dists/gradle-3.3-all/55gk2rcmfc6p2dg9u9ohc3hw9/gradle-3.3/lib/plugins/plexus-cipher-1.7.jar
7faff8108000-7faff810a000 r--s 0000a000 08:01 34341989                   /root/.gradle/wrapper/dists/gradle-3.3-all/55gk2rcmfc6p2dg9u9ohc3hw9/gradle-3.3/lib/plugins/plexus-classworlds-2.4.jar
7faff810a000-7faff8111000 r--s 0002e000 08:01 34341988                   /root/.gradle/wrapper/dists/gradle-3.3-all/55gk2rcmfc6p2dg9u9ohc3hw9/gradle-3.3/lib/plugins/plexus-container-default-1.5.5.jar
7faff8111000-7faff8113000 r--s 00000000 08:01 34342015                   /root/.gradle/wrapper/dists/gradle-3.3-all/55gk2rcmfc6p2dg9u9ohc3hw9/gradle-3.3/lib/plugins/plexus-component-annotations-1.5.5.jar
7faff8113000-7faff8115000 r--s 0000d000 08:01 34341987                   /root/.gradle/wrapper/dists/gradle-3.3-all/55gk2rcmfc6p2dg9u9ohc3hw9/gradle-3.3/lib/plugins/plexus-interpolation-1.14.jar
7faff8115000-7faff8119000 r--s 00033000 08:01 34341986                   /root/.gradle/wrapper/dists/gradle-3.3-all/55gk2rcmfc6p2dg9u9ohc3hw9/gradle-3.3/lib/plugins/plexus-utils-2.0.6.jar
7faff8119000-7faff811c000 r--s 00008000 08:01 34341985                   /root/.gradle/wrapper/dists/gradle-3.3-all/55gk2rcmfc6p2dg9u9ohc3hw9/gradle-3.3/lib/plugins/maven-settings-builder-3.0.4.jar
7faff811c000-7faff811e000 r--s 0000a000 08:01 34341984                   /root/.gradle/wrapper/dists/gradle-3.3-all/55gk2rcmfc6p2dg9u9ohc3hw9/gradle-3.3/lib/plugins/maven-settings-3.0.4.jar
7faff811e000-7faff8123000 r--s 00040000 08:01 34341970                   /root/.gradle/wrapper/dists/gradle-3.3-all/55gk2rcmfc6p2dg9u9ohc3hw9/gradle-3.3/lib/plugins/jsch-0.1.53.jar
7faff8123000-7faff8163000 r--s 00277000 08:01 34341980                   /root/.gradle/wrapper/dists/gradle-3.3-all/55gk2rcmfc6p2dg9u9ohc3hw9/gradle-3.3/lib/plugins/bcprov-jdk15on-1.51.jar
7faff8163000-7faff8167000 r--s 0001d000 08:01 34341979                   /root/.gradle/wrapper/dists/gradle-3.3-all/55gk2rcmfc6p2dg9u9ohc3hw9/gradle-3.3/lib/plugins/xbean-reflect-3.4.jar
7faff8167000-7faff8173000 r--s 0007d000 08:01 34341957                   /root/.gradle/wrapper/dists/gradle-3.3-all/55gk2rcmfc6p2dg9u9ohc3hw9/gradle-3.3/lib/plugins/maven-core-3.0.4.jar
7faff8173000-7faff8178000 r--s 00034000 08:01 34341963                   /root/.gradle/wrapper/dists/gradle-3.3-all/55gk2rcmfc6p2dg9u9ohc3hw9/gradle-3.3/lib/plugins/gson-2.7.jar
7faff8178000-7faff8187000 r--s 000d9000 08:01 34341978                   /root/.gradle/wrapper/dists/gradle-3.3-all/55gk2rcmfc6p2dg9u9ohc3hw9/gradle-3.3/lib/plugins/ivy-2.2.0.jar
7faff8187000-7faff81a6000 r--s 000f6000 08:01 34341946                   /root/.gradle/wrapper/dists/gradle-3.3-all/55gk2rcmfc6p2dg9u9ohc3hw9/gradle-3.3/lib/plugins/gradle-dependency-management-3.3.jar
7faff81a6000-7faff81a8000 r--s 00005000 08:01 34341945                   /root/.gradle/wrapper/dists/gradle-3.3-all/55gk2rcmfc6p2dg9u9ohc3hw9/gradle-3.3/lib/plugins/gradle-workers-3.3.jar
7faff81a8000-7faff81b9000 r-xp 00000000 08:01 11144059                   /usr/local/java/jdk1.8.0_121/jre/lib/amd64/libnio.so
7faff81b9000-7faff83b8000 ---p 00011000 08:01 11144059                   /usr/local/java/jdk1.8.0_121/jre/lib/amd64/libnio.so
7faff83b8000-7faff83b9000 rw-p 00010000 08:01 11144059                   /usr/local/java/jdk1.8.0_121/jre/lib/amd64/libnio.so
7faff83b9000-7faff83cf000 r-xp 00000000 08:01 11144034                   /usr/local/java/jdk1.8.0_121/jre/lib/amd64/libnet.so
7faff83cf000-7faff85cf000 ---p 00016000 08:01 11144034                   /usr/local/java/jdk1.8.0_121/jre/lib/amd64/libnet.so
7faff85cf000-7faff85d0000 rw-p 00016000 08:01 11144034                   /usr/local/java/jdk1.8.0_121/jre/lib/amd64/libnet.so
7faff85d0000-7faff85dd000 r--s 00041000 08:01 34341856                   /root/.gradle/wrapper/dists/gradle-3.3-all/55gk2rcmfc6p2dg9u9ohc3hw9/gradle-3.3/lib/gradle-tooling-api-3.3.jar
7faff85dd000-7faff85e3000 r--s 00032000 08:01 34341878                   /root/.gradle/wrapper/dists/gradle-3.3-all/55gk2rcmfc6p2dg9u9ohc3hw9/gradle-3.3/lib/jaxen-1.1.jar
7faff85e3000-7faff85e8000 r--s 00048000 08:01 34341877                   /root/.gradle/wrapper/dists/gradle-3.3-all/55gk2rcmfc6p2dg9u9ohc3hw9/gradle-3.3/lib/dom4j-1.6.1.jar
7faff85e8000-7faff861c000 r--s 00256000 08:01 34341845                   /root/.gradle/wrapper/dists/gradle-3.3-all/55gk2rcmfc6p2dg9u9ohc3hw9/gradle-3.3/lib/kotlin-reflect-1.1-M02.jar
7faff861c000-7faff87b2000 r--s 0157e000 08:01 34341844                   /root/.gradle/wrapper/dists/gradle-3.3-all/55gk2rcmfc6p2dg9u9ohc3hw9/gradle-3.3/lib/kotlin-compiler-embeddable-1.1-M02.jar
7faff87b2000-7faff8822000 r--s 00641000 08:01 34341863                   /root/.gradle/wrapper/dists/gradle-3.3-all/55gk2rcmfc6p2dg9u9ohc3hw9/gradle-3.3/lib/groovy-all-2.4.7.jar
7faff8822000-7faff8823000 ---p 00000000 00:00 0 
7faff8823000-7faff8923000 rw-p 00000000 00:00 0 
7faff8923000-7faff8926000 ---p 00000000 00:00 0 
7faff8926000-7faff8a24000 rw-p 00000000 00:00 0 
7faff8a24000-7faff8a27000 ---p 00000000 00:00 0 
7faff8a27000-7faff8b25000 rw-p 00000000 00:00 0 
7faff8b25000-7faff8b28000 ---p 00000000 00:00 0 
7faff8b28000-7faff8c26000 rw-p 00000000 00:00 0 
7faff8c26000-7faff8c29000 ---p 00000000 00:00 0 
7faff8c29000-7faff8d27000 rw-p 00000000 00:00 0 
7faff8d27000-7faff9000000 r--p 00000000 08:01 11010498                   /usr/lib/locale/locale-archive
7faff9000000-7faffc000000 rw-p 00000000 00:00 0 
7faffc000000-7faffc021000 rw-p 00000000 00:00 0 
7faffc021000-7fb000000000 ---p 00000000 00:00 0 
7fb000000000-7fb000001000 r--s 00006000 08:01 34341849                   /root/.gradle/wrapper/dists/gradle-3.3-all/55gk2rcmfc6p2dg9u9ohc3hw9/gradle-3.3/lib/gradle-wrapper-3.3.jar
7fb000001000-7fb000003000 r--s 00002000 08:01 34341876                   /root/.gradle/wrapper/dists/gradle-3.3-all/55gk2rcmfc6p2dg9u9ohc3hw9/gradle-3.3/lib/gradle-open-api-3.3.jar
7fb000003000-7fb00000e000 r--s 00059000 08:01 34341855                   /root/.gradle/wrapper/dists/gradle-3.3-all/55gk2rcmfc6p2dg9u9ohc3hw9/gradle-3.3/lib/gradle-ui-3.3.jar
7fb00000e000-7fb000017000 r--s 0008c000 08:01 34341847                   /root/.gradle/wrapper/dists/gradle-3.3-all/55gk2rcmfc6p2dg9u9ohc3hw9/gradle-3.3/lib/kotlin-stdlib-1.1-M02.jar
7fb000017000-7fb00001d000 r--s 0002a000 08:01 34341846                   /root/.gradle/wrapper/dists/gradle-3.3-all/55gk2rcmfc6p2dg9u9ohc3hw9/gradle-3.3/lib/kotlin-runtime-1.1-M02.jar
7fb00001d000-7fb000025000 r--s 0004e000 08:01 34341843                   /root/.gradle/wrapper/dists/gradle-3.3-all/55gk2rcmfc6p2dg9u9ohc3hw9/gradle-3.3/lib/gradle-script-kotlin-0.5.1.jar
7fb000025000-7fb000028000 r--s 0000b000 08:01 34341874                   /root/.gradle/wrapper/dists/gradle-3.3-all/55gk2rcmfc6p2dg9u9ohc3hw9/gradle-3.3/lib/gradle-resources-3.3.jar
7fb000028000-7fb00002a000 r--s 00003000 08:01 34341883                   /root/.gradle/wrapper/dists/gradle-3.3-all/55gk2rcmfc6p2dg9u9ohc3hw9/gradle-3.3/lib/jcl-over-slf4j-1.7.10.jar
7fb00002a000-7fb00002b000 r--s 00005000 08:01 34341882                   /root/.gradle/wrapper/dists/gradle-3.3-all/55gk2rcmfc6p2dg9u9ohc3hw9/gradle-3.3/lib/log4j-over-slf4j-1.7.10.jar
7fb00002b000-7fb00002d000 r--s 00000000 08:01 34341881                   /root/.gradle/wrapper/dists/gradle-3.3-all/55gk2rcmfc6p2dg9u9ohc3hw9/gradle-3.3/lib/jul-to-slf4j-1.7.10.jar
7fb00002d000-7fb000032000 r--s 0001e000 08:01 34341858                   /root/.gradle/wrapper/dists/gradle-3.3-all/55gk2rcmfc6p2dg9u9ohc3hw9/gradle-3.3/lib/gradle-logging-3.3.jar
7fb000032000-7fb000034000 r--s 00007000 08:01 34341902                   /root/.gradle/wrapper/dists/gradle-3.3-all/55gk2rcmfc6p2dg9u9ohc3hw9/gradle-3.3/lib/objenesis-1.2.jar
7fb000034000-7fb000036000 r--s 00000000 08:01 34341901                   /root/.gradle/wrapper/dists/gradle-3.3-all/55gk2rcmfc6p2dg9u9ohc3hw9/gradle-3.3/lib/minlog-1.2.jar
7fb000036000-7fb000038000 r--s 0000f000 08:01 34341900                   /root/.gradle/wrapper/dists/gradle-3.3-all/55gk2rcmfc6p2dg9u9ohc3hw9/gradle-3.3/lib/reflectasm-1.07-shaded.jar
7fb000038000-7fb00003c000 r--s 00026000 08:01 34341885                   /root/.gradle/wrapper/dists/gradle-3.3-all/55gk2rcmfc6p2dg9u9ohc3hw9/gradle-3.3/lib/kryo-2.20.jar
7fb00003c000-7fb000042000 r--s 00027000 08:01 34341873                   /root/.gradle/wrapper/dists/gradle-3.3-all/55gk2rcmfc6p2dg9u9ohc3hw9/gradle-3.3/lib/gradle-messaging-3.3.jar
7fb000042000-7fb000043000 r--s 00001000 08:01 34341899                   /root/.gradle/wrapper/dists/gradle-3.3-all/55gk2rcmfc6p2dg9u9ohc3hw9/gradle-3.3/lib/native-platform-linux-i386-ncurses6-0.12.jar
7fb000043000-7fb000044000 r--s 00001000 08:01 34341898                   /root/.gradle/wrapper/dists/gradle-3.3-all/55gk2rcmfc6p2dg9u9ohc3hw9/gradle-3.3/lib/native-platform-linux-i386-ncurses5-0.12.jar
7fb000044000-7fb000045000 r--s 00001000 08:01 34341897                   /root/.gradle/wrapper/dists/gradle-3.3-all/55gk2rcmfc6p2dg9u9ohc3hw9/gradle-3.3/lib/native-platform-linux-amd64-ncurses6-0.12.jar
7fb000045000-7fb000046000 r--s 00001000 08:01 34341896                   /root/.gradle/wrapper/dists/gradle-3.3-all/55gk2rcmfc6p2dg9u9ohc3hw9/gradle-3.3/lib/native-platform-linux-amd64-ncurses5-0.12.jar
7fb000046000-7fb000047000 r--s 0000b000 08:01 34341895                   /root/.gradle/wrapper/dists/gradle-3.3-all/55gk2rcmfc6p2dg9u9ohc3hw9/gradle-3.3/lib/native-platform-windows-i386-0.12.jar
7fb000047000-7fb000049000 r--s 0000b000 08:01 34341894                   /root/.gradle/wrapper/dists/gradle-3.3-all/55gk2rcmfc6p2dg9u9ohc3hw9/gradle-3.3/lib/native-platform-windows-amd64-0.12.jar
7fb000049000-7fb00004b000 r--s 00002000 08:01 34341893                   /root/.gradle/wrapper/dists/gradle-3.3-all/55gk2rcmfc6p2dg9u9ohc3hw9/gradle-3.3/lib/native-platform-osx-i386-0.12.jar
7fb00004b000-7fb00004c000 r--s 00002000 08:01 34341892                   /root/.gradle/wrapper/dists/gradle-3.3-all/55gk2rcmfc6p2dg9u9ohc3hw9/gradle-3.3/lib/native-platform-osx-amd64-0.12.jar
7fb00004c000-7fb00004d000 r--s 00002000 08:01 34341891                   /root/.gradle/wrapper/dists/gradle-3.3-all/55gk2rcmfc6p2dg9u9ohc3hw9/gradle-3.3/lib/native-platform-linux-i386-0.12.jar
7fb00004d000-7fb00004e000 r--s 00002000 08:01 34341890                   /root/.gradle/wrapper/dists/gradle-3.3-all/55gk2rcmfc6p2dg9u9ohc3hw9/gradle-3.3/lib/native-platform-linux-amd64-0.12.jar
7fb00004e000-7fb00004f000 r--s 00003000 08:01 34341889                   /root/.gradle/wrapper/dists/gradle-3.3-all/55gk2rcmfc6p2dg9u9ohc3hw9/gradle-3.3/lib/native-platform-freebsd-i386-libstdcpp-0.12.jar
7fb00004f000-7fb000050000 r--s 00004000 08:01 34341888                   /root/.gradle/wrapper/dists/gradle-3.3-all/55gk2rcmfc6p2dg9u9ohc3hw9/gradle-3.3/lib/native-platform-freebsd-i386-libcpp-0.12.jar
7fb000050000-7fb000052000 r--s 00003000 08:01 34341887                   /root/.gradle/wrapper/dists/gradle-3.3-all/55gk2rcmfc6p2dg9u9ohc3hw9/gradle-3.3/lib/native-platform-freebsd-amd64-libstdcpp-0.12.jar
7fb000052000-7fb000055000 r--s 00023000 08:01 34341880                   /root/.gradle/wrapper/dists/gradle-3.3-all/55gk2rcmfc6p2dg9u9ohc3hw9/gradle-3.3/lib/jansi-1.14.jar
7fb000055000-7fb000059000 r--s 00011000 08:01 34341879                   /root/.gradle/wrapper/dists/gradle-3.3-all/55gk2rcmfc6p2dg9u9ohc3hw9/gradle-3.3/lib/native-platform-0.12.jar
7fb000059000-7fb00005c000 r--s 0000a000 08:01 34341857                   /root/.gradle/wrapper/dists/gradle-3.3-all/55gk2rcmfc6p2dg9u9ohc3hw9/gradle-3.3/lib/gradle-native-3.3.jar
7fb00005c000-7fb00005e000 r--s 00005000 08:01 34341854                   /root/.gradle/wrapper/dists/gradle-3.3-all/55gk2rcmfc6p2dg9u9ohc3hw9/gradle-3.3/lib/gradle-cli-3.3.jar
7fb00005e000-7fb00006d000 r--s 0007f000 08:01 34341864                   /root/.gradle/wrapper/dists/gradle-3.3-all/55gk2rcmfc6p2dg9u9ohc3hw9/gradle-3.3/lib/gradle-model-core-3.3.jar
7fb00006d000-7fb000095000 r--s 001cf000 08:01 34341860                   /root/.gradle/wrapper/dists/gradle-3.3-all/55gk2rcmfc6p2dg9u9ohc3hw9/gradle-3.3/lib/guava-jdk5-17.0.jar
7fb000095000-7fb0000b4000 r--s 001d1000 08:01 34341867                   /root/.gradle/wrapper/dists/gradle-3.3-all/55gk2rcmfc6p2dg9u9ohc3hw9/gradle-3.3/lib/ant-1.9.6.jar
7fb0000b4000-7fb0000f1000 r--s 001f8000 08:01 34341853                   /root/.gradle/wrapper/dists/gradle-3.3-all/55gk2rcmfc6p2dg9u9ohc3hw9/gradle-3.3/lib/gradle-core-3.3.jar
7fb0000f1000-7fb0000f4000 ---p 00000000 00:00 0 
7fb0000f4000-7fb0001f2000 rw-p 00000000 00:00 0 
7fb0001f2000-7fb0001f5000 ---p 00000000 00:00 0 
7fb0001f5000-7fb0002f3000 rw-p 00000000 00:00 0 
7fb0002f3000-7fb0002f6000 ---p 00000000 00:00 0 
7fb0002f6000-7fb0003f4000 rw-p 00000000 00:00 0 
7fb0003f4000-7fb0003f5000 ---p 00000000 00:00 0 
7fb0003f5000-7fb001000000 rw-p 00000000 00:00 0 
7fb001000000-7fb001740000 rwxp 00000000 00:00 0 
7fb001740000-7fb010000000 ---p 00000000 00:00 0 
7fb010000000-7fb010cc6000 rw-p 00000000 00:00 0 
7fb010cc6000-7fb014000000 ---p 00000000 00:00 0 
7fb014000000-7fb014001000 r--s 00004000 08:01 34341886                   /root/.gradle/wrapper/dists/gradle-3.3-all/55gk2rcmfc6p2dg9u9ohc3hw9/gradle-3.3/lib/native-platform-freebsd-amd64-libcpp-0.12.jar
7fb014001000-7fb014003000 r--s 00007000 08:01 34341865                   /root/.gradle/wrapper/dists/gradle-3.3-all/55gk2rcmfc6p2dg9u9ohc3hw9/gradle-3.3/lib/gradle-model-groovy-3.3.jar
7fb014003000-7fb014005000 r--s 00006000 08:01 34341872                   /root/.gradle/wrapper/dists/gradle-3.3-all/55gk2rcmfc6p2dg9u9ohc3hw9/gradle-3.3/lib/gradle-base-services-groovy-3.3.jar
7fb014005000-7fb014006000 r--s 00002000 08:01 34341875                   /root/.gradle/wrapper/dists/gradle-3.3-all/55gk2rcmfc6p2dg9u9ohc3hw9/gradle-3.3/lib/gradle-docs-3.3.jar
7fb014006000-7fb014013000 r--s 00083000 08:01 34341868                   /root/.gradle/wrapper/dists/gradle-3.3-all/55gk2rcmfc6p2dg9u9ohc3hw9/gradle-3.3/lib/commons-collections-3.2.2.jar
7fb014013000-7fb0144ea000 rw-p 00000000 00:00 0 
7fb0144ea000-7fb0146c3000 r--s 03d3e000 08:01 11144026                   /usr/local/java/jdk1.8.0_121/jre/lib/rt.jar
7fb0146c3000-7fb015239000 rw-p 00000000 00:00 0 
7fb015239000-7fb01523a000 ---p 00000000 00:00 0 
7fb01523a000-7fb01533a000 rw-p 00000000 00:00 0 
7fb01533a000-7fb01533b000 ---p 00000000 00:00 0 
7fb01533b000-7fb01543b000 rw-p 00000000 00:00 0 
7fb01543b000-7fb01543c000 ---p 00000000 00:00 0 
7fb01543c000-7fb01553c000 rw-p 00000000 00:00 0 
7fb01553c000-7fb01553d000 ---p 00000000 00:00 0 
7fb01553d000-7fb015653000 rw-p 00000000 00:00 0 
7fb015653000-7fb01583d000 ---p 00000000 00:00 0 
7fb01583d000-7fb015853000 rw-p 00000000 00:00 0 
7fb015853000-7fb015a3d000 ---p 00000000 00:00 0 
7fb015a3d000-7fb015a57000 rw-p 00000000 00:00 0 
7fb015a57000-7fb015b3d000 ---p 00000000 00:00 0 
7fb015b3d000-7fb015b5b000 rw-p 00000000 00:00 0 
7fb015b5b000-7fb015efe000 ---p 00000000 00:00 0 
7fb015efe000-7fb015f18000 r-xp 00000000 08:01 11144057                   /usr/local/java/jdk1.8.0_121/jre/lib/amd64/libzip.so
7fb015f18000-7fb016118000 ---p 0001a000 08:01 11144057                   /usr/local/java/jdk1.8.0_121/jre/lib/amd64/libzip.so
7fb016118000-7fb016119000 rw-p 0001a000 08:01 11144057                   /usr/local/java/jdk1.8.0_121/jre/lib/amd64/libzip.so
7fb016119000-7fb016124000 r-xp 00000000 08:01 4981284                    /lib/x86_64-linux-gnu/libnss_files-2.23.so
7fb016124000-7fb016323000 ---p 0000b000 08:01 4981284                    /lib/x86_64-linux-gnu/libnss_files-2.23.so
7fb016323000-7fb016324000 r--p 0000a000 08:01 4981284                    /lib/x86_64-linux-gnu/libnss_files-2.23.so
7fb016324000-7fb016325000 rw-p 0000b000 08:01 4981284                    /lib/x86_64-linux-gnu/libnss_files-2.23.so
7fb016325000-7fb01632b000 rw-p 00000000 00:00 0 
7fb01632b000-7fb016336000 r-xp 00000000 08:01 4981297                    /lib/x86_64-linux-gnu/libnss_nis-2.23.so
7fb016336000-7fb016535000 ---p 0000b000 08:01 4981297                    /lib/x86_64-linux-gnu/libnss_nis-2.23.so
7fb016535000-7fb016536000 r--p 0000a000 08:01 4981297                    /lib/x86_64-linux-gnu/libnss_nis-2.23.so
7fb016536000-7fb016537000 rw-p 0000b000 08:01 4981297                    /lib/x86_64-linux-gnu/libnss_nis-2.23.so
7fb016537000-7fb01654d000 r-xp 00000000 08:01 4981104                    /lib/x86_64-linux-gnu/libnsl-2.23.so
7fb01654d000-7fb01674c000 ---p 00016000 08:01 4981104                    /lib/x86_64-linux-gnu/libnsl-2.23.so
7fb01674c000-7fb01674d000 r--p 00015000 08:01 4981104                    /lib/x86_64-linux-gnu/libnsl-2.23.so
7fb01674d000-7fb01674e000 rw-p 00016000 08:01 4981104                    /lib/x86_64-linux-gnu/libnsl-2.23.so
7fb01674e000-7fb016750000 rw-p 00000000 00:00 0 
7fb016750000-7fb016758000 r-xp 00000000 08:01 4981312                    /lib/x86_64-linux-gnu/libnss_compat-2.23.so
7fb016758000-7fb016957000 ---p 00008000 08:01 4981312                    /lib/x86_64-linux-gnu/libnss_compat-2.23.so
7fb016957000-7fb016958000 r--p 00007000 08:01 4981312                    /lib/x86_64-linux-gnu/libnss_compat-2.23.so
7fb016958000-7fb016959000 rw-p 00008000 08:01 4981312                    /lib/x86_64-linux-gnu/libnss_compat-2.23.so
7fb016959000-7fb016984000 r-xp 00000000 08:01 11144613                   /usr/local/java/jdk1.8.0_121/jre/lib/amd64/libjava.so
7fb016984000-7fb016b83000 ---p 0002b000 08:01 11144613                   /usr/local/java/jdk1.8.0_121/jre/lib/amd64/libjava.so
7fb016b83000-7fb016b85000 rw-p 0002a000 08:01 11144613                   /usr/local/java/jdk1.8.0_121/jre/lib/amd64/libjava.so
7fb016b85000-7fb016b92000 r-xp 00000000 08:01 11144035                   /usr/local/java/jdk1.8.0_121/jre/lib/amd64/libverify.so
7fb016b92000-7fb016d91000 ---p 0000d000 08:01 11144035                   /usr/local/java/jdk1.8.0_121/jre/lib/amd64/libverify.so
7fb016d91000-7fb016d93000 rw-p 0000c000 08:01 11144035                   /usr/local/java/jdk1.8.0_121/jre/lib/amd64/libverify.so
7fb016d93000-7fb016d9a000 r-xp 00000000 08:01 4981304                    /lib/x86_64-linux-gnu/librt-2.23.so
7fb016d9a000-7fb016f99000 ---p 00007000 08:01 4981304                    /lib/x86_64-linux-gnu/librt-2.23.so
7fb016f99000-7fb016f9a000 r--p 00006000 08:01 4981304                    /lib/x86_64-linux-gnu/librt-2.23.so
7fb016f9a000-7fb016f9b000 rw-p 00007000 08:01 4981304                    /lib/x86_64-linux-gnu/librt-2.23.so
7fb016f9b000-7fb0170a3000 r-xp 00000000 08:01 4981325                    /lib/x86_64-linux-gnu/libm-2.23.so
7fb0170a3000-7fb0172a2000 ---p 00108000 08:01 4981325                    /lib/x86_64-linux-gnu/libm-2.23.so
7fb0172a2000-7fb0172a3000 r--p 00107000 08:01 4981325                    /lib/x86_64-linux-gnu/libm-2.23.so
7fb0172a3000-7fb0172a4000 rw-p 00108000 08:01 4981325                    /lib/x86_64-linux-gnu/libm-2.23.so
7fb0172a4000-7fb017f72000 r-xp 00000000 08:01 11144883                   /usr/local/java/jdk1.8.0_121/jre/lib/amd64/server/libjvm.so
7fb017f72000-7fb018172000 ---p 00cce000 08:01 11144883                   /usr/local/java/jdk1.8.0_121/jre/lib/amd64/server/libjvm.so
7fb018172000-7fb01824b000 rw-p 00cce000 08:01 11144883                   /usr/local/java/jdk1.8.0_121/jre/lib/amd64/server/libjvm.so
7fb01824b000-7fb018296000 rw-p 00000000 00:00 0 
7fb018296000-7fb018456000 r-xp 00000000 08:01 4981335                    /lib/x86_64-linux-gnu/libc-2.23.so
7fb018456000-7fb018656000 ---p 001c0000 08:01 4981335                    /lib/x86_64-linux-gnu/libc-2.23.so
7fb018656000-7fb01865a000 r--p 001c0000 08:01 4981335                    /lib/x86_64-linux-gnu/libc-2.23.so
7fb01865a000-7fb01865c000 rw-p 001c4000 08:01 4981335                    /lib/x86_64-linux-gnu/libc-2.23.so
7fb01865c000-7fb018660000 rw-p 00000000 00:00 0 
7fb018660000-7fb018663000 r-xp 00000000 08:01 4981310                    /lib/x86_64-linux-gnu/libdl-2.23.so
7fb018663000-7fb018862000 ---p 00003000 08:01 4981310                    /lib/x86_64-linux-gnu/libdl-2.23.so
7fb018862000-7fb018863000 r--p 00002000 08:01 4981310                    /lib/x86_64-linux-gnu/libdl-2.23.so
7fb018863000-7fb018864000 rw-p 00003000 08:01 4981310                    /lib/x86_64-linux-gnu/libdl-2.23.so
7fb018864000-7fb018879000 r-xp 00000000 08:01 11020813                   /usr/local/java/jdk1.8.0_121/lib/amd64/jli/libjli.so
7fb018879000-7fb018a79000 ---p 00015000 08:01 11020813                   /usr/local/java/jdk1.8.0_121/lib/amd64/jli/libjli.so
7fb018a79000-7fb018a7a000 rw-p 00015000 08:01 11020813                   /usr/local/java/jdk1.8.0_121/lib/amd64/jli/libjli.so
7fb018a7a000-7fb018a92000 r-xp 00000000 08:01 4981295                    /lib/x86_64-linux-gnu/libpthread-2.23.so
7fb018a92000-7fb018c91000 ---p 00018000 08:01 4981295                    /lib/x86_64-linux-gnu/libpthread-2.23.so
7fb018c91000-7fb018c92000 r--p 00017000 08:01 4981295                    /lib/x86_64-linux-gnu/libpthread-2.23.so
7fb018c92000-7fb018c93000 rw-p 00018000 08:01 4981295                    /lib/x86_64-linux-gnu/libpthread-2.23.so
7fb018c93000-7fb018c97000 rw-p 00000000 00:00 0 
7fb018c97000-7fb018cbd000 r-xp 00000000 08:01 4981106                    /lib/x86_64-linux-gnu/ld-2.23.so
7fb018cbd000-7fb018cbe000 r--s 00000000 08:01 34341871                   /root/.gradle/wrapper/dists/gradle-3.3-all/55gk2rcmfc6p2dg9u9ohc3hw9/gradle-3.3/lib/javax.inject-1.jar
7fb018cbe000-7fb018cbf000 r--s 00000000 08:01 34341870                   /root/.gradle/wrapper/dists/gradle-3.3-all/55gk2rcmfc6p2dg9u9ohc3hw9/gradle-3.3/lib/jcip-annotations-1.0.jar
7fb018cbf000-7fb018cc3000 r--s 00027000 08:01 34341869                   /root/.gradle/wrapper/dists/gradle-3.3-all/55gk2rcmfc6p2dg9u9ohc3hw9/gradle-3.3/lib/commons-io-2.2.jar
7fb018cc3000-7fb018cc8000 r--s 00038000 08:01 34341866                   /root/.gradle/wrapper/dists/gradle-3.3-all/55gk2rcmfc6p2dg9u9ohc3hw9/gradle-3.3/lib/asm-all-5.1.jar
7fb018cc8000-7fb018cc9000 r--s 00001000 08:01 34341862                   /root/.gradle/wrapper/dists/gradle-3.3-all/55gk2rcmfc6p2dg9u9ohc3hw9/gradle-3.3/lib/gradle-process-services-3.3.jar
7fb018cc9000-7fb018cce000 r--s 00041000 08:01 34341861                   /root/.gradle/wrapper/dists/gradle-3.3-all/55gk2rcmfc6p2dg9u9ohc3hw9/gradle-3.3/lib/commons-lang-2.6.jar
7fb018cce000-7fb018cd7000 r--s 00042000 08:01 34341851                   /root/.gradle/wrapper/dists/gradle-3.3-all/55gk2rcmfc6p2dg9u9ohc3hw9/gradle-3.3/lib/gradle-base-services-3.3.jar
7fb018cd7000-7fb018d99000 rw-p 00000000 00:00 0 
7fb018d99000-7fb018d9c000 ---p 00000000 00:00 0 
7fb018d9c000-7fb018e9e000 rw-p 00000000 00:00 0 
7fb018e9e000-7fb018ea0000 r--s 00000000 08:01 34341852                   /root/.gradle/wrapper/dists/gradle-3.3-all/55gk2rcmfc6p2dg9u9ohc3hw9/gradle-3.3/lib/gradle-jvm-services-3.3.jar
7fb018ea0000-7fb018ea1000 r--s 00000000 08:01 34342017                   /root/.gradle/wrapper/dists/gradle-3.3-all/55gk2rcmfc6p2dg9u9ohc3hw9/gradle-3.3/lib/gradle-version-info-3.3.jar
7fb018ea1000-7fb018ea2000 r--s 00007000 08:01 34341859                   /root/.gradle/wrapper/dists/gradle-3.3-all/55gk2rcmfc6p2dg9u9ohc3hw9/gradle-3.3/lib/slf4j-api-1.7.10.jar
7fb018ea2000-7fb018ea3000 r--s 00004000 08:01 34341884                   /root/.gradle/wrapper/dists/gradle-3.3-all/55gk2rcmfc6p2dg9u9ohc3hw9/gradle-3.3/lib/ant-launcher-1.9.6.jar
7fb018ea3000-7fb018eb0000 r--s 0005c000 08:01 34341848                   /root/.gradle/wrapper/dists/gradle-3.3-all/55gk2rcmfc6p2dg9u9ohc3hw9/gradle-3.3/lib/gradle-launcher-3.3.jar
7fb018eb0000-7fb018eb8000 rw-s 00000000 08:01 786544                     /tmp/hsperfdata_root/3822
7fb018eb8000-7fb018eb9000 rw-p 00000000 00:00 0 
7fb018eb9000-7fb018eba000 r--p 00000000 00:00 0 
7fb018eba000-7fb018ebc000 rw-p 00000000 00:00 0 
7fb018ebc000-7fb018ebd000 r--p 00025000 08:01 4981106                    /lib/x86_64-linux-gnu/ld-2.23.so
7fb018ebd000-7fb018ebe000 rw-p 00026000 08:01 4981106                    /lib/x86_64-linux-gnu/ld-2.23.so
7fb018ebe000-7fb018ebf000 rw-p 00000000 00:00 0 
7fff329fd000-7fff32a1e000 rw-p 00000000 00:00 0                          [stack]
7fff32b43000-7fff32b45000 r--p 00000000 00:00 0                          [vvar]
7fff32b45000-7fff32b47000 r-xp 00000000 00:00 0                          [vdso]
ffffffffff600000-ffffffffff601000 r-xp 00000000 00:00 0                  [vsyscall]

VM Arguments:
jvm_args: -Xmx1536m -Dfile.encoding=UTF-8 -Duser.country=US -Duser.language=en -Duser.variant 
java_command: org.gradle.launcher.daemon.bootstrap.GradleDaemon 3.3
java_class_path (initial): /root/.gradle/wrapper/dists/gradle-3.3-all/55gk2rcmfc6p2dg9u9ohc3hw9/gradle-3.3/lib/gradle-launcher-3.3.jar
Launcher Type: SUN_STANDARD

Environment Variables:
JAVA_HOME=/usr/local/java/jdk1.8.0_121/
PATH=/usr/local/sbin:/usr/local/bin:/usr/sbin:/usr/bin:/sbin:/bin:/snap/bin
USERNAME=root
LD_LIBRARY_PATH=/opt/android-studio/bin:
SHELL=/bin/bash
DISPLAY=:0

Signal Handlers:
SIGSEGV: [libjvm.so+0xac78c0], sa_mask[0]=11111111011111111101111111111110, sa_flags=SA_RESTART|SA_SIGINFO
SIGBUS: [libjvm.so+0xac78c0], sa_mask[0]=11111111011111111101111111111110, sa_flags=SA_RESTART|SA_SIGINFO
SIGFPE: [libjvm.so+0x920ac0], sa_mask[0]=11111111011111111101111111111110, sa_flags=SA_RESTART|SA_SIGINFO
SIGPIPE: [libjvm.so+0x920ac0], sa_mask[0]=11111111011111111101111111111110, sa_flags=SA_RESTART|SA_SIGINFO
SIGXFSZ: [libjvm.so+0x920ac0], sa_mask[0]=11111111011111111101111111111110, sa_flags=SA_RESTART|SA_SIGINFO
SIGILL: [libjvm.so+0x920ac0], sa_mask[0]=11111111011111111101111111111110, sa_flags=SA_RESTART|SA_SIGINFO
SIGUSR1: SIG_DFL, sa_mask[0]=00000000000000000000000000000000, sa_flags=none
SIGUSR2: [libjvm.so+0x922300], sa_mask[0]=00100000000000000000000000000000, sa_flags=SA_RESTART|SA_SIGINFO
SIGHUP: [libjvm.so+0x923700], sa_mask[0]=11111111011111111101111111111110, sa_flags=SA_RESTART|SA_SIGINFO
SIGINT: [libjvm.so+0x923700], sa_mask[0]=11111111011111111101111111111110, sa_flags=SA_RESTART|SA_SIGINFO
SIGTERM: [libjvm.so+0x923700], sa_mask[0]=11111111011111111101111111111110, sa_flags=SA_RESTART|SA_SIGINFO
SIGQUIT: [libjvm.so+0x923700], sa_mask[0]=11111111011111111101111111111110, sa_flags=SA_RESTART|SA_SIGINFO


---------------  S Y S T E M  ---------------

OS:DISTRIB_ID=Ubuntu
DISTRIB_RELEASE=16.04
DISTRIB_CODENAME=xenial
DISTRIB_DESCRIPTION="Ubuntu 16.04.2 LTS"

uname:Linux 4.4.0-92-generic #115-Ubuntu SMP Thu Aug 10 09:04:33 UTC 2017 x86_64
libc:glibc 2.23 NPTL 2.23 
rlimit: STACK 8192k, CORE 0k, NPROC 31512, NOFILE 1048576, AS infinity
load average:1.83 1.65 1.10

/proc/meminfo:
MemTotal:        8107664 kB
MemFree:         3992168 kB
MemAvailable:    5370984 kB
Buffers:          169408 kB
Cached:          1613608 kB
SwapCached:            0 kB
Active:          2735708 kB
Inactive:        1070552 kB
Active(anon):    2036264 kB
Inactive(anon):   231596 kB
Active(file):     699444 kB
Inactive(file):   838956 kB
Unevictable:          48 kB
Mlocked:              48 kB
SwapTotal:       8319996 kB
SwapFree:        8319996 kB
Dirty:             10576 kB
Writeback:             0 kB
AnonPages:       2023292 kB
Mapped:           546604 kB
Shmem:            244564 kB
Slab:             169396 kB
SReclaimable:     127840 kB
SUnreclaim:        41556 kB
KernelStack:       12304 kB
PageTables:        52148 kB
NFS_Unstable:          0 kB
Bounce:                0 kB
WritebackTmp:          0 kB
CommitLimit:    12373828 kB
Committed_AS:    7086888 kB
VmallocTotal:   34359738367 kB
VmallocUsed:           0 kB
VmallocChunk:          0 kB
HardwareCorrupted:     0 kB
AnonHugePages:    778240 kB
CmaTotal:              0 kB
CmaFree:               0 kB
HugePages_Total:       0
HugePages_Free:        0
HugePages_Rsvd:        0
HugePages_Surp:        0
Hugepagesize:       2048 kB
DirectMap4k:      166592 kB
DirectMap2M:     6057984 kB
DirectMap1G:     3145728 kB


CPU:total 4 (2 cores per cpu, 2 threads per core) family 6 model 69 stepping 1, cmov, cx8, fxsr, mmx, sse, sse2, sse3, ssse3, sse4.1, sse4.2, popcnt, avx, avx2, aes, clmul, erms, lzcnt, ht, tsc, tscinvbit, bmi1, bmi2

/proc/cpuinfo:
processor	: 0
vendor_id	: GenuineIntel
cpu family	: 6
model		: 69
model name	: Intel(R) Core(TM) i5-4200U CPU @ 1.60GHz
stepping	: 1
microcode	: 0x16
cpu MHz		: 2300.000
cache size	: 3072 KB
physical id	: 0
siblings	: 4
core id		: 0
cpu cores	: 2
apicid		: 0
initial apicid	: 0
fpu		: yes
fpu_exception	: yes
cpuid level	: 13
wp		: yes
flags		: fpu vme de pse tsc msr pae mce cx8 apic sep mtrr pge mca cmov pat pse36 clflush dts acpi mmx fxsr sse sse2 ss ht tm pbe syscall nx pdpe1gb rdtscp lm constant_tsc arch_perfmon pebs bts rep_good nopl xtopology nonstop_tsc aperfmperf eagerfpu pni pclmulqdq dtes64 monitor ds_cpl vmx est tm2 ssse3 sdbg fma cx16 xtpr pdcm pcid sse4_1 sse4_2 movbe popcnt tsc_deadline_timer aes xsave avx f16c rdrand lahf_lm abm epb tpr_shadow vnmi flexpriority ept vpid fsgsbase tsc_adjust bmi1 avx2 smep bmi2 erms invpcid xsaveopt dtherm ida arat pln pts
bugs		:
bogomips	: 4589.41
clflush size	: 64
cache_alignment	: 64
address sizes	: 39 bits physical, 48 bits virtual
power management:

processor	: 1
vendor_id	: GenuineIntel
cpu family	: 6
model		: 69
model name	: Intel(R) Core(TM) i5-4200U CPU @ 1.60GHz
stepping	: 1
microcode	: 0x16
cpu MHz		: 2299.910
cache size	: 3072 KB
physical id	: 0
siblings	: 4
core id		: 0
cpu cores	: 2
apicid		: 1
initial apicid	: 1
fpu		: yes
fpu_exception	: yes
cpuid level	: 13
wp		: yes
flags		: fpu vme de pse tsc msr pae mce cx8 apic sep mtrr pge mca cmov pat pse36 clflush dts acpi mmx fxsr sse sse2 ss ht tm pbe syscall nx pdpe1gb rdtscp lm constant_tsc arch_perfmon pebs bts rep_good nopl xtopology nonstop_tsc aperfmperf eagerfpu pni pclmulqdq dtes64 monitor ds_cpl vmx est tm2 ssse3 sdbg fma cx16 xtpr pdcm pcid sse4_1 sse4_2 movbe popcnt tsc_deadline_timer aes xsave avx f16c rdrand lahf_lm abm epb tpr_shadow vnmi flexpriority ept vpid fsgsbase tsc_adjust bmi1 avx2 smep bmi2 erms invpcid xsaveopt dtherm ida arat pln pts
bugs		:
bogomips	: 4589.41
clflush size	: 64
cache_alignment	: 64
address sizes	: 39 bits physical, 48 bits virtual
power management:

processor	: 2
vendor_id	: GenuineIntel
cpu family	: 6
model		: 69
model name	: Intel(R) Core(TM) i5-4200U CPU @ 1.60GHz
stepping	: 1
microcode	: 0x16
cpu MHz		: 2375.468
cache size	: 3072 KB
physical id	: 0
siblings	: 4
core id		: 1
cpu cores	: 2
apicid		: 2
initial apicid	: 2
fpu		: yes
fpu_exception	: yes
cpuid level	: 13
wp		: yes
flags		: fpu vme de pse tsc msr pae mce cx8 apic sep mtrr pge mca cmov pat pse36 clflush dts acpi mmx fxsr sse sse2 ss ht tm pbe syscall nx pdpe1gb rdtscp lm constant_tsc arch_perfmon pebs bts rep_good nopl xtopology nonstop_tsc aperfmperf eagerfpu pni pclmulqdq dtes64 monitor ds_cpl vmx est tm2 ssse3 sdbg fma cx16 xtpr pdcm pcid sse4_1 sse4_2 movbe popcnt tsc_deadline_timer aes xsave avx f16c rdrand lahf_lm abm epb tpr_shadow vnmi flexpriority ept vpid fsgsbase tsc_adjust bmi1 avx2 smep bmi2 erms invpcid xsaveopt dtherm ida arat pln pts
bugs		:
bogomips	: 4589.41
clflush size	: 64
cache_alignment	: 64
address sizes	: 39 bits physical, 48 bits virtual
power management:

processor	: 3
vendor_id	: GenuineIntel
cpu family	: 6
model		: 69
model name	: Intel(R) Core(TM) i5-4200U CPU @ 1.60GHz
stepping	: 1
microcode	: 0x16
cpu MHz		: 2299.910
cache size	: 3072 KB
physical id	: 0
siblings	: 4
core id		: 1
cpu cores	: 2
apicid		: 3
initial apicid	: 3
fpu		: yes
fpu_exception	: yes
cpuid level	: 13
wp		: yes
flags		: fpu vme de pse tsc msr pae mce cx8 apic sep mtrr pge mca cmov pat pse36 clflush dts acpi mmx fxsr sse sse2 ss ht tm pbe syscall nx pdpe1gb rdtscp lm constant_tsc arch_perfmon pebs bts rep_good nopl xtopology nonstop_tsc aperfmperf eagerfpu pni pclmulqdq dtes64 monitor ds_cpl vmx est tm2 ssse3 sdbg fma cx16 xtpr pdcm pcid sse4_1 sse4_2 movbe popcnt tsc_deadline_timer aes xsave avx f16c rdrand lahf_lm abm epb tpr_shadow vnmi flexpriority ept vpid fsgsbase tsc_adjust bmi1 avx2 smep bmi2 erms invpcid xsaveopt dtherm ida arat pln pts
bugs		:
bogomips	: 4589.41
clflush size	: 64
cache_alignment	: 64
address sizes	: 39 bits physical, 48 bits virtual
power management:



Memory: 4k page, physical 8107664k(3992168k free), swap 8319996k(8319996k free)

vm_info: Java HotSpot(TM) 64-Bit Server VM (25.121-b13) for linux-amd64 JRE (1.8.0_121-b13), built on Dec 12 2016 16:36:53 by "java_re" with gcc 4.3.0 20080428 (Red Hat 4.3.0-8)

time: Wed Sep  6 01:14:21 2017
elapsed time: 23 seconds (0d 0h 0m 23s)

