#
# A fatal error has been detected by the Java Runtime Environment:
#
#  SIGSEGV (0xb) at pc=0x00007f96fbfe325a, pid=3424, tid=0x00007f96e151e700
#
# JRE version: Java(TM) SE Runtime Environment (8.0_121-b13) (build 1.8.0_121-b13)
# Java VM: Java HotSpot(TM) 64-Bit Server VM (25.121-b13 mixed mode linux-amd64 compressed oops)
# Problematic frame:
# V  [libjvm.so+0x63c25a]  IndexSet::free_block(unsigned int)+0x4a
#
# Failed to write core dump. Core dumps have been disabled. To enable core dumping, try "ulimit -c unlimited" before starting Java again
#
# If you would like to submit a bug report, please visit:
#   http://bugreport.java.com/bugreport/crash.jsp
#

---------------  T H R E A D  ---------------

Current thread (0x00007f96f40b9000):  JavaThread "C2 CompilerThread0" daemon [_thread_in_native, id=3436, stack(0x00007f96e141e000,0x00007f96e151f000)]

siginfo: si_signo: 11 (SIGSEGV), si_code: 1 (SEGV_MAPERR), si_addr: 0x0000000000000010

Registers:
RAX=0x00007f96c14b2fe0, RBX=0x0000000000000000, RCX=0x00007f96fd3942c0, RDX=0x00007f96e151ea20
RSP=0x00007f96e151a6d0, RBP=0x00007f96e151a6f0, RSI=0x0000000000000001, RDI=0x0000000000000010
R8 =0x00007f96e151a8d0, R9 =0x00007f96c0309c70, R10=0x0000000000000000, R11=0x00007f96e151a770
R12=0x00007f96fc9311a0, R13=0x0000000000000010, R14=0x00007f96c0318130, R15=0x000000000000016e
RIP=0x00007f96fbfe325a, EFLAGS=0x0000000000010246, CSGSFS=0x0000000000000033, ERR=0x0000000000000006
  TRAPNO=0x000000000000000e

Top of Stack: (sp=0x00007f96e151a6d0)
0x00007f96e151a6d0:   0000000000000000 00007f96c0318130
0x00007f96e151a6e0:   00007f96fc95e2c0 00007f96e151a8d0
0x00007f96e151a6f0:   00007f96e151a7c0 00007f96fc1a5627
0x00007f96e151a700:   00007f96e151a730 00007f96c0309d10
0x00007f96e151a710:   0000000000000010 00007f96e151a770
0x00007f96e151a720:   00007f96fc9311a0 0000000000000f8f
0x00007f96e151a730:   00007f96b8126f50 0000007d00000001
0x00007f96e151a740:   00007f96b49662b0 00007f96b496cf40
0x00007f96e151a750:   00007f96b496e298 00007f96f40b9bb0
0x00007f96e151a760:   000000000015d118 0000016eb8ac3660
0x00007f96e151a770:   00007f96fc913710 00007f96f40b9bb0
0x00007f96e151a780:   00007f9600000020 00007f96b8129fe0
0x00007f96e151a790:   00007f96e151c158 00007f96fc95e2c0
0x00007f96e151a7a0:   000000000000071f 0000000000000060
0x00007f96e151a7b0:   00007f96e151c158 000000000000071f
0x00007f96e151a7c0:   00007f96e151aa30 00007f96fbdb5c85
0x00007f96e151a7d0:   00007f96b478a610 00007f96e151a970
0x00007f96e151a7e0:   00007f96e151a930 00007f96e151a810
0x00007f96e151a7f0:   00007f96e151a8d0 00007f96e151a9a0
0x00007f96e151a800:   00007f96e151c070 0000000c00000389
0x00007f96e151a810:   00007f96fc8fc210 00007f960000000d
0x00007f96e151a820:   00007f96e151cf00 00007f96e151c070
0x00007f96e151a830:   00007f9600001838 00007f96e151a8b0
0x00007f96e151a840:   00007f96e151a8b0 00007f96b8ac3670
0x00007f96e151a850:   00007f96e151a920 00007f96f4007290
0x00007f96e151a860:   00007f96e151a920 00007f96fc41d9f6
0x00007f96e151a870:   0000000000007fe8 00007f96fc41d947
0x00007f96e151a880:   00007f96e151a8f0 00007f96fbc88f65
0x00007f96e151a890:   00007f96e151a8f0 00007f96fbc8721b
0x00007f96e151a8a0:   0000000000005e68 00007f96e151c1a0
0x00007f96e151a8b0:   00007f96f4007290 00007f96fc41d9f6
0x00007f96e151a8c0:   00007f96e151a920 00007f96f40b9bb0 

Instructions: (pc=0x00007f96fbfe325a)
0x00007f96fbfe323a:   3c 24 4c 8b 2c d8 e8 5b 21 be ff 48 8b 80 d0 03
0x00007f96fbfe324a:   00 00 48 8b 80 88 00 00 00 48 8b 80 f0 07 00 00
0x00007f96fbfe325a:   49 89 45 00 41 8b 3c 24 e8 39 21 be ff 48 8b 80
0x00007f96fbfe326a:   d0 03 00 00 48 8d 15 4b b0 97 00 48 8b 80 88 00 

Register to memory mapping:

RAX=0x00007f96c14b2fe0 is an unknown value
RBX=0x0000000000000000 is an unknown value
RCX=0x00007f96fd3942c0: <offset 0x2182c0> in /lib/x86_64-linux-gnu/libpthread.so.0 at 0x00007f96fd17c000
RDX=0x00007f96e151ea20 is pointing into the stack for thread: 0x00007f96f40b9000
RSP=0x00007f96e151a6d0 is pointing into the stack for thread: 0x00007f96f40b9000
RBP=0x00007f96e151a6f0 is pointing into the stack for thread: 0x00007f96f40b9000
RSI=0x0000000000000001 is an unknown value
RDI=0x0000000000000010 is an unknown value
R8 =0x00007f96e151a8d0 is pointing into the stack for thread: 0x00007f96f40b9000
R9 =0x00007f96c0309c70 is an unknown value
R10=0x0000000000000000 is an unknown value
R11=0x00007f96e151a770 is pointing into the stack for thread: 0x00007f96f40b9000
R12=0x00007f96fc9311a0: <offset 0xf8a1a0> in /usr/local/java/jdk1.8.0_121/jre/lib/amd64/server/libjvm.so at 0x00007f96fb9a7000
R13=0x0000000000000010 is an unknown value
R14=0x00007f96c0318130 is an unknown value
R15=0x000000000000016e is an unknown value


Stack: [0x00007f96e141e000,0x00007f96e151f000],  sp=0x00007f96e151a6d0,  free space=1009k
Native frames: (J=compiled Java code, j=interpreted, Vv=VM code, C=native code)
V  [libjvm.so+0x63c25a]  IndexSet::free_block(unsigned int)+0x4a
V  [libjvm.so+0x7fe627]  PhaseLive::compute(unsigned int)+0x8e7
V  [libjvm.so+0x40ec85]  PhaseChaitin::Register_Allocate()+0x8c5
V  [libjvm.so+0x4a30e0]  Compile::Code_Gen()+0x260
V  [libjvm.so+0x4a5961]  Compile::Compile(ciEnv*, C2Compiler*, ciMethod*, int, bool, bool, bool)+0x14b1
V  [libjvm.so+0x3f2615]  C2Compiler::compile_method(ciEnv*, ciMethod*, int)+0x1f5
V  [libjvm.so+0x4afeaa]  CompileBroker::invoke_compiler_on_method(CompileTask*)+0xc9a
V  [libjvm.so+0x4b0e56]  CompileBroker::compiler_thread_loop()+0x5d6
V  [libjvm.so+0xa75543]  JavaThread::thread_main_inner()+0x103
V  [libjvm.so+0xa7568c]  JavaThread::run()+0x11c
V  [libjvm.so+0x926268]  java_start(Thread*)+0x108
C  [libpthread.so.0+0x76ba]  start_thread+0xca


Current CompileTask:
C2:   7509 3107   !   4       java.net.URL::<init> (543 bytes)


---------------  P R O C E S S  ---------------

Java Threads: ( => current thread )
  0x00007f968cadd800 JavaThread "pool-2-thread-1" [_thread_blocked, id=3455, stack(0x00007f96a97af000,0x00007f96a98b0000)]
  0x00007f968cb52000 JavaThread "process reaper" daemon [_thread_blocked, id=3453, stack(0x00007f96aa4d1000,0x00007f96aa50a000)]
  0x00007f968c2f0800 JavaThread "File lock request listener" [_thread_in_native, id=3451, stack(0x00007f96aa9d1000,0x00007f96aaad2000)]
  0x00007f968c007800 JavaThread "Stdin handler" [_thread_blocked, id=3450, stack(0x00007f96aad4c000,0x00007f96aae4d000)]
  0x00007f968c00a000 JavaThread "Asynchronous log dispatcher for DefaultDaemonConnection: socket connection from /127.0.0.1:44942 to /127.0.0.1:33100" [_thread_blocked, id=3449, stack(0x00007f96aae4d000,0x00007f96aaf4e000)]
  0x00007f96a0007800 JavaThread "Daemon worker" [_thread_in_Java, id=3446, stack(0x00007f96aaf4e000,0x00007f96ab04f000)]
  0x00007f96a0004000 JavaThread "Cancel handler" [_thread_blocked, id=3445, stack(0x00007f96ab04f000,0x00007f96ab150000)]
  0x00007f96a0005800 JavaThread "Handler for socket connection from /127.0.0.1:44942 to /127.0.0.1:33100" [_thread_in_native, id=3444, stack(0x00007f96ab150000,0x00007f96ab251000)]
  0x00007f969c014000 JavaThread "Daemon" [_thread_blocked, id=3443, stack(0x00007f96ab451000,0x00007f96ab552000)]
  0x00007f96f4cb7000 JavaThread "Incoming local TCP Connector on port 44942" [_thread_in_native, id=3442, stack(0x00007f96ab759000,0x00007f96ab85a000)]
  0x00007f96f4c61800 JavaThread "pool-1-thread-1" [_thread_blocked, id=3441, stack(0x00007f96ab85a000,0x00007f96ab95b000)]
  0x00007f96f40c1000 JavaThread "Service Thread" daemon [_thread_blocked, id=3439, stack(0x00007f96e111b000,0x00007f96e121c000)]
  0x00007f96f40be000 JavaThread "C1 CompilerThread2" daemon [_thread_in_native, id=3438, stack(0x00007f96e121c000,0x00007f96e131d000)]
  0x00007f96f40bc000 JavaThread "C2 CompilerThread1" daemon [_thread_in_native, id=3437, stack(0x00007f96e131d000,0x00007f96e141e000)]
=>0x00007f96f40b9000 JavaThread "C2 CompilerThread0" daemon [_thread_in_native, id=3436, stack(0x00007f96e141e000,0x00007f96e151f000)]
  0x00007f96f40b8000 JavaThread "Signal Dispatcher" daemon [_thread_blocked, id=3435, stack(0x00007f96e151f000,0x00007f96e1620000)]
  0x00007f96f4084000 JavaThread "Finalizer" daemon [_thread_blocked, id=3434, stack(0x00007f96e18f9000,0x00007f96e19fa000)]
  0x00007f96f407f800 JavaThread "Reference Handler" daemon [_thread_blocked, id=3433, stack(0x00007f96e19fa000,0x00007f96e1afb000)]
  0x00007f96f400a000 JavaThread "main" [_thread_blocked, id=3427, stack(0x00007f96fd49b000,0x00007f96fd59c000)]

Other Threads:
  0x00007f96f4077800 VMThread [stack: 0x00007f96e1afb000,0x00007f96e1bfc000] [id=3432]
  0x00007f96f40c3800 WatcherThread [stack: 0x00007f96e101a000,0x00007f96e111b000] [id=3440]

VM state:not at safepoint (normal execution)

VM Mutex/Monitor currently owned by a thread: None

Heap:
 PSYoungGen      total 109056K, used 52127K [0x00000000e0000000, 0x00000000e8180000, 0x0000000100000000)
  eden space 103936K, 45% used [0x00000000e0000000,0x00000000e2defdf8,0x00000000e6580000)
  from space 5120K, 99% used [0x00000000e7c00000,0x00000000e80f8010,0x00000000e8100000)
  to   space 512K, 0% used [0x00000000e8100000,0x00000000e8100000,0x00000000e8180000)
 ParOldGen       total 74752K, used 17890K [0x00000000a0000000, 0x00000000a4900000, 0x00000000e0000000)
  object space 74752K, 23% used [0x00000000a0000000,0x00000000a11788c8,0x00000000a4900000)
 Metaspace       used 34658K, capacity 35386K, committed 35416K, reserved 1079296K
  class space    used 4782K, capacity 4988K, committed 4992K, reserved 1048576K

Card table byte_map: [0x00007f96f9f40000,0x00007f96fa241000] byte_map_base: 0x00007f96f9a40000

Marking Bits: (ParMarkBitMap*) 0x00007f96fc96bc80
 Begin Bits: [0x00007f96e2000000, 0x00007f96e3800000)
 End Bits:   [0x00007f96e3800000, 0x00007f96e5000000)

Polling page: 0x00007f96fd5bb000

CodeCache: size=245760Kb used=11657Kb max_used=11657Kb free=234102Kb
 bounds [0x00007f96e5000000, 0x00007f96e5b70000, 0x00007f96f4000000]
 total_blobs=4054 nmethods=3357 adapters=610
 compilation: enabled

Compilation events (10 events):
Event: 7.502 Thread 0x00007f96f40be000 nmethod 3372 0x00007f96e5b5fe90 code [0x00007f96e5b60040, 0x00007f96e5b60478]
Event: 7.502 Thread 0x00007f96f40be000 3376       3       java.util.Formatter::checkText (58 bytes)
Event: 7.503 Thread 0x00007f96f40be000 nmethod 3376 0x00007f96e5b60690 code [0x00007f96e5b60880, 0x00007f96e5b61228]
Event: 7.503 Thread 0x00007f96f40be000 3375       3       java.util.regex.Matcher::end (22 bytes)
Event: 7.503 Thread 0x00007f96f40be000 nmethod 3375 0x00007f96e5b61790 code [0x00007f96e5b61900, 0x00007f96e5b61b68]
Event: 7.503 Thread 0x00007f96f40be000 3374       3       java.util.Formatter$Flags::<init> (10 bytes)
Event: 7.504 Thread 0x00007f96f40be000 nmethod 3374 0x00007f96e5b61c50 code [0x00007f96e5b61dc0, 0x00007f96e5b61f70]
Event: 7.504 Thread 0x00007f96f40be000 3373       3       java.util.EnumMap$EntryIterator$Entry::checkIndexForEntryUse (18 bytes)
Event: 7.504 Thread 0x00007f96f40be000 nmethod 3373 0x00007f96e5b62010 code [0x00007f96e5b62180, 0x00007f96e5b623e8]
Event: 7.505 Thread 0x00007f96f40be000 3378       3       com.google.common.collect.AbstractMapBasedMultimap::createAsMap (41 bytes)

GC Heap History (10 events):
Event: 1.500 GC heap before
{Heap before GC invocations=2 (full 0):
 PSYoungGen      total 36864K, used 35971K [0x00000000e0000000, 0x00000000e4800000, 0x0000000100000000)
  eden space 31744K, 100% used [0x00000000e0000000,0x00000000e1f00000,0x00000000e1f00000)
  from space 5120K, 82% used [0x00000000e1f00000,0x00000000e2320ef0,0x00000000e2400000)
  to   space 5120K, 0% used [0x00000000e4300000,0x00000000e4300000,0x00000000e4800000)
 ParOldGen       total 84992K, used 8K [0x00000000a0000000, 0x00000000a5300000, 0x00000000e0000000)
  object space 84992K, 0% used [0x00000000a0000000,0x00000000a0002000,0x00000000a5300000)
 Metaspace       used 12696K, capacity 13050K, committed 13184K, reserved 1060864K
  class space    used 1741K, capacity 1870K, committed 1920K, reserved 1048576K
Event: 1.512 GC heap after
Heap after GC invocations=2 (full 0):
 PSYoungGen      total 68608K, used 5100K [0x00000000e0000000, 0x00000000e4800000, 0x0000000100000000)
  eden space 63488K, 0% used [0x00000000e0000000,0x00000000e0000000,0x00000000e3e00000)
  from space 5120K, 99% used [0x00000000e4300000,0x00000000e47fb2b0,0x00000000e4800000)
  to   space 5120K, 0% used [0x00000000e3e00000,0x00000000e3e00000,0x00000000e4300000)
 ParOldGen       total 84992K, used 737K [0x00000000a0000000, 0x00000000a5300000, 0x00000000e0000000)
  object space 84992K, 0% used [0x00000000a0000000,0x00000000a00b8580,0x00000000a5300000)
 Metaspace       used 12696K, capacity 13050K, committed 13184K, reserved 1060864K
  class space    used 1741K, capacity 1870K, committed 1920K, reserved 1048576K
}
Event: 3.078 GC heap before
{Heap before GC invocations=3 (full 0):
 PSYoungGen      total 68608K, used 60896K [0x00000000e0000000, 0x00000000e4800000, 0x0000000100000000)
  eden space 63488K, 87% used [0x00000000e0000000,0x00000000e367d100,0x00000000e3e00000)
  from space 5120K, 99% used [0x00000000e4300000,0x00000000e47fb2b0,0x00000000e4800000)
  to   space 5120K, 0% used [0x00000000e3e00000,0x00000000e3e00000,0x00000000e4300000)
 ParOldGen       total 84992K, used 737K [0x00000000a0000000, 0x00000000a5300000, 0x00000000e0000000)
  object space 84992K, 0% used [0x00000000a0000000,0x00000000a00b8580,0x00000000a5300000)
 Metaspace       used 20744K, capacity 21122K, committed 21248K, reserved 1067008K
  class space    used 2824K, capacity 2976K, committed 3072K, reserved 1048576K
Event: 3.100 GC heap after
Heap after GC invocations=3 (full 0):
 PSYoungGen      total 68608K, used 5099K [0x00000000e0000000, 0x00000000e8600000, 0x0000000100000000)
  eden space 63488K, 0% used [0x00000000e0000000,0x00000000e0000000,0x00000000e3e00000)
  from space 5120K, 99% used [0x00000000e3e00000,0x00000000e42faff0,0x00000000e4300000)
  to   space 5120K, 0% used [0x00000000e8100000,0x00000000e8100000,0x00000000e8600000)
 ParOldGen       total 84992K, used 8298K [0x00000000a0000000, 0x00000000a5300000, 0x00000000e0000000)
  object space 84992K, 9% used [0x00000000a0000000,0x00000000a081a850,0x00000000a5300000)
 Metaspace       used 20744K, capacity 21122K, committed 21248K, reserved 1067008K
  class space    used 2824K, capacity 2976K, committed 3072K, reserved 1048576K
}
Event: 3.100 GC heap before
{Heap before GC invocations=4 (full 1):
 PSYoungGen      total 68608K, used 5099K [0x00000000e0000000, 0x00000000e8600000, 0x0000000100000000)
  eden space 63488K, 0% used [0x00000000e0000000,0x00000000e0000000,0x00000000e3e00000)
  from space 5120K, 99% used [0x00000000e3e00000,0x00000000e42faff0,0x00000000e4300000)
  to   space 5120K, 0% used [0x00000000e8100000,0x00000000e8100000,0x00000000e8600000)
 ParOldGen       total 84992K, used 8298K [0x00000000a0000000, 0x00000000a5300000, 0x00000000e0000000)
  object space 84992K, 9% used [0x00000000a0000000,0x00000000a081a850,0x00000000a5300000)
 Metaspace       used 20744K, capacity 21122K, committed 21248K, reserved 1067008K
  class space    used 2824K, capacity 2976K, committed 3072K, reserved 1048576K
Event: 3.215 GC heap after
Heap after GC invocations=4 (full 1):
 PSYoungGen      total 68608K, used 0K [0x00000000e0000000, 0x00000000e8600000, 0x0000000100000000)
  eden space 63488K, 0% used [0x00000000e0000000,0x00000000e0000000,0x00000000e3e00000)
  from space 5120K, 0% used [0x00000000e3e00000,0x00000000e3e00000,0x00000000e4300000)
  to   space 5120K, 0% used [0x00000000e8100000,0x00000000e8100000,0x00000000e8600000)
 ParOldGen       total 74752K, used 12298K [0x00000000a0000000, 0x00000000a4900000, 0x00000000e0000000)
  object space 74752K, 16% used [0x00000000a0000000,0x00000000a0c02aa8,0x00000000a4900000)
 Metaspace       used 20744K, capacity 21122K, committed 21248K, reserved 1067008K
  class space    used 2824K, capacity 2976K, committed 3072K, reserved 1048576K
}
Event: 4.587 GC heap before
{Heap before GC invocations=5 (full 1):
 PSYoungGen      total 68608K, used 63488K [0x00000000e0000000, 0x00000000e8600000, 0x0000000100000000)
  eden space 63488K, 100% used [0x00000000e0000000,0x00000000e3e00000,0x00000000e3e00000)
  from space 5120K, 0% used [0x00000000e3e00000,0x00000000e3e00000,0x00000000e4300000)
  to   space 5120K, 0% used [0x00000000e8100000,0x00000000e8100000,0x00000000e8600000)
 ParOldGen       total 74752K, used 12298K [0x00000000a0000000, 0x00000000a4900000, 0x00000000e0000000)
  object space 74752K, 16% used [0x00000000a0000000,0x00000000a0c02aa8,0x00000000a4900000)
 Metaspace       used 26054K, capacity 26536K, committed 26752K, reserved 1073152K
  class space    used 3695K, capacity 3851K, committed 3968K, reserved 1048576K
Event: 4.609 GC heap after
Heap after GC invocations=5 (full 1):
 PSYoungGen      total 87552K, used 5097K [0x00000000e0000000, 0x00000000e8600000, 0x0000000100000000)
  eden space 82432K, 0% used [0x00000000e0000000,0x00000000e0000000,0x00000000e5080000)
  from space 5120K, 99% used [0x00000000e8100000,0x00000000e85fa660,0x00000000e8600000)
  to   space 5120K, 0% used [0x00000000e7c00000,0x00000000e7c00000,0x00000000e8100000)
 ParOldGen       total 74752K, used 14786K [0x00000000a0000000, 0x00000000a4900000, 0x00000000e0000000)
  object space 74752K, 19% used [0x00000000a0000000,0x00000000a0e70b10,0x00000000a4900000)
 Metaspace       used 26054K, capacity 26536K, committed 26752K, reserved 1073152K
  class space    used 3695K, capacity 3851K, committed 3968K, reserved 1048576K
}
Event: 6.707 GC heap before
{Heap before GC invocations=6 (full 1):
 PSYoungGen      total 87552K, used 87529K [0x00000000e0000000, 0x00000000e8600000, 0x0000000100000000)
  eden space 82432K, 100% used [0x00000000e0000000,0x00000000e5080000,0x00000000e5080000)
  from space 5120K, 99% used [0x00000000e8100000,0x00000000e85fa660,0x00000000e8600000)
  to   space 5120K, 0% used [0x00000000e7c00000,0x00000000e7c00000,0x00000000e8100000)
 ParOldGen       total 74752K, used 14786K [0x00000000a0000000, 0x00000000a4900000, 0x00000000e0000000)
  object space 74752K, 19% used [0x00000000a0000000,0x00000000a0e70b10,0x00000000a4900000)
 Metaspace       used 29982K, capacity 30596K, committed 30848K, reserved 1075200K
  class space    used 4207K, capacity 4387K, committed 4480K, reserved 1048576K
Event: 6.720 GC heap after
Heap after GC invocations=6 (full 1):
 PSYoungGen      total 109056K, used 5088K [0x00000000e0000000, 0x00000000e8180000, 0x0000000100000000)
  eden space 103936K, 0% used [0x00000000e0000000,0x00000000e0000000,0x00000000e6580000)
  from space 5120K, 99% used [0x00000000e7c00000,0x00000000e80f8010,0x00000000e8100000)
  to   space 512K, 0% used [0x00000000e8100000,0x00000000e8100000,0x00000000e8180000)
 ParOldGen       total 74752K, used 17890K [0x00000000a0000000, 0x00000000a4900000, 0x00000000e0000000)
  object space 74752K, 23% used [0x00000000a0000000,0x00000000a11788c8,0x00000000a4900000)
 Metaspace       used 29982K, capacity 30596K, committed 30848K, reserved 1075200K
  class space    used 4207K, capacity 4387K, committed 4480K, reserved 1048576K
}

Deoptimization events (10 events):
Event: 6.037 Thread 0x00007f96a0007800 Uncommon trap: reason=unstable_if action=reinterpret pc=0x00007f96e592f1cc method=com.sun.org.apache.xerces.internal.impl.XMLEntityScanner.scanContent(Lcom/sun/org/apache/xerces/internal/xni/XMLString;)I @ 44
Event: 6.838 Thread 0x00007f96a0007800 Uncommon trap: reason=unstable_if action=reinterpret pc=0x00007f96e5835054 method=java.lang.Integer.valueOf(I)Ljava/lang/Integer; @ 3
Event: 7.158 Thread 0x00007f96a0007800 Uncommon trap: reason=bimorphic action=maybe_recompile pc=0x00007f96e59bf5a4 method=java.security.MessageDigest$Delegate.engineUpdate([BII)V @ 7
Event: 7.158 Thread 0x00007f96a0007800 Uncommon trap: reason=bimorphic action=maybe_recompile pc=0x00007f96e59bf5a4 method=java.security.MessageDigest$Delegate.engineUpdate([BII)V @ 7
Event: 7.337 Thread 0x00007f96a0007800 Uncommon trap: reason=unstable_if action=reinterpret pc=0x00007f96e57467e8 method=java.net.URLClassLoader.isSealed(Ljava/lang/String;Ljava/util/jar/Manifest;)Z @ 26
Event: 7.341 Thread 0x00007f96a0007800 Uncommon trap: reason=unstable_if action=reinterpret pc=0x00007f96e5718f04 method=java.net.URLClassLoader.isSealed(Ljava/lang/String;Ljava/util/jar/Manifest;)Z @ 26
Event: 7.356 Thread 0x00007f96a0007800 Uncommon trap: reason=unstable_if action=reinterpret pc=0x00007f96e55e4f50 method=java.util.HashMap.putVal(ILjava/lang/Object;Ljava/lang/Object;ZZ)Ljava/lang/Object; @ 162
Event: 7.356 Thread 0x00007f96a0007800 Uncommon trap: reason=unstable_if action=reinterpret pc=0x00007f96e5847e74 method=java.util.HashMap.putVal(ILjava/lang/Object;Ljava/lang/Object;ZZ)Ljava/lang/Object; @ 162
Event: 7.356 Thread 0x00007f96a0007800 Uncommon trap: reason=unstable_if action=reinterpret pc=0x00007f96e52b3b98 method=java.util.HashMap.resize()[Ljava/util/HashMap$Node; @ 206
Event: 7.408 Thread 0x00007f96a0007800 Uncommon trap: reason=uninitialized action=reinterpret pc=0x00007f96e5aef738 method=java.util.HashMap.removeNode(ILjava/lang/Object;Ljava/lang/Object;ZZ)Ljava/util/HashMap$Node; @ 107

Internal exceptions (10 events):
Event: 6.694 Thread 0x00007f96a0007800 Exception <a 'java/lang/ClassNotFoundException': groovy/lang/GroovyObjectCustomizer> (0x00000000e4ef51e0) thrown at [/HUDSON3/workspace/8-2-build-linux-amd64/jdk8u121/8372/hotspot/src/share/vm/classfile/systemDictionary.cpp, line 210]
Event: 6.695 Thread 0x00007f96a0007800 Exception <a 'java/lang/ClassNotFoundException': org/gradle/api/ScriptBeanInfo> (0x00000000e4f22498) thrown at [/HUDSON3/workspace/8-2-build-linux-amd64/jdk8u121/8372/hotspot/src/share/vm/classfile/systemDictionary.cpp, line 210]
Event: 6.696 Thread 0x00007f96a0007800 Exception <a 'java/lang/ClassNotFoundException': org/gradle/api/ScriptCustomizer> (0x00000000e4f3fc70) thrown at [/HUDSON3/workspace/8-2-build-linux-amd64/jdk8u121/8372/hotspot/src/share/vm/classfile/systemDictionary.cpp, line 210]
Event: 6.702 Thread 0x00007f96a0007800 Exception <a 'java/lang/ClassNotFoundException': org/gradle/api/internal/file/FileOperationsBeanInfo> (0x00000000e4f88d98) thrown at [/HUDSON3/workspace/8-2-build-linux-amd64/jdk8u121/8372/hotspot/src/share/vm/classfile/systemDictionary.cpp, line 210]
Event: 6.703 Thread 0x00007f96a0007800 Exception <a 'java/lang/ClassNotFoundException': org/gradle/api/internal/file/FileOperationsCustomizer> (0x00000000e4fb10e0) thrown at [/HUDSON3/workspace/8-2-build-linux-amd64/jdk8u121/8372/hotspot/src/share/vm/classfile/systemDictionary.cpp, line 210]
Event: 6.720 Thread 0x00007f96a0007800 Exception <a 'java/lang/ClassNotFoundException': org/gradle/api/internal/ProcessOperationsBeanInfo> (0x00000000e00000b0) thrown at [/HUDSON3/workspace/8-2-build-linux-amd64/jdk8u121/8372/hotspot/src/share/vm/classfile/systemDictionary.cpp, line 210]
Event: 6.721 Thread 0x00007f96a0007800 Exception <a 'java/lang/ClassNotFoundException': org/gradle/api/internal/ProcessOperationsCustomizer> (0x00000000e0027900) thrown at [/HUDSON3/workspace/8-2-build-linux-amd64/jdk8u121/8372/hotspot/src/share/vm/classfile/systemDictionary.cpp, line 210]
Event: 6.740 Thread 0x00007f96a0007800 Exception <a 'java/lang/ClassNotFoundException': build_w713oe5ekrgamhdquhwod1d5BeanInfo> (0x00000000e00ed128) thrown at [/HUDSON3/workspace/8-2-build-linux-amd64/jdk8u121/8372/hotspot/src/share/vm/classfile/systemDictionary.cpp, line 210]
Event: 6.740 Thread 0x00007f96a0007800 Exception <a 'java/lang/ClassNotFoundException': build_w713oe5ekrgamhdquhwod1d5Customizer> (0x00000000e00fd800) thrown at [/HUDSON3/workspace/8-2-build-linux-amd64/jdk8u121/8372/hotspot/src/share/vm/classfile/systemDictionary.cpp, line 210]
Event: 7.048 Thread 0x00007f96a0007800 Exception <a 'sun/nio/fs/UnixException'> (0x00000000e0c4c130) thrown at [/HUDSON3/workspace/8-2-build-linux-amd64/jdk8u121/8372/hotspot/src/share/vm/prims/jni.cpp, line 709]

Events (10 events):
Event: 7.447 loading class org/gradle/model/internal/manage/schema/ScalarCollectionSchema
Event: 7.447 loading class org/gradle/model/internal/manage/schema/ScalarCollectionSchema done
Event: 7.448 loading class org/gradle/model/internal/manage/schema/extract/JavaUtilCollectionStrategy$1
Event: 7.448 loading class org/gradle/model/internal/manage/schema/extract/JavaUtilCollectionStrategy$1 done
Event: 7.489 loading class java/lang/Throwable$PrintStreamOrWriter
Event: 7.489 loading class java/lang/Throwable$PrintStreamOrWriter done
Event: 7.492 loading class org/gradle/api/file/FileVisitDetails
Event: 7.492 loading class org/gradle/api/file/FileVisitDetails done
Event: 7.492 loading class org/gradle/api/file/FileTreeElement
Event: 7.492 loading class org/gradle/api/file/FileTreeElement done


Dynamic libraries:
00400000-00401000 r-xp 00000000 08:01 11143952                           /usr/local/java/jdk1.8.0_121/bin/java
00600000-00601000 rw-p 00000000 08:01 11143952                           /usr/local/java/jdk1.8.0_121/bin/java
008b8000-008d9000 rw-p 00000000 00:00 0                                  [heap]
a0000000-a4900000 rw-p 00000000 00:00 0 
a4900000-e0000000 ---p 00000000 00:00 0 
e0000000-e8180000 rw-p 00000000 00:00 0 
e8180000-100000000 ---p 00000000 00:00 0 
100000000-1004e0000 rw-p 00000000 00:00 0 
1004e0000-140000000 ---p 00000000 00:00 0 
7f967c000000-7f967c021000 rw-p 00000000 00:00 0 
7f967c021000-7f9680000000 ---p 00000000 00:00 0 
7f9680000000-7f9680021000 rw-p 00000000 00:00 0 
7f9680021000-7f9684000000 ---p 00000000 00:00 0 
7f9684000000-7f9684021000 rw-p 00000000 00:00 0 
7f9684021000-7f9688000000 ---p 00000000 00:00 0 
7f9688000000-7f9688021000 rw-p 00000000 00:00 0 
7f9688021000-7f968c000000 ---p 00000000 00:00 0 
7f968c000000-7f968ce5f000 rw-p 00000000 00:00 0 
7f968ce5f000-7f9690000000 ---p 00000000 00:00 0 
7f9690000000-7f9690021000 rw-p 00000000 00:00 0 
7f9690021000-7f9694000000 ---p 00000000 00:00 0 
7f9694000000-7f9694021000 rw-p 00000000 00:00 0 
7f9694021000-7f9698000000 ---p 00000000 00:00 0 
7f9698000000-7f9698021000 rw-p 00000000 00:00 0 
7f9698021000-7f969c000000 ---p 00000000 00:00 0 
7f969c000000-7f969c072000 rw-p 00000000 00:00 0 
7f969c072000-7f96a0000000 ---p 00000000 00:00 0 
7f96a0000000-7f96a0021000 rw-p 00000000 00:00 0 
7f96a0021000-7f96a4000000 ---p 00000000 00:00 0 
7f96a4000000-7f96a4021000 rw-p 00000000 00:00 0 
7f96a4021000-7f96a8000000 ---p 00000000 00:00 0 
7f96a95af000-7f96a9765000 rw-p 00000000 00:00 0 
7f96a9765000-7f96a97af000 ---p 00000000 00:00 0 
7f96a97af000-7f96a97b2000 ---p 00000000 00:00 0 
7f96a97b2000-7f96a9ab0000 rw-p 00000000 00:00 0 
7f96a9ab0000-7f96a9ab1000 r--s 00001000 08:01 34996890                   /root/.gradle/caches/jars-2/7c4c8dw4bn3s8grc5kz09cv28jy9yn3/annotations-25.3.0.jar
7f96a9ab1000-7f96a9ab9000 r--s 000a8000 08:01 34996888                   /root/.gradle/caches/jars-2/lp0h431tl0554nh1vx6zomcvteflkp/lombok-ast-0.2.3.jar
7f96a9ab9000-7f96a9acd000 r--s 000b4000 08:01 34996886                   /root/.gradle/caches/jars-2/igzbti8te04ygk32hg4q3ljfkkkzmlr/uast-162.2228.14.jar
7f96a9acd000-7f96a9acf000 r--s 0000d000 08:01 34996884                   /root/.gradle/caches/jars-2/7pwz1bowgakb1eux9ezb56jlturgsyi/commons-codec-1.4.jar
7f96a9acf000-7f96a9ad1000 r--s 0000d000 08:01 34996882                   /root/.gradle/caches/jars-2/9dj1m0eyooi5qt13735vz8fpkl3cnfy/commons-logging-1.1.1.jar
7f96a9ad1000-7f96a9ad6000 r--s 00028000 08:01 34996880                   /root/.gradle/caches/jars-2/62lv0fe9b3xbqe57f6ljy5upwi7mf6k/httpcore-4.1.jar
7f96a9ad6000-7f96a9ada000 r--s 0002f000 08:01 34996878                   /root/.gradle/caches/jars-2/gsg5n52frsvw6sx0swqqe2hwijwdcf0/jimfs-1.1.jar
7f96a9ada000-7f96a9adb000 r--s 00004000 08:01 34996876                   /root/.gradle/caches/jars-2/lxs252id0979odjrerlctkb26c2vj95/annotations-12.0.jar
7f96a9adb000-7f96a9adc000 r--s 00004000 08:01 34996874                   /root/.gradle/caches/jars-2/9kn99dr0rulyl67sct1ephwcop56l61/asm-analysis-5.0.4.jar
7f96a9adc000-7f96a9ae0000 r--s 00040000 08:01 34996872                   /root/.gradle/caches/jars-2/h4gop7cox40tig0ckkhw1h8hl6tfcwm/lint-api-25.3.0.jar
7f96a9ae0000-7f96a9ae1000 r--s 0000a000 08:01 34996870                   /root/.gradle/caches/jars-2/nwyg9io65lv6jvmwit2wq82xnnxd7ia/kxml2-2.3.0.jar
7f96a9ae1000-7f96a9ae3000 r--s 00005000 08:01 34996868                   /root/.gradle/caches/jars-2/i6hc1uuj8e9ck59slmzdyz78ydn8sr6/httpmime-4.1.jar
7f96a9ae3000-7f96a9aeb000 r--s 0004e000 08:01 34996866                   /root/.gradle/caches/jars-2/7503wa5irssz0xxahv1xb82p2dl7rr2/httpclient-4.1.1.jar
7f96a9aeb000-7f96a9af2000 r--s 00053000 08:01 34996864                   /root/.gradle/caches/jars-2/jgkfvs4eqggj7qsyw1f5d3up57hanj1/commons-compress-1.8.1.jar
7f96a9af2000-7f96a9af7000 r--s 0002a000 08:01 34996862                   /root/.gradle/caches/jars-2/je8f027qcr1z1egw08byp1ybxbp9kko/gson-2.2.4.jar
7f96a9af7000-7f96a9afc000 r--s 0002e000 08:01 34996860                   /root/.gradle/caches/jars-2/r6oa1284jnf1g0hjm5fw7l8swldb7ek/repository-25.3.0.jar
7f96a9afc000-7f96a9afd000 r--s 00005000 08:01 34996858                   /root/.gradle/caches/jars-2/8zf2fyptbgnbanz613fx2c3hoto0539/dvlib-25.3.0.jar
7f96a9afd000-7f96a9b00000 r--s 00012000 08:01 34996856                   /root/.gradle/caches/jars-2/9uh4197qdwnvuono2myyig8xxy6aqcq/layoutlib-api-25.3.0.jar
7f96a9b00000-7f96a9b05000 r--s 00058000 08:01 34996854                   /root/.gradle/caches/jars-2/st159835qgxm0l87oqrnhayxos4lc1n/asm-debug-all-5.0.1.jar
7f96a9b05000-7f96a9b15000 r--s 000d5000 08:01 34996852                   /root/.gradle/caches/jars-2/qzf32gp9kej4w4hlbabft6tplu74cj3/proguard-base-5.3.2.jar
7f96a9b15000-7f96a9b18000 r--s 00033000 08:01 34996850                   /root/.gradle/caches/jars-2/nz9sndmr8b4xbj4xulkaciy5kdbyfiz/juniversalchardet-1.0.3.jar
7f96a9b18000-7f96a9b1c000 r--s 0002a000 08:01 34996848                   /root/.gradle/caches/jars-2/krbpn9xjn1qymukyx8cc5l799ty1v3h/commons-io-2.4.jar
7f96a9b1c000-7f96a9b33000 r--s 00154000 08:01 34996846                   /root/.gradle/caches/jars-2/sfeivjswzitn6n0fnjx3ueszz8gv8o1/antlr4-4.5.3.jar
7f96a9b33000-7f96a9b35000 r--s 00002000 08:01 34996844                   /root/.gradle/caches/jars-2/o6nwvy6at9y5kbpwo6utcclqk98gd99/baseLibrary-2.3.0.jar
7f96a9b35000-7f96a9b60000 r--s 001fc000 08:01 34996842                   /root/.gradle/caches/jars-2/nxjrjftly2xksl8o0wqgivu5netfu2x/guava-18.0.jar
7f96a9b60000-7f96a9b73000 r--s 00241000 08:01 34996840                   /root/.gradle/caches/jars-2/9yuekvg4qerfitq3xec0iyckuw3hwaq/ecj-4.6.1.jar
7f96a9b73000-7f96a9b7a000 r--s 000d9000 08:01 34996838                   /root/.gradle/caches/jars-2/aprntsq9xd6l685y4wf1lo3ojhypibs/lint-checks-25.3.0.jar
7f96a9b7a000-7f96a9b7c000 r--s 00006000 08:01 34996836                   /root/.gradle/caches/jars-2/6phgj9ki3jl3p5epzkqoo8pr6kur40b/asm-tree-5.0.4.jar
7f96a9b7c000-7f96a9baf000 r--s 00203000 08:01 34996834                   /root/.gradle/caches/jars-2/hj0bfvxu9cq7hkwmecvp0kg137or3hh/bcprov-jdk15on-1.48.jar
7f96a9baf000-7f96a9bbd000 r--s 00081000 08:01 34996832                   /root/.gradle/caches/jars-2/4r7xli0tz94y0wfjrdyjxlxar3g1pb9/bcpkix-jdk15on-1.48.jar
7f96a9bbd000-7f96a9bbf000 r--s 00002000 08:01 34996830                   /root/.gradle/caches/jars-2/f32bh5uivuf69ecz2j8hl96ksnqdh7v/javawriter-2.5.0.jar
7f96a9bbf000-7f96a9bc1000 r--s 00004000 08:01 34996828                   /root/.gradle/caches/jars-2/ks5d1mxwh7e42p192ttu3gpechro7qa/tracker-25.3.0.jar
7f96a9bc1000-7f96a9bc2000 r--s 00005000 08:01 34996826                   /root/.gradle/caches/jars-2/fl4kf4ptr1zzfqcvmz0t9nip0r2xra6/shared-25.3.0.jar
7f96a9bc2000-7f96a9bd0000 r--s 00147000 08:01 34996824                   /root/.gradle/caches/jars-2/kzywuljggjlwzg0mn5daqjrl9hrds10/protos-25.3.0.jar
7f96a9bd0000-7f96a9bd1000 r--s 00001000 08:01 34996822                   /root/.gradle/caches/jars-2/9wceqt3rojnwacgoouxh9g9dkoot2zu/jill-api-0.10.0.jar
7f96a9bd1000-7f96a9bd3000 r--s 00003000 08:01 34996820                   /root/.gradle/caches/jars-2/hgjtw817h9ckqrqd7wts8rss79wyf2p/jack-api-0.13.0.jar
7f96a9bd3000-7f96a9bd9000 r--s 0004a000 08:01 34996818                   /root/.gradle/caches/jars-2/qdr9c88xakd7sne0hmledt9h4qds2q2/ddmlib-25.3.0.jar
7f96a9bd9000-7f96a9bdc000 r--s 00022000 08:01 34996816                   /root/.gradle/caches/jars-2/fsss09xku4j8m0mtb0gif22hmmgqs7i/manifest-merger-25.3.0.jar
7f96a9bdc000-7f96a9bdf000 r--s 0001c000 08:01 34996814                   /root/.gradle/caches/jars-2/s9s98vc2jrc4cq452s7phwb2ad5xfkn/common-25.3.0.jar
7f96a9bdf000-7f96a9be8000 r--s 00089000 08:01 34996812                   /root/.gradle/caches/jars-2/965j22khmkpwdgya5fll5pxt21kiz0y/sdk-common-25.3.0.jar
7f96a9be8000-7f96a9bf2000 r--s 00097000 08:01 34996810                   /root/.gradle/caches/jars-2/2t3glk7v5svadzqcbhq0avch2qk6a9k/sdklib-25.3.0.jar
7f96a9bf2000-7f96a9bf5000 r--s 00006000 08:01 34996806                   /root/.gradle/caches/jars-2/217rxmwsloonj42ilq94g16c8qou0uv/builder-model-2.3.0.jar
7f96a9bf5000-7f96a9c04000 r--s 00130000 08:01 34996804                   /root/.gradle/caches/jars-2/cr6zkqpx14lor9zdtmo49qpc7y8r8p4/protobuf-java-3.0.0.jar
7f96a9c04000-7f96a9c06000 r--s 0000f000 08:01 34996802                   /root/.gradle/caches/jars-2/rvfyugrlu5tbpz51p98og0qsxamjq4k/jopt-simple-4.9.jar
7f96a9c06000-7f96a9c0a000 r--s 0001f000 08:01 34996800                   /root/.gradle/caches/jars-2/nq3fzqkrrm37ob61z4iu5qdbh368uat/org.jacoco.report-0.7.5.201505241946.jar
7f96a9c0a000-7f96a9c0e000 r--s 0001d000 08:01 34996798                   /root/.gradle/caches/jars-2/3kxkmcckmk40ron92zhbm0qjo9l4bkl/org.jacoco.core-0.7.5.201505241946.jar
7f96a9c0e000-7f96a9c10000 r--s 00002000 08:01 34996796                   /root/.gradle/caches/jars-2/m4m0pzb4gmaeh0in5g2xc4bxeuwt828/proguard-gradle-5.3.2.jar
7f96a9c10000-7f96a9c12000 r--s 00009000 08:01 34996794                   /root/.gradle/caches/jars-2/ajvcvdu66lc9e3tvvipxtuq48i9bbkc/asm-commons-5.0.4.jar
7f96a9c12000-7f96a9c14000 r--s 0000c000 08:01 34996792                   /root/.gradle/caches/jars-2/1laz1ygmxoc408r7nwqs1q8uk8r236d/asm-5.0.4.jar
7f96a9c14000-7f96a9c19000 r--s 0002c000 08:01 34996790                   /root/.gradle/caches/jars-2/3eyaheco65g859qpfsowjbpqi0jh6mf/compilerCommon-2.3.0.jar
7f96a9c19000-7f96a9c1e000 r--s 0005e000 08:01 34996784                   /root/.gradle/caches/jars-2/ni16dxztl73a86d25hs3on5ncngkbuy/lint-25.3.0.jar
7f96a9c1e000-7f96a9c34000 r--s 00163000 08:01 34996782                   /root/.gradle/caches/jars-2/sqf8kc3htrab4fj479mwr3jrji381b7/builder-2.3.0.jar
7f96a9c34000-7f96a9c52000 r--s 001cb000 08:01 34996780                   /root/.gradle/caches/jars-2/8qy5a7i3gbr2s4snxdquaath1tjusie/gradle-core-2.3.0.jar
7f96a9c52000-7f96a9e52000 rw-p 00000000 00:00 0 
7f96a9e52000-7f96aa052000 rw-p 00000000 00:00 0 
7f96aa052000-7f96aa252000 rw-p 00000000 00:00 0 
7f96aa252000-7f96aa452000 rw-p 00000000 00:00 0 
7f96aa452000-7f96aa453000 r--s 00002000 08:01 34996808                   /root/.gradle/caches/jars-2/q53lj97mtvuhn56k5k0vmpi70ln1194/builder-test-api-2.3.0.jar
7f96aa453000-7f96aa454000 r--s 00002000 08:01 34996788                   /root/.gradle/caches/jars-2/31jr90v5p5fkd2jflx4pvapkdf35ezu/gradle-api-2.3.0.jar
7f96aa454000-7f96aa455000 r--s 00000000 08:01 34996786                   /root/.gradle/caches/jars-2/9alwd0ip1x6at9csjhyhihqra39rks9/transform-api-2.0.0-deprecated-use-gradle-api.jar
7f96aa455000-7f96aa457000 r--s 0000d000 08:01 34996778                   /root/.gradle/caches/jars-2/60bmiis45kdytxtzt10fi483750k8at/gradle-2.3.0.jar
7f96aa457000-7f96aa45c000 r--s 0007a000 08:01 34996698                   /root/.gradle/caches/jars-2/q5pdl4dnyup86dc2j4432si3lyapuro/gradle-tooling-extension-impl.jar
7f96aa45c000-7f96aa461000 r--s 00034000 08:01 34996702                   /root/.gradle/caches/jars-2/c74d41v3l7o57dyhdc4xhdfblc3m2cw/gson-2.5.jar
7f96aa461000-7f96aa4d1000 r--s 00643000 08:01 34996700                   /root/.gradle/caches/jars-2/8cxlnul3q31hn64oaeyb96yvefwfs4h/groovy-all-2.4.6.jar
7f96aa4d1000-7f96aa4d4000 ---p 00000000 00:00 0 
7f96aa4d4000-7f96aa50a000 rw-p 00000000 00:00 0 
7f96aa50a000-7f96aa50b000 r--p 00000000 00:00 0 
7f96aa50b000-7f96aa70b000 rw-p 00000000 00:00 0 
7f96aa70b000-7f96aa90b000 rw-p 00000000 00:00 0 
7f96aa90b000-7f96aa90c000 r--s 00000000 08:01 34996626                   /root/.gradle/caches/jars-2/dg22azhabc6tsc1i8xni15giz1bnssh/gradle-appengine-builder-model-0.1.0.jar
7f96aa90c000-7f96aa949000 r--s 0057a000 08:01 34996624                   /root/.gradle/caches/jars-2/fo77ak4mnuyhc5u9vjmknf4a9d1jvr7/sdk-tools.jar
7f96aa949000-7f96aa94a000 r--s 00002000 08:01 34996622                   /root/.gradle/caches/jars-2/alhyd7g7xhtn0z1hxgxf7267ym5i09w/external-system-rt.jar
7f96aa94a000-7f96aa94c000 r--s 0000a000 08:01 34996620                   /root/.gradle/caches/jars-2/ptk43fz0tdnoik1x8njn96wlo1j4uin/gradle-tooling-extension-api.jar
7f96aa94c000-7f96aa959000 r--s 0017f000 08:01 34866102                   /root/.gradle/caches/jars-2/jei8kz30gbr6a1wtydijbt6dfeefz5z/velocity.jar
7f96aa959000-7f96aa993000 r--s 001e2000 08:01 34735262                   /root/.gradle/caches/jars-2/gsc6q095kyxskeaqm5ejgrya5fy93e4/gradle-core-3.2.jar
7f96aa993000-7f96aa99c000 r--s 00041000 08:01 34735260                   /root/.gradle/caches/jars-2/h9tlqcb3hm1v4dc2krttqmly48oj6dn/gradle-base-services-3.2.jar
7f96aa99c000-7f96aa9c4000 r--s 001cf000 08:01 34606348                   /root/.gradle/caches/jars-2/87eo0lrvp84r6dbxjq018wy66es2era/guava-jdk5-17.0.jar
7f96aa9c4000-7f96aa9d1000 r--s 00041000 08:01 34606346                   /root/.gradle/caches/jars-2/dgtjvv7hz6uw97ja0np1f4qgb2lzw3b/gradle-tooling-api-3.2.jar
7f96aa9d1000-7f96aa9d4000 ---p 00000000 00:00 0 
7f96aa9d4000-7f96aaad2000 rw-p 00000000 00:00 0 
7f96aaad2000-7f96aab4c000 r--s 010f6000 08:01 11020816                   /usr/local/java/jdk1.8.0_121/lib/tools.jar
7f96aab4c000-7f96aad4c000 rw-p 00000000 00:00 0 
7f96aad4c000-7f96aad4f000 ---p 00000000 00:00 0 
7f96aad4f000-7f96aae4d000 rw-p 00000000 00:00 0 
7f96aae4d000-7f96aae50000 ---p 00000000 00:00 0 
7f96aae50000-7f96aaf4e000 rw-p 00000000 00:00 0 
7f96aaf4e000-7f96aaf51000 ---p 00000000 00:00 0 
7f96aaf51000-7f96ab04f000 rw-p 00000000 00:00 0 
7f96ab04f000-7f96ab052000 ---p 00000000 00:00 0 
7f96ab052000-7f96ab150000 rw-p 00000000 00:00 0 
7f96ab150000-7f96ab153000 ---p 00000000 00:00 0 
7f96ab153000-7f96ab451000 rw-p 00000000 00:00 0 
7f96ab451000-7f96ab454000 ---p 00000000 00:00 0 
7f96ab454000-7f96ab552000 rw-p 00000000 00:00 0 
7f96ab552000-7f96ab559000 r--s 00000000 08:01 11274324                   /usr/lib/x86_64-linux-gnu/gconv/gconv-modules.cache
7f96ab559000-7f96ab759000 rw-p 00000000 00:00 0 
7f96ab759000-7f96ab75c000 ---p 00000000 00:00 0 
7f96ab75c000-7f96ab85a000 rw-p 00000000 00:00 0 
7f96ab85a000-7f96ab85d000 ---p 00000000 00:00 0 
7f96ab85d000-7f96ab95b000 rw-p 00000000 00:00 0 
7f96ab95b000-7f96ab964000 r-xp 00000000 08:01 11144070                   /usr/local/java/jdk1.8.0_121/jre/lib/amd64/libmanagement.so
7f96ab964000-7f96abb63000 ---p 00009000 08:01 11144070                   /usr/local/java/jdk1.8.0_121/jre/lib/amd64/libmanagement.so
7f96abb63000-7f96abb64000 rw-p 00008000 08:01 11144070                   /usr/local/java/jdk1.8.0_121/jre/lib/amd64/libmanagement.so
7f96abb64000-7f96abb68000 r--s 0009a000 08:01 11143978                   /usr/local/java/jdk1.8.0_121/jre/lib/jsse.jar
7f96abb68000-7f96abb6a000 r--s 00007000 08:01 34341942                   /root/.gradle/wrapper/dists/gradle-3.3-all/55gk2rcmfc6p2dg9u9ohc3hw9/gradle-3.3/lib/plugins/gradle-tooling-api-builders-3.3.jar
7f96abb6a000-7f96abb6d000 r--s 00009000 08:01 34341935                   /root/.gradle/wrapper/dists/gradle-3.3-all/55gk2rcmfc6p2dg9u9ohc3hw9/gradle-3.3/lib/plugins/gradle-testing-native-3.3.jar
7f96abb6d000-7f96abb73000 r--s 00033000 08:01 34342010                   /root/.gradle/wrapper/dists/gradle-3.3-all/55gk2rcmfc6p2dg9u9ohc3hw9/gradle-3.3/lib/plugins/snakeyaml-1.6.jar
7f96abb73000-7f96abb75000 r--s 00006000 08:01 34342009                   /root/.gradle/wrapper/dists/gradle-3.3-all/55gk2rcmfc6p2dg9u9ohc3hw9/gradle-3.3/lib/plugins/jcommander-1.12.jar
7f96abb75000-7f96abb7a000 r--s 00040000 08:01 34342008                   /root/.gradle/wrapper/dists/gradle-3.3-all/55gk2rcmfc6p2dg9u9ohc3hw9/gradle-3.3/lib/plugins/bsh-2.0b4.jar
7f96abb7a000-7f96abb7c000 r--s 00009000 08:01 34342016                   /root/.gradle/wrapper/dists/gradle-3.3-all/55gk2rcmfc6p2dg9u9ohc3hw9/gradle-3.3/lib/plugins/hamcrest-core-1.3.jar
7f96abb7c000-7f96abb85000 r--s 00089000 08:01 34341967                   /root/.gradle/wrapper/dists/gradle-3.3-all/55gk2rcmfc6p2dg9u9ohc3hw9/gradle-3.3/lib/plugins/testng-6.3.1.jar
7f96abb85000-7f96abb8d000 r--s 00045000 08:01 34341966                   /root/.gradle/wrapper/dists/gradle-3.3-all/55gk2rcmfc6p2dg9u9ohc3hw9/gradle-3.3/lib/plugins/junit-4.12.jar
7f96abb8d000-7f96abb93000 r--s 0002e000 08:01 34341936                   /root/.gradle/wrapper/dists/gradle-3.3-all/55gk2rcmfc6p2dg9u9ohc3hw9/gradle-3.3/lib/plugins/gradle-testing-jvm-3.3.jar
7f96abb93000-7f96abb97000 r--s 00016000 08:01 34341934                   /root/.gradle/wrapper/dists/gradle-3.3-all/55gk2rcmfc6p2dg9u9ohc3hw9/gradle-3.3/lib/plugins/gradle-testing-base-3.3.jar
7f96abb97000-7f96abb9e000 r--s 00038000 08:01 34341961                   /root/.gradle/wrapper/dists/gradle-3.3-all/55gk2rcmfc6p2dg9u9ohc3hw9/gradle-3.3/lib/plugins/bcpg-jdk15on-1.51.jar
7f96abb9e000-7f96abba0000 r--s 0000c000 08:01 34341913                   /root/.gradle/wrapper/dists/gradle-3.3-all/55gk2rcmfc6p2dg9u9ohc3hw9/gradle-3.3/lib/plugins/gradle-signing-3.3.jar
7f96abba0000-7f96abba2000 r--s 00007000 08:01 34341912                   /root/.gradle/wrapper/dists/gradle-3.3-all/55gk2rcmfc6p2dg9u9ohc3hw9/gradle-3.3/lib/plugins/gradle-scala-3.3.jar
7f96abba2000-7f96abba3000 r--s 00004000 08:01 34341940                   /root/.gradle/wrapper/dists/gradle-3.3-all/55gk2rcmfc6p2dg9u9ohc3hw9/gradle-3.3/lib/plugins/gradle-resources-sftp-3.3.jar
7f96abba3000-7f96abbb3000 r--s 00088000 08:01 34341977                   /root/.gradle/wrapper/dists/gradle-3.3-all/55gk2rcmfc6p2dg9u9ohc3hw9/gradle-3.3/lib/plugins/joda-time-2.8.2.jar
7f96abbb3000-7f96abbc4000 r--s 0010d000 08:01 34341976                   /root/.gradle/wrapper/dists/gradle-3.3-all/55gk2rcmfc6p2dg9u9ohc3hw9/gradle-3.3/lib/plugins/jackson-databind-2.6.6.jar
7f96abbc4000-7f96abbc7000 r--s 00009000 08:01 34341975                   /root/.gradle/wrapper/dists/gradle-3.3-all/55gk2rcmfc6p2dg9u9ohc3hw9/gradle-3.3/lib/plugins/jackson-annotations-2.6.6.jar
7f96abbc7000-7f96abbcb000 r--s 0003c000 08:01 34341974                   /root/.gradle/wrapper/dists/gradle-3.3-all/55gk2rcmfc6p2dg9u9ohc3hw9/gradle-3.3/lib/plugins/jackson-core-2.6.6.jar
7f96abbcb000-7f96abbd9000 r--s 00087000 08:01 34341973                   /root/.gradle/wrapper/dists/gradle-3.3-all/55gk2rcmfc6p2dg9u9ohc3hw9/gradle-3.3/lib/plugins/aws-java-sdk-core-1.11.6.jar
7f96abbd9000-7f96abbe0000 r--s 00057000 08:01 34341972                   /root/.gradle/wrapper/dists/gradle-3.3-all/55gk2rcmfc6p2dg9u9ohc3hw9/gradle-3.3/lib/plugins/aws-java-sdk-kms-1.11.6.jar
7f96abbe0000-7f96abbed000 r--s 0008e000 08:01 34341971                   /root/.gradle/wrapper/dists/gradle-3.3-all/55gk2rcmfc6p2dg9u9ohc3hw9/gradle-3.3/lib/plugins/aws-java-sdk-s3-1.11.6.jar
7f96abbed000-7f96abbef000 r--s 00004000 08:01 34341941                   /root/.gradle/wrapper/dists/gradle-3.3-all/55gk2rcmfc6p2dg9u9ohc3hw9/gradle-3.3/lib/plugins/gradle-resources-s3-3.3.jar
7f96abbef000-7f96abbf1000 r--s 00005000 08:01 34341965                   /root/.gradle/wrapper/dists/gradle-3.3-all/55gk2rcmfc6p2dg9u9ohc3hw9/gradle-3.3/lib/plugins/jatl-0.2.2.jar
7f96abbf1000-7f96abbf3000 r--s 0000f000 08:01 34341918                   /root/.gradle/wrapper/dists/gradle-3.3-all/55gk2rcmfc6p2dg9u9ohc3hw9/gradle-3.3/lib/plugins/gradle-reporting-3.3.jar
7f96abbf3000-7f96abbf5000 r--s 00002000 08:01 34341919                   /root/.gradle/wrapper/dists/gradle-3.3-all/55gk2rcmfc6p2dg9u9ohc3hw9/gradle-3.3/lib/plugins/gradle-publish-3.3.jar
7f96abbf5000-7f96abbf7000 r--s 00009000 08:01 34341948                   /root/.gradle/wrapper/dists/gradle-3.3-all/55gk2rcmfc6p2dg9u9ohc3hw9/gradle-3.3/lib/plugins/commons-cli-1.2.jar
7f96abbf7000-7f96abbfd000 r--s 00031000 08:01 34341904                   /root/.gradle/wrapper/dists/gradle-3.3-all/55gk2rcmfc6p2dg9u9ohc3hw9/gradle-3.3/lib/plugins/gradle-plugins-3.3.jar
7f96abbfd000-7f96abbff000 r--s 00009000 08:01 34341937                   /root/.gradle/wrapper/dists/gradle-3.3-all/55gk2rcmfc6p2dg9u9ohc3hw9/gradle-3.3/lib/plugins/gradle-plugin-development-3.3.jar
7f96abbff000-7f96abc05000 r--s 0002b000 08:01 34341930                   /root/.gradle/wrapper/dists/gradle-3.3-all/55gk2rcmfc6p2dg9u9ohc3hw9/gradle-3.3/lib/plugins/gradle-platform-play-3.3.jar
7f96abc05000-7f96abc13000 r--s 00055000 08:01 34341929                   /root/.gradle/wrapper/dists/gradle-3.3-all/55gk2rcmfc6p2dg9u9ohc3hw9/gradle-3.3/lib/plugins/gradle-platform-native-3.3.jar
7f96abc13000-7f96abc18000 r--s 0001f000 08:01 34341924                   /root/.gradle/wrapper/dists/gradle-3.3-all/55gk2rcmfc6p2dg9u9ohc3hw9/gradle-3.3/lib/plugins/gradle-platform-jvm-3.3.jar
7f96abc18000-7f96abc20000 r--s 00027000 08:01 34341923                   /root/.gradle/wrapper/dists/gradle-3.3-all/55gk2rcmfc6p2dg9u9ohc3hw9/gradle-3.3/lib/plugins/gradle-platform-base-3.3.jar
7f96abc20000-7f96abc48000 r--s 0021c000 08:01 34341956                   /root/.gradle/wrapper/dists/gradle-3.3-all/55gk2rcmfc6p2dg9u9ohc3hw9/gradle-3.3/lib/plugins/biz.aQute.bndlib-3.2.0.jar
7f96abc48000-7f96abc4a000 r--s 00003000 08:01 34341908                   /root/.gradle/wrapper/dists/gradle-3.3-all/55gk2rcmfc6p2dg9u9ohc3hw9/gradle-3.3/lib/plugins/gradle-osgi-3.3.jar
7f96abc4a000-7f96abc4d000 r--s 0000c000 08:01 34341959                   /root/.gradle/wrapper/dists/gradle-3.3-all/55gk2rcmfc6p2dg9u9ohc3hw9/gradle-3.3/lib/plugins/pmaven-groovy-0.8-20100325.jar
7f96abc4d000-7f96abc4e000 r--s 00004000 08:01 34341958                   /root/.gradle/wrapper/dists/gradle-3.3-all/55gk2rcmfc6p2dg9u9ohc3hw9/gradle-3.3/lib/plugins/pmaven-common-0.8-20100325.jar
7f96abc4e000-7f96abc54000 r--s 00023000 08:01 34341909                   /root/.gradle/wrapper/dists/gradle-3.3-all/55gk2rcmfc6p2dg9u9ohc3hw9/gradle-3.3/lib/plugins/gradle-maven-3.3.jar
7f96abc54000-7f96abc57000 r--s 0000b000 08:01 34341928                   /root/.gradle/wrapper/dists/gradle-3.3-all/55gk2rcmfc6p2dg9u9ohc3hw9/gradle-3.3/lib/plugins/gradle-language-scala-3.3.jar
7f96abc57000-7f96abc5d000 r--s 0001a000 08:01 34341932                   /root/.gradle/wrapper/dists/gradle-3.3-all/55gk2rcmfc6p2dg9u9ohc3hw9/gradle-3.3/lib/plugins/gradle-language-native-3.3.jar
7f96abc5d000-7f96abc60000 r--s 00005000 08:01 34341925                   /root/.gradle/wrapper/dists/gradle-3.3-all/55gk2rcmfc6p2dg9u9ohc3hw9/gradle-3.3/lib/plugins/gradle-language-jvm-3.3.jar
7f96abc60000-7f96abc66000 r--s 00027000 08:01 34341926                   /root/.gradle/wrapper/dists/gradle-3.3-all/55gk2rcmfc6p2dg9u9ohc3hw9/gradle-3.3/lib/plugins/gradle-language-java-3.3.jar
7f96abc66000-7f96abc68000 r--s 0000a000 08:01 34341927                   /root/.gradle/wrapper/dists/gradle-3.3-all/55gk2rcmfc6p2dg9u9ohc3hw9/gradle-3.3/lib/plugins/gradle-language-groovy-3.3.jar
7f96abc68000-7f96abc6b000 r--s 0001e000 08:01 34341983                   /root/.gradle/wrapper/dists/gradle-3.3-all/55gk2rcmfc6p2dg9u9ohc3hw9/gradle-3.3/lib/plugins/jsp-api-2.1-6.1.14.jar
7f96abc6b000-7f96abc8e000 r--s 00344000 08:01 34341982                   /root/.gradle/wrapper/dists/gradle-3.3-all/55gk2rcmfc6p2dg9u9ohc3hw9/gradle-3.3/lib/plugins/core-3.1.1.jar
7f96abc8e000-7f96abc8f000 r--s 00006000 08:01 34341981                   /root/.gradle/wrapper/dists/gradle-3.3-all/55gk2rcmfc6p2dg9u9ohc3hw9/gradle-3.3/lib/plugins/jetty-naming-6.1.26.jar
7f96abc8f000-7f96abc90000 r--s 00002000 08:01 34341955                   /root/.gradle/wrapper/dists/gradle-3.3-all/55gk2rcmfc6p2dg9u9ohc3hw9/gradle-3.3/lib/plugins/geronimo-annotation_1.0_spec-1.0.jar
7f96abc90000-7f96abc92000 r--s 00002000 08:01 34341954                   /root/.gradle/wrapper/dists/gradle-3.3-all/55gk2rcmfc6p2dg9u9ohc3hw9/gradle-3.3/lib/plugins/jetty-annotations-6.1.26.jar
7f96abc92000-7f96abca3000 r--s 000ea000 08:01 34341953                   /root/.gradle/wrapper/dists/gradle-3.3-all/55gk2rcmfc6p2dg9u9ohc3hw9/gradle-3.3/lib/plugins/jsp-2.1-6.1.14.jar
7f96abca3000-7f96abca5000 r--s 0000d000 08:01 34341952                   /root/.gradle/wrapper/dists/gradle-3.3-all/55gk2rcmfc6p2dg9u9ohc3hw9/gradle-3.3/lib/plugins/jetty-plus-6.1.26.jar
7f96abca5000-7f96abca7000 r--s 0001f000 08:01 34341951                   /root/.gradle/wrapper/dists/gradle-3.3-all/55gk2rcmfc6p2dg9u9ohc3hw9/gradle-3.3/lib/plugins/servlet-api-2.5-20081211.jar
7f96abca7000-7f96abcab000 r--s 00028000 08:01 34341950                   /root/.gradle/wrapper/dists/gradle-3.3-all/55gk2rcmfc6p2dg9u9ohc3hw9/gradle-3.3/lib/plugins/jetty-util-6.1.26.jar
7f96abcab000-7f96abcb2000 r--s 0007d000 08:01 34341949                   /root/.gradle/wrapper/dists/gradle-3.3-all/55gk2rcmfc6p2dg9u9ohc3hw9/gradle-3.3/lib/plugins/jetty-6.1.26.jar
7f96abcb2000-7f96abcb4000 r--s 0000a000 08:01 34341906                   /root/.gradle/wrapper/dists/gradle-3.3-all/55gk2rcmfc6p2dg9u9ohc3hw9/gradle-3.3/lib/plugins/gradle-jetty-3.3.jar
7f96abcb4000-7f96abcbb000 r--s 00035000 08:01 34341964                   /root/.gradle/wrapper/dists/gradle-3.3-all/55gk2rcmfc6p2dg9u9ohc3hw9/gradle-3.3/lib/plugins/simple-4.1.21.jar
7f96abcbb000-7f96abcc7000 r--s 00100000 08:01 34341962                   /root/.gradle/wrapper/dists/gradle-3.3-all/55gk2rcmfc6p2dg9u9ohc3hw9/gradle-3.3/lib/plugins/rhino-1.7R3.jar
7f96abcc7000-7f96abccb000 r--s 00012000 08:01 34341915                   /root/.gradle/wrapper/dists/gradle-3.3-all/55gk2rcmfc6p2dg9u9ohc3hw9/gradle-3.3/lib/plugins/gradle-javascript-3.3.jar
7f96abccb000-7f96abccd000 r--s 0000d000 08:01 34341921                   /root/.gradle/wrapper/dists/gradle-3.3-all/55gk2rcmfc6p2dg9u9ohc3hw9/gradle-3.3/lib/plugins/gradle-jacoco-3.3.jar
7f96abccd000-7f96abcd0000 r--s 0000e000 08:01 34341920                   /root/.gradle/wrapper/dists/gradle-3.3-all/55gk2rcmfc6p2dg9u9ohc3hw9/gradle-3.3/lib/plugins/gradle-ivy-3.3.jar
7f96abcd0000-7f96abcd1000 r--s 00002000 08:01 34341931                   /root/.gradle/wrapper/dists/gradle-3.3-all/55gk2rcmfc6p2dg9u9ohc3hw9/gradle-3.3/lib/plugins/gradle-ide-play-3.3.jar
7f96abcd1000-7f96abcd4000 r--s 00013000 08:01 34341933                   /root/.gradle/wrapper/dists/gradle-3.3-all/55gk2rcmfc6p2dg9u9ohc3hw9/gradle-3.3/lib/plugins/gradle-ide-native-3.3.jar
7f96abcd4000-7f96abcdd000 r--s 00055000 08:01 34341910                   /root/.gradle/wrapper/dists/gradle-3.3-all/55gk2rcmfc6p2dg9u9ohc3hw9/gradle-3.3/lib/plugins/gradle-ide-3.3.jar
7f96abcdd000-7f96abcdf000 r--s 00007000 08:01 34341914                   /root/.gradle/wrapper/dists/gradle-3.3-all/55gk2rcmfc6p2dg9u9ohc3hw9/gradle-3.3/lib/plugins/gradle-ear-3.3.jar
7f96abcdf000-7f96abce5000 r--s 00039000 08:01 34341917                   /root/.gradle/wrapper/dists/gradle-3.3-all/55gk2rcmfc6p2dg9u9ohc3hw9/gradle-3.3/lib/plugins/gradle-diagnostics-3.3.jar
7f96abce5000-7f96abce6000 r--s 00009000 08:01 34341943                   /root/.gradle/wrapper/dists/gradle-3.3-all/55gk2rcmfc6p2dg9u9ohc3hw9/gradle-3.3/lib/plugins/gradle-composite-builds-3.3.jar
7f96abce6000-7f96abcea000 r--s 00023000 08:01 34341905                   /root/.gradle/wrapper/dists/gradle-3.3-all/55gk2rcmfc6p2dg9u9ohc3hw9/gradle-3.3/lib/plugins/gradle-code-quality-3.3.jar
7f96abcea000-7f96abcee000 r--s 00022000 08:01 34341922                   /root/.gradle/wrapper/dists/gradle-3.3-all/55gk2rcmfc6p2dg9u9ohc3hw9/gradle-3.3/lib/plugins/gradle-build-init-3.3.jar
7f96abcee000-7f96abcf4000 r--s 0008e000 08:01 34341916                   /root/.gradle/wrapper/dists/gradle-3.3-all/55gk2rcmfc6p2dg9u9ohc3hw9/gradle-3.3/lib/plugins/gradle-build-comparison-3.3.jar
7f96abcf4000-7f96abcf5000 r--s 00001000 08:01 34341944                   /root/.gradle/wrapper/dists/gradle-3.3-all/55gk2rcmfc6p2dg9u9ohc3hw9/gradle-3.3/lib/plugins/gradle-build-cache-http-3.3.jar
7f96abcf5000-7f96abcf7000 r--s 00008000 08:01 34341907                   /root/.gradle/wrapper/dists/gradle-3.3-all/55gk2rcmfc6p2dg9u9ohc3hw9/gradle-3.3/lib/plugins/gradle-antlr-3.3.jar
7f96abcf7000-7f96abcf9000 r--s 00004000 08:01 34341911                   /root/.gradle/wrapper/dists/gradle-3.3-all/55gk2rcmfc6p2dg9u9ohc3hw9/gradle-3.3/lib/plugins/gradle-announce-3.3.jar
7f96abcf9000-7f96abd11000 r--s 00115000 08:01 34342013                   /root/.gradle/wrapper/dists/gradle-3.3-all/55gk2rcmfc6p2dg9u9ohc3hw9/gradle-3.3/lib/plugins/xercesImpl-2.9.1.jar
7f96abd11000-7f96abd19000 r--s 00028000 08:01 34342014                   /root/.gradle/wrapper/dists/gradle-3.3-all/55gk2rcmfc6p2dg9u9ohc3hw9/gradle-3.3/lib/plugins/xml-apis-1.3.04.jar
7f96abd19000-7f96abd1f000 r--s 0005b000 08:01 34342012                   /root/.gradle/wrapper/dists/gradle-3.3-all/55gk2rcmfc6p2dg9u9ohc3hw9/gradle-3.3/lib/plugins/jcifs-1.3.17.jar
7f96abd1f000-7f96abd25000 r--s 00033000 08:01 34341960                   /root/.gradle/wrapper/dists/gradle-3.3-all/55gk2rcmfc6p2dg9u9ohc3hw9/gradle-3.3/lib/plugins/commons-codec-1.6.jar
7f96abd25000-7f96abd2c000 r--s 00049000 08:01 34342011                   /root/.gradle/wrapper/dists/gradle-3.3-all/55gk2rcmfc6p2dg9u9ohc3hw9/gradle-3.3/lib/plugins/httpcore-4.4.4.jar
7f96abd2c000-7f96abd2f000 r--s 0001c000 08:01 34341969                   /root/.gradle/wrapper/dists/gradle-3.3-all/55gk2rcmfc6p2dg9u9ohc3hw9/gradle-3.3/lib/plugins/nekohtml-1.9.14.jar
7f96abd2f000-7f96abd3c000 r--s 000a4000 08:01 34341968                   /root/.gradle/wrapper/dists/gradle-3.3-all/55gk2rcmfc6p2dg9u9ohc3hw9/gradle-3.3/lib/plugins/httpclient-4.4.1.jar
7f96abd3c000-7f96abd3f000 r--s 0000a000 08:01 34341939                   /root/.gradle/wrapper/dists/gradle-3.3-all/55gk2rcmfc6p2dg9u9ohc3hw9/gradle-3.3/lib/plugins/gradle-resources-http-3.3.jar
7f96abd3f000-7f96abd43000 r--s 00015000 08:01 34341938                   /root/.gradle/wrapper/dists/gradle-3.3-all/55gk2rcmfc6p2dg9u9ohc3hw9/gradle-3.3/lib/plugins/gradle-plugin-use-3.3.jar
7f96abd43000-7f96abd44000 r--s 00000000 08:01 34341850                   /root/.gradle/wrapper/dists/gradle-3.3-all/55gk2rcmfc6p2dg9u9ohc3hw9/gradle-3.3/lib/gradle-installation-beacon-3.3.jar
7f96abd44000-7f96abd46000 r--s 00006000 08:01 34342007                   /root/.gradle/wrapper/dists/gradle-3.3-all/55gk2rcmfc6p2dg9u9ohc3hw9/gradle-3.3/lib/plugins/aether-connector-wagon-1.13.1.jar
7f96abd46000-7f96abd4a000 r--s 0001c000 08:01 34342006                   /root/.gradle/wrapper/dists/gradle-3.3-all/55gk2rcmfc6p2dg9u9ohc3hw9/gradle-3.3/lib/plugins/aether-util-1.13.1.jar
7f96abd4a000-7f96abd4b000 r--s 00003000 08:01 34342005                   /root/.gradle/wrapper/dists/gradle-3.3-all/55gk2rcmfc6p2dg9u9ohc3hw9/gradle-3.3/lib/plugins/aether-spi-1.13.1.jar
7f96abd4b000-7f96abd4e000 r--s 0001d000 08:01 34342004                   /root/.gradle/wrapper/dists/gradle-3.3-all/55gk2rcmfc6p2dg9u9ohc3hw9/gradle-3.3/lib/plugins/aether-impl-1.13.1.jar
7f96abd4e000-7f96abd51000 r--s 00013000 08:01 34342003                   /root/.gradle/wrapper/dists/gradle-3.3-all/55gk2rcmfc6p2dg9u9ohc3hw9/gradle-3.3/lib/plugins/aether-api-1.13.1.jar
7f96abd51000-7f96abd52000 r--s 00007000 08:01 34342002                   /root/.gradle/wrapper/dists/gradle-3.3-all/55gk2rcmfc6p2dg9u9ohc3hw9/gradle-3.3/lib/plugins/wagon-http-shared4-2.4.jar
7f96abd52000-7f96abd54000 r--s 0000b000 08:01 34342001                   /root/.gradle/wrapper/dists/gradle-3.3-all/55gk2rcmfc6p2dg9u9ohc3hw9/gradle-3.3/lib/plugins/wagon-provider-api-2.4.jar
7f96abd54000-7f96abd55000 r--s 00002000 08:01 34342000                   /root/.gradle/wrapper/dists/gradle-3.3-all/55gk2rcmfc6p2dg9u9ohc3hw9/gradle-3.3/lib/plugins/wagon-http-2.4.jar
7f96abd55000-7f96abd56000 r--s 00002000 08:01 34341999                   /root/.gradle/wrapper/dists/gradle-3.3-all/55gk2rcmfc6p2dg9u9ohc3hw9/gradle-3.3/lib/plugins/wagon-file-2.4.jar
7f96abd56000-7f96abd58000 r--s 0000c000 08:01 34341998                   /root/.gradle/wrapper/dists/gradle-3.3-all/55gk2rcmfc6p2dg9u9ohc3hw9/gradle-3.3/lib/plugins/maven-aether-provider-3.0.4.jar
7f96abd58000-7f96abd5a000 r--s 0000b000 08:01 34341997                   /root/.gradle/wrapper/dists/gradle-3.3-all/55gk2rcmfc6p2dg9u9ohc3hw9/gradle-3.3/lib/plugins/maven-plugin-api-3.0.4.jar
7f96abd5a000-7f96abd5c000 r--s 00006000 08:01 34341996                   /root/.gradle/wrapper/dists/gradle-3.3-all/55gk2rcmfc6p2dg9u9ohc3hw9/gradle-3.3/lib/plugins/maven-repository-metadata-3.0.4.jar
7f96abd5c000-7f96abd5e000 r--s 0000b000 08:01 34341995                   /root/.gradle/wrapper/dists/gradle-3.3-all/55gk2rcmfc6p2dg9u9ohc3hw9/gradle-3.3/lib/plugins/maven-artifact-3.0.4.jar
7f96abd5e000-7f96abd60000 r--s 00026000 08:01 34341994                   /root/.gradle/wrapper/dists/gradle-3.3-all/55gk2rcmfc6p2dg9u9ohc3hw9/gradle-3.3/lib/plugins/maven-model-3.0.4.jar
7f96abd60000-7f96abd64000 r--s 00021000 08:01 34341993                   /root/.gradle/wrapper/dists/gradle-3.3-all/55gk2rcmfc6p2dg9u9ohc3hw9/gradle-3.3/lib/plugins/maven-model-builder-3.0.4.jar
7f96abd64000-7f96abd6a000 r--s 0003f000 08:01 34341992                   /root/.gradle/wrapper/dists/gradle-3.3-all/55gk2rcmfc6p2dg9u9ohc3hw9/gradle-3.3/lib/plugins/maven-compat-3.0.4.jar
7f96abd6a000-7f96abd6b000 r--s 00006000 08:01 34341991                   /root/.gradle/wrapper/dists/gradle-3.3-all/55gk2rcmfc6p2dg9u9ohc3hw9/gradle-3.3/lib/plugins/plexus-sec-dispatcher-1.3.jar
7f96abd6b000-7f96abd6d000 r--s 00002000 08:01 34341990                   /root/.gradle/wrapper/dists/gradle-3.3-all/55gk2rcmfc6p2dg9u9ohc3hw9/gradle-3.3/lib/plugins/plexus-cipher-1.7.jar
7f96abd6d000-7f96abd6f000 r--s 0000a000 08:01 34341989                   /root/.gradle/wrapper/dists/gradle-3.3-all/55gk2rcmfc6p2dg9u9ohc3hw9/gradle-3.3/lib/plugins/plexus-classworlds-2.4.jar
7f96abd6f000-7f96abd76000 r--s 0002e000 08:01 34341988                   /root/.gradle/wrapper/dists/gradle-3.3-all/55gk2rcmfc6p2dg9u9ohc3hw9/gradle-3.3/lib/plugins/plexus-container-default-1.5.5.jar
7f96abd76000-7f96abd78000 r--s 00000000 08:01 34342015                   /root/.gradle/wrapper/dists/gradle-3.3-all/55gk2rcmfc6p2dg9u9ohc3hw9/gradle-3.3/lib/plugins/plexus-component-annotations-1.5.5.jar
7f96abd78000-7f96abd7c000 r--s 00033000 08:01 34341986                   /root/.gradle/wrapper/dists/gradle-3.3-all/55gk2rcmfc6p2dg9u9ohc3hw9/gradle-3.3/lib/plugins/plexus-utils-2.0.6.jar
7f96abd7c000-7f96abd7f000 r--s 00008000 08:01 34341985                   /root/.gradle/wrapper/dists/gradle-3.3-all/55gk2rcmfc6p2dg9u9ohc3hw9/gradle-3.3/lib/plugins/maven-settings-builder-3.0.4.jar
7f96abd7f000-7f96abdbf000 r--s 00277000 08:01 34341980                   /root/.gradle/wrapper/dists/gradle-3.3-all/55gk2rcmfc6p2dg9u9ohc3hw9/gradle-3.3/lib/plugins/bcprov-jdk15on-1.51.jar
7f96abdbf000-7f96abdcb000 r--s 0007d000 08:01 34341957                   /root/.gradle/wrapper/dists/gradle-3.3-all/55gk2rcmfc6p2dg9u9ohc3hw9/gradle-3.3/lib/plugins/maven-core-3.0.4.jar
7f96abdcb000-7f96abdea000 r--s 000f6000 08:01 34341946                   /root/.gradle/wrapper/dists/gradle-3.3-all/55gk2rcmfc6p2dg9u9ohc3hw9/gradle-3.3/lib/plugins/gradle-dependency-management-3.3.jar
7f96abdea000-7f96abe00000 r-xp 00000000 08:01 4985220                    /lib/x86_64-linux-gnu/libgcc_s.so.1
7f96abe00000-7f96abfff000 ---p 00016000 08:01 4985220                    /lib/x86_64-linux-gnu/libgcc_s.so.1
7f96abfff000-7f96ac000000 rw-p 00015000 08:01 4985220                    /lib/x86_64-linux-gnu/libgcc_s.so.1
7f96ac000000-7f96ac021000 rw-p 00000000 00:00 0 
7f96ac021000-7f96b0000000 ---p 00000000 00:00 0 
7f96b0000000-7f96b0021000 rw-p 00000000 00:00 0 
7f96b0021000-7f96b4000000 ---p 00000000 00:00 0 
7f96b4000000-7f96b57cf000 rw-p 00000000 00:00 0 
7f96b57cf000-7f96b8000000 ---p 00000000 00:00 0 
7f96b8000000-7f96b8b5f000 rw-p 00000000 00:00 0 
7f96b8b5f000-7f96bc000000 ---p 00000000 00:00 0 
7f96bc000000-7f96bc021000 rw-p 00000000 00:00 0 
7f96bc021000-7f96c0000000 ---p 00000000 00:00 0 
7f96c0000000-7f96c1d59000 rw-p 00000000 00:00 0 
7f96c1d59000-7f96c4000000 ---p 00000000 00:00 0 
7f96c4000000-7f96c4021000 rw-p 00000000 00:00 0 
7f96c4021000-7f96c8000000 ---p 00000000 00:00 0 
7f96c8000000-7f96c8021000 rw-p 00000000 00:00 0 
7f96c8021000-7f96cc000000 ---p 00000000 00:00 0 
7f96cc000000-7f96cc021000 rw-p 00000000 00:00 0 
7f96cc021000-7f96d0000000 ---p 00000000 00:00 0 
7f96d0000000-7f96d0021000 rw-p 00000000 00:00 0 
7f96d0021000-7f96d4000000 ---p 00000000 00:00 0 
7f96d4000000-7f96d4021000 rw-p 00000000 00:00 0 
7f96d4021000-7f96d8000000 ---p 00000000 00:00 0 
7f96d8000000-7f96d8021000 rw-p 00000000 00:00 0 
7f96d8021000-7f96dc000000 ---p 00000000 00:00 0 
7f96dc000000-7f96dc021000 rw-p 00000000 00:00 0 
7f96dc021000-7f96e0000000 ---p 00000000 00:00 0 
7f96e0000000-7f96e0002000 r--s 0000d000 08:01 34341987                   /root/.gradle/wrapper/dists/gradle-3.3-all/55gk2rcmfc6p2dg9u9ohc3hw9/gradle-3.3/lib/plugins/plexus-interpolation-1.14.jar
7f96e0002000-7f96e0007000 r--s 00040000 08:01 34341970                   /root/.gradle/wrapper/dists/gradle-3.3-all/55gk2rcmfc6p2dg9u9ohc3hw9/gradle-3.3/lib/plugins/jsch-0.1.53.jar
7f96e0007000-7f96e0179000 r-xp 00000000 08:01 11012225                   /usr/lib/x86_64-linux-gnu/libstdc++.so.6.0.21
7f96e0179000-7f96e0379000 ---p 00172000 08:01 11012225                   /usr/lib/x86_64-linux-gnu/libstdc++.so.6.0.21
7f96e0379000-7f96e0383000 r--p 00172000 08:01 11012225                   /usr/lib/x86_64-linux-gnu/libstdc++.so.6.0.21
7f96e0383000-7f96e0385000 rw-p 0017c000 08:01 11012225                   /usr/lib/x86_64-linux-gnu/libstdc++.so.6.0.21
7f96e0385000-7f96e0389000 rw-p 00000000 00:00 0 
7f96e0389000-7f96e038b000 r--s 0000a000 08:01 34341984                   /root/.gradle/wrapper/dists/gradle-3.3-all/55gk2rcmfc6p2dg9u9ohc3hw9/gradle-3.3/lib/plugins/maven-settings-3.0.4.jar
7f96e038b000-7f96e038f000 r--s 0001d000 08:01 34341979                   /root/.gradle/wrapper/dists/gradle-3.3-all/55gk2rcmfc6p2dg9u9ohc3hw9/gradle-3.3/lib/plugins/xbean-reflect-3.4.jar
7f96e038f000-7f96e0394000 r--s 00034000 08:01 34341963                   /root/.gradle/wrapper/dists/gradle-3.3-all/55gk2rcmfc6p2dg9u9ohc3hw9/gradle-3.3/lib/plugins/gson-2.7.jar
7f96e0394000-7f96e03a3000 r--s 000d9000 08:01 34341978                   /root/.gradle/wrapper/dists/gradle-3.3-all/55gk2rcmfc6p2dg9u9ohc3hw9/gradle-3.3/lib/plugins/ivy-2.2.0.jar
7f96e03a3000-7f96e03a5000 r--s 00005000 08:01 34341945                   /root/.gradle/wrapper/dists/gradle-3.3-all/55gk2rcmfc6p2dg9u9ohc3hw9/gradle-3.3/lib/plugins/gradle-workers-3.3.jar
7f96e03a5000-7f96e03aa000 r-xp 00000000 08:01 34345271                   /root/.gradle/native/23/linux-amd64/libnative-platform.so
7f96e03aa000-7f96e05a9000 ---p 00005000 08:01 34345271                   /root/.gradle/native/23/linux-amd64/libnative-platform.so
7f96e05a9000-7f96e05aa000 rw-p 00004000 08:01 34345271                   /root/.gradle/native/23/linux-amd64/libnative-platform.so
7f96e05aa000-7f96e05bb000 r-xp 00000000 08:01 11144059                   /usr/local/java/jdk1.8.0_121/jre/lib/amd64/libnio.so
7f96e05bb000-7f96e07ba000 ---p 00011000 08:01 11144059                   /usr/local/java/jdk1.8.0_121/jre/lib/amd64/libnio.so
7f96e07ba000-7f96e07bb000 rw-p 00010000 08:01 11144059                   /usr/local/java/jdk1.8.0_121/jre/lib/amd64/libnio.so
7f96e07bb000-7f96e0abc000 rw-p 00000000 00:00 0 
7f96e0abc000-7f96e0ad2000 r-xp 00000000 08:01 11144034                   /usr/local/java/jdk1.8.0_121/jre/lib/amd64/libnet.so
7f96e0ad2000-7f96e0cd2000 ---p 00016000 08:01 11144034                   /usr/local/java/jdk1.8.0_121/jre/lib/amd64/libnet.so
7f96e0cd2000-7f96e0cd3000 rw-p 00016000 08:01 11144034                   /usr/local/java/jdk1.8.0_121/jre/lib/amd64/libnet.so
7f96e0cd3000-7f96e0cd4000 r--s 00006000 08:01 34341849                   /root/.gradle/wrapper/dists/gradle-3.3-all/55gk2rcmfc6p2dg9u9ohc3hw9/gradle-3.3/lib/gradle-wrapper-3.3.jar
7f96e0cd4000-7f96e0ce1000 r--s 00041000 08:01 34341856                   /root/.gradle/wrapper/dists/gradle-3.3-all/55gk2rcmfc6p2dg9u9ohc3hw9/gradle-3.3/lib/gradle-tooling-api-3.3.jar
7f96e0ce1000-7f96e0ce3000 r--s 00002000 08:01 34341876                   /root/.gradle/wrapper/dists/gradle-3.3-all/55gk2rcmfc6p2dg9u9ohc3hw9/gradle-3.3/lib/gradle-open-api-3.3.jar
7f96e0ce3000-7f96e0ce9000 r--s 00032000 08:01 34341878                   /root/.gradle/wrapper/dists/gradle-3.3-all/55gk2rcmfc6p2dg9u9ohc3hw9/gradle-3.3/lib/jaxen-1.1.jar
7f96e0ce9000-7f96e0cee000 r--s 00048000 08:01 34341877                   /root/.gradle/wrapper/dists/gradle-3.3-all/55gk2rcmfc6p2dg9u9ohc3hw9/gradle-3.3/lib/dom4j-1.6.1.jar
7f96e0cee000-7f96e0cf9000 r--s 00059000 08:01 34341855                   /root/.gradle/wrapper/dists/gradle-3.3-all/55gk2rcmfc6p2dg9u9ohc3hw9/gradle-3.3/lib/gradle-ui-3.3.jar
7f96e0cf9000-7f96e0d02000 r--s 0008c000 08:01 34341847                   /root/.gradle/wrapper/dists/gradle-3.3-all/55gk2rcmfc6p2dg9u9ohc3hw9/gradle-3.3/lib/kotlin-stdlib-1.1-M02.jar
7f96e0d02000-7f96e0d08000 r--s 0002a000 08:01 34341846                   /root/.gradle/wrapper/dists/gradle-3.3-all/55gk2rcmfc6p2dg9u9ohc3hw9/gradle-3.3/lib/kotlin-runtime-1.1-M02.jar
7f96e0d08000-7f96e0d3c000 r--s 00256000 08:01 34341845                   /root/.gradle/wrapper/dists/gradle-3.3-all/55gk2rcmfc6p2dg9u9ohc3hw9/gradle-3.3/lib/kotlin-reflect-1.1-M02.jar
7f96e0d3c000-7f96e0ed2000 r--s 0157e000 08:01 34341844                   /root/.gradle/wrapper/dists/gradle-3.3-all/55gk2rcmfc6p2dg9u9ohc3hw9/gradle-3.3/lib/kotlin-compiler-embeddable-1.1-M02.jar
7f96e0ed2000-7f96e0eda000 r--s 0004e000 08:01 34341843                   /root/.gradle/wrapper/dists/gradle-3.3-all/55gk2rcmfc6p2dg9u9ohc3hw9/gradle-3.3/lib/gradle-script-kotlin-0.5.1.jar
7f96e0eda000-7f96e0edd000 r--s 0000b000 08:01 34341874                   /root/.gradle/wrapper/dists/gradle-3.3-all/55gk2rcmfc6p2dg9u9ohc3hw9/gradle-3.3/lib/gradle-resources-3.3.jar
7f96e0edd000-7f96e0edf000 r--s 00003000 08:01 34341883                   /root/.gradle/wrapper/dists/gradle-3.3-all/55gk2rcmfc6p2dg9u9ohc3hw9/gradle-3.3/lib/jcl-over-slf4j-1.7.10.jar
7f96e0edf000-7f96e0ee0000 r--s 00005000 08:01 34341882                   /root/.gradle/wrapper/dists/gradle-3.3-all/55gk2rcmfc6p2dg9u9ohc3hw9/gradle-3.3/lib/log4j-over-slf4j-1.7.10.jar
7f96e0ee0000-7f96e0ee2000 r--s 00000000 08:01 34341881                   /root/.gradle/wrapper/dists/gradle-3.3-all/55gk2rcmfc6p2dg9u9ohc3hw9/gradle-3.3/lib/jul-to-slf4j-1.7.10.jar
7f96e0ee2000-7f96e0ee7000 r--s 0001e000 08:01 34341858                   /root/.gradle/wrapper/dists/gradle-3.3-all/55gk2rcmfc6p2dg9u9ohc3hw9/gradle-3.3/lib/gradle-logging-3.3.jar
7f96e0ee7000-7f96e0ee9000 r--s 00007000 08:01 34341902                   /root/.gradle/wrapper/dists/gradle-3.3-all/55gk2rcmfc6p2dg9u9ohc3hw9/gradle-3.3/lib/objenesis-1.2.jar
7f96e0ee9000-7f96e0eeb000 r--s 00000000 08:01 34341901                   /root/.gradle/wrapper/dists/gradle-3.3-all/55gk2rcmfc6p2dg9u9ohc3hw9/gradle-3.3/lib/minlog-1.2.jar
7f96e0eeb000-7f96e0eed000 r--s 0000f000 08:01 34341900                   /root/.gradle/wrapper/dists/gradle-3.3-all/55gk2rcmfc6p2dg9u9ohc3hw9/gradle-3.3/lib/reflectasm-1.07-shaded.jar
7f96e0eed000-7f96e0ef1000 r--s 00026000 08:01 34341885                   /root/.gradle/wrapper/dists/gradle-3.3-all/55gk2rcmfc6p2dg9u9ohc3hw9/gradle-3.3/lib/kryo-2.20.jar
7f96e0ef1000-7f96e0ef7000 r--s 00027000 08:01 34341873                   /root/.gradle/wrapper/dists/gradle-3.3-all/55gk2rcmfc6p2dg9u9ohc3hw9/gradle-3.3/lib/gradle-messaging-3.3.jar
7f96e0ef7000-7f96e0ef8000 r--s 00001000 08:01 34341899                   /root/.gradle/wrapper/dists/gradle-3.3-all/55gk2rcmfc6p2dg9u9ohc3hw9/gradle-3.3/lib/native-platform-linux-i386-ncurses6-0.12.jar
7f96e0ef8000-7f96e0ef9000 r--s 00001000 08:01 34341898                   /root/.gradle/wrapper/dists/gradle-3.3-all/55gk2rcmfc6p2dg9u9ohc3hw9/gradle-3.3/lib/native-platform-linux-i386-ncurses5-0.12.jar
7f96e0ef9000-7f96e0efa000 r--s 00001000 08:01 34341897                   /root/.gradle/wrapper/dists/gradle-3.3-all/55gk2rcmfc6p2dg9u9ohc3hw9/gradle-3.3/lib/native-platform-linux-amd64-ncurses6-0.12.jar
7f96e0efa000-7f96e0efb000 r--s 00001000 08:01 34341896                   /root/.gradle/wrapper/dists/gradle-3.3-all/55gk2rcmfc6p2dg9u9ohc3hw9/gradle-3.3/lib/native-platform-linux-amd64-ncurses5-0.12.jar
7f96e0efb000-7f96e0efc000 r--s 0000b000 08:01 34341895                   /root/.gradle/wrapper/dists/gradle-3.3-all/55gk2rcmfc6p2dg9u9ohc3hw9/gradle-3.3/lib/native-platform-windows-i386-0.12.jar
7f96e0efc000-7f96e0efe000 r--s 0000b000 08:01 34341894                   /root/.gradle/wrapper/dists/gradle-3.3-all/55gk2rcmfc6p2dg9u9ohc3hw9/gradle-3.3/lib/native-platform-windows-amd64-0.12.jar
7f96e0efe000-7f96e0f00000 r--s 00002000 08:01 34341893                   /root/.gradle/wrapper/dists/gradle-3.3-all/55gk2rcmfc6p2dg9u9ohc3hw9/gradle-3.3/lib/native-platform-osx-i386-0.12.jar
7f96e0f00000-7f96e0f01000 r--s 00002000 08:01 34341892                   /root/.gradle/wrapper/dists/gradle-3.3-all/55gk2rcmfc6p2dg9u9ohc3hw9/gradle-3.3/lib/native-platform-osx-amd64-0.12.jar
7f96e0f01000-7f96e0f02000 r--s 00002000 08:01 34341891                   /root/.gradle/wrapper/dists/gradle-3.3-all/55gk2rcmfc6p2dg9u9ohc3hw9/gradle-3.3/lib/native-platform-linux-i386-0.12.jar
7f96e0f02000-7f96e0f03000 r--s 00002000 08:01 34341890                   /root/.gradle/wrapper/dists/gradle-3.3-all/55gk2rcmfc6p2dg9u9ohc3hw9/gradle-3.3/lib/native-platform-linux-amd64-0.12.jar
7f96e0f03000-7f96e0f04000 r--s 00003000 08:01 34341889                   /root/.gradle/wrapper/dists/gradle-3.3-all/55gk2rcmfc6p2dg9u9ohc3hw9/gradle-3.3/lib/native-platform-freebsd-i386-libstdcpp-0.12.jar
7f96e0f04000-7f96e0f05000 r--s 00004000 08:01 34341888                   /root/.gradle/wrapper/dists/gradle-3.3-all/55gk2rcmfc6p2dg9u9ohc3hw9/gradle-3.3/lib/native-platform-freebsd-i386-libcpp-0.12.jar
7f96e0f05000-7f96e0f07000 r--s 00003000 08:01 34341887                   /root/.gradle/wrapper/dists/gradle-3.3-all/55gk2rcmfc6p2dg9u9ohc3hw9/gradle-3.3/lib/native-platform-freebsd-amd64-libstdcpp-0.12.jar
7f96e0f07000-7f96e0f0a000 r--s 00023000 08:01 34341880                   /root/.gradle/wrapper/dists/gradle-3.3-all/55gk2rcmfc6p2dg9u9ohc3hw9/gradle-3.3/lib/jansi-1.14.jar
7f96e0f0a000-7f96e0f0e000 r--s 00011000 08:01 34341879                   /root/.gradle/wrapper/dists/gradle-3.3-all/55gk2rcmfc6p2dg9u9ohc3hw9/gradle-3.3/lib/native-platform-0.12.jar
7f96e0f0e000-7f96e0f11000 r--s 0000a000 08:01 34341857                   /root/.gradle/wrapper/dists/gradle-3.3-all/55gk2rcmfc6p2dg9u9ohc3hw9/gradle-3.3/lib/gradle-native-3.3.jar
7f96e0f11000-7f96e0f13000 r--s 00005000 08:01 34341854                   /root/.gradle/wrapper/dists/gradle-3.3-all/55gk2rcmfc6p2dg9u9ohc3hw9/gradle-3.3/lib/gradle-cli-3.3.jar
7f96e0f13000-7f96e0f15000 r--s 00007000 08:01 34341865                   /root/.gradle/wrapper/dists/gradle-3.3-all/55gk2rcmfc6p2dg9u9ohc3hw9/gradle-3.3/lib/gradle-model-groovy-3.3.jar
7f96e0f15000-7f96e0f17000 r--s 00006000 08:01 34341872                   /root/.gradle/wrapper/dists/gradle-3.3-all/55gk2rcmfc6p2dg9u9ohc3hw9/gradle-3.3/lib/gradle-base-services-groovy-3.3.jar
7f96e0f17000-7f96e0f26000 r--s 0007f000 08:01 34341864                   /root/.gradle/wrapper/dists/gradle-3.3-all/55gk2rcmfc6p2dg9u9ohc3hw9/gradle-3.3/lib/gradle-model-core-3.3.jar
7f96e0f26000-7f96e0f96000 r--s 00641000 08:01 34341863                   /root/.gradle/wrapper/dists/gradle-3.3-all/55gk2rcmfc6p2dg9u9ohc3hw9/gradle-3.3/lib/groovy-all-2.4.7.jar
7f96e0f96000-7f96e0fbe000 r--s 001cf000 08:01 34341860                   /root/.gradle/wrapper/dists/gradle-3.3-all/55gk2rcmfc6p2dg9u9ohc3hw9/gradle-3.3/lib/guava-jdk5-17.0.jar
7f96e0fbe000-7f96e0fdd000 r--s 001d1000 08:01 34341867                   /root/.gradle/wrapper/dists/gradle-3.3-all/55gk2rcmfc6p2dg9u9ohc3hw9/gradle-3.3/lib/ant-1.9.6.jar
7f96e0fdd000-7f96e101a000 r--s 001f8000 08:01 34341853                   /root/.gradle/wrapper/dists/gradle-3.3-all/55gk2rcmfc6p2dg9u9ohc3hw9/gradle-3.3/lib/gradle-core-3.3.jar
7f96e101a000-7f96e101b000 ---p 00000000 00:00 0 
7f96e101b000-7f96e111b000 rw-p 00000000 00:00 0 
7f96e111b000-7f96e111e000 ---p 00000000 00:00 0 
7f96e111e000-7f96e121c000 rw-p 00000000 00:00 0 
7f96e121c000-7f96e121f000 ---p 00000000 00:00 0 
7f96e121f000-7f96e131d000 rw-p 00000000 00:00 0 
7f96e131d000-7f96e1320000 ---p 00000000 00:00 0 
7f96e1320000-7f96e141e000 rw-p 00000000 00:00 0 
7f96e141e000-7f96e1421000 ---p 00000000 00:00 0 
7f96e1421000-7f96e151f000 rw-p 00000000 00:00 0 
7f96e151f000-7f96e1522000 ---p 00000000 00:00 0 
7f96e1522000-7f96e1620000 rw-p 00000000 00:00 0 
7f96e1620000-7f96e18f9000 r--p 00000000 08:01 11010311                   /usr/lib/locale/locale-archive
7f96e18f9000-7f96e18fc000 ---p 00000000 00:00 0 
7f96e18fc000-7f96e19fa000 rw-p 00000000 00:00 0 
7f96e19fa000-7f96e19fd000 ---p 00000000 00:00 0 
7f96e19fd000-7f96e1afb000 rw-p 00000000 00:00 0 
7f96e1afb000-7f96e1afc000 ---p 00000000 00:00 0 
7f96e1afc000-7f96e5000000 rw-p 00000000 00:00 0 
7f96e5000000-7f96e5b70000 rwxp 00000000 00:00 0 
7f96e5b70000-7f96f4000000 ---p 00000000 00:00 0 
7f96f4000000-7f96f4d1b000 rw-p 00000000 00:00 0 
7f96f4d1b000-7f96f8000000 ---p 00000000 00:00 0 
7f96f8000000-7f96f8001000 r--s 00004000 08:01 34341886                   /root/.gradle/wrapper/dists/gradle-3.3-all/55gk2rcmfc6p2dg9u9ohc3hw9/gradle-3.3/lib/native-platform-freebsd-amd64-libcpp-0.12.jar
7f96f8001000-7f96f8002000 r--s 00002000 08:01 34341875                   /root/.gradle/wrapper/dists/gradle-3.3-all/55gk2rcmfc6p2dg9u9ohc3hw9/gradle-3.3/lib/gradle-docs-3.3.jar
7f96f8002000-7f96f800f000 r--s 00083000 08:01 34341868                   /root/.gradle/wrapper/dists/gradle-3.3-all/55gk2rcmfc6p2dg9u9ohc3hw9/gradle-3.3/lib/commons-collections-3.2.2.jar
7f96f800f000-7f96f8bed000 rw-p 00000000 00:00 0 
7f96f8bed000-7f96f8dc6000 r--s 03d3e000 08:01 11144026                   /usr/local/java/jdk1.8.0_121/jre/lib/rt.jar
7f96f8dc6000-7f96f993c000 rw-p 00000000 00:00 0 
7f96f993c000-7f96f993d000 ---p 00000000 00:00 0 
7f96f993d000-7f96f9a3d000 rw-p 00000000 00:00 0 
7f96f9a3d000-7f96f9a3e000 ---p 00000000 00:00 0 
7f96f9a3e000-7f96f9b3e000 rw-p 00000000 00:00 0 
7f96f9b3e000-7f96f9b3f000 ---p 00000000 00:00 0 
7f96f9b3f000-7f96f9c3f000 rw-p 00000000 00:00 0 
7f96f9c3f000-7f96f9c40000 ---p 00000000 00:00 0 
7f96f9c40000-7f96f9d65000 rw-p 00000000 00:00 0 
7f96f9d65000-7f96f9f40000 ---p 00000000 00:00 0 
7f96f9f40000-7f96f9f65000 rw-p 00000000 00:00 0 
7f96f9f65000-7f96fa140000 ---p 00000000 00:00 0 
7f96fa140000-7f96fa181000 rw-p 00000000 00:00 0 
7f96fa181000-7f96fa240000 ---p 00000000 00:00 0 
7f96fa240000-7f96fa26f000 rw-p 00000000 00:00 0 
7f96fa26f000-7f96fa601000 ---p 00000000 00:00 0 
7f96fa601000-7f96fa61b000 r-xp 00000000 08:01 11144057                   /usr/local/java/jdk1.8.0_121/jre/lib/amd64/libzip.so
7f96fa61b000-7f96fa81b000 ---p 0001a000 08:01 11144057                   /usr/local/java/jdk1.8.0_121/jre/lib/amd64/libzip.so
7f96fa81b000-7f96fa81c000 rw-p 0001a000 08:01 11144057                   /usr/local/java/jdk1.8.0_121/jre/lib/amd64/libzip.so
7f96fa81c000-7f96fa827000 r-xp 00000000 08:01 4981359                    /lib/x86_64-linux-gnu/libnss_files-2.23.so
7f96fa827000-7f96faa26000 ---p 0000b000 08:01 4981359                    /lib/x86_64-linux-gnu/libnss_files-2.23.so
7f96faa26000-7f96faa27000 r--p 0000a000 08:01 4981359                    /lib/x86_64-linux-gnu/libnss_files-2.23.so
7f96faa27000-7f96faa28000 rw-p 0000b000 08:01 4981359                    /lib/x86_64-linux-gnu/libnss_files-2.23.so
7f96faa28000-7f96faa2e000 rw-p 00000000 00:00 0 
7f96faa2e000-7f96faa39000 r-xp 00000000 08:01 4981330                    /lib/x86_64-linux-gnu/libnss_nis-2.23.so
7f96faa39000-7f96fac38000 ---p 0000b000 08:01 4981330                    /lib/x86_64-linux-gnu/libnss_nis-2.23.so
7f96fac38000-7f96fac39000 r--p 0000a000 08:01 4981330                    /lib/x86_64-linux-gnu/libnss_nis-2.23.so
7f96fac39000-7f96fac3a000 rw-p 0000b000 08:01 4981330                    /lib/x86_64-linux-gnu/libnss_nis-2.23.so
7f96fac3a000-7f96fac50000 r-xp 00000000 08:01 4981342                    /lib/x86_64-linux-gnu/libnsl-2.23.so
7f96fac50000-7f96fae4f000 ---p 00016000 08:01 4981342                    /lib/x86_64-linux-gnu/libnsl-2.23.so
7f96fae4f000-7f96fae50000 r--p 00015000 08:01 4981342                    /lib/x86_64-linux-gnu/libnsl-2.23.so
7f96fae50000-7f96fae51000 rw-p 00016000 08:01 4981342                    /lib/x86_64-linux-gnu/libnsl-2.23.so
7f96fae51000-7f96fae53000 rw-p 00000000 00:00 0 
7f96fae53000-7f96fae5b000 r-xp 00000000 08:01 4981362                    /lib/x86_64-linux-gnu/libnss_compat-2.23.so
7f96fae5b000-7f96fb05a000 ---p 00008000 08:01 4981362                    /lib/x86_64-linux-gnu/libnss_compat-2.23.so
7f96fb05a000-7f96fb05b000 r--p 00007000 08:01 4981362                    /lib/x86_64-linux-gnu/libnss_compat-2.23.so
7f96fb05b000-7f96fb05c000 rw-p 00008000 08:01 4981362                    /lib/x86_64-linux-gnu/libnss_compat-2.23.so
7f96fb05c000-7f96fb087000 r-xp 00000000 08:01 11144613                   /usr/local/java/jdk1.8.0_121/jre/lib/amd64/libjava.so
7f96fb087000-7f96fb286000 ---p 0002b000 08:01 11144613                   /usr/local/java/jdk1.8.0_121/jre/lib/amd64/libjava.so
7f96fb286000-7f96fb288000 rw-p 0002a000 08:01 11144613                   /usr/local/java/jdk1.8.0_121/jre/lib/amd64/libjava.so
7f96fb288000-7f96fb295000 r-xp 00000000 08:01 11144035                   /usr/local/java/jdk1.8.0_121/jre/lib/amd64/libverify.so
7f96fb295000-7f96fb494000 ---p 0000d000 08:01 11144035                   /usr/local/java/jdk1.8.0_121/jre/lib/amd64/libverify.so
7f96fb494000-7f96fb496000 rw-p 0000c000 08:01 11144035                   /usr/local/java/jdk1.8.0_121/jre/lib/amd64/libverify.so
7f96fb496000-7f96fb49d000 r-xp 00000000 08:01 4981363                    /lib/x86_64-linux-gnu/librt-2.23.so
7f96fb49d000-7f96fb69c000 ---p 00007000 08:01 4981363                    /lib/x86_64-linux-gnu/librt-2.23.so
7f96fb69c000-7f96fb69d000 r--p 00006000 08:01 4981363                    /lib/x86_64-linux-gnu/librt-2.23.so
7f96fb69d000-7f96fb69e000 rw-p 00007000 08:01 4981363                    /lib/x86_64-linux-gnu/librt-2.23.so
7f96fb69e000-7f96fb7a6000 r-xp 00000000 08:01 4981336                    /lib/x86_64-linux-gnu/libm-2.23.so
7f96fb7a6000-7f96fb9a5000 ---p 00108000 08:01 4981336                    /lib/x86_64-linux-gnu/libm-2.23.so
7f96fb9a5000-7f96fb9a6000 r--p 00107000 08:01 4981336                    /lib/x86_64-linux-gnu/libm-2.23.so
7f96fb9a6000-7f96fb9a7000 rw-p 00108000 08:01 4981336                    /lib/x86_64-linux-gnu/libm-2.23.so
7f96fb9a7000-7f96fc675000 r-xp 00000000 08:01 11144883                   /usr/local/java/jdk1.8.0_121/jre/lib/amd64/server/libjvm.so
7f96fc675000-7f96fc875000 ---p 00cce000 08:01 11144883                   /usr/local/java/jdk1.8.0_121/jre/lib/amd64/server/libjvm.so
7f96fc875000-7f96fc94e000 rw-p 00cce000 08:01 11144883                   /usr/local/java/jdk1.8.0_121/jre/lib/amd64/server/libjvm.so
7f96fc94e000-7f96fc999000 rw-p 00000000 00:00 0 
7f96fc999000-7f96fcb58000 r-xp 00000000 08:01 4981344                    /lib/x86_64-linux-gnu/libc-2.23.so
7f96fcb58000-7f96fcd58000 ---p 001bf000 08:01 4981344                    /lib/x86_64-linux-gnu/libc-2.23.so
7f96fcd58000-7f96fcd5c000 r--p 001bf000 08:01 4981344                    /lib/x86_64-linux-gnu/libc-2.23.so
7f96fcd5c000-7f96fcd5e000 rw-p 001c3000 08:01 4981344                    /lib/x86_64-linux-gnu/libc-2.23.so
7f96fcd5e000-7f96fcd62000 rw-p 00000000 00:00 0 
7f96fcd62000-7f96fcd65000 r-xp 00000000 08:01 4981328                    /lib/x86_64-linux-gnu/libdl-2.23.so
7f96fcd65000-7f96fcf64000 ---p 00003000 08:01 4981328                    /lib/x86_64-linux-gnu/libdl-2.23.so
7f96fcf64000-7f96fcf65000 r--p 00002000 08:01 4981328                    /lib/x86_64-linux-gnu/libdl-2.23.so
7f96fcf65000-7f96fcf66000 rw-p 00003000 08:01 4981328                    /lib/x86_64-linux-gnu/libdl-2.23.so
7f96fcf66000-7f96fcf7b000 r-xp 00000000 08:01 11020813                   /usr/local/java/jdk1.8.0_121/lib/amd64/jli/libjli.so
7f96fcf7b000-7f96fd17b000 ---p 00015000 08:01 11020813                   /usr/local/java/jdk1.8.0_121/lib/amd64/jli/libjli.so
7f96fd17b000-7f96fd17c000 rw-p 00015000 08:01 11020813                   /usr/local/java/jdk1.8.0_121/lib/amd64/jli/libjli.so
7f96fd17c000-7f96fd194000 r-xp 00000000 08:01 4981369                    /lib/x86_64-linux-gnu/libpthread-2.23.so
7f96fd194000-7f96fd393000 ---p 00018000 08:01 4981369                    /lib/x86_64-linux-gnu/libpthread-2.23.so
7f96fd393000-7f96fd394000 r--p 00017000 08:01 4981369                    /lib/x86_64-linux-gnu/libpthread-2.23.so
7f96fd394000-7f96fd395000 rw-p 00018000 08:01 4981369                    /lib/x86_64-linux-gnu/libpthread-2.23.so
7f96fd395000-7f96fd399000 rw-p 00000000 00:00 0 
7f96fd399000-7f96fd3bf000 r-xp 00000000 08:01 4981346                    /lib/x86_64-linux-gnu/ld-2.23.so
7f96fd3bf000-7f96fd3c0000 r--s 00000000 08:01 34341871                   /root/.gradle/wrapper/dists/gradle-3.3-all/55gk2rcmfc6p2dg9u9ohc3hw9/gradle-3.3/lib/javax.inject-1.jar
7f96fd3c0000-7f96fd3c1000 r--s 00000000 08:01 34341870                   /root/.gradle/wrapper/dists/gradle-3.3-all/55gk2rcmfc6p2dg9u9ohc3hw9/gradle-3.3/lib/jcip-annotations-1.0.jar
7f96fd3c1000-7f96fd3c5000 r--s 00027000 08:01 34341869                   /root/.gradle/wrapper/dists/gradle-3.3-all/55gk2rcmfc6p2dg9u9ohc3hw9/gradle-3.3/lib/commons-io-2.2.jar
7f96fd3c5000-7f96fd3ca000 r--s 00038000 08:01 34341866                   /root/.gradle/wrapper/dists/gradle-3.3-all/55gk2rcmfc6p2dg9u9ohc3hw9/gradle-3.3/lib/asm-all-5.1.jar
7f96fd3ca000-7f96fd3cb000 r--s 00001000 08:01 34341862                   /root/.gradle/wrapper/dists/gradle-3.3-all/55gk2rcmfc6p2dg9u9ohc3hw9/gradle-3.3/lib/gradle-process-services-3.3.jar
7f96fd3cb000-7f96fd3d0000 r--s 00041000 08:01 34341861                   /root/.gradle/wrapper/dists/gradle-3.3-all/55gk2rcmfc6p2dg9u9ohc3hw9/gradle-3.3/lib/commons-lang-2.6.jar
7f96fd3d0000-7f96fd3d9000 r--s 00042000 08:01 34341851                   /root/.gradle/wrapper/dists/gradle-3.3-all/55gk2rcmfc6p2dg9u9ohc3hw9/gradle-3.3/lib/gradle-base-services-3.3.jar
7f96fd3d9000-7f96fd49b000 rw-p 00000000 00:00 0 
7f96fd49b000-7f96fd49e000 ---p 00000000 00:00 0 
7f96fd49e000-7f96fd5a0000 rw-p 00000000 00:00 0 
7f96fd5a0000-7f96fd5a2000 r--s 00000000 08:01 34341852                   /root/.gradle/wrapper/dists/gradle-3.3-all/55gk2rcmfc6p2dg9u9ohc3hw9/gradle-3.3/lib/gradle-jvm-services-3.3.jar
7f96fd5a2000-7f96fd5a3000 r--s 00000000 08:01 34342017                   /root/.gradle/wrapper/dists/gradle-3.3-all/55gk2rcmfc6p2dg9u9ohc3hw9/gradle-3.3/lib/gradle-version-info-3.3.jar
7f96fd5a3000-7f96fd5a4000 r--s 00007000 08:01 34341859                   /root/.gradle/wrapper/dists/gradle-3.3-all/55gk2rcmfc6p2dg9u9ohc3hw9/gradle-3.3/lib/slf4j-api-1.7.10.jar
7f96fd5a4000-7f96fd5a5000 r--s 00004000 08:01 34341884                   /root/.gradle/wrapper/dists/gradle-3.3-all/55gk2rcmfc6p2dg9u9ohc3hw9/gradle-3.3/lib/ant-launcher-1.9.6.jar
7f96fd5a5000-7f96fd5b2000 r--s 0005c000 08:01 34341848                   /root/.gradle/wrapper/dists/gradle-3.3-all/55gk2rcmfc6p2dg9u9ohc3hw9/gradle-3.3/lib/gradle-launcher-3.3.jar
7f96fd5b2000-7f96fd5ba000 rw-s 00000000 08:01 790575                     /tmp/hsperfdata_root/3424
7f96fd5ba000-7f96fd5bb000 rw-p 00000000 00:00 0 
7f96fd5bb000-7f96fd5bc000 r--p 00000000 00:00 0 
7f96fd5bc000-7f96fd5be000 rw-p 00000000 00:00 0 
7f96fd5be000-7f96fd5bf000 r--p 00025000 08:01 4981346                    /lib/x86_64-linux-gnu/ld-2.23.so
7f96fd5bf000-7f96fd5c0000 rw-p 00026000 08:01 4981346                    /lib/x86_64-linux-gnu/ld-2.23.so
7f96fd5c0000-7f96fd5c1000 rw-p 00000000 00:00 0 
7ffcea1ba000-7ffcea1db000 rw-p 00000000 00:00 0                          [stack]
7ffcea1fb000-7ffcea1fd000 r--p 00000000 00:00 0                          [vvar]
7ffcea1fd000-7ffcea1ff000 r-xp 00000000 00:00 0                          [vdso]
ffffffffff600000-ffffffffff601000 r-xp 00000000 00:00 0                  [vsyscall]

VM Arguments:
jvm_args: -Xmx1536m -Dfile.encoding=UTF-8 -Duser.country=US -Duser.language=en -Duser.variant 
java_command: org.gradle.launcher.daemon.bootstrap.GradleDaemon 3.3
java_class_path (initial): /root/.gradle/wrapper/dists/gradle-3.3-all/55gk2rcmfc6p2dg9u9ohc3hw9/gradle-3.3/lib/gradle-launcher-3.3.jar
Launcher Type: SUN_STANDARD

Environment Variables:
JAVA_HOME=/usr/local/java/jdk1.8.0_121/
PATH=/usr/local/sbin:/usr/local/bin:/usr/sbin:/usr/bin:/sbin:/bin:/snap/bin
USERNAME=root
LD_LIBRARY_PATH=/opt/android-studio/bin:
SHELL=/bin/bash
DISPLAY=:0

Signal Handlers:
SIGSEGV: [libjvm.so+0xac78c0], sa_mask[0]=11111111011111111101111111111110, sa_flags=SA_RESTART|SA_SIGINFO
SIGBUS: [libjvm.so+0xac78c0], sa_mask[0]=11111111011111111101111111111110, sa_flags=SA_RESTART|SA_SIGINFO
SIGFPE: [libjvm.so+0x920ac0], sa_mask[0]=11111111011111111101111111111110, sa_flags=SA_RESTART|SA_SIGINFO
SIGPIPE: [libjvm.so+0x920ac0], sa_mask[0]=11111111011111111101111111111110, sa_flags=SA_RESTART|SA_SIGINFO
SIGXFSZ: [libjvm.so+0x920ac0], sa_mask[0]=11111111011111111101111111111110, sa_flags=SA_RESTART|SA_SIGINFO
SIGILL: [libjvm.so+0x920ac0], sa_mask[0]=11111111011111111101111111111110, sa_flags=SA_RESTART|SA_SIGINFO
SIGUSR1: SIG_DFL, sa_mask[0]=00000000000000000000000000000000, sa_flags=none
SIGUSR2: [libjvm.so+0x922300], sa_mask[0]=00100000000000000000000000000000, sa_flags=SA_RESTART|SA_SIGINFO
SIGHUP: [libjvm.so+0x923700], sa_mask[0]=11111111011111111101111111111110, sa_flags=SA_RESTART|SA_SIGINFO
SIGINT: [libjvm.so+0x923700], sa_mask[0]=11111111011111111101111111111110, sa_flags=SA_RESTART|SA_SIGINFO
SIGTERM: [libjvm.so+0x923700], sa_mask[0]=11111111011111111101111111111110, sa_flags=SA_RESTART|SA_SIGINFO
SIGQUIT: [libjvm.so+0x923700], sa_mask[0]=11111111011111111101111111111110, sa_flags=SA_RESTART|SA_SIGINFO


---------------  S Y S T E M  ---------------

OS:DISTRIB_ID=Ubuntu
DISTRIB_RELEASE=16.04
DISTRIB_CODENAME=xenial
DISTRIB_DESCRIPTION="Ubuntu 16.04.2 LTS"

uname:Linux 4.4.0-72-generic #93-Ubuntu SMP Fri Mar 31 14:07:41 UTC 2017 x86_64
libc:glibc 2.23 NPTL 2.23 
rlimit: STACK 8192k, CORE 0k, NPROC 31513, NOFILE 65536, AS infinity
load average:3.53 1.67 0.76

/proc/meminfo:
MemTotal:        8107696 kB
MemFree:         4022200 kB
MemAvailable:    5272168 kB
Buffers:          145516 kB
Cached:          1603532 kB
SwapCached:            0 kB
Active:          2744900 kB
Inactive:        1053700 kB
Active(anon):    2062264 kB
Inactive(anon):   319188 kB
Active(file):     682636 kB
Inactive(file):   734512 kB
Unevictable:          48 kB
Mlocked:              48 kB
SwapTotal:       8319996 kB
SwapFree:        8319996 kB
Dirty:              1244 kB
Writeback:             0 kB
AnonPages:       2049688 kB
Mapped:           521068 kB
Shmem:            331904 kB
Slab:             151980 kB
SReclaimable:     112660 kB
SUnreclaim:        39320 kB
KernelStack:       10816 kB
PageTables:        48760 kB
NFS_Unstable:          0 kB
Bounce:                0 kB
WritebackTmp:          0 kB
CommitLimit:    12373844 kB
Committed_AS:    7178716 kB
VmallocTotal:   34359738367 kB
VmallocUsed:           0 kB
VmallocChunk:          0 kB
HardwareCorrupted:     0 kB
AnonHugePages:   1017856 kB
CmaTotal:              0 kB
CmaFree:               0 kB
HugePages_Total:       0
HugePages_Free:        0
HugePages_Rsvd:        0
HugePages_Surp:        0
Hugepagesize:       2048 kB
DirectMap4k:      152256 kB
DirectMap2M:     3975168 kB
DirectMap1G:     5242880 kB


CPU:total 4 (2 cores per cpu, 2 threads per core) family 6 model 69 stepping 1, cmov, cx8, fxsr, mmx, sse, sse2, sse3, ssse3, sse4.1, sse4.2, popcnt, avx, avx2, aes, clmul, erms, lzcnt, ht, tsc, tscinvbit, bmi1, bmi2

/proc/cpuinfo:
processor	: 0
vendor_id	: GenuineIntel
cpu family	: 6
model		: 69
model name	: Intel(R) Core(TM) i5-4200U CPU @ 1.60GHz
stepping	: 1
microcode	: 0x16
cpu MHz		: 2299.910
cache size	: 3072 KB
physical id	: 0
siblings	: 4
core id		: 0
cpu cores	: 2
apicid		: 0
initial apicid	: 0
fpu		: yes
fpu_exception	: yes
cpuid level	: 13
wp		: yes
flags		: fpu vme de pse tsc msr pae mce cx8 apic sep mtrr pge mca cmov pat pse36 clflush dts acpi mmx fxsr sse sse2 ss ht tm pbe syscall nx pdpe1gb rdtscp lm constant_tsc arch_perfmon pebs bts rep_good nopl xtopology nonstop_tsc aperfmperf eagerfpu pni pclmulqdq dtes64 monitor ds_cpl vmx est tm2 ssse3 sdbg fma cx16 xtpr pdcm pcid sse4_1 sse4_2 movbe popcnt tsc_deadline_timer aes xsave avx f16c rdrand lahf_lm abm epb tpr_shadow vnmi flexpriority ept vpid fsgsbase tsc_adjust bmi1 avx2 smep bmi2 erms invpcid xsaveopt dtherm ida arat pln pts
bugs		:
bogomips	: 4589.18
clflush size	: 64
cache_alignment	: 64
address sizes	: 39 bits physical, 48 bits virtual
power management:

processor	: 1
vendor_id	: GenuineIntel
cpu family	: 6
model		: 69
model name	: Intel(R) Core(TM) i5-4200U CPU @ 1.60GHz
stepping	: 1
microcode	: 0x16
cpu MHz		: 2299.910
cache size	: 3072 KB
physical id	: 0
siblings	: 4
core id		: 0
cpu cores	: 2
apicid		: 1
initial apicid	: 1
fpu		: yes
fpu_exception	: yes
cpuid level	: 13
wp		: yes
flags		: fpu vme de pse tsc msr pae mce cx8 apic sep mtrr pge mca cmov pat pse36 clflush dts acpi mmx fxsr sse sse2 ss ht tm pbe syscall nx pdpe1gb rdtscp lm constant_tsc arch_perfmon pebs bts rep_good nopl xtopology nonstop_tsc aperfmperf eagerfpu pni pclmulqdq dtes64 monitor ds_cpl vmx est tm2 ssse3 sdbg fma cx16 xtpr pdcm pcid sse4_1 sse4_2 movbe popcnt tsc_deadline_timer aes xsave avx f16c rdrand lahf_lm abm epb tpr_shadow vnmi flexpriority ept vpid fsgsbase tsc_adjust bmi1 avx2 smep bmi2 erms invpcid xsaveopt dtherm ida arat pln pts
bugs		:
bogomips	: 4589.18
clflush size	: 64
cache_alignment	: 64
address sizes	: 39 bits physical, 48 bits virtual
power management:

processor	: 2
vendor_id	: GenuineIntel
cpu family	: 6
model		: 69
model name	: Intel(R) Core(TM) i5-4200U CPU @ 1.60GHz
stepping	: 1
microcode	: 0x16
cpu MHz		: 2299.910
cache size	: 3072 KB
physical id	: 0
siblings	: 4
core id		: 1
cpu cores	: 2
apicid		: 2
initial apicid	: 2
fpu		: yes
fpu_exception	: yes
cpuid level	: 13
wp		: yes
flags		: fpu vme de pse tsc msr pae mce cx8 apic sep mtrr pge mca cmov pat pse36 clflush dts acpi mmx fxsr sse sse2 ss ht tm pbe syscall nx pdpe1gb rdtscp lm constant_tsc arch_perfmon pebs bts rep_good nopl xtopology nonstop_tsc aperfmperf eagerfpu pni pclmulqdq dtes64 monitor ds_cpl vmx est tm2 ssse3 sdbg fma cx16 xtpr pdcm pcid sse4_1 sse4_2 movbe popcnt tsc_deadline_timer aes xsave avx f16c rdrand lahf_lm abm epb tpr_shadow vnmi flexpriority ept vpid fsgsbase tsc_adjust bmi1 avx2 smep bmi2 erms invpcid xsaveopt dtherm ida arat pln pts
bugs		:
bogomips	: 4589.18
clflush size	: 64
cache_alignment	: 64
address sizes	: 39 bits physical, 48 bits virtual
power management:

processor	: 3
vendor_id	: GenuineIntel
cpu family	: 6
model		: 69
model name	: Intel(R) Core(TM) i5-4200U CPU @ 1.60GHz
stepping	: 1
microcode	: 0x16
cpu MHz		: 2300.000
cache size	: 3072 KB
physical id	: 0
siblings	: 4
core id		: 1
cpu cores	: 2
apicid		: 3
initial apicid	: 3
fpu		: yes
fpu_exception	: yes
cpuid level	: 13
wp		: yes
flags		: fpu vme de pse tsc msr pae mce cx8 apic sep mtrr pge mca cmov pat pse36 clflush dts acpi mmx fxsr sse sse2 ss ht tm pbe syscall nx pdpe1gb rdtscp lm constant_tsc arch_perfmon pebs bts rep_good nopl xtopology nonstop_tsc aperfmperf eagerfpu pni pclmulqdq dtes64 monitor ds_cpl vmx est tm2 ssse3 sdbg fma cx16 xtpr pdcm pcid sse4_1 sse4_2 movbe popcnt tsc_deadline_timer aes xsave avx f16c rdrand lahf_lm abm epb tpr_shadow vnmi flexpriority ept vpid fsgsbase tsc_adjust bmi1 avx2 smep bmi2 erms invpcid xsaveopt dtherm ida arat pln pts
bugs		:
bogomips	: 4589.18
clflush size	: 64
cache_alignment	: 64
address sizes	: 39 bits physical, 48 bits virtual
power management:



Memory: 4k page, physical 8107696k(4022200k free), swap 8319996k(8319996k free)

vm_info: Java HotSpot(TM) 64-Bit Server VM (25.121-b13) for linux-amd64 JRE (1.8.0_121-b13), built on Dec 12 2016 16:36:53 by "java_re" with gcc 4.3.0 20080428 (Red Hat 4.3.0-8)

time: Sun May  7 11:59:27 2017
elapsed time: 7 seconds (0d 0h 0m 7s)

