#
# A fatal error has been detected by the Java Runtime Environment:
#
#  SIGSEGV (0xb) at pc=0x00007f73393b2890, pid=3294, tid=0x00007f7311cd9700
#
# JRE version: Java(TM) SE Runtime Environment (8.0_121-b13) (build 1.8.0_121-b13)
# Java VM: Java HotSpot(TM) 64-Bit Server VM (25.121-b13 mixed mode linux-amd64 compressed oops)
# Problematic frame:
# J 3709 C2 java.lang.Class.checkMemberAccess(ILjava/lang/Class;Z)V (49 bytes) @ 0x00007f73393b2890 [0x00007f73393b28e0+0xffffffb0]
#
# Failed to write core dump. Core dumps have been disabled. To enable core dumping, try "ulimit -c unlimited" before starting Java again
#
# If you would like to submit a bug report, please visit:
#   http://bugreport.java.com/bugreport/crash.jsp
#

---------------  T H R E A D  ---------------

Current thread (0x00007f72f4008000):  JavaThread "Daemon worker" [_thread_in_Java, id=3316, stack(0x00007f7311bd9000,0x00007f7311cda000)]

siginfo: si_signo: 11 (SIGSEGV), si_code: 128 (SI_KERNEL), si_addr: 0x0000000000000000

Registers:
RAX=0x00000000a004b738, RBX=0x0000000000002040, RCX=0x00000000a004b738, RDX=0x0000000000000000
RSP=0x00007f7311cd43d8, RBP=0x00007f7311cd4660, RSI=0x00000000a0b41b78, RDI=0x00007f7311cd4330
R8 =0x0000000000000001, R9 =0x00007f7339000000, R10=0x0000000000000000, R11=0x00007f734ef21d20
R12=0x0000000000000000, R13=0x000000000000034d, R14=0x00007f7311cd43c0, R15=0x00007f72f4008000
RIP=0x00007f73393b2890, EFLAGS=0x0000000000010a92, CSGSFS=0x0000000000000033, ERR=0x0000000000000000
  TRAPNO=0x000000000000000d

Top of Stack: (sp=0x00007f7311cd43d8)
0x00007f7311cd43d8:   00007f7339b2e53c 00007f72f4008000
0x00007f7311cd43e8:   00007f72f4008000 00007f7311cd4440
0x00007f7311cd43f8:   00007f73393402a6 00000000a08dec50
0x00007f7311cd4408:   00007f7311cd4530 00007f7311cd44d0
0x00007f7311cd4418:   00007f7339822b3c 00007f72f4007310
0x00007f7311cd4428:   00007f73390249e5 00007f72f4007308
0x00007f7311cd4438:   00000000a027a3d8 00000000e27d27a8
0x00007f7311cd4448:   00007f7339d474e4 0000000000000000
0x00007f7311cd4458:   00000000a0b41b78 00007f73390007a7
0x00007f7311cd4468:   00000000e27cd480 00007f7300001fa0
0x00007f7311cd4478:   00007f72f40072a0 00007f72f4008000
0x00007f7311cd4488:   00000000a08dec50 00000000e27d27a8
0x00007f7311cd4498:   00000000e27d2740 00000000e27d27c0
0x00007f7311cd44a8:   00007f7311cd4e58 00007f7311cd4510
0x00007f7311cd44b8:   00007f7311cd4e50 00007f7311cd4660
0x00007f7311cd44c8:   00007f7339bfe3bc 00007f7311cd4640
0x00007f7311cd44d8:   00007f734ecc2f55 00007f7300000001
0x00007f7311cd44e8:   00007f72f4008000 00007f7311cd4d80
0x00007f7311cd44f8:   00007f7311cd4e50 00007f73390456a0
0x00007f7311cd4508:   01007f720000000c 00007f72f4008000
0x00007f7311cd4518:   00007f72e103d890 00007f73389f2f40
0x00007f7311cd4528:   00000000e27cd480 00007f7311cd4ef0
0x00007f7311cd4538:   00007f7339178fe3 0000000000000000
0x00007f7311cd4548:   00007f7311cd4e50 00007f72f4008000
0x00007f7311cd4558:   00007f72f4006f80 00007f72f4007250
0x00007f7311cd4568:   00000000a027a3d8 00000000e27d2778
0x00007f7311cd4578:   00000000a027a3d8 00000000e27d2790
0x00007f7311cd4588:   00000000e27d27a8 00007f73389f2f40
0x00007f7311cd4598:   00007f72f4008000 00007f7311cd4660
0x00007f7311cd45a8:   00007f7339bfef34 00007f73389f2f40
0x00007f7311cd45b8:   00007f72f4008000 00007f7311cd4f40
0x00007f7311cd45c8:   00007f7339402870 00007f7339402650 

Instructions: (pc=0x00007f73393b2890)
0x00007f73393b2870:   00 00 00 00 00 00 00 00 00 00 00 00 00 00 00 00
0x00007f73393b2880:   de 01 00 00 00 00 00 00 00 00 00 00 00 00 00 00
0x00007f73393b2890:   a0 29 3b 39 73 7f 00 00 a0 29 3b 39 73 7f 00 00
0x00007f73393b28a0:   a0 29 3b 39 73 7f 00 00 a0 29 3b 39 73 7f 00 00 

Register to memory mapping:

RAX=0x00000000a004b738 is an oop
java.lang.Class 
 - klass: 'java/lang/Class'
RBX=0x0000000000002040 is an unknown value
RCX=0x00000000a004b738 is an oop
java.lang.Class 
 - klass: 'java/lang/Class'
RDX=0x0000000000000000 is an unknown value
RSP=0x00007f7311cd43d8 is pointing into the stack for thread: 0x00007f72f4008000
RBP=0x00007f7311cd4660 is pointing into the stack for thread: 0x00007f72f4008000
RSI=0x00000000a0b41b78 is an oop
java.lang.Class 
 - klass: 'java/lang/Class'
RDI=0x00007f7311cd4330 is pointing into the stack for thread: 0x00007f72f4008000
R8 =0x0000000000000001 is an unknown value
R9 =0x00007f7339000000 is an unknown value
R10=0x0000000000000000 is an unknown value
R11=0x00007f734ef21d20: <offset 0x8efd20> in /usr/local/java/jdk1.8.0_121/jre/lib/amd64/server/libjvm.so at 0x00007f734e632000
R12=0x0000000000000000 is an unknown value
R13=0x000000000000034d is an unknown value
R14=0x00007f7311cd43c0 is pointing into the stack for thread: 0x00007f72f4008000
R15=0x00007f72f4008000 is a thread


Stack: [0x00007f7311bd9000,0x00007f7311cda000],  sp=0x00007f7311cd43d8,  free space=1004k
Native frames: (J=compiled Java code, j=interpreted, Vv=VM code, C=native code)
J 3709 C2 java.lang.Class.checkMemberAccess(ILjava/lang/Class;Z)V (49 bytes) @ 0x00007f73393b2890 [0x00007f73393b28e0+0xffffffb0]
C  0x00007f7311cd44d0
J 220  java.security.AccessController.doPrivileged(Ljava/security/PrivilegedExceptionAction;Ljava/security/AccessControlContext;)Ljava/lang/Object; (0 bytes) @ 0x00007f7339178fe3 [0x00007f7339178f80+0x63]
C  0x00000000e27d27a8


---------------  P R O C E S S  ---------------

Java Threads: ( => current thread )
  0x00007f72e0d8d000 JavaThread "pool-2-thread-1" [_thread_blocked, id=3330, stack(0x00007f731043a000,0x00007f731053b000)]
  0x00007f72e0779000 JavaThread "process reaper" daemon [_thread_blocked, id=3323, stack(0x00007f731165d000,0x00007f7311696000)]
  0x00007f72e03f1800 JavaThread "File lock request listener" [_thread_in_native, id=3321, stack(0x00007f7311448000,0x00007f7311549000)]
  0x00007f72e0007000 JavaThread "Stdin handler" [_thread_blocked, id=3320, stack(0x00007f73119d7000,0x00007f7311ad8000)]
  0x00007f72e000b800 JavaThread "Asynchronous log dispatcher for DefaultDaemonConnection: socket connection from /127.0.0.1:45964 to /127.0.0.1:57402" [_thread_blocked, id=3319, stack(0x00007f7311ad8000,0x00007f7311bd9000)]
=>0x00007f72f4008000 JavaThread "Daemon worker" [_thread_in_Java, id=3316, stack(0x00007f7311bd9000,0x00007f7311cda000)]
  0x00007f72f4004000 JavaThread "Cancel handler" [_thread_blocked, id=3315, stack(0x00007f7311cda000,0x00007f7311ddb000)]
  0x00007f72f4005800 JavaThread "Handler for socket connection from /127.0.0.1:45964 to /127.0.0.1:57402" [_thread_in_native, id=3314, stack(0x00007f7311fdb000,0x00007f73120dc000)]
  0x00007f72f001b800 JavaThread "Daemon" [_thread_blocked, id=3313, stack(0x00007f73120dc000,0x00007f73121dd000)]
  0x00007f7348cb3800 JavaThread "Incoming local TCP Connector on port 45964" [_thread_in_native, id=3312, stack(0x00007f73123e4000,0x00007f73124e5000)]
  0x00007f7348c84000 JavaThread "pool-1-thread-1" [_thread_blocked, id=3311, stack(0x00007f73124e5000,0x00007f73125e6000)]
  0x00007f73480d3000 JavaThread "Service Thread" daemon [_thread_blocked, id=3309, stack(0x00007f7313cfd000,0x00007f7313dfe000)]
  0x00007f73480be000 JavaThread "C1 CompilerThread2" daemon [_thread_blocked, id=3308, stack(0x00007f7313dfe000,0x00007f7313eff000)]
  0x00007f73480bc000 JavaThread "C2 CompilerThread1" daemon [_thread_in_native, id=3307, stack(0x00007f7313eff000,0x00007f7314000000)]
  0x00007f73480b9000 JavaThread "C2 CompilerThread0" daemon [_thread_in_native, id=3306, stack(0x00007f733001a000,0x00007f733011b000)]
  0x00007f73480b8000 JavaThread "Signal Dispatcher" daemon [_thread_blocked, id=3305, stack(0x00007f733011b000,0x00007f733021c000)]
  0x00007f7348084000 JavaThread "Finalizer" daemon [_thread_blocked, id=3304, stack(0x00007f73304f5000,0x00007f73305f6000)]
  0x00007f734807f800 JavaThread "Reference Handler" daemon [_thread_blocked, id=3303, stack(0x00007f73305f6000,0x00007f73306f7000)]
  0x00007f734800a000 JavaThread "main" [_thread_blocked, id=3297, stack(0x00007f7350126000,0x00007f7350227000)]

Other Threads:
  0x00007f7348077800 VMThread [stack: 0x00007f73306f7000,0x00007f73307f8000] [id=3302]
  0x00007f73480d6000 WatcherThread [stack: 0x00007f7313bfc000,0x00007f7313cfd000] [id=3310]

VM state:not at safepoint (normal execution)

VM Mutex/Monitor currently owned by a thread: None

Heap:
 PSYoungGen      total 97792K, used 51991K [0x00000000e0000000, 0x00000000e8880000, 0x0000000100000000)
  eden space 86528K, 47% used [0x00000000e0000000,0x00000000e27e8a50,0x00000000e5480000)
  from space 11264K, 98% used [0x00000000e5480000,0x00000000e5f5d1d8,0x00000000e5f80000)
  to   space 12288K, 0% used [0x00000000e7c80000,0x00000000e7c80000,0x00000000e8880000)
 ParOldGen       total 94208K, used 15596K [0x00000000a0000000, 0x00000000a5c00000, 0x00000000e0000000)
  object space 94208K, 16% used [0x00000000a0000000,0x00000000a0f3b0c8,0x00000000a5c00000)
 Metaspace       used 45991K, capacity 47258K, committed 47448K, reserved 1089536K
  class space    used 6366K, capacity 6685K, committed 6784K, reserved 1048576K

Card table byte_map: [0x00007f734cbcb000,0x00007f734cecc000] byte_map_base: 0x00007f734c6cb000

Marking Bits: (ParMarkBitMap*) 0x00007f734f5f6c80
 Begin Bits: [0x00007f7331000000, 0x00007f7332800000)
 End Bits:   [0x00007f7332800000, 0x00007f7334000000)

Polling page: 0x00007f7350246000

CodeCache: size=245760Kb used=17502Kb max_used=17502Kb free=228258Kb
 bounds [0x00007f7339000000, 0x00007f733a130000, 0x00007f7348000000]
 total_blobs=5557 nmethods=4817 adapters=650
 compilation: enabled

Compilation events (10 events):
Event: 17.110 Thread 0x00007f73480be000 5229       3       sun.invoke.util.VerifyAccess::isTypeVisible (49 bytes)
Event: 17.111 Thread 0x00007f73480be000 nmethod 5229 0x00007f733a11e050 code [0x00007f733a11e1e0, 0x00007f733a11e728]
Event: 17.112 Thread 0x00007f73480be000 5230       3       java.lang.invoke.InnerClassLambdaMetafactory::getLoadOpcode (25 bytes)
Event: 17.112 Thread 0x00007f73480be000 nmethod 5230 0x00007f733a11e950 code [0x00007f733a11eae0, 0x00007f733a11ed58]
Event: 17.113 Thread 0x00007f73480be000 5231       3       java.lang.invoke.InnerClassLambdaMetafactory::getParameterSize (27 bytes)
Event: 17.113 Thread 0x00007f73480be000 nmethod 5231 0x00007f733a11ee50 code [0x00007f733a11efc0, 0x00007f733a11f1f0]
Event: 17.136 Thread 0x00007f73480be000 5232       1       java.lang.invoke.InnerClassLambdaMetafactory::access$000 (5 bytes)
Event: 17.137 Thread 0x00007f73480be000 nmethod 5232 0x00007f733a11f250 code [0x00007f733a11f3a0, 0x00007f733a11f490]
Event: 17.137 Thread 0x00007f73480be000 5233       1       java.lang.invoke.InnerClassLambdaMetafactory::access$400 (5 bytes)
Event: 17.137 Thread 0x00007f73480be000 nmethod 5233 0x00007f733a11f510 code [0x00007f733a11f660, 0x00007f733a11f750]

GC Heap History (10 events):
Event: 12.850 GC heap before
{Heap before GC invocations=9 (full 1):
 PSYoungGen      total 55296K, used 51867K [0x00000000e0000000, 0x00000000e5400000, 0x0000000100000000)
  eden space 45056K, 100% used [0x00000000e0000000,0x00000000e2c00000,0x00000000e2c00000)
  from space 10240K, 66% used [0x00000000e2c00000,0x00000000e32a6c78,0x00000000e3600000)
  to   space 10240K, 0% used [0x00000000e4a00000,0x00000000e4a00000,0x00000000e5400000)
 ParOldGen       total 66048K, used 9418K [0x00000000a0000000, 0x00000000a4080000, 0x00000000e0000000)
  object space 66048K, 14% used [0x00000000a0000000,0x00000000a0932a88,0x00000000a4080000)
 Metaspace       used 32326K, capacity 33030K, committed 33152K, reserved 1077248K
  class space    used 4495K, capacity 4712K, committed 4736K, reserved 1048576K
Event: 12.864 GC heap after
Heap after GC invocations=9 (full 1):
 PSYoungGen      total 74752K, used 8515K [0x00000000e0000000, 0x00000000e5400000, 0x0000000100000000)
  eden space 64512K, 0% used [0x00000000e0000000,0x00000000e0000000,0x00000000e3f00000)
  from space 10240K, 83% used [0x00000000e4a00000,0x00000000e5250f90,0x00000000e5400000)
  to   space 10752K, 0% used [0x00000000e3f00000,0x00000000e3f00000,0x00000000e4980000)
 ParOldGen       total 66048K, used 9490K [0x00000000a0000000, 0x00000000a4080000, 0x00000000e0000000)
  object space 66048K, 14% used [0x00000000a0000000,0x00000000a0944a98,0x00000000a4080000)
 Metaspace       used 32326K, capacity 33030K, committed 33152K, reserved 1077248K
  class space    used 4495K, capacity 4712K, committed 4736K, reserved 1048576K
}
Event: 13.260 GC heap before
{Heap before GC invocations=10 (full 1):
 PSYoungGen      total 74752K, used 30581K [0x00000000e0000000, 0x00000000e5400000, 0x0000000100000000)
  eden space 64512K, 34% used [0x00000000e0000000,0x00000000e158c5d0,0x00000000e3f00000)
  from space 10240K, 83% used [0x00000000e4a00000,0x00000000e5250f90,0x00000000e5400000)
  to   space 10752K, 0% used [0x00000000e3f00000,0x00000000e3f00000,0x00000000e4980000)
 ParOldGen       total 66048K, used 9490K [0x00000000a0000000, 0x00000000a4080000, 0x00000000e0000000)
  object space 66048K, 14% used [0x00000000a0000000,0x00000000a0944a98,0x00000000a4080000)
 Metaspace       used 34626K, capacity 35384K, committed 35416K, reserved 1079296K
  class space    used 4786K, capacity 4987K, committed 4992K, reserved 1048576K
Event: 13.274 GC heap after
Heap after GC invocations=10 (full 1):
 PSYoungGen      total 75264K, used 9364K [0x00000000e0000000, 0x00000000e6b80000, 0x0000000100000000)
  eden space 64512K, 0% used [0x00000000e0000000,0x00000000e0000000,0x00000000e3f00000)
  from space 10752K, 87% used [0x00000000e3f00000,0x00000000e48253a0,0x00000000e4980000)
  to   space 11264K, 0% used [0x00000000e6080000,0x00000000e6080000,0x00000000e6b80000)
 ParOldGen       total 66048K, used 9498K [0x00000000a0000000, 0x00000000a4080000, 0x00000000e0000000)
  object space 66048K, 14% used [0x00000000a0000000,0x00000000a0946a98,0x00000000a4080000)
 Metaspace       used 34626K, capacity 35384K, committed 35416K, reserved 1079296K
  class space    used 4786K, capacity 4987K, committed 4992K, reserved 1048576K
}
Event: 13.274 GC heap before
{Heap before GC invocations=11 (full 2):
 PSYoungGen      total 75264K, used 9364K [0x00000000e0000000, 0x00000000e6b80000, 0x0000000100000000)
  eden space 64512K, 0% used [0x00000000e0000000,0x00000000e0000000,0x00000000e3f00000)
  from space 10752K, 87% used [0x00000000e3f00000,0x00000000e48253a0,0x00000000e4980000)
  to   space 11264K, 0% used [0x00000000e6080000,0x00000000e6080000,0x00000000e6b80000)
 ParOldGen       total 66048K, used 9498K [0x00000000a0000000, 0x00000000a4080000, 0x00000000e0000000)
  object space 66048K, 14% used [0x00000000a0000000,0x00000000a0946a98,0x00000000a4080000)
 Metaspace       used 34626K, capacity 35384K, committed 35416K, reserved 1079296K
  class space    used 4786K, capacity 4987K, committed 4992K, reserved 1048576K
Event: 13.362 GC heap after
Heap after GC invocations=11 (full 2):
 PSYoungGen      total 75264K, used 0K [0x00000000e0000000, 0x00000000e6b80000, 0x0000000100000000)
  eden space 64512K, 0% used [0x00000000e0000000,0x00000000e0000000,0x00000000e3f00000)
  from space 10752K, 0% used [0x00000000e3f00000,0x00000000e3f00000,0x00000000e4980000)
  to   space 11264K, 0% used [0x00000000e6080000,0x00000000e6080000,0x00000000e6b80000)
 ParOldGen       total 94208K, used 15580K [0x00000000a0000000, 0x00000000a5c00000, 0x00000000e0000000)
  object space 94208K, 16% used [0x00000000a0000000,0x00000000a0f370c8,0x00000000a5c00000)
 Metaspace       used 34626K, capacity 35384K, committed 35416K, reserved 1079296K
  class space    used 4786K, capacity 4987K, committed 4992K, reserved 1048576K
}
Event: 14.306 GC heap before
{Heap before GC invocations=12 (full 2):
 PSYoungGen      total 75264K, used 64512K [0x00000000e0000000, 0x00000000e6b80000, 0x0000000100000000)
  eden space 64512K, 100% used [0x00000000e0000000,0x00000000e3f00000,0x00000000e3f00000)
  from space 10752K, 0% used [0x00000000e3f00000,0x00000000e3f00000,0x00000000e4980000)
  to   space 11264K, 0% used [0x00000000e6080000,0x00000000e6080000,0x00000000e6b80000)
 ParOldGen       total 94208K, used 15580K [0x00000000a0000000, 0x00000000a5c00000, 0x00000000e0000000)
  object space 94208K, 16% used [0x00000000a0000000,0x00000000a0f370c8,0x00000000a5c00000)
 Metaspace       used 37814K, capacity 38560K, committed 38744K, reserved 1083392K
  class space    used 5200K, capacity 5433K, committed 5504K, reserved 1048576K
Event: 14.321 GC heap after
Heap after GC invocations=12 (full 2):
 PSYoungGen      total 96768K, used 7263K [0x00000000e0000000, 0x00000000e6a80000, 0x0000000100000000)
  eden space 86528K, 0% used [0x00000000e0000000,0x00000000e0000000,0x00000000e5480000)
  from space 10240K, 70% used [0x00000000e6080000,0x00000000e6797de8,0x00000000e6a80000)
  to   space 11264K, 0% used [0x00000000e5480000,0x00000000e5480000,0x00000000e5f80000)
 ParOldGen       total 94208K, used 15588K [0x00000000a0000000, 0x00000000a5c00000, 0x00000000e0000000)
  object space 94208K, 16% used [0x00000000a0000000,0x00000000a0f390c8,0x00000000a5c00000)
 Metaspace       used 37814K, capacity 38560K, committed 38744K, reserved 1083392K
  class space    used 5200K, capacity 5433K, committed 5504K, reserved 1048576K
}
Event: 15.969 GC heap before
{Heap before GC invocations=13 (full 2):
 PSYoungGen      total 96768K, used 93791K [0x00000000e0000000, 0x00000000e6a80000, 0x0000000100000000)
  eden space 86528K, 100% used [0x00000000e0000000,0x00000000e5480000,0x00000000e5480000)
  from space 10240K, 70% used [0x00000000e6080000,0x00000000e6797de8,0x00000000e6a80000)
  to   space 11264K, 0% used [0x00000000e5480000,0x00000000e5480000,0x00000000e5f80000)
 ParOldGen       total 94208K, used 15588K [0x00000000a0000000, 0x00000000a5c00000, 0x00000000e0000000)
  object space 94208K, 16% used [0x00000000a0000000,0x00000000a0f390c8,0x00000000a5c00000)
 Metaspace       used 43478K, capacity 44510K, committed 44632K, reserved 1087488K
  class space    used 5970K, capacity 6207K, committed 6272K, reserved 1048576K
Event: 15.990 GC heap after
Heap after GC invocations=13 (full 2):
 PSYoungGen      total 97792K, used 11124K [0x00000000e0000000, 0x00000000e8880000, 0x0000000100000000)
  eden space 86528K, 0% used [0x00000000e0000000,0x00000000e0000000,0x00000000e5480000)
  from space 11264K, 98% used [0x00000000e5480000,0x00000000e5f5d1d8,0x00000000e5f80000)
  to   space 12288K, 0% used [0x00000000e7c80000,0x00000000e7c80000,0x00000000e8880000)
 ParOldGen       total 94208K, used 15596K [0x00000000a0000000, 0x00000000a5c00000, 0x00000000e0000000)
  object space 94208K, 16% used [0x00000000a0000000,0x00000000a0f3b0c8,0x00000000a5c00000)
 Metaspace       used 43478K, capacity 44510K, committed 44632K, reserved 1087488K
  class space    used 5970K, capacity 6207K, committed 6272K, reserved 1048576K
}

Deoptimization events (10 events):
Event: 15.451 Thread 0x00007f72f4008000 Uncommon trap: reason=unstable_if action=reinterpret pc=0x00007f73391f8f10 method=java.lang.CharacterDataLatin1.digit(II)I @ 31
Event: 15.452 Thread 0x00007f72f4008000 Uncommon trap: reason=bimorphic action=maybe_recompile pc=0x00007f73399136c0 method=com.sun.org.apache.xerces.internal.impl.XMLDocumentFragmentScannerImpl.scanEndElement()I @ 145
Event: 15.452 Thread 0x00007f72f4008000 Uncommon trap: reason=bimorphic action=maybe_recompile pc=0x00007f73399136c0 method=com.sun.org.apache.xerces.internal.impl.XMLDocumentFragmentScannerImpl.scanEndElement()I @ 145
Event: 15.453 Thread 0x00007f72f4008000 Uncommon trap: reason=bimorphic action=maybe_recompile pc=0x00007f73399136c0 method=com.sun.org.apache.xerces.internal.impl.XMLDocumentFragmentScannerImpl.scanEndElement()I @ 145
Event: 15.453 Thread 0x00007f72f4008000 Uncommon trap: reason=bimorphic action=maybe_recompile pc=0x00007f73399136c0 method=com.sun.org.apache.xerces.internal.impl.XMLDocumentFragmentScannerImpl.scanEndElement()I @ 145
Event: 15.470 Thread 0x00007f72f4008000 Uncommon trap: reason=unstable_if action=reinterpret pc=0x00007f73399f3428 method=java.lang.CharacterDataLatin1.digit(II)I @ 31
Event: 16.617 Thread 0x00007f72f4008000 Uncommon trap: reason=class_check action=maybe_recompile pc=0x00007f7339c65728 method=com.google.common.collect.AbstractMapBasedMultimap$WrappedCollection.refreshIfEmpty()V @ 59
Event: 16.617 Thread 0x00007f72f4008000 Uncommon trap: reason=class_check action=maybe_recompile pc=0x00007f7339c65728 method=com.google.common.collect.AbstractMapBasedMultimap$WrappedCollection.refreshIfEmpty()V @ 59
Event: 16.617 Thread 0x00007f72f4008000 Uncommon trap: reason=class_check action=maybe_recompile pc=0x00007f7339c65728 method=com.google.common.collect.AbstractMapBasedMultimap$WrappedCollection.refreshIfEmpty()V @ 59
Event: 16.617 Thread 0x00007f72f4008000 Uncommon trap: reason=class_check action=maybe_recompile pc=0x00007f7339c65728 method=com.google.common.collect.AbstractMapBasedMultimap$WrappedCollection.refreshIfEmpty()V @ 59

Internal exceptions (10 events):
Event: 17.016 Thread 0x00007f72f4008000 Exception <a 'java/lang/ClassNotFoundException': com/android/build/gradle/tasks/MergeSourceSetFolders_DecoratedCustomizer> (0x00000000e1f8e578) thrown at [/HUDSON3/workspace/8-2-build-linux-amd64/jdk8u121/8372/hotspot/src/share/vm/classfile/systemDictiona
Event: 17.026 Thread 0x00007f72f4008000 Exception <a 'java/lang/ClassNotFoundException': com/android/build/gradle/tasks/GenerateBuildConfig_DecoratedBeanInfo> (0x00000000e20994f8) thrown at [/HUDSON3/workspace/8-2-build-linux-amd64/jdk8u121/8372/hotspot/src/share/vm/classfile/systemDictionary.c
Event: 17.026 Thread 0x00007f72f4008000 Exception <a 'java/lang/ClassNotFoundException': com/android/build/gradle/tasks/GenerateBuildConfigBeanInfo> (0x00000000e20ab6a0) thrown at [/HUDSON3/workspace/8-2-build-linux-amd64/jdk8u121/8372/hotspot/src/share/vm/classfile/systemDictionary.cpp, line 2
Event: 17.027 Thread 0x00007f72f4008000 Exception <a 'java/lang/ClassNotFoundException': com/android/build/gradle/tasks/GenerateBuildConfigCustomizer> (0x00000000e20be398) thrown at [/HUDSON3/workspace/8-2-build-linux-amd64/jdk8u121/8372/hotspot/src/share/vm/classfile/systemDictionary.cpp, line
Event: 17.028 Thread 0x00007f72f4008000 Exception <a 'java/lang/ClassNotFoundException': com/android/build/gradle/tasks/GenerateBuildConfig_DecoratedCustomizer> (0x00000000e2105470) thrown at [/HUDSON3/workspace/8-2-build-linux-amd64/jdk8u121/8372/hotspot/src/share/vm/classfile/systemDictionary
Event: 17.051 Thread 0x00007f72f4008000 Exception <a 'java/lang/ClassNotFoundException': com/android/build/gradle/tasks/ProcessAndroidResources_DecoratedBeanInfo> (0x00000000e23168c8) thrown at [/HUDSON3/workspace/8-2-build-linux-amd64/jdk8u121/8372/hotspot/src/share/vm/classfile/systemDictiona
Event: 17.052 Thread 0x00007f72f4008000 Exception <a 'java/lang/ClassNotFoundException': com/android/build/gradle/tasks/ProcessAndroidResourcesBeanInfo> (0x00000000e2329c68) thrown at [/HUDSON3/workspace/8-2-build-linux-amd64/jdk8u121/8372/hotspot/src/share/vm/classfile/systemDictionary.cpp, li
Event: 17.052 Thread 0x00007f72f4008000 Exception <a 'java/lang/ClassNotFoundException': com/android/build/gradle/tasks/ProcessAndroidResourcesCustomizer> (0x00000000e233d5a8) thrown at [/HUDSON3/workspace/8-2-build-linux-amd64/jdk8u121/8372/hotspot/src/share/vm/classfile/systemDictionary.cpp, 
Event: 17.055 Thread 0x00007f72f4008000 Exception <a 'java/lang/ClassNotFoundException': com/android/build/gradle/tasks/ProcessAndroidResources_DecoratedCustomizer> (0x00000000e23b1530) thrown at [/HUDSON3/workspace/8-2-build-linux-amd64/jdk8u121/8372/hotspot/src/share/vm/classfile/systemDictio
Event: 17.138 Thread 0x00007f72f4008000 Implicit null exception at 0x00007f73393b2890 to 0x0000000000000000

Events (10 events):
Event: 17.134 loading class org/gradle/api/internal/tasks/CompositeTaskOutputPropertySpec
Event: 17.134 loading class org/gradle/api/internal/tasks/CompositeTaskOutputPropertySpec done
Event: 17.135 loading class org/gradle/api/internal/tasks/DefaultTaskOutputs$8
Event: 17.135 loading class org/gradle/api/internal/tasks/DefaultTaskOutputs$8 done
Event: 17.136 loading class com/android/build/gradle/internal/TaskFactory
Event: 17.136 loading class com/android/build/gradle/internal/TaskFactory done
Event: 17.136 loading class com/android/build/gradle/internal/ApplicationTaskManager
Event: 17.136 loading class com/android/build/gradle/internal/ApplicationTaskManager done
Event: 17.137 loading class com/android/build/gradle/tasks/AidlCompile$ConfigAction
Event: 17.137 loading class com/android/build/gradle/tasks/AidlCompile$ConfigAction done


Dynamic libraries:
00400000-00401000 r-xp 00000000 08:01 11143952                           /usr/local/java/jdk1.8.0_121/bin/java
00600000-00601000 rw-p 00000000 08:01 11143952                           /usr/local/java/jdk1.8.0_121/bin/java
00e06000-00e27000 rw-p 00000000 00:00 0                                  [heap]
a0000000-a5c00000 rw-p 00000000 00:00 0 
a5c00000-e0000000 ---p 00000000 00:00 0 
e0000000-e8880000 rw-p 00000000 00:00 0 
e8880000-100000000 ---p 00000000 00:00 0 
100000000-1006a0000 rw-p 00000000 00:00 0 
1006a0000-140000000 ---p 00000000 00:00 0 
7f72cf800000-7f72cf9c0000 rw-p 00000000 00:00 0 
7f72cf9c0000-7f72cfa00000 ---p 00000000 00:00 0 
7f72cfa00000-7f72cfc00000 rw-p 00000000 00:00 0 
7f72cfc00000-7f72cfe00000 rw-p 00000000 00:00 0 
7f72cfe00000-7f72d0000000 rw-p 00000000 00:00 0 
7f72d0000000-7f72d0021000 rw-p 00000000 00:00 0 
7f72d0021000-7f72d4000000 ---p 00000000 00:00 0 
7f72d4000000-7f72d4021000 rw-p 00000000 00:00 0 
7f72d4021000-7f72d8000000 ---p 00000000 00:00 0 
7f72d8000000-7f72d8021000 rw-p 00000000 00:00 0 
7f72d8021000-7f72dc000000 ---p 00000000 00:00 0 
7f72dc000000-7f72dc021000 rw-p 00000000 00:00 0 
7f72dc021000-7f72e0000000 ---p 00000000 00:00 0 
7f72e0000000-7f72e107e000 rw-p 00000000 00:00 0 
7f72e107e000-7f72e4000000 ---p 00000000 00:00 0 
7f72e4000000-7f72e4021000 rw-p 00000000 00:00 0 
7f72e4021000-7f72e8000000 ---p 00000000 00:00 0 
7f72e8000000-7f72e8021000 rw-p 00000000 00:00 0 
7f72e8021000-7f72ec000000 ---p 00000000 00:00 0 
7f72ec000000-7f72ec021000 rw-p 00000000 00:00 0 
7f72ec021000-7f72f0000000 ---p 00000000 00:00 0 
7f72f0000000-7f72f007a000 rw-p 00000000 00:00 0 
7f72f007a000-7f72f4000000 ---p 00000000 00:00 0 
7f72f4000000-7f72f4021000 rw-p 00000000 00:00 0 
7f72f4021000-7f72f8000000 ---p 00000000 00:00 0 
7f72f8000000-7f72f8021000 rw-p 00000000 00:00 0 
7f72f8021000-7f72fc000000 ---p 00000000 00:00 0 
7f72fc000000-7f72fc021000 rw-p 00000000 00:00 0 
7f72fc021000-7f7300000000 ---p 00000000 00:00 0 
7f7300000000-7f730090f000 rw-p 00000000 00:00 0 
7f730090f000-7f7304000000 ---p 00000000 00:00 0 
7f7304000000-7f7304021000 rw-p 00000000 00:00 0 
7f7304021000-7f7308000000 ---p 00000000 00:00 0 
7f7308000000-7f7309d13000 rw-p 00000000 00:00 0 
7f7309d13000-7f730c000000 ---p 00000000 00:00 0 
7f730c000000-7f730e2ed000 rw-p 00000000 00:00 0 
7f730e2ed000-7f7310000000 ---p 00000000 00:00 0 
7f7310027000-7f731003a000 r--s 00345000 08:01 11146278                   /usr/local/java/jdk1.8.0_121/jre/lib/resources.jar
7f731003a000-7f731023a000 rw-p 00000000 00:00 0 
7f731023a000-7f7310430000 rw-p 00000000 00:00 0 
7f7310430000-7f731043a000 ---p 00000000 00:00 0 
7f731043a000-7f731043d000 ---p 00000000 00:00 0 
7f731043d000-7f731073b000 rw-p 00000000 00:00 0 
7f731073b000-7f731073c000 r--s 00001000 08:01 34996890                   /root/.gradle/caches/jars-2/7c4c8dw4bn3s8grc5kz09cv28jy9yn3/annotations-25.3.0.jar
7f731073c000-7f7310744000 r--s 000a8000 08:01 34996888                   /root/.gradle/caches/jars-2/lp0h431tl0554nh1vx6zomcvteflkp/lombok-ast-0.2.3.jar
7f7310744000-7f7310758000 r--s 000b4000 08:01 34996886                   /root/.gradle/caches/jars-2/igzbti8te04ygk32hg4q3ljfkkkzmlr/uast-162.2228.14.jar
7f7310758000-7f731075a000 r--s 0000d000 08:01 34996884                   /root/.gradle/caches/jars-2/7pwz1bowgakb1eux9ezb56jlturgsyi/commons-codec-1.4.jar
7f731075a000-7f731075c000 r--s 0000d000 08:01 34996882                   /root/.gradle/caches/jars-2/9dj1m0eyooi5qt13735vz8fpkl3cnfy/commons-logging-1.1.1.jar
7f731075c000-7f7310761000 r--s 00028000 08:01 34996880                   /root/.gradle/caches/jars-2/62lv0fe9b3xbqe57f6ljy5upwi7mf6k/httpcore-4.1.jar
7f7310761000-7f7310765000 r--s 0002f000 08:01 34996878                   /root/.gradle/caches/jars-2/gsg5n52frsvw6sx0swqqe2hwijwdcf0/jimfs-1.1.jar
7f7310765000-7f7310766000 r--s 00004000 08:01 34996876                   /root/.gradle/caches/jars-2/lxs252id0979odjrerlctkb26c2vj95/annotations-12.0.jar
7f7310766000-7f7310767000 r--s 00004000 08:01 34996874                   /root/.gradle/caches/jars-2/9kn99dr0rulyl67sct1ephwcop56l61/asm-analysis-5.0.4.jar
7f7310767000-7f731076b000 r--s 00040000 08:01 34996872                   /root/.gradle/caches/jars-2/h4gop7cox40tig0ckkhw1h8hl6tfcwm/lint-api-25.3.0.jar
7f731076b000-7f731076c000 r--s 0000a000 08:01 34996870                   /root/.gradle/caches/jars-2/nwyg9io65lv6jvmwit2wq82xnnxd7ia/kxml2-2.3.0.jar
7f731076c000-7f731076e000 r--s 00005000 08:01 34996868                   /root/.gradle/caches/jars-2/i6hc1uuj8e9ck59slmzdyz78ydn8sr6/httpmime-4.1.jar
7f731076e000-7f7310776000 r--s 0004e000 08:01 34996866                   /root/.gradle/caches/jars-2/7503wa5irssz0xxahv1xb82p2dl7rr2/httpclient-4.1.1.jar
7f7310776000-7f731077d000 r--s 00053000 08:01 34996864                   /root/.gradle/caches/jars-2/jgkfvs4eqggj7qsyw1f5d3up57hanj1/commons-compress-1.8.1.jar
7f731077d000-7f7310782000 r--s 0002a000 08:01 34996862                   /root/.gradle/caches/jars-2/je8f027qcr1z1egw08byp1ybxbp9kko/gson-2.2.4.jar
7f7310782000-7f7310787000 r--s 0002e000 08:01 34996860                   /root/.gradle/caches/jars-2/r6oa1284jnf1g0hjm5fw7l8swldb7ek/repository-25.3.0.jar
7f7310787000-7f7310788000 r--s 00005000 08:01 34996858                   /root/.gradle/caches/jars-2/8zf2fyptbgnbanz613fx2c3hoto0539/dvlib-25.3.0.jar
7f7310788000-7f731078b000 r--s 00012000 08:01 34996856                   /root/.gradle/caches/jars-2/9uh4197qdwnvuono2myyig8xxy6aqcq/layoutlib-api-25.3.0.jar
7f731078b000-7f7310790000 r--s 00058000 08:01 34996854                   /root/.gradle/caches/jars-2/st159835qgxm0l87oqrnhayxos4lc1n/asm-debug-all-5.0.1.jar
7f7310790000-7f73107a0000 r--s 000d5000 08:01 34996852                   /root/.gradle/caches/jars-2/qzf32gp9kej4w4hlbabft6tplu74cj3/proguard-base-5.3.2.jar
7f73107a0000-7f73107a3000 r--s 00033000 08:01 34996850                   /root/.gradle/caches/jars-2/nz9sndmr8b4xbj4xulkaciy5kdbyfiz/juniversalchardet-1.0.3.jar
7f73107a3000-7f73107a7000 r--s 0002a000 08:01 34996848                   /root/.gradle/caches/jars-2/krbpn9xjn1qymukyx8cc5l799ty1v3h/commons-io-2.4.jar
7f73107a7000-7f73107be000 r--s 00154000 08:01 34996846                   /root/.gradle/caches/jars-2/sfeivjswzitn6n0fnjx3ueszz8gv8o1/antlr4-4.5.3.jar
7f73107be000-7f73107c0000 r--s 00002000 08:01 34996844                   /root/.gradle/caches/jars-2/o6nwvy6at9y5kbpwo6utcclqk98gd99/baseLibrary-2.3.0.jar
7f73107c0000-7f73107eb000 r--s 001fc000 08:01 34996842                   /root/.gradle/caches/jars-2/nxjrjftly2xksl8o0wqgivu5netfu2x/guava-18.0.jar
7f73107eb000-7f73107fe000 r--s 00241000 08:01 34996840                   /root/.gradle/caches/jars-2/9yuekvg4qerfitq3xec0iyckuw3hwaq/ecj-4.6.1.jar
7f73107fe000-7f7310805000 r--s 000d9000 08:01 34996838                   /root/.gradle/caches/jars-2/aprntsq9xd6l685y4wf1lo3ojhypibs/lint-checks-25.3.0.jar
7f7310805000-7f7310807000 r--s 00006000 08:01 34996836                   /root/.gradle/caches/jars-2/6phgj9ki3jl3p5epzkqoo8pr6kur40b/asm-tree-5.0.4.jar
7f7310807000-7f731083a000 r--s 00203000 08:01 34996834                   /root/.gradle/caches/jars-2/hj0bfvxu9cq7hkwmecvp0kg137or3hh/bcprov-jdk15on-1.48.jar
7f731083a000-7f7310848000 r--s 00081000 08:01 34996832                   /root/.gradle/caches/jars-2/4r7xli0tz94y0wfjrdyjxlxar3g1pb9/bcpkix-jdk15on-1.48.jar
7f7310848000-7f7310a48000 rw-p 00000000 00:00 0 
7f7310a48000-7f7310c48000 rw-p 00000000 00:00 0 
7f7310c48000-7f7310e48000 rw-p 00000000 00:00 0 
7f7310e48000-7f7311048000 rw-p 00000000 00:00 0 
7f7311048000-7f7311248000 rw-p 00000000 00:00 0 
7f7311248000-7f7311448000 rw-p 00000000 00:00 0 
7f7311448000-7f731144b000 ---p 00000000 00:00 0 
7f731144b000-7f7311549000 rw-p 00000000 00:00 0 
7f7311549000-7f731154b000 r--s 00002000 08:01 34996830                   /root/.gradle/caches/jars-2/f32bh5uivuf69ecz2j8hl96ksnqdh7v/javawriter-2.5.0.jar
7f731154b000-7f731154d000 r--s 00004000 08:01 34996828                   /root/.gradle/caches/jars-2/ks5d1mxwh7e42p192ttu3gpechro7qa/tracker-25.3.0.jar
7f731154d000-7f731154e000 r--s 00005000 08:01 34996826                   /root/.gradle/caches/jars-2/fl4kf4ptr1zzfqcvmz0t9nip0r2xra6/shared-25.3.0.jar
7f731154e000-7f731155c000 r--s 00147000 08:01 34996824                   /root/.gradle/caches/jars-2/kzywuljggjlwzg0mn5daqjrl9hrds10/protos-25.3.0.jar
7f731155c000-7f731155d000 r--s 00001000 08:01 34996822                   /root/.gradle/caches/jars-2/9wceqt3rojnwacgoouxh9g9dkoot2zu/jill-api-0.10.0.jar
7f731155d000-7f731155f000 r--s 00003000 08:01 34996820                   /root/.gradle/caches/jars-2/hgjtw817h9ckqrqd7wts8rss79wyf2p/jack-api-0.13.0.jar
7f731155f000-7f7311565000 r--s 0004a000 08:01 34996818                   /root/.gradle/caches/jars-2/qdr9c88xakd7sne0hmledt9h4qds2q2/ddmlib-25.3.0.jar
7f7311565000-7f7311568000 r--s 00022000 08:01 34996816                   /root/.gradle/caches/jars-2/fsss09xku4j8m0mtb0gif22hmmgqs7i/manifest-merger-25.3.0.jar
7f7311568000-7f731156b000 r--s 0001c000 08:01 34996814                   /root/.gradle/caches/jars-2/s9s98vc2jrc4cq452s7phwb2ad5xfkn/common-25.3.0.jar
7f731156b000-7f7311574000 r--s 00089000 08:01 34996812                   /root/.gradle/caches/jars-2/965j22khmkpwdgya5fll5pxt21kiz0y/sdk-common-25.3.0.jar
7f7311574000-7f731157e000 r--s 00097000 08:01 34996810                   /root/.gradle/caches/jars-2/2t3glk7v5svadzqcbhq0avch2qk6a9k/sdklib-25.3.0.jar
7f731157e000-7f731157f000 r--s 00002000 08:01 34996808                   /root/.gradle/caches/jars-2/q53lj97mtvuhn56k5k0vmpi70ln1194/builder-test-api-2.3.0.jar
7f731157f000-7f7311582000 r--s 00006000 08:01 34996806                   /root/.gradle/caches/jars-2/217rxmwsloonj42ilq94g16c8qou0uv/builder-model-2.3.0.jar
7f7311582000-7f7311591000 r--s 00130000 08:01 34996804                   /root/.gradle/caches/jars-2/cr6zkqpx14lor9zdtmo49qpc7y8r8p4/protobuf-java-3.0.0.jar
7f7311591000-7f7311593000 r--s 0000f000 08:01 34996802                   /root/.gradle/caches/jars-2/rvfyugrlu5tbpz51p98og0qsxamjq4k/jopt-simple-4.9.jar
7f7311593000-7f7311597000 r--s 0001f000 08:01 34996800                   /root/.gradle/caches/jars-2/nq3fzqkrrm37ob61z4iu5qdbh368uat/org.jacoco.report-0.7.5.201505241946.jar
7f7311597000-7f731159b000 r--s 0001d000 08:01 34996798                   /root/.gradle/caches/jars-2/3kxkmcckmk40ron92zhbm0qjo9l4bkl/org.jacoco.core-0.7.5.201505241946.jar
7f731159b000-7f731159d000 r--s 00002000 08:01 34996796                   /root/.gradle/caches/jars-2/m4m0pzb4gmaeh0in5g2xc4bxeuwt828/proguard-gradle-5.3.2.jar
7f731159d000-7f731159f000 r--s 00009000 08:01 34996794                   /root/.gradle/caches/jars-2/ajvcvdu66lc9e3tvvipxtuq48i9bbkc/asm-commons-5.0.4.jar
7f731159f000-7f73115a1000 r--s 0000c000 08:01 34996792                   /root/.gradle/caches/jars-2/1laz1ygmxoc408r7nwqs1q8uk8r236d/asm-5.0.4.jar
7f73115a1000-7f73115a6000 r--s 0002c000 08:01 34996790                   /root/.gradle/caches/jars-2/3eyaheco65g859qpfsowjbpqi0jh6mf/compilerCommon-2.3.0.jar
7f73115a6000-7f73115a7000 r--s 00002000 08:01 34996788                   /root/.gradle/caches/jars-2/31jr90v5p5fkd2jflx4pvapkdf35ezu/gradle-api-2.3.0.jar
7f73115a7000-7f73115a8000 r--s 00000000 08:01 34996786                   /root/.gradle/caches/jars-2/9alwd0ip1x6at9csjhyhihqra39rks9/transform-api-2.0.0-deprecated-use-gradle-api.jar
7f73115a8000-7f73115ad000 r--s 0005e000 08:01 34996784                   /root/.gradle/caches/jars-2/ni16dxztl73a86d25hs3on5ncngkbuy/lint-25.3.0.jar
7f73115ad000-7f73115c3000 r--s 00163000 08:01 34996782                   /root/.gradle/caches/jars-2/sqf8kc3htrab4fj479mwr3jrji381b7/builder-2.3.0.jar
7f73115c3000-7f73115e1000 r--s 001cb000 08:01 34996780                   /root/.gradle/caches/jars-2/8qy5a7i3gbr2s4snxdquaath1tjusie/gradle-core-2.3.0.jar
7f73115e1000-7f73115e3000 r--s 0000d000 08:01 34996778                   /root/.gradle/caches/jars-2/60bmiis45kdytxtzt10fi483750k8at/gradle-2.3.0.jar
7f73115e3000-7f73115e8000 r--s 0007a000 08:01 34996698                   /root/.gradle/caches/jars-2/q5pdl4dnyup86dc2j4432si3lyapuro/gradle-tooling-extension-impl.jar
7f73115e8000-7f73115ed000 r--s 00034000 08:01 34996702                   /root/.gradle/caches/jars-2/c74d41v3l7o57dyhdc4xhdfblc3m2cw/gson-2.5.jar
7f73115ed000-7f731165d000 r--s 00643000 08:01 34996700                   /root/.gradle/caches/jars-2/8cxlnul3q31hn64oaeyb96yvefwfs4h/groovy-all-2.4.6.jar
7f731165d000-7f7311660000 ---p 00000000 00:00 0 
7f7311660000-7f7311696000 rw-p 00000000 00:00 0 
7f7311696000-7f7311697000 r--p 00000000 00:00 0 
7f7311697000-7f7311698000 r--s 00000000 08:01 34996626                   /root/.gradle/caches/jars-2/dg22azhabc6tsc1i8xni15giz1bnssh/gradle-appengine-builder-model-0.1.0.jar
7f7311698000-7f73116d5000 r--s 0057a000 08:01 34996624                   /root/.gradle/caches/jars-2/fo77ak4mnuyhc5u9vjmknf4a9d1jvr7/sdk-tools.jar
7f73116d5000-7f73116d6000 r--s 00002000 08:01 34996622                   /root/.gradle/caches/jars-2/alhyd7g7xhtn0z1hxgxf7267ym5i09w/external-system-rt.jar
7f73116d6000-7f73116d8000 r--s 0000a000 08:01 34996620                   /root/.gradle/caches/jars-2/ptk43fz0tdnoik1x8njn96wlo1j4uin/gradle-tooling-extension-api.jar
7f73116d8000-7f73116e5000 r--s 0017f000 08:01 34866102                   /root/.gradle/caches/jars-2/jei8kz30gbr6a1wtydijbt6dfeefz5z/velocity.jar
7f73116e5000-7f731171f000 r--s 001e2000 08:01 34735262                   /root/.gradle/caches/jars-2/gsc6q095kyxskeaqm5ejgrya5fy93e4/gradle-core-3.2.jar
7f731171f000-7f7311728000 r--s 00041000 08:01 34735260                   /root/.gradle/caches/jars-2/h9tlqcb3hm1v4dc2krttqmly48oj6dn/gradle-base-services-3.2.jar
7f7311728000-7f7311750000 r--s 001cf000 08:01 34606348                   /root/.gradle/caches/jars-2/87eo0lrvp84r6dbxjq018wy66es2era/guava-jdk5-17.0.jar
7f7311750000-7f731175d000 r--s 00041000 08:01 34606346                   /root/.gradle/caches/jars-2/dgtjvv7hz6uw97ja0np1f4qgb2lzw3b/gradle-tooling-api-3.2.jar
7f731175d000-7f73117d7000 r--s 010f6000 08:01 11020816                   /usr/local/java/jdk1.8.0_121/lib/tools.jar
7f73117d7000-7f73119d7000 rw-p 00000000 00:00 0 
7f73119d7000-7f73119da000 ---p 00000000 00:00 0 
7f73119da000-7f7311ad8000 rw-p 00000000 00:00 0 
7f7311ad8000-7f7311adb000 ---p 00000000 00:00 0 
7f7311adb000-7f7311bd9000 rw-p 00000000 00:00 0 
7f7311bd9000-7f7311bdc000 ---p 00000000 00:00 0 
7f7311bdc000-7f7311cda000 rw-p 00000000 00:00 0 
7f7311cda000-7f7311cdd000 ---p 00000000 00:00 0 
7f7311cdd000-7f7311fdb000 rw-p 00000000 00:00 0 
7f7311fdb000-7f7311fde000 ---p 00000000 00:00 0 
7f7311fde000-7f73120dc000 rw-p 00000000 00:00 0 
7f73120dc000-7f73120df000 ---p 00000000 00:00 0 
7f73120df000-7f73121dd000 rw-p 00000000 00:00 0 
7f73121dd000-7f73121e4000 r--s 00000000 08:01 11274324                   /usr/lib/x86_64-linux-gnu/gconv/gconv-modules.cache
7f73121e4000-7f73123e4000 rw-p 00000000 00:00 0 
7f73123e4000-7f73123e7000 ---p 00000000 00:00 0 
7f73123e7000-7f73124e5000 rw-p 00000000 00:00 0 
7f73124e5000-7f73124e8000 ---p 00000000 00:00 0 
7f73124e8000-7f73125e6000 rw-p 00000000 00:00 0 
7f73125e6000-7f73125ef000 r-xp 00000000 08:01 11144070                   /usr/local/java/jdk1.8.0_121/jre/lib/amd64/libmanagement.so
7f73125ef000-7f73127ee000 ---p 00009000 08:01 11144070                   /usr/local/java/jdk1.8.0_121/jre/lib/amd64/libmanagement.so
7f73127ee000-7f73127ef000 rw-p 00008000 08:01 11144070                   /usr/local/java/jdk1.8.0_121/jre/lib/amd64/libmanagement.so
7f73127ef000-7f73127f3000 r--s 0009a000 08:01 11143978                   /usr/local/java/jdk1.8.0_121/jre/lib/jsse.jar
7f73127f3000-7f73127f5000 r--s 00007000 08:01 34341942                   /root/.gradle/wrapper/dists/gradle-3.3-all/55gk2rcmfc6p2dg9u9ohc3hw9/gradle-3.3/lib/plugins/gradle-tooling-api-builders-3.3.jar
7f73127f5000-7f73127f8000 r--s 00009000 08:01 34341935                   /root/.gradle/wrapper/dists/gradle-3.3-all/55gk2rcmfc6p2dg9u9ohc3hw9/gradle-3.3/lib/plugins/gradle-testing-native-3.3.jar
7f73127f8000-7f73127fe000 r--s 00033000 08:01 34342010                   /root/.gradle/wrapper/dists/gradle-3.3-all/55gk2rcmfc6p2dg9u9ohc3hw9/gradle-3.3/lib/plugins/snakeyaml-1.6.jar
7f73127fe000-7f7312800000 r--s 00006000 08:01 34342009                   /root/.gradle/wrapper/dists/gradle-3.3-all/55gk2rcmfc6p2dg9u9ohc3hw9/gradle-3.3/lib/plugins/jcommander-1.12.jar
7f7312800000-7f7312805000 r--s 00040000 08:01 34342008                   /root/.gradle/wrapper/dists/gradle-3.3-all/55gk2rcmfc6p2dg9u9ohc3hw9/gradle-3.3/lib/plugins/bsh-2.0b4.jar
7f7312805000-7f7312807000 r--s 00009000 08:01 34342016                   /root/.gradle/wrapper/dists/gradle-3.3-all/55gk2rcmfc6p2dg9u9ohc3hw9/gradle-3.3/lib/plugins/hamcrest-core-1.3.jar
7f7312807000-7f7312810000 r--s 00089000 08:01 34341967                   /root/.gradle/wrapper/dists/gradle-3.3-all/55gk2rcmfc6p2dg9u9ohc3hw9/gradle-3.3/lib/plugins/testng-6.3.1.jar
7f7312810000-7f7312818000 r--s 00045000 08:01 34341966                   /root/.gradle/wrapper/dists/gradle-3.3-all/55gk2rcmfc6p2dg9u9ohc3hw9/gradle-3.3/lib/plugins/junit-4.12.jar
7f7312818000-7f731281e000 r--s 0002e000 08:01 34341936                   /root/.gradle/wrapper/dists/gradle-3.3-all/55gk2rcmfc6p2dg9u9ohc3hw9/gradle-3.3/lib/plugins/gradle-testing-jvm-3.3.jar
7f731281e000-7f7312822000 r--s 00016000 08:01 34341934                   /root/.gradle/wrapper/dists/gradle-3.3-all/55gk2rcmfc6p2dg9u9ohc3hw9/gradle-3.3/lib/plugins/gradle-testing-base-3.3.jar
7f7312822000-7f7312829000 r--s 00038000 08:01 34341961                   /root/.gradle/wrapper/dists/gradle-3.3-all/55gk2rcmfc6p2dg9u9ohc3hw9/gradle-3.3/lib/plugins/bcpg-jdk15on-1.51.jar
7f7312829000-7f731282b000 r--s 0000c000 08:01 34341913                   /root/.gradle/wrapper/dists/gradle-3.3-all/55gk2rcmfc6p2dg9u9ohc3hw9/gradle-3.3/lib/plugins/gradle-signing-3.3.jar
7f731282b000-7f731282d000 r--s 00007000 08:01 34341912                   /root/.gradle/wrapper/dists/gradle-3.3-all/55gk2rcmfc6p2dg9u9ohc3hw9/gradle-3.3/lib/plugins/gradle-scala-3.3.jar
7f731282d000-7f731282e000 r--s 00004000 08:01 34341940                   /root/.gradle/wrapper/dists/gradle-3.3-all/55gk2rcmfc6p2dg9u9ohc3hw9/gradle-3.3/lib/plugins/gradle-resources-sftp-3.3.jar
7f731282e000-7f731283e000 r--s 00088000 08:01 34341977                   /root/.gradle/wrapper/dists/gradle-3.3-all/55gk2rcmfc6p2dg9u9ohc3hw9/gradle-3.3/lib/plugins/joda-time-2.8.2.jar
7f731283e000-7f731284f000 r--s 0010d000 08:01 34341976                   /root/.gradle/wrapper/dists/gradle-3.3-all/55gk2rcmfc6p2dg9u9ohc3hw9/gradle-3.3/lib/plugins/jackson-databind-2.6.6.jar
7f731284f000-7f7312852000 r--s 00009000 08:01 34341975                   /root/.gradle/wrapper/dists/gradle-3.3-all/55gk2rcmfc6p2dg9u9ohc3hw9/gradle-3.3/lib/plugins/jackson-annotations-2.6.6.jar
7f7312852000-7f7312856000 r--s 0003c000 08:01 34341974                   /root/.gradle/wrapper/dists/gradle-3.3-all/55gk2rcmfc6p2dg9u9ohc3hw9/gradle-3.3/lib/plugins/jackson-core-2.6.6.jar
7f7312856000-7f7312864000 r--s 00087000 08:01 34341973                   /root/.gradle/wrapper/dists/gradle-3.3-all/55gk2rcmfc6p2dg9u9ohc3hw9/gradle-3.3/lib/plugins/aws-java-sdk-core-1.11.6.jar
7f7312864000-7f731286b000 r--s 00057000 08:01 34341972                   /root/.gradle/wrapper/dists/gradle-3.3-all/55gk2rcmfc6p2dg9u9ohc3hw9/gradle-3.3/lib/plugins/aws-java-sdk-kms-1.11.6.jar
7f731286b000-7f7312878000 r--s 0008e000 08:01 34341971                   /root/.gradle/wrapper/dists/gradle-3.3-all/55gk2rcmfc6p2dg9u9ohc3hw9/gradle-3.3/lib/plugins/aws-java-sdk-s3-1.11.6.jar
7f7312878000-7f731287a000 r--s 00004000 08:01 34341941                   /root/.gradle/wrapper/dists/gradle-3.3-all/55gk2rcmfc6p2dg9u9ohc3hw9/gradle-3.3/lib/plugins/gradle-resources-s3-3.3.jar
7f731287a000-7f731287c000 r--s 00005000 08:01 34341965                   /root/.gradle/wrapper/dists/gradle-3.3-all/55gk2rcmfc6p2dg9u9ohc3hw9/gradle-3.3/lib/plugins/jatl-0.2.2.jar
7f731287c000-7f731287e000 r--s 0000f000 08:01 34341918                   /root/.gradle/wrapper/dists/gradle-3.3-all/55gk2rcmfc6p2dg9u9ohc3hw9/gradle-3.3/lib/plugins/gradle-reporting-3.3.jar
7f731287e000-7f7312880000 r--s 00002000 08:01 34341919                   /root/.gradle/wrapper/dists/gradle-3.3-all/55gk2rcmfc6p2dg9u9ohc3hw9/gradle-3.3/lib/plugins/gradle-publish-3.3.jar
7f7312880000-7f7312882000 r--s 00009000 08:01 34341948                   /root/.gradle/wrapper/dists/gradle-3.3-all/55gk2rcmfc6p2dg9u9ohc3hw9/gradle-3.3/lib/plugins/commons-cli-1.2.jar
7f7312882000-7f7312888000 r--s 00031000 08:01 34341904                   /root/.gradle/wrapper/dists/gradle-3.3-all/55gk2rcmfc6p2dg9u9ohc3hw9/gradle-3.3/lib/plugins/gradle-plugins-3.3.jar
7f7312888000-7f731288a000 r--s 00009000 08:01 34341937                   /root/.gradle/wrapper/dists/gradle-3.3-all/55gk2rcmfc6p2dg9u9ohc3hw9/gradle-3.3/lib/plugins/gradle-plugin-development-3.3.jar
7f731288a000-7f7312890000 r--s 0002b000 08:01 34341930                   /root/.gradle/wrapper/dists/gradle-3.3-all/55gk2rcmfc6p2dg9u9ohc3hw9/gradle-3.3/lib/plugins/gradle-platform-play-3.3.jar
7f7312890000-7f731289e000 r--s 00055000 08:01 34341929                   /root/.gradle/wrapper/dists/gradle-3.3-all/55gk2rcmfc6p2dg9u9ohc3hw9/gradle-3.3/lib/plugins/gradle-platform-native-3.3.jar
7f731289e000-7f73128a3000 r--s 0001f000 08:01 34341924                   /root/.gradle/wrapper/dists/gradle-3.3-all/55gk2rcmfc6p2dg9u9ohc3hw9/gradle-3.3/lib/plugins/gradle-platform-jvm-3.3.jar
7f73128a3000-7f73128ab000 r--s 00027000 08:01 34341923                   /root/.gradle/wrapper/dists/gradle-3.3-all/55gk2rcmfc6p2dg9u9ohc3hw9/gradle-3.3/lib/plugins/gradle-platform-base-3.3.jar
7f73128ab000-7f73128d3000 r--s 0021c000 08:01 34341956                   /root/.gradle/wrapper/dists/gradle-3.3-all/55gk2rcmfc6p2dg9u9ohc3hw9/gradle-3.3/lib/plugins/biz.aQute.bndlib-3.2.0.jar
7f73128d3000-7f73128d5000 r--s 00003000 08:01 34341908                   /root/.gradle/wrapper/dists/gradle-3.3-all/55gk2rcmfc6p2dg9u9ohc3hw9/gradle-3.3/lib/plugins/gradle-osgi-3.3.jar
7f73128d5000-7f73128d8000 r--s 0000c000 08:01 34341959                   /root/.gradle/wrapper/dists/gradle-3.3-all/55gk2rcmfc6p2dg9u9ohc3hw9/gradle-3.3/lib/plugins/pmaven-groovy-0.8-20100325.jar
7f73128d8000-7f73128d9000 r--s 00004000 08:01 34341958                   /root/.gradle/wrapper/dists/gradle-3.3-all/55gk2rcmfc6p2dg9u9ohc3hw9/gradle-3.3/lib/plugins/pmaven-common-0.8-20100325.jar
7f73128d9000-7f73128df000 r--s 00023000 08:01 34341909                   /root/.gradle/wrapper/dists/gradle-3.3-all/55gk2rcmfc6p2dg9u9ohc3hw9/gradle-3.3/lib/plugins/gradle-maven-3.3.jar
7f73128df000-7f73128e2000 r--s 0000b000 08:01 34341928                   /root/.gradle/wrapper/dists/gradle-3.3-all/55gk2rcmfc6p2dg9u9ohc3hw9/gradle-3.3/lib/plugins/gradle-language-scala-3.3.jar
7f73128e2000-7f73128e8000 r--s 0001a000 08:01 34341932                   /root/.gradle/wrapper/dists/gradle-3.3-all/55gk2rcmfc6p2dg9u9ohc3hw9/gradle-3.3/lib/plugins/gradle-language-native-3.3.jar
7f73128e8000-7f73128eb000 r--s 00005000 08:01 34341925                   /root/.gradle/wrapper/dists/gradle-3.3-all/55gk2rcmfc6p2dg9u9ohc3hw9/gradle-3.3/lib/plugins/gradle-language-jvm-3.3.jar
7f73128eb000-7f73128f1000 r--s 00027000 08:01 34341926                   /root/.gradle/wrapper/dists/gradle-3.3-all/55gk2rcmfc6p2dg9u9ohc3hw9/gradle-3.3/lib/plugins/gradle-language-java-3.3.jar
7f73128f1000-7f73128f3000 r--s 0000a000 08:01 34341927                   /root/.gradle/wrapper/dists/gradle-3.3-all/55gk2rcmfc6p2dg9u9ohc3hw9/gradle-3.3/lib/plugins/gradle-language-groovy-3.3.jar
7f73128f3000-7f73128f6000 r--s 0001e000 08:01 34341983                   /root/.gradle/wrapper/dists/gradle-3.3-all/55gk2rcmfc6p2dg9u9ohc3hw9/gradle-3.3/lib/plugins/jsp-api-2.1-6.1.14.jar
7f73128f6000-7f7312919000 r--s 00344000 08:01 34341982                   /root/.gradle/wrapper/dists/gradle-3.3-all/55gk2rcmfc6p2dg9u9ohc3hw9/gradle-3.3/lib/plugins/core-3.1.1.jar
7f7312919000-7f731291a000 r--s 00006000 08:01 34341981                   /root/.gradle/wrapper/dists/gradle-3.3-all/55gk2rcmfc6p2dg9u9ohc3hw9/gradle-3.3/lib/plugins/jetty-naming-6.1.26.jar
7f731291a000-7f731291b000 r--s 00002000 08:01 34341955                   /root/.gradle/wrapper/dists/gradle-3.3-all/55gk2rcmfc6p2dg9u9ohc3hw9/gradle-3.3/lib/plugins/geronimo-annotation_1.0_spec-1.0.jar
7f731291b000-7f731291d000 r--s 00002000 08:01 34341954                   /root/.gradle/wrapper/dists/gradle-3.3-all/55gk2rcmfc6p2dg9u9ohc3hw9/gradle-3.3/lib/plugins/jetty-annotations-6.1.26.jar
7f731291d000-7f731292e000 r--s 000ea000 08:01 34341953                   /root/.gradle/wrapper/dists/gradle-3.3-all/55gk2rcmfc6p2dg9u9ohc3hw9/gradle-3.3/lib/plugins/jsp-2.1-6.1.14.jar
7f731292e000-7f7312930000 r--s 0000d000 08:01 34341952                   /root/.gradle/wrapper/dists/gradle-3.3-all/55gk2rcmfc6p2dg9u9ohc3hw9/gradle-3.3/lib/plugins/jetty-plus-6.1.26.jar
7f7312930000-7f7312932000 r--s 0001f000 08:01 34341951                   /root/.gradle/wrapper/dists/gradle-3.3-all/55gk2rcmfc6p2dg9u9ohc3hw9/gradle-3.3/lib/plugins/servlet-api-2.5-20081211.jar
7f7312932000-7f7312936000 r--s 00028000 08:01 34341950                   /root/.gradle/wrapper/dists/gradle-3.3-all/55gk2rcmfc6p2dg9u9ohc3hw9/gradle-3.3/lib/plugins/jetty-util-6.1.26.jar
7f7312936000-7f731293d000 r--s 0007d000 08:01 34341949                   /root/.gradle/wrapper/dists/gradle-3.3-all/55gk2rcmfc6p2dg9u9ohc3hw9/gradle-3.3/lib/plugins/jetty-6.1.26.jar
7f731293d000-7f731293f000 r--s 0000a000 08:01 34341906                   /root/.gradle/wrapper/dists/gradle-3.3-all/55gk2rcmfc6p2dg9u9ohc3hw9/gradle-3.3/lib/plugins/gradle-jetty-3.3.jar
7f731293f000-7f7312946000 r--s 00035000 08:01 34341964                   /root/.gradle/wrapper/dists/gradle-3.3-all/55gk2rcmfc6p2dg9u9ohc3hw9/gradle-3.3/lib/plugins/simple-4.1.21.jar
7f7312946000-7f7312952000 r--s 00100000 08:01 34341962                   /root/.gradle/wrapper/dists/gradle-3.3-all/55gk2rcmfc6p2dg9u9ohc3hw9/gradle-3.3/lib/plugins/rhino-1.7R3.jar
7f7312952000-7f7312956000 r--s 00012000 08:01 34341915                   /root/.gradle/wrapper/dists/gradle-3.3-all/55gk2rcmfc6p2dg9u9ohc3hw9/gradle-3.3/lib/plugins/gradle-javascript-3.3.jar
7f7312956000-7f7312958000 r--s 0000d000 08:01 34341921                   /root/.gradle/wrapper/dists/gradle-3.3-all/55gk2rcmfc6p2dg9u9ohc3hw9/gradle-3.3/lib/plugins/gradle-jacoco-3.3.jar
7f7312958000-7f731295b000 r--s 0000e000 08:01 34341920                   /root/.gradle/wrapper/dists/gradle-3.3-all/55gk2rcmfc6p2dg9u9ohc3hw9/gradle-3.3/lib/plugins/gradle-ivy-3.3.jar
7f731295b000-7f731295c000 r--s 00002000 08:01 34341931                   /root/.gradle/wrapper/dists/gradle-3.3-all/55gk2rcmfc6p2dg9u9ohc3hw9/gradle-3.3/lib/plugins/gradle-ide-play-3.3.jar
7f731295c000-7f731295f000 r--s 00013000 08:01 34341933                   /root/.gradle/wrapper/dists/gradle-3.3-all/55gk2rcmfc6p2dg9u9ohc3hw9/gradle-3.3/lib/plugins/gradle-ide-native-3.3.jar
7f731295f000-7f7312968000 r--s 00055000 08:01 34341910                   /root/.gradle/wrapper/dists/gradle-3.3-all/55gk2rcmfc6p2dg9u9ohc3hw9/gradle-3.3/lib/plugins/gradle-ide-3.3.jar
7f7312968000-7f731296a000 r--s 00007000 08:01 34341914                   /root/.gradle/wrapper/dists/gradle-3.3-all/55gk2rcmfc6p2dg9u9ohc3hw9/gradle-3.3/lib/plugins/gradle-ear-3.3.jar
7f731296a000-7f7312970000 r--s 00039000 08:01 34341917                   /root/.gradle/wrapper/dists/gradle-3.3-all/55gk2rcmfc6p2dg9u9ohc3hw9/gradle-3.3/lib/plugins/gradle-diagnostics-3.3.jar
7f7312970000-7f7312971000 r--s 00009000 08:01 34341943                   /root/.gradle/wrapper/dists/gradle-3.3-all/55gk2rcmfc6p2dg9u9ohc3hw9/gradle-3.3/lib/plugins/gradle-composite-builds-3.3.jar
7f7312971000-7f7312975000 r--s 00023000 08:01 34341905                   /root/.gradle/wrapper/dists/gradle-3.3-all/55gk2rcmfc6p2dg9u9ohc3hw9/gradle-3.3/lib/plugins/gradle-code-quality-3.3.jar
7f7312975000-7f7312979000 r--s 00022000 08:01 34341922                   /root/.gradle/wrapper/dists/gradle-3.3-all/55gk2rcmfc6p2dg9u9ohc3hw9/gradle-3.3/lib/plugins/gradle-build-init-3.3.jar
7f7312979000-7f731297f000 r--s 0008e000 08:01 34341916                   /root/.gradle/wrapper/dists/gradle-3.3-all/55gk2rcmfc6p2dg9u9ohc3hw9/gradle-3.3/lib/plugins/gradle-build-comparison-3.3.jar
7f731297f000-7f7312980000 r--s 00001000 08:01 34341944                   /root/.gradle/wrapper/dists/gradle-3.3-all/55gk2rcmfc6p2dg9u9ohc3hw9/gradle-3.3/lib/plugins/gradle-build-cache-http-3.3.jar
7f7312980000-7f7312982000 r--s 00008000 08:01 34341907                   /root/.gradle/wrapper/dists/gradle-3.3-all/55gk2rcmfc6p2dg9u9ohc3hw9/gradle-3.3/lib/plugins/gradle-antlr-3.3.jar
7f7312982000-7f7312984000 r--s 00004000 08:01 34341911                   /root/.gradle/wrapper/dists/gradle-3.3-all/55gk2rcmfc6p2dg9u9ohc3hw9/gradle-3.3/lib/plugins/gradle-announce-3.3.jar
7f7312984000-7f731299c000 r--s 00115000 08:01 34342013                   /root/.gradle/wrapper/dists/gradle-3.3-all/55gk2rcmfc6p2dg9u9ohc3hw9/gradle-3.3/lib/plugins/xercesImpl-2.9.1.jar
7f731299c000-7f73129a4000 r--s 00028000 08:01 34342014                   /root/.gradle/wrapper/dists/gradle-3.3-all/55gk2rcmfc6p2dg9u9ohc3hw9/gradle-3.3/lib/plugins/xml-apis-1.3.04.jar
7f73129a4000-7f73129aa000 r--s 0005b000 08:01 34342012                   /root/.gradle/wrapper/dists/gradle-3.3-all/55gk2rcmfc6p2dg9u9ohc3hw9/gradle-3.3/lib/plugins/jcifs-1.3.17.jar
7f73129aa000-7f73129b0000 r--s 00033000 08:01 34341960                   /root/.gradle/wrapper/dists/gradle-3.3-all/55gk2rcmfc6p2dg9u9ohc3hw9/gradle-3.3/lib/plugins/commons-codec-1.6.jar
7f73129b0000-7f73129b7000 r--s 00049000 08:01 34342011                   /root/.gradle/wrapper/dists/gradle-3.3-all/55gk2rcmfc6p2dg9u9ohc3hw9/gradle-3.3/lib/plugins/httpcore-4.4.4.jar
7f73129b7000-7f73129ba000 r--s 0001c000 08:01 34341969                   /root/.gradle/wrapper/dists/gradle-3.3-all/55gk2rcmfc6p2dg9u9ohc3hw9/gradle-3.3/lib/plugins/nekohtml-1.9.14.jar
7f73129ba000-7f73129c7000 r--s 000a4000 08:01 34341968                   /root/.gradle/wrapper/dists/gradle-3.3-all/55gk2rcmfc6p2dg9u9ohc3hw9/gradle-3.3/lib/plugins/httpclient-4.4.1.jar
7f73129c7000-7f73129ca000 r--s 0000a000 08:01 34341939                   /root/.gradle/wrapper/dists/gradle-3.3-all/55gk2rcmfc6p2dg9u9ohc3hw9/gradle-3.3/lib/plugins/gradle-resources-http-3.3.jar
7f73129ca000-7f73129ce000 r--s 00015000 08:01 34341938                   /root/.gradle/wrapper/dists/gradle-3.3-all/55gk2rcmfc6p2dg9u9ohc3hw9/gradle-3.3/lib/plugins/gradle-plugin-use-3.3.jar
7f73129ce000-7f73129cf000 r--s 00000000 08:01 34341850                   /root/.gradle/wrapper/dists/gradle-3.3-all/55gk2rcmfc6p2dg9u9ohc3hw9/gradle-3.3/lib/gradle-installation-beacon-3.3.jar
7f73129cf000-7f73129d1000 r--s 00006000 08:01 34342007                   /root/.gradle/wrapper/dists/gradle-3.3-all/55gk2rcmfc6p2dg9u9ohc3hw9/gradle-3.3/lib/plugins/aether-connector-wagon-1.13.1.jar
7f73129d1000-7f73129d5000 r--s 0001c000 08:01 34342006                   /root/.gradle/wrapper/dists/gradle-3.3-all/55gk2rcmfc6p2dg9u9ohc3hw9/gradle-3.3/lib/plugins/aether-util-1.13.1.jar
7f73129d5000-7f73129d6000 r--s 00003000 08:01 34342005                   /root/.gradle/wrapper/dists/gradle-3.3-all/55gk2rcmfc6p2dg9u9ohc3hw9/gradle-3.3/lib/plugins/aether-spi-1.13.1.jar
7f73129d6000-7f73129d9000 r--s 0001d000 08:01 34342004                   /root/.gradle/wrapper/dists/gradle-3.3-all/55gk2rcmfc6p2dg9u9ohc3hw9/gradle-3.3/lib/plugins/aether-impl-1.13.1.jar
7f73129d9000-7f73129dc000 r--s 00013000 08:01 34342003                   /root/.gradle/wrapper/dists/gradle-3.3-all/55gk2rcmfc6p2dg9u9ohc3hw9/gradle-3.3/lib/plugins/aether-api-1.13.1.jar
7f73129dc000-7f73129dd000 r--s 00007000 08:01 34342002                   /root/.gradle/wrapper/dists/gradle-3.3-all/55gk2rcmfc6p2dg9u9ohc3hw9/gradle-3.3/lib/plugins/wagon-http-shared4-2.4.jar
7f73129dd000-7f73129df000 r--s 0000b000 08:01 34342001                   /root/.gradle/wrapper/dists/gradle-3.3-all/55gk2rcmfc6p2dg9u9ohc3hw9/gradle-3.3/lib/plugins/wagon-provider-api-2.4.jar
7f73129df000-7f73129e0000 r--s 00002000 08:01 34342000                   /root/.gradle/wrapper/dists/gradle-3.3-all/55gk2rcmfc6p2dg9u9ohc3hw9/gradle-3.3/lib/plugins/wagon-http-2.4.jar
7f73129e0000-7f73129e1000 r--s 00002000 08:01 34341999                   /root/.gradle/wrapper/dists/gradle-3.3-all/55gk2rcmfc6p2dg9u9ohc3hw9/gradle-3.3/lib/plugins/wagon-file-2.4.jar
7f73129e1000-7f73129e3000 r--s 0000c000 08:01 34341998                   /root/.gradle/wrapper/dists/gradle-3.3-all/55gk2rcmfc6p2dg9u9ohc3hw9/gradle-3.3/lib/plugins/maven-aether-provider-3.0.4.jar
7f73129e3000-7f73129e5000 r--s 0000b000 08:01 34341997                   /root/.gradle/wrapper/dists/gradle-3.3-all/55gk2rcmfc6p2dg9u9ohc3hw9/gradle-3.3/lib/plugins/maven-plugin-api-3.0.4.jar
7f73129e5000-7f73129e7000 r--s 00006000 08:01 34341996                   /root/.gradle/wrapper/dists/gradle-3.3-all/55gk2rcmfc6p2dg9u9ohc3hw9/gradle-3.3/lib/plugins/maven-repository-metadata-3.0.4.jar
7f73129e7000-7f73129e9000 r--s 0000b000 08:01 34341995                   /root/.gradle/wrapper/dists/gradle-3.3-all/55gk2rcmfc6p2dg9u9ohc3hw9/gradle-3.3/lib/plugins/maven-artifact-3.0.4.jar
7f73129e9000-7f73129eb000 r--s 00026000 08:01 34341994                   /root/.gradle/wrapper/dists/gradle-3.3-all/55gk2rcmfc6p2dg9u9ohc3hw9/gradle-3.3/lib/plugins/maven-model-3.0.4.jar
7f73129eb000-7f73129ef000 r--s 00021000 08:01 34341993                   /root/.gradle/wrapper/dists/gradle-3.3-all/55gk2rcmfc6p2dg9u9ohc3hw9/gradle-3.3/lib/plugins/maven-model-builder-3.0.4.jar
7f73129ef000-7f73129f5000 r--s 0003f000 08:01 34341992                   /root/.gradle/wrapper/dists/gradle-3.3-all/55gk2rcmfc6p2dg9u9ohc3hw9/gradle-3.3/lib/plugins/maven-compat-3.0.4.jar
7f73129f5000-7f73129f6000 r--s 00006000 08:01 34341991                   /root/.gradle/wrapper/dists/gradle-3.3-all/55gk2rcmfc6p2dg9u9ohc3hw9/gradle-3.3/lib/plugins/plexus-sec-dispatcher-1.3.jar
7f73129f6000-7f73129f8000 r--s 00002000 08:01 34341990                   /root/.gradle/wrapper/dists/gradle-3.3-all/55gk2rcmfc6p2dg9u9ohc3hw9/gradle-3.3/lib/plugins/plexus-cipher-1.7.jar
7f73129f8000-7f73129fa000 r--s 0000a000 08:01 34341989                   /root/.gradle/wrapper/dists/gradle-3.3-all/55gk2rcmfc6p2dg9u9ohc3hw9/gradle-3.3/lib/plugins/plexus-classworlds-2.4.jar
7f73129fa000-7f7312a01000 r--s 0002e000 08:01 34341988                   /root/.gradle/wrapper/dists/gradle-3.3-all/55gk2rcmfc6p2dg9u9ohc3hw9/gradle-3.3/lib/plugins/plexus-container-default-1.5.5.jar
7f7312a01000-7f7312a03000 r--s 00000000 08:01 34342015                   /root/.gradle/wrapper/dists/gradle-3.3-all/55gk2rcmfc6p2dg9u9ohc3hw9/gradle-3.3/lib/plugins/plexus-component-annotations-1.5.5.jar
7f7312a03000-7f7312a05000 r--s 0000d000 08:01 34341987                   /root/.gradle/wrapper/dists/gradle-3.3-all/55gk2rcmfc6p2dg9u9ohc3hw9/gradle-3.3/lib/plugins/plexus-interpolation-1.14.jar
7f7312a05000-7f7312a09000 r--s 00033000 08:01 34341986                   /root/.gradle/wrapper/dists/gradle-3.3-all/55gk2rcmfc6p2dg9u9ohc3hw9/gradle-3.3/lib/plugins/plexus-utils-2.0.6.jar
7f7312a09000-7f7312a0c000 r--s 00008000 08:01 34341985                   /root/.gradle/wrapper/dists/gradle-3.3-all/55gk2rcmfc6p2dg9u9ohc3hw9/gradle-3.3/lib/plugins/maven-settings-builder-3.0.4.jar
7f7312a0c000-7f7312a11000 r--s 00040000 08:01 34341970                   /root/.gradle/wrapper/dists/gradle-3.3-all/55gk2rcmfc6p2dg9u9ohc3hw9/gradle-3.3/lib/plugins/jsch-0.1.53.jar
7f7312a11000-7f7312a51000 r--s 00277000 08:01 34341980                   /root/.gradle/wrapper/dists/gradle-3.3-all/55gk2rcmfc6p2dg9u9ohc3hw9/gradle-3.3/lib/plugins/bcprov-jdk15on-1.51.jar
7f7312a51000-7f7312a5d000 r--s 0007d000 08:01 34341957                   /root/.gradle/wrapper/dists/gradle-3.3-all/55gk2rcmfc6p2dg9u9ohc3hw9/gradle-3.3/lib/plugins/maven-core-3.0.4.jar
7f7312a5d000-7f7312a7c000 r--s 000f6000 08:01 34341946                   /root/.gradle/wrapper/dists/gradle-3.3-all/55gk2rcmfc6p2dg9u9ohc3hw9/gradle-3.3/lib/plugins/gradle-dependency-management-3.3.jar
7f7312a7c000-7f7312a92000 r-xp 00000000 08:01 4985220                    /lib/x86_64-linux-gnu/libgcc_s.so.1
7f7312a92000-7f7312c91000 ---p 00016000 08:01 4985220                    /lib/x86_64-linux-gnu/libgcc_s.so.1
7f7312c91000-7f7312c92000 rw-p 00015000 08:01 4985220                    /lib/x86_64-linux-gnu/libgcc_s.so.1
7f7312c92000-7f7312e04000 r-xp 00000000 08:01 11012225                   /usr/lib/x86_64-linux-gnu/libstdc++.so.6.0.21
7f7312e04000-7f7313004000 ---p 00172000 08:01 11012225                   /usr/lib/x86_64-linux-gnu/libstdc++.so.6.0.21
7f7313004000-7f731300e000 r--p 00172000 08:01 11012225                   /usr/lib/x86_64-linux-gnu/libstdc++.so.6.0.21
7f731300e000-7f7313010000 rw-p 0017c000 08:01 11012225                   /usr/lib/x86_64-linux-gnu/libstdc++.so.6.0.21
7f7313010000-7f7313014000 rw-p 00000000 00:00 0 
7f7313014000-7f7313016000 r--s 0000a000 08:01 34341984                   /root/.gradle/wrapper/dists/gradle-3.3-all/55gk2rcmfc6p2dg9u9ohc3hw9/gradle-3.3/lib/plugins/maven-settings-3.0.4.jar
7f7313016000-7f731301a000 r--s 0001d000 08:01 34341979                   /root/.gradle/wrapper/dists/gradle-3.3-all/55gk2rcmfc6p2dg9u9ohc3hw9/gradle-3.3/lib/plugins/xbean-reflect-3.4.jar
7f731301a000-7f731301f000 r--s 00034000 08:01 34341963                   /root/.gradle/wrapper/dists/gradle-3.3-all/55gk2rcmfc6p2dg9u9ohc3hw9/gradle-3.3/lib/plugins/gson-2.7.jar
7f731301f000-7f731302e000 r--s 000d9000 08:01 34341978                   /root/.gradle/wrapper/dists/gradle-3.3-all/55gk2rcmfc6p2dg9u9ohc3hw9/gradle-3.3/lib/plugins/ivy-2.2.0.jar
7f731302e000-7f7313030000 r--s 00005000 08:01 34341945                   /root/.gradle/wrapper/dists/gradle-3.3-all/55gk2rcmfc6p2dg9u9ohc3hw9/gradle-3.3/lib/plugins/gradle-workers-3.3.jar
7f7313030000-7f7313035000 r-xp 00000000 08:01 34345271                   /root/.gradle/native/23/linux-amd64/libnative-platform.so
7f7313035000-7f7313234000 ---p 00005000 08:01 34345271                   /root/.gradle/native/23/linux-amd64/libnative-platform.so
7f7313234000-7f7313235000 rw-p 00004000 08:01 34345271                   /root/.gradle/native/23/linux-amd64/libnative-platform.so
7f7313235000-7f7313246000 r-xp 00000000 08:01 11144059                   /usr/local/java/jdk1.8.0_121/jre/lib/amd64/libnio.so
7f7313246000-7f7313445000 ---p 00011000 08:01 11144059                   /usr/local/java/jdk1.8.0_121/jre/lib/amd64/libnio.so
7f7313445000-7f7313446000 rw-p 00010000 08:01 11144059                   /usr/local/java/jdk1.8.0_121/jre/lib/amd64/libnio.so
7f7313446000-7f7313747000 rw-p 00000000 00:00 0 
7f7313747000-7f731375d000 r-xp 00000000 08:01 11144034                   /usr/local/java/jdk1.8.0_121/jre/lib/amd64/libnet.so
7f731375d000-7f731395d000 ---p 00016000 08:01 11144034                   /usr/local/java/jdk1.8.0_121/jre/lib/amd64/libnet.so
7f731395d000-7f731395e000 rw-p 00016000 08:01 11144034                   /usr/local/java/jdk1.8.0_121/jre/lib/amd64/libnet.so
7f731395e000-7f731395f000 r--s 00006000 08:01 34341849                   /root/.gradle/wrapper/dists/gradle-3.3-all/55gk2rcmfc6p2dg9u9ohc3hw9/gradle-3.3/lib/gradle-wrapper-3.3.jar
7f731395f000-7f731396c000 r--s 00041000 08:01 34341856                   /root/.gradle/wrapper/dists/gradle-3.3-all/55gk2rcmfc6p2dg9u9ohc3hw9/gradle-3.3/lib/gradle-tooling-api-3.3.jar
7f731396c000-7f731396e000 r--s 00002000 08:01 34341876                   /root/.gradle/wrapper/dists/gradle-3.3-all/55gk2rcmfc6p2dg9u9ohc3hw9/gradle-3.3/lib/gradle-open-api-3.3.jar
7f731396e000-7f7313974000 r--s 00032000 08:01 34341878                   /root/.gradle/wrapper/dists/gradle-3.3-all/55gk2rcmfc6p2dg9u9ohc3hw9/gradle-3.3/lib/jaxen-1.1.jar
7f7313974000-7f7313979000 r--s 00048000 08:01 34341877                   /root/.gradle/wrapper/dists/gradle-3.3-all/55gk2rcmfc6p2dg9u9ohc3hw9/gradle-3.3/lib/dom4j-1.6.1.jar
7f7313979000-7f7313984000 r--s 00059000 08:01 34341855                   /root/.gradle/wrapper/dists/gradle-3.3-all/55gk2rcmfc6p2dg9u9ohc3hw9/gradle-3.3/lib/gradle-ui-3.3.jar
7f7313984000-7f731398d000 r--s 0008c000 08:01 34341847                   /root/.gradle/wrapper/dists/gradle-3.3-all/55gk2rcmfc6p2dg9u9ohc3hw9/gradle-3.3/lib/kotlin-stdlib-1.1-M02.jar
7f731398d000-7f7313993000 r--s 0002a000 08:01 34341846                   /root/.gradle/wrapper/dists/gradle-3.3-all/55gk2rcmfc6p2dg9u9ohc3hw9/gradle-3.3/lib/kotlin-runtime-1.1-M02.jar
7f7313993000-7f73139c7000 r--s 00256000 08:01 34341845                   /root/.gradle/wrapper/dists/gradle-3.3-all/55gk2rcmfc6p2dg9u9ohc3hw9/gradle-3.3/lib/kotlin-reflect-1.1-M02.jar
7f73139c7000-7f7313b5d000 r--s 0157e000 08:01 34341844                   /root/.gradle/wrapper/dists/gradle-3.3-all/55gk2rcmfc6p2dg9u9ohc3hw9/gradle-3.3/lib/kotlin-compiler-embeddable-1.1-M02.jar
7f7313b5d000-7f7313b65000 r--s 0004e000 08:01 34341843                   /root/.gradle/wrapper/dists/gradle-3.3-all/55gk2rcmfc6p2dg9u9ohc3hw9/gradle-3.3/lib/gradle-script-kotlin-0.5.1.jar
7f7313b65000-7f7313b68000 r--s 0000b000 08:01 34341874                   /root/.gradle/wrapper/dists/gradle-3.3-all/55gk2rcmfc6p2dg9u9ohc3hw9/gradle-3.3/lib/gradle-resources-3.3.jar
7f7313b68000-7f7313b6a000 r--s 00003000 08:01 34341883                   /root/.gradle/wrapper/dists/gradle-3.3-all/55gk2rcmfc6p2dg9u9ohc3hw9/gradle-3.3/lib/jcl-over-slf4j-1.7.10.jar
7f7313b6a000-7f7313b6b000 r--s 00005000 08:01 34341882                   /root/.gradle/wrapper/dists/gradle-3.3-all/55gk2rcmfc6p2dg9u9ohc3hw9/gradle-3.3/lib/log4j-over-slf4j-1.7.10.jar
7f7313b6b000-7f7313b6d000 r--s 00000000 08:01 34341881                   /root/.gradle/wrapper/dists/gradle-3.3-all/55gk2rcmfc6p2dg9u9ohc3hw9/gradle-3.3/lib/jul-to-slf4j-1.7.10.jar
7f7313b6d000-7f7313b72000 r--s 0001e000 08:01 34341858                   /root/.gradle/wrapper/dists/gradle-3.3-all/55gk2rcmfc6p2dg9u9ohc3hw9/gradle-3.3/lib/gradle-logging-3.3.jar
7f7313b72000-7f7313b74000 r--s 00007000 08:01 34341902                   /root/.gradle/wrapper/dists/gradle-3.3-all/55gk2rcmfc6p2dg9u9ohc3hw9/gradle-3.3/lib/objenesis-1.2.jar
7f7313b74000-7f7313b76000 r--s 00000000 08:01 34341901                   /root/.gradle/wrapper/dists/gradle-3.3-all/55gk2rcmfc6p2dg9u9ohc3hw9/gradle-3.3/lib/minlog-1.2.jar
7f7313b76000-7f7313b78000 r--s 0000f000 08:01 34341900                   /root/.gradle/wrapper/dists/gradle-3.3-all/55gk2rcmfc6p2dg9u9ohc3hw9/gradle-3.3/lib/reflectasm-1.07-shaded.jar
7f7313b78000-7f7313b7c000 r--s 00026000 08:01 34341885                   /root/.gradle/wrapper/dists/gradle-3.3-all/55gk2rcmfc6p2dg9u9ohc3hw9/gradle-3.3/lib/kryo-2.20.jar
7f7313b7c000-7f7313b82000 r--s 00027000 08:01 34341873                   /root/.gradle/wrapper/dists/gradle-3.3-all/55gk2rcmfc6p2dg9u9ohc3hw9/gradle-3.3/lib/gradle-messaging-3.3.jar
7f7313b82000-7f7313b83000 r--s 00001000 08:01 34341899                   /root/.gradle/wrapper/dists/gradle-3.3-all/55gk2rcmfc6p2dg9u9ohc3hw9/gradle-3.3/lib/native-platform-linux-i386-ncurses6-0.12.jar
7f7313b83000-7f7313b84000 r--s 00001000 08:01 34341898                   /root/.gradle/wrapper/dists/gradle-3.3-all/55gk2rcmfc6p2dg9u9ohc3hw9/gradle-3.3/lib/native-platform-linux-i386-ncurses5-0.12.jar
7f7313b84000-7f7313b85000 r--s 00001000 08:01 34341897                   /root/.gradle/wrapper/dists/gradle-3.3-all/55gk2rcmfc6p2dg9u9ohc3hw9/gradle-3.3/lib/native-platform-linux-amd64-ncurses6-0.12.jar
7f7313b85000-7f7313b86000 r--s 00001000 08:01 34341896                   /root/.gradle/wrapper/dists/gradle-3.3-all/55gk2rcmfc6p2dg9u9ohc3hw9/gradle-3.3/lib/native-platform-linux-amd64-ncurses5-0.12.jar
7f7313b86000-7f7313b87000 r--s 0000b000 08:01 34341895                   /root/.gradle/wrapper/dists/gradle-3.3-all/55gk2rcmfc6p2dg9u9ohc3hw9/gradle-3.3/lib/native-platform-windows-i386-0.12.jar
7f7313b87000-7f7313b89000 r--s 0000b000 08:01 34341894                   /root/.gradle/wrapper/dists/gradle-3.3-all/55gk2rcmfc6p2dg9u9ohc3hw9/gradle-3.3/lib/native-platform-windows-amd64-0.12.jar
7f7313b89000-7f7313b8b000 r--s 00002000 08:01 34341893                   /root/.gradle/wrapper/dists/gradle-3.3-all/55gk2rcmfc6p2dg9u9ohc3hw9/gradle-3.3/lib/native-platform-osx-i386-0.12.jar
7f7313b8b000-7f7313b8c000 r--s 00002000 08:01 34341892                   /root/.gradle/wrapper/dists/gradle-3.3-all/55gk2rcmfc6p2dg9u9ohc3hw9/gradle-3.3/lib/native-platform-osx-amd64-0.12.jar
7f7313b8c000-7f7313bfc000 r--s 00641000 08:01 34341863                   /root/.gradle/wrapper/dists/gradle-3.3-all/55gk2rcmfc6p2dg9u9ohc3hw9/gradle-3.3/lib/groovy-all-2.4.7.jar
7f7313bfc000-7f7313bfd000 ---p 00000000 00:00 0 
7f7313bfd000-7f7313cfd000 rw-p 00000000 00:00 0 
7f7313cfd000-7f7313d00000 ---p 00000000 00:00 0 
7f7313d00000-7f7313dfe000 rw-p 00000000 00:00 0 
7f7313dfe000-7f7313e01000 ---p 00000000 00:00 0 
7f7313e01000-7f7313eff000 rw-p 00000000 00:00 0 
7f7313eff000-7f7313f02000 ---p 00000000 00:00 0 
7f7313f02000-7f7314000000 rw-p 00000000 00:00 0 
7f7314000000-7f7314021000 rw-p 00000000 00:00 0 
7f7314021000-7f7318000000 ---p 00000000 00:00 0 
7f7318000000-7f7318021000 rw-p 00000000 00:00 0 
7f7318021000-7f731c000000 ---p 00000000 00:00 0 
7f731c000000-7f731c021000 rw-p 00000000 00:00 0 
7f731c021000-7f7320000000 ---p 00000000 00:00 0 
7f7320000000-7f7320021000 rw-p 00000000 00:00 0 
7f7320021000-7f7324000000 ---p 00000000 00:00 0 
7f7324000000-7f7324021000 rw-p 00000000 00:00 0 
7f7324021000-7f7328000000 ---p 00000000 00:00 0 
7f7328000000-7f732802d000 rw-p 00000000 00:00 0 
7f732802d000-7f732c000000 ---p 00000000 00:00 0 
7f732c000000-7f732c02a000 rw-p 00000000 00:00 0 
7f732c02a000-7f7330000000 ---p 00000000 00:00 0 
7f7330000000-7f7330001000 r--s 00002000 08:01 34341891                   /root/.gradle/wrapper/dists/gradle-3.3-all/55gk2rcmfc6p2dg9u9ohc3hw9/gradle-3.3/lib/native-platform-linux-i386-0.12.jar
7f7330001000-7f7330002000 r--s 00002000 08:01 34341890                   /root/.gradle/wrapper/dists/gradle-3.3-all/55gk2rcmfc6p2dg9u9ohc3hw9/gradle-3.3/lib/native-platform-linux-amd64-0.12.jar
7f7330002000-7f7330003000 r--s 00003000 08:01 34341889                   /root/.gradle/wrapper/dists/gradle-3.3-all/55gk2rcmfc6p2dg9u9ohc3hw9/gradle-3.3/lib/native-platform-freebsd-i386-libstdcpp-0.12.jar
7f7330003000-7f7330004000 r--s 00004000 08:01 34341888                   /root/.gradle/wrapper/dists/gradle-3.3-all/55gk2rcmfc6p2dg9u9ohc3hw9/gradle-3.3/lib/native-platform-freebsd-i386-libcpp-0.12.jar
7f7330004000-7f7330007000 r--s 00023000 08:01 34341880                   /root/.gradle/wrapper/dists/gradle-3.3-all/55gk2rcmfc6p2dg9u9ohc3hw9/gradle-3.3/lib/jansi-1.14.jar
7f7330007000-7f733000b000 r--s 00011000 08:01 34341879                   /root/.gradle/wrapper/dists/gradle-3.3-all/55gk2rcmfc6p2dg9u9ohc3hw9/gradle-3.3/lib/native-platform-0.12.jar
7f733000b000-7f733001a000 r--s 0007f000 08:01 34341864                   /root/.gradle/wrapper/dists/gradle-3.3-all/55gk2rcmfc6p2dg9u9ohc3hw9/gradle-3.3/lib/gradle-model-core-3.3.jar
7f733001a000-7f733001d000 ---p 00000000 00:00 0 
7f733001d000-7f733011b000 rw-p 00000000 00:00 0 
7f733011b000-7f733011e000 ---p 00000000 00:00 0 
7f733011e000-7f733021c000 rw-p 00000000 00:00 0 
7f733021c000-7f73304f5000 r--p 00000000 08:01 11010311                   /usr/lib/locale/locale-archive
7f73304f5000-7f73304f8000 ---p 00000000 00:00 0 
7f73304f8000-7f73305f6000 rw-p 00000000 00:00 0 
7f73305f6000-7f73305f9000 ---p 00000000 00:00 0 
7f73305f9000-7f73306f7000 rw-p 00000000 00:00 0 
7f73306f7000-7f73306f8000 ---p 00000000 00:00 0 
7f73306f8000-7f7334000000 rw-p 00000000 00:00 0 
7f7334000000-7f7334021000 rw-p 00000000 00:00 0 
7f7334021000-7f7338000000 ---p 00000000 00:00 0 
7f7338000000-7f7338002000 r--s 00003000 08:01 34341887                   /root/.gradle/wrapper/dists/gradle-3.3-all/55gk2rcmfc6p2dg9u9ohc3hw9/gradle-3.3/lib/native-platform-freebsd-amd64-libstdcpp-0.12.jar
7f7338002000-7f7338005000 r--s 0000a000 08:01 34341857                   /root/.gradle/wrapper/dists/gradle-3.3-all/55gk2rcmfc6p2dg9u9ohc3hw9/gradle-3.3/lib/gradle-native-3.3.jar
7f7338005000-7f7338012000 r--s 00083000 08:01 34341868                   /root/.gradle/wrapper/dists/gradle-3.3-all/55gk2rcmfc6p2dg9u9ohc3hw9/gradle-3.3/lib/commons-collections-3.2.2.jar
7f7338012000-7f733803a000 r--s 001cf000 08:01 34341860                   /root/.gradle/wrapper/dists/gradle-3.3-all/55gk2rcmfc6p2dg9u9ohc3hw9/gradle-3.3/lib/guava-jdk5-17.0.jar
7f733803a000-7f7338059000 r--s 001d1000 08:01 34341867                   /root/.gradle/wrapper/dists/gradle-3.3-all/55gk2rcmfc6p2dg9u9ohc3hw9/gradle-3.3/lib/ant-1.9.6.jar
7f7338059000-7f7338096000 r--s 001f8000 08:01 34341853                   /root/.gradle/wrapper/dists/gradle-3.3-all/55gk2rcmfc6p2dg9u9ohc3hw9/gradle-3.3/lib/gradle-core-3.3.jar
7f7338096000-7f7339000000 rw-p 00000000 00:00 0 
7f7339000000-7f733a130000 rwxp 00000000 00:00 0 
7f733a130000-7f7348000000 ---p 00000000 00:00 0 
7f7348000000-7f7348d20000 rw-p 00000000 00:00 0 
7f7348d20000-7f734c000000 ---p 00000000 00:00 0 
7f734c000000-7f734c001000 r--s 00004000 08:01 34341886                   /root/.gradle/wrapper/dists/gradle-3.3-all/55gk2rcmfc6p2dg9u9ohc3hw9/gradle-3.3/lib/native-platform-freebsd-amd64-libcpp-0.12.jar
7f734c001000-7f734c003000 r--s 00005000 08:01 34341854                   /root/.gradle/wrapper/dists/gradle-3.3-all/55gk2rcmfc6p2dg9u9ohc3hw9/gradle-3.3/lib/gradle-cli-3.3.jar
7f734c003000-7f734c005000 r--s 00007000 08:01 34341865                   /root/.gradle/wrapper/dists/gradle-3.3-all/55gk2rcmfc6p2dg9u9ohc3hw9/gradle-3.3/lib/gradle-model-groovy-3.3.jar
7f734c005000-7f734c007000 r--s 00006000 08:01 34341872                   /root/.gradle/wrapper/dists/gradle-3.3-all/55gk2rcmfc6p2dg9u9ohc3hw9/gradle-3.3/lib/gradle-base-services-groovy-3.3.jar
7f734c007000-7f734c008000 r--s 00002000 08:01 34341875                   /root/.gradle/wrapper/dists/gradle-3.3-all/55gk2rcmfc6p2dg9u9ohc3hw9/gradle-3.3/lib/gradle-docs-3.3.jar
7f734c008000-7f734c078000 rw-p 00000000 00:00 0 
7f734c078000-7f734c251000 r--s 03d3e000 08:01 11144026                   /usr/local/java/jdk1.8.0_121/jre/lib/rt.jar
7f734c251000-7f734c5c7000 rw-p 00000000 00:00 0 
7f734c5c7000-7f734c5c8000 ---p 00000000 00:00 0 
7f734c5c8000-7f734c6c8000 rw-p 00000000 00:00 0 
7f734c6c8000-7f734c6c9000 ---p 00000000 00:00 0 
7f734c6c9000-7f734c7c9000 rw-p 00000000 00:00 0 
7f734c7c9000-7f734c7ca000 ---p 00000000 00:00 0 
7f734c7ca000-7f734c8ca000 rw-p 00000000 00:00 0 
7f734c8ca000-7f734c8cb000 ---p 00000000 00:00 0 
7f734c8cb000-7f734c9f9000 rw-p 00000000 00:00 0 
7f734c9f9000-7f734cbcb000 ---p 00000000 00:00 0 
7f734cbcb000-7f734cbf9000 rw-p 00000000 00:00 0 
7f734cbf9000-7f734cdcb000 ---p 00000000 00:00 0 
7f734cdcb000-7f734ce10000 rw-p 00000000 00:00 0 
7f734ce10000-7f734cecb000 ---p 00000000 00:00 0 
7f734cecb000-7f734cf11000 rw-p 00000000 00:00 0 
7f734cf11000-7f734d28c000 ---p 00000000 00:00 0 
7f734d28c000-7f734d2a6000 r-xp 00000000 08:01 11144057                   /usr/local/java/jdk1.8.0_121/jre/lib/amd64/libzip.so
7f734d2a6000-7f734d4a6000 ---p 0001a000 08:01 11144057                   /usr/local/java/jdk1.8.0_121/jre/lib/amd64/libzip.so
7f734d4a6000-7f734d4a7000 rw-p 0001a000 08:01 11144057                   /usr/local/java/jdk1.8.0_121/jre/lib/amd64/libzip.so
7f734d4a7000-7f734d4b2000 r-xp 00000000 08:01 4981359                    /lib/x86_64-linux-gnu/libnss_files-2.23.so
7f734d4b2000-7f734d6b1000 ---p 0000b000 08:01 4981359                    /lib/x86_64-linux-gnu/libnss_files-2.23.so
7f734d6b1000-7f734d6b2000 r--p 0000a000 08:01 4981359                    /lib/x86_64-linux-gnu/libnss_files-2.23.so
7f734d6b2000-7f734d6b3000 rw-p 0000b000 08:01 4981359                    /lib/x86_64-linux-gnu/libnss_files-2.23.so
7f734d6b3000-7f734d6b9000 rw-p 00000000 00:00 0 
7f734d6b9000-7f734d6c4000 r-xp 00000000 08:01 4981330                    /lib/x86_64-linux-gnu/libnss_nis-2.23.so
7f734d6c4000-7f734d8c3000 ---p 0000b000 08:01 4981330                    /lib/x86_64-linux-gnu/libnss_nis-2.23.so
7f734d8c3000-7f734d8c4000 r--p 0000a000 08:01 4981330                    /lib/x86_64-linux-gnu/libnss_nis-2.23.so
7f734d8c4000-7f734d8c5000 rw-p 0000b000 08:01 4981330                    /lib/x86_64-linux-gnu/libnss_nis-2.23.so
7f734d8c5000-7f734d8db000 r-xp 00000000 08:01 4981342                    /lib/x86_64-linux-gnu/libnsl-2.23.so
7f734d8db000-7f734dada000 ---p 00016000 08:01 4981342                    /lib/x86_64-linux-gnu/libnsl-2.23.so
7f734dada000-7f734dadb000 r--p 00015000 08:01 4981342                    /lib/x86_64-linux-gnu/libnsl-2.23.so
7f734dadb000-7f734dadc000 rw-p 00016000 08:01 4981342                    /lib/x86_64-linux-gnu/libnsl-2.23.so
7f734dadc000-7f734dade000 rw-p 00000000 00:00 0 
7f734dade000-7f734dae6000 r-xp 00000000 08:01 4981362                    /lib/x86_64-linux-gnu/libnss_compat-2.23.so
7f734dae6000-7f734dce5000 ---p 00008000 08:01 4981362                    /lib/x86_64-linux-gnu/libnss_compat-2.23.so
7f734dce5000-7f734dce6000 r--p 00007000 08:01 4981362                    /lib/x86_64-linux-gnu/libnss_compat-2.23.so
7f734dce6000-7f734dce7000 rw-p 00008000 08:01 4981362                    /lib/x86_64-linux-gnu/libnss_compat-2.23.so
7f734dce7000-7f734dd12000 r-xp 00000000 08:01 11144613                   /usr/local/java/jdk1.8.0_121/jre/lib/amd64/libjava.so
7f734dd12000-7f734df11000 ---p 0002b000 08:01 11144613                   /usr/local/java/jdk1.8.0_121/jre/lib/amd64/libjava.so
7f734df11000-7f734df13000 rw-p 0002a000 08:01 11144613                   /usr/local/java/jdk1.8.0_121/jre/lib/amd64/libjava.so
7f734df13000-7f734df20000 r-xp 00000000 08:01 11144035                   /usr/local/java/jdk1.8.0_121/jre/lib/amd64/libverify.so
7f734df20000-7f734e11f000 ---p 0000d000 08:01 11144035                   /usr/local/java/jdk1.8.0_121/jre/lib/amd64/libverify.so
7f734e11f000-7f734e121000 rw-p 0000c000 08:01 11144035                   /usr/local/java/jdk1.8.0_121/jre/lib/amd64/libverify.so
7f734e121000-7f734e128000 r-xp 00000000 08:01 4981363                    /lib/x86_64-linux-gnu/librt-2.23.so
7f734e128000-7f734e327000 ---p 00007000 08:01 4981363                    /lib/x86_64-linux-gnu/librt-2.23.so
7f734e327000-7f734e328000 r--p 00006000 08:01 4981363                    /lib/x86_64-linux-gnu/librt-2.23.so
7f734e328000-7f734e329000 rw-p 00007000 08:01 4981363                    /lib/x86_64-linux-gnu/librt-2.23.so
7f734e329000-7f734e431000 r-xp 00000000 08:01 4981336                    /lib/x86_64-linux-gnu/libm-2.23.so
7f734e431000-7f734e630000 ---p 00108000 08:01 4981336                    /lib/x86_64-linux-gnu/libm-2.23.so
7f734e630000-7f734e631000 r--p 00107000 08:01 4981336                    /lib/x86_64-linux-gnu/libm-2.23.so
7f734e631000-7f734e632000 rw-p 00108000 08:01 4981336                    /lib/x86_64-linux-gnu/libm-2.23.so
7f734e632000-7f734f300000 r-xp 00000000 08:01 11144883                   /usr/local/java/jdk1.8.0_121/jre/lib/amd64/server/libjvm.so
7f734f300000-7f734f500000 ---p 00cce000 08:01 11144883                   /usr/local/java/jdk1.8.0_121/jre/lib/amd64/server/libjvm.so
7f734f500000-7f734f5d9000 rw-p 00cce000 08:01 11144883                   /usr/local/java/jdk1.8.0_121/jre/lib/amd64/server/libjvm.so
7f734f5d9000-7f734f624000 rw-p 00000000 00:00 0 
7f734f624000-7f734f7e3000 r-xp 00000000 08:01 4981344                    /lib/x86_64-linux-gnu/libc-2.23.so
7f734f7e3000-7f734f9e3000 ---p 001bf000 08:01 4981344                    /lib/x86_64-linux-gnu/libc-2.23.so
7f734f9e3000-7f734f9e7000 r--p 001bf000 08:01 4981344                    /lib/x86_64-linux-gnu/libc-2.23.so
7f734f9e7000-7f734f9e9000 rw-p 001c3000 08:01 4981344                    /lib/x86_64-linux-gnu/libc-2.23.so
7f734f9e9000-7f734f9ed000 rw-p 00000000 00:00 0 
7f734f9ed000-7f734f9f0000 r-xp 00000000 08:01 4981328                    /lib/x86_64-linux-gnu/libdl-2.23.so
7f734f9f0000-7f734fbef000 ---p 00003000 08:01 4981328                    /lib/x86_64-linux-gnu/libdl-2.23.so
7f734fbef000-7f734fbf0000 r--p 00002000 08:01 4981328                    /lib/x86_64-linux-gnu/libdl-2.23.so
7f734fbf0000-7f734fbf1000 rw-p 00003000 08:01 4981328                    /lib/x86_64-linux-gnu/libdl-2.23.so
7f734fbf1000-7f734fc06000 r-xp 00000000 08:01 11020813                   /usr/local/java/jdk1.8.0_121/lib/amd64/jli/libjli.so
7f734fc06000-7f734fe06000 ---p 00015000 08:01 11020813                   /usr/local/java/jdk1.8.0_121/lib/amd64/jli/libjli.so
7f734fe06000-7f734fe07000 rw-p 00015000 08:01 11020813                   /usr/local/java/jdk1.8.0_121/lib/amd64/jli/libjli.so
7f734fe07000-7f734fe1f000 r-xp 00000000 08:01 4981369                    /lib/x86_64-linux-gnu/libpthread-2.23.so
7f734fe1f000-7f735001e000 ---p 00018000 08:01 4981369                    /lib/x86_64-linux-gnu/libpthread-2.23.so
7f735001e000-7f735001f000 r--p 00017000 08:01 4981369                    /lib/x86_64-linux-gnu/libpthread-2.23.so
7f735001f000-7f7350020000 rw-p 00018000 08:01 4981369                    /lib/x86_64-linux-gnu/libpthread-2.23.so
7f7350020000-7f7350024000 rw-p 00000000 00:00 0 
7f7350024000-7f735004a000 r-xp 00000000 08:01 4981346                    /lib/x86_64-linux-gnu/ld-2.23.so
7f735004a000-7f735004b000 r--s 00000000 08:01 34341871                   /root/.gradle/wrapper/dists/gradle-3.3-all/55gk2rcmfc6p2dg9u9ohc3hw9/gradle-3.3/lib/javax.inject-1.jar
7f735004b000-7f735004c000 r--s 00000000 08:01 34341870                   /root/.gradle/wrapper/dists/gradle-3.3-all/55gk2rcmfc6p2dg9u9ohc3hw9/gradle-3.3/lib/jcip-annotations-1.0.jar
7f735004c000-7f7350050000 r--s 00027000 08:01 34341869                   /root/.gradle/wrapper/dists/gradle-3.3-all/55gk2rcmfc6p2dg9u9ohc3hw9/gradle-3.3/lib/commons-io-2.2.jar
7f7350050000-7f7350055000 r--s 00038000 08:01 34341866                   /root/.gradle/wrapper/dists/gradle-3.3-all/55gk2rcmfc6p2dg9u9ohc3hw9/gradle-3.3/lib/asm-all-5.1.jar
7f7350055000-7f7350056000 r--s 00001000 08:01 34341862                   /root/.gradle/wrapper/dists/gradle-3.3-all/55gk2rcmfc6p2dg9u9ohc3hw9/gradle-3.3/lib/gradle-process-services-3.3.jar
7f7350056000-7f735005b000 r--s 00041000 08:01 34341861                   /root/.gradle/wrapper/dists/gradle-3.3-all/55gk2rcmfc6p2dg9u9ohc3hw9/gradle-3.3/lib/commons-lang-2.6.jar
7f735005b000-7f7350064000 r--s 00042000 08:01 34341851                   /root/.gradle/wrapper/dists/gradle-3.3-all/55gk2rcmfc6p2dg9u9ohc3hw9/gradle-3.3/lib/gradle-base-services-3.3.jar
7f7350064000-7f7350126000 rw-p 00000000 00:00 0 
7f7350126000-7f7350129000 ---p 00000000 00:00 0 
7f7350129000-7f735022b000 rw-p 00000000 00:00 0 
7f735022b000-7f735022d000 r--s 00000000 08:01 34341852                   /root/.gradle/wrapper/dists/gradle-3.3-all/55gk2rcmfc6p2dg9u9ohc3hw9/gradle-3.3/lib/gradle-jvm-services-3.3.jar
7f735022d000-7f735022e000 r--s 00000000 08:01 34342017                   /root/.gradle/wrapper/dists/gradle-3.3-all/55gk2rcmfc6p2dg9u9ohc3hw9/gradle-3.3/lib/gradle-version-info-3.3.jar
7f735022e000-7f735022f000 r--s 00007000 08:01 34341859                   /root/.gradle/wrapper/dists/gradle-3.3-all/55gk2rcmfc6p2dg9u9ohc3hw9/gradle-3.3/lib/slf4j-api-1.7.10.jar
7f735022f000-7f7350230000 r--s 00004000 08:01 34341884                   /root/.gradle/wrapper/dists/gradle-3.3-all/55gk2rcmfc6p2dg9u9ohc3hw9/gradle-3.3/lib/ant-launcher-1.9.6.jar
7f7350230000-7f735023d000 r--s 0005c000 08:01 34341848                   /root/.gradle/wrapper/dists/gradle-3.3-all/55gk2rcmfc6p2dg9u9ohc3hw9/gradle-3.3/lib/gradle-launcher-3.3.jar
7f735023d000-7f7350245000 rw-s 00000000 08:01 9570221                    /tmp/hsperfdata_root/3294
7f7350245000-7f7350246000 rw-p 00000000 00:00 0 
7f7350246000-7f7350247000 r--p 00000000 00:00 0 
7f7350247000-7f7350249000 rw-p 00000000 00:00 0 
7f7350249000-7f735024a000 r--p 00025000 08:01 4981346                    /lib/x86_64-linux-gnu/ld-2.23.so
7f735024a000-7f735024b000 rw-p 00026000 08:01 4981346                    /lib/x86_64-linux-gnu/ld-2.23.so
7f735024b000-7f735024c000 rw-p 00000000 00:00 0 
7fff3c94b000-7fff3c96c000 rw-p 00000000 00:00 0                          [stack]
7fff3c9ba000-7fff3c9bc000 r--p 00000000 00:00 0                          [vvar]
7fff3c9bc000-7fff3c9be000 r-xp 00000000 00:00 0                          [vdso]
ffffffffff600000-ffffffffff601000 r-xp 00000000 00:00 0                  [vsyscall]

VM Arguments:
jvm_args: -Xmx1536m -Dfile.encoding=UTF-8 -Duser.country=US -Duser.language=en -Duser.variant 
java_command: org.gradle.launcher.daemon.bootstrap.GradleDaemon 3.3
java_class_path (initial): /root/.gradle/wrapper/dists/gradle-3.3-all/55gk2rcmfc6p2dg9u9ohc3hw9/gradle-3.3/lib/gradle-launcher-3.3.jar
Launcher Type: SUN_STANDARD

Environment Variables:
JAVA_HOME=/usr/local/java/jdk1.8.0_121/
PATH=/usr/local/sbin:/usr/local/bin:/usr/sbin:/usr/bin:/sbin:/bin:/snap/bin
USERNAME=root
LD_LIBRARY_PATH=/opt/android-studio/bin:
SHELL=/bin/bash
DISPLAY=:0

Signal Handlers:
SIGSEGV: [libjvm.so+0xac78c0], sa_mask[0]=11111111011111111101111111111110, sa_flags=SA_RESTART|SA_SIGINFO
SIGBUS: [libjvm.so+0xac78c0], sa_mask[0]=11111111011111111101111111111110, sa_flags=SA_RESTART|SA_SIGINFO
SIGFPE: [libjvm.so+0x920ac0], sa_mask[0]=11111111011111111101111111111110, sa_flags=SA_RESTART|SA_SIGINFO
SIGPIPE: [libjvm.so+0x920ac0], sa_mask[0]=11111111011111111101111111111110, sa_flags=SA_RESTART|SA_SIGINFO
SIGXFSZ: [libjvm.so+0x920ac0], sa_mask[0]=11111111011111111101111111111110, sa_flags=SA_RESTART|SA_SIGINFO
SIGILL: [libjvm.so+0x920ac0], sa_mask[0]=11111111011111111101111111111110, sa_flags=SA_RESTART|SA_SIGINFO
SIGUSR1: SIG_DFL, sa_mask[0]=00000000000000000000000000000000, sa_flags=none
SIGUSR2: [libjvm.so+0x922300], sa_mask[0]=00100000000000000000000000000000, sa_flags=SA_RESTART|SA_SIGINFO
SIGHUP: [libjvm.so+0x923700], sa_mask[0]=11111111011111111101111111111110, sa_flags=SA_RESTART|SA_SIGINFO
SIGINT: [libjvm.so+0x923700], sa_mask[0]=11111111011111111101111111111110, sa_flags=SA_RESTART|SA_SIGINFO
SIGTERM: [libjvm.so+0x923700], sa_mask[0]=11111111011111111101111111111110, sa_flags=SA_RESTART|SA_SIGINFO
SIGQUIT: [libjvm.so+0x923700], sa_mask[0]=11111111011111111101111111111110, sa_flags=SA_RESTART|SA_SIGINFO


---------------  S Y S T E M  ---------------

OS:DISTRIB_ID=Ubuntu
DISTRIB_RELEASE=16.04
DISTRIB_CODENAME=xenial
DISTRIB_DESCRIPTION="Ubuntu 16.04.2 LTS"

uname:Linux 4.4.0-79-generic #100-Ubuntu SMP Wed May 17 19:58:14 UTC 2017 x86_64
libc:glibc 2.23 NPTL 2.23 
rlimit: STACK 8192k, CORE 0k, NPROC 31513, NOFILE 65536, AS infinity
load average:1.58 1.76 1.04

/proc/meminfo:
MemTotal:        8107672 kB
MemFree:         4045376 kB
MemAvailable:    5315328 kB
Buffers:          153228 kB
Cached:          1539168 kB
SwapCached:            0 kB
Active:          2636532 kB
Inactive:        1125104 kB
Active(anon):    2081676 kB
Inactive(anon):   245104 kB
Active(file):     554856 kB
Inactive(file):   880000 kB
Unevictable:          48 kB
Mlocked:              48 kB
SwapTotal:       8319996 kB
SwapFree:        8319996 kB
Dirty:             10264 kB
Writeback:             0 kB
AnonPages:       2069420 kB
Mapped:           503916 kB
Shmem:            257540 kB
Slab:             159600 kB
SReclaimable:     117212 kB
SUnreclaim:        42388 kB
KernelStack:       11280 kB
PageTables:        54952 kB
NFS_Unstable:          0 kB
Bounce:                0 kB
WritebackTmp:          0 kB
CommitLimit:    12373832 kB
Committed_AS:    7434484 kB
VmallocTotal:   34359738367 kB
VmallocUsed:           0 kB
VmallocChunk:          0 kB
HardwareCorrupted:     0 kB
AnonHugePages:    684032 kB
CmaTotal:              0 kB
CmaFree:               0 kB
HugePages_Total:       0
HugePages_Free:        0
HugePages_Rsvd:        0
HugePages_Surp:        0
Hugepagesize:       2048 kB
DirectMap4k:      174784 kB
DirectMap2M:     5001216 kB
DirectMap1G:     4194304 kB


CPU:total 4 (2 cores per cpu, 2 threads per core) family 6 model 69 stepping 1, cmov, cx8, fxsr, mmx, sse, sse2, sse3, ssse3, sse4.1, sse4.2, popcnt, avx, avx2, aes, clmul, erms, lzcnt, ht, tsc, tscinvbit, bmi1, bmi2

/proc/cpuinfo:
processor	: 0
vendor_id	: GenuineIntel
cpu family	: 6
model		: 69
model name	: Intel(R) Core(TM) i5-4200U CPU @ 1.60GHz
stepping	: 1
microcode	: 0x16
cpu MHz		: 2300.000
cache size	: 3072 KB
physical id	: 0
siblings	: 4
core id		: 0
cpu cores	: 2
apicid		: 0
initial apicid	: 0
fpu		: yes
fpu_exception	: yes
cpuid level	: 13
wp		: yes
flags		: fpu vme de pse tsc msr pae mce cx8 apic sep mtrr pge mca cmov pat pse36 clflush dts acpi mmx fxsr sse sse2 ss ht tm pbe syscall nx pdpe1gb rdtscp lm constant_tsc arch_perfmon pebs bts rep_good nopl xtopology nonstop_tsc aperfmperf eagerfpu pni pclmulqdq dtes64 monitor ds_cpl vmx est tm2 ssse3 sdbg fma cx16 xtpr pdcm pcid sse4_1 sse4_2 movbe popcnt tsc_deadline_timer aes xsave avx f16c rdrand lahf_lm abm epb tpr_shadow vnmi flexpriority ept vpid fsgsbase tsc_adjust bmi1 avx2 smep bmi2 erms invpcid xsaveopt dtherm ida arat pln pts
bugs		:
bogomips	: 4589.53
clflush size	: 64
cache_alignment	: 64
address sizes	: 39 bits physical, 48 bits virtual
power management:

processor	: 1
vendor_id	: GenuineIntel
cpu family	: 6
model		: 69
model name	: Intel(R) Core(TM) i5-4200U CPU @ 1.60GHz
stepping	: 1
microcode	: 0x16
cpu MHz		: 2299.910
cache size	: 3072 KB
physical id	: 0
siblings	: 4
core id		: 0
cpu cores	: 2
apicid		: 1
initial apicid	: 1
fpu		: yes
fpu_exception	: yes
cpuid level	: 13
wp		: yes
flags		: fpu vme de pse tsc msr pae mce cx8 apic sep mtrr pge mca cmov pat pse36 clflush dts acpi mmx fxsr sse sse2 ss ht tm pbe syscall nx pdpe1gb rdtscp lm constant_tsc arch_perfmon pebs bts rep_good nopl xtopology nonstop_tsc aperfmperf eagerfpu pni pclmulqdq dtes64 monitor ds_cpl vmx est tm2 ssse3 sdbg fma cx16 xtpr pdcm pcid sse4_1 sse4_2 movbe popcnt tsc_deadline_timer aes xsave avx f16c rdrand lahf_lm abm epb tpr_shadow vnmi flexpriority ept vpid fsgsbase tsc_adjust bmi1 avx2 smep bmi2 erms invpcid xsaveopt dtherm ida arat pln pts
bugs		:
bogomips	: 4589.53
clflush size	: 64
cache_alignment	: 64
address sizes	: 39 bits physical, 48 bits virtual
power management:

processor	: 2
vendor_id	: GenuineIntel
cpu family	: 6
model		: 69
model name	: Intel(R) Core(TM) i5-4200U CPU @ 1.60GHz
stepping	: 1
microcode	: 0x16
cpu MHz		: 2300.000
cache size	: 3072 KB
physical id	: 0
siblings	: 4
core id		: 1
cpu cores	: 2
apicid		: 2
initial apicid	: 2
fpu		: yes
fpu_exception	: yes
cpuid level	: 13
wp		: yes
flags		: fpu vme de pse tsc msr pae mce cx8 apic sep mtrr pge mca cmov pat pse36 clflush dts acpi mmx fxsr sse sse2 ss ht tm pbe syscall nx pdpe1gb rdtscp lm constant_tsc arch_perfmon pebs bts rep_good nopl xtopology nonstop_tsc aperfmperf eagerfpu pni pclmulqdq dtes64 monitor ds_cpl vmx est tm2 ssse3 sdbg fma cx16 xtpr pdcm pcid sse4_1 sse4_2 movbe popcnt tsc_deadline_timer aes xsave avx f16c rdrand lahf_lm abm epb tpr_shadow vnmi flexpriority ept vpid fsgsbase tsc_adjust bmi1 avx2 smep bmi2 erms invpcid xsaveopt dtherm ida arat pln pts
bugs		:
bogomips	: 4589.53
clflush size	: 64
cache_alignment	: 64
address sizes	: 39 bits physical, 48 bits virtual
power management:

processor	: 3
vendor_id	: GenuineIntel
cpu family	: 6
model		: 69
model name	: Intel(R) Core(TM) i5-4200U CPU @ 1.60GHz
stepping	: 1
microcode	: 0x16
cpu MHz		: 2300.000
cache size	: 3072 KB
physical id	: 0
siblings	: 4
core id		: 1
cpu cores	: 2
apicid		: 3
initial apicid	: 3
fpu		: yes
fpu_exception	: yes
cpuid level	: 13
wp		: yes
flags		: fpu vme de pse tsc msr pae mce cx8 apic sep mtrr pge mca cmov pat pse36 clflush dts acpi mmx fxsr sse sse2 ss ht tm pbe syscall nx pdpe1gb rdtscp lm constant_tsc arch_perfmon pebs bts rep_good nopl xtopology nonstop_tsc aperfmperf eagerfpu pni pclmulqdq dtes64 monitor ds_cpl vmx est tm2 ssse3 sdbg fma cx16 xtpr pdcm pcid sse4_1 sse4_2 movbe popcnt tsc_deadline_timer aes xsave avx f16c rdrand lahf_lm abm epb tpr_shadow vnmi flexpriority ept vpid fsgsbase tsc_adjust bmi1 avx2 smep bmi2 erms invpcid xsaveopt dtherm ida arat pln pts
bugs		:
bogomips	: 4589.53
clflush size	: 64
cache_alignment	: 64
address sizes	: 39 bits physical, 48 bits virtual
power management:



Memory: 4k page, physical 8107672k(4045376k free), swap 8319996k(8319996k free)

vm_info: Java HotSpot(TM) 64-Bit Server VM (25.121-b13) for linux-amd64 JRE (1.8.0_121-b13), built on Dec 12 2016 16:36:53 by "java_re" with gcc 4.3.0 20080428 (Red Hat 4.3.0-8)

time: Mon Jul 17 12:08:31 2017
elapsed time: 17 seconds (0d 0h 0m 17s)

