#
# A fatal error has been detected by the Java Runtime Environment:
#
#  SIGSEGV (0xb) at pc=0x00007f6a75c8bb40, pid=3419, tid=0x00007f6a5311a700
#
# JRE version: Java(TM) SE Runtime Environment (8.0_121-b13) (build 1.8.0_121-b13)
# Java VM: Java HotSpot(TM) 64-Bit Server VM (25.121-b13 mixed mode linux-amd64 compressed oops)
# Problematic frame:
# V  [libjvm.so+0x438b40]  ciObjectFactory::create_new_metadata(Metadata*)+0x320
#
# Failed to write core dump. Core dumps have been disabled. To enable core dumping, try "ulimit -c unlimited" before starting Java again
#
# If you would like to submit a bug report, please visit:
#   http://bugreport.java.com/bugreport/crash.jsp
#

---------------  T H R E A D  ---------------

Current thread (0x00007f6a700be000):  JavaThread "C1 CompilerThread2" daemon [_thread_in_vm, id=3433, stack(0x00007f6a5301a000,0x00007f6a5311b000)]

siginfo: si_signo: 11 (SIGSEGV), si_code: 1 (SEGV_MAPERR), si_addr: 0x0000000000000080

Registers:
RAX=0x0000000000000001, RBX=0x0000000000000000, RCX=0x00007f6a772412c0, RDX=0x00007f6a5311aa20
RSP=0x00007f6a53118240, RBP=0x00007f6a531182b0, RSI=0x0000000000000001, RDI=0x0000000000000010
R8 =0x000000000000007a, R9 =0x0000000000000003, R10=0x0000000000000002, R11=0x00007f6a769cce60
R12=0x0000000000000080, R13=0x00007f6a38166510, R14=0x00007f6a700be000, R15=0x00007f6a38166510
RIP=0x00007f6a75c8bb40, EFLAGS=0x0000000000010202, CSGSFS=0x0000000000000033, ERR=0x0000000000000004
  TRAPNO=0x000000000000000e

Top of Stack: (sp=0x00007f6a53118240)
0x00007f6a53118240:   00007f6a589c7d80 00007f6a700be000
0x00007f6a53118250:   00007f6a589c7d80 00007f6a589c6740
0x00007f6a53118260:   00007f6a531182e0 0000000000000000
0x00007f6a53118270:   00000001000379c0 0000000000000000
0x00007f6a53118280:   00007f6a700be000 0000000000000000
0x00007f6a53118290:   0000000000000080 00007f6a38166510
0x00007f6a531182a0:   000000000000007b 00007f6a700ac6a0
0x00007f6a531182b0:   00007f6a531182f0 00007f6a75c8bf75
0x00007f6a531182c0:   00007f6a531182e0 0000000000000001
0x00007f6a531182d0:   0000000000000080 0000000000000001
0x00007f6a531182e0:   0000000000000000 00007f6a30684a70
0x00007f6a531182f0:   00007f6a53118330 00007f6a75c86b1e
0x00007f6a53118300:   00007f6a30684a60 00007f6a30684a60
0x00007f6a53118310:   0000000000000680 00007f6a30684a70
0x00007f6a53118320:   00007f6a38a64030 00007f6a58d08a08
0x00007f6a53118330:   00007f6a531183a0 00007f6a75c85faf
0x00007f6a53118340:   00007f6a58d08b08 00007f6a3067f480
0x00007f6a53118350:   00007f6a30684580 00007f6a30687468
0x00007f6a53118360:   00007f6a700be6d0 0000000000010388
0x00007f6a53118370:   0000000000007fe8 00007f6a58d08a08
0x00007f6a53118380:   00007f6a53118400 00007f6a392d84c0
0x00007f6a53118390:   00007f6a700be000 00007f6a767dd1a0
0x00007f6a531183a0:   00007f6a531183f0 00007f6a75c785f7
0x00007f6a531183b0:   0000000000000000 00007f6a5888a048
0x00007f6a531183c0:   00007f6a700be000 00007f6a589c7d80
0x00007f6a531183d0:   00007f6a392d84c0 00007f6a767dd1a0
0x00007f6a531183e0:   00007f6a53118440 0000000000000001
0x00007f6a531183f0:   00007f6a53118470 00007f6a75c79847
0x00007f6a53118400:   00007f6a589c7d80 00007f6a700be000
0x00007f6a53118410:   00007f6a53118450 00007f6a75c7e2c7
0x00007f6a53118420:   00007f6a589c7d80 00007f6a700be000
0x00007f6a53118430:   00007f6a700be000 00007f6a75c7c56d 

Instructions: (pc=0x00007f6a75c8bb40)
0x00007f6a75c8bb20:   89 04 32 41 8b 00 48 83 c6 08 39 c7 7c e2 44 8d
0x00007f6a75c8bb30:   48 ff 45 89 08 e9 7b fd ff ff 66 0f 1f 44 00 00
0x00007f6a75c8bb40:   49 8b 04 24 4c 89 e7 ff 50 08 84 c0 0f 84 05 fd
0x00007f6a75c8bb50:   ff ff 41 8b 44 24 08 85 c0 0f 8e f8 fc ff ff 41 

Register to memory mapping:

RAX=0x0000000000000001 is an unknown value
RBX=0x0000000000000000 is an unknown value
RCX=0x00007f6a772412c0: <offset 0x2182c0> in /lib/x86_64-linux-gnu/libpthread.so.0 at 0x00007f6a77029000
RDX=0x00007f6a5311aa20 is pointing into the stack for thread: 0x00007f6a700be000
RSP=0x00007f6a53118240 is pointing into the stack for thread: 0x00007f6a700be000
RBP=0x00007f6a531182b0 is pointing into the stack for thread: 0x00007f6a700be000
RSI=0x0000000000000001 is an unknown value
RDI=0x0000000000000010 is an unknown value
R8 =0x000000000000007a is an unknown value
R9 =0x0000000000000003 is an unknown value
R10=0x0000000000000002 is an unknown value
R11=0x00007f6a769cce60: <offset 0x187e60> in /lib/x86_64-linux-gnu/libc.so.6 at 0x00007f6a76845000
R12=0x0000000000000080 is an unknown value
R13=0x00007f6a38166510 is an unknown value
R14=0x00007f6a700be000 is a thread
R15=0x00007f6a38166510 is an unknown value


Stack: [0x00007f6a5301a000,0x00007f6a5311b000],  sp=0x00007f6a53118240,  free space=1016k
Native frames: (J=compiled Java code, j=interpreted, Vv=VM code, C=native code)
V  [libjvm.so+0x438b40]  ciObjectFactory::create_new_metadata(Metadata*)+0x320
V  [libjvm.so+0x438f75]  ciObjectFactory::get_metadata(Metadata*)+0x85
V  [libjvm.so+0x433b1e]  ciVirtualCallData::translate_from(ProfileData const*)+0x7e
V  [libjvm.so+0x432faf]  ciMethodData::load_data()+0x14f
V  [libjvm.so+0x4255f7]  ciMethod::ensure_method_data(methodHandle)+0xa7
V  [libjvm.so+0x426847]  ciMethod::ensure_method_data()+0xa7
V  [libjvm.so+0x3715e5]  GraphBuilder::try_inline_full(ciMethod*, bool, Bytecodes::Code, Instruction*)+0x555
V  [libjvm.so+0x36da3f]  GraphBuilder::try_inline(ciMethod*, bool, Bytecodes::Code, Instruction*)+0x11f
V  [libjvm.so+0x36eb82]  GraphBuilder::invoke(Bytecodes::Code)+0xbc2
V  [libjvm.so+0x36f4fd]  GraphBuilder::iterate_bytecodes_for_block(int)+0x6ad
V  [libjvm.so+0x37108b]  GraphBuilder::iterate_all_blocks(bool)+0x14b
V  [libjvm.so+0x371a36]  GraphBuilder::try_inline_full(ciMethod*, bool, Bytecodes::Code, Instruction*)+0x9a6
V  [libjvm.so+0x36da3f]  GraphBuilder::try_inline(ciMethod*, bool, Bytecodes::Code, Instruction*)+0x11f
V  [libjvm.so+0x36eb82]  GraphBuilder::invoke(Bytecodes::Code)+0xbc2
V  [libjvm.so+0x36f4fd]  GraphBuilder::iterate_bytecodes_for_block(int)+0x6ad
V  [libjvm.so+0x37108b]  GraphBuilder::iterate_all_blocks(bool)+0x14b
V  [libjvm.so+0x371a36]  GraphBuilder::try_inline_full(ciMethod*, bool, Bytecodes::Code, Instruction*)+0x9a6
V  [libjvm.so+0x36da3f]  GraphBuilder::try_inline(ciMethod*, bool, Bytecodes::Code, Instruction*)+0x11f
V  [libjvm.so+0x36eb82]  GraphBuilder::invoke(Bytecodes::Code)+0xbc2
V  [libjvm.so+0x36f4fd]  GraphBuilder::iterate_bytecodes_for_block(int)+0x6ad
V  [libjvm.so+0x371032]  GraphBuilder::iterate_all_blocks(bool)+0xf2
V  [libjvm.so+0x371a36]  GraphBuilder::try_inline_full(ciMethod*, bool, Bytecodes::Code, Instruction*)+0x9a6
V  [libjvm.so+0x36da3f]  GraphBuilder::try_inline(ciMethod*, bool, Bytecodes::Code, Instruction*)+0x11f
V  [libjvm.so+0x36eb82]  GraphBuilder::invoke(Bytecodes::Code)+0xbc2
V  [libjvm.so+0x36f4fd]  GraphBuilder::iterate_bytecodes_for_block(int)+0x6ad
V  [libjvm.so+0x37108b]  GraphBuilder::iterate_all_blocks(bool)+0x14b
V  [libjvm.so+0x371a36]  GraphBuilder::try_inline_full(ciMethod*, bool, Bytecodes::Code, Instruction*)+0x9a6
V  [libjvm.so+0x36da3f]  GraphBuilder::try_inline(ciMethod*, bool, Bytecodes::Code, Instruction*)+0x11f
V  [libjvm.so+0x36eb82]  GraphBuilder::invoke(Bytecodes::Code)+0xbc2
V  [libjvm.so+0x36f4fd]  GraphBuilder::iterate_bytecodes_for_block(int)+0x6ad
V  [libjvm.so+0x371032]  GraphBuilder::iterate_all_blocks(bool)+0xf2
V  [libjvm.so+0x372c67]  GraphBuilder::GraphBuilder(Compilation*, IRScope*)+0x527
V  [libjvm.so+0x37af97]  IRScope::IRScope(Compilation*, IRScope*, int, ciMethod*, int, bool)+0x1e7
V  [libjvm.so+0x37b0af]  IR::IR(Compilation*, ciMethod*, int)+0x9f
V  [libjvm.so+0x35964b]  Compilation::build_hir()+0xdb
V  [libjvm.so+0x359a0e]  Compilation::compile_java_method()+0x6e
V  [libjvm.so+0x359b3e]  Compilation::compile_method()+0x4e
V  [libjvm.so+0x359eae]  Compilation::Compilation(AbstractCompiler*, ciEnv*, ciMethod*, int, BufferBlob*)+0x25e
V  [libjvm.so+0x35ac59]  Compiler::compile_method(ciEnv*, ciMethod*, int)+0xa9
V  [libjvm.so+0x4afeaa]  CompileBroker::invoke_compiler_on_method(CompileTask*)+0xc9a
V  [libjvm.so+0x4b0e56]  CompileBroker::compiler_thread_loop()+0x5d6
V  [libjvm.so+0xa75543]  JavaThread::thread_main_inner()+0x103
V  [libjvm.so+0xa7568c]  JavaThread::run()+0x11c
V  [libjvm.so+0x926268]  java_start(Thread*)+0x108
C  [libpthread.so.0+0x76ba]  start_thread+0xca


Current CompileTask:
C1:   4890 2954       3       sun.misc.URLClassPath$JarLoader::<init> (147 bytes)


---------------  P R O C E S S  ---------------

Java Threads: ( => current thread )
  0x00007f6a04d4d800 JavaThread "process reaper" daemon [_thread_blocked, id=3448, stack(0x00007f6a50449000,0x00007f6a50482000)]
  0x00007f6a0431a000 JavaThread "File lock request listener" [_thread_in_native, id=3446, stack(0x00007f6a50b7e000,0x00007f6a50c7f000)]
  0x00007f6a04008800 JavaThread "Stdin handler" [_thread_blocked, id=3445, stack(0x00007f6a50ef9000,0x00007f6a50ffa000)]
  0x00007f6a0400a000 JavaThread "Asynchronous log dispatcher for DefaultDaemonConnection: socket connection from /127.0.0.1:33457 to /127.0.0.1:51034" [_thread_blocked, id=3444, stack(0x00007f6a50ffa000,0x00007f6a510fb000)]
  0x00007f6a18009000 JavaThread "Daemon worker" [_thread_in_Java, id=3441, stack(0x00007f6a510fb000,0x00007f6a511fc000)]
  0x00007f6a18006000 JavaThread "Cancel handler" [_thread_blocked, id=3440, stack(0x00007f6a511fc000,0x00007f6a512fd000)]
  0x00007f6a18007800 JavaThread "Handler for socket connection from /127.0.0.1:33457 to /127.0.0.1:51034" [_thread_in_native, id=3439, stack(0x00007f6a512fd000,0x00007f6a513fe000)]
  0x00007f6a14019000 JavaThread "Daemon" [_thread_blocked, id=3438, stack(0x00007f6a513fe000,0x00007f6a514ff000)]
  0x00007f6a70cd2800 JavaThread "Incoming local TCP Connector on port 33457" [_thread_in_native, id=3437, stack(0x00007f6a51906000,0x00007f6a51a07000)]
  0x00007f6a70ca0000 JavaThread "pool-1-thread-1" [_thread_blocked, id=3436, stack(0x00007f6a51a07000,0x00007f6a51b08000)]
  0x00007f6a700cb000 JavaThread "Service Thread" daemon [_thread_blocked, id=3434, stack(0x00007f6a52f19000,0x00007f6a5301a000)]
=>0x00007f6a700be000 JavaThread "C1 CompilerThread2" daemon [_thread_in_vm, id=3433, stack(0x00007f6a5301a000,0x00007f6a5311b000)]
  0x00007f6a700bc000 JavaThread "C2 CompilerThread1" daemon [_thread_in_native, id=3432, stack(0x00007f6a5311b000,0x00007f6a5321c000)]
  0x00007f6a700b9000 JavaThread "C2 CompilerThread0" daemon [_thread_in_native, id=3431, stack(0x00007f6a5321c000,0x00007f6a5331d000)]
  0x00007f6a700b8000 JavaThread "Signal Dispatcher" daemon [_thread_blocked, id=3430, stack(0x00007f6a5331d000,0x00007f6a5341e000)]
  0x00007f6a70084000 JavaThread "Finalizer" daemon [_thread_blocked, id=3429, stack(0x00007f6a536f7000,0x00007f6a537f8000)]
  0x00007f6a7007f800 JavaThread "Reference Handler" daemon [_thread_blocked, id=3428, stack(0x00007f6a537f8000,0x00007f6a538f9000)]
  0x00007f6a7000a000 JavaThread "main" [_thread_blocked, id=3421, stack(0x00007f6a77348000,0x00007f6a77449000)]

Other Threads:
  0x00007f6a70077800 VMThread [stack: 0x00007f6a538f9000,0x00007f6a539fa000] [id=3427]
  0x00007f6a700ce000 WatcherThread [stack: 0x00007f6a52e18000,0x00007f6a52f19000] [id=3435]

VM state:not at safepoint (normal execution)

VM Mutex/Monitor currently owned by a thread: None

Heap:
 PSYoungGen      total 93696K, used 22844K [0x00000000e0000000, 0x00000000e6600000, 0x0000000100000000)
  eden space 83968K, 18% used [0x00000000e0000000,0x00000000e0f3cfb8,0x00000000e5200000)
  from space 9728K, 74% used [0x00000000e5c80000,0x00000000e6392248,0x00000000e6600000)
  to   space 10240K, 0% used [0x00000000e5200000,0x00000000e5200000,0x00000000e5c00000)
 ParOldGen       total 68096K, used 11902K [0x00000000a0000000, 0x00000000a4280000, 0x00000000e0000000)
  object space 68096K, 17% used [0x00000000a0000000,0x00000000a0b9fa00,0x00000000a4280000)
 Metaspace       used 30021K, capacity 30778K, committed 31104K, reserved 1075200K
  class space    used 4206K, capacity 4389K, committed 4480K, reserved 1048576K

Card table byte_map: [0x00007f6a60cff000,0x00007f6a61000000] byte_map_base: 0x00007f6a607ff000

Marking Bits: (ParMarkBitMap*) 0x00007f6a76817c80
 Begin Bits: [0x00007f6a59000000, 0x00007f6a5a800000)
 End Bits:   [0x00007f6a5a800000, 0x00007f6a5c000000)

Polling page: 0x00007f6a77468000

CodeCache: size=245760Kb used=9968Kb max_used=9989Kb free=235791Kb
 bounds [0x00007f6a61000000, 0x00007f6a619d0000, 0x00007f6a70000000]
 total_blobs=3599 nmethods=2936 adapters=576
 compilation: enabled

Compilation events (10 events):
Event: 4.874 Thread 0x00007f6a700be000 2949       3       java.util.jar.JarFile::<init> (15 bytes)
Event: 4.874 Thread 0x00007f6a700be000 nmethod 2949 0x00007f6a619bcc50 code [0x00007f6a619bcde0, 0x00007f6a619bd0d8]
Event: 4.874 Thread 0x00007f6a700be000 2950       3       sun.misc.URLClassPath$3::run (5 bytes)
Event: 4.874 Thread 0x00007f6a700bc000 2951 %     4       java.io.UnixFileSystem::normalize @ 10 (75 bytes)
Event: 4.874 Thread 0x00007f6a700be000 nmethod 2950 0x00007f6a619bd250 code [0x00007f6a619bd3c0, 0x00007f6a619bd568]
Event: 4.874 Thread 0x00007f6a700be000 2952   !   3       sun.misc.MetaIndex::getJarMap (61 bytes)
Event: 4.875 Thread 0x00007f6a700be000 nmethod 2952 0x00007f6a619bd610 code [0x00007f6a619bd7a0, 0x00007f6a619bdcd0]
Event: 4.876 Thread 0x00007f6a700b9000 nmethod 2939% 0x00007f6a619c0f90 code [0x00007f6a619c1100, 0x00007f6a619c15f8]
Event: 4.877 Thread 0x00007f6a700b9000 2953 %     4       java.util.jar.JarFile::match @ 14 (116 bytes)
Event: 4.877 Thread 0x00007f6a700be000 2954       3       sun.misc.URLClassPath$JarLoader::<init> (147 bytes)

GC Heap History (10 events):
Event: 1.799 GC heap before
{Heap before GC invocations=3 (full 0):
 PSYoungGen      total 36864K, used 36857K [0x00000000e0000000, 0x00000000e4800000, 0x0000000100000000)
  eden space 31744K, 100% used [0x00000000e0000000,0x00000000e1f00000,0x00000000e1f00000)
  from space 5120K, 99% used [0x00000000e2400000,0x00000000e28fe5b0,0x00000000e2900000)
  to   space 5120K, 0% used [0x00000000e1f00000,0x00000000e1f00000,0x00000000e2400000)
 ParOldGen       total 84992K, used 701K [0x00000000a0000000, 0x00000000a5300000, 0x00000000e0000000)
  object space 84992K, 0% used [0x00000000a0000000,0x00000000a00af508,0x00000000a5300000)
 Metaspace       used 15889K, capacity 16274K, committed 16512K, reserved 1062912K
  class space    used 2283K, capacity 2428K, committed 2432K, reserved 1048576K
Event: 1.808 GC heap after
Heap after GC invocations=3 (full 0):
 PSYoungGen      total 36864K, used 5104K [0x00000000e0000000, 0x00000000e4800000, 0x0000000100000000)
  eden space 31744K, 0% used [0x00000000e0000000,0x00000000e0000000,0x00000000e1f00000)
  from space 5120K, 99% used [0x00000000e1f00000,0x00000000e23fc040,0x00000000e2400000)
  to   space 5120K, 0% used [0x00000000e4300000,0x00000000e4300000,0x00000000e4800000)
 ParOldGen       total 84992K, used 3108K [0x00000000a0000000, 0x00000000a5300000, 0x00000000e0000000)
  object space 84992K, 3% used [0x00000000a0000000,0x00000000a0309310,0x00000000a5300000)
 Metaspace       used 15889K, capacity 16274K, committed 16512K, reserved 1062912K
  class space    used 2283K, capacity 2428K, committed 2432K, reserved 1048576K
}
Event: 2.295 GC heap before
{Heap before GC invocations=4 (full 0):
 PSYoungGen      total 36864K, used 29098K [0x00000000e0000000, 0x00000000e4800000, 0x0000000100000000)
  eden space 31744K, 75% used [0x00000000e0000000,0x00000000e176e820,0x00000000e1f00000)
  from space 5120K, 99% used [0x00000000e1f00000,0x00000000e23fc040,0x00000000e2400000)
  to   space 5120K, 0% used [0x00000000e4300000,0x00000000e4300000,0x00000000e4800000)
 ParOldGen       total 84992K, used 3108K [0x00000000a0000000, 0x00000000a5300000, 0x00000000e0000000)
  object space 84992K, 3% used [0x00000000a0000000,0x00000000a0309310,0x00000000a5300000)
 Metaspace       used 20705K, capacity 21118K, committed 21248K, reserved 1067008K
  class space    used 2824K, capacity 2976K, committed 3072K, reserved 1048576K
Event: 2.310 GC heap after
Heap after GC invocations=4 (full 0):
 PSYoungGen      total 68608K, used 5099K [0x00000000e0000000, 0x00000000e4800000, 0x0000000100000000)
  eden space 63488K, 0% used [0x00000000e0000000,0x00000000e0000000,0x00000000e3e00000)
  from space 5120K, 99% used [0x00000000e4300000,0x00000000e47faff0,0x00000000e4800000)
  to   space 5120K, 0% used [0x00000000e3e00000,0x00000000e3e00000,0x00000000e4300000)
 ParOldGen       total 84992K, used 7586K [0x00000000a0000000, 0x00000000a5300000, 0x00000000e0000000)
  object space 84992K, 8% used [0x00000000a0000000,0x00000000a0768850,0x00000000a5300000)
 Metaspace       used 20705K, capacity 21118K, committed 21248K, reserved 1067008K
  class space    used 2824K, capacity 2976K, committed 3072K, reserved 1048576K
}
Event: 2.310 GC heap before
{Heap before GC invocations=5 (full 1):
 PSYoungGen      total 68608K, used 5099K [0x00000000e0000000, 0x00000000e4800000, 0x0000000100000000)
  eden space 63488K, 0% used [0x00000000e0000000,0x00000000e0000000,0x00000000e3e00000)
  from space 5120K, 99% used [0x00000000e4300000,0x00000000e47faff0,0x00000000e4800000)
  to   space 5120K, 0% used [0x00000000e3e00000,0x00000000e3e00000,0x00000000e4300000)
 ParOldGen       total 84992K, used 7586K [0x00000000a0000000, 0x00000000a5300000, 0x00000000e0000000)
  object space 84992K, 8% used [0x00000000a0000000,0x00000000a0768850,0x00000000a5300000)
 Metaspace       used 20705K, capacity 21118K, committed 21248K, reserved 1067008K
  class space    used 2824K, capacity 2976K, committed 3072K, reserved 1048576K
Event: 2.393 GC heap after
Heap after GC invocations=5 (full 1):
 PSYoungGen      total 68608K, used 0K [0x00000000e0000000, 0x00000000e4800000, 0x0000000100000000)
  eden space 63488K, 0% used [0x00000000e0000000,0x00000000e0000000,0x00000000e3e00000)
  from space 5120K, 0% used [0x00000000e4300000,0x00000000e4300000,0x00000000e4800000)
  to   space 5120K, 0% used [0x00000000e3e00000,0x00000000e3e00000,0x00000000e4300000)
 ParOldGen       total 68096K, used 9424K [0x00000000a0000000, 0x00000000a4280000, 0x00000000e0000000)
  object space 68096K, 13% used [0x00000000a0000000,0x00000000a09342e0,0x00000000a4280000)
 Metaspace       used 20705K, capacity 21118K, committed 21248K, reserved 1067008K
  class space    used 2824K, capacity 2976K, committed 3072K, reserved 1048576K
}
Event: 3.329 GC heap before
{Heap before GC invocations=6 (full 1):
 PSYoungGen      total 68608K, used 63488K [0x00000000e0000000, 0x00000000e4800000, 0x0000000100000000)
  eden space 63488K, 100% used [0x00000000e0000000,0x00000000e3e00000,0x00000000e3e00000)
  from space 5120K, 0% used [0x00000000e4300000,0x00000000e4300000,0x00000000e4800000)
  to   space 5120K, 0% used [0x00000000e3e00000,0x00000000e3e00000,0x00000000e4300000)
 ParOldGen       total 68096K, used 9424K [0x00000000a0000000, 0x00000000a4280000, 0x00000000e0000000)
  object space 68096K, 13% used [0x00000000a0000000,0x00000000a09342e0,0x00000000a4280000)
 Metaspace       used 26047K, capacity 26532K, committed 26752K, reserved 1073152K
  class space    used 3694K, capacity 3851K, committed 3968K, reserved 1048576K
Event: 3.341 GC heap after
Heap after GC invocations=6 (full 1):
 PSYoungGen      total 68608K, used 5099K [0x00000000e0000000, 0x00000000e6700000, 0x0000000100000000)
  eden space 63488K, 0% used [0x00000000e0000000,0x00000000e0000000,0x00000000e3e00000)
  from space 5120K, 99% used [0x00000000e3e00000,0x00000000e42fae90,0x00000000e4300000)
  to   space 10752K, 0% used [0x00000000e5c80000,0x00000000e5c80000,0x00000000e6700000)
 ParOldGen       total 68096K, used 11894K [0x00000000a0000000, 0x00000000a4280000, 0x00000000e0000000)
  object space 68096K, 17% used [0x00000000a0000000,0x00000000a0b9da00,0x00000000a4280000)
 Metaspace       used 26047K, capacity 26532K, committed 26752K, reserved 1073152K
  class space    used 3694K, capacity 3851K, committed 3968K, reserved 1048576K
}
Event: 4.410 GC heap before
{Heap before GC invocations=7 (full 1):
 PSYoungGen      total 68608K, used 68587K [0x00000000e0000000, 0x00000000e6700000, 0x0000000100000000)
  eden space 63488K, 100% used [0x00000000e0000000,0x00000000e3e00000,0x00000000e3e00000)
  from space 5120K, 99% used [0x00000000e3e00000,0x00000000e42fae90,0x00000000e4300000)
  to   space 10752K, 0% used [0x00000000e5c80000,0x00000000e5c80000,0x00000000e6700000)
 ParOldGen       total 68096K, used 11894K [0x00000000a0000000, 0x00000000a4280000, 0x00000000e0000000)
  object space 68096K, 17% used [0x00000000a0000000,0x00000000a0b9da00,0x00000000a4280000)
 Metaspace       used 29798K, capacity 30414K, committed 30592K, reserved 1075200K
  class space    used 4182K, capacity 4353K, committed 4480K, reserved 1048576K
Event: 4.429 GC heap after
Heap after GC invocations=7 (full 1):
 PSYoungGen      total 93696K, used 7240K [0x00000000e0000000, 0x00000000e6600000, 0x0000000100000000)
  eden space 83968K, 0% used [0x00000000e0000000,0x00000000e0000000,0x00000000e5200000)
  from space 9728K, 74% used [0x00000000e5c80000,0x00000000e6392248,0x00000000e6600000)
  to   space 10240K, 0% used [0x00000000e5200000,0x00000000e5200000,0x00000000e5c00000)
 ParOldGen       total 68096K, used 11902K [0x00000000a0000000, 0x00000000a4280000, 0x00000000e0000000)
  object space 68096K, 17% used [0x00000000a0000000,0x00000000a0b9fa00,0x00000000a4280000)
 Metaspace       used 29798K, capacity 30414K, committed 30592K, reserved 1075200K
  class space    used 4182K, capacity 4353K, committed 4480K, reserved 1048576K
}

Deoptimization events (10 events):
Event: 3.251 Thread 0x00007f6a18009000 Uncommon trap: reason=class_check action=maybe_recompile pc=0x00007f6a6164aac8 method=java.lang.reflect.Method.equals(Ljava/lang/Object;)Z @ 5
Event: 3.365 Thread 0x00007f6a18009000 Uncommon trap: reason=class_check action=maybe_recompile pc=0x00007f6a6164aac8 method=java.lang.reflect.Method.equals(Ljava/lang/Object;)Z @ 5
Event: 3.365 Thread 0x00007f6a18009000 Uncommon trap: reason=class_check action=maybe_recompile pc=0x00007f6a6164aac8 method=java.lang.reflect.Method.equals(Ljava/lang/Object;)Z @ 5
Event: 3.686 Thread 0x00007f6a18009000 Uncommon trap: reason=unstable_if action=reinterpret pc=0x00007f6a6127de3c method=java.net.URI.match(CJJ)Z @ 45
Event: 3.686 Thread 0x00007f6a18009000 Uncommon trap: reason=unstable_if action=reinterpret pc=0x00007f6a61155a6c method=java.net.URI.match(CJJ)Z @ 19
Event: 3.686 Thread 0x00007f6a18009000 Uncommon trap: reason=unstable_if action=reinterpret pc=0x00007f6a6114e9ac method=java.net.URI.match(CJJ)Z @ 19
Event: 4.217 Thread 0x00007f6a18009000 Uncommon trap: reason=unstable_if action=reinterpret pc=0x00007f6a617fb3b0 method=com.sun.org.apache.xerces.internal.impl.XMLEntityScanner.scanContent(Lcom/sun/org/apache/xerces/internal/xni/XMLString;)I @ 127
Event: 4.324 Thread 0x00007f6a18009000 Uncommon trap: reason=unstable_if action=reinterpret pc=0x00007f6a618a0e18 method=com.sun.org.apache.xerces.internal.impl.io.UTF8Reader.read([CII)I @ 131
Event: 4.330 Thread 0x00007f6a18009000 Uncommon trap: reason=unstable_if action=reinterpret pc=0x00007f6a618a8494 method=com.sun.org.apache.xerces.internal.impl.XMLEntityScanner.scanName(Lcom/sun/org/apache/xerces/internal/impl/XMLScanner$NameType;)Ljava/lang/String; @ 206
Event: 4.499 Thread 0x00007f6a18009000 Uncommon trap: reason=unstable_if action=reinterpret pc=0x00007f6a61920a00 method=com.sun.org.apache.xerces.internal.impl.XMLEntityScanner.scanName(Lcom/sun/org/apache/xerces/internal/impl/XMLScanner$NameType;)Ljava/lang/String; @ 69

Internal exceptions (10 events):
Event: 3.560 Thread 0x00007f6a18009000 Exception <a 'java/lang/ClassNotFoundException': JetGradlePluginBeanInfo> (0x00000000e0cf4e08) thrown at [/HUDSON3/workspace/8-2-build-linux-amd64/jdk8u121/8372/hotspot/src/share/vm/classfile/systemDictionary.cpp, line 210]
Event: 3.560 Thread 0x00007f6a18009000 Exception <a 'java/lang/ClassNotFoundException': JetGradlePluginCustomizer> (0x00000000e0cfe668) thrown at [/HUDSON3/workspace/8-2-build-linux-amd64/jdk8u121/8372/hotspot/src/share/vm/classfile/systemDictionary.cpp, line 210]
Event: 3.563 Thread 0x00007f6a18009000 Exception <a 'java/lang/ClassNotFoundException': org/gradle/tooling/provider/model/internal/DefaultToolingModelBuilderRegistryBeanInfo> (0x00000000e0d4ca60) thrown at [/HUDSON3/workspace/8-2-build-linux-amd64/jdk8u121/8372/hotspot/src/share/vm/classfile/s
Event: 3.564 Thread 0x00007f6a18009000 Exception <a 'java/lang/ClassNotFoundException': org/gradle/tooling/provider/model/internal/DefaultToolingModelBuilderRegistryCustomizer> (0x00000000e0d7f4b0) thrown at [/HUDSON3/workspace/8-2-build-linux-amd64/jdk8u121/8372/hotspot/src/share/vm/classfile
Event: 3.638 Thread 0x00007f6a18009000 Exception <a 'java/lang/ClassNotFoundException': build_dzzk87fz6yoeobrzuhy9er4kjBeanInfo> (0x00000000e1290a28) thrown at [/HUDSON3/workspace/8-2-build-linux-amd64/jdk8u121/8372/hotspot/src/share/vm/classfile/systemDictionary.cpp, line 210]
Event: 3.638 Thread 0x00007f6a18009000 Exception <a 'java/lang/ClassNotFoundException': org/gradle/api/internal/project/ProjectScriptBeanInfo> (0x00000000e12a20a0) thrown at [/HUDSON3/workspace/8-2-build-linux-amd64/jdk8u121/8372/hotspot/src/share/vm/classfile/systemDictionary.cpp, line 210]
Event: 3.638 Thread 0x00007f6a18009000 Exception <a 'java/lang/ClassNotFoundException': org/gradle/api/internal/project/ProjectScriptCustomizer> (0x00000000e12b3b00) thrown at [/HUDSON3/workspace/8-2-build-linux-amd64/jdk8u121/8372/hotspot/src/share/vm/classfile/systemDictionary.cpp, line 210]
Event: 3.640 Thread 0x00007f6a18009000 Exception <a 'java/lang/ClassNotFoundException': build_dzzk87fz6yoeobrzuhy9er4kjCustomizer> (0x00000000e12d3548) thrown at [/HUDSON3/workspace/8-2-build-linux-amd64/jdk8u121/8372/hotspot/src/share/vm/classfile/systemDictionary.cpp, line 210]
Event: 4.871 Thread 0x00007f6a18009000 Exception <a 'java/security/PrivilegedActionException'> (0x00000000e0cb0c40) thrown at [/HUDSON3/workspace/8-2-build-linux-amd64/jdk8u121/8372/hotspot/src/share/vm/prims/jvm.cpp, line 1390]
Event: 4.872 Thread 0x00007f6a18009000 Exception <a 'java/security/PrivilegedActionException'> (0x00000000e0cb1220) thrown at [/HUDSON3/workspace/8-2-build-linux-amd64/jdk8u121/8372/hotspot/src/share/vm/prims/jvm.cpp, line 1390]

Events (10 events):
Event: 4.576 loading class org/gradle/internal/resource/cached/ivy/AbstractCachedIndex$1
Event: 4.576 loading class org/gradle/internal/resource/cached/ivy/AbstractCachedIndex$1 done
Event: 4.577 loading class org/gradle/internal/resource/cached/DefaultCachedArtifact
Event: 4.577 loading class org/gradle/internal/resource/cached/DefaultCachedArtifact done
Event: 4.578 loading class org/gradle/api/internal/artifacts/DefaultArtifactIdentifier
Event: 4.578 loading class org/gradle/api/internal/artifacts/DefaultArtifactIdentifier done
Event: 4.579 loading class org/gradle/api/internal/artifacts/ivyservice/resolutionstrategy/DefaultCachePolicy$CachedArtifactResolutionControl
Event: 4.579 loading class org/gradle/api/internal/artifacts/ivyservice/resolutionstrategy/DefaultCachePolicy$CachedArtifactResolutionControl done
Event: 4.579 loading class org/gradle/api/artifacts/cache/ArtifactResolutionControl
Event: 4.579 loading class org/gradle/api/artifacts/cache/ArtifactResolutionControl done


Dynamic libraries:
00400000-00401000 r-xp 00000000 08:01 11143952                           /usr/local/java/jdk1.8.0_121/bin/java
00600000-00601000 rw-p 00000000 08:01 11143952                           /usr/local/java/jdk1.8.0_121/bin/java
01db6000-01dd7000 rw-p 00000000 00:00 0                                  [heap]
a0000000-a4280000 rw-p 00000000 00:00 0 
a4280000-e0000000 ---p 00000000 00:00 0 
e0000000-e6600000 rw-p 00000000 00:00 0 
e6600000-100000000 ---p 00000000 00:00 0 
100000000-100460000 rw-p 00000000 00:00 0 
100460000-140000000 ---p 00000000 00:00 0 
7f69f4000000-7f69f4021000 rw-p 00000000 00:00 0 
7f69f4021000-7f69f8000000 ---p 00000000 00:00 0 
7f69fc000000-7f69fc021000 rw-p 00000000 00:00 0 
7f69fc021000-7f6a00000000 ---p 00000000 00:00 0 
7f6a00000000-7f6a00021000 rw-p 00000000 00:00 0 
7f6a00021000-7f6a04000000 ---p 00000000 00:00 0 
7f6a04000000-7f6a0537a000 rw-p 00000000 00:00 0 
7f6a0537a000-7f6a08000000 ---p 00000000 00:00 0 
7f6a08000000-7f6a08021000 rw-p 00000000 00:00 0 
7f6a08021000-7f6a0c000000 ---p 00000000 00:00 0 
7f6a0c000000-7f6a0c021000 rw-p 00000000 00:00 0 
7f6a0c021000-7f6a10000000 ---p 00000000 00:00 0 
7f6a10000000-7f6a10021000 rw-p 00000000 00:00 0 
7f6a10021000-7f6a14000000 ---p 00000000 00:00 0 
7f6a14000000-7f6a14075000 rw-p 00000000 00:00 0 
7f6a14075000-7f6a18000000 ---p 00000000 00:00 0 
7f6a18000000-7f6a18021000 rw-p 00000000 00:00 0 
7f6a18021000-7f6a1c000000 ---p 00000000 00:00 0 
7f6a1c000000-7f6a1c021000 rw-p 00000000 00:00 0 
7f6a1c021000-7f6a20000000 ---p 00000000 00:00 0 
7f6a20bff000-7f6a20dff000 rw-p 00000000 00:00 0 
7f6a20dff000-7f6a20fff000 rw-p 00000000 00:00 0 
7f6a20fff000-7f6a24000000 rw-p 00000000 00:00 0 
7f6a24000000-7f6a24021000 rw-p 00000000 00:00 0 
7f6a24021000-7f6a28000000 ---p 00000000 00:00 0 
7f6a28000000-7f6a28021000 rw-p 00000000 00:00 0 
7f6a28021000-7f6a2c000000 ---p 00000000 00:00 0 
7f6a2c000000-7f6a2d841000 rw-p 00000000 00:00 0 
7f6a2d841000-7f6a30000000 ---p 00000000 00:00 0 
7f6a30000000-7f6a30df4000 rw-p 00000000 00:00 0 
7f6a30df4000-7f6a34000000 ---p 00000000 00:00 0 
7f6a34000000-7f6a34021000 rw-p 00000000 00:00 0 
7f6a34021000-7f6a38000000 ---p 00000000 00:00 0 
7f6a38000000-7f6a39d9d000 rw-p 00000000 00:00 0 
7f6a39d9d000-7f6a3c000000 ---p 00000000 00:00 0 
7f6a3c000000-7f6a3c021000 rw-p 00000000 00:00 0 
7f6a3c021000-7f6a40000000 ---p 00000000 00:00 0 
7f6a40000000-7f6a40021000 rw-p 00000000 00:00 0 
7f6a40021000-7f6a44000000 ---p 00000000 00:00 0 
7f6a44000000-7f6a44021000 rw-p 00000000 00:00 0 
7f6a44021000-7f6a48000000 ---p 00000000 00:00 0 
7f6a48000000-7f6a48034000 rw-p 00000000 00:00 0 
7f6a48034000-7f6a4c000000 ---p 00000000 00:00 0 
7f6a4c000000-7f6a4c021000 rw-p 00000000 00:00 0 
7f6a4c021000-7f6a50000000 ---p 00000000 00:00 0 
7f6a5005a000-7f6a5005b000 r--s 00001000 08:01 34477923                   /root/.gradle/caches/jars-2/cmhx5eetujk7j30d3nllwxyrlnugzjw/annotations-25.3.3.jar
7f6a5005b000-7f6a50063000 r--s 000a8000 08:01 34996888                   /root/.gradle/caches/jars-2/lp0h431tl0554nh1vx6zomcvteflkp/lombok-ast-0.2.3.jar
7f6a50063000-7f6a50077000 r--s 000b4000 08:01 34477921                   /root/.gradle/caches/jars-2/hgvw6szzawm3evod5l2d6iutfug31w0/uast-162.2228.14.jar
7f6a50077000-7f6a50079000 r--s 0000d000 08:01 34996884                   /root/.gradle/caches/jars-2/7pwz1bowgakb1eux9ezb56jlturgsyi/commons-codec-1.4.jar
7f6a50079000-7f6a5007b000 r--s 0000d000 08:01 34996882                   /root/.gradle/caches/jars-2/9dj1m0eyooi5qt13735vz8fpkl3cnfy/commons-logging-1.1.1.jar
7f6a5007b000-7f6a50080000 r--s 00028000 08:01 34996880                   /root/.gradle/caches/jars-2/62lv0fe9b3xbqe57f6ljy5upwi7mf6k/httpcore-4.1.jar
7f6a50080000-7f6a50084000 r--s 0002f000 08:01 34996878                   /root/.gradle/caches/jars-2/gsg5n52frsvw6sx0swqqe2hwijwdcf0/jimfs-1.1.jar
7f6a50084000-7f6a50085000 r--s 00004000 08:01 34996876                   /root/.gradle/caches/jars-2/lxs252id0979odjrerlctkb26c2vj95/annotations-12.0.jar
7f6a50085000-7f6a50086000 r--s 00004000 08:01 34996874                   /root/.gradle/caches/jars-2/9kn99dr0rulyl67sct1ephwcop56l61/asm-analysis-5.0.4.jar
7f6a50086000-7f6a5008a000 r--s 00040000 08:01 34477919                   /root/.gradle/caches/jars-2/ccvn7yglm4blceovs70fngoac1eyn4f/lint-api-25.3.3.jar
7f6a5008a000-7f6a5008b000 r--s 0000a000 08:01 34996870                   /root/.gradle/caches/jars-2/nwyg9io65lv6jvmwit2wq82xnnxd7ia/kxml2-2.3.0.jar
7f6a5008b000-7f6a5008d000 r--s 00005000 08:01 34996868                   /root/.gradle/caches/jars-2/i6hc1uuj8e9ck59slmzdyz78ydn8sr6/httpmime-4.1.jar
7f6a5008d000-7f6a50095000 r--s 0004e000 08:01 34996866                   /root/.gradle/caches/jars-2/7503wa5irssz0xxahv1xb82p2dl7rr2/httpclient-4.1.1.jar
7f6a50095000-7f6a5009c000 r--s 00053000 08:01 34996864                   /root/.gradle/caches/jars-2/jgkfvs4eqggj7qsyw1f5d3up57hanj1/commons-compress-1.8.1.jar
7f6a5009c000-7f6a500a1000 r--s 0002a000 08:01 34996862                   /root/.gradle/caches/jars-2/je8f027qcr1z1egw08byp1ybxbp9kko/gson-2.2.4.jar
7f6a500a1000-7f6a500a6000 r--s 0002e000 08:01 34477917                   /root/.gradle/caches/jars-2/s427p2wh0tfza0xa8qijgx107eeevyl/repository-25.3.3.jar
7f6a500a6000-7f6a500a8000 r--s 00006000 08:01 34477915                   /root/.gradle/caches/jars-2/e2s952s6co8tps89l80r4riixwqo2oe/dvlib-25.3.3.jar
7f6a500a8000-7f6a500aa000 r--s 00013000 08:01 34477913                   /root/.gradle/caches/jars-2/s02k517nvrh8cbp2c8dz4slqska6dj9/layoutlib-api-25.3.3.jar
7f6a500aa000-7f6a500af000 r--s 00058000 08:01 34996854                   /root/.gradle/caches/jars-2/st159835qgxm0l87oqrnhayxos4lc1n/asm-debug-all-5.0.1.jar
7f6a500af000-7f6a500bf000 r--s 000d5000 08:01 34996852                   /root/.gradle/caches/jars-2/qzf32gp9kej4w4hlbabft6tplu74cj3/proguard-base-5.3.2.jar
7f6a500bf000-7f6a500c2000 r--s 00033000 08:01 34996850                   /root/.gradle/caches/jars-2/nz9sndmr8b4xbj4xulkaciy5kdbyfiz/juniversalchardet-1.0.3.jar
7f6a500c2000-7f6a500c6000 r--s 0002a000 08:01 34996848                   /root/.gradle/caches/jars-2/krbpn9xjn1qymukyx8cc5l799ty1v3h/commons-io-2.4.jar
7f6a500c6000-7f6a500dd000 r--s 00154000 08:01 34996846                   /root/.gradle/caches/jars-2/sfeivjswzitn6n0fnjx3ueszz8gv8o1/antlr4-4.5.3.jar
7f6a500dd000-7f6a500df000 r--s 00002000 08:01 34477911                   /root/.gradle/caches/jars-2/rh2ip1x2zziz26tr3qzudtz088pqsb2/baseLibrary-2.3.3.jar
7f6a500df000-7f6a5010a000 r--s 001fc000 08:01 34996842                   /root/.gradle/caches/jars-2/nxjrjftly2xksl8o0wqgivu5netfu2x/guava-18.0.jar
7f6a5010a000-7f6a5011d000 r--s 00241000 08:01 34996840                   /root/.gradle/caches/jars-2/9yuekvg4qerfitq3xec0iyckuw3hwaq/ecj-4.6.1.jar
7f6a5011d000-7f6a50124000 r--s 000d9000 08:01 34477909                   /root/.gradle/caches/jars-2/ak89aa8liqmr44u7r08njntn6oehe0z/lint-checks-25.3.3.jar
7f6a50124000-7f6a50126000 r--s 00006000 08:01 34996836                   /root/.gradle/caches/jars-2/6phgj9ki3jl3p5epzkqoo8pr6kur40b/asm-tree-5.0.4.jar
7f6a50126000-7f6a50159000 r--s 00203000 08:01 34996834                   /root/.gradle/caches/jars-2/hj0bfvxu9cq7hkwmecvp0kg137or3hh/bcprov-jdk15on-1.48.jar
7f6a50159000-7f6a50167000 r--s 00081000 08:01 34996832                   /root/.gradle/caches/jars-2/4r7xli0tz94y0wfjrdyjxlxar3g1pb9/bcpkix-jdk15on-1.48.jar
7f6a50167000-7f6a50169000 r--s 00002000 08:01 34996830                   /root/.gradle/caches/jars-2/f32bh5uivuf69ecz2j8hl96ksnqdh7v/javawriter-2.5.0.jar
7f6a50169000-7f6a5016b000 r--s 00004000 08:01 34477907                   /root/.gradle/caches/jars-2/j6s1upogkwo00sygdsekzj4fx0i75uy/tracker-25.3.3.jar
7f6a5016b000-7f6a5016c000 r--s 00005000 08:01 34477905                   /root/.gradle/caches/jars-2/4svya0t1s9wyo35ycd3atidsaoo6w7e/shared-25.3.3.jar
7f6a5016c000-7f6a5017a000 r--s 00147000 08:01 34477903                   /root/.gradle/caches/jars-2/qx6695c5ocd9swxv7wqtxor3plyb4b7/protos-25.3.3.jar
7f6a5017a000-7f6a5017b000 r--s 00001000 08:01 34477901                   /root/.gradle/caches/jars-2/bqo69msswbvaagsh45hf1tq02v21sml/jill-api-0.10.0.jar
7f6a5017b000-7f6a5017d000 r--s 00003000 08:01 34477899                   /root/.gradle/caches/jars-2/7pldadygbci34ql8thws797g29k1uhh/jack-api-0.13.0.jar
7f6a5017d000-7f6a50183000 r--s 0004a000 08:01 34477897                   /root/.gradle/caches/jars-2/euoqfzf5y1sibp9ul8mcz0wovj380eo/ddmlib-25.3.3.jar
7f6a50183000-7f6a50186000 r--s 00022000 08:01 34477895                   /root/.gradle/caches/jars-2/a81bg2yxzmumashablwecaj0ksz6tmj/manifest-merger-25.3.3.jar
7f6a50186000-7f6a50189000 r--s 0001c000 08:01 34477893                   /root/.gradle/caches/jars-2/l6cnyee1vojrkkbpp6qwgpf30shmrja/common-25.3.3.jar
7f6a50189000-7f6a50192000 r--s 00089000 08:01 34477891                   /root/.gradle/caches/jars-2/m0t6h8af70sdgxvkj522jy01i14mnb8/sdk-common-25.3.3.jar
7f6a50192000-7f6a5019c000 r--s 00098000 08:01 34477889                   /root/.gradle/caches/jars-2/28c9ykhc782k8jmlrnbnccai34hziki/sdklib-25.3.3.jar
7f6a5019c000-7f6a5019f000 r--s 00006000 08:01 34477885                   /root/.gradle/caches/jars-2/omk02asobup8sgd6qxom3ej5bg94z2r/builder-model-2.3.3.jar
7f6a5019f000-7f6a501ae000 r--s 00130000 08:01 34996804                   /root/.gradle/caches/jars-2/cr6zkqpx14lor9zdtmo49qpc7y8r8p4/protobuf-java-3.0.0.jar
7f6a501ae000-7f6a501b0000 r--s 0000f000 08:01 34996802                   /root/.gradle/caches/jars-2/rvfyugrlu5tbpz51p98og0qsxamjq4k/jopt-simple-4.9.jar
7f6a501b0000-7f6a501b4000 r--s 0001f000 08:01 34996800                   /root/.gradle/caches/jars-2/nq3fzqkrrm37ob61z4iu5qdbh368uat/org.jacoco.report-0.7.5.201505241946.jar
7f6a501b4000-7f6a501b8000 r--s 0001d000 08:01 34996798                   /root/.gradle/caches/jars-2/3kxkmcckmk40ron92zhbm0qjo9l4bkl/org.jacoco.core-0.7.5.201505241946.jar
7f6a501b8000-7f6a501ba000 r--s 00002000 08:01 34996796                   /root/.gradle/caches/jars-2/m4m0pzb4gmaeh0in5g2xc4bxeuwt828/proguard-gradle-5.3.2.jar
7f6a501ba000-7f6a501bc000 r--s 00009000 08:01 34996794                   /root/.gradle/caches/jars-2/ajvcvdu66lc9e3tvvipxtuq48i9bbkc/asm-commons-5.0.4.jar
7f6a501bc000-7f6a501be000 r--s 0000c000 08:01 34996792                   /root/.gradle/caches/jars-2/1laz1ygmxoc408r7nwqs1q8uk8r236d/asm-5.0.4.jar
7f6a501be000-7f6a501c3000 r--s 0002c000 08:01 34477883                   /root/.gradle/caches/jars-2/3mlasgi8oo9o7oa12526198jui9zmp2/compilerCommon-2.3.3.jar
7f6a501c3000-7f6a501d9000 r--s 00163000 08:01 34477875                   /root/.gradle/caches/jars-2/nyg71b5n2lzymmwh5vbtmvjiby07k4g/builder-2.3.3.jar
7f6a501d9000-7f6a50249000 r--s 00643000 08:01 34996700                   /root/.gradle/caches/jars-2/8cxlnul3q31hn64oaeyb96yvefwfs4h/groovy-all-2.4.6.jar
7f6a50249000-7f6a50449000 rw-p 00000000 00:00 0 
7f6a50449000-7f6a5044c000 ---p 00000000 00:00 0 
7f6a5044c000-7f6a50682000 rw-p 00000000 00:00 0 
7f6a50682000-7f6a50683000 r--s 00002000 08:01 34477887                   /root/.gradle/caches/jars-2/4dod7a1p5hoai4v37pxbcg65bbahvg2/builder-test-api-2.3.3.jar
7f6a50683000-7f6a50684000 r--s 00002000 08:01 34477881                   /root/.gradle/caches/jars-2/73l309uzm0ila7rdaaxteq0ng4ayf2y/gradle-api-2.3.3.jar
7f6a50684000-7f6a50685000 r--s 00000000 08:01 34477879                   /root/.gradle/caches/jars-2/tlyajppf8woug00g686fx5mchf8iv3o/transform-api-2.0.0-deprecated-use-gradle-api.jar
7f6a50685000-7f6a5068a000 r--s 0005e000 08:01 34477877                   /root/.gradle/caches/jars-2/k2xtosjt0in0zj7mpwvctw6iznt93uh/lint-25.3.3.jar
7f6a5068a000-7f6a506a9000 r--s 001ca000 08:01 34477873                   /root/.gradle/caches/jars-2/5fwyvjq1ai8mdh1mluqxidj1wo7rls8/gradle-core-2.3.3.jar
7f6a506a9000-7f6a506ab000 r--s 00007000 08:01 393249                     /root/.gradle/caches/modules-2/files-2.1/com.google.gms/google-services/3.1.0/166ae4e6acd03b7bbebe221ffa54bc039fece1b9/google-services-3.1.0.jar
7f6a506ab000-7f6a506ad000 r--s 0000d000 08:01 34477871                   /root/.gradle/caches/jars-2/mel54vauze7hczg2p6nebauqz8s53sj/gradle-2.3.3.jar
7f6a506ad000-7f6a506b2000 r--s 00034000 08:01 34996702                   /root/.gradle/caches/jars-2/c74d41v3l7o57dyhdc4xhdfblc3m2cw/gson-2.5.jar
7f6a506b2000-7f6a506b7000 r--s 0007a000 08:01 34477869                   /root/.gradle/caches/jars-2/grenzqfqt85mgjj0y0ira3t0y08jana/gradle-tooling-extension-impl.jar
7f6a506b7000-7f6a506b8000 r--p 00000000 00:00 0 
7f6a506b8000-7f6a508b8000 rw-p 00000000 00:00 0 
7f6a508b8000-7f6a50ab8000 rw-p 00000000 00:00 0 
7f6a50ab8000-7f6a50ab9000 r--s 00000000 08:01 34996626                   /root/.gradle/caches/jars-2/dg22azhabc6tsc1i8xni15giz1bnssh/gradle-appengine-builder-model-0.1.0.jar
7f6a50ab9000-7f6a50af6000 r--s 00585000 08:01 34477867                   /root/.gradle/caches/jars-2/ilom8b20gb67xtnnupbkeqtne7b8kkb/sdk-tools.jar
7f6a50af6000-7f6a50af7000 r--s 00002000 08:01 34477865                   /root/.gradle/caches/jars-2/svwjsy9ijjnr8w6koqz6kn1bqvdhlg4/external-system-rt.jar
7f6a50af7000-7f6a50af9000 r--s 0000a000 08:01 34477863                   /root/.gradle/caches/jars-2/7218vekn48fs59m3epgdn3toof1pltz/gradle-tooling-extension-api.jar
7f6a50af9000-7f6a50b06000 r--s 0017f000 08:01 34477861                   /root/.gradle/caches/jars-2/f7cyhks7eq64d4l5pocpk32bt94v37r/velocity.jar
7f6a50b06000-7f6a50b40000 r--s 001e2000 08:01 34735262                   /root/.gradle/caches/jars-2/gsc6q095kyxskeaqm5ejgrya5fy93e4/gradle-core-3.2.jar
7f6a50b40000-7f6a50b49000 r--s 00041000 08:01 34735260                   /root/.gradle/caches/jars-2/h9tlqcb3hm1v4dc2krttqmly48oj6dn/gradle-base-services-3.2.jar
7f6a50b49000-7f6a50b71000 r--s 001cf000 08:01 34606348                   /root/.gradle/caches/jars-2/87eo0lrvp84r6dbxjq018wy66es2era/guava-jdk5-17.0.jar
7f6a50b71000-7f6a50b7e000 r--s 00041000 08:01 34606346                   /root/.gradle/caches/jars-2/dgtjvv7hz6uw97ja0np1f4qgb2lzw3b/gradle-tooling-api-3.2.jar
7f6a50b7e000-7f6a50b81000 ---p 00000000 00:00 0 
7f6a50b81000-7f6a50c7f000 rw-p 00000000 00:00 0 
7f6a50c7f000-7f6a50cf9000 r--s 010f6000 08:01 11020816                   /usr/local/java/jdk1.8.0_121/lib/tools.jar
7f6a50cf9000-7f6a50ef9000 rw-p 00000000 00:00 0 
7f6a50ef9000-7f6a50efc000 ---p 00000000 00:00 0 
7f6a50efc000-7f6a50ffa000 rw-p 00000000 00:00 0 
7f6a50ffa000-7f6a50ffd000 ---p 00000000 00:00 0 
7f6a50ffd000-7f6a510fb000 rw-p 00000000 00:00 0 
7f6a510fb000-7f6a510fe000 ---p 00000000 00:00 0 
7f6a510fe000-7f6a511fc000 rw-p 00000000 00:00 0 
7f6a511fc000-7f6a511ff000 ---p 00000000 00:00 0 
7f6a511ff000-7f6a512fd000 rw-p 00000000 00:00 0 
7f6a512fd000-7f6a51300000 ---p 00000000 00:00 0 
7f6a51300000-7f6a513fe000 rw-p 00000000 00:00 0 
7f6a513fe000-7f6a51401000 ---p 00000000 00:00 0 
7f6a51401000-7f6a516ff000 rw-p 00000000 00:00 0 
7f6a516ff000-7f6a51706000 r--s 00000000 08:01 11280200                   /usr/lib/x86_64-linux-gnu/gconv/gconv-modules.cache
7f6a51706000-7f6a51906000 rw-p 00000000 00:00 0 
7f6a51906000-7f6a51909000 ---p 00000000 00:00 0 
7f6a51909000-7f6a51a07000 rw-p 00000000 00:00 0 
7f6a51a07000-7f6a51a0a000 ---p 00000000 00:00 0 
7f6a51a0a000-7f6a51b08000 rw-p 00000000 00:00 0 
7f6a51b08000-7f6a51b11000 r-xp 00000000 08:01 11144070                   /usr/local/java/jdk1.8.0_121/jre/lib/amd64/libmanagement.so
7f6a51b11000-7f6a51d10000 ---p 00009000 08:01 11144070                   /usr/local/java/jdk1.8.0_121/jre/lib/amd64/libmanagement.so
7f6a51d10000-7f6a51d11000 rw-p 00008000 08:01 11144070                   /usr/local/java/jdk1.8.0_121/jre/lib/amd64/libmanagement.so
7f6a51d11000-7f6a51d15000 r--s 0009a000 08:01 11143978                   /usr/local/java/jdk1.8.0_121/jre/lib/jsse.jar
7f6a51d15000-7f6a51d17000 r--s 00007000 08:01 34341942                   /root/.gradle/wrapper/dists/gradle-3.3-all/55gk2rcmfc6p2dg9u9ohc3hw9/gradle-3.3/lib/plugins/gradle-tooling-api-builders-3.3.jar
7f6a51d17000-7f6a51d1a000 r--s 00009000 08:01 34341935                   /root/.gradle/wrapper/dists/gradle-3.3-all/55gk2rcmfc6p2dg9u9ohc3hw9/gradle-3.3/lib/plugins/gradle-testing-native-3.3.jar
7f6a51d1a000-7f6a51d20000 r--s 00033000 08:01 34342010                   /root/.gradle/wrapper/dists/gradle-3.3-all/55gk2rcmfc6p2dg9u9ohc3hw9/gradle-3.3/lib/plugins/snakeyaml-1.6.jar
7f6a51d20000-7f6a51d22000 r--s 00006000 08:01 34342009                   /root/.gradle/wrapper/dists/gradle-3.3-all/55gk2rcmfc6p2dg9u9ohc3hw9/gradle-3.3/lib/plugins/jcommander-1.12.jar
7f6a51d22000-7f6a51d27000 r--s 00040000 08:01 34342008                   /root/.gradle/wrapper/dists/gradle-3.3-all/55gk2rcmfc6p2dg9u9ohc3hw9/gradle-3.3/lib/plugins/bsh-2.0b4.jar
7f6a51d27000-7f6a51d29000 r--s 00009000 08:01 34342016                   /root/.gradle/wrapper/dists/gradle-3.3-all/55gk2rcmfc6p2dg9u9ohc3hw9/gradle-3.3/lib/plugins/hamcrest-core-1.3.jar
7f6a51d29000-7f6a51d32000 r--s 00089000 08:01 34341967                   /root/.gradle/wrapper/dists/gradle-3.3-all/55gk2rcmfc6p2dg9u9ohc3hw9/gradle-3.3/lib/plugins/testng-6.3.1.jar
7f6a51d32000-7f6a51d3a000 r--s 00045000 08:01 34341966                   /root/.gradle/wrapper/dists/gradle-3.3-all/55gk2rcmfc6p2dg9u9ohc3hw9/gradle-3.3/lib/plugins/junit-4.12.jar
7f6a51d3a000-7f6a51d40000 r--s 0002e000 08:01 34341936                   /root/.gradle/wrapper/dists/gradle-3.3-all/55gk2rcmfc6p2dg9u9ohc3hw9/gradle-3.3/lib/plugins/gradle-testing-jvm-3.3.jar
7f6a51d40000-7f6a51d44000 r--s 00016000 08:01 34341934                   /root/.gradle/wrapper/dists/gradle-3.3-all/55gk2rcmfc6p2dg9u9ohc3hw9/gradle-3.3/lib/plugins/gradle-testing-base-3.3.jar
7f6a51d44000-7f6a51d4b000 r--s 00038000 08:01 34341961                   /root/.gradle/wrapper/dists/gradle-3.3-all/55gk2rcmfc6p2dg9u9ohc3hw9/gradle-3.3/lib/plugins/bcpg-jdk15on-1.51.jar
7f6a51d4b000-7f6a51d4d000 r--s 0000c000 08:01 34341913                   /root/.gradle/wrapper/dists/gradle-3.3-all/55gk2rcmfc6p2dg9u9ohc3hw9/gradle-3.3/lib/plugins/gradle-signing-3.3.jar
7f6a51d4d000-7f6a51d4f000 r--s 00007000 08:01 34341912                   /root/.gradle/wrapper/dists/gradle-3.3-all/55gk2rcmfc6p2dg9u9ohc3hw9/gradle-3.3/lib/plugins/gradle-scala-3.3.jar
7f6a51d4f000-7f6a51d50000 r--s 00004000 08:01 34341940                   /root/.gradle/wrapper/dists/gradle-3.3-all/55gk2rcmfc6p2dg9u9ohc3hw9/gradle-3.3/lib/plugins/gradle-resources-sftp-3.3.jar
7f6a51d50000-7f6a51d60000 r--s 00088000 08:01 34341977                   /root/.gradle/wrapper/dists/gradle-3.3-all/55gk2rcmfc6p2dg9u9ohc3hw9/gradle-3.3/lib/plugins/joda-time-2.8.2.jar
7f6a51d60000-7f6a51d71000 r--s 0010d000 08:01 34341976                   /root/.gradle/wrapper/dists/gradle-3.3-all/55gk2rcmfc6p2dg9u9ohc3hw9/gradle-3.3/lib/plugins/jackson-databind-2.6.6.jar
7f6a51d71000-7f6a51d74000 r--s 00009000 08:01 34341975                   /root/.gradle/wrapper/dists/gradle-3.3-all/55gk2rcmfc6p2dg9u9ohc3hw9/gradle-3.3/lib/plugins/jackson-annotations-2.6.6.jar
7f6a51d74000-7f6a51d78000 r--s 0003c000 08:01 34341974                   /root/.gradle/wrapper/dists/gradle-3.3-all/55gk2rcmfc6p2dg9u9ohc3hw9/gradle-3.3/lib/plugins/jackson-core-2.6.6.jar
7f6a51d78000-7f6a51d86000 r--s 00087000 08:01 34341973                   /root/.gradle/wrapper/dists/gradle-3.3-all/55gk2rcmfc6p2dg9u9ohc3hw9/gradle-3.3/lib/plugins/aws-java-sdk-core-1.11.6.jar
7f6a51d86000-7f6a51d8d000 r--s 00057000 08:01 34341972                   /root/.gradle/wrapper/dists/gradle-3.3-all/55gk2rcmfc6p2dg9u9ohc3hw9/gradle-3.3/lib/plugins/aws-java-sdk-kms-1.11.6.jar
7f6a51d8d000-7f6a51d9a000 r--s 0008e000 08:01 34341971                   /root/.gradle/wrapper/dists/gradle-3.3-all/55gk2rcmfc6p2dg9u9ohc3hw9/gradle-3.3/lib/plugins/aws-java-sdk-s3-1.11.6.jar
7f6a51d9a000-7f6a51d9c000 r--s 00004000 08:01 34341941                   /root/.gradle/wrapper/dists/gradle-3.3-all/55gk2rcmfc6p2dg9u9ohc3hw9/gradle-3.3/lib/plugins/gradle-resources-s3-3.3.jar
7f6a51d9c000-7f6a51d9e000 r--s 00005000 08:01 34341965                   /root/.gradle/wrapper/dists/gradle-3.3-all/55gk2rcmfc6p2dg9u9ohc3hw9/gradle-3.3/lib/plugins/jatl-0.2.2.jar
7f6a51d9e000-7f6a51da0000 r--s 0000f000 08:01 34341918                   /root/.gradle/wrapper/dists/gradle-3.3-all/55gk2rcmfc6p2dg9u9ohc3hw9/gradle-3.3/lib/plugins/gradle-reporting-3.3.jar
7f6a51da0000-7f6a51da2000 r--s 00002000 08:01 34341919                   /root/.gradle/wrapper/dists/gradle-3.3-all/55gk2rcmfc6p2dg9u9ohc3hw9/gradle-3.3/lib/plugins/gradle-publish-3.3.jar
7f6a51da2000-7f6a51da4000 r--s 00009000 08:01 34341948                   /root/.gradle/wrapper/dists/gradle-3.3-all/55gk2rcmfc6p2dg9u9ohc3hw9/gradle-3.3/lib/plugins/commons-cli-1.2.jar
7f6a51da4000-7f6a51daa000 r--s 00031000 08:01 34341904                   /root/.gradle/wrapper/dists/gradle-3.3-all/55gk2rcmfc6p2dg9u9ohc3hw9/gradle-3.3/lib/plugins/gradle-plugins-3.3.jar
7f6a51daa000-7f6a51dac000 r--s 00009000 08:01 34341937                   /root/.gradle/wrapper/dists/gradle-3.3-all/55gk2rcmfc6p2dg9u9ohc3hw9/gradle-3.3/lib/plugins/gradle-plugin-development-3.3.jar
7f6a51dac000-7f6a51db2000 r--s 0002b000 08:01 34341930                   /root/.gradle/wrapper/dists/gradle-3.3-all/55gk2rcmfc6p2dg9u9ohc3hw9/gradle-3.3/lib/plugins/gradle-platform-play-3.3.jar
7f6a51db2000-7f6a51dc0000 r--s 00055000 08:01 34341929                   /root/.gradle/wrapper/dists/gradle-3.3-all/55gk2rcmfc6p2dg9u9ohc3hw9/gradle-3.3/lib/plugins/gradle-platform-native-3.3.jar
7f6a51dc0000-7f6a51dc5000 r--s 0001f000 08:01 34341924                   /root/.gradle/wrapper/dists/gradle-3.3-all/55gk2rcmfc6p2dg9u9ohc3hw9/gradle-3.3/lib/plugins/gradle-platform-jvm-3.3.jar
7f6a51dc5000-7f6a51dcd000 r--s 00027000 08:01 34341923                   /root/.gradle/wrapper/dists/gradle-3.3-all/55gk2rcmfc6p2dg9u9ohc3hw9/gradle-3.3/lib/plugins/gradle-platform-base-3.3.jar
7f6a51dcd000-7f6a51df5000 r--s 0021c000 08:01 34341956                   /root/.gradle/wrapper/dists/gradle-3.3-all/55gk2rcmfc6p2dg9u9ohc3hw9/gradle-3.3/lib/plugins/biz.aQute.bndlib-3.2.0.jar
7f6a51df5000-7f6a51df7000 r--s 00003000 08:01 34341908                   /root/.gradle/wrapper/dists/gradle-3.3-all/55gk2rcmfc6p2dg9u9ohc3hw9/gradle-3.3/lib/plugins/gradle-osgi-3.3.jar
7f6a51df7000-7f6a51dfa000 r--s 0000c000 08:01 34341959                   /root/.gradle/wrapper/dists/gradle-3.3-all/55gk2rcmfc6p2dg9u9ohc3hw9/gradle-3.3/lib/plugins/pmaven-groovy-0.8-20100325.jar
7f6a51dfa000-7f6a51dfb000 r--s 00004000 08:01 34341958                   /root/.gradle/wrapper/dists/gradle-3.3-all/55gk2rcmfc6p2dg9u9ohc3hw9/gradle-3.3/lib/plugins/pmaven-common-0.8-20100325.jar
7f6a51dfb000-7f6a51e01000 r--s 00023000 08:01 34341909                   /root/.gradle/wrapper/dists/gradle-3.3-all/55gk2rcmfc6p2dg9u9ohc3hw9/gradle-3.3/lib/plugins/gradle-maven-3.3.jar
7f6a51e01000-7f6a51e04000 r--s 0000b000 08:01 34341928                   /root/.gradle/wrapper/dists/gradle-3.3-all/55gk2rcmfc6p2dg9u9ohc3hw9/gradle-3.3/lib/plugins/gradle-language-scala-3.3.jar
7f6a51e04000-7f6a51e0a000 r--s 0001a000 08:01 34341932                   /root/.gradle/wrapper/dists/gradle-3.3-all/55gk2rcmfc6p2dg9u9ohc3hw9/gradle-3.3/lib/plugins/gradle-language-native-3.3.jar
7f6a51e0a000-7f6a51e0d000 r--s 00005000 08:01 34341925                   /root/.gradle/wrapper/dists/gradle-3.3-all/55gk2rcmfc6p2dg9u9ohc3hw9/gradle-3.3/lib/plugins/gradle-language-jvm-3.3.jar
7f6a51e0d000-7f6a51e13000 r--s 00027000 08:01 34341926                   /root/.gradle/wrapper/dists/gradle-3.3-all/55gk2rcmfc6p2dg9u9ohc3hw9/gradle-3.3/lib/plugins/gradle-language-java-3.3.jar
7f6a51e13000-7f6a51e15000 r--s 0000a000 08:01 34341927                   /root/.gradle/wrapper/dists/gradle-3.3-all/55gk2rcmfc6p2dg9u9ohc3hw9/gradle-3.3/lib/plugins/gradle-language-groovy-3.3.jar
7f6a51e15000-7f6a51e18000 r--s 0001e000 08:01 34341983                   /root/.gradle/wrapper/dists/gradle-3.3-all/55gk2rcmfc6p2dg9u9ohc3hw9/gradle-3.3/lib/plugins/jsp-api-2.1-6.1.14.jar
7f6a51e18000-7f6a51e3b000 r--s 00344000 08:01 34341982                   /root/.gradle/wrapper/dists/gradle-3.3-all/55gk2rcmfc6p2dg9u9ohc3hw9/gradle-3.3/lib/plugins/core-3.1.1.jar
7f6a51e3b000-7f6a51e3c000 r--s 00006000 08:01 34341981                   /root/.gradle/wrapper/dists/gradle-3.3-all/55gk2rcmfc6p2dg9u9ohc3hw9/gradle-3.3/lib/plugins/jetty-naming-6.1.26.jar
7f6a51e3c000-7f6a51e3d000 r--s 00002000 08:01 34341955                   /root/.gradle/wrapper/dists/gradle-3.3-all/55gk2rcmfc6p2dg9u9ohc3hw9/gradle-3.3/lib/plugins/geronimo-annotation_1.0_spec-1.0.jar
7f6a51e3d000-7f6a51e3f000 r--s 00002000 08:01 34341954                   /root/.gradle/wrapper/dists/gradle-3.3-all/55gk2rcmfc6p2dg9u9ohc3hw9/gradle-3.3/lib/plugins/jetty-annotations-6.1.26.jar
7f6a51e3f000-7f6a51e50000 r--s 000ea000 08:01 34341953                   /root/.gradle/wrapper/dists/gradle-3.3-all/55gk2rcmfc6p2dg9u9ohc3hw9/gradle-3.3/lib/plugins/jsp-2.1-6.1.14.jar
7f6a51e50000-7f6a51e52000 r--s 0000d000 08:01 34341952                   /root/.gradle/wrapper/dists/gradle-3.3-all/55gk2rcmfc6p2dg9u9ohc3hw9/gradle-3.3/lib/plugins/jetty-plus-6.1.26.jar
7f6a51e52000-7f6a51e54000 r--s 0001f000 08:01 34341951                   /root/.gradle/wrapper/dists/gradle-3.3-all/55gk2rcmfc6p2dg9u9ohc3hw9/gradle-3.3/lib/plugins/servlet-api-2.5-20081211.jar
7f6a51e54000-7f6a51e58000 r--s 00028000 08:01 34341950                   /root/.gradle/wrapper/dists/gradle-3.3-all/55gk2rcmfc6p2dg9u9ohc3hw9/gradle-3.3/lib/plugins/jetty-util-6.1.26.jar
7f6a51e58000-7f6a51e5f000 r--s 0007d000 08:01 34341949                   /root/.gradle/wrapper/dists/gradle-3.3-all/55gk2rcmfc6p2dg9u9ohc3hw9/gradle-3.3/lib/plugins/jetty-6.1.26.jar
7f6a51e5f000-7f6a51e61000 r--s 0000a000 08:01 34341906                   /root/.gradle/wrapper/dists/gradle-3.3-all/55gk2rcmfc6p2dg9u9ohc3hw9/gradle-3.3/lib/plugins/gradle-jetty-3.3.jar
7f6a51e61000-7f6a51e68000 r--s 00035000 08:01 34341964                   /root/.gradle/wrapper/dists/gradle-3.3-all/55gk2rcmfc6p2dg9u9ohc3hw9/gradle-3.3/lib/plugins/simple-4.1.21.jar
7f6a51e68000-7f6a51e74000 r--s 00100000 08:01 34341962                   /root/.gradle/wrapper/dists/gradle-3.3-all/55gk2rcmfc6p2dg9u9ohc3hw9/gradle-3.3/lib/plugins/rhino-1.7R3.jar
7f6a51e74000-7f6a51e78000 r--s 00012000 08:01 34341915                   /root/.gradle/wrapper/dists/gradle-3.3-all/55gk2rcmfc6p2dg9u9ohc3hw9/gradle-3.3/lib/plugins/gradle-javascript-3.3.jar
7f6a51e78000-7f6a51e7a000 r--s 0000d000 08:01 34341921                   /root/.gradle/wrapper/dists/gradle-3.3-all/55gk2rcmfc6p2dg9u9ohc3hw9/gradle-3.3/lib/plugins/gradle-jacoco-3.3.jar
7f6a51e7a000-7f6a51e7d000 r--s 0000e000 08:01 34341920                   /root/.gradle/wrapper/dists/gradle-3.3-all/55gk2rcmfc6p2dg9u9ohc3hw9/gradle-3.3/lib/plugins/gradle-ivy-3.3.jar
7f6a51e7d000-7f6a51e7e000 r--s 00002000 08:01 34341931                   /root/.gradle/wrapper/dists/gradle-3.3-all/55gk2rcmfc6p2dg9u9ohc3hw9/gradle-3.3/lib/plugins/gradle-ide-play-3.3.jar
7f6a51e7e000-7f6a51e81000 r--s 00013000 08:01 34341933                   /root/.gradle/wrapper/dists/gradle-3.3-all/55gk2rcmfc6p2dg9u9ohc3hw9/gradle-3.3/lib/plugins/gradle-ide-native-3.3.jar
7f6a51e81000-7f6a51e8a000 r--s 00055000 08:01 34341910                   /root/.gradle/wrapper/dists/gradle-3.3-all/55gk2rcmfc6p2dg9u9ohc3hw9/gradle-3.3/lib/plugins/gradle-ide-3.3.jar
7f6a51e8a000-7f6a51e8c000 r--s 00007000 08:01 34341914                   /root/.gradle/wrapper/dists/gradle-3.3-all/55gk2rcmfc6p2dg9u9ohc3hw9/gradle-3.3/lib/plugins/gradle-ear-3.3.jar
7f6a51e8c000-7f6a51e92000 r--s 00039000 08:01 34341917                   /root/.gradle/wrapper/dists/gradle-3.3-all/55gk2rcmfc6p2dg9u9ohc3hw9/gradle-3.3/lib/plugins/gradle-diagnostics-3.3.jar
7f6a51e92000-7f6a51e93000 r--s 00009000 08:01 34341943                   /root/.gradle/wrapper/dists/gradle-3.3-all/55gk2rcmfc6p2dg9u9ohc3hw9/gradle-3.3/lib/plugins/gradle-composite-builds-3.3.jar
7f6a51e93000-7f6a51e97000 r--s 00023000 08:01 34341905                   /root/.gradle/wrapper/dists/gradle-3.3-all/55gk2rcmfc6p2dg9u9ohc3hw9/gradle-3.3/lib/plugins/gradle-code-quality-3.3.jar
7f6a51e97000-7f6a51e9b000 r--s 00022000 08:01 34341922                   /root/.gradle/wrapper/dists/gradle-3.3-all/55gk2rcmfc6p2dg9u9ohc3hw9/gradle-3.3/lib/plugins/gradle-build-init-3.3.jar
7f6a51e9b000-7f6a51ea1000 r--s 0008e000 08:01 34341916                   /root/.gradle/wrapper/dists/gradle-3.3-all/55gk2rcmfc6p2dg9u9ohc3hw9/gradle-3.3/lib/plugins/gradle-build-comparison-3.3.jar
7f6a51ea1000-7f6a51ea2000 r--s 00001000 08:01 34341944                   /root/.gradle/wrapper/dists/gradle-3.3-all/55gk2rcmfc6p2dg9u9ohc3hw9/gradle-3.3/lib/plugins/gradle-build-cache-http-3.3.jar
7f6a51ea2000-7f6a51ea4000 r--s 00008000 08:01 34341907                   /root/.gradle/wrapper/dists/gradle-3.3-all/55gk2rcmfc6p2dg9u9ohc3hw9/gradle-3.3/lib/plugins/gradle-antlr-3.3.jar
7f6a51ea4000-7f6a51ea6000 r--s 00004000 08:01 34341911                   /root/.gradle/wrapper/dists/gradle-3.3-all/55gk2rcmfc6p2dg9u9ohc3hw9/gradle-3.3/lib/plugins/gradle-announce-3.3.jar
7f6a51ea6000-7f6a51ebe000 r--s 00115000 08:01 34342013                   /root/.gradle/wrapper/dists/gradle-3.3-all/55gk2rcmfc6p2dg9u9ohc3hw9/gradle-3.3/lib/plugins/xercesImpl-2.9.1.jar
7f6a51ebe000-7f6a51ec6000 r--s 00028000 08:01 34342014                   /root/.gradle/wrapper/dists/gradle-3.3-all/55gk2rcmfc6p2dg9u9ohc3hw9/gradle-3.3/lib/plugins/xml-apis-1.3.04.jar
7f6a51ec6000-7f6a51ecc000 r--s 0005b000 08:01 34342012                   /root/.gradle/wrapper/dists/gradle-3.3-all/55gk2rcmfc6p2dg9u9ohc3hw9/gradle-3.3/lib/plugins/jcifs-1.3.17.jar
7f6a51ecc000-7f6a51ed2000 r--s 00033000 08:01 34341960                   /root/.gradle/wrapper/dists/gradle-3.3-all/55gk2rcmfc6p2dg9u9ohc3hw9/gradle-3.3/lib/plugins/commons-codec-1.6.jar
7f6a51ed2000-7f6a51ed9000 r--s 00049000 08:01 34342011                   /root/.gradle/wrapper/dists/gradle-3.3-all/55gk2rcmfc6p2dg9u9ohc3hw9/gradle-3.3/lib/plugins/httpcore-4.4.4.jar
7f6a51ed9000-7f6a51edc000 r--s 0001c000 08:01 34341969                   /root/.gradle/wrapper/dists/gradle-3.3-all/55gk2rcmfc6p2dg9u9ohc3hw9/gradle-3.3/lib/plugins/nekohtml-1.9.14.jar
7f6a51edc000-7f6a51ee9000 r--s 000a4000 08:01 34341968                   /root/.gradle/wrapper/dists/gradle-3.3-all/55gk2rcmfc6p2dg9u9ohc3hw9/gradle-3.3/lib/plugins/httpclient-4.4.1.jar
7f6a51ee9000-7f6a51eec000 r--s 0000a000 08:01 34341939                   /root/.gradle/wrapper/dists/gradle-3.3-all/55gk2rcmfc6p2dg9u9ohc3hw9/gradle-3.3/lib/plugins/gradle-resources-http-3.3.jar
7f6a51eec000-7f6a51ef0000 r--s 00015000 08:01 34341938                   /root/.gradle/wrapper/dists/gradle-3.3-all/55gk2rcmfc6p2dg9u9ohc3hw9/gradle-3.3/lib/plugins/gradle-plugin-use-3.3.jar
7f6a51ef0000-7f6a51ef1000 r--s 00000000 08:01 34341850                   /root/.gradle/wrapper/dists/gradle-3.3-all/55gk2rcmfc6p2dg9u9ohc3hw9/gradle-3.3/lib/gradle-installation-beacon-3.3.jar
7f6a51ef1000-7f6a51ef3000 r--s 00006000 08:01 34342007                   /root/.gradle/wrapper/dists/gradle-3.3-all/55gk2rcmfc6p2dg9u9ohc3hw9/gradle-3.3/lib/plugins/aether-connector-wagon-1.13.1.jar
7f6a51ef3000-7f6a51ef7000 r--s 0001c000 08:01 34342006                   /root/.gradle/wrapper/dists/gradle-3.3-all/55gk2rcmfc6p2dg9u9ohc3hw9/gradle-3.3/lib/plugins/aether-util-1.13.1.jar
7f6a51ef7000-7f6a51ef8000 r--s 00003000 08:01 34342005                   /root/.gradle/wrapper/dists/gradle-3.3-all/55gk2rcmfc6p2dg9u9ohc3hw9/gradle-3.3/lib/plugins/aether-spi-1.13.1.jar
7f6a51ef8000-7f6a51efb000 r--s 0001d000 08:01 34342004                   /root/.gradle/wrapper/dists/gradle-3.3-all/55gk2rcmfc6p2dg9u9ohc3hw9/gradle-3.3/lib/plugins/aether-impl-1.13.1.jar
7f6a51efb000-7f6a51efe000 r--s 00013000 08:01 34342003                   /root/.gradle/wrapper/dists/gradle-3.3-all/55gk2rcmfc6p2dg9u9ohc3hw9/gradle-3.3/lib/plugins/aether-api-1.13.1.jar
7f6a51efe000-7f6a51eff000 r--s 00007000 08:01 34342002                   /root/.gradle/wrapper/dists/gradle-3.3-all/55gk2rcmfc6p2dg9u9ohc3hw9/gradle-3.3/lib/plugins/wagon-http-shared4-2.4.jar
7f6a51eff000-7f6a51f01000 r--s 0000b000 08:01 34342001                   /root/.gradle/wrapper/dists/gradle-3.3-all/55gk2rcmfc6p2dg9u9ohc3hw9/gradle-3.3/lib/plugins/wagon-provider-api-2.4.jar
7f6a51f01000-7f6a51f02000 r--s 00002000 08:01 34342000                   /root/.gradle/wrapper/dists/gradle-3.3-all/55gk2rcmfc6p2dg9u9ohc3hw9/gradle-3.3/lib/plugins/wagon-http-2.4.jar
7f6a51f02000-7f6a51f03000 r--s 00002000 08:01 34341999                   /root/.gradle/wrapper/dists/gradle-3.3-all/55gk2rcmfc6p2dg9u9ohc3hw9/gradle-3.3/lib/plugins/wagon-file-2.4.jar
7f6a51f03000-7f6a51f05000 r--s 0000c000 08:01 34341998                   /root/.gradle/wrapper/dists/gradle-3.3-all/55gk2rcmfc6p2dg9u9ohc3hw9/gradle-3.3/lib/plugins/maven-aether-provider-3.0.4.jar
7f6a51f05000-7f6a51f07000 r--s 0000b000 08:01 34341997                   /root/.gradle/wrapper/dists/gradle-3.3-all/55gk2rcmfc6p2dg9u9ohc3hw9/gradle-3.3/lib/plugins/maven-plugin-api-3.0.4.jar
7f6a51f07000-7f6a51f09000 r--s 00006000 08:01 34341996                   /root/.gradle/wrapper/dists/gradle-3.3-all/55gk2rcmfc6p2dg9u9ohc3hw9/gradle-3.3/lib/plugins/maven-repository-metadata-3.0.4.jar
7f6a51f09000-7f6a51f0b000 r--s 0000b000 08:01 34341995                   /root/.gradle/wrapper/dists/gradle-3.3-all/55gk2rcmfc6p2dg9u9ohc3hw9/gradle-3.3/lib/plugins/maven-artifact-3.0.4.jar
7f6a51f0b000-7f6a51f0d000 r--s 00026000 08:01 34341994                   /root/.gradle/wrapper/dists/gradle-3.3-all/55gk2rcmfc6p2dg9u9ohc3hw9/gradle-3.3/lib/plugins/maven-model-3.0.4.jar
7f6a51f0d000-7f6a51f11000 r--s 00021000 08:01 34341993                   /root/.gradle/wrapper/dists/gradle-3.3-all/55gk2rcmfc6p2dg9u9ohc3hw9/gradle-3.3/lib/plugins/maven-model-builder-3.0.4.jar
7f6a51f11000-7f6a51f17000 r--s 0003f000 08:01 34341992                   /root/.gradle/wrapper/dists/gradle-3.3-all/55gk2rcmfc6p2dg9u9ohc3hw9/gradle-3.3/lib/plugins/maven-compat-3.0.4.jar
7f6a51f17000-7f6a51f18000 r--s 00006000 08:01 34341991                   /root/.gradle/wrapper/dists/gradle-3.3-all/55gk2rcmfc6p2dg9u9ohc3hw9/gradle-3.3/lib/plugins/plexus-sec-dispatcher-1.3.jar
7f6a51f18000-7f6a51f1a000 r--s 00002000 08:01 34341990                   /root/.gradle/wrapper/dists/gradle-3.3-all/55gk2rcmfc6p2dg9u9ohc3hw9/gradle-3.3/lib/plugins/plexus-cipher-1.7.jar
7f6a51f1a000-7f6a51f1c000 r--s 0000a000 08:01 34341989                   /root/.gradle/wrapper/dists/gradle-3.3-all/55gk2rcmfc6p2dg9u9ohc3hw9/gradle-3.3/lib/plugins/plexus-classworlds-2.4.jar
7f6a51f1c000-7f6a51f23000 r--s 0002e000 08:01 34341988                   /root/.gradle/wrapper/dists/gradle-3.3-all/55gk2rcmfc6p2dg9u9ohc3hw9/gradle-3.3/lib/plugins/plexus-container-default-1.5.5.jar
7f6a51f23000-7f6a51f25000 r--s 00000000 08:01 34342015                   /root/.gradle/wrapper/dists/gradle-3.3-all/55gk2rcmfc6p2dg9u9ohc3hw9/gradle-3.3/lib/plugins/plexus-component-annotations-1.5.5.jar
7f6a51f25000-7f6a51f27000 r--s 0000d000 08:01 34341987                   /root/.gradle/wrapper/dists/gradle-3.3-all/55gk2rcmfc6p2dg9u9ohc3hw9/gradle-3.3/lib/plugins/plexus-interpolation-1.14.jar
7f6a51f27000-7f6a51f2b000 r--s 00033000 08:01 34341986                   /root/.gradle/wrapper/dists/gradle-3.3-all/55gk2rcmfc6p2dg9u9ohc3hw9/gradle-3.3/lib/plugins/plexus-utils-2.0.6.jar
7f6a51f2b000-7f6a51f2e000 r--s 00008000 08:01 34341985                   /root/.gradle/wrapper/dists/gradle-3.3-all/55gk2rcmfc6p2dg9u9ohc3hw9/gradle-3.3/lib/plugins/maven-settings-builder-3.0.4.jar
7f6a51f2e000-7f6a51f33000 r--s 00040000 08:01 34341970                   /root/.gradle/wrapper/dists/gradle-3.3-all/55gk2rcmfc6p2dg9u9ohc3hw9/gradle-3.3/lib/plugins/jsch-0.1.53.jar
7f6a51f33000-7f6a51f73000 r--s 00277000 08:01 34341980                   /root/.gradle/wrapper/dists/gradle-3.3-all/55gk2rcmfc6p2dg9u9ohc3hw9/gradle-3.3/lib/plugins/bcprov-jdk15on-1.51.jar
7f6a51f73000-7f6a51f7f000 r--s 0007d000 08:01 34341957                   /root/.gradle/wrapper/dists/gradle-3.3-all/55gk2rcmfc6p2dg9u9ohc3hw9/gradle-3.3/lib/plugins/maven-core-3.0.4.jar
7f6a51f7f000-7f6a51f9e000 r--s 000f6000 08:01 34341946                   /root/.gradle/wrapper/dists/gradle-3.3-all/55gk2rcmfc6p2dg9u9ohc3hw9/gradle-3.3/lib/plugins/gradle-dependency-management-3.3.jar
7f6a51f9e000-7f6a51fb4000 r-xp 00000000 08:01 4985220                    /lib/x86_64-linux-gnu/libgcc_s.so.1
7f6a51fb4000-7f6a521b3000 ---p 00016000 08:01 4985220                    /lib/x86_64-linux-gnu/libgcc_s.so.1
7f6a521b3000-7f6a521b4000 rw-p 00015000 08:01 4985220                    /lib/x86_64-linux-gnu/libgcc_s.so.1
7f6a521b4000-7f6a52326000 r-xp 00000000 08:01 11012225                   /usr/lib/x86_64-linux-gnu/libstdc++.so.6.0.21
7f6a52326000-7f6a52526000 ---p 00172000 08:01 11012225                   /usr/lib/x86_64-linux-gnu/libstdc++.so.6.0.21
7f6a52526000-7f6a52530000 r--p 00172000 08:01 11012225                   /usr/lib/x86_64-linux-gnu/libstdc++.so.6.0.21
7f6a52530000-7f6a52532000 rw-p 0017c000 08:01 11012225                   /usr/lib/x86_64-linux-gnu/libstdc++.so.6.0.21
7f6a52532000-7f6a52536000 rw-p 00000000 00:00 0 
7f6a52536000-7f6a52538000 r--s 0000a000 08:01 34341984                   /root/.gradle/wrapper/dists/gradle-3.3-all/55gk2rcmfc6p2dg9u9ohc3hw9/gradle-3.3/lib/plugins/maven-settings-3.0.4.jar
7f6a52538000-7f6a5253c000 r--s 0001d000 08:01 34341979                   /root/.gradle/wrapper/dists/gradle-3.3-all/55gk2rcmfc6p2dg9u9ohc3hw9/gradle-3.3/lib/plugins/xbean-reflect-3.4.jar
7f6a5253c000-7f6a52541000 r--s 00034000 08:01 34341963                   /root/.gradle/wrapper/dists/gradle-3.3-all/55gk2rcmfc6p2dg9u9ohc3hw9/gradle-3.3/lib/plugins/gson-2.7.jar
7f6a52541000-7f6a52550000 r--s 000d9000 08:01 34341978                   /root/.gradle/wrapper/dists/gradle-3.3-all/55gk2rcmfc6p2dg9u9ohc3hw9/gradle-3.3/lib/plugins/ivy-2.2.0.jar
7f6a52550000-7f6a52552000 r--s 00005000 08:01 34341945                   /root/.gradle/wrapper/dists/gradle-3.3-all/55gk2rcmfc6p2dg9u9ohc3hw9/gradle-3.3/lib/plugins/gradle-workers-3.3.jar
7f6a52552000-7f6a52557000 r-xp 00000000 08:01 34345271                   /root/.gradle/native/23/linux-amd64/libnative-platform.so
7f6a52557000-7f6a52756000 ---p 00005000 08:01 34345271                   /root/.gradle/native/23/linux-amd64/libnative-platform.so
7f6a52756000-7f6a52757000 rw-p 00004000 08:01 34345271                   /root/.gradle/native/23/linux-amd64/libnative-platform.so
7f6a52757000-7f6a52768000 r-xp 00000000 08:01 11144059                   /usr/local/java/jdk1.8.0_121/jre/lib/amd64/libnio.so
7f6a52768000-7f6a52967000 ---p 00011000 08:01 11144059                   /usr/local/java/jdk1.8.0_121/jre/lib/amd64/libnio.so
7f6a52967000-7f6a52968000 rw-p 00010000 08:01 11144059                   /usr/local/java/jdk1.8.0_121/jre/lib/amd64/libnio.so
7f6a52968000-7f6a5297e000 r-xp 00000000 08:01 11144034                   /usr/local/java/jdk1.8.0_121/jre/lib/amd64/libnet.so
7f6a5297e000-7f6a52b7e000 ---p 00016000 08:01 11144034                   /usr/local/java/jdk1.8.0_121/jre/lib/amd64/libnet.so
7f6a52b7e000-7f6a52b7f000 rw-p 00016000 08:01 11144034                   /usr/local/java/jdk1.8.0_121/jre/lib/amd64/libnet.so
7f6a52b7f000-7f6a52b80000 r--s 00006000 08:01 34341849                   /root/.gradle/wrapper/dists/gradle-3.3-all/55gk2rcmfc6p2dg9u9ohc3hw9/gradle-3.3/lib/gradle-wrapper-3.3.jar
7f6a52b80000-7f6a52b8d000 r--s 00041000 08:01 34341856                   /root/.gradle/wrapper/dists/gradle-3.3-all/55gk2rcmfc6p2dg9u9ohc3hw9/gradle-3.3/lib/gradle-tooling-api-3.3.jar
7f6a52b8d000-7f6a52b8f000 r--s 00002000 08:01 34341876                   /root/.gradle/wrapper/dists/gradle-3.3-all/55gk2rcmfc6p2dg9u9ohc3hw9/gradle-3.3/lib/gradle-open-api-3.3.jar
7f6a52b8f000-7f6a52b95000 r--s 00032000 08:01 34341878                   /root/.gradle/wrapper/dists/gradle-3.3-all/55gk2rcmfc6p2dg9u9ohc3hw9/gradle-3.3/lib/jaxen-1.1.jar
7f6a52b95000-7f6a52b9a000 r--s 00048000 08:01 34341877                   /root/.gradle/wrapper/dists/gradle-3.3-all/55gk2rcmfc6p2dg9u9ohc3hw9/gradle-3.3/lib/dom4j-1.6.1.jar
7f6a52b9a000-7f6a52ba5000 r--s 00059000 08:01 34341855                   /root/.gradle/wrapper/dists/gradle-3.3-all/55gk2rcmfc6p2dg9u9ohc3hw9/gradle-3.3/lib/gradle-ui-3.3.jar
7f6a52ba5000-7f6a52bae000 r--s 0008c000 08:01 34341847                   /root/.gradle/wrapper/dists/gradle-3.3-all/55gk2rcmfc6p2dg9u9ohc3hw9/gradle-3.3/lib/kotlin-stdlib-1.1-M02.jar
7f6a52bae000-7f6a52bb4000 r--s 0002a000 08:01 34341846                   /root/.gradle/wrapper/dists/gradle-3.3-all/55gk2rcmfc6p2dg9u9ohc3hw9/gradle-3.3/lib/kotlin-runtime-1.1-M02.jar
7f6a52bb4000-7f6a52be8000 r--s 00256000 08:01 34341845                   /root/.gradle/wrapper/dists/gradle-3.3-all/55gk2rcmfc6p2dg9u9ohc3hw9/gradle-3.3/lib/kotlin-reflect-1.1-M02.jar
7f6a52be8000-7f6a52d7e000 r--s 0157e000 08:01 34341844                   /root/.gradle/wrapper/dists/gradle-3.3-all/55gk2rcmfc6p2dg9u9ohc3hw9/gradle-3.3/lib/kotlin-compiler-embeddable-1.1-M02.jar
7f6a52d7e000-7f6a52d86000 r--s 0004e000 08:01 34341843                   /root/.gradle/wrapper/dists/gradle-3.3-all/55gk2rcmfc6p2dg9u9ohc3hw9/gradle-3.3/lib/gradle-script-kotlin-0.5.1.jar
7f6a52d86000-7f6a52d89000 r--s 0000b000 08:01 34341874                   /root/.gradle/wrapper/dists/gradle-3.3-all/55gk2rcmfc6p2dg9u9ohc3hw9/gradle-3.3/lib/gradle-resources-3.3.jar
7f6a52d89000-7f6a52d8b000 r--s 00003000 08:01 34341883                   /root/.gradle/wrapper/dists/gradle-3.3-all/55gk2rcmfc6p2dg9u9ohc3hw9/gradle-3.3/lib/jcl-over-slf4j-1.7.10.jar
7f6a52d8b000-7f6a52d8c000 r--s 00005000 08:01 34341882                   /root/.gradle/wrapper/dists/gradle-3.3-all/55gk2rcmfc6p2dg9u9ohc3hw9/gradle-3.3/lib/log4j-over-slf4j-1.7.10.jar
7f6a52d8c000-7f6a52d8e000 r--s 00000000 08:01 34341881                   /root/.gradle/wrapper/dists/gradle-3.3-all/55gk2rcmfc6p2dg9u9ohc3hw9/gradle-3.3/lib/jul-to-slf4j-1.7.10.jar
7f6a52d8e000-7f6a52d93000 r--s 0001e000 08:01 34341858                   /root/.gradle/wrapper/dists/gradle-3.3-all/55gk2rcmfc6p2dg9u9ohc3hw9/gradle-3.3/lib/gradle-logging-3.3.jar
7f6a52d93000-7f6a52d95000 r--s 00007000 08:01 34341902                   /root/.gradle/wrapper/dists/gradle-3.3-all/55gk2rcmfc6p2dg9u9ohc3hw9/gradle-3.3/lib/objenesis-1.2.jar
7f6a52d95000-7f6a52d97000 r--s 00000000 08:01 34341901                   /root/.gradle/wrapper/dists/gradle-3.3-all/55gk2rcmfc6p2dg9u9ohc3hw9/gradle-3.3/lib/minlog-1.2.jar
7f6a52d97000-7f6a52d99000 r--s 0000f000 08:01 34341900                   /root/.gradle/wrapper/dists/gradle-3.3-all/55gk2rcmfc6p2dg9u9ohc3hw9/gradle-3.3/lib/reflectasm-1.07-shaded.jar
7f6a52d99000-7f6a52d9d000 r--s 00026000 08:01 34341885                   /root/.gradle/wrapper/dists/gradle-3.3-all/55gk2rcmfc6p2dg9u9ohc3hw9/gradle-3.3/lib/kryo-2.20.jar
7f6a52d9d000-7f6a52da3000 r--s 00027000 08:01 34341873                   /root/.gradle/wrapper/dists/gradle-3.3-all/55gk2rcmfc6p2dg9u9ohc3hw9/gradle-3.3/lib/gradle-messaging-3.3.jar
7f6a52da3000-7f6a52da4000 r--s 00001000 08:01 34341899                   /root/.gradle/wrapper/dists/gradle-3.3-all/55gk2rcmfc6p2dg9u9ohc3hw9/gradle-3.3/lib/native-platform-linux-i386-ncurses6-0.12.jar
7f6a52da4000-7f6a52da5000 r--s 00001000 08:01 34341898                   /root/.gradle/wrapper/dists/gradle-3.3-all/55gk2rcmfc6p2dg9u9ohc3hw9/gradle-3.3/lib/native-platform-linux-i386-ncurses5-0.12.jar
7f6a52da5000-7f6a52da6000 r--s 00001000 08:01 34341897                   /root/.gradle/wrapper/dists/gradle-3.3-all/55gk2rcmfc6p2dg9u9ohc3hw9/gradle-3.3/lib/native-platform-linux-amd64-ncurses6-0.12.jar
7f6a52da6000-7f6a52da7000 r--s 00001000 08:01 34341896                   /root/.gradle/wrapper/dists/gradle-3.3-all/55gk2rcmfc6p2dg9u9ohc3hw9/gradle-3.3/lib/native-platform-linux-amd64-ncurses5-0.12.jar
7f6a52da7000-7f6a52da8000 r--s 0000b000 08:01 34341895                   /root/.gradle/wrapper/dists/gradle-3.3-all/55gk2rcmfc6p2dg9u9ohc3hw9/gradle-3.3/lib/native-platform-windows-i386-0.12.jar
7f6a52da8000-7f6a52e18000 r--s 00641000 08:01 34341863                   /root/.gradle/wrapper/dists/gradle-3.3-all/55gk2rcmfc6p2dg9u9ohc3hw9/gradle-3.3/lib/groovy-all-2.4.7.jar
7f6a52e18000-7f6a52e19000 ---p 00000000 00:00 0 
7f6a52e19000-7f6a52f19000 rw-p 00000000 00:00 0 
7f6a52f19000-7f6a52f1c000 ---p 00000000 00:00 0 
7f6a52f1c000-7f6a5301a000 rw-p 00000000 00:00 0 
7f6a5301a000-7f6a5301d000 ---p 00000000 00:00 0 
7f6a5301d000-7f6a5311b000 rw-p 00000000 00:00 0 
7f6a5311b000-7f6a5311e000 ---p 00000000 00:00 0 
7f6a5311e000-7f6a5321c000 rw-p 00000000 00:00 0 
7f6a5321c000-7f6a5321f000 ---p 00000000 00:00 0 
7f6a5321f000-7f6a5331d000 rw-p 00000000 00:00 0 
7f6a5331d000-7f6a53320000 ---p 00000000 00:00 0 
7f6a53320000-7f6a5341e000 rw-p 00000000 00:00 0 
7f6a5341e000-7f6a536f7000 r--p 00000000 08:01 11010498                   /usr/lib/locale/locale-archive
7f6a536f7000-7f6a536fa000 ---p 00000000 00:00 0 
7f6a536fa000-7f6a537f8000 rw-p 00000000 00:00 0 
7f6a537f8000-7f6a537fb000 ---p 00000000 00:00 0 
7f6a537fb000-7f6a538f9000 rw-p 00000000 00:00 0 
7f6a538f9000-7f6a538fa000 ---p 00000000 00:00 0 
7f6a538fa000-7f6a54000000 rw-p 00000000 00:00 0 
7f6a54000000-7f6a54031000 rw-p 00000000 00:00 0 
7f6a54031000-7f6a58000000 ---p 00000000 00:00 0 
7f6a58000000-7f6a58002000 r--s 0000b000 08:01 34341894                   /root/.gradle/wrapper/dists/gradle-3.3-all/55gk2rcmfc6p2dg9u9ohc3hw9/gradle-3.3/lib/native-platform-windows-amd64-0.12.jar
7f6a58002000-7f6a58004000 r--s 00002000 08:01 34341893                   /root/.gradle/wrapper/dists/gradle-3.3-all/55gk2rcmfc6p2dg9u9ohc3hw9/gradle-3.3/lib/native-platform-osx-i386-0.12.jar
7f6a58004000-7f6a58005000 r--s 00002000 08:01 34341892                   /root/.gradle/wrapper/dists/gradle-3.3-all/55gk2rcmfc6p2dg9u9ohc3hw9/gradle-3.3/lib/native-platform-osx-amd64-0.12.jar
7f6a58005000-7f6a58006000 r--s 00002000 08:01 34341891                   /root/.gradle/wrapper/dists/gradle-3.3-all/55gk2rcmfc6p2dg9u9ohc3hw9/gradle-3.3/lib/native-platform-linux-i386-0.12.jar
7f6a58006000-7f6a58007000 r--s 00002000 08:01 34341890                   /root/.gradle/wrapper/dists/gradle-3.3-all/55gk2rcmfc6p2dg9u9ohc3hw9/gradle-3.3/lib/native-platform-linux-amd64-0.12.jar
7f6a58007000-7f6a58008000 r--s 00003000 08:01 34341889                   /root/.gradle/wrapper/dists/gradle-3.3-all/55gk2rcmfc6p2dg9u9ohc3hw9/gradle-3.3/lib/native-platform-freebsd-i386-libstdcpp-0.12.jar
7f6a58008000-7f6a58009000 r--s 00004000 08:01 34341888                   /root/.gradle/wrapper/dists/gradle-3.3-all/55gk2rcmfc6p2dg9u9ohc3hw9/gradle-3.3/lib/native-platform-freebsd-i386-libcpp-0.12.jar
7f6a58009000-7f6a5800b000 r--s 00003000 08:01 34341887                   /root/.gradle/wrapper/dists/gradle-3.3-all/55gk2rcmfc6p2dg9u9ohc3hw9/gradle-3.3/lib/native-platform-freebsd-amd64-libstdcpp-0.12.jar
7f6a5800b000-7f6a5800e000 r--s 00023000 08:01 34341880                   /root/.gradle/wrapper/dists/gradle-3.3-all/55gk2rcmfc6p2dg9u9ohc3hw9/gradle-3.3/lib/jansi-1.14.jar
7f6a5800e000-7f6a58012000 r--s 00011000 08:01 34341879                   /root/.gradle/wrapper/dists/gradle-3.3-all/55gk2rcmfc6p2dg9u9ohc3hw9/gradle-3.3/lib/native-platform-0.12.jar
7f6a58012000-7f6a58015000 r--s 0000a000 08:01 34341857                   /root/.gradle/wrapper/dists/gradle-3.3-all/55gk2rcmfc6p2dg9u9ohc3hw9/gradle-3.3/lib/gradle-native-3.3.jar
7f6a58015000-7f6a58024000 r--s 0007f000 08:01 34341864                   /root/.gradle/wrapper/dists/gradle-3.3-all/55gk2rcmfc6p2dg9u9ohc3hw9/gradle-3.3/lib/gradle-model-core-3.3.jar
7f6a58024000-7f6a58031000 r--s 00083000 08:01 34341868                   /root/.gradle/wrapper/dists/gradle-3.3-all/55gk2rcmfc6p2dg9u9ohc3hw9/gradle-3.3/lib/commons-collections-3.2.2.jar
7f6a58031000-7f6a58059000 r--s 001cf000 08:01 34341860                   /root/.gradle/wrapper/dists/gradle-3.3-all/55gk2rcmfc6p2dg9u9ohc3hw9/gradle-3.3/lib/guava-jdk5-17.0.jar
7f6a58059000-7f6a58096000 r--s 001f8000 08:01 34341853                   /root/.gradle/wrapper/dists/gradle-3.3-all/55gk2rcmfc6p2dg9u9ohc3hw9/gradle-3.3/lib/gradle-core-3.3.jar
7f6a58096000-7f6a5c000000 rw-p 00000000 00:00 0 
7f6a5c000000-7f6a5c021000 rw-p 00000000 00:00 0 
7f6a5c021000-7f6a60000000 ---p 00000000 00:00 0 
7f6a60000000-7f6a60001000 r--s 00004000 08:01 34341886                   /root/.gradle/wrapper/dists/gradle-3.3-all/55gk2rcmfc6p2dg9u9ohc3hw9/gradle-3.3/lib/native-platform-freebsd-amd64-libcpp-0.12.jar
7f6a60001000-7f6a60020000 r--s 001d1000 08:01 34341867                   /root/.gradle/wrapper/dists/gradle-3.3-all/55gk2rcmfc6p2dg9u9ohc3hw9/gradle-3.3/lib/ant-1.9.6.jar
7f6a60020000-7f6a60222000 rw-p 00000000 00:00 0 
7f6a60222000-7f6a603fb000 r--s 03d3e000 08:01 11144026                   /usr/local/java/jdk1.8.0_121/jre/lib/rt.jar
7f6a603fb000-7f6a606fb000 rw-p 00000000 00:00 0 
7f6a606fb000-7f6a606fc000 ---p 00000000 00:00 0 
7f6a606fc000-7f6a607fc000 rw-p 00000000 00:00 0 
7f6a607fc000-7f6a607fd000 ---p 00000000 00:00 0 
7f6a607fd000-7f6a608fd000 rw-p 00000000 00:00 0 
7f6a608fd000-7f6a608fe000 ---p 00000000 00:00 0 
7f6a608fe000-7f6a609fe000 rw-p 00000000 00:00 0 
7f6a609fe000-7f6a609ff000 ---p 00000000 00:00 0 
7f6a609ff000-7f6a60b21000 rw-p 00000000 00:00 0 
7f6a60b21000-7f6a60cff000 ---p 00000000 00:00 0 
7f6a60cff000-7f6a60d21000 rw-p 00000000 00:00 0 
7f6a60d21000-7f6a60eff000 ---p 00000000 00:00 0 
7f6a60eff000-7f6a60f32000 rw-p 00000000 00:00 0 
7f6a60f32000-7f6a60fff000 ---p 00000000 00:00 0 
7f6a60fff000-7f6a61000000 rw-p 00000000 00:00 0 
7f6a61000000-7f6a619d0000 rwxp 00000000 00:00 0 
7f6a619d0000-7f6a70000000 ---p 00000000 00:00 0 
7f6a70000000-7f6a70d39000 rw-p 00000000 00:00 0 
7f6a70d39000-7f6a74000000 ---p 00000000 00:00 0 
7f6a74000000-7f6a74002000 r--s 00005000 08:01 34341854                   /root/.gradle/wrapper/dists/gradle-3.3-all/55gk2rcmfc6p2dg9u9ohc3hw9/gradle-3.3/lib/gradle-cli-3.3.jar
7f6a74002000-7f6a74004000 r--s 00007000 08:01 34341865                   /root/.gradle/wrapper/dists/gradle-3.3-all/55gk2rcmfc6p2dg9u9ohc3hw9/gradle-3.3/lib/gradle-model-groovy-3.3.jar
7f6a74004000-7f6a74006000 r--s 00006000 08:01 34341872                   /root/.gradle/wrapper/dists/gradle-3.3-all/55gk2rcmfc6p2dg9u9ohc3hw9/gradle-3.3/lib/gradle-base-services-groovy-3.3.jar
7f6a74006000-7f6a74007000 r--s 00002000 08:01 34341875                   /root/.gradle/wrapper/dists/gradle-3.3-all/55gk2rcmfc6p2dg9u9ohc3hw9/gradle-3.3/lib/gradle-docs-3.3.jar
7f6a74007000-7f6a74115000 rw-p 00000000 00:00 0 
7f6a74115000-7f6a744ad000 ---p 00000000 00:00 0 
7f6a744ad000-7f6a744c7000 r-xp 00000000 08:01 11144057                   /usr/local/java/jdk1.8.0_121/jre/lib/amd64/libzip.so
7f6a744c7000-7f6a746c7000 ---p 0001a000 08:01 11144057                   /usr/local/java/jdk1.8.0_121/jre/lib/amd64/libzip.so
7f6a746c7000-7f6a746c8000 rw-p 0001a000 08:01 11144057                   /usr/local/java/jdk1.8.0_121/jre/lib/amd64/libzip.so
7f6a746c8000-7f6a746d3000 r-xp 00000000 08:01 4981284                    /lib/x86_64-linux-gnu/libnss_files-2.23.so
7f6a746d3000-7f6a748d2000 ---p 0000b000 08:01 4981284                    /lib/x86_64-linux-gnu/libnss_files-2.23.so
7f6a748d2000-7f6a748d3000 r--p 0000a000 08:01 4981284                    /lib/x86_64-linux-gnu/libnss_files-2.23.so
7f6a748d3000-7f6a748d4000 rw-p 0000b000 08:01 4981284                    /lib/x86_64-linux-gnu/libnss_files-2.23.so
7f6a748d4000-7f6a748da000 rw-p 00000000 00:00 0 
7f6a748da000-7f6a748e5000 r-xp 00000000 08:01 4981297                    /lib/x86_64-linux-gnu/libnss_nis-2.23.so
7f6a748e5000-7f6a74ae4000 ---p 0000b000 08:01 4981297                    /lib/x86_64-linux-gnu/libnss_nis-2.23.so
7f6a74ae4000-7f6a74ae5000 r--p 0000a000 08:01 4981297                    /lib/x86_64-linux-gnu/libnss_nis-2.23.so
7f6a74ae5000-7f6a74ae6000 rw-p 0000b000 08:01 4981297                    /lib/x86_64-linux-gnu/libnss_nis-2.23.so
7f6a74ae6000-7f6a74afc000 r-xp 00000000 08:01 4981104                    /lib/x86_64-linux-gnu/libnsl-2.23.so
7f6a74afc000-7f6a74cfb000 ---p 00016000 08:01 4981104                    /lib/x86_64-linux-gnu/libnsl-2.23.so
7f6a74cfb000-7f6a74cfc000 r--p 00015000 08:01 4981104                    /lib/x86_64-linux-gnu/libnsl-2.23.so
7f6a74cfc000-7f6a74cfd000 rw-p 00016000 08:01 4981104                    /lib/x86_64-linux-gnu/libnsl-2.23.so
7f6a74cfd000-7f6a74cff000 rw-p 00000000 00:00 0 
7f6a74cff000-7f6a74d07000 r-xp 00000000 08:01 4981312                    /lib/x86_64-linux-gnu/libnss_compat-2.23.so
7f6a74d07000-7f6a74f06000 ---p 00008000 08:01 4981312                    /lib/x86_64-linux-gnu/libnss_compat-2.23.so
7f6a74f06000-7f6a74f07000 r--p 00007000 08:01 4981312                    /lib/x86_64-linux-gnu/libnss_compat-2.23.so
7f6a74f07000-7f6a74f08000 rw-p 00008000 08:01 4981312                    /lib/x86_64-linux-gnu/libnss_compat-2.23.so
7f6a74f08000-7f6a74f33000 r-xp 00000000 08:01 11144613                   /usr/local/java/jdk1.8.0_121/jre/lib/amd64/libjava.so
7f6a74f33000-7f6a75132000 ---p 0002b000 08:01 11144613                   /usr/local/java/jdk1.8.0_121/jre/lib/amd64/libjava.so
7f6a75132000-7f6a75134000 rw-p 0002a000 08:01 11144613                   /usr/local/java/jdk1.8.0_121/jre/lib/amd64/libjava.so
7f6a75134000-7f6a75141000 r-xp 00000000 08:01 11144035                   /usr/local/java/jdk1.8.0_121/jre/lib/amd64/libverify.so
7f6a75141000-7f6a75340000 ---p 0000d000 08:01 11144035                   /usr/local/java/jdk1.8.0_121/jre/lib/amd64/libverify.so
7f6a75340000-7f6a75342000 rw-p 0000c000 08:01 11144035                   /usr/local/java/jdk1.8.0_121/jre/lib/amd64/libverify.so
7f6a75342000-7f6a75349000 r-xp 00000000 08:01 4981304                    /lib/x86_64-linux-gnu/librt-2.23.so
7f6a75349000-7f6a75548000 ---p 00007000 08:01 4981304                    /lib/x86_64-linux-gnu/librt-2.23.so
7f6a75548000-7f6a75549000 r--p 00006000 08:01 4981304                    /lib/x86_64-linux-gnu/librt-2.23.so
7f6a75549000-7f6a7554a000 rw-p 00007000 08:01 4981304                    /lib/x86_64-linux-gnu/librt-2.23.so
7f6a7554a000-7f6a75652000 r-xp 00000000 08:01 4981325                    /lib/x86_64-linux-gnu/libm-2.23.so
7f6a75652000-7f6a75851000 ---p 00108000 08:01 4981325                    /lib/x86_64-linux-gnu/libm-2.23.so
7f6a75851000-7f6a75852000 r--p 00107000 08:01 4981325                    /lib/x86_64-linux-gnu/libm-2.23.so
7f6a75852000-7f6a75853000 rw-p 00108000 08:01 4981325                    /lib/x86_64-linux-gnu/libm-2.23.so
7f6a75853000-7f6a76521000 r-xp 00000000 08:01 11144883                   /usr/local/java/jdk1.8.0_121/jre/lib/amd64/server/libjvm.so
7f6a76521000-7f6a76721000 ---p 00cce000 08:01 11144883                   /usr/local/java/jdk1.8.0_121/jre/lib/amd64/server/libjvm.so
7f6a76721000-7f6a767fa000 rw-p 00cce000 08:01 11144883                   /usr/local/java/jdk1.8.0_121/jre/lib/amd64/server/libjvm.so
7f6a767fa000-7f6a76845000 rw-p 00000000 00:00 0 
7f6a76845000-7f6a76a05000 r-xp 00000000 08:01 4981335                    /lib/x86_64-linux-gnu/libc-2.23.so
7f6a76a05000-7f6a76c05000 ---p 001c0000 08:01 4981335                    /lib/x86_64-linux-gnu/libc-2.23.so
7f6a76c05000-7f6a76c09000 r--p 001c0000 08:01 4981335                    /lib/x86_64-linux-gnu/libc-2.23.so
7f6a76c09000-7f6a76c0b000 rw-p 001c4000 08:01 4981335                    /lib/x86_64-linux-gnu/libc-2.23.so
7f6a76c0b000-7f6a76c0f000 rw-p 00000000 00:00 0 
7f6a76c0f000-7f6a76c12000 r-xp 00000000 08:01 4981310                    /lib/x86_64-linux-gnu/libdl-2.23.so
7f6a76c12000-7f6a76e11000 ---p 00003000 08:01 4981310                    /lib/x86_64-linux-gnu/libdl-2.23.so
7f6a76e11000-7f6a76e12000 r--p 00002000 08:01 4981310                    /lib/x86_64-linux-gnu/libdl-2.23.so
7f6a76e12000-7f6a76e13000 rw-p 00003000 08:01 4981310                    /lib/x86_64-linux-gnu/libdl-2.23.so
7f6a76e13000-7f6a76e28000 r-xp 00000000 08:01 11020813                   /usr/local/java/jdk1.8.0_121/lib/amd64/jli/libjli.so
7f6a76e28000-7f6a77028000 ---p 00015000 08:01 11020813                   /usr/local/java/jdk1.8.0_121/lib/amd64/jli/libjli.so
7f6a77028000-7f6a77029000 rw-p 00015000 08:01 11020813                   /usr/local/java/jdk1.8.0_121/lib/amd64/jli/libjli.so
7f6a77029000-7f6a77041000 r-xp 00000000 08:01 4981295                    /lib/x86_64-linux-gnu/libpthread-2.23.so
7f6a77041000-7f6a77240000 ---p 00018000 08:01 4981295                    /lib/x86_64-linux-gnu/libpthread-2.23.so
7f6a77240000-7f6a77241000 r--p 00017000 08:01 4981295                    /lib/x86_64-linux-gnu/libpthread-2.23.so
7f6a77241000-7f6a77242000 rw-p 00018000 08:01 4981295                    /lib/x86_64-linux-gnu/libpthread-2.23.so
7f6a77242000-7f6a77246000 rw-p 00000000 00:00 0 
7f6a77246000-7f6a7726c000 r-xp 00000000 08:01 4981106                    /lib/x86_64-linux-gnu/ld-2.23.so
7f6a7726c000-7f6a7726d000 r--s 00000000 08:01 34341871                   /root/.gradle/wrapper/dists/gradle-3.3-all/55gk2rcmfc6p2dg9u9ohc3hw9/gradle-3.3/lib/javax.inject-1.jar
7f6a7726d000-7f6a7726e000 r--s 00000000 08:01 34341870                   /root/.gradle/wrapper/dists/gradle-3.3-all/55gk2rcmfc6p2dg9u9ohc3hw9/gradle-3.3/lib/jcip-annotations-1.0.jar
7f6a7726e000-7f6a77272000 r--s 00027000 08:01 34341869                   /root/.gradle/wrapper/dists/gradle-3.3-all/55gk2rcmfc6p2dg9u9ohc3hw9/gradle-3.3/lib/commons-io-2.2.jar
7f6a77272000-7f6a77277000 r--s 00038000 08:01 34341866                   /root/.gradle/wrapper/dists/gradle-3.3-all/55gk2rcmfc6p2dg9u9ohc3hw9/gradle-3.3/lib/asm-all-5.1.jar
7f6a77277000-7f6a77278000 r--s 00001000 08:01 34341862                   /root/.gradle/wrapper/dists/gradle-3.3-all/55gk2rcmfc6p2dg9u9ohc3hw9/gradle-3.3/lib/gradle-process-services-3.3.jar
7f6a77278000-7f6a7727d000 r--s 00041000 08:01 34341861                   /root/.gradle/wrapper/dists/gradle-3.3-all/55gk2rcmfc6p2dg9u9ohc3hw9/gradle-3.3/lib/commons-lang-2.6.jar
7f6a7727d000-7f6a77286000 r--s 00042000 08:01 34341851                   /root/.gradle/wrapper/dists/gradle-3.3-all/55gk2rcmfc6p2dg9u9ohc3hw9/gradle-3.3/lib/gradle-base-services-3.3.jar
7f6a77286000-7f6a77348000 rw-p 00000000 00:00 0 
7f6a77348000-7f6a7734b000 ---p 00000000 00:00 0 
7f6a7734b000-7f6a7744d000 rw-p 00000000 00:00 0 
7f6a7744d000-7f6a7744f000 r--s 00000000 08:01 34341852                   /root/.gradle/wrapper/dists/gradle-3.3-all/55gk2rcmfc6p2dg9u9ohc3hw9/gradle-3.3/lib/gradle-jvm-services-3.3.jar
7f6a7744f000-7f6a77450000 r--s 00000000 08:01 34342017                   /root/.gradle/wrapper/dists/gradle-3.3-all/55gk2rcmfc6p2dg9u9ohc3hw9/gradle-3.3/lib/gradle-version-info-3.3.jar
7f6a77450000-7f6a77451000 r--s 00007000 08:01 34341859                   /root/.gradle/wrapper/dists/gradle-3.3-all/55gk2rcmfc6p2dg9u9ohc3hw9/gradle-3.3/lib/slf4j-api-1.7.10.jar
7f6a77451000-7f6a77452000 r--s 00004000 08:01 34341884                   /root/.gradle/wrapper/dists/gradle-3.3-all/55gk2rcmfc6p2dg9u9ohc3hw9/gradle-3.3/lib/ant-launcher-1.9.6.jar
7f6a77452000-7f6a7745f000 r--s 0005c000 08:01 34341848                   /root/.gradle/wrapper/dists/gradle-3.3-all/55gk2rcmfc6p2dg9u9ohc3hw9/gradle-3.3/lib/gradle-launcher-3.3.jar
7f6a7745f000-7f6a77467000 rw-s 00000000 08:01 786542                     /tmp/hsperfdata_root/3419
7f6a77467000-7f6a77468000 rw-p 00000000 00:00 0 
7f6a77468000-7f6a77469000 r--p 00000000 00:00 0 
7f6a77469000-7f6a7746b000 rw-p 00000000 00:00 0 
7f6a7746b000-7f6a7746c000 r--p 00025000 08:01 4981106                    /lib/x86_64-linux-gnu/ld-2.23.so
7f6a7746c000-7f6a7746d000 rw-p 00026000 08:01 4981106                    /lib/x86_64-linux-gnu/ld-2.23.so
7f6a7746d000-7f6a7746e000 rw-p 00000000 00:00 0 
7fff555c6000-7fff555e7000 rw-p 00000000 00:00 0                          [stack]
7fff555e7000-7fff555e9000 r--p 00000000 00:00 0                          [vvar]
7fff555e9000-7fff555eb000 r-xp 00000000 00:00 0                          [vdso]
ffffffffff600000-ffffffffff601000 r-xp 00000000 00:00 0                  [vsyscall]

VM Arguments:
jvm_args: -Xmx1536m -Dfile.encoding=UTF-8 -Duser.country=US -Duser.language=en -Duser.variant 
java_command: org.gradle.launcher.daemon.bootstrap.GradleDaemon 3.3
java_class_path (initial): /root/.gradle/wrapper/dists/gradle-3.3-all/55gk2rcmfc6p2dg9u9ohc3hw9/gradle-3.3/lib/gradle-launcher-3.3.jar
Launcher Type: SUN_STANDARD

Environment Variables:
JAVA_HOME=/usr/local/java/jdk1.8.0_121/
PATH=/usr/local/sbin:/usr/local/bin:/usr/sbin:/usr/bin:/sbin:/bin:/snap/bin
USERNAME=root
LD_LIBRARY_PATH=/opt/android-studio/bin:
SHELL=/bin/bash
DISPLAY=:0

Signal Handlers:
SIGSEGV: [libjvm.so+0xac78c0], sa_mask[0]=11111111011111111101111111111110, sa_flags=SA_RESTART|SA_SIGINFO
SIGBUS: [libjvm.so+0xac78c0], sa_mask[0]=11111111011111111101111111111110, sa_flags=SA_RESTART|SA_SIGINFO
SIGFPE: [libjvm.so+0x920ac0], sa_mask[0]=11111111011111111101111111111110, sa_flags=SA_RESTART|SA_SIGINFO
SIGPIPE: [libjvm.so+0x920ac0], sa_mask[0]=11111111011111111101111111111110, sa_flags=SA_RESTART|SA_SIGINFO
SIGXFSZ: [libjvm.so+0x920ac0], sa_mask[0]=11111111011111111101111111111110, sa_flags=SA_RESTART|SA_SIGINFO
SIGILL: [libjvm.so+0x920ac0], sa_mask[0]=11111111011111111101111111111110, sa_flags=SA_RESTART|SA_SIGINFO
SIGUSR1: SIG_DFL, sa_mask[0]=00000000000000000000000000000000, sa_flags=none
SIGUSR2: [libjvm.so+0x922300], sa_mask[0]=00100000000000000000000000000000, sa_flags=SA_RESTART|SA_SIGINFO
SIGHUP: [libjvm.so+0x923700], sa_mask[0]=11111111011111111101111111111110, sa_flags=SA_RESTART|SA_SIGINFO
SIGINT: [libjvm.so+0x923700], sa_mask[0]=11111111011111111101111111111110, sa_flags=SA_RESTART|SA_SIGINFO
SIGTERM: [libjvm.so+0x923700], sa_mask[0]=11111111011111111101111111111110, sa_flags=SA_RESTART|SA_SIGINFO
SIGQUIT: [libjvm.so+0x923700], sa_mask[0]=11111111011111111101111111111110, sa_flags=SA_RESTART|SA_SIGINFO


---------------  S Y S T E M  ---------------

OS:DISTRIB_ID=Ubuntu
DISTRIB_RELEASE=16.04
DISTRIB_CODENAME=xenial
DISTRIB_DESCRIPTION="Ubuntu 16.04.2 LTS"

uname:Linux 4.4.0-92-generic #115-Ubuntu SMP Thu Aug 10 09:04:33 UTC 2017 x86_64
libc:glibc 2.23 NPTL 2.23 
rlimit: STACK 8192k, CORE 0k, NPROC 31512, NOFILE 1048576, AS infinity
load average:2.17 2.23 1.22

/proc/meminfo:
MemTotal:        8107664 kB
MemFree:         4140756 kB
MemAvailable:    5444524 kB
Buffers:          170712 kB
Cached:          1497668 kB
SwapCached:            0 kB
Active:          2745184 kB
Inactive:         940004 kB
Active(anon):    2028912 kB
Inactive(anon):   188904 kB
Active(file):     716272 kB
Inactive(file):   751100 kB
Unevictable:          32 kB
Mlocked:              32 kB
SwapTotal:       8319996 kB
SwapFree:        8319996 kB
Dirty:              4372 kB
Writeback:             0 kB
AnonPages:       2017116 kB
Mapped:           395664 kB
Shmem:            201008 kB
Slab:             157088 kB
SReclaimable:     119800 kB
SUnreclaim:        37288 kB
KernelStack:        9584 kB
PageTables:        43032 kB
NFS_Unstable:          0 kB
Bounce:                0 kB
WritebackTmp:          0 kB
CommitLimit:    12373828 kB
Committed_AS:    6111908 kB
VmallocTotal:   34359738367 kB
VmallocUsed:           0 kB
VmallocChunk:          0 kB
HardwareCorrupted:     0 kB
AnonHugePages:    761856 kB
CmaTotal:              0 kB
CmaFree:               0 kB
HugePages_Total:       0
HugePages_Free:        0
HugePages_Rsvd:        0
HugePages_Surp:        0
Hugepagesize:       2048 kB
DirectMap4k:      129728 kB
DirectMap2M:     2949120 kB
DirectMap1G:     6291456 kB


CPU:total 4 (2 cores per cpu, 2 threads per core) family 6 model 69 stepping 1, cmov, cx8, fxsr, mmx, sse, sse2, sse3, ssse3, sse4.1, sse4.2, popcnt, avx, avx2, aes, clmul, erms, lzcnt, ht, tsc, tscinvbit, bmi1, bmi2

/proc/cpuinfo:
processor	: 0
vendor_id	: GenuineIntel
cpu family	: 6
model		: 69
model name	: Intel(R) Core(TM) i5-4200U CPU @ 1.60GHz
stepping	: 1
microcode	: 0x16
cpu MHz		: 2299.910
cache size	: 3072 KB
physical id	: 0
siblings	: 4
core id		: 0
cpu cores	: 2
apicid		: 0
initial apicid	: 0
fpu		: yes
fpu_exception	: yes
cpuid level	: 13
wp		: yes
flags		: fpu vme de pse tsc msr pae mce cx8 apic sep mtrr pge mca cmov pat pse36 clflush dts acpi mmx fxsr sse sse2 ss ht tm pbe syscall nx pdpe1gb rdtscp lm constant_tsc arch_perfmon pebs bts rep_good nopl xtopology nonstop_tsc aperfmperf eagerfpu pni pclmulqdq dtes64 monitor ds_cpl vmx est tm2 ssse3 sdbg fma cx16 xtpr pdcm pcid sse4_1 sse4_2 movbe popcnt tsc_deadline_timer aes xsave avx f16c rdrand lahf_lm abm epb tpr_shadow vnmi flexpriority ept vpid fsgsbase tsc_adjust bmi1 avx2 smep bmi2 erms invpcid xsaveopt dtherm ida arat pln pts
bugs		:
bogomips	: 4589.06
clflush size	: 64
cache_alignment	: 64
address sizes	: 39 bits physical, 48 bits virtual
power management:

processor	: 1
vendor_id	: GenuineIntel
cpu family	: 6
model		: 69
model name	: Intel(R) Core(TM) i5-4200U CPU @ 1.60GHz
stepping	: 1
microcode	: 0x16
cpu MHz		: 2299.910
cache size	: 3072 KB
physical id	: 0
siblings	: 4
core id		: 0
cpu cores	: 2
apicid		: 1
initial apicid	: 1
fpu		: yes
fpu_exception	: yes
cpuid level	: 13
wp		: yes
flags		: fpu vme de pse tsc msr pae mce cx8 apic sep mtrr pge mca cmov pat pse36 clflush dts acpi mmx fxsr sse sse2 ss ht tm pbe syscall nx pdpe1gb rdtscp lm constant_tsc arch_perfmon pebs bts rep_good nopl xtopology nonstop_tsc aperfmperf eagerfpu pni pclmulqdq dtes64 monitor ds_cpl vmx est tm2 ssse3 sdbg fma cx16 xtpr pdcm pcid sse4_1 sse4_2 movbe popcnt tsc_deadline_timer aes xsave avx f16c rdrand lahf_lm abm epb tpr_shadow vnmi flexpriority ept vpid fsgsbase tsc_adjust bmi1 avx2 smep bmi2 erms invpcid xsaveopt dtherm ida arat pln pts
bugs		:
bogomips	: 4589.06
clflush size	: 64
cache_alignment	: 64
address sizes	: 39 bits physical, 48 bits virtual
power management:

processor	: 2
vendor_id	: GenuineIntel
cpu family	: 6
model		: 69
model name	: Intel(R) Core(TM) i5-4200U CPU @ 1.60GHz
stepping	: 1
microcode	: 0x16
cpu MHz		: 2299.910
cache size	: 3072 KB
physical id	: 0
siblings	: 4
core id		: 1
cpu cores	: 2
apicid		: 2
initial apicid	: 2
fpu		: yes
fpu_exception	: yes
cpuid level	: 13
wp		: yes
flags		: fpu vme de pse tsc msr pae mce cx8 apic sep mtrr pge mca cmov pat pse36 clflush dts acpi mmx fxsr sse sse2 ss ht tm pbe syscall nx pdpe1gb rdtscp lm constant_tsc arch_perfmon pebs bts rep_good nopl xtopology nonstop_tsc aperfmperf eagerfpu pni pclmulqdq dtes64 monitor ds_cpl vmx est tm2 ssse3 sdbg fma cx16 xtpr pdcm pcid sse4_1 sse4_2 movbe popcnt tsc_deadline_timer aes xsave avx f16c rdrand lahf_lm abm epb tpr_shadow vnmi flexpriority ept vpid fsgsbase tsc_adjust bmi1 avx2 smep bmi2 erms invpcid xsaveopt dtherm ida arat pln pts
bugs		:
bogomips	: 4589.06
clflush size	: 64
cache_alignment	: 64
address sizes	: 39 bits physical, 48 bits virtual
power management:

processor	: 3
vendor_id	: GenuineIntel
cpu family	: 6
model		: 69
model name	: Intel(R) Core(TM) i5-4200U CPU @ 1.60GHz
stepping	: 1
microcode	: 0x16
cpu MHz		: 2300.000
cache size	: 3072 KB
physical id	: 0
siblings	: 4
core id		: 1
cpu cores	: 2
apicid		: 3
initial apicid	: 3
fpu		: yes
fpu_exception	: yes
cpuid level	: 13
wp		: yes
flags		: fpu vme de pse tsc msr pae mce cx8 apic sep mtrr pge mca cmov pat pse36 clflush dts acpi mmx fxsr sse sse2 ss ht tm pbe syscall nx pdpe1gb rdtscp lm constant_tsc arch_perfmon pebs bts rep_good nopl xtopology nonstop_tsc aperfmperf eagerfpu pni pclmulqdq dtes64 monitor ds_cpl vmx est tm2 ssse3 sdbg fma cx16 xtpr pdcm pcid sse4_1 sse4_2 movbe popcnt tsc_deadline_timer aes xsave avx f16c rdrand lahf_lm abm epb tpr_shadow vnmi flexpriority ept vpid fsgsbase tsc_adjust bmi1 avx2 smep bmi2 erms invpcid xsaveopt dtherm ida arat pln pts
bugs		:
bogomips	: 4589.06
clflush size	: 64
cache_alignment	: 64
address sizes	: 39 bits physical, 48 bits virtual
power management:



Memory: 4k page, physical 8107664k(4140756k free), swap 8319996k(8319996k free)

vm_info: Java HotSpot(TM) 64-Bit Server VM (25.121-b13) for linux-amd64 JRE (1.8.0_121-b13), built on Dec 12 2016 16:36:53 by "java_re" with gcc 4.3.0 20080428 (Red Hat 4.3.0-8)

time: Sat Aug 26 13:00:16 2017
elapsed time: 4 seconds (0d 0h 0m 4s)

