#
# A fatal error has been detected by the Java Runtime Environment:
#
#  SIGSEGV (0xb) at pc=0x00007f6ba88eb9ba, pid=3882, tid=0x00007f6b90c25700
#
# JRE version: Java(TM) SE Runtime Environment (8.0_121-b13) (build 1.8.0_121-b13)
# Java VM: Java HotSpot(TM) 64-Bit Server VM (25.121-b13 mixed mode linux-amd64 compressed oops)
# Problematic frame:
# V  [libjvm.so+0x7fd9ba]  PhaseLive::add_liveout(Block*, IndexSet*, VectorSet&)+0x14a
#
# Failed to write core dump. Core dumps have been disabled. To enable core dumping, try "ulimit -c unlimited" before starting Java again
#
# If you would like to submit a bug report, please visit:
#   http://bugreport.java.com/bugreport/crash.jsp
#

---------------  T H R E A D  ---------------

Current thread (0x00007f6ba00b9000):  JavaThread "C2 CompilerThread0" daemon [_thread_in_native, id=3894, stack(0x00007f6b90b25000,0x00007f6b90c26000)]

siginfo: si_signo: 11 (SIGSEGV), si_code: 1 (SEGV_MAPERR), si_addr: 0x0000000000000088

Registers:
RAX=0x00007f6ba90a52c0, RBX=0x0000000000000001, RCX=0x0000000000000080, RDX=0x00007f6b699ae690
RSP=0x00007f6b90c21540, RBP=0x00007f6b90c215f0, RSI=0x00007f6b5d32af20, RDI=0x0000000000000010
R8 =0x00007f6ba90a52c0, R9 =0x000000000000007e, R10=0x0000000000000000, R11=0x00007f6b90c21670
R12=0x0000000000000000, R13=0x0000000000000002, R14=0x0000000000000000, R15=0x00007f6ba054ed50
RIP=0x00007f6ba88eb9ba, EFLAGS=0x0000000000010246, CSGSFS=0x0000000000000033, ERR=0x0000000000000004
  TRAPNO=0x000000000000000e

Top of Stack: (sp=0x00007f6b90c21540)
0x00007f6b90c21540:   00007f6ba90a52c0 00007f6b90c21580
0x00007f6b90c21550:   00007f6b90c21670 00007f6b68acdf80
0x00007f6b90c21560:   00007f6b90c217d0 00007f6b699ae690
0x00007f6b90c21570:   0000000000000080 0000000000000080
0x00007f6b90c21580:   000000020000001f 0000000000000001
0x00007f6b90c21590:   00007f6b5d32b000 00007f6b00000001
0x00007f6b90c215a0:   00007f6b686fff10 00007f6b00000002
0x00007f6b90c215b0:   00007f6b686fff00 0000000000000000
0x00007f6b90c215c0:   00007f6b90c217d0 0000000000000000
0x00007f6b90c215d0:   00007f6b68acdf80 00007f6b68acd820
0x00007f6b90c215e0:   00007f6b90c217d0 0000000000000018
0x00007f6b90c215f0:   00007f6b90c216c0 00007f6ba88ec2fb
0x00007f6b90c21600:   00007f6b90c21610 00007f6b699ae550
0x00007f6b90c21610:   0000000000000028 00007f6b90c21670
0x00007f6b90c21620:   00007f6ba90781a0 0000004200000161
0x00007f6b90c21630:   00007f6b686fff00 0000000300000001
0x00007f6b90c21640:   00007f6b699a8a10 00007f6b699aa9f0
0x00007f6b90c21650:   00007f6b699b09f8 00007f6ba00b9bb0
0x00007f6b90c21660:   0000000000045c40 00007f6b5d806520
0x00007f6b90c21670:   00007f6ba905a710 00007f6ba00b9bb0
0x00007f6b90c21680:   00007f6b00000004 00007f6b68700180
0x00007f6b90c21690:   0000016290c23058 00007f6b90c22f70
0x00007f6b90c216a0:   0000000000000159 0000000000000040
0x00007f6b90c216b0:   00007f6b90c23058 0000000000000159
0x00007f6b90c216c0:   00007f6b90c21930 00007f6ba84fcaec
0x00007f6b90c216d0:   00007f6b60471530 00007f6b90c21870
0x00007f6b90c216e0:   00007f6b90c21830 00007f6b90c21710
0x00007f6b90c216f0:   00007f6b90c217d0 00007f6b90c218a0
0x00007f6b90c21700:   00007f6b90c22f70 0000000800000094
0x00007f6b90c21710:   00007f6ba9043210 000000000000000d
0x00007f6b90c21720:   00007f6b90c23e00 00007f6b90c22f70
0x00007f6b90c21730:   00007f6b000003f2 00007f6b90c217b0 

Instructions: (pc=0x00007f6ba88eb9ba)
0x00007f6ba88eb99a:   83 07 01 48 8b 95 78 ff ff ff 48 8b 42 08 4a 8b
0x00007f6ba88eb9aa:   04 f0 46 85 2c a0 0f 85 3a ff ff ff 48 8b 4d 88
0x00007f6ba88eb9ba:   48 8b 41 08 4a 8b 0c f0 4c 39 c1 0f 84 35 01 00
0x00007f6ba88eb9ca:   00 42 8b 14 a1 89 d0 44 09 e8 44 85 ea 42 89 04 

Register to memory mapping:

RAX=0x00007f6ba90a52c0: <offset 0xfb72c0> in /usr/local/java/jdk1.8.0_121/jre/lib/amd64/server/libjvm.so at 0x00007f6ba80ee000
RBX=0x0000000000000001 is an unknown value
RCX=0x0000000000000080 is an unknown value
RDX=0x00007f6b699ae690 is an unknown value
RSP=0x00007f6b90c21540 is pointing into the stack for thread: 0x00007f6ba00b9000
RBP=0x00007f6b90c215f0 is pointing into the stack for thread: 0x00007f6ba00b9000
RSI=0x00007f6b5d32af20 is an unknown value
RDI=0x0000000000000010 is an unknown value
R8 =0x00007f6ba90a52c0: <offset 0xfb72c0> in /usr/local/java/jdk1.8.0_121/jre/lib/amd64/server/libjvm.so at 0x00007f6ba80ee000
R9 =0x000000000000007e is an unknown value
R10=0x0000000000000000 is an unknown value
R11=0x00007f6b90c21670 is pointing into the stack for thread: 0x00007f6ba00b9000
R12=0x0000000000000000 is an unknown value
R13=0x0000000000000002 is an unknown value
R14=0x0000000000000000 is an unknown value
R15=0x00007f6ba054ed50 is an unknown value


Stack: [0x00007f6b90b25000,0x00007f6b90c26000],  sp=0x00007f6b90c21540,  free space=1009k
Native frames: (J=compiled Java code, j=interpreted, Vv=VM code, C=native code)
V  [libjvm.so+0x7fd9ba]  PhaseLive::add_liveout(Block*, IndexSet*, VectorSet&)+0x14a
V  [libjvm.so+0x7fe2fb]  PhaseLive::compute(unsigned int)+0x5bb
V  [libjvm.so+0x40eaec]  PhaseChaitin::Register_Allocate()+0x72c
V  [libjvm.so+0x4a30e0]  Compile::Code_Gen()+0x260
V  [libjvm.so+0x4a5961]  Compile::Compile(ciEnv*, C2Compiler*, ciMethod*, int, bool, bool, bool)+0x14b1
V  [libjvm.so+0x3f2615]  C2Compiler::compile_method(ciEnv*, ciMethod*, int)+0x1f5
V  [libjvm.so+0x4afeaa]  CompileBroker::invoke_compiler_on_method(CompileTask*)+0xc9a
V  [libjvm.so+0x4b0e56]  CompileBroker::compiler_thread_loop()+0x5d6
V  [libjvm.so+0xa75543]  JavaThread::thread_main_inner()+0x103
V  [libjvm.so+0xa7568c]  JavaThread::run()+0x11c
V  [libjvm.so+0x926268]  java_start(Thread*)+0x108
C  [libpthread.so.0+0x76ba]  start_thread+0xca


Current CompileTask:
C2:   9231 2612       4       com.sun.org.apache.xerces.internal.util.SymbolTable::addSymbol (110 bytes)


---------------  P R O C E S S  ---------------

Java Threads: ( => current thread )
  0x00007f6b40d18800 JavaThread "File lock request listener" [_thread_in_native, id=3915, stack(0x00007f6b33aff000,0x00007f6b33c00000)]
  0x00007f6b40c2c800 JavaThread "process reaper" daemon [_thread_blocked, id=3914, stack(0x00007f6b800c1000,0x00007f6b800fa000)]
  0x00007f6b4000a800 JavaThread "Stdin handler" [_thread_blocked, id=3908, stack(0x00007f6b806fa000,0x00007f6b807fb000)]
  0x00007f6b4000e800 JavaThread "Asynchronous log dispatcher for DefaultDaemonConnection: socket connection from /127.0.0.1:40427 to /127.0.0.1:38146" [_thread_blocked, id=3907, stack(0x00007f6b807fb000,0x00007f6b808fc000)]
  0x00007f6b44007800 JavaThread "Daemon worker" [_thread_in_native, id=3904, stack(0x00007f6b808fc000,0x00007f6b809fd000)]
  0x00007f6b44004000 JavaThread "Cancel handler" [_thread_blocked, id=3903, stack(0x00007f6b809fd000,0x00007f6b80afe000)]
  0x00007f6b44005800 JavaThread "Handler for socket connection from /127.0.0.1:40427 to /127.0.0.1:38146" [_thread_in_native, id=3902, stack(0x00007f6b80cfe000,0x00007f6b80dff000)]
  0x00007f6b5001c000 JavaThread "Daemon" [_thread_blocked, id=3901, stack(0x00007f6b88099000,0x00007f6b8819a000)]
  0x00007f6ba0ce8000 JavaThread "Incoming local TCP Connector on port 40427" [_thread_in_native, id=3900, stack(0x00007f6b881a1000,0x00007f6b882a2000)]
  0x00007f6ba0cab000 JavaThread "pool-1-thread-1" [_thread_blocked, id=3899, stack(0x00007f6b882a2000,0x00007f6b883a3000)]
  0x00007f6ba00c1000 JavaThread "Service Thread" daemon [_thread_blocked, id=3897, stack(0x00007f6b90822000,0x00007f6b90923000)]
  0x00007f6ba00be000 JavaThread "C1 CompilerThread2" daemon [_thread_blocked, id=3896, stack(0x00007f6b90923000,0x00007f6b90a24000)]
  0x00007f6ba00bc000 JavaThread "C2 CompilerThread1" daemon [_thread_in_native, id=3895, stack(0x00007f6b90a24000,0x00007f6b90b25000)]
=>0x00007f6ba00b9000 JavaThread "C2 CompilerThread0" daemon [_thread_in_native, id=3894, stack(0x00007f6b90b25000,0x00007f6b90c26000)]
  0x00007f6ba00b8000 JavaThread "Signal Dispatcher" daemon [_thread_blocked, id=3893, stack(0x00007f6b90c26000,0x00007f6b90d27000)]
  0x00007f6ba0084000 JavaThread "Finalizer" daemon [_thread_blocked, id=3892, stack(0x00007f6ba404f000,0x00007f6ba4150000)]
  0x00007f6ba007f800 JavaThread "Reference Handler" daemon [_thread_blocked, id=3891, stack(0x00007f6ba4150000,0x00007f6ba4251000)]
  0x00007f6ba000a000 JavaThread "main" [_thread_blocked, id=3885, stack(0x00007f6ba9be3000,0x00007f6ba9ce4000)]

Other Threads:
  0x00007f6ba0077800 VMThread [stack: 0x00007f6ba4251000,0x00007f6ba4352000] [id=3890]
  0x00007f6ba00c4000 WatcherThread [stack: 0x00007f6b90721000,0x00007f6b90822000] [id=3898]

VM state:not at safepoint (normal execution)

VM Mutex/Monitor currently owned by a thread: None

Heap:
 PSYoungGen      total 54784K, used 46031K [0x00000000e0000000, 0x00000000e3f00000, 0x0000000100000000)
  eden space 44544K, 92% used [0x00000000e0000000,0x00000000e2848650,0x00000000e2b80000)
  from space 10240K, 46% used [0x00000000e3500000,0x00000000e39ab628,0x00000000e3f00000)
  to   space 9728K, 0% used [0x00000000e2b80000,0x00000000e2b80000,0x00000000e3500000)
 ParOldGen       total 65024K, used 8466K [0x00000000a0000000, 0x00000000a3f80000, 0x00000000e0000000)
  object space 65024K, 13% used [0x00000000a0000000,0x00000000a0844968,0x00000000a3f80000)
 Metaspace       used 28840K, capacity 29442K, committed 29568K, reserved 1075200K
  class space    used 4024K, capacity 4188K, committed 4224K, reserved 1048576K

Card table byte_map: [0x00007f6ba6687000,0x00007f6ba6988000] byte_map_base: 0x00007f6ba6187000

Marking Bits: (ParMarkBitMap*) 0x00007f6ba90b2c80
 Begin Bits: [0x00007f6b89000000, 0x00007f6b8a800000)
 End Bits:   [0x00007f6b8a800000, 0x00007f6b8c000000)

Polling page: 0x00007f6ba9d03000

CodeCache: size=245760Kb used=10170Kb max_used=10170Kb free=235589Kb
 bounds [0x00007f6b91000000, 0x00007f6b91a00000, 0x00007f6ba0000000]
 total_blobs=3284 nmethods=2626 adapters=571
 compilation: enabled

Compilation events (10 events):
Event: 9.185 Thread 0x00007f6ba00b9000 2622       4       com.sun.org.apache.xerces.internal.impl.XMLEntityScanner::checkBeforeLoad (140 bytes)
Event: 9.188 Thread 0x00007f6ba00be000 nmethod 2623 0x00007f6b919eac50 code [0x00007f6b919eb120, 0x00007f6b919ee7b8]
Event: 9.188 Thread 0x00007f6ba00be000 2624       1       org.gradle.internal.component.external.model.DefaultModuleComponentArtifactIdentifier::getComponentIdentifier (5 bytes)
Event: 9.188 Thread 0x00007f6ba00be000 nmethod 2624 0x00007f6b919cc410 code [0x00007f6b919cc560, 0x00007f6b919cc670]
Event: 9.188 Thread 0x00007f6ba00be000 2625       1       org.gradle.api.internal.artifacts.repositories.resolver.AbstractResourcePattern::getBase (5 bytes)
Event: 9.188 Thread 0x00007f6ba00be000 nmethod 2625 0x00007f6b919e7750 code [0x00007f6b919e78a0, 0x00007f6b919e79b0]
Event: 9.190 Thread 0x00007f6ba00b9000 nmethod 2622 0x00007f6b919e40d0 code [0x00007f6b919e4240, 0x00007f6b919e45b8]
Event: 9.190 Thread 0x00007f6ba00b9000 2617       4       com.sun.org.apache.xerces.internal.impl.XMLEntityScanner::peekChar (63 bytes)
Event: 9.192 Thread 0x00007f6ba00b9000 nmethod 2617 0x00007f6b919e3cd0 code [0x00007f6b919e3e40, 0x00007f6b919e3f88]
Event: 9.192 Thread 0x00007f6ba00b9000 2612       4       com.sun.org.apache.xerces.internal.util.SymbolTable::addSymbol (110 bytes)

GC Heap History (10 events):
Event: 4.588 GC heap before
{Heap before GC invocations=3 (full 0):
 PSYoungGen      total 36864K, used 36858K [0x00000000e0000000, 0x00000000e2900000, 0x0000000100000000)
  eden space 31744K, 100% used [0x00000000e0000000,0x00000000e1f00000,0x00000000e1f00000)
  from space 5120K, 99% used [0x00000000e2400000,0x00000000e28febd8,0x00000000e2900000)
  to   space 5120K, 0% used [0x00000000e1f00000,0x00000000e1f00000,0x00000000e2400000)
 ParOldGen       total 84992K, used 712K [0x00000000a0000000, 0x00000000a5300000, 0x00000000e0000000)
  object space 84992K, 0% used [0x00000000a0000000,0x00000000a00b2170,0x00000000a5300000)
 Metaspace       used 16026K, capacity 16340K, committed 16512K, reserved 1062912K
  class space    used 2298K, capacity 2413K, committed 2432K, reserved 1048576K
Event: 4.597 GC heap after
Heap after GC invocations=3 (full 0):
 PSYoungGen      total 36864K, used 5088K [0x00000000e0000000, 0x00000000e2900000, 0x0000000100000000)
  eden space 31744K, 0% used [0x00000000e0000000,0x00000000e0000000,0x00000000e1f00000)
  from space 5120K, 99% used [0x00000000e1f00000,0x00000000e23f80b8,0x00000000e2400000)
  to   space 5120K, 0% used [0x00000000e2400000,0x00000000e2400000,0x00000000e2900000)
 ParOldGen       total 84992K, used 3151K [0x00000000a0000000, 0x00000000a5300000, 0x00000000e0000000)
  object space 84992K, 3% used [0x00000000a0000000,0x00000000a0313fd8,0x00000000a5300000)
 Metaspace       used 16026K, capacity 16340K, committed 16512K, reserved 1062912K
  class space    used 2298K, capacity 2413K, committed 2432K, reserved 1048576K
}
Event: 6.070 GC heap before
{Heap before GC invocations=4 (full 0):
 PSYoungGen      total 36864K, used 30435K [0x00000000e0000000, 0x00000000e2900000, 0x0000000100000000)
  eden space 31744K, 79% used [0x00000000e0000000,0x00000000e18c0c90,0x00000000e1f00000)
  from space 5120K, 99% used [0x00000000e1f00000,0x00000000e23f80b8,0x00000000e2400000)
  to   space 5120K, 0% used [0x00000000e2400000,0x00000000e2400000,0x00000000e2900000)
 ParOldGen       total 84992K, used 3151K [0x00000000a0000000, 0x00000000a5300000, 0x00000000e0000000)
  object space 84992K, 3% used [0x00000000a0000000,0x00000000a0313fd8,0x00000000a5300000)
 Metaspace       used 20835K, capacity 21176K, committed 21296K, reserved 1067008K
  class space    used 2811K, capacity 2933K, committed 2944K, reserved 1048576K
Event: 6.094 GC heap after
Heap after GC invocations=4 (full 0):
 PSYoungGen      total 36864K, used 5088K [0x00000000e0000000, 0x00000000e2900000, 0x0000000100000000)
  eden space 31744K, 0% used [0x00000000e0000000,0x00000000e0000000,0x00000000e1f00000)
  from space 5120K, 99% used [0x00000000e2400000,0x00000000e28f8050,0x00000000e2900000)
  to   space 5120K, 0% used [0x00000000e1f00000,0x00000000e1f00000,0x00000000e2400000)
 ParOldGen       total 84992K, used 6701K [0x00000000a0000000, 0x00000000a5300000, 0x00000000e0000000)
  object space 84992K, 7% used [0x00000000a0000000,0x00000000a068b4e8,0x00000000a5300000)
 Metaspace       used 20835K, capacity 21176K, committed 21296K, reserved 1067008K
  class space    used 2811K, capacity 2933K, committed 2944K, reserved 1048576K
}
Event: 6.094 GC heap before
{Heap before GC invocations=5 (full 1):
 PSYoungGen      total 36864K, used 5088K [0x00000000e0000000, 0x00000000e2900000, 0x0000000100000000)
  eden space 31744K, 0% used [0x00000000e0000000,0x00000000e0000000,0x00000000e1f00000)
  from space 5120K, 99% used [0x00000000e2400000,0x00000000e28f8050,0x00000000e2900000)
  to   space 5120K, 0% used [0x00000000e1f00000,0x00000000e1f00000,0x00000000e2400000)
 ParOldGen       total 84992K, used 6701K [0x00000000a0000000, 0x00000000a5300000, 0x00000000e0000000)
  object space 84992K, 7% used [0x00000000a0000000,0x00000000a068b4e8,0x00000000a5300000)
 Metaspace       used 20835K, capacity 21176K, committed 21296K, reserved 1067008K
  class space    used 2811K, capacity 2933K, committed 2944K, reserved 1048576K
Event: 6.170 GC heap after
Heap after GC invocations=5 (full 1):
 PSYoungGen      total 36864K, used 0K [0x00000000e0000000, 0x00000000e2900000, 0x0000000100000000)
  eden space 31744K, 0% used [0x00000000e0000000,0x00000000e0000000,0x00000000e1f00000)
  from space 5120K, 0% used [0x00000000e2400000,0x00000000e2400000,0x00000000e2900000)
  to   space 5120K, 0% used [0x00000000e1f00000,0x00000000e1f00000,0x00000000e2400000)
 ParOldGen       total 65024K, used 8466K [0x00000000a0000000, 0x00000000a3f80000, 0x00000000e0000000)
  object space 65024K, 13% used [0x00000000a0000000,0x00000000a0844968,0x00000000a3f80000)
 Metaspace       used 20835K, capacity 21176K, committed 21296K, reserved 1067008K
  class space    used 2811K, capacity 2933K, committed 2944K, reserved 1048576K
}
Event: 7.001 GC heap before
{Heap before GC invocations=6 (full 1):
 PSYoungGen      total 36864K, used 31744K [0x00000000e0000000, 0x00000000e2900000, 0x0000000100000000)
  eden space 31744K, 100% used [0x00000000e0000000,0x00000000e1f00000,0x00000000e1f00000)
  from space 5120K, 0% used [0x00000000e2400000,0x00000000e2400000,0x00000000e2900000)
  to   space 5120K, 0% used [0x00000000e1f00000,0x00000000e1f00000,0x00000000e2400000)
 ParOldGen       total 65024K, used 8466K [0x00000000a0000000, 0x00000000a3f80000, 0x00000000e0000000)
  object space 65024K, 13% used [0x00000000a0000000,0x00000000a0844968,0x00000000a3f80000)
 Metaspace       used 23720K, capacity 24136K, committed 24448K, reserved 1071104K
  class space    used 3288K, capacity 3401K, committed 3456K, reserved 1048576K
Event: 7.007 GC heap after
Heap after GC invocations=6 (full 1):
 PSYoungGen      total 36864K, used 4501K [0x00000000e0000000, 0x00000000e3f00000, 0x0000000100000000)
  eden space 31744K, 0% used [0x00000000e0000000,0x00000000e0000000,0x00000000e1f00000)
  from space 5120K, 87% used [0x00000000e1f00000,0x00000000e23655e0,0x00000000e2400000)
  to   space 10240K, 0% used [0x00000000e3500000,0x00000000e3500000,0x00000000e3f00000)
 ParOldGen       total 65024K, used 8466K [0x00000000a0000000, 0x00000000a3f80000, 0x00000000e0000000)
  object space 65024K, 13% used [0x00000000a0000000,0x00000000a0844968,0x00000000a3f80000)
 Metaspace       used 23720K, capacity 24136K, committed 24448K, reserved 1071104K
  class space    used 3288K, capacity 3401K, committed 3456K, reserved 1048576K
}
Event: 7.632 GC heap before
{Heap before GC invocations=7 (full 1):
 PSYoungGen      total 36864K, used 36245K [0x00000000e0000000, 0x00000000e3f00000, 0x0000000100000000)
  eden space 31744K, 100% used [0x00000000e0000000,0x00000000e1f00000,0x00000000e1f00000)
  from space 5120K, 87% used [0x00000000e1f00000,0x00000000e23655e0,0x00000000e2400000)
  to   space 10240K, 0% used [0x00000000e3500000,0x00000000e3500000,0x00000000e3f00000)
 ParOldGen       total 65024K, used 8466K [0x00000000a0000000, 0x00000000a3f80000, 0x00000000e0000000)
  object space 65024K, 13% used [0x00000000a0000000,0x00000000a0844968,0x00000000a3f80000)
 Metaspace       used 25795K, capacity 26270K, committed 26624K, reserved 1073152K
  class space    used 3659K, capacity 3768K, committed 3840K, reserved 1048576K
Event: 7.640 GC heap after
Heap after GC invocations=7 (full 1):
 PSYoungGen      total 54784K, used 4781K [0x00000000e0000000, 0x00000000e3f00000, 0x0000000100000000)
  eden space 44544K, 0% used [0x00000000e0000000,0x00000000e0000000,0x00000000e2b80000)
  from space 10240K, 46% used [0x00000000e3500000,0x00000000e39ab628,0x00000000e3f00000)
  to   space 9728K, 0% used [0x00000000e2b80000,0x00000000e2b80000,0x00000000e3500000)
 ParOldGen       total 65024K, used 8466K [0x00000000a0000000, 0x00000000a3f80000, 0x00000000e0000000)
  object space 65024K, 13% used [0x00000000a0000000,0x00000000a0844968,0x00000000a3f80000)
 Metaspace       used 25795K, capacity 26270K, committed 26624K, reserved 1073152K
  class space    used 3659K, capacity 3768K, committed 3840K, reserved 1048576K
}

Deoptimization events (10 events):
Event: 8.573 Thread 0x00007f6b44007800 Uncommon trap: reason=unstable_if action=reinterpret pc=0x00007f6b91835d88 method=com.sun.org.apache.xerces.internal.dom.ParentNode.nodeListGetLength()I @ 11
Event: 8.583 Thread 0x00007f6b44007800 Uncommon trap: reason=unstable_if action=reinterpret pc=0x00007f6b91833308 method=com.sun.org.apache.xerces.internal.dom.ParentNode.nodeListGetLength()I @ 11
Event: 9.049 Thread 0x00007f6b44007800 Uncommon trap: reason=unstable_if action=reinterpret pc=0x00007f6b9189bed0 method=com.sun.org.apache.xerces.internal.impl.XMLEntityScanner.skipSpaces()Z @ 85
Event: 9.049 Thread 0x00007f6b44007800 Uncommon trap: reason=unstable_if action=reinterpret pc=0x00007f6b91944790 method=com.sun.org.apache.xerces.internal.impl.XMLEntityScanner.peekChar()I @ 51
Event: 9.049 Thread 0x00007f6b44007800 Uncommon trap: reason=unstable_if action=reinterpret pc=0x00007f6b918da62c method=com.sun.org.apache.xerces.internal.impl.XMLEntityScanner.scanContent(Lcom/sun/org/apache/xerces/internal/xni/XMLString;)I @ 127
Event: 9.049 Thread 0x00007f6b44007800 Uncommon trap: reason=unstable_if action=reinterpret pc=0x00007f6b9189a614 method=com.sun.org.apache.xerces.internal.impl.XMLEntityScanner.peekChar()I @ 51
Event: 9.093 Thread 0x00007f6b44007800 Uncommon trap: reason=unstable_if action=reinterpret pc=0x00007f6b919ada7c method=com.sun.org.apache.xerces.internal.impl.XMLEntityScanner.scanData(Ljava/lang/String;Lcom/sun/org/apache/xerces/internal/util/XMLStringBuffer;)Z @ 346
Event: 9.093 Thread 0x00007f6b44007800 Uncommon trap: reason=unstable_if action=reinterpret pc=0x00007f6b9198d9b4 method=com.sun.org.apache.xerces.internal.impl.XMLEntityScanner.scanData(Ljava/lang/String;Lcom/sun/org/apache/xerces/internal/util/XMLStringBuffer;)Z @ 923
Event: 9.150 Thread 0x00007f6b44007800 Uncommon trap: reason=unstable_if action=reinterpret pc=0x00007f6b9190a6dc method=com.sun.org.apache.xerces.internal.impl.XMLEntityScanner.checkBeforeLoad(Lcom/sun/xml/internal/stream/Entity$ScannedEntity;II)I @ 18
Event: 9.154 Thread 0x00007f6b44007800 Uncommon trap: reason=unstable_if action=reinterpret pc=0x00007f6b91865d94 method=com.sun.org.apache.xerces.internal.impl.XMLEntityScanner.checkBeforeLoad(Lcom/sun/xml/internal/stream/Entity$ScannedEntity;II)I @ 18

Internal exceptions (10 events):
Event: 7.095 Thread 0x00007f6b44007800 Exception <a 'java/lang/ClassNotFoundException': org/gradle/api/internal/artifacts/repositories/DefaultMavenArtifactRepositoryCustomizer> (0x00000000e0642e60) thrown at [/HUDSON3/workspace/8-2-build-linux-amd64/jdk8u121/8372/hotspot/src/share/vm/classfile
Event: 7.096 Thread 0x00007f6b44007800 Exception <a 'java/lang/ClassNotFoundException': org/gradle/api/internal/artifacts/repositories/DefaultMavenArtifactRepository_DecoratedCustomizer> (0x00000000e0683460) thrown at [/HUDSON3/workspace/8-2-build-linux-amd64/jdk8u121/8372/hotspot/src/share/vm
Event: 7.301 Thread 0x00007f6b44007800 Exception <a 'java/lang/ClassNotFoundException': build_dzzk87fz6yoeobrzuhy9er4kjBeanInfo> (0x00000000e0e5dd50) thrown at [/HUDSON3/workspace/8-2-build-linux-amd64/jdk8u121/8372/hotspot/src/share/vm/classfile/systemDictionary.cpp, line 210]
Event: 7.301 Thread 0x00007f6b44007800 Exception <a 'java/lang/ClassNotFoundException': org/gradle/api/internal/project/ProjectScriptBeanInfo> (0x00000000e0e6f370) thrown at [/HUDSON3/workspace/8-2-build-linux-amd64/jdk8u121/8372/hotspot/src/share/vm/classfile/systemDictionary.cpp, line 210]
Event: 7.302 Thread 0x00007f6b44007800 Exception <a 'java/lang/ClassNotFoundException': org/gradle/api/internal/project/ProjectScriptCustomizer> (0x00000000e0e80dd0) thrown at [/HUDSON3/workspace/8-2-build-linux-amd64/jdk8u121/8372/hotspot/src/share/vm/classfile/systemDictionary.cpp, line 210]
Event: 7.303 Thread 0x00007f6b44007800 Exception <a 'java/lang/ClassNotFoundException': build_dzzk87fz6yoeobrzuhy9er4kjCustomizer> (0x00000000e0ea0828) thrown at [/HUDSON3/workspace/8-2-build-linux-amd64/jdk8u121/8372/hotspot/src/share/vm/classfile/systemDictionary.cpp, line 210]
Event: 7.585 Thread 0x00007f6b44007800 Exception <a 'java/lang/ClassNotFoundException': org/gradle/api/internal/artifacts/dsl/dependencies/DefaultDependencyHandler_DecoratedBeanInfo> (0x00000000e1a92488) thrown at [/HUDSON3/workspace/8-2-build-linux-amd64/jdk8u121/8372/hotspot/src/share/vm/cla
Event: 7.586 Thread 0x00007f6b44007800 Exception <a 'java/lang/ClassNotFoundException': org/gradle/api/internal/artifacts/dsl/dependencies/DefaultDependencyHandlerBeanInfo> (0x00000000e1ac0658) thrown at [/HUDSON3/workspace/8-2-build-linux-amd64/jdk8u121/8372/hotspot/src/share/vm/classfile/sys
Event: 7.587 Thread 0x00007f6b44007800 Exception <a 'java/lang/ClassNotFoundException': org/gradle/api/internal/artifacts/dsl/dependencies/DefaultDependencyHandlerCustomizer> (0x00000000e1aeee70) thrown at [/HUDSON3/workspace/8-2-build-linux-amd64/jdk8u121/8372/hotspot/src/share/vm/classfile/s
Event: 7.588 Thread 0x00007f6b44007800 Exception <a 'java/lang/ClassNotFoundException': org/gradle/api/internal/artifacts/dsl/dependencies/DefaultDependencyHandler_DecoratedCustomizer> (0x00000000e1b30eb8) thrown at [/HUDSON3/workspace/8-2-build-linux-amd64/jdk8u121/8372/hotspot/src/share/vm/c

Events (10 events):
Event: 9.150 Thread 0x00007f6b44007800 Uncommon trap: trap_request=0xffffff65 fr.pc=0x00007f6b9190a6dc
Event: 9.150 Thread 0x00007f6b44007800 DEOPT PACKING pc=0x00007f6b9190a6dc sp=0x00007f6b809f5c10
Event: 9.150 Thread 0x00007f6b44007800 DEOPT UNPACKING pc=0x00007f6b91005229 sp=0x00007f6b809f5b78 mode 2
Event: 9.154 Thread 0x00007f6b44007800 Uncommon trap: trap_request=0xffffff65 fr.pc=0x00007f6b91865d94
Event: 9.154 Thread 0x00007f6b44007800 DEOPT PACKING pc=0x00007f6b91865d94 sp=0x00007f6b809f69c0
Event: 9.154 Thread 0x00007f6b44007800 DEOPT UNPACKING pc=0x00007f6b91005229 sp=0x00007f6b809f6958 mode 2
Event: 9.182 loading class org/gradle/api/internal/artifacts/ivyservice/resolveengine/graph/conflicts/ConflictContainer$Conflict
Event: 9.182 loading class org/gradle/api/internal/artifacts/ivyservice/resolveengine/graph/conflicts/ConflictContainer$Conflict done
Event: 9.183 loading class org/gradle/api/internal/artifacts/ivyservice/resolveengine/graph/DependencyGraphBuilder$1
Event: 9.183 loading class org/gradle/api/internal/artifacts/ivyservice/resolveengine/graph/DependencyGraphBuilder$1 done


Dynamic libraries:
00400000-00401000 r-xp 00000000 08:01 11143952                           /usr/local/java/jdk1.8.0_121/bin/java
00600000-00601000 rw-p 00000000 08:01 11143952                           /usr/local/java/jdk1.8.0_121/bin/java
006f8000-00719000 rw-p 00000000 00:00 0                                  [heap]
a0000000-a3f80000 rw-p 00000000 00:00 0 
a3f80000-e0000000 ---p 00000000 00:00 0 
e0000000-e3f00000 rw-p 00000000 00:00 0 
e3f00000-100000000 ---p 00000000 00:00 0 
100000000-100420000 rw-p 00000000 00:00 0 
100420000-140000000 ---p 00000000 00:00 0 
7f6b24000000-7f6b24021000 rw-p 00000000 00:00 0 
7f6b24021000-7f6b28000000 ---p 00000000 00:00 0 
7f6b2c000000-7f6b2c021000 rw-p 00000000 00:00 0 
7f6b2c021000-7f6b30000000 ---p 00000000 00:00 0 
7f6b336ff000-7f6b337bf000 rw-p 00000000 00:00 0 
7f6b337bf000-7f6b338ff000 ---p 00000000 00:00 0 
7f6b338ff000-7f6b33aff000 rw-p 00000000 00:00 0 
7f6b33aff000-7f6b33b02000 ---p 00000000 00:00 0 
7f6b33b02000-7f6b33e00000 rw-p 00000000 00:00 0 
7f6b33e00000-7f6b34000000 rw-p 00000000 00:00 0 
7f6b34000000-7f6b34021000 rw-p 00000000 00:00 0 
7f6b34021000-7f6b38000000 ---p 00000000 00:00 0 
7f6b38000000-7f6b38021000 rw-p 00000000 00:00 0 
7f6b38021000-7f6b3c000000 ---p 00000000 00:00 0 
7f6b3c000000-7f6b3c021000 rw-p 00000000 00:00 0 
7f6b3c021000-7f6b40000000 ---p 00000000 00:00 0 
7f6b40000000-7f6b40dd4000 rw-p 00000000 00:00 0 
7f6b40dd4000-7f6b44000000 ---p 00000000 00:00 0 
7f6b44000000-7f6b44021000 rw-p 00000000 00:00 0 
7f6b44021000-7f6b48000000 ---p 00000000 00:00 0 
7f6b48000000-7f6b48021000 rw-p 00000000 00:00 0 
7f6b48021000-7f6b4c000000 ---p 00000000 00:00 0 
7f6b4c000000-7f6b4c021000 rw-p 00000000 00:00 0 
7f6b4c021000-7f6b50000000 ---p 00000000 00:00 0 
7f6b50000000-7f6b50078000 rw-p 00000000 00:00 0 
7f6b50078000-7f6b54000000 ---p 00000000 00:00 0 
7f6b54000000-7f6b54021000 rw-p 00000000 00:00 0 
7f6b54021000-7f6b58000000 ---p 00000000 00:00 0 
7f6b58000000-7f6b58021000 rw-p 00000000 00:00 0 
7f6b58021000-7f6b5c000000 ---p 00000000 00:00 0 
7f6b5c000000-7f6b5e35f000 rw-p 00000000 00:00 0 
7f6b5e35f000-7f6b60000000 ---p 00000000 00:00 0 
7f6b60000000-7f6b6056c000 rw-p 00000000 00:00 0 
7f6b6056c000-7f6b64000000 ---p 00000000 00:00 0 
7f6b64000000-7f6b64021000 rw-p 00000000 00:00 0 
7f6b64021000-7f6b68000000 ---p 00000000 00:00 0 
7f6b68000000-7f6b69e28000 rw-p 00000000 00:00 0 
7f6b69e28000-7f6b6c000000 ---p 00000000 00:00 0 
7f6b6c000000-7f6b6c021000 rw-p 00000000 00:00 0 
7f6b6c021000-7f6b70000000 ---p 00000000 00:00 0 
7f6b70000000-7f6b70021000 rw-p 00000000 00:00 0 
7f6b70021000-7f6b74000000 ---p 00000000 00:00 0 
7f6b74000000-7f6b74021000 rw-p 00000000 00:00 0 
7f6b74021000-7f6b78000000 ---p 00000000 00:00 0 
7f6b78000000-7f6b78024000 rw-p 00000000 00:00 0 
7f6b78024000-7f6b7c000000 ---p 00000000 00:00 0 
7f6b7c000000-7f6b7c035000 rw-p 00000000 00:00 0 
7f6b7c035000-7f6b80000000 ---p 00000000 00:00 0 
7f6b800c1000-7f6b800c4000 ---p 00000000 00:00 0 
7f6b800c4000-7f6b802fa000 rw-p 00000000 00:00 0 
7f6b802fa000-7f6b804fa000 rw-p 00000000 00:00 0 
7f6b804fa000-7f6b806fa000 rw-p 00000000 00:00 0 
7f6b806fa000-7f6b806fd000 ---p 00000000 00:00 0 
7f6b806fd000-7f6b807fb000 rw-p 00000000 00:00 0 
7f6b807fb000-7f6b807fe000 ---p 00000000 00:00 0 
7f6b807fe000-7f6b808fc000 rw-p 00000000 00:00 0 
7f6b808fc000-7f6b808ff000 ---p 00000000 00:00 0 
7f6b808ff000-7f6b809fd000 rw-p 00000000 00:00 0 
7f6b809fd000-7f6b80a00000 ---p 00000000 00:00 0 
7f6b80a00000-7f6b80cfe000 rw-p 00000000 00:00 0 
7f6b80cfe000-7f6b80d01000 ---p 00000000 00:00 0 
7f6b80d01000-7f6b80fff000 rw-p 00000000 00:00 0 
7f6b80fff000-7f6b84000000 rw-p 00000000 00:00 0 
7f6b84000000-7f6b84021000 rw-p 00000000 00:00 0 
7f6b84021000-7f6b88000000 ---p 00000000 00:00 0 
7f6b8801e000-7f6b8801f000 r--p 00000000 00:00 0 
7f6b8801f000-7f6b88099000 r--s 010f6000 08:01 11020816                   /usr/local/java/jdk1.8.0_121/lib/tools.jar
7f6b88099000-7f6b8809c000 ---p 00000000 00:00 0 
7f6b8809c000-7f6b8819a000 rw-p 00000000 00:00 0 
7f6b8819a000-7f6b881a1000 r--s 00000000 08:01 11280200                   /usr/lib/x86_64-linux-gnu/gconv/gconv-modules.cache
7f6b881a1000-7f6b881a4000 ---p 00000000 00:00 0 
7f6b881a4000-7f6b882a2000 rw-p 00000000 00:00 0 
7f6b882a2000-7f6b882a5000 ---p 00000000 00:00 0 
7f6b882a5000-7f6b883a3000 rw-p 00000000 00:00 0 
7f6b883a3000-7f6b883ac000 r-xp 00000000 08:01 11144070                   /usr/local/java/jdk1.8.0_121/jre/lib/amd64/libmanagement.so
7f6b883ac000-7f6b885ab000 ---p 00009000 08:01 11144070                   /usr/local/java/jdk1.8.0_121/jre/lib/amd64/libmanagement.so
7f6b885ab000-7f6b885ac000 rw-p 00008000 08:01 11144070                   /usr/local/java/jdk1.8.0_121/jre/lib/amd64/libmanagement.so
7f6b885ac000-7f6b885b0000 r--s 0009a000 08:01 11143978                   /usr/local/java/jdk1.8.0_121/jre/lib/jsse.jar
7f6b885b0000-7f6b885b2000 r--s 00007000 08:01 34341942                   /root/.gradle/wrapper/dists/gradle-3.3-all/55gk2rcmfc6p2dg9u9ohc3hw9/gradle-3.3/lib/plugins/gradle-tooling-api-builders-3.3.jar
7f6b885b2000-7f6b885b5000 r--s 00009000 08:01 34341935                   /root/.gradle/wrapper/dists/gradle-3.3-all/55gk2rcmfc6p2dg9u9ohc3hw9/gradle-3.3/lib/plugins/gradle-testing-native-3.3.jar
7f6b885b5000-7f6b885bb000 r--s 00033000 08:01 34342010                   /root/.gradle/wrapper/dists/gradle-3.3-all/55gk2rcmfc6p2dg9u9ohc3hw9/gradle-3.3/lib/plugins/snakeyaml-1.6.jar
7f6b885bb000-7f6b885bd000 r--s 00006000 08:01 34342009                   /root/.gradle/wrapper/dists/gradle-3.3-all/55gk2rcmfc6p2dg9u9ohc3hw9/gradle-3.3/lib/plugins/jcommander-1.12.jar
7f6b885bd000-7f6b885c2000 r--s 00040000 08:01 34342008                   /root/.gradle/wrapper/dists/gradle-3.3-all/55gk2rcmfc6p2dg9u9ohc3hw9/gradle-3.3/lib/plugins/bsh-2.0b4.jar
7f6b885c2000-7f6b885c4000 r--s 00009000 08:01 34342016                   /root/.gradle/wrapper/dists/gradle-3.3-all/55gk2rcmfc6p2dg9u9ohc3hw9/gradle-3.3/lib/plugins/hamcrest-core-1.3.jar
7f6b885c4000-7f6b885cd000 r--s 00089000 08:01 34341967                   /root/.gradle/wrapper/dists/gradle-3.3-all/55gk2rcmfc6p2dg9u9ohc3hw9/gradle-3.3/lib/plugins/testng-6.3.1.jar
7f6b885cd000-7f6b885d5000 r--s 00045000 08:01 34341966                   /root/.gradle/wrapper/dists/gradle-3.3-all/55gk2rcmfc6p2dg9u9ohc3hw9/gradle-3.3/lib/plugins/junit-4.12.jar
7f6b885d5000-7f6b885db000 r--s 0002e000 08:01 34341936                   /root/.gradle/wrapper/dists/gradle-3.3-all/55gk2rcmfc6p2dg9u9ohc3hw9/gradle-3.3/lib/plugins/gradle-testing-jvm-3.3.jar
7f6b885db000-7f6b885df000 r--s 00016000 08:01 34341934                   /root/.gradle/wrapper/dists/gradle-3.3-all/55gk2rcmfc6p2dg9u9ohc3hw9/gradle-3.3/lib/plugins/gradle-testing-base-3.3.jar
7f6b885df000-7f6b885e6000 r--s 00038000 08:01 34341961                   /root/.gradle/wrapper/dists/gradle-3.3-all/55gk2rcmfc6p2dg9u9ohc3hw9/gradle-3.3/lib/plugins/bcpg-jdk15on-1.51.jar
7f6b885e6000-7f6b885e8000 r--s 0000c000 08:01 34341913                   /root/.gradle/wrapper/dists/gradle-3.3-all/55gk2rcmfc6p2dg9u9ohc3hw9/gradle-3.3/lib/plugins/gradle-signing-3.3.jar
7f6b885e8000-7f6b885ea000 r--s 00007000 08:01 34341912                   /root/.gradle/wrapper/dists/gradle-3.3-all/55gk2rcmfc6p2dg9u9ohc3hw9/gradle-3.3/lib/plugins/gradle-scala-3.3.jar
7f6b885ea000-7f6b885fa000 r--s 00088000 08:01 34341977                   /root/.gradle/wrapper/dists/gradle-3.3-all/55gk2rcmfc6p2dg9u9ohc3hw9/gradle-3.3/lib/plugins/joda-time-2.8.2.jar
7f6b885fa000-7f6b8860b000 r--s 0010d000 08:01 34341976                   /root/.gradle/wrapper/dists/gradle-3.3-all/55gk2rcmfc6p2dg9u9ohc3hw9/gradle-3.3/lib/plugins/jackson-databind-2.6.6.jar
7f6b8860b000-7f6b8860e000 r--s 00009000 08:01 34341975                   /root/.gradle/wrapper/dists/gradle-3.3-all/55gk2rcmfc6p2dg9u9ohc3hw9/gradle-3.3/lib/plugins/jackson-annotations-2.6.6.jar
7f6b8860e000-7f6b88612000 r--s 0003c000 08:01 34341974                   /root/.gradle/wrapper/dists/gradle-3.3-all/55gk2rcmfc6p2dg9u9ohc3hw9/gradle-3.3/lib/plugins/jackson-core-2.6.6.jar
7f6b88612000-7f6b88620000 r--s 00087000 08:01 34341973                   /root/.gradle/wrapper/dists/gradle-3.3-all/55gk2rcmfc6p2dg9u9ohc3hw9/gradle-3.3/lib/plugins/aws-java-sdk-core-1.11.6.jar
7f6b88620000-7f6b88627000 r--s 00057000 08:01 34341972                   /root/.gradle/wrapper/dists/gradle-3.3-all/55gk2rcmfc6p2dg9u9ohc3hw9/gradle-3.3/lib/plugins/aws-java-sdk-kms-1.11.6.jar
7f6b88627000-7f6b88634000 r--s 0008e000 08:01 34341971                   /root/.gradle/wrapper/dists/gradle-3.3-all/55gk2rcmfc6p2dg9u9ohc3hw9/gradle-3.3/lib/plugins/aws-java-sdk-s3-1.11.6.jar
7f6b88634000-7f6b88636000 r--s 00004000 08:01 34341941                   /root/.gradle/wrapper/dists/gradle-3.3-all/55gk2rcmfc6p2dg9u9ohc3hw9/gradle-3.3/lib/plugins/gradle-resources-s3-3.3.jar
7f6b88636000-7f6b88638000 r--s 00005000 08:01 34341965                   /root/.gradle/wrapper/dists/gradle-3.3-all/55gk2rcmfc6p2dg9u9ohc3hw9/gradle-3.3/lib/plugins/jatl-0.2.2.jar
7f6b88638000-7f6b8863a000 r--s 0000f000 08:01 34341918                   /root/.gradle/wrapper/dists/gradle-3.3-all/55gk2rcmfc6p2dg9u9ohc3hw9/gradle-3.3/lib/plugins/gradle-reporting-3.3.jar
7f6b8863a000-7f6b8863c000 r--s 00002000 08:01 34341919                   /root/.gradle/wrapper/dists/gradle-3.3-all/55gk2rcmfc6p2dg9u9ohc3hw9/gradle-3.3/lib/plugins/gradle-publish-3.3.jar
7f6b8863c000-7f6b8863e000 r--s 00009000 08:01 34341948                   /root/.gradle/wrapper/dists/gradle-3.3-all/55gk2rcmfc6p2dg9u9ohc3hw9/gradle-3.3/lib/plugins/commons-cli-1.2.jar
7f6b8863e000-7f6b88644000 r--s 00031000 08:01 34341904                   /root/.gradle/wrapper/dists/gradle-3.3-all/55gk2rcmfc6p2dg9u9ohc3hw9/gradle-3.3/lib/plugins/gradle-plugins-3.3.jar
7f6b88644000-7f6b88652000 r--s 00055000 08:01 34341929                   /root/.gradle/wrapper/dists/gradle-3.3-all/55gk2rcmfc6p2dg9u9ohc3hw9/gradle-3.3/lib/plugins/gradle-platform-native-3.3.jar
7f6b88652000-7f6b88668000 r-xp 00000000 08:01 4985220                    /lib/x86_64-linux-gnu/libgcc_s.so.1
7f6b88668000-7f6b88867000 ---p 00016000 08:01 4985220                    /lib/x86_64-linux-gnu/libgcc_s.so.1
7f6b88867000-7f6b88868000 rw-p 00015000 08:01 4985220                    /lib/x86_64-linux-gnu/libgcc_s.so.1
7f6b88868000-7f6b889da000 r-xp 00000000 08:01 11012225                   /usr/lib/x86_64-linux-gnu/libstdc++.so.6.0.21
7f6b889da000-7f6b88bda000 ---p 00172000 08:01 11012225                   /usr/lib/x86_64-linux-gnu/libstdc++.so.6.0.21
7f6b88bda000-7f6b88be4000 r--p 00172000 08:01 11012225                   /usr/lib/x86_64-linux-gnu/libstdc++.so.6.0.21
7f6b88be4000-7f6b88be6000 rw-p 0017c000 08:01 11012225                   /usr/lib/x86_64-linux-gnu/libstdc++.so.6.0.21
7f6b88be6000-7f6b88bea000 rw-p 00000000 00:00 0 
7f6b88bea000-7f6b88bef000 r-xp 00000000 08:01 34345271                   /root/.gradle/native/23/linux-amd64/libnative-platform.so
7f6b88bef000-7f6b88dee000 ---p 00005000 08:01 34345271                   /root/.gradle/native/23/linux-amd64/libnative-platform.so
7f6b88dee000-7f6b88def000 rw-p 00004000 08:01 34345271                   /root/.gradle/native/23/linux-amd64/libnative-platform.so
7f6b88def000-7f6b88e00000 r-xp 00000000 08:01 11144059                   /usr/local/java/jdk1.8.0_121/jre/lib/amd64/libnio.so
7f6b88e00000-7f6b88fff000 ---p 00011000 08:01 11144059                   /usr/local/java/jdk1.8.0_121/jre/lib/amd64/libnio.so
7f6b88fff000-7f6b89000000 rw-p 00010000 08:01 11144059                   /usr/local/java/jdk1.8.0_121/jre/lib/amd64/libnio.so
7f6b89000000-7f6b8c000000 rw-p 00000000 00:00 0 
7f6b8c000000-7f6b8c021000 rw-p 00000000 00:00 0 
7f6b8c021000-7f6b90000000 ---p 00000000 00:00 0 
7f6b90000000-7f6b90001000 r--s 00004000 08:01 34341940                   /root/.gradle/wrapper/dists/gradle-3.3-all/55gk2rcmfc6p2dg9u9ohc3hw9/gradle-3.3/lib/plugins/gradle-resources-sftp-3.3.jar
7f6b90001000-7f6b90003000 r--s 00009000 08:01 34341937                   /root/.gradle/wrapper/dists/gradle-3.3-all/55gk2rcmfc6p2dg9u9ohc3hw9/gradle-3.3/lib/plugins/gradle-plugin-development-3.3.jar
7f6b90003000-7f6b90009000 r--s 0002b000 08:01 34341930                   /root/.gradle/wrapper/dists/gradle-3.3-all/55gk2rcmfc6p2dg9u9ohc3hw9/gradle-3.3/lib/plugins/gradle-platform-play-3.3.jar
7f6b90009000-7f6b9000e000 r--s 0001f000 08:01 34341924                   /root/.gradle/wrapper/dists/gradle-3.3-all/55gk2rcmfc6p2dg9u9ohc3hw9/gradle-3.3/lib/plugins/gradle-platform-jvm-3.3.jar
7f6b9000e000-7f6b90016000 r--s 00027000 08:01 34341923                   /root/.gradle/wrapper/dists/gradle-3.3-all/55gk2rcmfc6p2dg9u9ohc3hw9/gradle-3.3/lib/plugins/gradle-platform-base-3.3.jar
7f6b90016000-7f6b9003e000 r--s 0021c000 08:01 34341956                   /root/.gradle/wrapper/dists/gradle-3.3-all/55gk2rcmfc6p2dg9u9ohc3hw9/gradle-3.3/lib/plugins/biz.aQute.bndlib-3.2.0.jar
7f6b9003e000-7f6b90040000 r--s 00003000 08:01 34341908                   /root/.gradle/wrapper/dists/gradle-3.3-all/55gk2rcmfc6p2dg9u9ohc3hw9/gradle-3.3/lib/plugins/gradle-osgi-3.3.jar
7f6b90040000-7f6b90043000 r--s 0000c000 08:01 34341959                   /root/.gradle/wrapper/dists/gradle-3.3-all/55gk2rcmfc6p2dg9u9ohc3hw9/gradle-3.3/lib/plugins/pmaven-groovy-0.8-20100325.jar
7f6b90043000-7f6b90044000 r--s 00004000 08:01 34341958                   /root/.gradle/wrapper/dists/gradle-3.3-all/55gk2rcmfc6p2dg9u9ohc3hw9/gradle-3.3/lib/plugins/pmaven-common-0.8-20100325.jar
7f6b90044000-7f6b9004a000 r--s 00023000 08:01 34341909                   /root/.gradle/wrapper/dists/gradle-3.3-all/55gk2rcmfc6p2dg9u9ohc3hw9/gradle-3.3/lib/plugins/gradle-maven-3.3.jar
7f6b9004a000-7f6b9004d000 r--s 0000b000 08:01 34341928                   /root/.gradle/wrapper/dists/gradle-3.3-all/55gk2rcmfc6p2dg9u9ohc3hw9/gradle-3.3/lib/plugins/gradle-language-scala-3.3.jar
7f6b9004d000-7f6b90053000 r--s 0001a000 08:01 34341932                   /root/.gradle/wrapper/dists/gradle-3.3-all/55gk2rcmfc6p2dg9u9ohc3hw9/gradle-3.3/lib/plugins/gradle-language-native-3.3.jar
7f6b90053000-7f6b90056000 r--s 00005000 08:01 34341925                   /root/.gradle/wrapper/dists/gradle-3.3-all/55gk2rcmfc6p2dg9u9ohc3hw9/gradle-3.3/lib/plugins/gradle-language-jvm-3.3.jar
7f6b90056000-7f6b9005c000 r--s 00027000 08:01 34341926                   /root/.gradle/wrapper/dists/gradle-3.3-all/55gk2rcmfc6p2dg9u9ohc3hw9/gradle-3.3/lib/plugins/gradle-language-java-3.3.jar
7f6b9005c000-7f6b9005e000 r--s 0000a000 08:01 34341927                   /root/.gradle/wrapper/dists/gradle-3.3-all/55gk2rcmfc6p2dg9u9ohc3hw9/gradle-3.3/lib/plugins/gradle-language-groovy-3.3.jar
7f6b9005e000-7f6b90061000 r--s 0001e000 08:01 34341983                   /root/.gradle/wrapper/dists/gradle-3.3-all/55gk2rcmfc6p2dg9u9ohc3hw9/gradle-3.3/lib/plugins/jsp-api-2.1-6.1.14.jar
7f6b90061000-7f6b90084000 r--s 00344000 08:01 34341982                   /root/.gradle/wrapper/dists/gradle-3.3-all/55gk2rcmfc6p2dg9u9ohc3hw9/gradle-3.3/lib/plugins/core-3.1.1.jar
7f6b90084000-7f6b90085000 r--s 00006000 08:01 34341981                   /root/.gradle/wrapper/dists/gradle-3.3-all/55gk2rcmfc6p2dg9u9ohc3hw9/gradle-3.3/lib/plugins/jetty-naming-6.1.26.jar
7f6b90085000-7f6b90086000 r--s 00002000 08:01 34341955                   /root/.gradle/wrapper/dists/gradle-3.3-all/55gk2rcmfc6p2dg9u9ohc3hw9/gradle-3.3/lib/plugins/geronimo-annotation_1.0_spec-1.0.jar
7f6b90086000-7f6b90088000 r--s 00002000 08:01 34341954                   /root/.gradle/wrapper/dists/gradle-3.3-all/55gk2rcmfc6p2dg9u9ohc3hw9/gradle-3.3/lib/plugins/jetty-annotations-6.1.26.jar
7f6b90088000-7f6b90099000 r--s 000ea000 08:01 34341953                   /root/.gradle/wrapper/dists/gradle-3.3-all/55gk2rcmfc6p2dg9u9ohc3hw9/gradle-3.3/lib/plugins/jsp-2.1-6.1.14.jar
7f6b90099000-7f6b9009b000 r--s 0000d000 08:01 34341952                   /root/.gradle/wrapper/dists/gradle-3.3-all/55gk2rcmfc6p2dg9u9ohc3hw9/gradle-3.3/lib/plugins/jetty-plus-6.1.26.jar
7f6b9009b000-7f6b9009d000 r--s 0001f000 08:01 34341951                   /root/.gradle/wrapper/dists/gradle-3.3-all/55gk2rcmfc6p2dg9u9ohc3hw9/gradle-3.3/lib/plugins/servlet-api-2.5-20081211.jar
7f6b9009d000-7f6b900a1000 r--s 00028000 08:01 34341950                   /root/.gradle/wrapper/dists/gradle-3.3-all/55gk2rcmfc6p2dg9u9ohc3hw9/gradle-3.3/lib/plugins/jetty-util-6.1.26.jar
7f6b900a1000-7f6b900a8000 r--s 0007d000 08:01 34341949                   /root/.gradle/wrapper/dists/gradle-3.3-all/55gk2rcmfc6p2dg9u9ohc3hw9/gradle-3.3/lib/plugins/jetty-6.1.26.jar
7f6b900a8000-7f6b900aa000 r--s 0000a000 08:01 34341906                   /root/.gradle/wrapper/dists/gradle-3.3-all/55gk2rcmfc6p2dg9u9ohc3hw9/gradle-3.3/lib/plugins/gradle-jetty-3.3.jar
7f6b900aa000-7f6b900b1000 r--s 00035000 08:01 34341964                   /root/.gradle/wrapper/dists/gradle-3.3-all/55gk2rcmfc6p2dg9u9ohc3hw9/gradle-3.3/lib/plugins/simple-4.1.21.jar
7f6b900b1000-7f6b900bd000 r--s 00100000 08:01 34341962                   /root/.gradle/wrapper/dists/gradle-3.3-all/55gk2rcmfc6p2dg9u9ohc3hw9/gradle-3.3/lib/plugins/rhino-1.7R3.jar
7f6b900bd000-7f6b900c1000 r--s 00012000 08:01 34341915                   /root/.gradle/wrapper/dists/gradle-3.3-all/55gk2rcmfc6p2dg9u9ohc3hw9/gradle-3.3/lib/plugins/gradle-javascript-3.3.jar
7f6b900c1000-7f6b900c3000 r--s 0000d000 08:01 34341921                   /root/.gradle/wrapper/dists/gradle-3.3-all/55gk2rcmfc6p2dg9u9ohc3hw9/gradle-3.3/lib/plugins/gradle-jacoco-3.3.jar
7f6b900c3000-7f6b900c6000 r--s 0000e000 08:01 34341920                   /root/.gradle/wrapper/dists/gradle-3.3-all/55gk2rcmfc6p2dg9u9ohc3hw9/gradle-3.3/lib/plugins/gradle-ivy-3.3.jar
7f6b900c6000-7f6b900c7000 r--s 00002000 08:01 34341931                   /root/.gradle/wrapper/dists/gradle-3.3-all/55gk2rcmfc6p2dg9u9ohc3hw9/gradle-3.3/lib/plugins/gradle-ide-play-3.3.jar
7f6b900c7000-7f6b900ca000 r--s 00013000 08:01 34341933                   /root/.gradle/wrapper/dists/gradle-3.3-all/55gk2rcmfc6p2dg9u9ohc3hw9/gradle-3.3/lib/plugins/gradle-ide-native-3.3.jar
7f6b900ca000-7f6b900d3000 r--s 00055000 08:01 34341910                   /root/.gradle/wrapper/dists/gradle-3.3-all/55gk2rcmfc6p2dg9u9ohc3hw9/gradle-3.3/lib/plugins/gradle-ide-3.3.jar
7f6b900d3000-7f6b900d5000 r--s 00007000 08:01 34341914                   /root/.gradle/wrapper/dists/gradle-3.3-all/55gk2rcmfc6p2dg9u9ohc3hw9/gradle-3.3/lib/plugins/gradle-ear-3.3.jar
7f6b900d5000-7f6b900db000 r--s 00039000 08:01 34341917                   /root/.gradle/wrapper/dists/gradle-3.3-all/55gk2rcmfc6p2dg9u9ohc3hw9/gradle-3.3/lib/plugins/gradle-diagnostics-3.3.jar
7f6b900db000-7f6b900dc000 r--s 00009000 08:01 34341943                   /root/.gradle/wrapper/dists/gradle-3.3-all/55gk2rcmfc6p2dg9u9ohc3hw9/gradle-3.3/lib/plugins/gradle-composite-builds-3.3.jar
7f6b900dc000-7f6b900e0000 r--s 00023000 08:01 34341905                   /root/.gradle/wrapper/dists/gradle-3.3-all/55gk2rcmfc6p2dg9u9ohc3hw9/gradle-3.3/lib/plugins/gradle-code-quality-3.3.jar
7f6b900e0000-7f6b900e4000 r--s 00022000 08:01 34341922                   /root/.gradle/wrapper/dists/gradle-3.3-all/55gk2rcmfc6p2dg9u9ohc3hw9/gradle-3.3/lib/plugins/gradle-build-init-3.3.jar
7f6b900e4000-7f6b900ea000 r--s 0008e000 08:01 34341916                   /root/.gradle/wrapper/dists/gradle-3.3-all/55gk2rcmfc6p2dg9u9ohc3hw9/gradle-3.3/lib/plugins/gradle-build-comparison-3.3.jar
7f6b900ea000-7f6b900eb000 r--s 00001000 08:01 34341944                   /root/.gradle/wrapper/dists/gradle-3.3-all/55gk2rcmfc6p2dg9u9ohc3hw9/gradle-3.3/lib/plugins/gradle-build-cache-http-3.3.jar
7f6b900eb000-7f6b900ed000 r--s 00008000 08:01 34341907                   /root/.gradle/wrapper/dists/gradle-3.3-all/55gk2rcmfc6p2dg9u9ohc3hw9/gradle-3.3/lib/plugins/gradle-antlr-3.3.jar
7f6b900ed000-7f6b900ef000 r--s 00004000 08:01 34341911                   /root/.gradle/wrapper/dists/gradle-3.3-all/55gk2rcmfc6p2dg9u9ohc3hw9/gradle-3.3/lib/plugins/gradle-announce-3.3.jar
7f6b900ef000-7f6b90107000 r--s 00115000 08:01 34342013                   /root/.gradle/wrapper/dists/gradle-3.3-all/55gk2rcmfc6p2dg9u9ohc3hw9/gradle-3.3/lib/plugins/xercesImpl-2.9.1.jar
7f6b90107000-7f6b9010f000 r--s 00028000 08:01 34342014                   /root/.gradle/wrapper/dists/gradle-3.3-all/55gk2rcmfc6p2dg9u9ohc3hw9/gradle-3.3/lib/plugins/xml-apis-1.3.04.jar
7f6b9010f000-7f6b90115000 r--s 0005b000 08:01 34342012                   /root/.gradle/wrapper/dists/gradle-3.3-all/55gk2rcmfc6p2dg9u9ohc3hw9/gradle-3.3/lib/plugins/jcifs-1.3.17.jar
7f6b90115000-7f6b9011b000 r--s 00033000 08:01 34341960                   /root/.gradle/wrapper/dists/gradle-3.3-all/55gk2rcmfc6p2dg9u9ohc3hw9/gradle-3.3/lib/plugins/commons-codec-1.6.jar
7f6b9011b000-7f6b90122000 r--s 00049000 08:01 34342011                   /root/.gradle/wrapper/dists/gradle-3.3-all/55gk2rcmfc6p2dg9u9ohc3hw9/gradle-3.3/lib/plugins/httpcore-4.4.4.jar
7f6b90122000-7f6b90125000 r--s 0001c000 08:01 34341969                   /root/.gradle/wrapper/dists/gradle-3.3-all/55gk2rcmfc6p2dg9u9ohc3hw9/gradle-3.3/lib/plugins/nekohtml-1.9.14.jar
7f6b90125000-7f6b90132000 r--s 000a4000 08:01 34341968                   /root/.gradle/wrapper/dists/gradle-3.3-all/55gk2rcmfc6p2dg9u9ohc3hw9/gradle-3.3/lib/plugins/httpclient-4.4.1.jar
7f6b90132000-7f6b90135000 r--s 0000a000 08:01 34341939                   /root/.gradle/wrapper/dists/gradle-3.3-all/55gk2rcmfc6p2dg9u9ohc3hw9/gradle-3.3/lib/plugins/gradle-resources-http-3.3.jar
7f6b90135000-7f6b90139000 r--s 00015000 08:01 34341938                   /root/.gradle/wrapper/dists/gradle-3.3-all/55gk2rcmfc6p2dg9u9ohc3hw9/gradle-3.3/lib/plugins/gradle-plugin-use-3.3.jar
7f6b90139000-7f6b9013a000 r--s 00000000 08:01 34341850                   /root/.gradle/wrapper/dists/gradle-3.3-all/55gk2rcmfc6p2dg9u9ohc3hw9/gradle-3.3/lib/gradle-installation-beacon-3.3.jar
7f6b9013a000-7f6b9013c000 r--s 00006000 08:01 34342007                   /root/.gradle/wrapper/dists/gradle-3.3-all/55gk2rcmfc6p2dg9u9ohc3hw9/gradle-3.3/lib/plugins/aether-connector-wagon-1.13.1.jar
7f6b9013c000-7f6b90140000 r--s 0001c000 08:01 34342006                   /root/.gradle/wrapper/dists/gradle-3.3-all/55gk2rcmfc6p2dg9u9ohc3hw9/gradle-3.3/lib/plugins/aether-util-1.13.1.jar
7f6b90140000-7f6b90141000 r--s 00003000 08:01 34342005                   /root/.gradle/wrapper/dists/gradle-3.3-all/55gk2rcmfc6p2dg9u9ohc3hw9/gradle-3.3/lib/plugins/aether-spi-1.13.1.jar
7f6b90141000-7f6b90144000 r--s 0001d000 08:01 34342004                   /root/.gradle/wrapper/dists/gradle-3.3-all/55gk2rcmfc6p2dg9u9ohc3hw9/gradle-3.3/lib/plugins/aether-impl-1.13.1.jar
7f6b90144000-7f6b90147000 r--s 00013000 08:01 34342003                   /root/.gradle/wrapper/dists/gradle-3.3-all/55gk2rcmfc6p2dg9u9ohc3hw9/gradle-3.3/lib/plugins/aether-api-1.13.1.jar
7f6b90147000-7f6b90148000 r--s 00007000 08:01 34342002                   /root/.gradle/wrapper/dists/gradle-3.3-all/55gk2rcmfc6p2dg9u9ohc3hw9/gradle-3.3/lib/plugins/wagon-http-shared4-2.4.jar
7f6b90148000-7f6b9014a000 r--s 0000b000 08:01 34342001                   /root/.gradle/wrapper/dists/gradle-3.3-all/55gk2rcmfc6p2dg9u9ohc3hw9/gradle-3.3/lib/plugins/wagon-provider-api-2.4.jar
7f6b9014a000-7f6b9014b000 r--s 00002000 08:01 34342000                   /root/.gradle/wrapper/dists/gradle-3.3-all/55gk2rcmfc6p2dg9u9ohc3hw9/gradle-3.3/lib/plugins/wagon-http-2.4.jar
7f6b9014b000-7f6b9014c000 r--s 00002000 08:01 34341999                   /root/.gradle/wrapper/dists/gradle-3.3-all/55gk2rcmfc6p2dg9u9ohc3hw9/gradle-3.3/lib/plugins/wagon-file-2.4.jar
7f6b9014c000-7f6b9014e000 r--s 0000c000 08:01 34341998                   /root/.gradle/wrapper/dists/gradle-3.3-all/55gk2rcmfc6p2dg9u9ohc3hw9/gradle-3.3/lib/plugins/maven-aether-provider-3.0.4.jar
7f6b9014e000-7f6b90150000 r--s 0000b000 08:01 34341997                   /root/.gradle/wrapper/dists/gradle-3.3-all/55gk2rcmfc6p2dg9u9ohc3hw9/gradle-3.3/lib/plugins/maven-plugin-api-3.0.4.jar
7f6b90150000-7f6b90152000 r--s 00006000 08:01 34341996                   /root/.gradle/wrapper/dists/gradle-3.3-all/55gk2rcmfc6p2dg9u9ohc3hw9/gradle-3.3/lib/plugins/maven-repository-metadata-3.0.4.jar
7f6b90152000-7f6b90154000 r--s 0000b000 08:01 34341995                   /root/.gradle/wrapper/dists/gradle-3.3-all/55gk2rcmfc6p2dg9u9ohc3hw9/gradle-3.3/lib/plugins/maven-artifact-3.0.4.jar
7f6b90154000-7f6b90156000 r--s 00026000 08:01 34341994                   /root/.gradle/wrapper/dists/gradle-3.3-all/55gk2rcmfc6p2dg9u9ohc3hw9/gradle-3.3/lib/plugins/maven-model-3.0.4.jar
7f6b90156000-7f6b9015a000 r--s 00021000 08:01 34341993                   /root/.gradle/wrapper/dists/gradle-3.3-all/55gk2rcmfc6p2dg9u9ohc3hw9/gradle-3.3/lib/plugins/maven-model-builder-3.0.4.jar
7f6b9015a000-7f6b90160000 r--s 0003f000 08:01 34341992                   /root/.gradle/wrapper/dists/gradle-3.3-all/55gk2rcmfc6p2dg9u9ohc3hw9/gradle-3.3/lib/plugins/maven-compat-3.0.4.jar
7f6b90160000-7f6b90161000 r--s 00006000 08:01 34341991                   /root/.gradle/wrapper/dists/gradle-3.3-all/55gk2rcmfc6p2dg9u9ohc3hw9/gradle-3.3/lib/plugins/plexus-sec-dispatcher-1.3.jar
7f6b90161000-7f6b90163000 r--s 00002000 08:01 34341990                   /root/.gradle/wrapper/dists/gradle-3.3-all/55gk2rcmfc6p2dg9u9ohc3hw9/gradle-3.3/lib/plugins/plexus-cipher-1.7.jar
7f6b90163000-7f6b90165000 r--s 0000a000 08:01 34341989                   /root/.gradle/wrapper/dists/gradle-3.3-all/55gk2rcmfc6p2dg9u9ohc3hw9/gradle-3.3/lib/plugins/plexus-classworlds-2.4.jar
7f6b90165000-7f6b9016c000 r--s 0002e000 08:01 34341988                   /root/.gradle/wrapper/dists/gradle-3.3-all/55gk2rcmfc6p2dg9u9ohc3hw9/gradle-3.3/lib/plugins/plexus-container-default-1.5.5.jar
7f6b9016c000-7f6b9016e000 r--s 00000000 08:01 34342015                   /root/.gradle/wrapper/dists/gradle-3.3-all/55gk2rcmfc6p2dg9u9ohc3hw9/gradle-3.3/lib/plugins/plexus-component-annotations-1.5.5.jar
7f6b9016e000-7f6b90170000 r--s 0000d000 08:01 34341987                   /root/.gradle/wrapper/dists/gradle-3.3-all/55gk2rcmfc6p2dg9u9ohc3hw9/gradle-3.3/lib/plugins/plexus-interpolation-1.14.jar
7f6b90170000-7f6b90174000 r--s 00033000 08:01 34341986                   /root/.gradle/wrapper/dists/gradle-3.3-all/55gk2rcmfc6p2dg9u9ohc3hw9/gradle-3.3/lib/plugins/plexus-utils-2.0.6.jar
7f6b90174000-7f6b90177000 r--s 00008000 08:01 34341985                   /root/.gradle/wrapper/dists/gradle-3.3-all/55gk2rcmfc6p2dg9u9ohc3hw9/gradle-3.3/lib/plugins/maven-settings-builder-3.0.4.jar
7f6b90177000-7f6b90179000 r--s 0000a000 08:01 34341984                   /root/.gradle/wrapper/dists/gradle-3.3-all/55gk2rcmfc6p2dg9u9ohc3hw9/gradle-3.3/lib/plugins/maven-settings-3.0.4.jar
7f6b90179000-7f6b9017e000 r--s 00040000 08:01 34341970                   /root/.gradle/wrapper/dists/gradle-3.3-all/55gk2rcmfc6p2dg9u9ohc3hw9/gradle-3.3/lib/plugins/jsch-0.1.53.jar
7f6b9017e000-7f6b901be000 r--s 00277000 08:01 34341980                   /root/.gradle/wrapper/dists/gradle-3.3-all/55gk2rcmfc6p2dg9u9ohc3hw9/gradle-3.3/lib/plugins/bcprov-jdk15on-1.51.jar
7f6b901be000-7f6b901c2000 r--s 0001d000 08:01 34341979                   /root/.gradle/wrapper/dists/gradle-3.3-all/55gk2rcmfc6p2dg9u9ohc3hw9/gradle-3.3/lib/plugins/xbean-reflect-3.4.jar
7f6b901c2000-7f6b901ce000 r--s 0007d000 08:01 34341957                   /root/.gradle/wrapper/dists/gradle-3.3-all/55gk2rcmfc6p2dg9u9ohc3hw9/gradle-3.3/lib/plugins/maven-core-3.0.4.jar
7f6b901ce000-7f6b901d3000 r--s 00034000 08:01 34341963                   /root/.gradle/wrapper/dists/gradle-3.3-all/55gk2rcmfc6p2dg9u9ohc3hw9/gradle-3.3/lib/plugins/gson-2.7.jar
7f6b901d3000-7f6b901e2000 r--s 000d9000 08:01 34341978                   /root/.gradle/wrapper/dists/gradle-3.3-all/55gk2rcmfc6p2dg9u9ohc3hw9/gradle-3.3/lib/plugins/ivy-2.2.0.jar
7f6b901e2000-7f6b90201000 r--s 000f6000 08:01 34341946                   /root/.gradle/wrapper/dists/gradle-3.3-all/55gk2rcmfc6p2dg9u9ohc3hw9/gradle-3.3/lib/plugins/gradle-dependency-management-3.3.jar
7f6b90201000-7f6b90203000 r--s 00005000 08:01 34341945                   /root/.gradle/wrapper/dists/gradle-3.3-all/55gk2rcmfc6p2dg9u9ohc3hw9/gradle-3.3/lib/plugins/gradle-workers-3.3.jar
7f6b90203000-7f6b90219000 r-xp 00000000 08:01 11144034                   /usr/local/java/jdk1.8.0_121/jre/lib/amd64/libnet.so
7f6b90219000-7f6b90419000 ---p 00016000 08:01 11144034                   /usr/local/java/jdk1.8.0_121/jre/lib/amd64/libnet.so
7f6b90419000-7f6b9041a000 rw-p 00016000 08:01 11144034                   /usr/local/java/jdk1.8.0_121/jre/lib/amd64/libnet.so
7f6b9041a000-7f6b9041b000 r--s 00006000 08:01 34341849                   /root/.gradle/wrapper/dists/gradle-3.3-all/55gk2rcmfc6p2dg9u9ohc3hw9/gradle-3.3/lib/gradle-wrapper-3.3.jar
7f6b9041b000-7f6b90428000 r--s 00041000 08:01 34341856                   /root/.gradle/wrapper/dists/gradle-3.3-all/55gk2rcmfc6p2dg9u9ohc3hw9/gradle-3.3/lib/gradle-tooling-api-3.3.jar
7f6b90428000-7f6b9042a000 r--s 00002000 08:01 34341876                   /root/.gradle/wrapper/dists/gradle-3.3-all/55gk2rcmfc6p2dg9u9ohc3hw9/gradle-3.3/lib/gradle-open-api-3.3.jar
7f6b9042a000-7f6b90430000 r--s 00032000 08:01 34341878                   /root/.gradle/wrapper/dists/gradle-3.3-all/55gk2rcmfc6p2dg9u9ohc3hw9/gradle-3.3/lib/jaxen-1.1.jar
7f6b90430000-7f6b90435000 r--s 00048000 08:01 34341877                   /root/.gradle/wrapper/dists/gradle-3.3-all/55gk2rcmfc6p2dg9u9ohc3hw9/gradle-3.3/lib/dom4j-1.6.1.jar
7f6b90435000-7f6b90440000 r--s 00059000 08:01 34341855                   /root/.gradle/wrapper/dists/gradle-3.3-all/55gk2rcmfc6p2dg9u9ohc3hw9/gradle-3.3/lib/gradle-ui-3.3.jar
7f6b90440000-7f6b90449000 r--s 0008c000 08:01 34341847                   /root/.gradle/wrapper/dists/gradle-3.3-all/55gk2rcmfc6p2dg9u9ohc3hw9/gradle-3.3/lib/kotlin-stdlib-1.1-M02.jar
7f6b90449000-7f6b9044f000 r--s 0002a000 08:01 34341846                   /root/.gradle/wrapper/dists/gradle-3.3-all/55gk2rcmfc6p2dg9u9ohc3hw9/gradle-3.3/lib/kotlin-runtime-1.1-M02.jar
7f6b9044f000-7f6b90483000 r--s 00256000 08:01 34341845                   /root/.gradle/wrapper/dists/gradle-3.3-all/55gk2rcmfc6p2dg9u9ohc3hw9/gradle-3.3/lib/kotlin-reflect-1.1-M02.jar
7f6b90483000-7f6b90619000 r--s 0157e000 08:01 34341844                   /root/.gradle/wrapper/dists/gradle-3.3-all/55gk2rcmfc6p2dg9u9ohc3hw9/gradle-3.3/lib/kotlin-compiler-embeddable-1.1-M02.jar
7f6b90619000-7f6b90621000 r--s 0004e000 08:01 34341843                   /root/.gradle/wrapper/dists/gradle-3.3-all/55gk2rcmfc6p2dg9u9ohc3hw9/gradle-3.3/lib/gradle-script-kotlin-0.5.1.jar
7f6b90621000-7f6b90624000 r--s 0000b000 08:01 34341874                   /root/.gradle/wrapper/dists/gradle-3.3-all/55gk2rcmfc6p2dg9u9ohc3hw9/gradle-3.3/lib/gradle-resources-3.3.jar
7f6b90624000-7f6b90626000 r--s 00003000 08:01 34341883                   /root/.gradle/wrapper/dists/gradle-3.3-all/55gk2rcmfc6p2dg9u9ohc3hw9/gradle-3.3/lib/jcl-over-slf4j-1.7.10.jar
7f6b90626000-7f6b90627000 r--s 00005000 08:01 34341882                   /root/.gradle/wrapper/dists/gradle-3.3-all/55gk2rcmfc6p2dg9u9ohc3hw9/gradle-3.3/lib/log4j-over-slf4j-1.7.10.jar
7f6b90627000-7f6b90629000 r--s 00000000 08:01 34341881                   /root/.gradle/wrapper/dists/gradle-3.3-all/55gk2rcmfc6p2dg9u9ohc3hw9/gradle-3.3/lib/jul-to-slf4j-1.7.10.jar
7f6b90629000-7f6b9062e000 r--s 0001e000 08:01 34341858                   /root/.gradle/wrapper/dists/gradle-3.3-all/55gk2rcmfc6p2dg9u9ohc3hw9/gradle-3.3/lib/gradle-logging-3.3.jar
7f6b9062e000-7f6b90630000 r--s 00007000 08:01 34341902                   /root/.gradle/wrapper/dists/gradle-3.3-all/55gk2rcmfc6p2dg9u9ohc3hw9/gradle-3.3/lib/objenesis-1.2.jar
7f6b90630000-7f6b90632000 r--s 00000000 08:01 34341901                   /root/.gradle/wrapper/dists/gradle-3.3-all/55gk2rcmfc6p2dg9u9ohc3hw9/gradle-3.3/lib/minlog-1.2.jar
7f6b90632000-7f6b90634000 r--s 0000f000 08:01 34341900                   /root/.gradle/wrapper/dists/gradle-3.3-all/55gk2rcmfc6p2dg9u9ohc3hw9/gradle-3.3/lib/reflectasm-1.07-shaded.jar
7f6b90634000-7f6b90638000 r--s 00026000 08:01 34341885                   /root/.gradle/wrapper/dists/gradle-3.3-all/55gk2rcmfc6p2dg9u9ohc3hw9/gradle-3.3/lib/kryo-2.20.jar
7f6b90638000-7f6b9063e000 r--s 00027000 08:01 34341873                   /root/.gradle/wrapper/dists/gradle-3.3-all/55gk2rcmfc6p2dg9u9ohc3hw9/gradle-3.3/lib/gradle-messaging-3.3.jar
7f6b9063e000-7f6b9063f000 r--s 00001000 08:01 34341899                   /root/.gradle/wrapper/dists/gradle-3.3-all/55gk2rcmfc6p2dg9u9ohc3hw9/gradle-3.3/lib/native-platform-linux-i386-ncurses6-0.12.jar
7f6b9063f000-7f6b90640000 r--s 00001000 08:01 34341898                   /root/.gradle/wrapper/dists/gradle-3.3-all/55gk2rcmfc6p2dg9u9ohc3hw9/gradle-3.3/lib/native-platform-linux-i386-ncurses5-0.12.jar
7f6b90640000-7f6b90641000 r--s 00001000 08:01 34341897                   /root/.gradle/wrapper/dists/gradle-3.3-all/55gk2rcmfc6p2dg9u9ohc3hw9/gradle-3.3/lib/native-platform-linux-amd64-ncurses6-0.12.jar
7f6b90641000-7f6b90642000 r--s 00001000 08:01 34341896                   /root/.gradle/wrapper/dists/gradle-3.3-all/55gk2rcmfc6p2dg9u9ohc3hw9/gradle-3.3/lib/native-platform-linux-amd64-ncurses5-0.12.jar
7f6b90642000-7f6b90643000 r--s 0000b000 08:01 34341895                   /root/.gradle/wrapper/dists/gradle-3.3-all/55gk2rcmfc6p2dg9u9ohc3hw9/gradle-3.3/lib/native-platform-windows-i386-0.12.jar
7f6b90643000-7f6b90645000 r--s 0000b000 08:01 34341894                   /root/.gradle/wrapper/dists/gradle-3.3-all/55gk2rcmfc6p2dg9u9ohc3hw9/gradle-3.3/lib/native-platform-windows-amd64-0.12.jar
7f6b90645000-7f6b90647000 r--s 00002000 08:01 34341893                   /root/.gradle/wrapper/dists/gradle-3.3-all/55gk2rcmfc6p2dg9u9ohc3hw9/gradle-3.3/lib/native-platform-osx-i386-0.12.jar
7f6b90647000-7f6b90648000 r--s 00002000 08:01 34341892                   /root/.gradle/wrapper/dists/gradle-3.3-all/55gk2rcmfc6p2dg9u9ohc3hw9/gradle-3.3/lib/native-platform-osx-amd64-0.12.jar
7f6b90648000-7f6b90649000 r--s 00002000 08:01 34341891                   /root/.gradle/wrapper/dists/gradle-3.3-all/55gk2rcmfc6p2dg9u9ohc3hw9/gradle-3.3/lib/native-platform-linux-i386-0.12.jar
7f6b90649000-7f6b9064a000 r--s 00002000 08:01 34341890                   /root/.gradle/wrapper/dists/gradle-3.3-all/55gk2rcmfc6p2dg9u9ohc3hw9/gradle-3.3/lib/native-platform-linux-amd64-0.12.jar
7f6b9064a000-7f6b9064b000 r--s 00003000 08:01 34341889                   /root/.gradle/wrapper/dists/gradle-3.3-all/55gk2rcmfc6p2dg9u9ohc3hw9/gradle-3.3/lib/native-platform-freebsd-i386-libstdcpp-0.12.jar
7f6b9064b000-7f6b9064c000 r--s 00004000 08:01 34341888                   /root/.gradle/wrapper/dists/gradle-3.3-all/55gk2rcmfc6p2dg9u9ohc3hw9/gradle-3.3/lib/native-platform-freebsd-i386-libcpp-0.12.jar
7f6b9064c000-7f6b9064e000 r--s 00003000 08:01 34341887                   /root/.gradle/wrapper/dists/gradle-3.3-all/55gk2rcmfc6p2dg9u9ohc3hw9/gradle-3.3/lib/native-platform-freebsd-amd64-libstdcpp-0.12.jar
7f6b9064e000-7f6b9064f000 r--s 00004000 08:01 34341886                   /root/.gradle/wrapper/dists/gradle-3.3-all/55gk2rcmfc6p2dg9u9ohc3hw9/gradle-3.3/lib/native-platform-freebsd-amd64-libcpp-0.12.jar
7f6b9064f000-7f6b90652000 r--s 00023000 08:01 34341880                   /root/.gradle/wrapper/dists/gradle-3.3-all/55gk2rcmfc6p2dg9u9ohc3hw9/gradle-3.3/lib/jansi-1.14.jar
7f6b90652000-7f6b90656000 r--s 00011000 08:01 34341879                   /root/.gradle/wrapper/dists/gradle-3.3-all/55gk2rcmfc6p2dg9u9ohc3hw9/gradle-3.3/lib/native-platform-0.12.jar
7f6b90656000-7f6b90659000 r--s 0000a000 08:01 34341857                   /root/.gradle/wrapper/dists/gradle-3.3-all/55gk2rcmfc6p2dg9u9ohc3hw9/gradle-3.3/lib/gradle-native-3.3.jar
7f6b90659000-7f6b9065b000 r--s 00005000 08:01 34341854                   /root/.gradle/wrapper/dists/gradle-3.3-all/55gk2rcmfc6p2dg9u9ohc3hw9/gradle-3.3/lib/gradle-cli-3.3.jar
7f6b9065b000-7f6b9066a000 r--s 0007f000 08:01 34341864                   /root/.gradle/wrapper/dists/gradle-3.3-all/55gk2rcmfc6p2dg9u9ohc3hw9/gradle-3.3/lib/gradle-model-core-3.3.jar
7f6b9066a000-7f6b906da000 r--s 00641000 08:01 34341863                   /root/.gradle/wrapper/dists/gradle-3.3-all/55gk2rcmfc6p2dg9u9ohc3hw9/gradle-3.3/lib/groovy-all-2.4.7.jar
7f6b906da000-7f6b90702000 r--s 001cf000 08:01 34341860                   /root/.gradle/wrapper/dists/gradle-3.3-all/55gk2rcmfc6p2dg9u9ohc3hw9/gradle-3.3/lib/guava-jdk5-17.0.jar
7f6b90702000-7f6b90721000 r--s 001d1000 08:01 34341867                   /root/.gradle/wrapper/dists/gradle-3.3-all/55gk2rcmfc6p2dg9u9ohc3hw9/gradle-3.3/lib/ant-1.9.6.jar
7f6b90721000-7f6b90722000 ---p 00000000 00:00 0 
7f6b90722000-7f6b90822000 rw-p 00000000 00:00 0 
7f6b90822000-7f6b90825000 ---p 00000000 00:00 0 
7f6b90825000-7f6b90923000 rw-p 00000000 00:00 0 
7f6b90923000-7f6b90926000 ---p 00000000 00:00 0 
7f6b90926000-7f6b90a24000 rw-p 00000000 00:00 0 
7f6b90a24000-7f6b90a27000 ---p 00000000 00:00 0 
7f6b90a27000-7f6b90b25000 rw-p 00000000 00:00 0 
7f6b90b25000-7f6b90b28000 ---p 00000000 00:00 0 
7f6b90b28000-7f6b90c26000 rw-p 00000000 00:00 0 
7f6b90c26000-7f6b90c29000 ---p 00000000 00:00 0 
7f6b90c29000-7f6b90d27000 rw-p 00000000 00:00 0 
7f6b90d27000-7f6b91000000 r--p 00000000 08:01 11010498                   /usr/lib/locale/locale-archive
7f6b91000000-7f6b91a00000 rwxp 00000000 00:00 0 
7f6b91a00000-7f6ba0000000 ---p 00000000 00:00 0 
7f6ba0000000-7f6ba0d4c000 rw-p 00000000 00:00 0 
7f6ba0d4c000-7f6ba4000000 ---p 00000000 00:00 0 
7f6ba4000000-7f6ba4002000 r--s 00007000 08:01 34341865                   /root/.gradle/wrapper/dists/gradle-3.3-all/55gk2rcmfc6p2dg9u9ohc3hw9/gradle-3.3/lib/gradle-model-groovy-3.3.jar
7f6ba4002000-7f6ba4004000 r--s 00006000 08:01 34341872                   /root/.gradle/wrapper/dists/gradle-3.3-all/55gk2rcmfc6p2dg9u9ohc3hw9/gradle-3.3/lib/gradle-base-services-groovy-3.3.jar
7f6ba4004000-7f6ba4005000 r--s 00002000 08:01 34341875                   /root/.gradle/wrapper/dists/gradle-3.3-all/55gk2rcmfc6p2dg9u9ohc3hw9/gradle-3.3/lib/gradle-docs-3.3.jar
7f6ba4005000-7f6ba4012000 r--s 00083000 08:01 34341868                   /root/.gradle/wrapper/dists/gradle-3.3-all/55gk2rcmfc6p2dg9u9ohc3hw9/gradle-3.3/lib/commons-collections-3.2.2.jar
7f6ba4012000-7f6ba404f000 r--s 001f8000 08:01 34341853                   /root/.gradle/wrapper/dists/gradle-3.3-all/55gk2rcmfc6p2dg9u9ohc3hw9/gradle-3.3/lib/gradle-core-3.3.jar
7f6ba404f000-7f6ba4052000 ---p 00000000 00:00 0 
7f6ba4052000-7f6ba4150000 rw-p 00000000 00:00 0 
7f6ba4150000-7f6ba4153000 ---p 00000000 00:00 0 
7f6ba4153000-7f6ba4251000 rw-p 00000000 00:00 0 
7f6ba4251000-7f6ba4252000 ---p 00000000 00:00 0 
7f6ba4252000-7f6ba5334000 rw-p 00000000 00:00 0 
7f6ba5334000-7f6ba550d000 r--s 03d3e000 08:01 11144026                   /usr/local/java/jdk1.8.0_121/jre/lib/rt.jar
7f6ba550d000-7f6ba6083000 rw-p 00000000 00:00 0 
7f6ba6083000-7f6ba6084000 ---p 00000000 00:00 0 
7f6ba6084000-7f6ba6184000 rw-p 00000000 00:00 0 
7f6ba6184000-7f6ba6185000 ---p 00000000 00:00 0 
7f6ba6185000-7f6ba6285000 rw-p 00000000 00:00 0 
7f6ba6285000-7f6ba6286000 ---p 00000000 00:00 0 
7f6ba6286000-7f6ba6386000 rw-p 00000000 00:00 0 
7f6ba6386000-7f6ba6387000 ---p 00000000 00:00 0 
7f6ba6387000-7f6ba64a7000 rw-p 00000000 00:00 0 
7f6ba64a7000-7f6ba6687000 ---p 00000000 00:00 0 
7f6ba6687000-7f6ba66a7000 rw-p 00000000 00:00 0 
7f6ba66a7000-7f6ba6887000 ---p 00000000 00:00 0 
7f6ba6887000-7f6ba68a7000 rw-p 00000000 00:00 0 
7f6ba68a7000-7f6ba6987000 ---p 00000000 00:00 0 
7f6ba6987000-7f6ba69b0000 rw-p 00000000 00:00 0 
7f6ba69b0000-7f6ba6d48000 ---p 00000000 00:00 0 
7f6ba6d48000-7f6ba6d62000 r-xp 00000000 08:01 11144057                   /usr/local/java/jdk1.8.0_121/jre/lib/amd64/libzip.so
7f6ba6d62000-7f6ba6f62000 ---p 0001a000 08:01 11144057                   /usr/local/java/jdk1.8.0_121/jre/lib/amd64/libzip.so
7f6ba6f62000-7f6ba6f63000 rw-p 0001a000 08:01 11144057                   /usr/local/java/jdk1.8.0_121/jre/lib/amd64/libzip.so
7f6ba6f63000-7f6ba6f6e000 r-xp 00000000 08:01 4981284                    /lib/x86_64-linux-gnu/libnss_files-2.23.so
7f6ba6f6e000-7f6ba716d000 ---p 0000b000 08:01 4981284                    /lib/x86_64-linux-gnu/libnss_files-2.23.so
7f6ba716d000-7f6ba716e000 r--p 0000a000 08:01 4981284                    /lib/x86_64-linux-gnu/libnss_files-2.23.so
7f6ba716e000-7f6ba716f000 rw-p 0000b000 08:01 4981284                    /lib/x86_64-linux-gnu/libnss_files-2.23.so
7f6ba716f000-7f6ba7175000 rw-p 00000000 00:00 0 
7f6ba7175000-7f6ba7180000 r-xp 00000000 08:01 4981297                    /lib/x86_64-linux-gnu/libnss_nis-2.23.so
7f6ba7180000-7f6ba737f000 ---p 0000b000 08:01 4981297                    /lib/x86_64-linux-gnu/libnss_nis-2.23.so
7f6ba737f000-7f6ba7380000 r--p 0000a000 08:01 4981297                    /lib/x86_64-linux-gnu/libnss_nis-2.23.so
7f6ba7380000-7f6ba7381000 rw-p 0000b000 08:01 4981297                    /lib/x86_64-linux-gnu/libnss_nis-2.23.so
7f6ba7381000-7f6ba7397000 r-xp 00000000 08:01 4981104                    /lib/x86_64-linux-gnu/libnsl-2.23.so
7f6ba7397000-7f6ba7596000 ---p 00016000 08:01 4981104                    /lib/x86_64-linux-gnu/libnsl-2.23.so
7f6ba7596000-7f6ba7597000 r--p 00015000 08:01 4981104                    /lib/x86_64-linux-gnu/libnsl-2.23.so
7f6ba7597000-7f6ba7598000 rw-p 00016000 08:01 4981104                    /lib/x86_64-linux-gnu/libnsl-2.23.so
7f6ba7598000-7f6ba759a000 rw-p 00000000 00:00 0 
7f6ba759a000-7f6ba75a2000 r-xp 00000000 08:01 4981312                    /lib/x86_64-linux-gnu/libnss_compat-2.23.so
7f6ba75a2000-7f6ba77a1000 ---p 00008000 08:01 4981312                    /lib/x86_64-linux-gnu/libnss_compat-2.23.so
7f6ba77a1000-7f6ba77a2000 r--p 00007000 08:01 4981312                    /lib/x86_64-linux-gnu/libnss_compat-2.23.so
7f6ba77a2000-7f6ba77a3000 rw-p 00008000 08:01 4981312                    /lib/x86_64-linux-gnu/libnss_compat-2.23.so
7f6ba77a3000-7f6ba77ce000 r-xp 00000000 08:01 11144613                   /usr/local/java/jdk1.8.0_121/jre/lib/amd64/libjava.so
7f6ba77ce000-7f6ba79cd000 ---p 0002b000 08:01 11144613                   /usr/local/java/jdk1.8.0_121/jre/lib/amd64/libjava.so
7f6ba79cd000-7f6ba79cf000 rw-p 0002a000 08:01 11144613                   /usr/local/java/jdk1.8.0_121/jre/lib/amd64/libjava.so
7f6ba79cf000-7f6ba79dc000 r-xp 00000000 08:01 11144035                   /usr/local/java/jdk1.8.0_121/jre/lib/amd64/libverify.so
7f6ba79dc000-7f6ba7bdb000 ---p 0000d000 08:01 11144035                   /usr/local/java/jdk1.8.0_121/jre/lib/amd64/libverify.so
7f6ba7bdb000-7f6ba7bdd000 rw-p 0000c000 08:01 11144035                   /usr/local/java/jdk1.8.0_121/jre/lib/amd64/libverify.so
7f6ba7bdd000-7f6ba7be4000 r-xp 00000000 08:01 4981304                    /lib/x86_64-linux-gnu/librt-2.23.so
7f6ba7be4000-7f6ba7de3000 ---p 00007000 08:01 4981304                    /lib/x86_64-linux-gnu/librt-2.23.so
7f6ba7de3000-7f6ba7de4000 r--p 00006000 08:01 4981304                    /lib/x86_64-linux-gnu/librt-2.23.so
7f6ba7de4000-7f6ba7de5000 rw-p 00007000 08:01 4981304                    /lib/x86_64-linux-gnu/librt-2.23.so
7f6ba7de5000-7f6ba7eed000 r-xp 00000000 08:01 4981325                    /lib/x86_64-linux-gnu/libm-2.23.so
7f6ba7eed000-7f6ba80ec000 ---p 00108000 08:01 4981325                    /lib/x86_64-linux-gnu/libm-2.23.so
7f6ba80ec000-7f6ba80ed000 r--p 00107000 08:01 4981325                    /lib/x86_64-linux-gnu/libm-2.23.so
7f6ba80ed000-7f6ba80ee000 rw-p 00108000 08:01 4981325                    /lib/x86_64-linux-gnu/libm-2.23.so
7f6ba80ee000-7f6ba8dbc000 r-xp 00000000 08:01 11144883                   /usr/local/java/jdk1.8.0_121/jre/lib/amd64/server/libjvm.so
7f6ba8dbc000-7f6ba8fbc000 ---p 00cce000 08:01 11144883                   /usr/local/java/jdk1.8.0_121/jre/lib/amd64/server/libjvm.so
7f6ba8fbc000-7f6ba9095000 rw-p 00cce000 08:01 11144883                   /usr/local/java/jdk1.8.0_121/jre/lib/amd64/server/libjvm.so
7f6ba9095000-7f6ba90e0000 rw-p 00000000 00:00 0 
7f6ba90e0000-7f6ba92a0000 r-xp 00000000 08:01 4981335                    /lib/x86_64-linux-gnu/libc-2.23.so
7f6ba92a0000-7f6ba94a0000 ---p 001c0000 08:01 4981335                    /lib/x86_64-linux-gnu/libc-2.23.so
7f6ba94a0000-7f6ba94a4000 r--p 001c0000 08:01 4981335                    /lib/x86_64-linux-gnu/libc-2.23.so
7f6ba94a4000-7f6ba94a6000 rw-p 001c4000 08:01 4981335                    /lib/x86_64-linux-gnu/libc-2.23.so
7f6ba94a6000-7f6ba94aa000 rw-p 00000000 00:00 0 
7f6ba94aa000-7f6ba94ad000 r-xp 00000000 08:01 4981310                    /lib/x86_64-linux-gnu/libdl-2.23.so
7f6ba94ad000-7f6ba96ac000 ---p 00003000 08:01 4981310                    /lib/x86_64-linux-gnu/libdl-2.23.so
7f6ba96ac000-7f6ba96ad000 r--p 00002000 08:01 4981310                    /lib/x86_64-linux-gnu/libdl-2.23.so
7f6ba96ad000-7f6ba96ae000 rw-p 00003000 08:01 4981310                    /lib/x86_64-linux-gnu/libdl-2.23.so
7f6ba96ae000-7f6ba96c3000 r-xp 00000000 08:01 11020813                   /usr/local/java/jdk1.8.0_121/lib/amd64/jli/libjli.so
7f6ba96c3000-7f6ba98c3000 ---p 00015000 08:01 11020813                   /usr/local/java/jdk1.8.0_121/lib/amd64/jli/libjli.so
7f6ba98c3000-7f6ba98c4000 rw-p 00015000 08:01 11020813                   /usr/local/java/jdk1.8.0_121/lib/amd64/jli/libjli.so
7f6ba98c4000-7f6ba98dc000 r-xp 00000000 08:01 4981295                    /lib/x86_64-linux-gnu/libpthread-2.23.so
7f6ba98dc000-7f6ba9adb000 ---p 00018000 08:01 4981295                    /lib/x86_64-linux-gnu/libpthread-2.23.so
7f6ba9adb000-7f6ba9adc000 r--p 00017000 08:01 4981295                    /lib/x86_64-linux-gnu/libpthread-2.23.so
7f6ba9adc000-7f6ba9add000 rw-p 00018000 08:01 4981295                    /lib/x86_64-linux-gnu/libpthread-2.23.so
7f6ba9add000-7f6ba9ae1000 rw-p 00000000 00:00 0 
7f6ba9ae1000-7f6ba9b07000 r-xp 00000000 08:01 4981106                    /lib/x86_64-linux-gnu/ld-2.23.so
7f6ba9b07000-7f6ba9b08000 r--s 00000000 08:01 34341871                   /root/.gradle/wrapper/dists/gradle-3.3-all/55gk2rcmfc6p2dg9u9ohc3hw9/gradle-3.3/lib/javax.inject-1.jar
7f6ba9b08000-7f6ba9b09000 r--s 00000000 08:01 34341870                   /root/.gradle/wrapper/dists/gradle-3.3-all/55gk2rcmfc6p2dg9u9ohc3hw9/gradle-3.3/lib/jcip-annotations-1.0.jar
7f6ba9b09000-7f6ba9b0d000 r--s 00027000 08:01 34341869                   /root/.gradle/wrapper/dists/gradle-3.3-all/55gk2rcmfc6p2dg9u9ohc3hw9/gradle-3.3/lib/commons-io-2.2.jar
7f6ba9b0d000-7f6ba9b12000 r--s 00038000 08:01 34341866                   /root/.gradle/wrapper/dists/gradle-3.3-all/55gk2rcmfc6p2dg9u9ohc3hw9/gradle-3.3/lib/asm-all-5.1.jar
7f6ba9b12000-7f6ba9b13000 r--s 00001000 08:01 34341862                   /root/.gradle/wrapper/dists/gradle-3.3-all/55gk2rcmfc6p2dg9u9ohc3hw9/gradle-3.3/lib/gradle-process-services-3.3.jar
7f6ba9b13000-7f6ba9b18000 r--s 00041000 08:01 34341861                   /root/.gradle/wrapper/dists/gradle-3.3-all/55gk2rcmfc6p2dg9u9ohc3hw9/gradle-3.3/lib/commons-lang-2.6.jar
7f6ba9b18000-7f6ba9b21000 r--s 00042000 08:01 34341851                   /root/.gradle/wrapper/dists/gradle-3.3-all/55gk2rcmfc6p2dg9u9ohc3hw9/gradle-3.3/lib/gradle-base-services-3.3.jar
7f6ba9b21000-7f6ba9be3000 rw-p 00000000 00:00 0 
7f6ba9be3000-7f6ba9be6000 ---p 00000000 00:00 0 
7f6ba9be6000-7f6ba9ce8000 rw-p 00000000 00:00 0 
7f6ba9ce8000-7f6ba9cea000 r--s 00000000 08:01 34341852                   /root/.gradle/wrapper/dists/gradle-3.3-all/55gk2rcmfc6p2dg9u9ohc3hw9/gradle-3.3/lib/gradle-jvm-services-3.3.jar
7f6ba9cea000-7f6ba9ceb000 r--s 00000000 08:01 34342017                   /root/.gradle/wrapper/dists/gradle-3.3-all/55gk2rcmfc6p2dg9u9ohc3hw9/gradle-3.3/lib/gradle-version-info-3.3.jar
7f6ba9ceb000-7f6ba9cec000 r--s 00007000 08:01 34341859                   /root/.gradle/wrapper/dists/gradle-3.3-all/55gk2rcmfc6p2dg9u9ohc3hw9/gradle-3.3/lib/slf4j-api-1.7.10.jar
7f6ba9cec000-7f6ba9ced000 r--s 00004000 08:01 34341884                   /root/.gradle/wrapper/dists/gradle-3.3-all/55gk2rcmfc6p2dg9u9ohc3hw9/gradle-3.3/lib/ant-launcher-1.9.6.jar
7f6ba9ced000-7f6ba9cfa000 r--s 0005c000 08:01 34341848                   /root/.gradle/wrapper/dists/gradle-3.3-all/55gk2rcmfc6p2dg9u9ohc3hw9/gradle-3.3/lib/gradle-launcher-3.3.jar
7f6ba9cfa000-7f6ba9d02000 rw-s 00000000 08:01 786548                     /tmp/hsperfdata_root/3882
7f6ba9d02000-7f6ba9d03000 rw-p 00000000 00:00 0 
7f6ba9d03000-7f6ba9d04000 r--p 00000000 00:00 0 
7f6ba9d04000-7f6ba9d06000 rw-p 00000000 00:00 0 
7f6ba9d06000-7f6ba9d07000 r--p 00025000 08:01 4981106                    /lib/x86_64-linux-gnu/ld-2.23.so
7f6ba9d07000-7f6ba9d08000 rw-p 00026000 08:01 4981106                    /lib/x86_64-linux-gnu/ld-2.23.so
7f6ba9d08000-7f6ba9d09000 rw-p 00000000 00:00 0 
7fff9a8dd000-7fff9a8fe000 rw-p 00000000 00:00 0                          [stack]
7fff9a961000-7fff9a963000 r--p 00000000 00:00 0                          [vvar]
7fff9a963000-7fff9a965000 r-xp 00000000 00:00 0                          [vdso]
ffffffffff600000-ffffffffff601000 r-xp 00000000 00:00 0                  [vsyscall]

VM Arguments:
jvm_args: -Xmx1536m -Dfile.encoding=UTF-8 -Duser.country=US -Duser.language=en -Duser.variant 
java_command: org.gradle.launcher.daemon.bootstrap.GradleDaemon 3.3
java_class_path (initial): /root/.gradle/wrapper/dists/gradle-3.3-all/55gk2rcmfc6p2dg9u9ohc3hw9/gradle-3.3/lib/gradle-launcher-3.3.jar
Launcher Type: SUN_STANDARD

Environment Variables:
JAVA_HOME=/usr/local/java/jdk1.8.0_121/
PATH=/usr/local/sbin:/usr/local/bin:/usr/sbin:/usr/bin:/sbin:/bin:/snap/bin
USERNAME=root
LD_LIBRARY_PATH=/opt/android-studio/bin:
SHELL=/bin/bash
DISPLAY=:0

Signal Handlers:
SIGSEGV: [libjvm.so+0xac78c0], sa_mask[0]=11111111011111111101111111111110, sa_flags=SA_RESTART|SA_SIGINFO
SIGBUS: [libjvm.so+0xac78c0], sa_mask[0]=11111111011111111101111111111110, sa_flags=SA_RESTART|SA_SIGINFO
SIGFPE: [libjvm.so+0x920ac0], sa_mask[0]=11111111011111111101111111111110, sa_flags=SA_RESTART|SA_SIGINFO
SIGPIPE: [libjvm.so+0x920ac0], sa_mask[0]=11111111011111111101111111111110, sa_flags=SA_RESTART|SA_SIGINFO
SIGXFSZ: [libjvm.so+0x920ac0], sa_mask[0]=11111111011111111101111111111110, sa_flags=SA_RESTART|SA_SIGINFO
SIGILL: [libjvm.so+0x920ac0], sa_mask[0]=11111111011111111101111111111110, sa_flags=SA_RESTART|SA_SIGINFO
SIGUSR1: SIG_DFL, sa_mask[0]=00000000000000000000000000000000, sa_flags=none
SIGUSR2: [libjvm.so+0x922300], sa_mask[0]=00100000000000000000000000000000, sa_flags=SA_RESTART|SA_SIGINFO
SIGHUP: [libjvm.so+0x923700], sa_mask[0]=11111111011111111101111111111110, sa_flags=SA_RESTART|SA_SIGINFO
SIGINT: [libjvm.so+0x923700], sa_mask[0]=11111111011111111101111111111110, sa_flags=SA_RESTART|SA_SIGINFO
SIGTERM: [libjvm.so+0x923700], sa_mask[0]=11111111011111111101111111111110, sa_flags=SA_RESTART|SA_SIGINFO
SIGQUIT: [libjvm.so+0x923700], sa_mask[0]=11111111011111111101111111111110, sa_flags=SA_RESTART|SA_SIGINFO


---------------  S Y S T E M  ---------------

OS:DISTRIB_ID=Ubuntu
DISTRIB_RELEASE=16.04
DISTRIB_CODENAME=xenial
DISTRIB_DESCRIPTION="Ubuntu 16.04.2 LTS"

uname:Linux 4.4.0-92-generic #115-Ubuntu SMP Thu Aug 10 09:04:33 UTC 2017 x86_64
libc:glibc 2.23 NPTL 2.23 
rlimit: STACK 8192k, CORE 0k, NPROC 31512, NOFILE 1048576, AS infinity
load average:1.13 0.71 0.50

/proc/meminfo:
MemTotal:        8107664 kB
MemFree:         4016748 kB
MemAvailable:    5279928 kB
Buffers:          170712 kB
Cached:          1501140 kB
SwapCached:            0 kB
Active:          2772684 kB
Inactive:        1016996 kB
Active(anon):    2131348 kB
Inactive(anon):   231772 kB
Active(file):     641336 kB
Inactive(file):   785224 kB
Unevictable:          48 kB
Mlocked:              48 kB
SwapTotal:       8319996 kB
SwapFree:        8319996 kB
Dirty:               636 kB
Writeback:             0 kB
AnonPages:       2118372 kB
Mapped:           511916 kB
Shmem:            244712 kB
Slab:             161476 kB
SReclaimable:     120248 kB
SUnreclaim:        41228 kB
KernelStack:       12304 kB
PageTables:        51196 kB
NFS_Unstable:          0 kB
Bounce:                0 kB
WritebackTmp:          0 kB
CommitLimit:    12373828 kB
Committed_AS:    7172264 kB
VmallocTotal:   34359738367 kB
VmallocUsed:           0 kB
VmallocChunk:          0 kB
HardwareCorrupted:     0 kB
AnonHugePages:   1001472 kB
CmaTotal:              0 kB
CmaFree:               0 kB
HugePages_Total:       0
HugePages_Free:        0
HugePages_Rsvd:        0
HugePages_Surp:        0
Hugepagesize:       2048 kB
DirectMap4k:      168640 kB
DirectMap2M:     6055936 kB
DirectMap1G:     3145728 kB


CPU:total 4 (2 cores per cpu, 2 threads per core) family 6 model 69 stepping 1, cmov, cx8, fxsr, mmx, sse, sse2, sse3, ssse3, sse4.1, sse4.2, popcnt, avx, avx2, aes, clmul, erms, lzcnt, ht, tsc, tscinvbit, bmi1, bmi2

/proc/cpuinfo:
processor	: 0
vendor_id	: GenuineIntel
cpu family	: 6
model		: 69
model name	: Intel(R) Core(TM) i5-4200U CPU @ 1.60GHz
stepping	: 1
microcode	: 0x16
cpu MHz		: 2494.152
cache size	: 3072 KB
physical id	: 0
siblings	: 4
core id		: 0
cpu cores	: 2
apicid		: 0
initial apicid	: 0
fpu		: yes
fpu_exception	: yes
cpuid level	: 13
wp		: yes
flags		: fpu vme de pse tsc msr pae mce cx8 apic sep mtrr pge mca cmov pat pse36 clflush dts acpi mmx fxsr sse sse2 ss ht tm pbe syscall nx pdpe1gb rdtscp lm constant_tsc arch_perfmon pebs bts rep_good nopl xtopology nonstop_tsc aperfmperf eagerfpu pni pclmulqdq dtes64 monitor ds_cpl vmx est tm2 ssse3 sdbg fma cx16 xtpr pdcm pcid sse4_1 sse4_2 movbe popcnt tsc_deadline_timer aes xsave avx f16c rdrand lahf_lm abm epb tpr_shadow vnmi flexpriority ept vpid fsgsbase tsc_adjust bmi1 avx2 smep bmi2 erms invpcid xsaveopt dtherm ida arat pln pts
bugs		:
bogomips	: 4589.53
clflush size	: 64
cache_alignment	: 64
address sizes	: 39 bits physical, 48 bits virtual
power management:

processor	: 1
vendor_id	: GenuineIntel
cpu family	: 6
model		: 69
model name	: Intel(R) Core(TM) i5-4200U CPU @ 1.60GHz
stepping	: 1
microcode	: 0x16
cpu MHz		: 2300.000
cache size	: 3072 KB
physical id	: 0
siblings	: 4
core id		: 0
cpu cores	: 2
apicid		: 1
initial apicid	: 1
fpu		: yes
fpu_exception	: yes
cpuid level	: 13
wp		: yes
flags		: fpu vme de pse tsc msr pae mce cx8 apic sep mtrr pge mca cmov pat pse36 clflush dts acpi mmx fxsr sse sse2 ss ht tm pbe syscall nx pdpe1gb rdtscp lm constant_tsc arch_perfmon pebs bts rep_good nopl xtopology nonstop_tsc aperfmperf eagerfpu pni pclmulqdq dtes64 monitor ds_cpl vmx est tm2 ssse3 sdbg fma cx16 xtpr pdcm pcid sse4_1 sse4_2 movbe popcnt tsc_deadline_timer aes xsave avx f16c rdrand lahf_lm abm epb tpr_shadow vnmi flexpriority ept vpid fsgsbase tsc_adjust bmi1 avx2 smep bmi2 erms invpcid xsaveopt dtherm ida arat pln pts
bugs		:
bogomips	: 4589.53
clflush size	: 64
cache_alignment	: 64
address sizes	: 39 bits physical, 48 bits virtual
power management:

processor	: 2
vendor_id	: GenuineIntel
cpu family	: 6
model		: 69
model name	: Intel(R) Core(TM) i5-4200U CPU @ 1.60GHz
stepping	: 1
microcode	: 0x16
cpu MHz		: 2300.000
cache size	: 3072 KB
physical id	: 0
siblings	: 4
core id		: 1
cpu cores	: 2
apicid		: 2
initial apicid	: 2
fpu		: yes
fpu_exception	: yes
cpuid level	: 13
wp		: yes
flags		: fpu vme de pse tsc msr pae mce cx8 apic sep mtrr pge mca cmov pat pse36 clflush dts acpi mmx fxsr sse sse2 ss ht tm pbe syscall nx pdpe1gb rdtscp lm constant_tsc arch_perfmon pebs bts rep_good nopl xtopology nonstop_tsc aperfmperf eagerfpu pni pclmulqdq dtes64 monitor ds_cpl vmx est tm2 ssse3 sdbg fma cx16 xtpr pdcm pcid sse4_1 sse4_2 movbe popcnt tsc_deadline_timer aes xsave avx f16c rdrand lahf_lm abm epb tpr_shadow vnmi flexpriority ept vpid fsgsbase tsc_adjust bmi1 avx2 smep bmi2 erms invpcid xsaveopt dtherm ida arat pln pts
bugs		:
bogomips	: 4589.53
clflush size	: 64
cache_alignment	: 64
address sizes	: 39 bits physical, 48 bits virtual
power management:

processor	: 3
vendor_id	: GenuineIntel
cpu family	: 6
model		: 69
model name	: Intel(R) Core(TM) i5-4200U CPU @ 1.60GHz
stepping	: 1
microcode	: 0x16
cpu MHz		: 2300.000
cache size	: 3072 KB
physical id	: 0
siblings	: 4
core id		: 1
cpu cores	: 2
apicid		: 3
initial apicid	: 3
fpu		: yes
fpu_exception	: yes
cpuid level	: 13
wp		: yes
flags		: fpu vme de pse tsc msr pae mce cx8 apic sep mtrr pge mca cmov pat pse36 clflush dts acpi mmx fxsr sse sse2 ss ht tm pbe syscall nx pdpe1gb rdtscp lm constant_tsc arch_perfmon pebs bts rep_good nopl xtopology nonstop_tsc aperfmperf eagerfpu pni pclmulqdq dtes64 monitor ds_cpl vmx est tm2 ssse3 sdbg fma cx16 xtpr pdcm pcid sse4_1 sse4_2 movbe popcnt tsc_deadline_timer aes xsave avx f16c rdrand lahf_lm abm epb tpr_shadow vnmi flexpriority ept vpid fsgsbase tsc_adjust bmi1 avx2 smep bmi2 erms invpcid xsaveopt dtherm ida arat pln pts
bugs		:
bogomips	: 4589.53
clflush size	: 64
cache_alignment	: 64
address sizes	: 39 bits physical, 48 bits virtual
power management:



Memory: 4k page, physical 8107664k(4016748k free), swap 8319996k(8319996k free)

vm_info: Java HotSpot(TM) 64-Bit Server VM (25.121-b13) for linux-amd64 JRE (1.8.0_121-b13), built on Dec 12 2016 16:36:53 by "java_re" with gcc 4.3.0 20080428 (Red Hat 4.3.0-8)

time: Wed Sep  6 16:09:45 2017
elapsed time: 9 seconds (0d 0h 0m 9s)

