#
# A fatal error has been detected by the Java Runtime Environment:
#
#  SIGSEGV (0xb) at pc=0x00007f9b08009ea0, pid=6371, tid=0x00007f9b1ad16700
#
# JRE version: Java(TM) SE Runtime Environment (8.0_121-b13) (build 1.8.0_121-b13)
# Java VM: Java HotSpot(TM) 64-Bit Server VM (25.121-b13 mixed mode linux-amd64 compressed oops)
# Problematic frame:
# C  0x00007f9b08009ea0
#
# Failed to write core dump. Core dumps have been disabled. To enable core dumping, try "ulimit -c unlimited" before starting Java again
#
# If you would like to submit a bug report, please visit:
#   http://bugreport.java.com/bugreport/crash.jsp
#

---------------  T H R E A D  ---------------

Current thread (0x00007f9b400b9000):  JavaThread "C2 CompilerThread0" daemon [_thread_in_native, id=6383, stack(0x00007f9b1ac16000,0x00007f9b1ad17000)]

siginfo: si_signo: 11 (SIGSEGV), si_code: 2 (SEGV_ACCERR), si_addr: 0x00007f9b08009ea0

Registers:
RAX=0x00007f9b08009e40, RBX=0x0000000000002e65, RCX=0x0000000000000050, RDX=0x0000000000004000
RSP=0x00007f9b1ad11548, RBP=0x00007f9b1ad11590, RSI=0x0000000000000001, RDI=0x00007f9b08009e60
R8 =0x0000000000000002, R9 =0x0000000000000000, R10=0x00007f9b087b4d20, R11=0x00007f9b45c41180
R12=0x00007f9b1ad12b40, R13=0x0000000000001a34, R14=0x00007f9b08b3b430, R15=0x0000000000002e65
RIP=0x00007f9b08009ea0, EFLAGS=0x0000000000010206, CSGSFS=0x0000000000000033, ERR=0x0000000000000015
  TRAPNO=0x000000000000000e

Top of Stack: (sp=0x00007f9b1ad11548)
0x00007f9b1ad11548:   00007f9b45b2aa54 00007f9b0035b628
0x00007f9b1ad11558:   00007f9b1ad12b80 00007f9b08009f40
0x00007f9b1ad11568:   00007f9afc103c80 0000000000000010
0x00007f9b1ad11578:   0000000000001a34 00007f9b08b3b430
0x00007f9b1ad11588:   0000000000000010 00007f9b1ad11660
0x00007f9b1ad11598:   00007f9b4565d48a 00007f9b1ad115d0
0x00007f9b1ad115a8:   00007f9b1ad11600 00007f9b1ad115e0
0x00007f9b1ad115b8:   00007f9b1ad12b40 00001a350000004d
0x00007f9b1ad115c8:   00007f9b1ad134c8 00007f9b1ad13540
0x00007f9b1ad115d8:   00007f9b1ad13560 00007f9b400b9bb0
0x00007f9b1ad115e8:   00007f9b00002000 00007f9b087b4d40
0x00007f9b1ad115f8:   00007f9b00001a35 00007f9b4612a710
0x00007f9b1ad11608:   00007f9b400b9bb0 00007f9b00000200
0x00007f9b1ad11618:   00007f9afc01a660 0000000000000000
0x00007f9b1ad11628:   00007f9b45ae363f 000000000000161d
0x00007f9b1ad11638:   00007f9b1ad14ca0 00007f9b1ad12b40
0x00007f9b1ad11648:   00007f9b46127720 00007f9b1ad14d80
0x00007f9b1ad11658:   00007f9b461481a0 00007f9b1ad140e0
0x00007f9b1ad11668:   00007f9b4566067a 0100000100000000
0x00007f9b1ad11678:   00007f9b1ad14000 00007f9b1ad13fb0
0x00007f9b1ad11688:   00007f9b1ad13590 00007f9b46127730
0x00007f9b1ad11698:   0000002546c14630 00007f9b46125fd0
0x00007f9b1ad116a8:   00007f9b00000005 00007f9b1ad14d80
0x00007f9b1ad116b8:   00007f9b1ad14f18 00007f9b1ad14f18
0x00007f9b1ad116c8:   00007f9b00002000 00007f9b081b21f0
0x00007f9b1ad116d8:   00007f9a00000000 00007f9b1ad14f18
0x00007f9b1ad116e8:   0000000000002000 00007f9b087b4d40
0x00007f9b1ad116f8:   0000000000000000 0000000000000000
0x00007f9b1ad11708:   0000000000000000 0000000000000000
0x00007f9b1ad11718:   0000000000000000 0000000000000000
0x00007f9b1ad11728:   0000000000000000 0000000000000000
0x00007f9b1ad11738:   0000000000000000 0000000000000000 

Instructions: (pc=0x00007f9b08009ea0)
0x00007f9b08009e80:   10 9c 12 46 9b 7f 00 00 00 00 00 00 00 00 00 00
0x00007f9b08009e90:   03 00 00 00 00 00 00 00 00 00 00 00 00 00 00 00
0x00007f9b08009ea0:   10 9c 12 46 9b 7f 00 00 a0 9e 00 08 9b 7f 00 00
0x00007f9b08009eb0:   03 00 00 00 01 00 00 00 01 00 00 00 00 00 00 00 

Register to memory mapping:

RAX=0x00007f9b08009e40 is an unknown value
RBX=0x0000000000002e65 is an unknown value
RCX=0x0000000000000050 is an unknown value
RDX=0x0000000000004000 is an unknown value
RSP=0x00007f9b1ad11548 is pointing into the stack for thread: 0x00007f9b400b9000
RBP=0x00007f9b1ad11590 is pointing into the stack for thread: 0x00007f9b400b9000
RSI=0x0000000000000001 is an unknown value
RDI=0x00007f9b08009e60 is an unknown value
R8 =0x0000000000000002 is an unknown value
R9 =0x0000000000000000 is an unknown value
R10=0x00007f9b087b4d20 is an unknown value
R11=0x00007f9b45c41180: <offset 0xa83180> in /usr/local/java/jdk1.8.0_121/jre/lib/amd64/server/libjvm.so at 0x00007f9b451be000
R12=0x00007f9b1ad12b40 is pointing into the stack for thread: 0x00007f9b400b9000
R13=0x0000000000001a34 is an unknown value
R14=0x00007f9b08b3b430 is an unknown value
R15=0x0000000000002e65 is an unknown value


Stack: [0x00007f9b1ac16000,0x00007f9b1ad17000],  sp=0x00007f9b1ad11548,  free space=1005k
Native frames: (J=compiled Java code, j=interpreted, Vv=VM code, C=native code)
C  0x00007f9b08009ea0
V  [libjvm.so+0x49f48a]  Compile::remove_speculative_types(PhaseIterGVN&)+0x28a
V  [libjvm.so+0x4a267a]  Compile::Optimize()+0x46a
V  [libjvm.so+0x4a5879]  Compile::Compile(ciEnv*, C2Compiler*, ciMethod*, int, bool, bool, bool)+0x13c9
V  [libjvm.so+0x3f2615]  C2Compiler::compile_method(ciEnv*, ciMethod*, int)+0x1f5
V  [libjvm.so+0x4afeaa]  CompileBroker::invoke_compiler_on_method(CompileTask*)+0xc9a
V  [libjvm.so+0x4b0e56]  CompileBroker::compiler_thread_loop()+0x5d6
V  [libjvm.so+0xa75543]  JavaThread::thread_main_inner()+0x103
V  [libjvm.so+0xa7568c]  JavaThread::run()+0x11c
V  [libjvm.so+0x926268]  java_start(Thread*)+0x108
C  [libpthread.so.0+0x76ba]  start_thread+0xca


Current CompileTask:
C2:  21867 6424   !   4       com.sun.org.apache.xerces.internal.impl.XMLDocumentFragmentScannerImpl$FragmentContentDriver::next (2346 bytes)


---------------  P R O C E S S  ---------------

Java Threads: ( => current thread )
  0x00007f9ae000d800 JavaThread "Stdin handler" [_thread_blocked, id=6411, stack(0x00007f9b18563000,0x00007f9b18664000)]
  0x00007f9ae0009800 JavaThread "Asynchronous log dispatcher for DefaultDaemonConnection: socket connection from /127.0.0.1:46589 to /127.0.0.1:46948" [_thread_blocked, id=6409, stack(0x00007f9b18664000,0x00007f9b18765000)]
  0x00007f9ae4004800 JavaThread "Cancel handler" [_thread_blocked, id=6408, stack(0x00007f9b18866000,0x00007f9b18967000)]
  0x00007f9ae4005800 JavaThread "Handler for socket connection from /127.0.0.1:46589 to /127.0.0.1:46948" [_thread_in_native, id=6407, stack(0x00007f9b18b67000,0x00007f9b18c68000)]
  0x00007f9ae04d3000 JavaThread "pool-2-thread-1" [_thread_blocked, id=6403, stack(0x00007f9ad2fc6000,0x00007f9ad30c7000)]
  0x00007f9ae05f9000 JavaThread "process reaper" daemon [_thread_blocked, id=6401, stack(0x00007f9b180e8000,0x00007f9b18121000)]
  0x00007f9ae03c7800 JavaThread "File lock request listener" [_thread_in_native, id=6399, stack(0x00007f9b181e8000,0x00007f9b182e9000)]
  0x00007f9ae4007800 JavaThread "Daemon worker" [_thread_in_Java, id=6394, stack(0x00007f9b18765000,0x00007f9b18866000)]
  0x00007f9af0017800 JavaThread "Daemon" [_thread_blocked, id=6391, stack(0x00007f9b18c68000,0x00007f9b18d69000)]
  0x00007f9b40c6a800 JavaThread "Incoming local TCP Connector on port 46589" [_thread_in_native, id=6390, stack(0x00007f9b18f70000,0x00007f9b19071000)]
  0x00007f9b40c25000 JavaThread "pool-1-thread-1" [_thread_blocked, id=6389, stack(0x00007f9b19071000,0x00007f9b19172000)]
  0x00007f9b400db000 JavaThread "Service Thread" daemon [_thread_blocked, id=6386, stack(0x00007f9b1a913000,0x00007f9b1aa14000)]
  0x00007f9b400be000 JavaThread "C1 CompilerThread2" daemon [_thread_blocked, id=6385, stack(0x00007f9b1aa14000,0x00007f9b1ab15000)]
  0x00007f9b400bc000 JavaThread "C2 CompilerThread1" daemon [_thread_in_native, id=6384, stack(0x00007f9b1ab15000,0x00007f9b1ac16000)]
=>0x00007f9b400b9000 JavaThread "C2 CompilerThread0" daemon [_thread_in_native, id=6383, stack(0x00007f9b1ac16000,0x00007f9b1ad17000)]
  0x00007f9b400b8000 JavaThread "Signal Dispatcher" daemon [_thread_blocked, id=6382, stack(0x00007f9b1ad17000,0x00007f9b1ae18000)]
  0x00007f9b40084000 JavaThread "Finalizer" daemon [_thread_blocked, id=6381, stack(0x00007f9b1b0f1000,0x00007f9b1b1f2000)]
  0x00007f9b4007f800 JavaThread "Reference Handler" daemon [_thread_blocked, id=6380, stack(0x00007f9b1b1f2000,0x00007f9b1b2f3000)]
  0x00007f9b4000a000 JavaThread "main" [_thread_blocked, id=6374, stack(0x00007f9b46cb2000,0x00007f9b46db3000)]

Other Threads:
  0x00007f9b40077800 VMThread [stack: 0x00007f9b1b2f3000,0x00007f9b1b3f4000] [id=6379]
  0x00007f9b400de000 WatcherThread [stack: 0x00007f9b1a812000,0x00007f9b1a913000] [id=6387]

VM state:not at safepoint (normal execution)

VM Mutex/Monitor currently owned by a thread: None

Heap:
 PSYoungGen      total 148480K, used 20169K [0x00000000e0000000, 0x00000000ee200000, 0x0000000100000000)
  eden space 131072K, 2% used [0x00000000e0000000,0x00000000e02ba288,0x00000000e8000000)
  from space 17408K, 99% used [0x00000000e8000000,0x00000000e90f8218,0x00000000e9100000)
  to   space 23552K, 0% used [0x00000000ecb00000,0x00000000ecb00000,0x00000000ee200000)
 ParOldGen       total 84992K, used 33063K [0x00000000a0000000, 0x00000000a5300000, 0x00000000e0000000)
  object space 84992K, 38% used [0x00000000a0000000,0x00000000a2049d18,0x00000000a5300000)
 Metaspace       used 53625K, capacity 55944K, committed 56152K, reserved 1097728K
  class space    used 7482K, capacity 7969K, committed 8064K, reserved 1048576K

Card table byte_map: [0x00007f9b30724000,0x00007f9b30a25000] byte_map_base: 0x00007f9b30224000

Marking Bits: (ParMarkBitMap*) 0x00007f9b46182c80
 Begin Bits: [0x00007f9b29000000, 0x00007f9b2a800000)
 End Bits:   [0x00007f9b2a800000, 0x00007f9b2c000000)

Polling page: 0x00007f9b46dd2000

CodeCache: size=245760Kb used=20422Kb max_used=20775Kb free=225338Kb
 bounds [0x00007f9b30de5000, 0x00007f9b32255000, 0x00007f9b3fde5000]
 total_blobs=6574 nmethods=5828 adapters=658
 compilation: enabled

Compilation events (10 events):
Event: 21.826 Thread 0x00007f9b400be000 6601       3       com.sun.org.apache.xerces.internal.impl.XMLDTDScannerImpl::setInputSource (74 bytes)
Event: 21.827 Thread 0x00007f9b400be000 nmethod 6601 0x00007f9b31090190 code [0x00007f9b31090360, 0x00007f9b31090a28]
Event: 21.836 Thread 0x00007f9b400be000 6602       3       org.gradle.api.internal.artifacts.ivyservice.resolveengine.graph.DependencyGraphBuilder$DependencyEdge::calculateTargetConfigurations (115 bytes)
Event: 21.837 Thread 0x00007f9b400be000 nmethod 6602 0x00007f9b3108f1d0 code [0x00007f9b3108f3e0, 0x00007f9b3108fd58]
Event: 21.839 Thread 0x00007f9b400be000 6603       3       org.gradle.api.internal.artifacts.ivyservice.resolveengine.graph.DependencyGraphBuilder$ConfigurationNode::visitOutgoingDependencies (297 bytes)
Event: 21.844 Thread 0x00007f9b400be000 nmethod 6603 0x00007f9b317c1ad0 code [0x00007f9b317c2060, 0x00007f9b317c5c48]
Event: 21.854 Thread 0x00007f9b400be000 6604       3       org.gradle.api.internal.artifacts.ivyservice.ivyresolve.LocalModuleComponentRepository$LocalAccess::resolveComponentMetaData (86 bytes)
Event: 21.856 Thread 0x00007f9b400be000 nmethod 6604 0x00007f9b30f98b50 code [0x00007f9b30f98d60, 0x00007f9b30f99698]
Event: 21.856 Thread 0x00007f9b400be000 6605       3       org.gradle.api.internal.artifacts.repositories.resolver.ExternalResourceResolver$RemoteRepositoryAccess::resolveComponentMetaData (11 bytes)
Event: 21.856 Thread 0x00007f9b400be000 nmethod 6605 0x00007f9b3108ed50 code [0x00007f9b3108eec0, 0x00007f9b3108f0e8]

GC Heap History (10 events):
Event: 13.021 GC heap before
{Heap before GC invocations=11 (full 2):
 PSYoungGen      total 82432K, used 8467K [0x00000000e0000000, 0x00000000e7900000, 0x0000000100000000)
  eden space 71168K, 0% used [0x00000000e0000000,0x00000000e0000000,0x00000000e4580000)
  from space 11264K, 75% used [0x00000000e4580000,0x00000000e4dc4e78,0x00000000e5080000)
  to   space 11264K, 0% used [0x00000000e6e00000,0x00000000e6e00000,0x00000000e7900000)
 ParOldGen       total 63488K, used 9484K [0x00000000a0000000, 0x00000000a3e00000, 0x00000000e0000000)
  object space 63488K, 14% used [0x00000000a0000000,0x00000000a09433a8,0x00000000a3e00000)
 Metaspace       used 34595K, capacity 35386K, committed 35416K, reserved 1079296K
  class space    used 4780K, capacity 4988K, committed 4992K, reserved 1048576K
Event: 13.106 GC heap after
Heap after GC invocations=11 (full 2):
 PSYoungGen      total 82432K, used 0K [0x00000000e0000000, 0x00000000e7900000, 0x0000000100000000)
  eden space 71168K, 0% used [0x00000000e0000000,0x00000000e0000000,0x00000000e4580000)
  from space 11264K, 0% used [0x00000000e4580000,0x00000000e4580000,0x00000000e5080000)
  to   space 11264K, 0% used [0x00000000e6e00000,0x00000000e6e00000,0x00000000e7900000)
 ParOldGen       total 84992K, used 14752K [0x00000000a0000000, 0x00000000a5300000, 0x00000000e0000000)
  object space 84992K, 17% used [0x00000000a0000000,0x00000000a0e680c0,0x00000000a5300000)
 Metaspace       used 34595K, capacity 35386K, committed 35416K, reserved 1079296K
  class space    used 4780K, capacity 4988K, committed 4992K, reserved 1048576K
}
Event: 14.171 GC heap before
{Heap before GC invocations=12 (full 2):
 PSYoungGen      total 82432K, used 71168K [0x00000000e0000000, 0x00000000e7900000, 0x0000000100000000)
  eden space 71168K, 100% used [0x00000000e0000000,0x00000000e4580000,0x00000000e4580000)
  from space 11264K, 0% used [0x00000000e4580000,0x00000000e4580000,0x00000000e5080000)
  to   space 11264K, 0% used [0x00000000e6e00000,0x00000000e6e00000,0x00000000e7900000)
 ParOldGen       total 84992K, used 14752K [0x00000000a0000000, 0x00000000a5300000, 0x00000000e0000000)
  object space 84992K, 17% used [0x00000000a0000000,0x00000000a0e680c0,0x00000000a5300000)
 Metaspace       used 37904K, capacity 38820K, committed 39000K, reserved 1083392K
  class space    used 5210K, capacity 5436K, committed 5504K, reserved 1048576K
Event: 14.190 GC heap after
Heap after GC invocations=12 (full 2):
 PSYoungGen      total 107520K, used 7907K [0x00000000e0000000, 0x00000000e7680000, 0x0000000100000000)
  eden space 98816K, 0% used [0x00000000e0000000,0x00000000e0000000,0x00000000e6080000)
  from space 8704K, 90% used [0x00000000e6e00000,0x00000000e75b8df8,0x00000000e7680000)
  to   space 11264K, 0% used [0x00000000e6080000,0x00000000e6080000,0x00000000e6b80000)
 ParOldGen       total 84992K, used 14760K [0x00000000a0000000, 0x00000000a5300000, 0x00000000e0000000)
  object space 84992K, 17% used [0x00000000a0000000,0x00000000a0e6a0c0,0x00000000a5300000)
 Metaspace       used 37904K, capacity 38820K, committed 39000K, reserved 1083392K
  class space    used 5210K, capacity 5436K, committed 5504K, reserved 1048576K
}
Event: 16.773 GC heap before
{Heap before GC invocations=13 (full 2):
 PSYoungGen      total 107520K, used 106723K [0x00000000e0000000, 0x00000000e7680000, 0x0000000100000000)
  eden space 98816K, 100% used [0x00000000e0000000,0x00000000e6080000,0x00000000e6080000)
  from space 8704K, 90% used [0x00000000e6e00000,0x00000000e75b8df8,0x00000000e7680000)
  to   space 11264K, 0% used [0x00000000e6080000,0x00000000e6080000,0x00000000e6b80000)
 ParOldGen       total 84992K, used 14760K [0x00000000a0000000, 0x00000000a5300000, 0x00000000e0000000)
  object space 84992K, 17% used [0x00000000a0000000,0x00000000a0e6a0c0,0x00000000a5300000)
 Metaspace       used 45142K, capacity 46246K, committed 46424K, reserved 1089536K
  class space    used 6209K, capacity 6497K, committed 6528K, reserved 1048576K
Event: 16.797 GC heap after
Heap after GC invocations=13 (full 2):
 PSYoungGen      total 110080K, used 11234K [0x00000000e0000000, 0x00000000e9e00000, 0x0000000100000000)
  eden space 98816K, 0% used [0x00000000e0000000,0x00000000e0000000,0x00000000e6080000)
  from space 11264K, 99% used [0x00000000e6080000,0x00000000e6b78bf0,0x00000000e6b80000)
  to   space 13312K, 0% used [0x00000000e9100000,0x00000000e9100000,0x00000000e9e00000)
 ParOldGen       total 84992K, used 16700K [0x00000000a0000000, 0x00000000a5300000, 0x00000000e0000000)
  object space 84992K, 19% used [0x00000000a0000000,0x00000000a104f290,0x00000000a5300000)
 Metaspace       used 45142K, capacity 46246K, committed 46424K, reserved 1089536K
  class space    used 6209K, capacity 6497K, committed 6528K, reserved 1048576K
}
Event: 18.619 GC heap before
{Heap before GC invocations=14 (full 2):
 PSYoungGen      total 110080K, used 110050K [0x00000000e0000000, 0x00000000e9e00000, 0x0000000100000000)
  eden space 98816K, 100% used [0x00000000e0000000,0x00000000e6080000,0x00000000e6080000)
  from space 11264K, 99% used [0x00000000e6080000,0x00000000e6b78bf0,0x00000000e6b80000)
  to   space 13312K, 0% used [0x00000000e9100000,0x00000000e9100000,0x00000000e9e00000)
 ParOldGen       total 84992K, used 16700K [0x00000000a0000000, 0x00000000a5300000, 0x00000000e0000000)
  object space 84992K, 19% used [0x00000000a0000000,0x00000000a104f290,0x00000000a5300000)
 Metaspace       used 49572K, capacity 51142K, committed 51416K, reserved 1093632K
  class space    used 6944K, capacity 7311K, committed 7424K, reserved 1048576K
Event: 18.676 GC heap after
Heap after GC invocations=14 (full 2):
 PSYoungGen      total 144384K, used 13311K [0x00000000e0000000, 0x00000000ea880000, 0x0000000100000000)
  eden space 131072K, 0% used [0x00000000e0000000,0x00000000e0000000,0x00000000e8000000)
  from space 13312K, 99% used [0x00000000e9100000,0x00000000e9dffff0,0x00000000e9e00000)
  to   space 17408K, 0% used [0x00000000e8000000,0x00000000e8000000,0x00000000e9100000)
 ParOldGen       total 84992K, used 23113K [0x00000000a0000000, 0x00000000a5300000, 0x00000000e0000000)
  object space 84992K, 27% used [0x00000000a0000000,0x00000000a1692740,0x00000000a5300000)
 Metaspace       used 49572K, capacity 51142K, committed 51416K, reserved 1093632K
  class space    used 6944K, capacity 7311K, committed 7424K, reserved 1048576K
}
Event: 21.728 GC heap before
{Heap before GC invocations=15 (full 2):
 PSYoungGen      total 144384K, used 144383K [0x00000000e0000000, 0x00000000ea880000, 0x0000000100000000)
  eden space 131072K, 100% used [0x00000000e0000000,0x00000000e8000000,0x00000000e8000000)
  from space 13312K, 99% used [0x00000000e9100000,0x00000000e9dffff0,0x00000000e9e00000)
  to   space 17408K, 0% used [0x00000000e8000000,0x00000000e8000000,0x00000000e9100000)
 ParOldGen       total 84992K, used 23113K [0x00000000a0000000, 0x00000000a5300000, 0x00000000e0000000)
  object space 84992K, 27% used [0x00000000a0000000,0x00000000a1692740,0x00000000a5300000)
 Metaspace       used 53616K, capacity 55880K, committed 56152K, reserved 1097728K
  class space    used 7482K, capacity 7969K, committed 8064K, reserved 1048576K
Event: 21.813 GC heap after
Heap after GC invocations=15 (full 2):
 PSYoungGen      total 148480K, used 17376K [0x00000000e0000000, 0x00000000ee200000, 0x0000000100000000)
  eden space 131072K, 0% used [0x00000000e0000000,0x00000000e0000000,0x00000000e8000000)
  from space 17408K, 99% used [0x00000000e8000000,0x00000000e90f8218,0x00000000e9100000)
  to   space 23552K, 0% used [0x00000000ecb00000,0x00000000ecb00000,0x00000000ee200000)
 ParOldGen       total 84992K, used 33063K [0x00000000a0000000, 0x00000000a5300000, 0x00000000e0000000)
  object space 84992K, 38% used [0x00000000a0000000,0x00000000a2049d18,0x00000000a5300000)
 Metaspace       used 53616K, capacity 55880K, committed 56152K, reserved 1097728K
  class space    used 7482K, capacity 7969K, committed 8064K, reserved 1048576K
}

Deoptimization events (10 events):
Event: 18.150 Thread 0x00007f9ae4007800 Uncommon trap: reason=unstable_if action=reinterpret pc=0x00007f9b31fea234 method=groovy.lang.MetaClassImpl.filterPropertyMethod(Ljava/lang/Object;ZZ)Ljava/lang/Object; @ 187
Event: 18.271 Thread 0x00007f9ae4007800 Uncommon trap: reason=unstable_if action=reinterpret pc=0x00007f9b30ef9adc method=java.lang.String.lastIndexOf([CII[CIII)I @ 118
Event: 18.558 Thread 0x00007f9ae4007800 Uncommon trap: reason=class_check action=maybe_recompile pc=0x00007f9b314edbd4 method=java.lang.Throwable.<init>(Ljava/lang/String;Ljava/lang/Throwable;)V @ 24
Event: 19.143 Thread 0x00007f9ae4007800 Uncommon trap: reason=class_check action=maybe_recompile pc=0x00007f9b314edbd4 method=java.lang.Throwable.<init>(Ljava/lang/String;Ljava/lang/Throwable;)V @ 24
Event: 19.308 Thread 0x00007f9ae4007800 Uncommon trap: reason=unstable_if action=reinterpret pc=0x00007f9b31751574 method=com.esotericsoftware.kryo.io.Input.readUtf8(I)V @ 79
Event: 19.474 Thread 0x00007f9ae4007800 Uncommon trap: reason=class_check action=maybe_recompile pc=0x00007f9b314edbd4 method=java.lang.Throwable.<init>(Ljava/lang/String;Ljava/lang/Throwable;)V @ 24
Event: 19.482 Thread 0x00007f9ae4007800 Uncommon trap: reason=class_check action=maybe_recompile pc=0x00007f9b314edbd4 method=java.lang.Throwable.<init>(Ljava/lang/String;Ljava/lang/Throwable;)V @ 24
Event: 19.499 Thread 0x00007f9ae4007800 Uncommon trap: reason=class_check action=maybe_recompile pc=0x00007f9b31d7e934 method=java.util.regex.Matcher.search(I)Z @ 86
Event: 19.567 Thread 0x00007f9ae4007800 Uncommon trap: reason=unstable_if action=reinterpret pc=0x00007f9b321699f4 method=java.lang.reflect.Proxy.isProxyClass(Ljava/lang/Class;)Z @ 6
Event: 19.838 Thread 0x00007f9ae04d3000 Uncommon trap: reason=unstable_if action=reinterpret pc=0x00007f9b31dae684 method=java.nio.Buffer.limit(I)Ljava/nio/Buffer; @ 33

Internal exceptions (10 events):
Event: 19.862 Thread 0x00007f9af0017800 Exception <a 'java/lang/NoSuchMethodError': <clinit>> (0x00000000e5d44da0) thrown at [/HUDSON3/workspace/8-2-build-linux-amd64/jdk8u121/8372/hotspot/src/share/vm/prims/jni.cpp, line 1613]
Event: 19.864 Thread 0x00007f9af0017800 Exception <a 'java/lang/NoSuchMethodError': <clinit>> (0x00000000e5d58c10) thrown at [/HUDSON3/workspace/8-2-build-linux-amd64/jdk8u121/8372/hotspot/src/share/vm/prims/jni.cpp, line 1613]
Event: 19.866 Thread 0x00007f9af0017800 Exception <a 'java/lang/NoSuchMethodError': <clinit>> (0x00000000e5d6dd28) thrown at [/HUDSON3/workspace/8-2-build-linux-amd64/jdk8u121/8372/hotspot/src/share/vm/prims/jni.cpp, line 1613]
Event: 19.867 Thread 0x00007f9af0017800 Exception <a 'java/lang/NoSuchMethodError': <clinit>> (0x00000000e5d7dfb8) thrown at [/HUDSON3/workspace/8-2-build-linux-amd64/jdk8u121/8372/hotspot/src/share/vm/prims/jni.cpp, line 1613]
Event: 19.870 Thread 0x00007f9af0017800 Exception <a 'java/lang/NoSuchMethodError': <clinit>> (0x00000000e5d85208) thrown at [/HUDSON3/workspace/8-2-build-linux-amd64/jdk8u121/8372/hotspot/src/share/vm/prims/jni.cpp, line 1613]
Event: 19.900 Thread 0x00007f9ae4005800 Exception <a 'java/lang/NoSuchMethodError': <clinit>> (0x00000000e608bff0) thrown at [/HUDSON3/workspace/8-2-build-linux-amd64/jdk8u121/8372/hotspot/src/share/vm/prims/jni.cpp, line 1613]
Event: 21.031 Thread 0x00007f9ae4005800 Exception <a 'java/lang/NoSuchMethodError': <clinit>> (0x00000000e61f9458) thrown at [/HUDSON3/workspace/8-2-build-linux-amd64/jdk8u121/8372/hotspot/src/share/vm/prims/jni.cpp, line 1613]
Event: 21.044 Thread 0x00007f9ae4005800 Exception <a 'java/lang/NoSuchMethodError': <clinit>> (0x00000000e6212520) thrown at [/HUDSON3/workspace/8-2-build-linux-amd64/jdk8u121/8372/hotspot/src/share/vm/prims/jni.cpp, line 1613]
Event: 21.129 Thread 0x00007f9ae4007800 Exception <a 'java/lang/ClassNotFoundException': asLocalRepo1_1681o5nhvw35ox7yj0jn66281BeanInfo> (0x00000000e64b18c0) thrown at [/HUDSON3/workspace/8-2-build-linux-amd64/jdk8u121/8372/hotspot/src/share/vm/classfile/systemDictionary.cpp, line 210]
Event: 21.129 Thread 0x00007f9ae4007800 Exception <a 'java/lang/ClassNotFoundException': asLocalRepo1_1681o5nhvw35ox7yj0jn66281Customizer> (0x00000000e64bcd68) thrown at [/HUDSON3/workspace/8-2-build-linux-amd64/jdk8u121/8372/hotspot/src/share/vm/classfile/systemDictionary.cpp, line 210]

Events (10 events):
Event: 21.444 Thread 0x00007f9ae4007800 DEOPT PACKING pc=0x00007f9b317a2d2d sp=0x00007f9b188600d0
Event: 21.444 Thread 0x00007f9ae4007800 DEOPT UNPACKING pc=0x00007f9b30e2c633 sp=0x00007f9b18860038 mode 0
Event: 21.561 Thread 0x00007f9ae4007800 DEOPT PACKING pc=0x00007f9b317a2d2d sp=0x00007f9b1885ef90
Event: 21.561 Thread 0x00007f9ae4007800 DEOPT UNPACKING pc=0x00007f9b30e2c633 sp=0x00007f9b1885eef8 mode 0
Event: 21.682 Thread 0x00007f9ae4007800 DEOPT PACKING pc=0x00007f9b317a2d2d sp=0x00007f9b1885dd40
Event: 21.682 Thread 0x00007f9ae4007800 DEOPT UNPACKING pc=0x00007f9b30e2c633 sp=0x00007f9b1885dca8 mode 0
Event: 21.727 Executing VM operation: ParallelGCFailedAllocation
Event: 21.813 Executing VM operation: ParallelGCFailedAllocation done
Event: 21.839 Executing VM operation: RevokeBias
Event: 21.839 Executing VM operation: RevokeBias done


Dynamic libraries:
00400000-00401000 r-xp 00000000 08:01 11143952                           /usr/local/java/jdk1.8.0_121/bin/java
00600000-00601000 rw-p 00000000 08:01 11143952                           /usr/local/java/jdk1.8.0_121/bin/java
01cbc000-01cdd000 rw-p 00000000 00:00 0                                  [heap]
a0000000-a5300000 rw-p 00000000 00:00 0 
a5300000-e0000000 ---p 00000000 00:00 0 
e0000000-ee200000 rw-p 00000000 00:00 0 
ee200000-100000000 ---p 00000000 00:00 0 
100000000-1007e0000 rw-p 00000000 00:00 0 
1007e0000-140000000 ---p 00000000 00:00 0 
7f9ac0000000-7f9ac0021000 rw-p 00000000 00:00 0 
7f9ac0021000-7f9ac4000000 ---p 00000000 00:00 0 
7f9ac8000000-7f9ac8021000 rw-p 00000000 00:00 0 
7f9ac8021000-7f9acc000000 ---p 00000000 00:00 0 
7f9acc000000-7f9acc021000 rw-p 00000000 00:00 0 
7f9acc021000-7f9ad0000000 ---p 00000000 00:00 0 
7f9ad1bb3000-7f9ad1cb3000 rw-p 00000000 00:00 0 
7f9ad1cb3000-7f9ad1db3000 ---p 00000000 00:00 0 
7f9ad1db3000-7f9ad1fb3000 rw-p 00000000 00:00 0 
7f9ad1fb3000-7f9ad21b3000 rw-p 00000000 00:00 0 
7f9ad21b3000-7f9ad23b3000 rw-p 00000000 00:00 0 
7f9ad23b3000-7f9ad25b3000 rw-p 00000000 00:00 0 
7f9ad25b3000-7f9ad27b3000 rw-p 00000000 00:00 0 
7f9ad27b3000-7f9ad27c6000 r--s 00345000 08:01 11146278                   /usr/local/java/jdk1.8.0_121/jre/lib/resources.jar
7f9ad27c6000-7f9ad29c6000 rw-p 00000000 00:00 0 
7f9ad29c6000-7f9ad2bc6000 rw-p 00000000 00:00 0 
7f9ad2bc6000-7f9ad2dc6000 rw-p 00000000 00:00 0 
7f9ad2dc6000-7f9ad2fbc000 rw-p 00000000 00:00 0 
7f9ad2fbc000-7f9ad2fc6000 ---p 00000000 00:00 0 
7f9ad2fc6000-7f9ad2fc9000 ---p 00000000 00:00 0 
7f9ad2fc9000-7f9ad32c7000 rw-p 00000000 00:00 0 
7f9ad32c7000-7f9ad32c8000 r--s 00001000 08:01 34996890                   /root/.gradle/caches/jars-2/7c4c8dw4bn3s8grc5kz09cv28jy9yn3/annotations-25.3.0.jar
7f9ad32c8000-7f9ad32d0000 r--s 000a8000 08:01 34996888                   /root/.gradle/caches/jars-2/lp0h431tl0554nh1vx6zomcvteflkp/lombok-ast-0.2.3.jar
7f9ad32d0000-7f9ad32e4000 r--s 000b4000 08:01 34996886                   /root/.gradle/caches/jars-2/igzbti8te04ygk32hg4q3ljfkkkzmlr/uast-162.2228.14.jar
7f9ad32e4000-7f9ad32e6000 r--s 0000d000 08:01 34996884                   /root/.gradle/caches/jars-2/7pwz1bowgakb1eux9ezb56jlturgsyi/commons-codec-1.4.jar
7f9ad32e6000-7f9ad32e8000 r--s 0000d000 08:01 34996882                   /root/.gradle/caches/jars-2/9dj1m0eyooi5qt13735vz8fpkl3cnfy/commons-logging-1.1.1.jar
7f9ad32e8000-7f9ad32ed000 r--s 00028000 08:01 34996880                   /root/.gradle/caches/jars-2/62lv0fe9b3xbqe57f6ljy5upwi7mf6k/httpcore-4.1.jar
7f9ad32ed000-7f9ad32f1000 r--s 0002f000 08:01 34996878                   /root/.gradle/caches/jars-2/gsg5n52frsvw6sx0swqqe2hwijwdcf0/jimfs-1.1.jar
7f9ad32f1000-7f9ad32f2000 r--s 00004000 08:01 34996876                   /root/.gradle/caches/jars-2/lxs252id0979odjrerlctkb26c2vj95/annotations-12.0.jar
7f9ad32f2000-7f9ad32f3000 r--s 00004000 08:01 34996874                   /root/.gradle/caches/jars-2/9kn99dr0rulyl67sct1ephwcop56l61/asm-analysis-5.0.4.jar
7f9ad32f3000-7f9ad32f7000 r--s 00040000 08:01 34996872                   /root/.gradle/caches/jars-2/h4gop7cox40tig0ckkhw1h8hl6tfcwm/lint-api-25.3.0.jar
7f9ad32f7000-7f9ad32f8000 r--s 0000a000 08:01 34996870                   /root/.gradle/caches/jars-2/nwyg9io65lv6jvmwit2wq82xnnxd7ia/kxml2-2.3.0.jar
7f9ad32f8000-7f9ad32fa000 r--s 00005000 08:01 34996868                   /root/.gradle/caches/jars-2/i6hc1uuj8e9ck59slmzdyz78ydn8sr6/httpmime-4.1.jar
7f9ad32fa000-7f9ad3302000 r--s 0004e000 08:01 34996866                   /root/.gradle/caches/jars-2/7503wa5irssz0xxahv1xb82p2dl7rr2/httpclient-4.1.1.jar
7f9ad3302000-7f9ad3309000 r--s 00053000 08:01 34996864                   /root/.gradle/caches/jars-2/jgkfvs4eqggj7qsyw1f5d3up57hanj1/commons-compress-1.8.1.jar
7f9ad3309000-7f9ad330e000 r--s 0002a000 08:01 34996862                   /root/.gradle/caches/jars-2/je8f027qcr1z1egw08byp1ybxbp9kko/gson-2.2.4.jar
7f9ad330e000-7f9ad3313000 r--s 0002e000 08:01 34996860                   /root/.gradle/caches/jars-2/r6oa1284jnf1g0hjm5fw7l8swldb7ek/repository-25.3.0.jar
7f9ad3313000-7f9ad3314000 r--s 00005000 08:01 34996858                   /root/.gradle/caches/jars-2/8zf2fyptbgnbanz613fx2c3hoto0539/dvlib-25.3.0.jar
7f9ad3314000-7f9ad3317000 r--s 00012000 08:01 34996856                   /root/.gradle/caches/jars-2/9uh4197qdwnvuono2myyig8xxy6aqcq/layoutlib-api-25.3.0.jar
7f9ad3317000-7f9ad331c000 r--s 00058000 08:01 34996854                   /root/.gradle/caches/jars-2/st159835qgxm0l87oqrnhayxos4lc1n/asm-debug-all-5.0.1.jar
7f9ad331c000-7f9ad332c000 r--s 000d5000 08:01 34996852                   /root/.gradle/caches/jars-2/qzf32gp9kej4w4hlbabft6tplu74cj3/proguard-base-5.3.2.jar
7f9ad332c000-7f9ad332f000 r--s 00033000 08:01 34996850                   /root/.gradle/caches/jars-2/nz9sndmr8b4xbj4xulkaciy5kdbyfiz/juniversalchardet-1.0.3.jar
7f9ad332f000-7f9ad3333000 r--s 0002a000 08:01 34996848                   /root/.gradle/caches/jars-2/krbpn9xjn1qymukyx8cc5l799ty1v3h/commons-io-2.4.jar
7f9ad3333000-7f9ad334a000 r--s 00154000 08:01 34996846                   /root/.gradle/caches/jars-2/sfeivjswzitn6n0fnjx3ueszz8gv8o1/antlr4-4.5.3.jar
7f9ad334a000-7f9ad334c000 r--s 00002000 08:01 34996844                   /root/.gradle/caches/jars-2/o6nwvy6at9y5kbpwo6utcclqk98gd99/baseLibrary-2.3.0.jar
7f9ad334c000-7f9ad3377000 r--s 001fc000 08:01 34996842                   /root/.gradle/caches/jars-2/nxjrjftly2xksl8o0wqgivu5netfu2x/guava-18.0.jar
7f9ad3377000-7f9ad338a000 r--s 00241000 08:01 34996840                   /root/.gradle/caches/jars-2/9yuekvg4qerfitq3xec0iyckuw3hwaq/ecj-4.6.1.jar
7f9ad338a000-7f9ad3391000 r--s 000d9000 08:01 34996838                   /root/.gradle/caches/jars-2/aprntsq9xd6l685y4wf1lo3ojhypibs/lint-checks-25.3.0.jar
7f9ad3391000-7f9ad3393000 r--s 00006000 08:01 34996836                   /root/.gradle/caches/jars-2/6phgj9ki3jl3p5epzkqoo8pr6kur40b/asm-tree-5.0.4.jar
7f9ad3393000-7f9ad33c6000 r--s 00203000 08:01 34996834                   /root/.gradle/caches/jars-2/hj0bfvxu9cq7hkwmecvp0kg137or3hh/bcprov-jdk15on-1.48.jar
7f9ad33c6000-7f9ad33d4000 r--s 00081000 08:01 34996832                   /root/.gradle/caches/jars-2/4r7xli0tz94y0wfjrdyjxlxar3g1pb9/bcpkix-jdk15on-1.48.jar
7f9ad33d4000-7f9ad33d6000 r--s 00002000 08:01 34996830                   /root/.gradle/caches/jars-2/f32bh5uivuf69ecz2j8hl96ksnqdh7v/javawriter-2.5.0.jar
7f9ad33d6000-7f9ad33d8000 r--s 00004000 08:01 34996828                   /root/.gradle/caches/jars-2/ks5d1mxwh7e42p192ttu3gpechro7qa/tracker-25.3.0.jar
7f9ad33d8000-7f9ad33d9000 r--s 00005000 08:01 34996826                   /root/.gradle/caches/jars-2/fl4kf4ptr1zzfqcvmz0t9nip0r2xra6/shared-25.3.0.jar
7f9ad33d9000-7f9ad33e7000 r--s 00147000 08:01 34996824                   /root/.gradle/caches/jars-2/kzywuljggjlwzg0mn5daqjrl9hrds10/protos-25.3.0.jar
7f9ad33e7000-7f9ad33e8000 r--s 00001000 08:01 34996822                   /root/.gradle/caches/jars-2/9wceqt3rojnwacgoouxh9g9dkoot2zu/jill-api-0.10.0.jar
7f9ad33e8000-7f9ad33ea000 r--s 00003000 08:01 34996820                   /root/.gradle/caches/jars-2/hgjtw817h9ckqrqd7wts8rss79wyf2p/jack-api-0.13.0.jar
7f9ad33ea000-7f9ad33f0000 r--s 0004a000 08:01 34996818                   /root/.gradle/caches/jars-2/qdr9c88xakd7sne0hmledt9h4qds2q2/ddmlib-25.3.0.jar
7f9ad33f0000-7f9ad33f3000 r--s 00022000 08:01 34996816                   /root/.gradle/caches/jars-2/fsss09xku4j8m0mtb0gif22hmmgqs7i/manifest-merger-25.3.0.jar
7f9ad33f3000-7f9ad33f6000 r--s 0001c000 08:01 34996814                   /root/.gradle/caches/jars-2/s9s98vc2jrc4cq452s7phwb2ad5xfkn/common-25.3.0.jar
7f9ad33f6000-7f9ad3400000 r--s 00097000 08:01 34996810                   /root/.gradle/caches/jars-2/2t3glk7v5svadzqcbhq0avch2qk6a9k/sdklib-25.3.0.jar
7f9ad3400000-7f9ad3600000 rw-p 00000000 00:00 0 
7f9ad3600000-7f9ad3800000 rw-p 00000000 00:00 0 
7f9ad3800000-7f9ad3a00000 rw-p 00000000 00:00 0 
7f9ad3a00000-7f9ad3c00000 rw-p 00000000 00:00 0 
7f9ad3c00000-7f9ad3e00000 rw-p 00000000 00:00 0 
7f9ad3e00000-7f9ad4000000 rw-p 00000000 00:00 0 
7f9ad4000000-7f9ad4021000 rw-p 00000000 00:00 0 
7f9ad4021000-7f9ad8000000 ---p 00000000 00:00 0 
7f9ad8000000-7f9ad8021000 rw-p 00000000 00:00 0 
7f9ad8021000-7f9adc000000 ---p 00000000 00:00 0 
7f9adc000000-7f9adc021000 rw-p 00000000 00:00 0 
7f9adc021000-7f9ae0000000 ---p 00000000 00:00 0 
7f9ae0000000-7f9ae1632000 rw-p 00000000 00:00 0 
7f9ae1632000-7f9ae4000000 ---p 00000000 00:00 0 
7f9ae4000000-7f9ae4021000 rw-p 00000000 00:00 0 
7f9ae4021000-7f9ae8000000 ---p 00000000 00:00 0 
7f9ae8000000-7f9ae8021000 rw-p 00000000 00:00 0 
7f9ae8021000-7f9aec000000 ---p 00000000 00:00 0 
7f9aec000000-7f9aec021000 rw-p 00000000 00:00 0 
7f9aec021000-7f9af0000000 ---p 00000000 00:00 0 
7f9af0000000-7f9af0074000 rw-p 00000000 00:00 0 
7f9af0074000-7f9af4000000 ---p 00000000 00:00 0 
7f9af4000000-7f9af4021000 rw-p 00000000 00:00 0 
7f9af4021000-7f9af8000000 ---p 00000000 00:00 0 
7f9af8000000-7f9af8021000 rw-p 00000000 00:00 0 
7f9af8021000-7f9afc000000 ---p 00000000 00:00 0 
7f9afc000000-7f9afdfb3000 rw-p 00000000 00:00 0 
7f9afdfb3000-7f9b00000000 ---p 00000000 00:00 0 
7f9b00000000-7f9b00bfd000 rw-p 00000000 00:00 0 
7f9b00bfd000-7f9b04000000 ---p 00000000 00:00 0 
7f9b04000000-7f9b04021000 rw-p 00000000 00:00 0 
7f9b04021000-7f9b08000000 ---p 00000000 00:00 0 
7f9b08000000-7f9b09f5a000 rw-p 00000000 00:00 0 
7f9b09f5a000-7f9b0c000000 ---p 00000000 00:00 0 
7f9b0c000000-7f9b0c021000 rw-p 00000000 00:00 0 
7f9b0c021000-7f9b10000000 ---p 00000000 00:00 0 
7f9b10000000-7f9b10021000 rw-p 00000000 00:00 0 
7f9b10021000-7f9b14000000 ---p 00000000 00:00 0 
7f9b14000000-7f9b14021000 rw-p 00000000 00:00 0 
7f9b14021000-7f9b18000000 ---p 00000000 00:00 0 
7f9b18000000-7f9b18009000 r--s 00089000 08:01 34996812                   /root/.gradle/caches/jars-2/965j22khmkpwdgya5fll5pxt21kiz0y/sdk-common-25.3.0.jar
7f9b18009000-7f9b1800a000 r--s 00002000 08:01 34996808                   /root/.gradle/caches/jars-2/q53lj97mtvuhn56k5k0vmpi70ln1194/builder-test-api-2.3.0.jar
7f9b1800a000-7f9b1800d000 r--s 00006000 08:01 34996806                   /root/.gradle/caches/jars-2/217rxmwsloonj42ilq94g16c8qou0uv/builder-model-2.3.0.jar
7f9b1800d000-7f9b1801c000 r--s 00130000 08:01 34996804                   /root/.gradle/caches/jars-2/cr6zkqpx14lor9zdtmo49qpc7y8r8p4/protobuf-java-3.0.0.jar
7f9b1801c000-7f9b1801e000 r--s 0000f000 08:01 34996802                   /root/.gradle/caches/jars-2/rvfyugrlu5tbpz51p98og0qsxamjq4k/jopt-simple-4.9.jar
7f9b1801e000-7f9b18022000 r--s 0001f000 08:01 34996800                   /root/.gradle/caches/jars-2/nq3fzqkrrm37ob61z4iu5qdbh368uat/org.jacoco.report-0.7.5.201505241946.jar
7f9b18022000-7f9b18026000 r--s 0001d000 08:01 34996798                   /root/.gradle/caches/jars-2/3kxkmcckmk40ron92zhbm0qjo9l4bkl/org.jacoco.core-0.7.5.201505241946.jar
7f9b18026000-7f9b18028000 r--s 00002000 08:01 34996796                   /root/.gradle/caches/jars-2/m4m0pzb4gmaeh0in5g2xc4bxeuwt828/proguard-gradle-5.3.2.jar
7f9b18028000-7f9b1802a000 r--s 00009000 08:01 34996794                   /root/.gradle/caches/jars-2/ajvcvdu66lc9e3tvvipxtuq48i9bbkc/asm-commons-5.0.4.jar
7f9b1802a000-7f9b1802c000 r--s 0000c000 08:01 34996792                   /root/.gradle/caches/jars-2/1laz1ygmxoc408r7nwqs1q8uk8r236d/asm-5.0.4.jar
7f9b1802c000-7f9b18031000 r--s 0002c000 08:01 34996790                   /root/.gradle/caches/jars-2/3eyaheco65g859qpfsowjbpqi0jh6mf/compilerCommon-2.3.0.jar
7f9b18031000-7f9b18032000 r--s 00002000 08:01 34996788                   /root/.gradle/caches/jars-2/31jr90v5p5fkd2jflx4pvapkdf35ezu/gradle-api-2.3.0.jar
7f9b18032000-7f9b18033000 r--s 00000000 08:01 34996786                   /root/.gradle/caches/jars-2/9alwd0ip1x6at9csjhyhihqra39rks9/transform-api-2.0.0-deprecated-use-gradle-api.jar
7f9b18033000-7f9b18038000 r--s 0005e000 08:01 34996784                   /root/.gradle/caches/jars-2/ni16dxztl73a86d25hs3on5ncngkbuy/lint-25.3.0.jar
7f9b18038000-7f9b1804e000 r--s 00163000 08:01 34996782                   /root/.gradle/caches/jars-2/sqf8kc3htrab4fj479mwr3jrji381b7/builder-2.3.0.jar
7f9b1804e000-7f9b1806c000 r--s 001cb000 08:01 34996780                   /root/.gradle/caches/jars-2/8qy5a7i3gbr2s4snxdquaath1tjusie/gradle-core-2.3.0.jar
7f9b1806c000-7f9b1806e000 r--s 0000d000 08:01 34996778                   /root/.gradle/caches/jars-2/60bmiis45kdytxtzt10fi483750k8at/gradle-2.3.0.jar
7f9b1806e000-7f9b18073000 r--s 00034000 08:01 34996702                   /root/.gradle/caches/jars-2/c74d41v3l7o57dyhdc4xhdfblc3m2cw/gson-2.5.jar
7f9b18073000-7f9b18078000 r--s 0007a000 08:01 34996698                   /root/.gradle/caches/jars-2/q5pdl4dnyup86dc2j4432si3lyapuro/gradle-tooling-extension-impl.jar
7f9b18078000-7f9b180e8000 r--s 00643000 08:01 34996700                   /root/.gradle/caches/jars-2/8cxlnul3q31hn64oaeyb96yvefwfs4h/groovy-all-2.4.6.jar
7f9b180e8000-7f9b180eb000 ---p 00000000 00:00 0 
7f9b180eb000-7f9b18121000 rw-p 00000000 00:00 0 
7f9b18121000-7f9b18122000 r--p 00000000 00:00 0 
7f9b18122000-7f9b18123000 r--s 00000000 08:01 34996626                   /root/.gradle/caches/jars-2/dg22azhabc6tsc1i8xni15giz1bnssh/gradle-appengine-builder-model-0.1.0.jar
7f9b18123000-7f9b18160000 r--s 0057a000 08:01 34996624                   /root/.gradle/caches/jars-2/fo77ak4mnuyhc5u9vjmknf4a9d1jvr7/sdk-tools.jar
7f9b18160000-7f9b18161000 r--s 00002000 08:01 34996622                   /root/.gradle/caches/jars-2/alhyd7g7xhtn0z1hxgxf7267ym5i09w/external-system-rt.jar
7f9b18161000-7f9b18163000 r--s 0000a000 08:01 34996620                   /root/.gradle/caches/jars-2/ptk43fz0tdnoik1x8njn96wlo1j4uin/gradle-tooling-extension-api.jar
7f9b18163000-7f9b18170000 r--s 0017f000 08:01 34866102                   /root/.gradle/caches/jars-2/jei8kz30gbr6a1wtydijbt6dfeefz5z/velocity.jar
7f9b18170000-7f9b181aa000 r--s 001e2000 08:01 34735262                   /root/.gradle/caches/jars-2/gsc6q095kyxskeaqm5ejgrya5fy93e4/gradle-core-3.2.jar
7f9b181aa000-7f9b181b3000 r--s 00041000 08:01 34735260                   /root/.gradle/caches/jars-2/h9tlqcb3hm1v4dc2krttqmly48oj6dn/gradle-base-services-3.2.jar
7f9b181b3000-7f9b181db000 r--s 001cf000 08:01 34606348                   /root/.gradle/caches/jars-2/87eo0lrvp84r6dbxjq018wy66es2era/guava-jdk5-17.0.jar
7f9b181db000-7f9b181e8000 r--s 00041000 08:01 34606346                   /root/.gradle/caches/jars-2/dgtjvv7hz6uw97ja0np1f4qgb2lzw3b/gradle-tooling-api-3.2.jar
7f9b181e8000-7f9b181eb000 ---p 00000000 00:00 0 
7f9b181eb000-7f9b182e9000 rw-p 00000000 00:00 0 
7f9b182e9000-7f9b18363000 r--s 010f6000 08:01 11020816                   /usr/local/java/jdk1.8.0_121/lib/tools.jar
7f9b18363000-7f9b18563000 rw-p 00000000 00:00 0 
7f9b18563000-7f9b18566000 ---p 00000000 00:00 0 
7f9b18566000-7f9b18664000 rw-p 00000000 00:00 0 
7f9b18664000-7f9b18667000 ---p 00000000 00:00 0 
7f9b18667000-7f9b18765000 rw-p 00000000 00:00 0 
7f9b18765000-7f9b18768000 ---p 00000000 00:00 0 
7f9b18768000-7f9b18866000 rw-p 00000000 00:00 0 
7f9b18866000-7f9b18869000 ---p 00000000 00:00 0 
7f9b18869000-7f9b18b67000 rw-p 00000000 00:00 0 
7f9b18b67000-7f9b18b6a000 ---p 00000000 00:00 0 
7f9b18b6a000-7f9b18c68000 rw-p 00000000 00:00 0 
7f9b18c68000-7f9b18c6b000 ---p 00000000 00:00 0 
7f9b18c6b000-7f9b18d69000 rw-p 00000000 00:00 0 
7f9b18d69000-7f9b18d70000 r--s 00000000 08:01 11274324                   /usr/lib/x86_64-linux-gnu/gconv/gconv-modules.cache
7f9b18d70000-7f9b18f70000 rw-p 00000000 00:00 0 
7f9b18f70000-7f9b18f73000 ---p 00000000 00:00 0 
7f9b18f73000-7f9b19071000 rw-p 00000000 00:00 0 
7f9b19071000-7f9b19074000 ---p 00000000 00:00 0 
7f9b19074000-7f9b19172000 rw-p 00000000 00:00 0 
7f9b19172000-7f9b1917b000 r-xp 00000000 08:01 11144070                   /usr/local/java/jdk1.8.0_121/jre/lib/amd64/libmanagement.so
7f9b1917b000-7f9b1937a000 ---p 00009000 08:01 11144070                   /usr/local/java/jdk1.8.0_121/jre/lib/amd64/libmanagement.so
7f9b1937a000-7f9b1937b000 rw-p 00008000 08:01 11144070                   /usr/local/java/jdk1.8.0_121/jre/lib/amd64/libmanagement.so
7f9b1937b000-7f9b1937f000 r--s 0009a000 08:01 11143978                   /usr/local/java/jdk1.8.0_121/jre/lib/jsse.jar
7f9b1937f000-7f9b19381000 r--s 00007000 08:01 34341942                   /root/.gradle/wrapper/dists/gradle-3.3-all/55gk2rcmfc6p2dg9u9ohc3hw9/gradle-3.3/lib/plugins/gradle-tooling-api-builders-3.3.jar
7f9b19381000-7f9b19384000 r--s 00009000 08:01 34341935                   /root/.gradle/wrapper/dists/gradle-3.3-all/55gk2rcmfc6p2dg9u9ohc3hw9/gradle-3.3/lib/plugins/gradle-testing-native-3.3.jar
7f9b19384000-7f9b1938a000 r--s 00033000 08:01 34342010                   /root/.gradle/wrapper/dists/gradle-3.3-all/55gk2rcmfc6p2dg9u9ohc3hw9/gradle-3.3/lib/plugins/snakeyaml-1.6.jar
7f9b1938a000-7f9b1938c000 r--s 00006000 08:01 34342009                   /root/.gradle/wrapper/dists/gradle-3.3-all/55gk2rcmfc6p2dg9u9ohc3hw9/gradle-3.3/lib/plugins/jcommander-1.12.jar
7f9b1938c000-7f9b19391000 r--s 00040000 08:01 34342008                   /root/.gradle/wrapper/dists/gradle-3.3-all/55gk2rcmfc6p2dg9u9ohc3hw9/gradle-3.3/lib/plugins/bsh-2.0b4.jar
7f9b19391000-7f9b19393000 r--s 00009000 08:01 34342016                   /root/.gradle/wrapper/dists/gradle-3.3-all/55gk2rcmfc6p2dg9u9ohc3hw9/gradle-3.3/lib/plugins/hamcrest-core-1.3.jar
7f9b19393000-7f9b1939c000 r--s 00089000 08:01 34341967                   /root/.gradle/wrapper/dists/gradle-3.3-all/55gk2rcmfc6p2dg9u9ohc3hw9/gradle-3.3/lib/plugins/testng-6.3.1.jar
7f9b1939c000-7f9b193a4000 r--s 00045000 08:01 34341966                   /root/.gradle/wrapper/dists/gradle-3.3-all/55gk2rcmfc6p2dg9u9ohc3hw9/gradle-3.3/lib/plugins/junit-4.12.jar
7f9b193a4000-7f9b193aa000 r--s 0002e000 08:01 34341936                   /root/.gradle/wrapper/dists/gradle-3.3-all/55gk2rcmfc6p2dg9u9ohc3hw9/gradle-3.3/lib/plugins/gradle-testing-jvm-3.3.jar
7f9b193aa000-7f9b193ae000 r--s 00016000 08:01 34341934                   /root/.gradle/wrapper/dists/gradle-3.3-all/55gk2rcmfc6p2dg9u9ohc3hw9/gradle-3.3/lib/plugins/gradle-testing-base-3.3.jar
7f9b193ae000-7f9b193b5000 r--s 00038000 08:01 34341961                   /root/.gradle/wrapper/dists/gradle-3.3-all/55gk2rcmfc6p2dg9u9ohc3hw9/gradle-3.3/lib/plugins/bcpg-jdk15on-1.51.jar
7f9b193b5000-7f9b193b7000 r--s 0000c000 08:01 34341913                   /root/.gradle/wrapper/dists/gradle-3.3-all/55gk2rcmfc6p2dg9u9ohc3hw9/gradle-3.3/lib/plugins/gradle-signing-3.3.jar
7f9b193b7000-7f9b193b9000 r--s 00007000 08:01 34341912                   /root/.gradle/wrapper/dists/gradle-3.3-all/55gk2rcmfc6p2dg9u9ohc3hw9/gradle-3.3/lib/plugins/gradle-scala-3.3.jar
7f9b193b9000-7f9b193ba000 r--s 00004000 08:01 34341940                   /root/.gradle/wrapper/dists/gradle-3.3-all/55gk2rcmfc6p2dg9u9ohc3hw9/gradle-3.3/lib/plugins/gradle-resources-sftp-3.3.jar
7f9b193ba000-7f9b193ca000 r--s 00088000 08:01 34341977                   /root/.gradle/wrapper/dists/gradle-3.3-all/55gk2rcmfc6p2dg9u9ohc3hw9/gradle-3.3/lib/plugins/joda-time-2.8.2.jar
7f9b193ca000-7f9b193db000 r--s 0010d000 08:01 34341976                   /root/.gradle/wrapper/dists/gradle-3.3-all/55gk2rcmfc6p2dg9u9ohc3hw9/gradle-3.3/lib/plugins/jackson-databind-2.6.6.jar
7f9b193db000-7f9b193de000 r--s 00009000 08:01 34341975                   /root/.gradle/wrapper/dists/gradle-3.3-all/55gk2rcmfc6p2dg9u9ohc3hw9/gradle-3.3/lib/plugins/jackson-annotations-2.6.6.jar
7f9b193de000-7f9b193e2000 r--s 0003c000 08:01 34341974                   /root/.gradle/wrapper/dists/gradle-3.3-all/55gk2rcmfc6p2dg9u9ohc3hw9/gradle-3.3/lib/plugins/jackson-core-2.6.6.jar
7f9b193e2000-7f9b193f0000 r--s 00087000 08:01 34341973                   /root/.gradle/wrapper/dists/gradle-3.3-all/55gk2rcmfc6p2dg9u9ohc3hw9/gradle-3.3/lib/plugins/aws-java-sdk-core-1.11.6.jar
7f9b193f0000-7f9b193f7000 r--s 00057000 08:01 34341972                   /root/.gradle/wrapper/dists/gradle-3.3-all/55gk2rcmfc6p2dg9u9ohc3hw9/gradle-3.3/lib/plugins/aws-java-sdk-kms-1.11.6.jar
7f9b193f7000-7f9b19404000 r--s 0008e000 08:01 34341971                   /root/.gradle/wrapper/dists/gradle-3.3-all/55gk2rcmfc6p2dg9u9ohc3hw9/gradle-3.3/lib/plugins/aws-java-sdk-s3-1.11.6.jar
7f9b19404000-7f9b19406000 r--s 00004000 08:01 34341941                   /root/.gradle/wrapper/dists/gradle-3.3-all/55gk2rcmfc6p2dg9u9ohc3hw9/gradle-3.3/lib/plugins/gradle-resources-s3-3.3.jar
7f9b19406000-7f9b19408000 r--s 00005000 08:01 34341965                   /root/.gradle/wrapper/dists/gradle-3.3-all/55gk2rcmfc6p2dg9u9ohc3hw9/gradle-3.3/lib/plugins/jatl-0.2.2.jar
7f9b19408000-7f9b1940a000 r--s 0000f000 08:01 34341918                   /root/.gradle/wrapper/dists/gradle-3.3-all/55gk2rcmfc6p2dg9u9ohc3hw9/gradle-3.3/lib/plugins/gradle-reporting-3.3.jar
7f9b1940a000-7f9b1940c000 r--s 00002000 08:01 34341919                   /root/.gradle/wrapper/dists/gradle-3.3-all/55gk2rcmfc6p2dg9u9ohc3hw9/gradle-3.3/lib/plugins/gradle-publish-3.3.jar
7f9b1940c000-7f9b1940e000 r--s 00009000 08:01 34341948                   /root/.gradle/wrapper/dists/gradle-3.3-all/55gk2rcmfc6p2dg9u9ohc3hw9/gradle-3.3/lib/plugins/commons-cli-1.2.jar
7f9b1940e000-7f9b19414000 r--s 00031000 08:01 34341904                   /root/.gradle/wrapper/dists/gradle-3.3-all/55gk2rcmfc6p2dg9u9ohc3hw9/gradle-3.3/lib/plugins/gradle-plugins-3.3.jar
7f9b19414000-7f9b19416000 r--s 00009000 08:01 34341937                   /root/.gradle/wrapper/dists/gradle-3.3-all/55gk2rcmfc6p2dg9u9ohc3hw9/gradle-3.3/lib/plugins/gradle-plugin-development-3.3.jar
7f9b19416000-7f9b1941c000 r--s 0002b000 08:01 34341930                   /root/.gradle/wrapper/dists/gradle-3.3-all/55gk2rcmfc6p2dg9u9ohc3hw9/gradle-3.3/lib/plugins/gradle-platform-play-3.3.jar
7f9b1941c000-7f9b1942a000 r--s 00055000 08:01 34341929                   /root/.gradle/wrapper/dists/gradle-3.3-all/55gk2rcmfc6p2dg9u9ohc3hw9/gradle-3.3/lib/plugins/gradle-platform-native-3.3.jar
7f9b1942a000-7f9b1942f000 r--s 0001f000 08:01 34341924                   /root/.gradle/wrapper/dists/gradle-3.3-all/55gk2rcmfc6p2dg9u9ohc3hw9/gradle-3.3/lib/plugins/gradle-platform-jvm-3.3.jar
7f9b1942f000-7f9b19437000 r--s 00027000 08:01 34341923                   /root/.gradle/wrapper/dists/gradle-3.3-all/55gk2rcmfc6p2dg9u9ohc3hw9/gradle-3.3/lib/plugins/gradle-platform-base-3.3.jar
7f9b19437000-7f9b1945f000 r--s 0021c000 08:01 34341956                   /root/.gradle/wrapper/dists/gradle-3.3-all/55gk2rcmfc6p2dg9u9ohc3hw9/gradle-3.3/lib/plugins/biz.aQute.bndlib-3.2.0.jar
7f9b1945f000-7f9b19461000 r--s 00003000 08:01 34341908                   /root/.gradle/wrapper/dists/gradle-3.3-all/55gk2rcmfc6p2dg9u9ohc3hw9/gradle-3.3/lib/plugins/gradle-osgi-3.3.jar
7f9b19461000-7f9b19464000 r--s 0000c000 08:01 34341959                   /root/.gradle/wrapper/dists/gradle-3.3-all/55gk2rcmfc6p2dg9u9ohc3hw9/gradle-3.3/lib/plugins/pmaven-groovy-0.8-20100325.jar
7f9b19464000-7f9b19465000 r--s 00004000 08:01 34341958                   /root/.gradle/wrapper/dists/gradle-3.3-all/55gk2rcmfc6p2dg9u9ohc3hw9/gradle-3.3/lib/plugins/pmaven-common-0.8-20100325.jar
7f9b19465000-7f9b1946b000 r--s 00023000 08:01 34341909                   /root/.gradle/wrapper/dists/gradle-3.3-all/55gk2rcmfc6p2dg9u9ohc3hw9/gradle-3.3/lib/plugins/gradle-maven-3.3.jar
7f9b1946b000-7f9b1946e000 r--s 0000b000 08:01 34341928                   /root/.gradle/wrapper/dists/gradle-3.3-all/55gk2rcmfc6p2dg9u9ohc3hw9/gradle-3.3/lib/plugins/gradle-language-scala-3.3.jar
7f9b1946e000-7f9b19474000 r--s 0001a000 08:01 34341932                   /root/.gradle/wrapper/dists/gradle-3.3-all/55gk2rcmfc6p2dg9u9ohc3hw9/gradle-3.3/lib/plugins/gradle-language-native-3.3.jar
7f9b19474000-7f9b19477000 r--s 00005000 08:01 34341925                   /root/.gradle/wrapper/dists/gradle-3.3-all/55gk2rcmfc6p2dg9u9ohc3hw9/gradle-3.3/lib/plugins/gradle-language-jvm-3.3.jar
7f9b19477000-7f9b1947d000 r--s 00027000 08:01 34341926                   /root/.gradle/wrapper/dists/gradle-3.3-all/55gk2rcmfc6p2dg9u9ohc3hw9/gradle-3.3/lib/plugins/gradle-language-java-3.3.jar
7f9b1947d000-7f9b1947f000 r--s 0000a000 08:01 34341927                   /root/.gradle/wrapper/dists/gradle-3.3-all/55gk2rcmfc6p2dg9u9ohc3hw9/gradle-3.3/lib/plugins/gradle-language-groovy-3.3.jar
7f9b1947f000-7f9b19482000 r--s 0001e000 08:01 34341983                   /root/.gradle/wrapper/dists/gradle-3.3-all/55gk2rcmfc6p2dg9u9ohc3hw9/gradle-3.3/lib/plugins/jsp-api-2.1-6.1.14.jar
7f9b19482000-7f9b194a5000 r--s 00344000 08:01 34341982                   /root/.gradle/wrapper/dists/gradle-3.3-all/55gk2rcmfc6p2dg9u9ohc3hw9/gradle-3.3/lib/plugins/core-3.1.1.jar
7f9b194a5000-7f9b194a6000 r--s 00006000 08:01 34341981                   /root/.gradle/wrapper/dists/gradle-3.3-all/55gk2rcmfc6p2dg9u9ohc3hw9/gradle-3.3/lib/plugins/jetty-naming-6.1.26.jar
7f9b194a6000-7f9b194a7000 r--s 00002000 08:01 34341955                   /root/.gradle/wrapper/dists/gradle-3.3-all/55gk2rcmfc6p2dg9u9ohc3hw9/gradle-3.3/lib/plugins/geronimo-annotation_1.0_spec-1.0.jar
7f9b194a7000-7f9b194a9000 r--s 00002000 08:01 34341954                   /root/.gradle/wrapper/dists/gradle-3.3-all/55gk2rcmfc6p2dg9u9ohc3hw9/gradle-3.3/lib/plugins/jetty-annotations-6.1.26.jar
7f9b194a9000-7f9b194ba000 r--s 000ea000 08:01 34341953                   /root/.gradle/wrapper/dists/gradle-3.3-all/55gk2rcmfc6p2dg9u9ohc3hw9/gradle-3.3/lib/plugins/jsp-2.1-6.1.14.jar
7f9b194ba000-7f9b194bc000 r--s 0000d000 08:01 34341952                   /root/.gradle/wrapper/dists/gradle-3.3-all/55gk2rcmfc6p2dg9u9ohc3hw9/gradle-3.3/lib/plugins/jetty-plus-6.1.26.jar
7f9b194bc000-7f9b194be000 r--s 0001f000 08:01 34341951                   /root/.gradle/wrapper/dists/gradle-3.3-all/55gk2rcmfc6p2dg9u9ohc3hw9/gradle-3.3/lib/plugins/servlet-api-2.5-20081211.jar
7f9b194be000-7f9b194c2000 r--s 00028000 08:01 34341950                   /root/.gradle/wrapper/dists/gradle-3.3-all/55gk2rcmfc6p2dg9u9ohc3hw9/gradle-3.3/lib/plugins/jetty-util-6.1.26.jar
7f9b194c2000-7f9b194c9000 r--s 0007d000 08:01 34341949                   /root/.gradle/wrapper/dists/gradle-3.3-all/55gk2rcmfc6p2dg9u9ohc3hw9/gradle-3.3/lib/plugins/jetty-6.1.26.jar
7f9b194c9000-7f9b194cb000 r--s 0000a000 08:01 34341906                   /root/.gradle/wrapper/dists/gradle-3.3-all/55gk2rcmfc6p2dg9u9ohc3hw9/gradle-3.3/lib/plugins/gradle-jetty-3.3.jar
7f9b194cb000-7f9b194d2000 r--s 00035000 08:01 34341964                   /root/.gradle/wrapper/dists/gradle-3.3-all/55gk2rcmfc6p2dg9u9ohc3hw9/gradle-3.3/lib/plugins/simple-4.1.21.jar
7f9b194d2000-7f9b194de000 r--s 00100000 08:01 34341962                   /root/.gradle/wrapper/dists/gradle-3.3-all/55gk2rcmfc6p2dg9u9ohc3hw9/gradle-3.3/lib/plugins/rhino-1.7R3.jar
7f9b194de000-7f9b194e2000 r--s 00012000 08:01 34341915                   /root/.gradle/wrapper/dists/gradle-3.3-all/55gk2rcmfc6p2dg9u9ohc3hw9/gradle-3.3/lib/plugins/gradle-javascript-3.3.jar
7f9b194e2000-7f9b194e4000 r--s 0000d000 08:01 34341921                   /root/.gradle/wrapper/dists/gradle-3.3-all/55gk2rcmfc6p2dg9u9ohc3hw9/gradle-3.3/lib/plugins/gradle-jacoco-3.3.jar
7f9b194e4000-7f9b194e7000 r--s 0000e000 08:01 34341920                   /root/.gradle/wrapper/dists/gradle-3.3-all/55gk2rcmfc6p2dg9u9ohc3hw9/gradle-3.3/lib/plugins/gradle-ivy-3.3.jar
7f9b194e7000-7f9b194e8000 r--s 00002000 08:01 34341931                   /root/.gradle/wrapper/dists/gradle-3.3-all/55gk2rcmfc6p2dg9u9ohc3hw9/gradle-3.3/lib/plugins/gradle-ide-play-3.3.jar
7f9b194e8000-7f9b194eb000 r--s 00013000 08:01 34341933                   /root/.gradle/wrapper/dists/gradle-3.3-all/55gk2rcmfc6p2dg9u9ohc3hw9/gradle-3.3/lib/plugins/gradle-ide-native-3.3.jar
7f9b194eb000-7f9b194f4000 r--s 00055000 08:01 34341910                   /root/.gradle/wrapper/dists/gradle-3.3-all/55gk2rcmfc6p2dg9u9ohc3hw9/gradle-3.3/lib/plugins/gradle-ide-3.3.jar
7f9b194f4000-7f9b194f6000 r--s 00007000 08:01 34341914                   /root/.gradle/wrapper/dists/gradle-3.3-all/55gk2rcmfc6p2dg9u9ohc3hw9/gradle-3.3/lib/plugins/gradle-ear-3.3.jar
7f9b194f6000-7f9b194fc000 r--s 00039000 08:01 34341917                   /root/.gradle/wrapper/dists/gradle-3.3-all/55gk2rcmfc6p2dg9u9ohc3hw9/gradle-3.3/lib/plugins/gradle-diagnostics-3.3.jar
7f9b194fc000-7f9b194fd000 r--s 00009000 08:01 34341943                   /root/.gradle/wrapper/dists/gradle-3.3-all/55gk2rcmfc6p2dg9u9ohc3hw9/gradle-3.3/lib/plugins/gradle-composite-builds-3.3.jar
7f9b194fd000-7f9b19501000 r--s 00023000 08:01 34341905                   /root/.gradle/wrapper/dists/gradle-3.3-all/55gk2rcmfc6p2dg9u9ohc3hw9/gradle-3.3/lib/plugins/gradle-code-quality-3.3.jar
7f9b19501000-7f9b19505000 r--s 00022000 08:01 34341922                   /root/.gradle/wrapper/dists/gradle-3.3-all/55gk2rcmfc6p2dg9u9ohc3hw9/gradle-3.3/lib/plugins/gradle-build-init-3.3.jar
7f9b19505000-7f9b1950b000 r--s 0008e000 08:01 34341916                   /root/.gradle/wrapper/dists/gradle-3.3-all/55gk2rcmfc6p2dg9u9ohc3hw9/gradle-3.3/lib/plugins/gradle-build-comparison-3.3.jar
7f9b1950b000-7f9b1950c000 r--s 00001000 08:01 34341944                   /root/.gradle/wrapper/dists/gradle-3.3-all/55gk2rcmfc6p2dg9u9ohc3hw9/gradle-3.3/lib/plugins/gradle-build-cache-http-3.3.jar
7f9b1950c000-7f9b1950e000 r--s 00008000 08:01 34341907                   /root/.gradle/wrapper/dists/gradle-3.3-all/55gk2rcmfc6p2dg9u9ohc3hw9/gradle-3.3/lib/plugins/gradle-antlr-3.3.jar
7f9b1950e000-7f9b19510000 r--s 00004000 08:01 34341911                   /root/.gradle/wrapper/dists/gradle-3.3-all/55gk2rcmfc6p2dg9u9ohc3hw9/gradle-3.3/lib/plugins/gradle-announce-3.3.jar
7f9b19510000-7f9b19528000 r--s 00115000 08:01 34342013                   /root/.gradle/wrapper/dists/gradle-3.3-all/55gk2rcmfc6p2dg9u9ohc3hw9/gradle-3.3/lib/plugins/xercesImpl-2.9.1.jar
7f9b19528000-7f9b19530000 r--s 00028000 08:01 34342014                   /root/.gradle/wrapper/dists/gradle-3.3-all/55gk2rcmfc6p2dg9u9ohc3hw9/gradle-3.3/lib/plugins/xml-apis-1.3.04.jar
7f9b19530000-7f9b19536000 r--s 0005b000 08:01 34342012                   /root/.gradle/wrapper/dists/gradle-3.3-all/55gk2rcmfc6p2dg9u9ohc3hw9/gradle-3.3/lib/plugins/jcifs-1.3.17.jar
7f9b19536000-7f9b1953c000 r--s 00033000 08:01 34341960                   /root/.gradle/wrapper/dists/gradle-3.3-all/55gk2rcmfc6p2dg9u9ohc3hw9/gradle-3.3/lib/plugins/commons-codec-1.6.jar
7f9b1953c000-7f9b19543000 r--s 00049000 08:01 34342011                   /root/.gradle/wrapper/dists/gradle-3.3-all/55gk2rcmfc6p2dg9u9ohc3hw9/gradle-3.3/lib/plugins/httpcore-4.4.4.jar
7f9b19543000-7f9b19546000 r--s 0001c000 08:01 34341969                   /root/.gradle/wrapper/dists/gradle-3.3-all/55gk2rcmfc6p2dg9u9ohc3hw9/gradle-3.3/lib/plugins/nekohtml-1.9.14.jar
7f9b19546000-7f9b19553000 r--s 000a4000 08:01 34341968                   /root/.gradle/wrapper/dists/gradle-3.3-all/55gk2rcmfc6p2dg9u9ohc3hw9/gradle-3.3/lib/plugins/httpclient-4.4.1.jar
7f9b19553000-7f9b19556000 r--s 0000a000 08:01 34341939                   /root/.gradle/wrapper/dists/gradle-3.3-all/55gk2rcmfc6p2dg9u9ohc3hw9/gradle-3.3/lib/plugins/gradle-resources-http-3.3.jar
7f9b19556000-7f9b1955a000 r--s 00015000 08:01 34341938                   /root/.gradle/wrapper/dists/gradle-3.3-all/55gk2rcmfc6p2dg9u9ohc3hw9/gradle-3.3/lib/plugins/gradle-plugin-use-3.3.jar
7f9b1955a000-7f9b1955b000 r--s 00000000 08:01 34341850                   /root/.gradle/wrapper/dists/gradle-3.3-all/55gk2rcmfc6p2dg9u9ohc3hw9/gradle-3.3/lib/gradle-installation-beacon-3.3.jar
7f9b1955b000-7f9b1955d000 r--s 00006000 08:01 34342007                   /root/.gradle/wrapper/dists/gradle-3.3-all/55gk2rcmfc6p2dg9u9ohc3hw9/gradle-3.3/lib/plugins/aether-connector-wagon-1.13.1.jar
7f9b1955d000-7f9b19561000 r--s 0001c000 08:01 34342006                   /root/.gradle/wrapper/dists/gradle-3.3-all/55gk2rcmfc6p2dg9u9ohc3hw9/gradle-3.3/lib/plugins/aether-util-1.13.1.jar
7f9b19561000-7f9b19562000 r--s 00003000 08:01 34342005                   /root/.gradle/wrapper/dists/gradle-3.3-all/55gk2rcmfc6p2dg9u9ohc3hw9/gradle-3.3/lib/plugins/aether-spi-1.13.1.jar
7f9b19562000-7f9b19565000 r--s 0001d000 08:01 34342004                   /root/.gradle/wrapper/dists/gradle-3.3-all/55gk2rcmfc6p2dg9u9ohc3hw9/gradle-3.3/lib/plugins/aether-impl-1.13.1.jar
7f9b19565000-7f9b19568000 r--s 00013000 08:01 34342003                   /root/.gradle/wrapper/dists/gradle-3.3-all/55gk2rcmfc6p2dg9u9ohc3hw9/gradle-3.3/lib/plugins/aether-api-1.13.1.jar
7f9b19568000-7f9b19569000 r--s 00007000 08:01 34342002                   /root/.gradle/wrapper/dists/gradle-3.3-all/55gk2rcmfc6p2dg9u9ohc3hw9/gradle-3.3/lib/plugins/wagon-http-shared4-2.4.jar
7f9b19569000-7f9b1956b000 r--s 0000b000 08:01 34342001                   /root/.gradle/wrapper/dists/gradle-3.3-all/55gk2rcmfc6p2dg9u9ohc3hw9/gradle-3.3/lib/plugins/wagon-provider-api-2.4.jar
7f9b1956b000-7f9b1956c000 r--s 00002000 08:01 34342000                   /root/.gradle/wrapper/dists/gradle-3.3-all/55gk2rcmfc6p2dg9u9ohc3hw9/gradle-3.3/lib/plugins/wagon-http-2.4.jar
7f9b1956c000-7f9b1956d000 r--s 00002000 08:01 34341999                   /root/.gradle/wrapper/dists/gradle-3.3-all/55gk2rcmfc6p2dg9u9ohc3hw9/gradle-3.3/lib/plugins/wagon-file-2.4.jar
7f9b1956d000-7f9b1956f000 r--s 0000c000 08:01 34341998                   /root/.gradle/wrapper/dists/gradle-3.3-all/55gk2rcmfc6p2dg9u9ohc3hw9/gradle-3.3/lib/plugins/maven-aether-provider-3.0.4.jar
7f9b1956f000-7f9b19571000 r--s 0000b000 08:01 34341997                   /root/.gradle/wrapper/dists/gradle-3.3-all/55gk2rcmfc6p2dg9u9ohc3hw9/gradle-3.3/lib/plugins/maven-plugin-api-3.0.4.jar
7f9b19571000-7f9b19573000 r--s 00006000 08:01 34341996                   /root/.gradle/wrapper/dists/gradle-3.3-all/55gk2rcmfc6p2dg9u9ohc3hw9/gradle-3.3/lib/plugins/maven-repository-metadata-3.0.4.jar
7f9b19573000-7f9b19575000 r--s 0000b000 08:01 34341995                   /root/.gradle/wrapper/dists/gradle-3.3-all/55gk2rcmfc6p2dg9u9ohc3hw9/gradle-3.3/lib/plugins/maven-artifact-3.0.4.jar
7f9b19575000-7f9b19577000 r--s 00026000 08:01 34341994                   /root/.gradle/wrapper/dists/gradle-3.3-all/55gk2rcmfc6p2dg9u9ohc3hw9/gradle-3.3/lib/plugins/maven-model-3.0.4.jar
7f9b19577000-7f9b1957b000 r--s 00021000 08:01 34341993                   /root/.gradle/wrapper/dists/gradle-3.3-all/55gk2rcmfc6p2dg9u9ohc3hw9/gradle-3.3/lib/plugins/maven-model-builder-3.0.4.jar
7f9b1957b000-7f9b19581000 r--s 0003f000 08:01 34341992                   /root/.gradle/wrapper/dists/gradle-3.3-all/55gk2rcmfc6p2dg9u9ohc3hw9/gradle-3.3/lib/plugins/maven-compat-3.0.4.jar
7f9b19581000-7f9b19582000 r--s 00006000 08:01 34341991                   /root/.gradle/wrapper/dists/gradle-3.3-all/55gk2rcmfc6p2dg9u9ohc3hw9/gradle-3.3/lib/plugins/plexus-sec-dispatcher-1.3.jar
7f9b19582000-7f9b19584000 r--s 00002000 08:01 34341990                   /root/.gradle/wrapper/dists/gradle-3.3-all/55gk2rcmfc6p2dg9u9ohc3hw9/gradle-3.3/lib/plugins/plexus-cipher-1.7.jar
7f9b19584000-7f9b19586000 r--s 0000a000 08:01 34341989                   /root/.gradle/wrapper/dists/gradle-3.3-all/55gk2rcmfc6p2dg9u9ohc3hw9/gradle-3.3/lib/plugins/plexus-classworlds-2.4.jar
7f9b19586000-7f9b1958d000 r--s 0002e000 08:01 34341988                   /root/.gradle/wrapper/dists/gradle-3.3-all/55gk2rcmfc6p2dg9u9ohc3hw9/gradle-3.3/lib/plugins/plexus-container-default-1.5.5.jar
7f9b1958d000-7f9b1958f000 r--s 00000000 08:01 34342015                   /root/.gradle/wrapper/dists/gradle-3.3-all/55gk2rcmfc6p2dg9u9ohc3hw9/gradle-3.3/lib/plugins/plexus-component-annotations-1.5.5.jar
7f9b1958f000-7f9b19591000 r--s 0000d000 08:01 34341987                   /root/.gradle/wrapper/dists/gradle-3.3-all/55gk2rcmfc6p2dg9u9ohc3hw9/gradle-3.3/lib/plugins/plexus-interpolation-1.14.jar
7f9b19591000-7f9b19595000 r--s 00033000 08:01 34341986                   /root/.gradle/wrapper/dists/gradle-3.3-all/55gk2rcmfc6p2dg9u9ohc3hw9/gradle-3.3/lib/plugins/plexus-utils-2.0.6.jar
7f9b19595000-7f9b19598000 r--s 00008000 08:01 34341985                   /root/.gradle/wrapper/dists/gradle-3.3-all/55gk2rcmfc6p2dg9u9ohc3hw9/gradle-3.3/lib/plugins/maven-settings-builder-3.0.4.jar
7f9b19598000-7f9b1959d000 r--s 00040000 08:01 34341970                   /root/.gradle/wrapper/dists/gradle-3.3-all/55gk2rcmfc6p2dg9u9ohc3hw9/gradle-3.3/lib/plugins/jsch-0.1.53.jar
7f9b1959d000-7f9b195dd000 r--s 00277000 08:01 34341980                   /root/.gradle/wrapper/dists/gradle-3.3-all/55gk2rcmfc6p2dg9u9ohc3hw9/gradle-3.3/lib/plugins/bcprov-jdk15on-1.51.jar
7f9b195dd000-7f9b195e9000 r--s 0007d000 08:01 34341957                   /root/.gradle/wrapper/dists/gradle-3.3-all/55gk2rcmfc6p2dg9u9ohc3hw9/gradle-3.3/lib/plugins/maven-core-3.0.4.jar
7f9b195e9000-7f9b19608000 r--s 000f6000 08:01 34341946                   /root/.gradle/wrapper/dists/gradle-3.3-all/55gk2rcmfc6p2dg9u9ohc3hw9/gradle-3.3/lib/plugins/gradle-dependency-management-3.3.jar
7f9b19608000-7f9b1961e000 r-xp 00000000 08:01 4985220                    /lib/x86_64-linux-gnu/libgcc_s.so.1
7f9b1961e000-7f9b1981d000 ---p 00016000 08:01 4985220                    /lib/x86_64-linux-gnu/libgcc_s.so.1
7f9b1981d000-7f9b1981e000 rw-p 00015000 08:01 4985220                    /lib/x86_64-linux-gnu/libgcc_s.so.1
7f9b1981e000-7f9b19990000 r-xp 00000000 08:01 11012225                   /usr/lib/x86_64-linux-gnu/libstdc++.so.6.0.21
7f9b19990000-7f9b19b90000 ---p 00172000 08:01 11012225                   /usr/lib/x86_64-linux-gnu/libstdc++.so.6.0.21
7f9b19b90000-7f9b19b9a000 r--p 00172000 08:01 11012225                   /usr/lib/x86_64-linux-gnu/libstdc++.so.6.0.21
7f9b19b9a000-7f9b19b9c000 rw-p 0017c000 08:01 11012225                   /usr/lib/x86_64-linux-gnu/libstdc++.so.6.0.21
7f9b19b9c000-7f9b19ba0000 rw-p 00000000 00:00 0 
7f9b19ba0000-7f9b19ba2000 r--s 0000a000 08:01 34341984                   /root/.gradle/wrapper/dists/gradle-3.3-all/55gk2rcmfc6p2dg9u9ohc3hw9/gradle-3.3/lib/plugins/maven-settings-3.0.4.jar
7f9b19ba2000-7f9b19ba6000 r--s 0001d000 08:01 34341979                   /root/.gradle/wrapper/dists/gradle-3.3-all/55gk2rcmfc6p2dg9u9ohc3hw9/gradle-3.3/lib/plugins/xbean-reflect-3.4.jar
7f9b19ba6000-7f9b19bab000 r--s 00034000 08:01 34341963                   /root/.gradle/wrapper/dists/gradle-3.3-all/55gk2rcmfc6p2dg9u9ohc3hw9/gradle-3.3/lib/plugins/gson-2.7.jar
7f9b19bab000-7f9b19bba000 r--s 000d9000 08:01 34341978                   /root/.gradle/wrapper/dists/gradle-3.3-all/55gk2rcmfc6p2dg9u9ohc3hw9/gradle-3.3/lib/plugins/ivy-2.2.0.jar
7f9b19bba000-7f9b19bbc000 r--s 00005000 08:01 34341945                   /root/.gradle/wrapper/dists/gradle-3.3-all/55gk2rcmfc6p2dg9u9ohc3hw9/gradle-3.3/lib/plugins/gradle-workers-3.3.jar
7f9b19bbc000-7f9b19bc1000 r-xp 00000000 08:01 34345271                   /root/.gradle/native/23/linux-amd64/libnative-platform.so
7f9b19bc1000-7f9b19dc0000 ---p 00005000 08:01 34345271                   /root/.gradle/native/23/linux-amd64/libnative-platform.so
7f9b19dc0000-7f9b19dc1000 rw-p 00004000 08:01 34345271                   /root/.gradle/native/23/linux-amd64/libnative-platform.so
7f9b19dc1000-7f9b19dd2000 r-xp 00000000 08:01 11144059                   /usr/local/java/jdk1.8.0_121/jre/lib/amd64/libnio.so
7f9b19dd2000-7f9b19fd1000 ---p 00011000 08:01 11144059                   /usr/local/java/jdk1.8.0_121/jre/lib/amd64/libnio.so
7f9b19fd1000-7f9b19fd2000 rw-p 00010000 08:01 11144059                   /usr/local/java/jdk1.8.0_121/jre/lib/amd64/libnio.so
7f9b19fd2000-7f9b1a2d3000 rw-p 00000000 00:00 0 
7f9b1a2d3000-7f9b1a2e9000 r-xp 00000000 08:01 11144034                   /usr/local/java/jdk1.8.0_121/jre/lib/amd64/libnet.so
7f9b1a2e9000-7f9b1a4e9000 ---p 00016000 08:01 11144034                   /usr/local/java/jdk1.8.0_121/jre/lib/amd64/libnet.so
7f9b1a4e9000-7f9b1a4ea000 rw-p 00016000 08:01 11144034                   /usr/local/java/jdk1.8.0_121/jre/lib/amd64/libnet.so
7f9b1a4ea000-7f9b1a4eb000 r--s 00006000 08:01 34341849                   /root/.gradle/wrapper/dists/gradle-3.3-all/55gk2rcmfc6p2dg9u9ohc3hw9/gradle-3.3/lib/gradle-wrapper-3.3.jar
7f9b1a4eb000-7f9b1a4f8000 r--s 00041000 08:01 34341856                   /root/.gradle/wrapper/dists/gradle-3.3-all/55gk2rcmfc6p2dg9u9ohc3hw9/gradle-3.3/lib/gradle-tooling-api-3.3.jar
7f9b1a4f8000-7f9b1a4fa000 r--s 00002000 08:01 34341876                   /root/.gradle/wrapper/dists/gradle-3.3-all/55gk2rcmfc6p2dg9u9ohc3hw9/gradle-3.3/lib/gradle-open-api-3.3.jar
7f9b1a4fa000-7f9b1a500000 r--s 00032000 08:01 34341878                   /root/.gradle/wrapper/dists/gradle-3.3-all/55gk2rcmfc6p2dg9u9ohc3hw9/gradle-3.3/lib/jaxen-1.1.jar
7f9b1a500000-7f9b1a505000 r--s 00048000 08:01 34341877                   /root/.gradle/wrapper/dists/gradle-3.3-all/55gk2rcmfc6p2dg9u9ohc3hw9/gradle-3.3/lib/dom4j-1.6.1.jar
7f9b1a505000-7f9b1a510000 r--s 00059000 08:01 34341855                   /root/.gradle/wrapper/dists/gradle-3.3-all/55gk2rcmfc6p2dg9u9ohc3hw9/gradle-3.3/lib/gradle-ui-3.3.jar
7f9b1a510000-7f9b1a519000 r--s 0008c000 08:01 34341847                   /root/.gradle/wrapper/dists/gradle-3.3-all/55gk2rcmfc6p2dg9u9ohc3hw9/gradle-3.3/lib/kotlin-stdlib-1.1-M02.jar
7f9b1a519000-7f9b1a51f000 r--s 0002a000 08:01 34341846                   /root/.gradle/wrapper/dists/gradle-3.3-all/55gk2rcmfc6p2dg9u9ohc3hw9/gradle-3.3/lib/kotlin-runtime-1.1-M02.jar
7f9b1a51f000-7f9b1a553000 r--s 00256000 08:01 34341845                   /root/.gradle/wrapper/dists/gradle-3.3-all/55gk2rcmfc6p2dg9u9ohc3hw9/gradle-3.3/lib/kotlin-reflect-1.1-M02.jar
7f9b1a553000-7f9b1a6e9000 r--s 0157e000 08:01 34341844                   /root/.gradle/wrapper/dists/gradle-3.3-all/55gk2rcmfc6p2dg9u9ohc3hw9/gradle-3.3/lib/kotlin-compiler-embeddable-1.1-M02.jar
7f9b1a6e9000-7f9b1a6f1000 r--s 0004e000 08:01 34341843                   /root/.gradle/wrapper/dists/gradle-3.3-all/55gk2rcmfc6p2dg9u9ohc3hw9/gradle-3.3/lib/gradle-script-kotlin-0.5.1.jar
7f9b1a6f1000-7f9b1a6f4000 r--s 0000b000 08:01 34341874                   /root/.gradle/wrapper/dists/gradle-3.3-all/55gk2rcmfc6p2dg9u9ohc3hw9/gradle-3.3/lib/gradle-resources-3.3.jar
7f9b1a6f4000-7f9b1a6f6000 r--s 00003000 08:01 34341883                   /root/.gradle/wrapper/dists/gradle-3.3-all/55gk2rcmfc6p2dg9u9ohc3hw9/gradle-3.3/lib/jcl-over-slf4j-1.7.10.jar
7f9b1a6f6000-7f9b1a6f7000 r--s 00005000 08:01 34341882                   /root/.gradle/wrapper/dists/gradle-3.3-all/55gk2rcmfc6p2dg9u9ohc3hw9/gradle-3.3/lib/log4j-over-slf4j-1.7.10.jar
7f9b1a6f7000-7f9b1a6f9000 r--s 00000000 08:01 34341881                   /root/.gradle/wrapper/dists/gradle-3.3-all/55gk2rcmfc6p2dg9u9ohc3hw9/gradle-3.3/lib/jul-to-slf4j-1.7.10.jar
7f9b1a6f9000-7f9b1a6fe000 r--s 0001e000 08:01 34341858                   /root/.gradle/wrapper/dists/gradle-3.3-all/55gk2rcmfc6p2dg9u9ohc3hw9/gradle-3.3/lib/gradle-logging-3.3.jar
7f9b1a6fe000-7f9b1a700000 r--s 00007000 08:01 34341902                   /root/.gradle/wrapper/dists/gradle-3.3-all/55gk2rcmfc6p2dg9u9ohc3hw9/gradle-3.3/lib/objenesis-1.2.jar
7f9b1a700000-7f9b1a702000 r--s 00000000 08:01 34341901                   /root/.gradle/wrapper/dists/gradle-3.3-all/55gk2rcmfc6p2dg9u9ohc3hw9/gradle-3.3/lib/minlog-1.2.jar
7f9b1a702000-7f9b1a704000 r--s 0000f000 08:01 34341900                   /root/.gradle/wrapper/dists/gradle-3.3-all/55gk2rcmfc6p2dg9u9ohc3hw9/gradle-3.3/lib/reflectasm-1.07-shaded.jar
7f9b1a704000-7f9b1a708000 r--s 00026000 08:01 34341885                   /root/.gradle/wrapper/dists/gradle-3.3-all/55gk2rcmfc6p2dg9u9ohc3hw9/gradle-3.3/lib/kryo-2.20.jar
7f9b1a708000-7f9b1a70e000 r--s 00027000 08:01 34341873                   /root/.gradle/wrapper/dists/gradle-3.3-all/55gk2rcmfc6p2dg9u9ohc3hw9/gradle-3.3/lib/gradle-messaging-3.3.jar
7f9b1a70e000-7f9b1a70f000 r--s 00001000 08:01 34341899                   /root/.gradle/wrapper/dists/gradle-3.3-all/55gk2rcmfc6p2dg9u9ohc3hw9/gradle-3.3/lib/native-platform-linux-i386-ncurses6-0.12.jar
7f9b1a70f000-7f9b1a710000 r--s 00001000 08:01 34341898                   /root/.gradle/wrapper/dists/gradle-3.3-all/55gk2rcmfc6p2dg9u9ohc3hw9/gradle-3.3/lib/native-platform-linux-i386-ncurses5-0.12.jar
7f9b1a710000-7f9b1a711000 r--s 00001000 08:01 34341897                   /root/.gradle/wrapper/dists/gradle-3.3-all/55gk2rcmfc6p2dg9u9ohc3hw9/gradle-3.3/lib/native-platform-linux-amd64-ncurses6-0.12.jar
7f9b1a711000-7f9b1a712000 r--s 00001000 08:01 34341896                   /root/.gradle/wrapper/dists/gradle-3.3-all/55gk2rcmfc6p2dg9u9ohc3hw9/gradle-3.3/lib/native-platform-linux-amd64-ncurses5-0.12.jar
7f9b1a712000-7f9b1a713000 r--s 0000b000 08:01 34341895                   /root/.gradle/wrapper/dists/gradle-3.3-all/55gk2rcmfc6p2dg9u9ohc3hw9/gradle-3.3/lib/native-platform-windows-i386-0.12.jar
7f9b1a713000-7f9b1a715000 r--s 0000b000 08:01 34341894                   /root/.gradle/wrapper/dists/gradle-3.3-all/55gk2rcmfc6p2dg9u9ohc3hw9/gradle-3.3/lib/native-platform-windows-amd64-0.12.jar
7f9b1a715000-7f9b1a717000 r--s 00002000 08:01 34341893                   /root/.gradle/wrapper/dists/gradle-3.3-all/55gk2rcmfc6p2dg9u9ohc3hw9/gradle-3.3/lib/native-platform-osx-i386-0.12.jar
7f9b1a717000-7f9b1a718000 r--s 00002000 08:01 34341892                   /root/.gradle/wrapper/dists/gradle-3.3-all/55gk2rcmfc6p2dg9u9ohc3hw9/gradle-3.3/lib/native-platform-osx-amd64-0.12.jar
7f9b1a718000-7f9b1a719000 r--s 00002000 08:01 34341891                   /root/.gradle/wrapper/dists/gradle-3.3-all/55gk2rcmfc6p2dg9u9ohc3hw9/gradle-3.3/lib/native-platform-linux-i386-0.12.jar
7f9b1a719000-7f9b1a71a000 r--s 00002000 08:01 34341890                   /root/.gradle/wrapper/dists/gradle-3.3-all/55gk2rcmfc6p2dg9u9ohc3hw9/gradle-3.3/lib/native-platform-linux-amd64-0.12.jar
7f9b1a71a000-7f9b1a71b000 r--s 00003000 08:01 34341889                   /root/.gradle/wrapper/dists/gradle-3.3-all/55gk2rcmfc6p2dg9u9ohc3hw9/gradle-3.3/lib/native-platform-freebsd-i386-libstdcpp-0.12.jar
7f9b1a71b000-7f9b1a71c000 r--s 00004000 08:01 34341888                   /root/.gradle/wrapper/dists/gradle-3.3-all/55gk2rcmfc6p2dg9u9ohc3hw9/gradle-3.3/lib/native-platform-freebsd-i386-libcpp-0.12.jar
7f9b1a71c000-7f9b1a71e000 r--s 00003000 08:01 34341887                   /root/.gradle/wrapper/dists/gradle-3.3-all/55gk2rcmfc6p2dg9u9ohc3hw9/gradle-3.3/lib/native-platform-freebsd-amd64-libstdcpp-0.12.jar
7f9b1a71e000-7f9b1a78e000 r--s 00641000 08:01 34341863                   /root/.gradle/wrapper/dists/gradle-3.3-all/55gk2rcmfc6p2dg9u9ohc3hw9/gradle-3.3/lib/groovy-all-2.4.7.jar
7f9b1a78e000-7f9b1a7b6000 r--s 001cf000 08:01 34341860                   /root/.gradle/wrapper/dists/gradle-3.3-all/55gk2rcmfc6p2dg9u9ohc3hw9/gradle-3.3/lib/guava-jdk5-17.0.jar
7f9b1a7b6000-7f9b1a7d5000 r--s 001d1000 08:01 34341867                   /root/.gradle/wrapper/dists/gradle-3.3-all/55gk2rcmfc6p2dg9u9ohc3hw9/gradle-3.3/lib/ant-1.9.6.jar
7f9b1a7d5000-7f9b1a812000 r--s 001f8000 08:01 34341853                   /root/.gradle/wrapper/dists/gradle-3.3-all/55gk2rcmfc6p2dg9u9ohc3hw9/gradle-3.3/lib/gradle-core-3.3.jar
7f9b1a812000-7f9b1a813000 ---p 00000000 00:00 0 
7f9b1a813000-7f9b1a913000 rw-p 00000000 00:00 0 
7f9b1a913000-7f9b1a916000 ---p 00000000 00:00 0 
7f9b1a916000-7f9b1aa14000 rw-p 00000000 00:00 0 
7f9b1aa14000-7f9b1aa17000 ---p 00000000 00:00 0 
7f9b1aa17000-7f9b1ab15000 rw-p 00000000 00:00 0 
7f9b1ab15000-7f9b1ab18000 ---p 00000000 00:00 0 
7f9b1ab18000-7f9b1ac16000 rw-p 00000000 00:00 0 
7f9b1ac16000-7f9b1ac19000 ---p 00000000 00:00 0 
7f9b1ac19000-7f9b1ad17000 rw-p 00000000 00:00 0 
7f9b1ad17000-7f9b1ad1a000 ---p 00000000 00:00 0 
7f9b1ad1a000-7f9b1ae18000 rw-p 00000000 00:00 0 
7f9b1ae18000-7f9b1b0f1000 r--p 00000000 08:01 11010311                   /usr/lib/locale/locale-archive
7f9b1b0f1000-7f9b1b0f4000 ---p 00000000 00:00 0 
7f9b1b0f4000-7f9b1b1f2000 rw-p 00000000 00:00 0 
7f9b1b1f2000-7f9b1b1f5000 ---p 00000000 00:00 0 
7f9b1b1f5000-7f9b1b2f3000 rw-p 00000000 00:00 0 
7f9b1b2f3000-7f9b1b2f4000 ---p 00000000 00:00 0 
7f9b1b2f4000-7f9b1c000000 rw-p 00000000 00:00 0 
7f9b1c000000-7f9b1c021000 rw-p 00000000 00:00 0 
7f9b1c021000-7f9b20000000 ---p 00000000 00:00 0 
7f9b20000000-7f9b20021000 rw-p 00000000 00:00 0 
7f9b20021000-7f9b24000000 ---p 00000000 00:00 0 
7f9b24000000-7f9b24024000 rw-p 00000000 00:00 0 
7f9b24024000-7f9b28000000 ---p 00000000 00:00 0 
7f9b28000000-7f9b28003000 r--s 00023000 08:01 34341880                   /root/.gradle/wrapper/dists/gradle-3.3-all/55gk2rcmfc6p2dg9u9ohc3hw9/gradle-3.3/lib/jansi-1.14.jar
7f9b28003000-7f9b28327000 rw-p 00000000 00:00 0 
7f9b28327000-7f9b28500000 r--s 03d3e000 08:01 11144026                   /usr/local/java/jdk1.8.0_121/jre/lib/rt.jar
7f9b28500000-7f9b2c000000 rw-p 00000000 00:00 0 
7f9b2c000000-7f9b2c038000 rw-p 00000000 00:00 0 
7f9b2c038000-7f9b30000000 ---p 00000000 00:00 0 
7f9b30000000-7f9b30001000 r--s 00004000 08:01 34341886                   /root/.gradle/wrapper/dists/gradle-3.3-all/55gk2rcmfc6p2dg9u9ohc3hw9/gradle-3.3/lib/native-platform-freebsd-amd64-libcpp-0.12.jar
7f9b30001000-7f9b30005000 r--s 00011000 08:01 34341879                   /root/.gradle/wrapper/dists/gradle-3.3-all/55gk2rcmfc6p2dg9u9ohc3hw9/gradle-3.3/lib/native-platform-0.12.jar
7f9b30005000-7f9b30008000 r--s 0000a000 08:01 34341857                   /root/.gradle/wrapper/dists/gradle-3.3-all/55gk2rcmfc6p2dg9u9ohc3hw9/gradle-3.3/lib/gradle-native-3.3.jar
7f9b30008000-7f9b3000a000 r--s 00005000 08:01 34341854                   /root/.gradle/wrapper/dists/gradle-3.3-all/55gk2rcmfc6p2dg9u9ohc3hw9/gradle-3.3/lib/gradle-cli-3.3.jar
7f9b3000a000-7f9b30019000 r--s 0007f000 08:01 34341864                   /root/.gradle/wrapper/dists/gradle-3.3-all/55gk2rcmfc6p2dg9u9ohc3hw9/gradle-3.3/lib/gradle-model-core-3.3.jar
7f9b30019000-7f9b30120000 rw-p 00000000 00:00 0 
7f9b30120000-7f9b30121000 ---p 00000000 00:00 0 
7f9b30121000-7f9b30221000 rw-p 00000000 00:00 0 
7f9b30221000-7f9b30222000 ---p 00000000 00:00 0 
7f9b30222000-7f9b30322000 rw-p 00000000 00:00 0 
7f9b30322000-7f9b30323000 ---p 00000000 00:00 0 
7f9b30323000-7f9b30423000 rw-p 00000000 00:00 0 
7f9b30423000-7f9b30424000 ---p 00000000 00:00 0 
7f9b30424000-7f9b3054e000 rw-p 00000000 00:00 0 
7f9b3054e000-7f9b30724000 ---p 00000000 00:00 0 
7f9b30724000-7f9b3074e000 rw-p 00000000 00:00 0 
7f9b3074e000-7f9b30924000 ---p 00000000 00:00 0 
7f9b30924000-7f9b30995000 rw-p 00000000 00:00 0 
7f9b30995000-7f9b30a24000 ---p 00000000 00:00 0 
7f9b30a24000-7f9b30a77000 rw-p 00000000 00:00 0 
7f9b30a77000-7f9b30de5000 ---p 00000000 00:00 0 
7f9b30de5000-7f9b32255000 rwxp 00000000 00:00 0 
7f9b32255000-7f9b3fde5000 ---p 00000000 00:00 0 
7f9b3fde5000-7f9b3fdff000 r-xp 00000000 08:01 11144057                   /usr/local/java/jdk1.8.0_121/jre/lib/amd64/libzip.so
7f9b3fdff000-7f9b3ffff000 ---p 0001a000 08:01 11144057                   /usr/local/java/jdk1.8.0_121/jre/lib/amd64/libzip.so
7f9b3ffff000-7f9b40000000 rw-p 0001a000 08:01 11144057                   /usr/local/java/jdk1.8.0_121/jre/lib/amd64/libzip.so
7f9b40000000-7f9b40cdc000 rw-p 00000000 00:00 0 
7f9b40cdc000-7f9b44000000 ---p 00000000 00:00 0 
7f9b44000000-7f9b44002000 r--s 00007000 08:01 34341865                   /root/.gradle/wrapper/dists/gradle-3.3-all/55gk2rcmfc6p2dg9u9ohc3hw9/gradle-3.3/lib/gradle-model-groovy-3.3.jar
7f9b44002000-7f9b44004000 r--s 00006000 08:01 34341872                   /root/.gradle/wrapper/dists/gradle-3.3-all/55gk2rcmfc6p2dg9u9ohc3hw9/gradle-3.3/lib/gradle-base-services-groovy-3.3.jar
7f9b44004000-7f9b44005000 r--s 00002000 08:01 34341875                   /root/.gradle/wrapper/dists/gradle-3.3-all/55gk2rcmfc6p2dg9u9ohc3hw9/gradle-3.3/lib/gradle-docs-3.3.jar
7f9b44005000-7f9b44012000 r--s 00083000 08:01 34341868                   /root/.gradle/wrapper/dists/gradle-3.3-all/55gk2rcmfc6p2dg9u9ohc3hw9/gradle-3.3/lib/commons-collections-3.2.2.jar
7f9b44012000-7f9b44033000 rw-p 00000000 00:00 0 
7f9b44033000-7f9b4403e000 r-xp 00000000 08:01 4981359                    /lib/x86_64-linux-gnu/libnss_files-2.23.so
7f9b4403e000-7f9b4423d000 ---p 0000b000 08:01 4981359                    /lib/x86_64-linux-gnu/libnss_files-2.23.so
7f9b4423d000-7f9b4423e000 r--p 0000a000 08:01 4981359                    /lib/x86_64-linux-gnu/libnss_files-2.23.so
7f9b4423e000-7f9b4423f000 rw-p 0000b000 08:01 4981359                    /lib/x86_64-linux-gnu/libnss_files-2.23.so
7f9b4423f000-7f9b44245000 rw-p 00000000 00:00 0 
7f9b44245000-7f9b44250000 r-xp 00000000 08:01 4981330                    /lib/x86_64-linux-gnu/libnss_nis-2.23.so
7f9b44250000-7f9b4444f000 ---p 0000b000 08:01 4981330                    /lib/x86_64-linux-gnu/libnss_nis-2.23.so
7f9b4444f000-7f9b44450000 r--p 0000a000 08:01 4981330                    /lib/x86_64-linux-gnu/libnss_nis-2.23.so
7f9b44450000-7f9b44451000 rw-p 0000b000 08:01 4981330                    /lib/x86_64-linux-gnu/libnss_nis-2.23.so
7f9b44451000-7f9b44467000 r-xp 00000000 08:01 4981342                    /lib/x86_64-linux-gnu/libnsl-2.23.so
7f9b44467000-7f9b44666000 ---p 00016000 08:01 4981342                    /lib/x86_64-linux-gnu/libnsl-2.23.so
7f9b44666000-7f9b44667000 r--p 00015000 08:01 4981342                    /lib/x86_64-linux-gnu/libnsl-2.23.so
7f9b44667000-7f9b44668000 rw-p 00016000 08:01 4981342                    /lib/x86_64-linux-gnu/libnsl-2.23.so
7f9b44668000-7f9b4466a000 rw-p 00000000 00:00 0 
7f9b4466a000-7f9b44672000 r-xp 00000000 08:01 4981362                    /lib/x86_64-linux-gnu/libnss_compat-2.23.so
7f9b44672000-7f9b44871000 ---p 00008000 08:01 4981362                    /lib/x86_64-linux-gnu/libnss_compat-2.23.so
7f9b44871000-7f9b44872000 r--p 00007000 08:01 4981362                    /lib/x86_64-linux-gnu/libnss_compat-2.23.so
7f9b44872000-7f9b44873000 rw-p 00008000 08:01 4981362                    /lib/x86_64-linux-gnu/libnss_compat-2.23.so
7f9b44873000-7f9b4489e000 r-xp 00000000 08:01 11144613                   /usr/local/java/jdk1.8.0_121/jre/lib/amd64/libjava.so
7f9b4489e000-7f9b44a9d000 ---p 0002b000 08:01 11144613                   /usr/local/java/jdk1.8.0_121/jre/lib/amd64/libjava.so
7f9b44a9d000-7f9b44a9f000 rw-p 0002a000 08:01 11144613                   /usr/local/java/jdk1.8.0_121/jre/lib/amd64/libjava.so
7f9b44a9f000-7f9b44aac000 r-xp 00000000 08:01 11144035                   /usr/local/java/jdk1.8.0_121/jre/lib/amd64/libverify.so
7f9b44aac000-7f9b44cab000 ---p 0000d000 08:01 11144035                   /usr/local/java/jdk1.8.0_121/jre/lib/amd64/libverify.so
7f9b44cab000-7f9b44cad000 rw-p 0000c000 08:01 11144035                   /usr/local/java/jdk1.8.0_121/jre/lib/amd64/libverify.so
7f9b44cad000-7f9b44cb4000 r-xp 00000000 08:01 4981363                    /lib/x86_64-linux-gnu/librt-2.23.so
7f9b44cb4000-7f9b44eb3000 ---p 00007000 08:01 4981363                    /lib/x86_64-linux-gnu/librt-2.23.so
7f9b44eb3000-7f9b44eb4000 r--p 00006000 08:01 4981363                    /lib/x86_64-linux-gnu/librt-2.23.so
7f9b44eb4000-7f9b44eb5000 rw-p 00007000 08:01 4981363                    /lib/x86_64-linux-gnu/librt-2.23.so
7f9b44eb5000-7f9b44fbd000 r-xp 00000000 08:01 4981336                    /lib/x86_64-linux-gnu/libm-2.23.so
7f9b44fbd000-7f9b451bc000 ---p 00108000 08:01 4981336                    /lib/x86_64-linux-gnu/libm-2.23.so
7f9b451bc000-7f9b451bd000 r--p 00107000 08:01 4981336                    /lib/x86_64-linux-gnu/libm-2.23.so
7f9b451bd000-7f9b451be000 rw-p 00108000 08:01 4981336                    /lib/x86_64-linux-gnu/libm-2.23.so
7f9b451be000-7f9b45e8c000 r-xp 00000000 08:01 11144883                   /usr/local/java/jdk1.8.0_121/jre/lib/amd64/server/libjvm.so
7f9b45e8c000-7f9b4608c000 ---p 00cce000 08:01 11144883                   /usr/local/java/jdk1.8.0_121/jre/lib/amd64/server/libjvm.so
7f9b4608c000-7f9b46165000 rw-p 00cce000 08:01 11144883                   /usr/local/java/jdk1.8.0_121/jre/lib/amd64/server/libjvm.so
7f9b46165000-7f9b461b0000 rw-p 00000000 00:00 0 
7f9b461b0000-7f9b4636f000 r-xp 00000000 08:01 4981344                    /lib/x86_64-linux-gnu/libc-2.23.so
7f9b4636f000-7f9b4656f000 ---p 001bf000 08:01 4981344                    /lib/x86_64-linux-gnu/libc-2.23.so
7f9b4656f000-7f9b46573000 r--p 001bf000 08:01 4981344                    /lib/x86_64-linux-gnu/libc-2.23.so
7f9b46573000-7f9b46575000 rw-p 001c3000 08:01 4981344                    /lib/x86_64-linux-gnu/libc-2.23.so
7f9b46575000-7f9b46579000 rw-p 00000000 00:00 0 
7f9b46579000-7f9b4657c000 r-xp 00000000 08:01 4981328                    /lib/x86_64-linux-gnu/libdl-2.23.so
7f9b4657c000-7f9b4677b000 ---p 00003000 08:01 4981328                    /lib/x86_64-linux-gnu/libdl-2.23.so
7f9b4677b000-7f9b4677c000 r--p 00002000 08:01 4981328                    /lib/x86_64-linux-gnu/libdl-2.23.so
7f9b4677c000-7f9b4677d000 rw-p 00003000 08:01 4981328                    /lib/x86_64-linux-gnu/libdl-2.23.so
7f9b4677d000-7f9b46792000 r-xp 00000000 08:01 11020813                   /usr/local/java/jdk1.8.0_121/lib/amd64/jli/libjli.so
7f9b46792000-7f9b46992000 ---p 00015000 08:01 11020813                   /usr/local/java/jdk1.8.0_121/lib/amd64/jli/libjli.so
7f9b46992000-7f9b46993000 rw-p 00015000 08:01 11020813                   /usr/local/java/jdk1.8.0_121/lib/amd64/jli/libjli.so
7f9b46993000-7f9b469ab000 r-xp 00000000 08:01 4981369                    /lib/x86_64-linux-gnu/libpthread-2.23.so
7f9b469ab000-7f9b46baa000 ---p 00018000 08:01 4981369                    /lib/x86_64-linux-gnu/libpthread-2.23.so
7f9b46baa000-7f9b46bab000 r--p 00017000 08:01 4981369                    /lib/x86_64-linux-gnu/libpthread-2.23.so
7f9b46bab000-7f9b46bac000 rw-p 00018000 08:01 4981369                    /lib/x86_64-linux-gnu/libpthread-2.23.so
7f9b46bac000-7f9b46bb0000 rw-p 00000000 00:00 0 
7f9b46bb0000-7f9b46bd6000 r-xp 00000000 08:01 4981346                    /lib/x86_64-linux-gnu/ld-2.23.so
7f9b46bd6000-7f9b46bd7000 r--s 00000000 08:01 34341871                   /root/.gradle/wrapper/dists/gradle-3.3-all/55gk2rcmfc6p2dg9u9ohc3hw9/gradle-3.3/lib/javax.inject-1.jar
7f9b46bd7000-7f9b46bd8000 r--s 00000000 08:01 34341870                   /root/.gradle/wrapper/dists/gradle-3.3-all/55gk2rcmfc6p2dg9u9ohc3hw9/gradle-3.3/lib/jcip-annotations-1.0.jar
7f9b46bd8000-7f9b46bdc000 r--s 00027000 08:01 34341869                   /root/.gradle/wrapper/dists/gradle-3.3-all/55gk2rcmfc6p2dg9u9ohc3hw9/gradle-3.3/lib/commons-io-2.2.jar
7f9b46bdc000-7f9b46be1000 r--s 00038000 08:01 34341866                   /root/.gradle/wrapper/dists/gradle-3.3-all/55gk2rcmfc6p2dg9u9ohc3hw9/gradle-3.3/lib/asm-all-5.1.jar
7f9b46be1000-7f9b46be2000 r--s 00001000 08:01 34341862                   /root/.gradle/wrapper/dists/gradle-3.3-all/55gk2rcmfc6p2dg9u9ohc3hw9/gradle-3.3/lib/gradle-process-services-3.3.jar
7f9b46be2000-7f9b46be7000 r--s 00041000 08:01 34341861                   /root/.gradle/wrapper/dists/gradle-3.3-all/55gk2rcmfc6p2dg9u9ohc3hw9/gradle-3.3/lib/commons-lang-2.6.jar
7f9b46be7000-7f9b46bf0000 r--s 00042000 08:01 34341851                   /root/.gradle/wrapper/dists/gradle-3.3-all/55gk2rcmfc6p2dg9u9ohc3hw9/gradle-3.3/lib/gradle-base-services-3.3.jar
7f9b46bf0000-7f9b46cb2000 rw-p 00000000 00:00 0 
7f9b46cb2000-7f9b46cb5000 ---p 00000000 00:00 0 
7f9b46cb5000-7f9b46db7000 rw-p 00000000 00:00 0 
7f9b46db7000-7f9b46db9000 r--s 00000000 08:01 34341852                   /root/.gradle/wrapper/dists/gradle-3.3-all/55gk2rcmfc6p2dg9u9ohc3hw9/gradle-3.3/lib/gradle-jvm-services-3.3.jar
7f9b46db9000-7f9b46dba000 r--s 00000000 08:01 34342017                   /root/.gradle/wrapper/dists/gradle-3.3-all/55gk2rcmfc6p2dg9u9ohc3hw9/gradle-3.3/lib/gradle-version-info-3.3.jar
7f9b46dba000-7f9b46dbb000 r--s 00007000 08:01 34341859                   /root/.gradle/wrapper/dists/gradle-3.3-all/55gk2rcmfc6p2dg9u9ohc3hw9/gradle-3.3/lib/slf4j-api-1.7.10.jar
7f9b46dbb000-7f9b46dbc000 r--s 00004000 08:01 34341884                   /root/.gradle/wrapper/dists/gradle-3.3-all/55gk2rcmfc6p2dg9u9ohc3hw9/gradle-3.3/lib/ant-launcher-1.9.6.jar
7f9b46dbc000-7f9b46dc9000 r--s 0005c000 08:01 34341848                   /root/.gradle/wrapper/dists/gradle-3.3-all/55gk2rcmfc6p2dg9u9ohc3hw9/gradle-3.3/lib/gradle-launcher-3.3.jar
7f9b46dc9000-7f9b46dd1000 rw-s 00000000 08:01 9441535                    /tmp/hsperfdata_root/6371
7f9b46dd1000-7f9b46dd2000 rw-p 00000000 00:00 0 
7f9b46dd2000-7f9b46dd3000 r--p 00000000 00:00 0 
7f9b46dd3000-7f9b46dd5000 rw-p 00000000 00:00 0 
7f9b46dd5000-7f9b46dd6000 r--p 00025000 08:01 4981346                    /lib/x86_64-linux-gnu/ld-2.23.so
7f9b46dd6000-7f9b46dd7000 rw-p 00026000 08:01 4981346                    /lib/x86_64-linux-gnu/ld-2.23.so
7f9b46dd7000-7f9b46dd8000 rw-p 00000000 00:00 0 
7ffd5208f000-7ffd520b0000 rw-p 00000000 00:00 0                          [stack]
7ffd520e7000-7ffd520e9000 r--p 00000000 00:00 0                          [vvar]
7ffd520e9000-7ffd520eb000 r-xp 00000000 00:00 0                          [vdso]
ffffffffff600000-ffffffffff601000 r-xp 00000000 00:00 0                  [vsyscall]

VM Arguments:
jvm_args: -Xmx1536m -Dfile.encoding=UTF-8 -Duser.country=US -Duser.language=en -Duser.variant 
java_command: org.gradle.launcher.daemon.bootstrap.GradleDaemon 3.3
java_class_path (initial): /root/.gradle/wrapper/dists/gradle-3.3-all/55gk2rcmfc6p2dg9u9ohc3hw9/gradle-3.3/lib/gradle-launcher-3.3.jar
Launcher Type: SUN_STANDARD

Environment Variables:
JAVA_HOME=/usr/local/java/jdk1.8.0_121/
PATH=/usr/local/sbin:/usr/local/bin:/usr/sbin:/usr/bin:/sbin:/bin:/snap/bin
USERNAME=root
LD_LIBRARY_PATH=/opt/android-studio/bin:
SHELL=/bin/bash
DISPLAY=:0

Signal Handlers:
SIGSEGV: [libjvm.so+0xac78c0], sa_mask[0]=11111111011111111101111111111110, sa_flags=SA_RESTART|SA_SIGINFO
SIGBUS: [libjvm.so+0xac78c0], sa_mask[0]=11111111011111111101111111111110, sa_flags=SA_RESTART|SA_SIGINFO
SIGFPE: [libjvm.so+0x920ac0], sa_mask[0]=11111111011111111101111111111110, sa_flags=SA_RESTART|SA_SIGINFO
SIGPIPE: [libjvm.so+0x920ac0], sa_mask[0]=11111111011111111101111111111110, sa_flags=SA_RESTART|SA_SIGINFO
SIGXFSZ: [libjvm.so+0x920ac0], sa_mask[0]=11111111011111111101111111111110, sa_flags=SA_RESTART|SA_SIGINFO
SIGILL: [libjvm.so+0x920ac0], sa_mask[0]=11111111011111111101111111111110, sa_flags=SA_RESTART|SA_SIGINFO
SIGUSR1: SIG_DFL, sa_mask[0]=00000000000000000000000000000000, sa_flags=none
SIGUSR2: [libjvm.so+0x922300], sa_mask[0]=00100000000000000000000000000000, sa_flags=SA_RESTART|SA_SIGINFO
SIGHUP: [libjvm.so+0x923700], sa_mask[0]=11111111011111111101111111111110, sa_flags=SA_RESTART|SA_SIGINFO
SIGINT: [libjvm.so+0x923700], sa_mask[0]=11111111011111111101111111111110, sa_flags=SA_RESTART|SA_SIGINFO
SIGTERM: [libjvm.so+0x923700], sa_mask[0]=11111111011111111101111111111110, sa_flags=SA_RESTART|SA_SIGINFO
SIGQUIT: [libjvm.so+0x923700], sa_mask[0]=11111111011111111101111111111110, sa_flags=SA_RESTART|SA_SIGINFO


---------------  S Y S T E M  ---------------

OS:DISTRIB_ID=Ubuntu
DISTRIB_RELEASE=16.04
DISTRIB_CODENAME=xenial
DISTRIB_DESCRIPTION="Ubuntu 16.04.2 LTS"

uname:Linux 4.4.0-72-generic #93-Ubuntu SMP Fri Mar 31 14:07:41 UTC 2017 x86_64
libc:glibc 2.23 NPTL 2.23 
rlimit: STACK 8192k, CORE 0k, NPROC 31513, NOFILE 65536, AS infinity
load average:2.80 1.13 0.63

/proc/meminfo:
MemTotal:        8107696 kB
MemFree:         2454988 kB
MemAvailable:    5319628 kB
Buffers:          490672 kB
Cached:          2739636 kB
SwapCached:            0 kB
Active:          2572884 kB
Inactive:        2733848 kB
Active(anon):    1539880 kB
Inactive(anon):   782496 kB
Active(file):    1033004 kB
Inactive(file):  1951352 kB
Unevictable:          32 kB
Mlocked:              32 kB
SwapTotal:       8319996 kB
SwapFree:        8319996 kB
Dirty:               740 kB
Writeback:             0 kB
AnonPages:       2076524 kB
Mapped:           345792 kB
Shmem:            245960 kB
Slab:             225068 kB
SReclaimable:     188268 kB
SUnreclaim:        36800 kB
KernelStack:        9504 kB
PageTables:        39692 kB
NFS_Unstable:          0 kB
Bounce:                0 kB
WritebackTmp:          0 kB
CommitLimit:    12373844 kB
Committed_AS:    6331584 kB
VmallocTotal:   34359738367 kB
VmallocUsed:           0 kB
VmallocChunk:          0 kB
HardwareCorrupted:     0 kB
AnonHugePages:    841728 kB
CmaTotal:              0 kB
CmaFree:               0 kB
HugePages_Total:       0
HugePages_Free:        0
HugePages_Rsvd:        0
HugePages_Surp:        0
Hugepagesize:       2048 kB
DirectMap4k:      142016 kB
DirectMap2M:     3985408 kB
DirectMap1G:     5242880 kB


CPU:total 4 (2 cores per cpu, 2 threads per core) family 6 model 69 stepping 1, cmov, cx8, fxsr, mmx, sse, sse2, sse3, ssse3, sse4.1, sse4.2, popcnt, avx, avx2, aes, clmul, erms, lzcnt, ht, tsc, tscinvbit, bmi1, bmi2

/proc/cpuinfo:
processor	: 0
vendor_id	: GenuineIntel
cpu family	: 6
model		: 69
model name	: Intel(R) Core(TM) i5-4200U CPU @ 1.60GHz
stepping	: 1
microcode	: 0x16
cpu MHz		: 2299.910
cache size	: 3072 KB
physical id	: 0
siblings	: 4
core id		: 0
cpu cores	: 2
apicid		: 0
initial apicid	: 0
fpu		: yes
fpu_exception	: yes
cpuid level	: 13
wp		: yes
flags		: fpu vme de pse tsc msr pae mce cx8 apic sep mtrr pge mca cmov pat pse36 clflush dts acpi mmx fxsr sse sse2 ss ht tm pbe syscall nx pdpe1gb rdtscp lm constant_tsc arch_perfmon pebs bts rep_good nopl xtopology nonstop_tsc aperfmperf eagerfpu pni pclmulqdq dtes64 monitor ds_cpl vmx est tm2 ssse3 sdbg fma cx16 xtpr pdcm pcid sse4_1 sse4_2 movbe popcnt tsc_deadline_timer aes xsave avx f16c rdrand lahf_lm abm epb tpr_shadow vnmi flexpriority ept vpid fsgsbase tsc_adjust bmi1 avx2 smep bmi2 erms invpcid xsaveopt dtherm ida arat pln pts
bugs		:
bogomips	: 4589.34
clflush size	: 64
cache_alignment	: 64
address sizes	: 39 bits physical, 48 bits virtual
power management:

processor	: 1
vendor_id	: GenuineIntel
cpu family	: 6
model		: 69
model name	: Intel(R) Core(TM) i5-4200U CPU @ 1.60GHz
stepping	: 1
microcode	: 0x16
cpu MHz		: 2300.000
cache size	: 3072 KB
physical id	: 0
siblings	: 4
core id		: 0
cpu cores	: 2
apicid		: 1
initial apicid	: 1
fpu		: yes
fpu_exception	: yes
cpuid level	: 13
wp		: yes
flags		: fpu vme de pse tsc msr pae mce cx8 apic sep mtrr pge mca cmov pat pse36 clflush dts acpi mmx fxsr sse sse2 ss ht tm pbe syscall nx pdpe1gb rdtscp lm constant_tsc arch_perfmon pebs bts rep_good nopl xtopology nonstop_tsc aperfmperf eagerfpu pni pclmulqdq dtes64 monitor ds_cpl vmx est tm2 ssse3 sdbg fma cx16 xtpr pdcm pcid sse4_1 sse4_2 movbe popcnt tsc_deadline_timer aes xsave avx f16c rdrand lahf_lm abm epb tpr_shadow vnmi flexpriority ept vpid fsgsbase tsc_adjust bmi1 avx2 smep bmi2 erms invpcid xsaveopt dtherm ida arat pln pts
bugs		:
bogomips	: 4589.34
clflush size	: 64
cache_alignment	: 64
address sizes	: 39 bits physical, 48 bits virtual
power management:

processor	: 2
vendor_id	: GenuineIntel
cpu family	: 6
model		: 69
model name	: Intel(R) Core(TM) i5-4200U CPU @ 1.60GHz
stepping	: 1
microcode	: 0x16
cpu MHz		: 2300.000
cache size	: 3072 KB
physical id	: 0
siblings	: 4
core id		: 1
cpu cores	: 2
apicid		: 2
initial apicid	: 2
fpu		: yes
fpu_exception	: yes
cpuid level	: 13
wp		: yes
flags		: fpu vme de pse tsc msr pae mce cx8 apic sep mtrr pge mca cmov pat pse36 clflush dts acpi mmx fxsr sse sse2 ss ht tm pbe syscall nx pdpe1gb rdtscp lm constant_tsc arch_perfmon pebs bts rep_good nopl xtopology nonstop_tsc aperfmperf eagerfpu pni pclmulqdq dtes64 monitor ds_cpl vmx est tm2 ssse3 sdbg fma cx16 xtpr pdcm pcid sse4_1 sse4_2 movbe popcnt tsc_deadline_timer aes xsave avx f16c rdrand lahf_lm abm epb tpr_shadow vnmi flexpriority ept vpid fsgsbase tsc_adjust bmi1 avx2 smep bmi2 erms invpcid xsaveopt dtherm ida arat pln pts
bugs		:
bogomips	: 4589.34
clflush size	: 64
cache_alignment	: 64
address sizes	: 39 bits physical, 48 bits virtual
power management:

processor	: 3
vendor_id	: GenuineIntel
cpu family	: 6
model		: 69
model name	: Intel(R) Core(TM) i5-4200U CPU @ 1.60GHz
stepping	: 1
microcode	: 0x16
cpu MHz		: 2300.000
cache size	: 3072 KB
physical id	: 0
siblings	: 4
core id		: 1
cpu cores	: 2
apicid		: 3
initial apicid	: 3
fpu		: yes
fpu_exception	: yes
cpuid level	: 13
wp		: yes
flags		: fpu vme de pse tsc msr pae mce cx8 apic sep mtrr pge mca cmov pat pse36 clflush dts acpi mmx fxsr sse sse2 ss ht tm pbe syscall nx pdpe1gb rdtscp lm constant_tsc arch_perfmon pebs bts rep_good nopl xtopology nonstop_tsc aperfmperf eagerfpu pni pclmulqdq dtes64 monitor ds_cpl vmx est tm2 ssse3 sdbg fma cx16 xtpr pdcm pcid sse4_1 sse4_2 movbe popcnt tsc_deadline_timer aes xsave avx f16c rdrand lahf_lm abm epb tpr_shadow vnmi flexpriority ept vpid fsgsbase tsc_adjust bmi1 avx2 smep bmi2 erms invpcid xsaveopt dtherm ida arat pln pts
bugs		:
bogomips	: 4589.34
clflush size	: 64
cache_alignment	: 64
address sizes	: 39 bits physical, 48 bits virtual
power management:



Memory: 4k page, physical 8107696k(2454988k free), swap 8319996k(8319996k free)

vm_info: Java HotSpot(TM) 64-Bit Server VM (25.121-b13) for linux-amd64 JRE (1.8.0_121-b13), built on Dec 12 2016 16:36:53 by "java_re" with gcc 4.3.0 20080428 (Red Hat 4.3.0-8)

time: Sun Apr 30 17:21:15 2017
elapsed time: 21 seconds (0d 0h 0m 21s)

