#
# A fatal error has been detected by the Java Runtime Environment:
#
#  SIGSEGV (0xb) at pc=0x00007f6e8db266d4, pid=3244, tid=0x00007f6e62c15700
#
# JRE version: Java(TM) SE Runtime Environment (8.0_121-b13) (build 1.8.0_121-b13)
# Java VM: Java HotSpot(TM) 64-Bit Server VM (25.121-b13 mixed mode linux-amd64 compressed oops)
# Problematic frame:
# V  [libjvm.so+0x96b6d4]  PhaseRemoveUseless::PhaseRemoveUseless(PhaseGVN*, Unique_Node_List*, Phase::PhaseNumber)+0x134
#
# Failed to write core dump. Core dumps have been disabled. To enable core dumping, try "ulimit -c unlimited" before starting Java again
#
# If you would like to submit a bug report, please visit:
#   http://bugreport.java.com/bugreport/crash.jsp
#

---------------  T H R E A D  ---------------

Current thread (0x00007f6e880bc000):  JavaThread "C2 CompilerThread1" daemon [_thread_in_native, id=3257, stack(0x00007f6e62b15000,0x00007f6e62c16000)]

siginfo: si_signo: 11 (SIGSEGV), si_code: 1 (SEGV_MAPERR), si_addr: 0x00000000000000a8

Registers:
RAX=0x0000000000000080, RBX=0x0000000040000000, RCX=0x0000000000000109, RDX=0x00007f6e452499f0
RSP=0x00007f6e62c12e50, RBP=0x00007f6e62c12e90, RSI=0x0000000000008b98, RDI=0x00007f6e44a557f8
R8 =0x0000000000020000, R9 =0x00007f6e62c139f8, R10=0x00007f6e5061e820, R11=0x0000000000000001
R12=0x00007f6e62c12f50, R13=0x00007f6e62c12f80, R14=0x00007f6e62c13070, R15=0x00007f6e62c12f60
RIP=0x00007f6e8db266d4, EFLAGS=0x0000000000010206, CSGSFS=0x0000000000000033, ERR=0x0000000000000004
  TRAPNO=0x000000000000000e

Top of Stack: (sp=0x00007f6e62c12e50)
0x00007f6e62c12e50:   000000000000491b 0000000000000109
0x00007f6e62c12e60:   00007f6e62c13b50 00007f6e8801bed0
0x00007f6e62c12e70:   00007f6e62c13c80 00007f6e447638d0
0x00007f6e62c12e80:   0000000000050248 00007f6e44764850
0x00007f6e62c12e90:   00007f6e62c12fe0 00007f6e8d65c215
0x00007f6e62c12ea0:   00007f6e62c12f50 01007f6e8db25bf4
0x00007f6e62c12eb0:   00007f6e4476b8b8 00007f6e50081b08
0x00007f6e62c12ec0:   00007f6e62c13c80 00007f6e50081b08
0x00007f6e62c12ed0:   00007f6e62c13070 00007f6e50009ad8
0x00007f6e62c12ee0:   000000000000491c 00007f6e5061eaa8
0x00007f6e62c12ef0:   00007f6e62c12f20 00007f6e8db2752a
0x00007f6e62c12f00:   00007f6e62c13b50 00000000000011d8
0x00007f6e62c12f10:   00007f6e50081b08 00007f6e62c13c80
0x00007f6e62c12f20:   00007f6e62c12fe0 00007f6e8db0780b
0x00007f6e62c12f30:   00007f6e50081a80 00007f6e00000001
0x00007f6e62c12f40:   00007f6e5007ebb0 00007f6e50081a80
0x00007f6e62c12f50:   00007f6e00000002 00007f6e62c13c80
0x00007f6e62c12f60:   00007f6e8801bed0 00007f6e00008000
0x00007f6e62c12f70:   00007f6e44c3a100 00007f6e000029b9
0x00007f6e62c12f80:   00007f6e8e127710 00007f6e8801bed0
0x00007f6e62c12f90:   0000000000000400 00007f6e452499f0
0x00007f6e62c12fa0:   0000000000000000 00007f6e00000000
0x00007f6e62c12fb0:   00007f6e62c12fe0 00007f6e62c13ab0
0x00007f6e62c12fc0:   00007f6e48039dd0 00007f6e48039c78
0x00007f6e62c12fd0:   00007f6e62c13b00 00007f6e8e1451a0
0x00007f6e62c12fe0:   00007f6e62c13c10 00007f6e8d660bb7
0x00007f6e62c12ff0:   0000000000000016 00007f6e48039510
0x00007f6e62c13000:   00007f6e62c14620 00007f6e62c14638
0x00007f6e62c13010:   00007f6e880b4320 0000000000000004
0x00007f6e62c13020:   0000000000000000 0000000000000000
0x00007f6e62c13030:   0000000000000002 0000000000000000
0x00007f6e62c13040:   00007f6e62c13c80 00007f6e62c13b50 

Instructions: (pc=0x00007f6e8db266d4)
0x00007f6e8db266b4:   00 00 66 2e 0f 1f 84 00 00 00 00 00 48 89 f7 49
0x00007f6e8db266c4:   03 79 18 48 8b 07 48 85 c0 74 21 49 39 c2 74 1c
0x00007f6e8db266d4:   8b 40 28 89 c2 c1 ea 05 41 3b 55 10 0f 82 ca 00
0x00007f6e8db266e4:   00 00 4c 89 17 0f 1f 80 00 00 00 00 48 83 c6 08 

Register to memory mapping:

RAX=0x0000000000000080 is an unknown value
RBX=0x0000000040000000 is an unknown value
RCX=0x0000000000000109 is an unknown value
RDX=0x00007f6e452499f0 is an unknown value
RSP=0x00007f6e62c12e50 is pointing into the stack for thread: 0x00007f6e880bc000
RBP=0x00007f6e62c12e90 is pointing into the stack for thread: 0x00007f6e880bc000
RSI=0x0000000000008b98 is an unknown value
RDI=0x00007f6e44a557f8 is an unknown value
R8 =0x0000000000020000 is an unknown value
R9 =0x00007f6e62c139f8 is pointing into the stack for thread: 0x00007f6e880bc000
R10=0x00007f6e5061e820 is an unknown value
R11=0x0000000000000001 is an unknown value
R12=0x00007f6e62c12f50 is pointing into the stack for thread: 0x00007f6e880bc000
R13=0x00007f6e62c12f80 is pointing into the stack for thread: 0x00007f6e880bc000
R14=0x00007f6e62c13070 is pointing into the stack for thread: 0x00007f6e880bc000
R15=0x00007f6e62c12f60 is pointing into the stack for thread: 0x00007f6e880bc000


Stack: [0x00007f6e62b15000,0x00007f6e62c16000],  sp=0x00007f6e62c12e50,  free space=1015k
Native frames: (J=compiled Java code, j=interpreted, Vv=VM code, C=native code)
V  [libjvm.so+0x96b6d4]  PhaseRemoveUseless::PhaseRemoveUseless(PhaseGVN*, Unique_Node_List*, Phase::PhaseNumber)+0x134
V  [libjvm.so+0x4a1215]  Compile::inline_string_calls(bool)+0x75
V  [libjvm.so+0x4a5bb7]  Compile::Compile(ciEnv*, C2Compiler*, ciMethod*, int, bool, bool, bool)+0x1707
V  [libjvm.so+0x3f2615]  C2Compiler::compile_method(ciEnv*, ciMethod*, int)+0x1f5
V  [libjvm.so+0x4afeaa]  CompileBroker::invoke_compiler_on_method(CompileTask*)+0xc9a
V  [libjvm.so+0x4b0e56]  CompileBroker::compiler_thread_loop()+0x5d6
V  [libjvm.so+0xa75543]  JavaThread::thread_main_inner()+0x103
V  [libjvm.so+0xa7568c]  JavaThread::run()+0x11c
V  [libjvm.so+0x926268]  java_start(Thread*)+0x108
C  [libpthread.so.0+0x76ba]  start_thread+0xca


Current CompileTask:
C2:   5979 3504       4       java.net.URLClassLoader$1::run (5 bytes)


---------------  P R O C E S S  ---------------

Java Threads: ( => current thread )
  0x00007f6e1c59d000 JavaThread "pool-2-thread-1" [_thread_blocked, id=3274, stack(0x00007f6e38400000,0x00007f6e38501000)]
  0x00007f6e1ccce800 JavaThread "File lock request listener" [_thread_in_native, id=3273, stack(0x00007f6e600ac000,0x00007f6e601ad000)]
  0x00007f6e1cbf2800 JavaThread "process reaper" daemon [_thread_blocked, id=3272, stack(0x00007f6e601ad000,0x00007f6e601e6000)]
  0x00007f6e1c008800 JavaThread "Stdin handler" [_thread_blocked, id=3270, stack(0x00007f6e60861000,0x00007f6e60962000)]
  0x00007f6e1c00a800 JavaThread "Asynchronous log dispatcher for DefaultDaemonConnection: socket connection from /127.0.0.1:41202 to /127.0.0.1:58538" [_thread_blocked, id=3269, stack(0x00007f6e60962000,0x00007f6e60a63000)]
  0x00007f6e30007800 JavaThread "Daemon worker" [_thread_in_Java, id=3266, stack(0x00007f6e60a63000,0x00007f6e60b64000)]
  0x00007f6e30004800 JavaThread "Cancel handler" [_thread_blocked, id=3265, stack(0x00007f6e60b64000,0x00007f6e60c65000)]
  0x00007f6e30005800 JavaThread "Handler for socket connection from /127.0.0.1:41202 to /127.0.0.1:58538" [_thread_in_native, id=3264, stack(0x00007f6e60c65000,0x00007f6e60d66000)]
  0x00007f6e2c013000 JavaThread "Daemon" [_thread_blocked, id=3263, stack(0x00007f6e60d66000,0x00007f6e60e67000)]
  0x00007f6e88cf1800 JavaThread "Incoming local TCP Connector on port 41202" [_thread_in_native, id=3262, stack(0x00007f6e6126e000,0x00007f6e6136f000)]
  0x00007f6e88cca800 JavaThread "pool-1-thread-1" [_thread_blocked, id=3261, stack(0x00007f6e6136f000,0x00007f6e61470000)]
  0x00007f6e880d3000 JavaThread "Service Thread" daemon [_thread_blocked, id=3259, stack(0x00007f6e62913000,0x00007f6e62a14000)]
  0x00007f6e880be000 JavaThread "C1 CompilerThread2" daemon [_thread_in_native, id=3258, stack(0x00007f6e62a14000,0x00007f6e62b15000)]
=>0x00007f6e880bc000 JavaThread "C2 CompilerThread1" daemon [_thread_in_native, id=3257, stack(0x00007f6e62b15000,0x00007f6e62c16000)]
  0x00007f6e880b9000 JavaThread "C2 CompilerThread0" daemon [_thread_in_native, id=3256, stack(0x00007f6e62c16000,0x00007f6e62d17000)]
  0x00007f6e880b8000 JavaThread "Signal Dispatcher" daemon [_thread_blocked, id=3255, stack(0x00007f6e62d17000,0x00007f6e62e18000)]
  0x00007f6e88084000 JavaThread "Finalizer" daemon [_thread_blocked, id=3254, stack(0x00007f6e630f1000,0x00007f6e631f2000)]
  0x00007f6e8807f800 JavaThread "Reference Handler" daemon [_thread_blocked, id=3253, stack(0x00007f6e631f2000,0x00007f6e632f3000)]
  0x00007f6e8800a000 JavaThread "main" [_thread_blocked, id=3246, stack(0x00007f6e8ecb0000,0x00007f6e8edb1000)]

Other Threads:
  0x00007f6e88077800 VMThread [stack: 0x00007f6e632f3000,0x00007f6e633f4000] [id=3252]
  0x00007f6e880d6000 WatcherThread [stack: 0x00007f6e62812000,0x00007f6e62913000] [id=3260]

VM state:not at safepoint (normal execution)

VM Mutex/Monitor currently owned by a thread: None

Heap:
 PSYoungGen      total 94720K, used 4704K [0x00000000e0000000, 0x00000000e8780000, 0x0000000100000000)
  eden space 84992K, 5% used [0x00000000e0000000,0x00000000e0498290,0x00000000e5300000)
  from space 9728K, 0% used [0x00000000e5300000,0x00000000e5300000,0x00000000e5c80000)
  to   space 11776K, 0% used [0x00000000e7c00000,0x00000000e7c00000,0x00000000e8780000)
 ParOldGen       total 107008K, used 17568K [0x00000000a0000000, 0x00000000a6880000, 0x00000000e0000000)
  object space 107008K, 16% used [0x00000000a0000000,0x00000000a1128108,0x00000000a6880000)
 Metaspace       used 35171K, capacity 35804K, committed 35968K, reserved 1081344K
  class space    used 4829K, capacity 4984K, committed 4992K, reserved 1048576K

Card table byte_map: [0x00007f6e78724000,0x00007f6e78a25000] byte_map_base: 0x00007f6e78224000

Marking Bits: (ParMarkBitMap*) 0x00007f6e8e17fc80
 Begin Bits: [0x00007f6e69000000, 0x00007f6e6a800000)
 End Bits:   [0x00007f6e6a800000, 0x00007f6e6c000000)

Polling page: 0x00007f6e8edd0000

CodeCache: size=245760Kb used=11543Kb max_used=11543Kb free=234216Kb
 bounds [0x00007f6e78de5000, 0x00007f6e79945000, 0x00007f6e87de5000]
 total_blobs=4170 nmethods=3464 adapters=619
 compilation: enabled

Compilation events (10 events):
Event: 5.954 Thread 0x00007f6e880be000 3520       2       org.objectweb.asm.ByteVector::a (51 bytes)
Event: 5.955 Thread 0x00007f6e880be000 nmethod 3520 0x00007f6e78ef5e50 code [0x00007f6e78ef5fc0, 0x00007f6e78ef6268]
Event: 5.959 Thread 0x00007f6e880be000 3521       1       org.apache.commons.collections.map.AbstractReferenceMap::access$000 (5 bytes)
Event: 5.963 Thread 0x00007f6e880be000 nmethod 3521 0x00007f6e78effd10 code [0x00007f6e78effe60, 0x00007f6e78efff50]
Event: 5.971 Thread 0x00007f6e880be000 3522       2       java.lang.Class$AnnotationData::<init> (20 bytes)
Event: 5.972 Thread 0x00007f6e880be000 nmethod 3522 0x00007f6e78f02610 code [0x00007f6e78f02760, 0x00007f6e78f028d0]
Event: 5.973 Thread 0x00007f6e880be000 3523  s    2       java.util.Stack::peek (25 bytes)
Event: 5.974 Thread 0x00007f6e880be000 nmethod 3523 0x00007f6e78ef3590 code [0x00007f6e78ef3720, 0x00007f6e78ef3bf8]
Event: 5.975 Thread 0x00007f6e880be000 3524       2       java.util.regex.Pattern::compile (10 bytes)
Event: 5.975 Thread 0x00007f6e880be000 nmethod 3524 0x00007f6e78f03050 code [0x00007f6e78f031c0, 0x00007f6e78f03388]

GC Heap History (10 events):
Event: 2.321 GC heap before
{Heap before GC invocations=5 (full 1):
 PSYoungGen      total 68608K, used 5088K [0x00000000e0000000, 0x00000000e4800000, 0x0000000100000000)
  eden space 63488K, 0% used [0x00000000e0000000,0x00000000e0000000,0x00000000e3e00000)
  from space 5120K, 99% used [0x00000000e4300000,0x00000000e47f8020,0x00000000e4800000)
  to   space 5120K, 0% used [0x00000000e3e00000,0x00000000e3e00000,0x00000000e4300000)
 ParOldGen       total 84992K, used 6691K [0x00000000a0000000, 0x00000000a5300000, 0x00000000e0000000)
  object space 84992K, 7% used [0x00000000a0000000,0x00000000a0688d10,0x00000000a5300000)
 Metaspace       used 20831K, capacity 21188K, committed 21296K, reserved 1067008K
  class space    used 2814K, capacity 2933K, committed 2944K, reserved 1048576K
Event: 2.400 GC heap after
Heap after GC invocations=5 (full 1):
 PSYoungGen      total 68608K, used 0K [0x00000000e0000000, 0x00000000e4800000, 0x0000000100000000)
  eden space 63488K, 0% used [0x00000000e0000000,0x00000000e0000000,0x00000000e3e00000)
  from space 5120K, 0% used [0x00000000e4300000,0x00000000e4300000,0x00000000e4800000)
  to   space 5120K, 0% used [0x00000000e3e00000,0x00000000e3e00000,0x00000000e4300000)
 ParOldGen       total 63488K, used 8234K [0x00000000a0000000, 0x00000000a3e00000, 0x00000000e0000000)
  object space 63488K, 12% used [0x00000000a0000000,0x00000000a080aa98,0x00000000a3e00000)
 Metaspace       used 20831K, capacity 21188K, committed 21296K, reserved 1067008K
  class space    used 2814K, capacity 2933K, committed 2944K, reserved 1048576K
}
Event: 3.272 GC heap before
{Heap before GC invocations=6 (full 1):
 PSYoungGen      total 68608K, used 63488K [0x00000000e0000000, 0x00000000e4800000, 0x0000000100000000)
  eden space 63488K, 100% used [0x00000000e0000000,0x00000000e3e00000,0x00000000e3e00000)
  from space 5120K, 0% used [0x00000000e4300000,0x00000000e4300000,0x00000000e4800000)
  to   space 5120K, 0% used [0x00000000e3e00000,0x00000000e3e00000,0x00000000e4300000)
 ParOldGen       total 63488K, used 8234K [0x00000000a0000000, 0x00000000a3e00000, 0x00000000e0000000)
  object space 63488K, 12% used [0x00000000a0000000,0x00000000a080aa98,0x00000000a3e00000)
 Metaspace       used 25740K, capacity 26154K, committed 26368K, reserved 1071104K
  class space    used 3653K, capacity 3768K, committed 3840K, reserved 1048576K
Event: 3.282 GC heap after
Heap after GC invocations=6 (full 1):
 PSYoungGen      total 68608K, used 5103K [0x00000000e0000000, 0x00000000e6a00000, 0x0000000100000000)
  eden space 63488K, 0% used [0x00000000e0000000,0x00000000e0000000,0x00000000e3e00000)
  from space 5120K, 99% used [0x00000000e3e00000,0x00000000e42fbeb8,0x00000000e4300000)
  to   space 10240K, 0% used [0x00000000e6000000,0x00000000e6000000,0x00000000e6a00000)
 ParOldGen       total 63488K, used 10650K [0x00000000a0000000, 0x00000000a3e00000, 0x00000000e0000000)
  object space 63488K, 16% used [0x00000000a0000000,0x00000000a0a66a18,0x00000000a3e00000)
 Metaspace       used 25740K, capacity 26154K, committed 26368K, reserved 1071104K
  class space    used 3653K, capacity 3768K, committed 3840K, reserved 1048576K
}
Event: 4.687 GC heap before
{Heap before GC invocations=7 (full 1):
 PSYoungGen      total 68608K, used 68591K [0x00000000e0000000, 0x00000000e6a00000, 0x0000000100000000)
  eden space 63488K, 100% used [0x00000000e0000000,0x00000000e3e00000,0x00000000e3e00000)
  from space 5120K, 99% used [0x00000000e3e00000,0x00000000e42fbeb8,0x00000000e4300000)
  to   space 10240K, 0% used [0x00000000e6000000,0x00000000e6000000,0x00000000e6a00000)
 ParOldGen       total 63488K, used 10650K [0x00000000a0000000, 0x00000000a3e00000, 0x00000000e0000000)
  object space 63488K, 16% used [0x00000000a0000000,0x00000000a0a66a18,0x00000000a3e00000)
 Metaspace       used 29203K, capacity 29678K, committed 29824K, reserved 1075200K
  class space    used 4069K, capacity 4220K, committed 4224K, reserved 1048576K
Event: 4.695 GC heap after
Heap after GC invocations=7 (full 1):
 PSYoungGen      total 91136K, used 5785K [0x00000000e0000000, 0x00000000e6600000, 0x0000000100000000)
  eden space 84992K, 0% used [0x00000000e0000000,0x00000000e0000000,0x00000000e5300000)
  from space 6144K, 94% used [0x00000000e6000000,0x00000000e65a64e8,0x00000000e6600000)
  to   space 9728K, 0% used [0x00000000e5300000,0x00000000e5300000,0x00000000e5c80000)
 ParOldGen       total 63488K, used 10730K [0x00000000a0000000, 0x00000000a3e00000, 0x00000000e0000000)
  object space 63488K, 16% used [0x00000000a0000000,0x00000000a0a7aa28,0x00000000a3e00000)
 Metaspace       used 29203K, capacity 29678K, committed 29824K, reserved 1075200K
  class space    used 4069K, capacity 4220K, committed 4224K, reserved 1048576K
}
Event: 5.735 GC heap before
{Heap before GC invocations=8 (full 1):
 PSYoungGen      total 91136K, used 79761K [0x00000000e0000000, 0x00000000e6600000, 0x0000000100000000)
  eden space 84992K, 87% used [0x00000000e0000000,0x00000000e483e120,0x00000000e5300000)
  from space 6144K, 94% used [0x00000000e6000000,0x00000000e65a64e8,0x00000000e6600000)
  to   space 9728K, 0% used [0x00000000e5300000,0x00000000e5300000,0x00000000e5c80000)
 ParOldGen       total 63488K, used 10730K [0x00000000a0000000, 0x00000000a3e00000, 0x00000000e0000000)
  object space 63488K, 16% used [0x00000000a0000000,0x00000000a0a7aa28,0x00000000a3e00000)
 Metaspace       used 34745K, capacity 35318K, committed 35456K, reserved 1079296K
  class space    used 4767K, capacity 4951K, committed 4992K, reserved 1048576K
Event: 5.759 GC heap after
Heap after GC invocations=8 (full 1):
 PSYoungGen      total 94720K, used 9725K [0x00000000e0000000, 0x00000000e8780000, 0x0000000100000000)
  eden space 84992K, 0% used [0x00000000e0000000,0x00000000e0000000,0x00000000e5300000)
  from space 9728K, 99% used [0x00000000e5300000,0x00000000e5c7f6a0,0x00000000e5c80000)
  to   space 11776K, 0% used [0x00000000e7c00000,0x00000000e7c00000,0x00000000e8780000)
 ParOldGen       total 63488K, used 12127K [0x00000000a0000000, 0x00000000a3e00000, 0x00000000e0000000)
  object space 63488K, 19% used [0x00000000a0000000,0x00000000a0bd7e48,0x00000000a3e00000)
 Metaspace       used 34745K, capacity 35318K, committed 35456K, reserved 1079296K
  class space    used 4767K, capacity 4951K, committed 4992K, reserved 1048576K
}
Event: 5.759 GC heap before
{Heap before GC invocations=9 (full 2):
 PSYoungGen      total 94720K, used 9725K [0x00000000e0000000, 0x00000000e8780000, 0x0000000100000000)
  eden space 84992K, 0% used [0x00000000e0000000,0x00000000e0000000,0x00000000e5300000)
  from space 9728K, 99% used [0x00000000e5300000,0x00000000e5c7f6a0,0x00000000e5c80000)
  to   space 11776K, 0% used [0x00000000e7c00000,0x00000000e7c00000,0x00000000e8780000)
 ParOldGen       total 63488K, used 12127K [0x00000000a0000000, 0x00000000a3e00000, 0x00000000e0000000)
  object space 63488K, 19% used [0x00000000a0000000,0x00000000a0bd7e48,0x00000000a3e00000)
 Metaspace       used 34745K, capacity 35318K, committed 35456K, reserved 1079296K
  class space    used 4767K, capacity 4951K, committed 4992K, reserved 1048576K
Event: 5.897 GC heap after
Heap after GC invocations=9 (full 2):
 PSYoungGen      total 94720K, used 0K [0x00000000e0000000, 0x00000000e8780000, 0x0000000100000000)
  eden space 84992K, 0% used [0x00000000e0000000,0x00000000e0000000,0x00000000e5300000)
  from space 9728K, 0% used [0x00000000e5300000,0x00000000e5300000,0x00000000e5c80000)
  to   space 11776K, 0% used [0x00000000e7c00000,0x00000000e7c00000,0x00000000e8780000)
 ParOldGen       total 107008K, used 17568K [0x00000000a0000000, 0x00000000a6880000, 0x00000000e0000000)
  object space 107008K, 16% used [0x00000000a0000000,0x00000000a1128108,0x00000000a6880000)
 Metaspace       used 34745K, capacity 35318K, committed 35456K, reserved 1079296K
  class space    used 4767K, capacity 4951K, committed 4992K, reserved 1048576K
}

Deoptimization events (10 events):
Event: 4.912 Thread 0x00007f6e30007800 Uncommon trap: reason=bimorphic action=maybe_recompile pc=0x00007f6e796cdf34 method=java.lang.ClassLoader.getPackage(Ljava/lang/String;)Ljava/lang/Package; @ 47
Event: 4.916 Thread 0x00007f6e30007800 Uncommon trap: reason=bimorphic action=maybe_recompile pc=0x00007f6e79629788 method=java.lang.ClassLoader.getPackage(Ljava/lang/String;)Ljava/lang/Package; @ 47
Event: 5.143 Thread 0x00007f6e30007800 Uncommon trap: reason=unstable_if action=reinterpret pc=0x00007f6e7971bbd0 method=sun.security.provider.DigestBase.engineUpdate([BII)V @ 35
Event: 5.144 Thread 0x00007f6e30007800 Uncommon trap: reason=unstable_if action=reinterpret pc=0x00007f6e79712ce0 method=sun.security.provider.DigestBase.engineUpdate([BII)V @ 35
Event: 5.485 Thread 0x00007f6e30007800 Uncommon trap: reason=unstable_if action=reinterpret pc=0x00007f6e79426f30 method=java.util.HashMap.putVal(ILjava/lang/Object;Ljava/lang/Object;ZZ)Ljava/lang/Object; @ 162
Event: 5.486 Thread 0x00007f6e30007800 Uncommon trap: reason=unstable_if action=reinterpret pc=0x00007f6e79090058 method=java.util.HashMap.resize()[Ljava/util/HashMap$Node; @ 206
Event: 5.704 Thread 0x00007f6e30007800 Uncommon trap: reason=unstable_if action=reinterpret pc=0x00007f6e79120574 method=java.lang.ref.ReferenceQueue.poll()Ljava/lang/ref/Reference; @ 4
Event: 5.901 Thread 0x00007f6e88084000 Uncommon trap: reason=unstable_if action=reinterpret pc=0x00007f6e79722f18 method=java.lang.ref.Finalizer.remove()V @ 10
Event: 5.901 Thread 0x00007f6e88084000 Uncommon trap: reason=unstable_if action=reinterpret pc=0x00007f6e7972fb84 method=java.lang.ref.Finalizer.remove()V @ 10
Event: 5.901 Thread 0x00007f6e88084000 Uncommon trap: reason=unstable_if action=reinterpret pc=0x00007f6e7973034c method=java.lang.ref.Finalizer.remove()V @ 10

Internal exceptions (10 events):
Event: 4.844 Thread 0x00007f6e30007800 Exception <a 'java/lang/ClassNotFoundException': org/gradle/api/internal/file/FileOperationsCustomizer> (0x00000000e093a190) thrown at [/HUDSON3/workspace/8-2-build-linux-amd64/jdk8u121/8372/hotspot/src/share/vm/classfile/systemDictionary.cpp, line 210]
Event: 4.846 Thread 0x00007f6e30007800 Exception <a 'java/lang/ClassNotFoundException': org/gradle/api/internal/ProcessOperationsBeanInfo> (0x00000000e097dc68) thrown at [/HUDSON3/workspace/8-2-build-linux-amd64/jdk8u121/8372/hotspot/src/share/vm/classfile/systemDictionary.cpp, line 210]
Event: 4.847 Thread 0x00007f6e30007800 Exception <a 'java/lang/ClassNotFoundException': org/gradle/api/internal/ProcessOperationsCustomizer> (0x00000000e09a5650) thrown at [/HUDSON3/workspace/8-2-build-linux-amd64/jdk8u121/8372/hotspot/src/share/vm/classfile/systemDictionary.cpp, line 210]
Event: 4.885 Thread 0x00007f6e30007800 Exception <a 'java/lang/ClassNotFoundException': build_w713oe5ekrgamhdquhwod1d5BeanInfo> (0x00000000e0b16a98) thrown at [/HUDSON3/workspace/8-2-build-linux-amd64/jdk8u121/8372/hotspot/src/share/vm/classfile/systemDictionary.cpp, line 210]
Event: 4.886 Thread 0x00007f6e30007800 Exception <a 'java/lang/ClassNotFoundException': build_w713oe5ekrgamhdquhwod1d5Customizer> (0x00000000e0b272c0) thrown at [/HUDSON3/workspace/8-2-build-linux-amd64/jdk8u121/8372/hotspot/src/share/vm/classfile/systemDictionary.cpp, line 210]
Event: 4.895 Thread 0x00007f6e30007800 Exception <a 'java/lang/ClassNotFoundException': org/gradle/api/internal/plugins/DefaultObjectConfigurationActionBeanInfo> (0x00000000e0b81140) thrown at [/HUDSON3/workspace/8-2-build-linux-amd64/jdk8u121/8372/hotspot/src/share/vm/classfile/systemDictiona
Event: 4.895 Thread 0x00007f6e30007800 Exception <a 'java/lang/ClassNotFoundException': org/gradle/api/internal/plugins/DefaultObjectConfigurationActionCustomizer> (0x00000000e0bb0c68) thrown at [/HUDSON3/workspace/8-2-build-linux-amd64/jdk8u121/8372/hotspot/src/share/vm/classfile/systemDictio
Event: 4.899 Thread 0x00007f6e30007800 Exception <a 'java/lang/ClassNotFoundException': org/gradle/api/plugins/ObjectConfigurationActionBeanInfo> (0x00000000e0bef8f0) thrown at [/HUDSON3/workspace/8-2-build-linux-amd64/jdk8u121/8372/hotspot/src/share/vm/classfile/systemDictionary.cpp, line 210
Event: 4.899 Thread 0x00007f6e30007800 Exception <a 'java/lang/ClassNotFoundException': org/gradle/api/plugins/ObjectConfigurationActionCustomizer> (0x00000000e0c17b10) thrown at [/HUDSON3/workspace/8-2-build-linux-amd64/jdk8u121/8372/hotspot/src/share/vm/classfile/systemDictionary.cpp, line 2
Event: 5.146 Thread 0x00007f6e30007800 Exception <a 'sun/nio/fs/UnixException'> (0x00000000e16d9810) thrown at [/HUDSON3/workspace/8-2-build-linux-amd64/jdk8u121/8372/hotspot/src/share/vm/prims/jni.cpp, line 709]

Events (10 events):
Event: 5.967 loading class com/google/common/collect/Sets$3
Event: 5.967 loading class com/google/common/collect/Sets$3 done
Event: 5.967 loading class com/google/common/collect/ImmutableSet
Event: 5.967 loading class com/google/common/collect/ImmutableSet done
Event: 5.968 loading class com/google/common/collect/ImmutableEnumSet
Event: 5.968 loading class com/google/common/collect/ImmutableEnumSet done
Event: 5.973 loading class com/android/build/gradle/internal/dsl/CoreAnnotationProcessorOptions
Event: 5.973 loading class com/android/build/gradle/internal/dsl/CoreAnnotationProcessorOptions done
Event: 5.974 loading class com/android/build/gradle/internal/dsl/AnnotationProcessorOptions
Event: 5.974 loading class com/android/build/gradle/internal/dsl/AnnotationProcessorOptions done


Dynamic libraries:
00400000-00401000 r-xp 00000000 08:01 11143952                           /usr/local/java/jdk1.8.0_121/bin/java
00600000-00601000 rw-p 00000000 08:01 11143952                           /usr/local/java/jdk1.8.0_121/bin/java
02139000-0215a000 rw-p 00000000 00:00 0                                  [heap]
a0000000-a6880000 rw-p 00000000 00:00 0 
a6880000-e0000000 ---p 00000000 00:00 0 
e0000000-e8780000 rw-p 00000000 00:00 0 
e8780000-100000000 ---p 00000000 00:00 0 
100000000-1004e0000 rw-p 00000000 00:00 0 
1004e0000-140000000 ---p 00000000 00:00 0 
7f6e0c000000-7f6e0c021000 rw-p 00000000 00:00 0 
7f6e0c021000-7f6e10000000 ---p 00000000 00:00 0 
7f6e10000000-7f6e10021000 rw-p 00000000 00:00 0 
7f6e10021000-7f6e14000000 ---p 00000000 00:00 0 
7f6e14000000-7f6e14021000 rw-p 00000000 00:00 0 
7f6e14021000-7f6e18000000 ---p 00000000 00:00 0 
7f6e18000000-7f6e18021000 rw-p 00000000 00:00 0 
7f6e18021000-7f6e1c000000 ---p 00000000 00:00 0 
7f6e1c000000-7f6e1d0d5000 rw-p 00000000 00:00 0 
7f6e1d0d5000-7f6e20000000 ---p 00000000 00:00 0 
7f6e20000000-7f6e20021000 rw-p 00000000 00:00 0 
7f6e20021000-7f6e24000000 ---p 00000000 00:00 0 
7f6e24000000-7f6e24021000 rw-p 00000000 00:00 0 
7f6e24021000-7f6e28000000 ---p 00000000 00:00 0 
7f6e28000000-7f6e28021000 rw-p 00000000 00:00 0 
7f6e28021000-7f6e2c000000 ---p 00000000 00:00 0 
7f6e2c000000-7f6e2c06f000 rw-p 00000000 00:00 0 
7f6e2c06f000-7f6e30000000 ---p 00000000 00:00 0 
7f6e30000000-7f6e30021000 rw-p 00000000 00:00 0 
7f6e30021000-7f6e34000000 ---p 00000000 00:00 0 
7f6e34000000-7f6e34021000 rw-p 00000000 00:00 0 
7f6e34021000-7f6e38000000 ---p 00000000 00:00 0 
7f6e38000000-7f6e38040000 rw-p 00000000 00:00 0 
7f6e38040000-7f6e38200000 ---p 00000000 00:00 0 
7f6e38200000-7f6e38400000 rw-p 00000000 00:00 0 
7f6e38400000-7f6e38403000 ---p 00000000 00:00 0 
7f6e38403000-7f6e38701000 rw-p 00000000 00:00 0 
7f6e38701000-7f6e38702000 r--s 00001000 08:01 34477923                   /root/.gradle/caches/jars-2/cmhx5eetujk7j30d3nllwxyrlnugzjw/annotations-25.3.3.jar
7f6e38702000-7f6e3870a000 r--s 000a8000 08:01 34996888                   /root/.gradle/caches/jars-2/lp0h431tl0554nh1vx6zomcvteflkp/lombok-ast-0.2.3.jar
7f6e3870a000-7f6e3871e000 r--s 000b4000 08:01 34477921                   /root/.gradle/caches/jars-2/hgvw6szzawm3evod5l2d6iutfug31w0/uast-162.2228.14.jar
7f6e3871e000-7f6e38720000 r--s 0000d000 08:01 34996884                   /root/.gradle/caches/jars-2/7pwz1bowgakb1eux9ezb56jlturgsyi/commons-codec-1.4.jar
7f6e38720000-7f6e38722000 r--s 0000d000 08:01 34996882                   /root/.gradle/caches/jars-2/9dj1m0eyooi5qt13735vz8fpkl3cnfy/commons-logging-1.1.1.jar
7f6e38722000-7f6e38727000 r--s 00028000 08:01 34996880                   /root/.gradle/caches/jars-2/62lv0fe9b3xbqe57f6ljy5upwi7mf6k/httpcore-4.1.jar
7f6e38727000-7f6e3872b000 r--s 0002f000 08:01 34996878                   /root/.gradle/caches/jars-2/gsg5n52frsvw6sx0swqqe2hwijwdcf0/jimfs-1.1.jar
7f6e3872b000-7f6e3872c000 r--s 00004000 08:01 34996876                   /root/.gradle/caches/jars-2/lxs252id0979odjrerlctkb26c2vj95/annotations-12.0.jar
7f6e3872c000-7f6e3872d000 r--s 00004000 08:01 34996874                   /root/.gradle/caches/jars-2/9kn99dr0rulyl67sct1ephwcop56l61/asm-analysis-5.0.4.jar
7f6e3872d000-7f6e38731000 r--s 00040000 08:01 34477919                   /root/.gradle/caches/jars-2/ccvn7yglm4blceovs70fngoac1eyn4f/lint-api-25.3.3.jar
7f6e38731000-7f6e38733000 r--s 00005000 08:01 34996868                   /root/.gradle/caches/jars-2/i6hc1uuj8e9ck59slmzdyz78ydn8sr6/httpmime-4.1.jar
7f6e38733000-7f6e3873b000 r--s 0004e000 08:01 34996866                   /root/.gradle/caches/jars-2/7503wa5irssz0xxahv1xb82p2dl7rr2/httpclient-4.1.1.jar
7f6e3873b000-7f6e38742000 r--s 00053000 08:01 34996864                   /root/.gradle/caches/jars-2/jgkfvs4eqggj7qsyw1f5d3up57hanj1/commons-compress-1.8.1.jar
7f6e38742000-7f6e38747000 r--s 0002a000 08:01 34996862                   /root/.gradle/caches/jars-2/je8f027qcr1z1egw08byp1ybxbp9kko/gson-2.2.4.jar
7f6e38747000-7f6e3874c000 r--s 0002e000 08:01 34477917                   /root/.gradle/caches/jars-2/s427p2wh0tfza0xa8qijgx107eeevyl/repository-25.3.3.jar
7f6e3874c000-7f6e3874e000 r--s 00006000 08:01 34477915                   /root/.gradle/caches/jars-2/e2s952s6co8tps89l80r4riixwqo2oe/dvlib-25.3.3.jar
7f6e3874e000-7f6e38753000 r--s 00058000 08:01 34996854                   /root/.gradle/caches/jars-2/st159835qgxm0l87oqrnhayxos4lc1n/asm-debug-all-5.0.1.jar
7f6e38753000-7f6e38763000 r--s 000d5000 08:01 34996852                   /root/.gradle/caches/jars-2/qzf32gp9kej4w4hlbabft6tplu74cj3/proguard-base-5.3.2.jar
7f6e38763000-7f6e38766000 r--s 00033000 08:01 34996850                   /root/.gradle/caches/jars-2/nz9sndmr8b4xbj4xulkaciy5kdbyfiz/juniversalchardet-1.0.3.jar
7f6e38766000-7f6e3876a000 r--s 0002a000 08:01 34996848                   /root/.gradle/caches/jars-2/krbpn9xjn1qymukyx8cc5l799ty1v3h/commons-io-2.4.jar
7f6e3876a000-7f6e38781000 r--s 00154000 08:01 34996846                   /root/.gradle/caches/jars-2/sfeivjswzitn6n0fnjx3ueszz8gv8o1/antlr4-4.5.3.jar
7f6e38781000-7f6e38981000 rw-p 00000000 00:00 0 
7f6e38981000-7f6e38b81000 rw-p 00000000 00:00 0 
7f6e38b81000-7f6e38d81000 rw-p 00000000 00:00 0 
7f6e38d81000-7f6e38d83000 r--s 00013000 08:01 34477913                   /root/.gradle/caches/jars-2/s02k517nvrh8cbp2c8dz4slqska6dj9/layoutlib-api-25.3.3.jar
7f6e38d83000-7f6e38d85000 r--s 00002000 08:01 34477911                   /root/.gradle/caches/jars-2/rh2ip1x2zziz26tr3qzudtz088pqsb2/baseLibrary-2.3.3.jar
7f6e38d85000-7f6e38db0000 r--s 001fc000 08:01 34996842                   /root/.gradle/caches/jars-2/nxjrjftly2xksl8o0wqgivu5netfu2x/guava-18.0.jar
7f6e38db0000-7f6e38dc3000 r--s 00241000 08:01 34996840                   /root/.gradle/caches/jars-2/9yuekvg4qerfitq3xec0iyckuw3hwaq/ecj-4.6.1.jar
7f6e38dc3000-7f6e38dca000 r--s 000d9000 08:01 34477909                   /root/.gradle/caches/jars-2/ak89aa8liqmr44u7r08njntn6oehe0z/lint-checks-25.3.3.jar
7f6e38dca000-7f6e38dcc000 r--s 00006000 08:01 34996836                   /root/.gradle/caches/jars-2/6phgj9ki3jl3p5epzkqoo8pr6kur40b/asm-tree-5.0.4.jar
7f6e38dcc000-7f6e38dff000 r--s 00203000 08:01 34996834                   /root/.gradle/caches/jars-2/hj0bfvxu9cq7hkwmecvp0kg137or3hh/bcprov-jdk15on-1.48.jar
7f6e38dff000-7f6e38fff000 rw-p 00000000 00:00 0 
7f6e38fff000-7f6e3c000000 rw-p 00000000 00:00 0 
7f6e3c000000-7f6e3c021000 rw-p 00000000 00:00 0 
7f6e3c021000-7f6e40000000 ---p 00000000 00:00 0 
7f6e40000000-7f6e40021000 rw-p 00000000 00:00 0 
7f6e40021000-7f6e44000000 ---p 00000000 00:00 0 
7f6e44000000-7f6e464fd000 rw-p 00000000 00:00 0 
7f6e464fd000-7f6e48000000 ---p 00000000 00:00 0 
7f6e48000000-7f6e48c49000 rw-p 00000000 00:00 0 
7f6e48c49000-7f6e4c000000 ---p 00000000 00:00 0 
7f6e4c000000-7f6e4c021000 rw-p 00000000 00:00 0 
7f6e4c021000-7f6e50000000 ---p 00000000 00:00 0 
7f6e50000000-7f6e518ce000 rw-p 00000000 00:00 0 
7f6e518ce000-7f6e54000000 ---p 00000000 00:00 0 
7f6e54000000-7f6e54021000 rw-p 00000000 00:00 0 
7f6e54021000-7f6e58000000 ---p 00000000 00:00 0 
7f6e58000000-7f6e58021000 rw-p 00000000 00:00 0 
7f6e58021000-7f6e5c000000 ---p 00000000 00:00 0 
7f6e5c000000-7f6e5c034000 rw-p 00000000 00:00 0 
7f6e5c034000-7f6e60000000 ---p 00000000 00:00 0 
7f6e60000000-7f6e60001000 r--s 0000a000 08:01 34996870                   /root/.gradle/caches/jars-2/nwyg9io65lv6jvmwit2wq82xnnxd7ia/kxml2-2.3.0.jar
7f6e60001000-7f6e6000f000 r--s 00081000 08:01 34996832                   /root/.gradle/caches/jars-2/4r7xli0tz94y0wfjrdyjxlxar3g1pb9/bcpkix-jdk15on-1.48.jar
7f6e6000f000-7f6e60011000 r--s 00002000 08:01 34996830                   /root/.gradle/caches/jars-2/f32bh5uivuf69ecz2j8hl96ksnqdh7v/javawriter-2.5.0.jar
7f6e60011000-7f6e60013000 r--s 00004000 08:01 34477907                   /root/.gradle/caches/jars-2/j6s1upogkwo00sygdsekzj4fx0i75uy/tracker-25.3.3.jar
7f6e60013000-7f6e60014000 r--s 00005000 08:01 34477905                   /root/.gradle/caches/jars-2/4svya0t1s9wyo35ycd3atidsaoo6w7e/shared-25.3.3.jar
7f6e60014000-7f6e60022000 r--s 00147000 08:01 34477903                   /root/.gradle/caches/jars-2/qx6695c5ocd9swxv7wqtxor3plyb4b7/protos-25.3.3.jar
7f6e60022000-7f6e60023000 r--s 00001000 08:01 34477901                   /root/.gradle/caches/jars-2/bqo69msswbvaagsh45hf1tq02v21sml/jill-api-0.10.0.jar
7f6e60023000-7f6e60025000 r--s 00003000 08:01 34477899                   /root/.gradle/caches/jars-2/7pldadygbci34ql8thws797g29k1uhh/jack-api-0.13.0.jar
7f6e60025000-7f6e6002b000 r--s 0004a000 08:01 34477897                   /root/.gradle/caches/jars-2/euoqfzf5y1sibp9ul8mcz0wovj380eo/ddmlib-25.3.3.jar
7f6e6002b000-7f6e6002e000 r--s 00022000 08:01 34477895                   /root/.gradle/caches/jars-2/a81bg2yxzmumashablwecaj0ksz6tmj/manifest-merger-25.3.3.jar
7f6e6002e000-7f6e60031000 r--s 0001c000 08:01 34477893                   /root/.gradle/caches/jars-2/l6cnyee1vojrkkbpp6qwgpf30shmrja/common-25.3.3.jar
7f6e60031000-7f6e6003a000 r--s 00089000 08:01 34477891                   /root/.gradle/caches/jars-2/m0t6h8af70sdgxvkj522jy01i14mnb8/sdk-common-25.3.3.jar
7f6e6003a000-7f6e60044000 r--s 00098000 08:01 34477889                   /root/.gradle/caches/jars-2/28c9ykhc782k8jmlrnbnccai34hziki/sdklib-25.3.3.jar
7f6e60044000-7f6e60045000 r--s 00002000 08:01 34477887                   /root/.gradle/caches/jars-2/4dod7a1p5hoai4v37pxbcg65bbahvg2/builder-test-api-2.3.3.jar
7f6e60045000-7f6e60048000 r--s 00006000 08:01 34477885                   /root/.gradle/caches/jars-2/omk02asobup8sgd6qxom3ej5bg94z2r/builder-model-2.3.3.jar
7f6e60048000-7f6e60057000 r--s 00130000 08:01 34996804                   /root/.gradle/caches/jars-2/cr6zkqpx14lor9zdtmo49qpc7y8r8p4/protobuf-java-3.0.0.jar
7f6e60057000-7f6e60059000 r--s 0000f000 08:01 34996802                   /root/.gradle/caches/jars-2/rvfyugrlu5tbpz51p98og0qsxamjq4k/jopt-simple-4.9.jar
7f6e60059000-7f6e6005d000 r--s 0001f000 08:01 34996800                   /root/.gradle/caches/jars-2/nq3fzqkrrm37ob61z4iu5qdbh368uat/org.jacoco.report-0.7.5.201505241946.jar
7f6e6005d000-7f6e60061000 r--s 0001d000 08:01 34996798                   /root/.gradle/caches/jars-2/3kxkmcckmk40ron92zhbm0qjo9l4bkl/org.jacoco.core-0.7.5.201505241946.jar
7f6e60061000-7f6e60063000 r--s 00002000 08:01 34996796                   /root/.gradle/caches/jars-2/m4m0pzb4gmaeh0in5g2xc4bxeuwt828/proguard-gradle-5.3.2.jar
7f6e60063000-7f6e60065000 r--s 00009000 08:01 34996794                   /root/.gradle/caches/jars-2/ajvcvdu66lc9e3tvvipxtuq48i9bbkc/asm-commons-5.0.4.jar
7f6e60065000-7f6e60067000 r--s 0000c000 08:01 34996792                   /root/.gradle/caches/jars-2/1laz1ygmxoc408r7nwqs1q8uk8r236d/asm-5.0.4.jar
7f6e60067000-7f6e6006c000 r--s 0002c000 08:01 34477883                   /root/.gradle/caches/jars-2/3mlasgi8oo9o7oa12526198jui9zmp2/compilerCommon-2.3.3.jar
7f6e6006c000-7f6e6006d000 r--s 00002000 08:01 34477881                   /root/.gradle/caches/jars-2/73l309uzm0ila7rdaaxteq0ng4ayf2y/gradle-api-2.3.3.jar
7f6e6006d000-7f6e6006e000 r--s 00000000 08:01 34477879                   /root/.gradle/caches/jars-2/tlyajppf8woug00g686fx5mchf8iv3o/transform-api-2.0.0-deprecated-use-gradle-api.jar
7f6e6006e000-7f6e60073000 r--s 0005e000 08:01 34477877                   /root/.gradle/caches/jars-2/k2xtosjt0in0zj7mpwvctw6iznt93uh/lint-25.3.3.jar
7f6e60073000-7f6e60089000 r--s 00163000 08:01 34477875                   /root/.gradle/caches/jars-2/nyg71b5n2lzymmwh5vbtmvjiby07k4g/builder-2.3.3.jar
7f6e60089000-7f6e600a8000 r--s 001ca000 08:01 34477873                   /root/.gradle/caches/jars-2/5fwyvjq1ai8mdh1mluqxidj1wo7rls8/gradle-core-2.3.3.jar
7f6e600a8000-7f6e600aa000 r--s 00007000 08:01 393249                     /root/.gradle/caches/modules-2/files-2.1/com.google.gms/google-services/3.1.0/166ae4e6acd03b7bbebe221ffa54bc039fece1b9/google-services-3.1.0.jar
7f6e600aa000-7f6e600ac000 r--s 0000d000 08:01 34477871                   /root/.gradle/caches/jars-2/mel54vauze7hczg2p6nebauqz8s53sj/gradle-2.3.3.jar
7f6e600ac000-7f6e600af000 ---p 00000000 00:00 0 
7f6e600af000-7f6e601ad000 rw-p 00000000 00:00 0 
7f6e601ad000-7f6e601b0000 ---p 00000000 00:00 0 
7f6e601b0000-7f6e601e6000 rw-p 00000000 00:00 0 
7f6e601e6000-7f6e601e7000 r--p 00000000 00:00 0 
7f6e601e7000-7f6e603e7000 rw-p 00000000 00:00 0 
7f6e603e7000-7f6e605e7000 rw-p 00000000 00:00 0 
7f6e605e7000-7f6e60661000 r--s 010f6000 08:01 11020816                   /usr/local/java/jdk1.8.0_121/lib/tools.jar
7f6e60661000-7f6e60861000 rw-p 00000000 00:00 0 
7f6e60861000-7f6e60864000 ---p 00000000 00:00 0 
7f6e60864000-7f6e60962000 rw-p 00000000 00:00 0 
7f6e60962000-7f6e60965000 ---p 00000000 00:00 0 
7f6e60965000-7f6e60a63000 rw-p 00000000 00:00 0 
7f6e60a63000-7f6e60a66000 ---p 00000000 00:00 0 
7f6e60a66000-7f6e60b64000 rw-p 00000000 00:00 0 
7f6e60b64000-7f6e60b67000 ---p 00000000 00:00 0 
7f6e60b67000-7f6e60c65000 rw-p 00000000 00:00 0 
7f6e60c65000-7f6e60c68000 ---p 00000000 00:00 0 
7f6e60c68000-7f6e60d66000 rw-p 00000000 00:00 0 
7f6e60d66000-7f6e60d69000 ---p 00000000 00:00 0 
7f6e60d69000-7f6e61067000 rw-p 00000000 00:00 0 
7f6e61067000-7f6e6106e000 r--s 00000000 08:01 11280200                   /usr/lib/x86_64-linux-gnu/gconv/gconv-modules.cache
7f6e6106e000-7f6e6126e000 rw-p 00000000 00:00 0 
7f6e6126e000-7f6e61271000 ---p 00000000 00:00 0 
7f6e61271000-7f6e6136f000 rw-p 00000000 00:00 0 
7f6e6136f000-7f6e61372000 ---p 00000000 00:00 0 
7f6e61372000-7f6e61470000 rw-p 00000000 00:00 0 
7f6e61470000-7f6e61479000 r-xp 00000000 08:01 11144070                   /usr/local/java/jdk1.8.0_121/jre/lib/amd64/libmanagement.so
7f6e61479000-7f6e61678000 ---p 00009000 08:01 11144070                   /usr/local/java/jdk1.8.0_121/jre/lib/amd64/libmanagement.so
7f6e61678000-7f6e61679000 rw-p 00008000 08:01 11144070                   /usr/local/java/jdk1.8.0_121/jre/lib/amd64/libmanagement.so
7f6e61679000-7f6e6167d000 r--s 0009a000 08:01 11143978                   /usr/local/java/jdk1.8.0_121/jre/lib/jsse.jar
7f6e6167d000-7f6e6167f000 r--s 00007000 08:01 34341942                   /root/.gradle/wrapper/dists/gradle-3.3-all/55gk2rcmfc6p2dg9u9ohc3hw9/gradle-3.3/lib/plugins/gradle-tooling-api-builders-3.3.jar
7f6e6167f000-7f6e61682000 r--s 00009000 08:01 34341935                   /root/.gradle/wrapper/dists/gradle-3.3-all/55gk2rcmfc6p2dg9u9ohc3hw9/gradle-3.3/lib/plugins/gradle-testing-native-3.3.jar
7f6e61682000-7f6e61688000 r--s 00033000 08:01 34342010                   /root/.gradle/wrapper/dists/gradle-3.3-all/55gk2rcmfc6p2dg9u9ohc3hw9/gradle-3.3/lib/plugins/snakeyaml-1.6.jar
7f6e61688000-7f6e6168a000 r--s 00006000 08:01 34342009                   /root/.gradle/wrapper/dists/gradle-3.3-all/55gk2rcmfc6p2dg9u9ohc3hw9/gradle-3.3/lib/plugins/jcommander-1.12.jar
7f6e6168a000-7f6e6168f000 r--s 00040000 08:01 34342008                   /root/.gradle/wrapper/dists/gradle-3.3-all/55gk2rcmfc6p2dg9u9ohc3hw9/gradle-3.3/lib/plugins/bsh-2.0b4.jar
7f6e6168f000-7f6e61691000 r--s 00009000 08:01 34342016                   /root/.gradle/wrapper/dists/gradle-3.3-all/55gk2rcmfc6p2dg9u9ohc3hw9/gradle-3.3/lib/plugins/hamcrest-core-1.3.jar
7f6e61691000-7f6e6169a000 r--s 00089000 08:01 34341967                   /root/.gradle/wrapper/dists/gradle-3.3-all/55gk2rcmfc6p2dg9u9ohc3hw9/gradle-3.3/lib/plugins/testng-6.3.1.jar
7f6e6169a000-7f6e616a2000 r--s 00045000 08:01 34341966                   /root/.gradle/wrapper/dists/gradle-3.3-all/55gk2rcmfc6p2dg9u9ohc3hw9/gradle-3.3/lib/plugins/junit-4.12.jar
7f6e616a2000-7f6e616a8000 r--s 0002e000 08:01 34341936                   /root/.gradle/wrapper/dists/gradle-3.3-all/55gk2rcmfc6p2dg9u9ohc3hw9/gradle-3.3/lib/plugins/gradle-testing-jvm-3.3.jar
7f6e616a8000-7f6e616ac000 r--s 00016000 08:01 34341934                   /root/.gradle/wrapper/dists/gradle-3.3-all/55gk2rcmfc6p2dg9u9ohc3hw9/gradle-3.3/lib/plugins/gradle-testing-base-3.3.jar
7f6e616ac000-7f6e616b3000 r--s 00038000 08:01 34341961                   /root/.gradle/wrapper/dists/gradle-3.3-all/55gk2rcmfc6p2dg9u9ohc3hw9/gradle-3.3/lib/plugins/bcpg-jdk15on-1.51.jar
7f6e616b3000-7f6e616b5000 r--s 0000c000 08:01 34341913                   /root/.gradle/wrapper/dists/gradle-3.3-all/55gk2rcmfc6p2dg9u9ohc3hw9/gradle-3.3/lib/plugins/gradle-signing-3.3.jar
7f6e616b5000-7f6e616b7000 r--s 00007000 08:01 34341912                   /root/.gradle/wrapper/dists/gradle-3.3-all/55gk2rcmfc6p2dg9u9ohc3hw9/gradle-3.3/lib/plugins/gradle-scala-3.3.jar
7f6e616b7000-7f6e616b8000 r--s 00004000 08:01 34341940                   /root/.gradle/wrapper/dists/gradle-3.3-all/55gk2rcmfc6p2dg9u9ohc3hw9/gradle-3.3/lib/plugins/gradle-resources-sftp-3.3.jar
7f6e616b8000-7f6e616c8000 r--s 00088000 08:01 34341977                   /root/.gradle/wrapper/dists/gradle-3.3-all/55gk2rcmfc6p2dg9u9ohc3hw9/gradle-3.3/lib/plugins/joda-time-2.8.2.jar
7f6e616c8000-7f6e616d9000 r--s 0010d000 08:01 34341976                   /root/.gradle/wrapper/dists/gradle-3.3-all/55gk2rcmfc6p2dg9u9ohc3hw9/gradle-3.3/lib/plugins/jackson-databind-2.6.6.jar
7f6e616d9000-7f6e616dc000 r--s 00009000 08:01 34341975                   /root/.gradle/wrapper/dists/gradle-3.3-all/55gk2rcmfc6p2dg9u9ohc3hw9/gradle-3.3/lib/plugins/jackson-annotations-2.6.6.jar
7f6e616dc000-7f6e616e0000 r--s 0003c000 08:01 34341974                   /root/.gradle/wrapper/dists/gradle-3.3-all/55gk2rcmfc6p2dg9u9ohc3hw9/gradle-3.3/lib/plugins/jackson-core-2.6.6.jar
7f6e616e0000-7f6e616ee000 r--s 00087000 08:01 34341973                   /root/.gradle/wrapper/dists/gradle-3.3-all/55gk2rcmfc6p2dg9u9ohc3hw9/gradle-3.3/lib/plugins/aws-java-sdk-core-1.11.6.jar
7f6e616ee000-7f6e616f5000 r--s 00057000 08:01 34341972                   /root/.gradle/wrapper/dists/gradle-3.3-all/55gk2rcmfc6p2dg9u9ohc3hw9/gradle-3.3/lib/plugins/aws-java-sdk-kms-1.11.6.jar
7f6e616f5000-7f6e61702000 r--s 0008e000 08:01 34341971                   /root/.gradle/wrapper/dists/gradle-3.3-all/55gk2rcmfc6p2dg9u9ohc3hw9/gradle-3.3/lib/plugins/aws-java-sdk-s3-1.11.6.jar
7f6e61702000-7f6e61704000 r--s 00004000 08:01 34341941                   /root/.gradle/wrapper/dists/gradle-3.3-all/55gk2rcmfc6p2dg9u9ohc3hw9/gradle-3.3/lib/plugins/gradle-resources-s3-3.3.jar
7f6e61704000-7f6e61706000 r--s 00005000 08:01 34341965                   /root/.gradle/wrapper/dists/gradle-3.3-all/55gk2rcmfc6p2dg9u9ohc3hw9/gradle-3.3/lib/plugins/jatl-0.2.2.jar
7f6e61706000-7f6e61708000 r--s 0000f000 08:01 34341918                   /root/.gradle/wrapper/dists/gradle-3.3-all/55gk2rcmfc6p2dg9u9ohc3hw9/gradle-3.3/lib/plugins/gradle-reporting-3.3.jar
7f6e61708000-7f6e6170a000 r--s 00002000 08:01 34341919                   /root/.gradle/wrapper/dists/gradle-3.3-all/55gk2rcmfc6p2dg9u9ohc3hw9/gradle-3.3/lib/plugins/gradle-publish-3.3.jar
7f6e6170a000-7f6e6170c000 r--s 00009000 08:01 34341948                   /root/.gradle/wrapper/dists/gradle-3.3-all/55gk2rcmfc6p2dg9u9ohc3hw9/gradle-3.3/lib/plugins/commons-cli-1.2.jar
7f6e6170c000-7f6e61712000 r--s 00031000 08:01 34341904                   /root/.gradle/wrapper/dists/gradle-3.3-all/55gk2rcmfc6p2dg9u9ohc3hw9/gradle-3.3/lib/plugins/gradle-plugins-3.3.jar
7f6e61712000-7f6e61714000 r--s 00009000 08:01 34341937                   /root/.gradle/wrapper/dists/gradle-3.3-all/55gk2rcmfc6p2dg9u9ohc3hw9/gradle-3.3/lib/plugins/gradle-plugin-development-3.3.jar
7f6e61714000-7f6e6171a000 r--s 0002b000 08:01 34341930                   /root/.gradle/wrapper/dists/gradle-3.3-all/55gk2rcmfc6p2dg9u9ohc3hw9/gradle-3.3/lib/plugins/gradle-platform-play-3.3.jar
7f6e6171a000-7f6e61728000 r--s 00055000 08:01 34341929                   /root/.gradle/wrapper/dists/gradle-3.3-all/55gk2rcmfc6p2dg9u9ohc3hw9/gradle-3.3/lib/plugins/gradle-platform-native-3.3.jar
7f6e61728000-7f6e6172d000 r--s 0001f000 08:01 34341924                   /root/.gradle/wrapper/dists/gradle-3.3-all/55gk2rcmfc6p2dg9u9ohc3hw9/gradle-3.3/lib/plugins/gradle-platform-jvm-3.3.jar
7f6e6172d000-7f6e61735000 r--s 00027000 08:01 34341923                   /root/.gradle/wrapper/dists/gradle-3.3-all/55gk2rcmfc6p2dg9u9ohc3hw9/gradle-3.3/lib/plugins/gradle-platform-base-3.3.jar
7f6e61735000-7f6e6175d000 r--s 0021c000 08:01 34341956                   /root/.gradle/wrapper/dists/gradle-3.3-all/55gk2rcmfc6p2dg9u9ohc3hw9/gradle-3.3/lib/plugins/biz.aQute.bndlib-3.2.0.jar
7f6e6175d000-7f6e6175f000 r--s 00003000 08:01 34341908                   /root/.gradle/wrapper/dists/gradle-3.3-all/55gk2rcmfc6p2dg9u9ohc3hw9/gradle-3.3/lib/plugins/gradle-osgi-3.3.jar
7f6e6175f000-7f6e61762000 r--s 0000c000 08:01 34341959                   /root/.gradle/wrapper/dists/gradle-3.3-all/55gk2rcmfc6p2dg9u9ohc3hw9/gradle-3.3/lib/plugins/pmaven-groovy-0.8-20100325.jar
7f6e61762000-7f6e61763000 r--s 00004000 08:01 34341958                   /root/.gradle/wrapper/dists/gradle-3.3-all/55gk2rcmfc6p2dg9u9ohc3hw9/gradle-3.3/lib/plugins/pmaven-common-0.8-20100325.jar
7f6e61763000-7f6e61769000 r--s 00023000 08:01 34341909                   /root/.gradle/wrapper/dists/gradle-3.3-all/55gk2rcmfc6p2dg9u9ohc3hw9/gradle-3.3/lib/plugins/gradle-maven-3.3.jar
7f6e61769000-7f6e6176c000 r--s 0000b000 08:01 34341928                   /root/.gradle/wrapper/dists/gradle-3.3-all/55gk2rcmfc6p2dg9u9ohc3hw9/gradle-3.3/lib/plugins/gradle-language-scala-3.3.jar
7f6e6176c000-7f6e61772000 r--s 0001a000 08:01 34341932                   /root/.gradle/wrapper/dists/gradle-3.3-all/55gk2rcmfc6p2dg9u9ohc3hw9/gradle-3.3/lib/plugins/gradle-language-native-3.3.jar
7f6e61772000-7f6e61775000 r--s 00005000 08:01 34341925                   /root/.gradle/wrapper/dists/gradle-3.3-all/55gk2rcmfc6p2dg9u9ohc3hw9/gradle-3.3/lib/plugins/gradle-language-jvm-3.3.jar
7f6e61775000-7f6e6177b000 r--s 00027000 08:01 34341926                   /root/.gradle/wrapper/dists/gradle-3.3-all/55gk2rcmfc6p2dg9u9ohc3hw9/gradle-3.3/lib/plugins/gradle-language-java-3.3.jar
7f6e6177b000-7f6e6177d000 r--s 0000a000 08:01 34341927                   /root/.gradle/wrapper/dists/gradle-3.3-all/55gk2rcmfc6p2dg9u9ohc3hw9/gradle-3.3/lib/plugins/gradle-language-groovy-3.3.jar
7f6e6177d000-7f6e61780000 r--s 0001e000 08:01 34341983                   /root/.gradle/wrapper/dists/gradle-3.3-all/55gk2rcmfc6p2dg9u9ohc3hw9/gradle-3.3/lib/plugins/jsp-api-2.1-6.1.14.jar
7f6e61780000-7f6e617a3000 r--s 00344000 08:01 34341982                   /root/.gradle/wrapper/dists/gradle-3.3-all/55gk2rcmfc6p2dg9u9ohc3hw9/gradle-3.3/lib/plugins/core-3.1.1.jar
7f6e617a3000-7f6e617a4000 r--s 00006000 08:01 34341981                   /root/.gradle/wrapper/dists/gradle-3.3-all/55gk2rcmfc6p2dg9u9ohc3hw9/gradle-3.3/lib/plugins/jetty-naming-6.1.26.jar
7f6e617a4000-7f6e617a5000 r--s 00002000 08:01 34341955                   /root/.gradle/wrapper/dists/gradle-3.3-all/55gk2rcmfc6p2dg9u9ohc3hw9/gradle-3.3/lib/plugins/geronimo-annotation_1.0_spec-1.0.jar
7f6e617a5000-7f6e617a7000 r--s 00002000 08:01 34341954                   /root/.gradle/wrapper/dists/gradle-3.3-all/55gk2rcmfc6p2dg9u9ohc3hw9/gradle-3.3/lib/plugins/jetty-annotations-6.1.26.jar
7f6e617a7000-7f6e617b8000 r--s 000ea000 08:01 34341953                   /root/.gradle/wrapper/dists/gradle-3.3-all/55gk2rcmfc6p2dg9u9ohc3hw9/gradle-3.3/lib/plugins/jsp-2.1-6.1.14.jar
7f6e617b8000-7f6e617ba000 r--s 0000d000 08:01 34341952                   /root/.gradle/wrapper/dists/gradle-3.3-all/55gk2rcmfc6p2dg9u9ohc3hw9/gradle-3.3/lib/plugins/jetty-plus-6.1.26.jar
7f6e617ba000-7f6e617bc000 r--s 0001f000 08:01 34341951                   /root/.gradle/wrapper/dists/gradle-3.3-all/55gk2rcmfc6p2dg9u9ohc3hw9/gradle-3.3/lib/plugins/servlet-api-2.5-20081211.jar
7f6e617bc000-7f6e617c0000 r--s 00028000 08:01 34341950                   /root/.gradle/wrapper/dists/gradle-3.3-all/55gk2rcmfc6p2dg9u9ohc3hw9/gradle-3.3/lib/plugins/jetty-util-6.1.26.jar
7f6e617c0000-7f6e617c7000 r--s 0007d000 08:01 34341949                   /root/.gradle/wrapper/dists/gradle-3.3-all/55gk2rcmfc6p2dg9u9ohc3hw9/gradle-3.3/lib/plugins/jetty-6.1.26.jar
7f6e617c7000-7f6e617c9000 r--s 0000a000 08:01 34341906                   /root/.gradle/wrapper/dists/gradle-3.3-all/55gk2rcmfc6p2dg9u9ohc3hw9/gradle-3.3/lib/plugins/gradle-jetty-3.3.jar
7f6e617c9000-7f6e617d0000 r--s 00035000 08:01 34341964                   /root/.gradle/wrapper/dists/gradle-3.3-all/55gk2rcmfc6p2dg9u9ohc3hw9/gradle-3.3/lib/plugins/simple-4.1.21.jar
7f6e617d0000-7f6e617dc000 r--s 00100000 08:01 34341962                   /root/.gradle/wrapper/dists/gradle-3.3-all/55gk2rcmfc6p2dg9u9ohc3hw9/gradle-3.3/lib/plugins/rhino-1.7R3.jar
7f6e617dc000-7f6e617e0000 r--s 00012000 08:01 34341915                   /root/.gradle/wrapper/dists/gradle-3.3-all/55gk2rcmfc6p2dg9u9ohc3hw9/gradle-3.3/lib/plugins/gradle-javascript-3.3.jar
7f6e617e0000-7f6e617e2000 r--s 0000d000 08:01 34341921                   /root/.gradle/wrapper/dists/gradle-3.3-all/55gk2rcmfc6p2dg9u9ohc3hw9/gradle-3.3/lib/plugins/gradle-jacoco-3.3.jar
7f6e617e2000-7f6e617e5000 r--s 0000e000 08:01 34341920                   /root/.gradle/wrapper/dists/gradle-3.3-all/55gk2rcmfc6p2dg9u9ohc3hw9/gradle-3.3/lib/plugins/gradle-ivy-3.3.jar
7f6e617e5000-7f6e617e6000 r--s 00002000 08:01 34341931                   /root/.gradle/wrapper/dists/gradle-3.3-all/55gk2rcmfc6p2dg9u9ohc3hw9/gradle-3.3/lib/plugins/gradle-ide-play-3.3.jar
7f6e617e6000-7f6e617e9000 r--s 00013000 08:01 34341933                   /root/.gradle/wrapper/dists/gradle-3.3-all/55gk2rcmfc6p2dg9u9ohc3hw9/gradle-3.3/lib/plugins/gradle-ide-native-3.3.jar
7f6e617e9000-7f6e617f2000 r--s 00055000 08:01 34341910                   /root/.gradle/wrapper/dists/gradle-3.3-all/55gk2rcmfc6p2dg9u9ohc3hw9/gradle-3.3/lib/plugins/gradle-ide-3.3.jar
7f6e617f2000-7f6e617f4000 r--s 00007000 08:01 34341914                   /root/.gradle/wrapper/dists/gradle-3.3-all/55gk2rcmfc6p2dg9u9ohc3hw9/gradle-3.3/lib/plugins/gradle-ear-3.3.jar
7f6e617f4000-7f6e617fa000 r--s 00039000 08:01 34341917                   /root/.gradle/wrapper/dists/gradle-3.3-all/55gk2rcmfc6p2dg9u9ohc3hw9/gradle-3.3/lib/plugins/gradle-diagnostics-3.3.jar
7f6e617fa000-7f6e617fb000 r--s 00009000 08:01 34341943                   /root/.gradle/wrapper/dists/gradle-3.3-all/55gk2rcmfc6p2dg9u9ohc3hw9/gradle-3.3/lib/plugins/gradle-composite-builds-3.3.jar
7f6e617fb000-7f6e617ff000 r--s 00023000 08:01 34341905                   /root/.gradle/wrapper/dists/gradle-3.3-all/55gk2rcmfc6p2dg9u9ohc3hw9/gradle-3.3/lib/plugins/gradle-code-quality-3.3.jar
7f6e617ff000-7f6e61803000 r--s 00022000 08:01 34341922                   /root/.gradle/wrapper/dists/gradle-3.3-all/55gk2rcmfc6p2dg9u9ohc3hw9/gradle-3.3/lib/plugins/gradle-build-init-3.3.jar
7f6e61803000-7f6e61809000 r--s 0008e000 08:01 34341916                   /root/.gradle/wrapper/dists/gradle-3.3-all/55gk2rcmfc6p2dg9u9ohc3hw9/gradle-3.3/lib/plugins/gradle-build-comparison-3.3.jar
7f6e61809000-7f6e6180a000 r--s 00001000 08:01 34341944                   /root/.gradle/wrapper/dists/gradle-3.3-all/55gk2rcmfc6p2dg9u9ohc3hw9/gradle-3.3/lib/plugins/gradle-build-cache-http-3.3.jar
7f6e6180a000-7f6e6180c000 r--s 00008000 08:01 34341907                   /root/.gradle/wrapper/dists/gradle-3.3-all/55gk2rcmfc6p2dg9u9ohc3hw9/gradle-3.3/lib/plugins/gradle-antlr-3.3.jar
7f6e6180c000-7f6e6180e000 r--s 00004000 08:01 34341911                   /root/.gradle/wrapper/dists/gradle-3.3-all/55gk2rcmfc6p2dg9u9ohc3hw9/gradle-3.3/lib/plugins/gradle-announce-3.3.jar
7f6e6180e000-7f6e61826000 r--s 00115000 08:01 34342013                   /root/.gradle/wrapper/dists/gradle-3.3-all/55gk2rcmfc6p2dg9u9ohc3hw9/gradle-3.3/lib/plugins/xercesImpl-2.9.1.jar
7f6e61826000-7f6e6182e000 r--s 00028000 08:01 34342014                   /root/.gradle/wrapper/dists/gradle-3.3-all/55gk2rcmfc6p2dg9u9ohc3hw9/gradle-3.3/lib/plugins/xml-apis-1.3.04.jar
7f6e6182e000-7f6e61834000 r--s 0005b000 08:01 34342012                   /root/.gradle/wrapper/dists/gradle-3.3-all/55gk2rcmfc6p2dg9u9ohc3hw9/gradle-3.3/lib/plugins/jcifs-1.3.17.jar
7f6e61834000-7f6e6183a000 r--s 00033000 08:01 34341960                   /root/.gradle/wrapper/dists/gradle-3.3-all/55gk2rcmfc6p2dg9u9ohc3hw9/gradle-3.3/lib/plugins/commons-codec-1.6.jar
7f6e6183a000-7f6e61841000 r--s 00049000 08:01 34342011                   /root/.gradle/wrapper/dists/gradle-3.3-all/55gk2rcmfc6p2dg9u9ohc3hw9/gradle-3.3/lib/plugins/httpcore-4.4.4.jar
7f6e61841000-7f6e61844000 r--s 0001c000 08:01 34341969                   /root/.gradle/wrapper/dists/gradle-3.3-all/55gk2rcmfc6p2dg9u9ohc3hw9/gradle-3.3/lib/plugins/nekohtml-1.9.14.jar
7f6e61844000-7f6e61851000 r--s 000a4000 08:01 34341968                   /root/.gradle/wrapper/dists/gradle-3.3-all/55gk2rcmfc6p2dg9u9ohc3hw9/gradle-3.3/lib/plugins/httpclient-4.4.1.jar
7f6e61851000-7f6e61854000 r--s 0000a000 08:01 34341939                   /root/.gradle/wrapper/dists/gradle-3.3-all/55gk2rcmfc6p2dg9u9ohc3hw9/gradle-3.3/lib/plugins/gradle-resources-http-3.3.jar
7f6e61854000-7f6e61858000 r--s 00015000 08:01 34341938                   /root/.gradle/wrapper/dists/gradle-3.3-all/55gk2rcmfc6p2dg9u9ohc3hw9/gradle-3.3/lib/plugins/gradle-plugin-use-3.3.jar
7f6e61858000-7f6e61859000 r--s 00000000 08:01 34341850                   /root/.gradle/wrapper/dists/gradle-3.3-all/55gk2rcmfc6p2dg9u9ohc3hw9/gradle-3.3/lib/gradle-installation-beacon-3.3.jar
7f6e61859000-7f6e6185b000 r--s 00006000 08:01 34342007                   /root/.gradle/wrapper/dists/gradle-3.3-all/55gk2rcmfc6p2dg9u9ohc3hw9/gradle-3.3/lib/plugins/aether-connector-wagon-1.13.1.jar
7f6e6185b000-7f6e6185f000 r--s 0001c000 08:01 34342006                   /root/.gradle/wrapper/dists/gradle-3.3-all/55gk2rcmfc6p2dg9u9ohc3hw9/gradle-3.3/lib/plugins/aether-util-1.13.1.jar
7f6e6185f000-7f6e61860000 r--s 00003000 08:01 34342005                   /root/.gradle/wrapper/dists/gradle-3.3-all/55gk2rcmfc6p2dg9u9ohc3hw9/gradle-3.3/lib/plugins/aether-spi-1.13.1.jar
7f6e61860000-7f6e61863000 r--s 0001d000 08:01 34342004                   /root/.gradle/wrapper/dists/gradle-3.3-all/55gk2rcmfc6p2dg9u9ohc3hw9/gradle-3.3/lib/plugins/aether-impl-1.13.1.jar
7f6e61863000-7f6e61866000 r--s 00013000 08:01 34342003                   /root/.gradle/wrapper/dists/gradle-3.3-all/55gk2rcmfc6p2dg9u9ohc3hw9/gradle-3.3/lib/plugins/aether-api-1.13.1.jar
7f6e61866000-7f6e61867000 r--s 00007000 08:01 34342002                   /root/.gradle/wrapper/dists/gradle-3.3-all/55gk2rcmfc6p2dg9u9ohc3hw9/gradle-3.3/lib/plugins/wagon-http-shared4-2.4.jar
7f6e61867000-7f6e61869000 r--s 0000b000 08:01 34342001                   /root/.gradle/wrapper/dists/gradle-3.3-all/55gk2rcmfc6p2dg9u9ohc3hw9/gradle-3.3/lib/plugins/wagon-provider-api-2.4.jar
7f6e61869000-7f6e6186a000 r--s 00002000 08:01 34342000                   /root/.gradle/wrapper/dists/gradle-3.3-all/55gk2rcmfc6p2dg9u9ohc3hw9/gradle-3.3/lib/plugins/wagon-http-2.4.jar
7f6e6186a000-7f6e6186b000 r--s 00002000 08:01 34341999                   /root/.gradle/wrapper/dists/gradle-3.3-all/55gk2rcmfc6p2dg9u9ohc3hw9/gradle-3.3/lib/plugins/wagon-file-2.4.jar
7f6e6186b000-7f6e6186d000 r--s 0000c000 08:01 34341998                   /root/.gradle/wrapper/dists/gradle-3.3-all/55gk2rcmfc6p2dg9u9ohc3hw9/gradle-3.3/lib/plugins/maven-aether-provider-3.0.4.jar
7f6e6186d000-7f6e6186f000 r--s 0000b000 08:01 34341997                   /root/.gradle/wrapper/dists/gradle-3.3-all/55gk2rcmfc6p2dg9u9ohc3hw9/gradle-3.3/lib/plugins/maven-plugin-api-3.0.4.jar
7f6e6186f000-7f6e61871000 r--s 00006000 08:01 34341996                   /root/.gradle/wrapper/dists/gradle-3.3-all/55gk2rcmfc6p2dg9u9ohc3hw9/gradle-3.3/lib/plugins/maven-repository-metadata-3.0.4.jar
7f6e61871000-7f6e61873000 r--s 0000b000 08:01 34341995                   /root/.gradle/wrapper/dists/gradle-3.3-all/55gk2rcmfc6p2dg9u9ohc3hw9/gradle-3.3/lib/plugins/maven-artifact-3.0.4.jar
7f6e61873000-7f6e61875000 r--s 00026000 08:01 34341994                   /root/.gradle/wrapper/dists/gradle-3.3-all/55gk2rcmfc6p2dg9u9ohc3hw9/gradle-3.3/lib/plugins/maven-model-3.0.4.jar
7f6e61875000-7f6e61879000 r--s 00021000 08:01 34341993                   /root/.gradle/wrapper/dists/gradle-3.3-all/55gk2rcmfc6p2dg9u9ohc3hw9/gradle-3.3/lib/plugins/maven-model-builder-3.0.4.jar
7f6e61879000-7f6e6187f000 r--s 0003f000 08:01 34341992                   /root/.gradle/wrapper/dists/gradle-3.3-all/55gk2rcmfc6p2dg9u9ohc3hw9/gradle-3.3/lib/plugins/maven-compat-3.0.4.jar
7f6e6187f000-7f6e61880000 r--s 00006000 08:01 34341991                   /root/.gradle/wrapper/dists/gradle-3.3-all/55gk2rcmfc6p2dg9u9ohc3hw9/gradle-3.3/lib/plugins/plexus-sec-dispatcher-1.3.jar
7f6e61880000-7f6e61882000 r--s 00002000 08:01 34341990                   /root/.gradle/wrapper/dists/gradle-3.3-all/55gk2rcmfc6p2dg9u9ohc3hw9/gradle-3.3/lib/plugins/plexus-cipher-1.7.jar
7f6e61882000-7f6e61884000 r--s 0000a000 08:01 34341989                   /root/.gradle/wrapper/dists/gradle-3.3-all/55gk2rcmfc6p2dg9u9ohc3hw9/gradle-3.3/lib/plugins/plexus-classworlds-2.4.jar
7f6e61884000-7f6e6188b000 r--s 0002e000 08:01 34341988                   /root/.gradle/wrapper/dists/gradle-3.3-all/55gk2rcmfc6p2dg9u9ohc3hw9/gradle-3.3/lib/plugins/plexus-container-default-1.5.5.jar
7f6e6188b000-7f6e6188d000 r--s 00000000 08:01 34342015                   /root/.gradle/wrapper/dists/gradle-3.3-all/55gk2rcmfc6p2dg9u9ohc3hw9/gradle-3.3/lib/plugins/plexus-component-annotations-1.5.5.jar
7f6e6188d000-7f6e6188f000 r--s 0000d000 08:01 34341987                   /root/.gradle/wrapper/dists/gradle-3.3-all/55gk2rcmfc6p2dg9u9ohc3hw9/gradle-3.3/lib/plugins/plexus-interpolation-1.14.jar
7f6e6188f000-7f6e61893000 r--s 00033000 08:01 34341986                   /root/.gradle/wrapper/dists/gradle-3.3-all/55gk2rcmfc6p2dg9u9ohc3hw9/gradle-3.3/lib/plugins/plexus-utils-2.0.6.jar
7f6e61893000-7f6e61896000 r--s 00008000 08:01 34341985                   /root/.gradle/wrapper/dists/gradle-3.3-all/55gk2rcmfc6p2dg9u9ohc3hw9/gradle-3.3/lib/plugins/maven-settings-builder-3.0.4.jar
7f6e61896000-7f6e6189b000 r--s 00040000 08:01 34341970                   /root/.gradle/wrapper/dists/gradle-3.3-all/55gk2rcmfc6p2dg9u9ohc3hw9/gradle-3.3/lib/plugins/jsch-0.1.53.jar
7f6e6189b000-7f6e618db000 r--s 00277000 08:01 34341980                   /root/.gradle/wrapper/dists/gradle-3.3-all/55gk2rcmfc6p2dg9u9ohc3hw9/gradle-3.3/lib/plugins/bcprov-jdk15on-1.51.jar
7f6e618db000-7f6e618e7000 r--s 0007d000 08:01 34341957                   /root/.gradle/wrapper/dists/gradle-3.3-all/55gk2rcmfc6p2dg9u9ohc3hw9/gradle-3.3/lib/plugins/maven-core-3.0.4.jar
7f6e618e7000-7f6e61906000 r--s 000f6000 08:01 34341946                   /root/.gradle/wrapper/dists/gradle-3.3-all/55gk2rcmfc6p2dg9u9ohc3hw9/gradle-3.3/lib/plugins/gradle-dependency-management-3.3.jar
7f6e61906000-7f6e6191c000 r-xp 00000000 08:01 4985220                    /lib/x86_64-linux-gnu/libgcc_s.so.1
7f6e6191c000-7f6e61b1b000 ---p 00016000 08:01 4985220                    /lib/x86_64-linux-gnu/libgcc_s.so.1
7f6e61b1b000-7f6e61b1c000 rw-p 00015000 08:01 4985220                    /lib/x86_64-linux-gnu/libgcc_s.so.1
7f6e61b1c000-7f6e61c8e000 r-xp 00000000 08:01 11012225                   /usr/lib/x86_64-linux-gnu/libstdc++.so.6.0.21
7f6e61c8e000-7f6e61e8e000 ---p 00172000 08:01 11012225                   /usr/lib/x86_64-linux-gnu/libstdc++.so.6.0.21
7f6e61e8e000-7f6e61e98000 r--p 00172000 08:01 11012225                   /usr/lib/x86_64-linux-gnu/libstdc++.so.6.0.21
7f6e61e98000-7f6e61e9a000 rw-p 0017c000 08:01 11012225                   /usr/lib/x86_64-linux-gnu/libstdc++.so.6.0.21
7f6e61e9a000-7f6e61e9e000 rw-p 00000000 00:00 0 
7f6e61e9e000-7f6e61ea0000 r--s 0000a000 08:01 34341984                   /root/.gradle/wrapper/dists/gradle-3.3-all/55gk2rcmfc6p2dg9u9ohc3hw9/gradle-3.3/lib/plugins/maven-settings-3.0.4.jar
7f6e61ea0000-7f6e61ea4000 r--s 0001d000 08:01 34341979                   /root/.gradle/wrapper/dists/gradle-3.3-all/55gk2rcmfc6p2dg9u9ohc3hw9/gradle-3.3/lib/plugins/xbean-reflect-3.4.jar
7f6e61ea4000-7f6e61ea9000 r--s 00034000 08:01 34341963                   /root/.gradle/wrapper/dists/gradle-3.3-all/55gk2rcmfc6p2dg9u9ohc3hw9/gradle-3.3/lib/plugins/gson-2.7.jar
7f6e61ea9000-7f6e61eb8000 r--s 000d9000 08:01 34341978                   /root/.gradle/wrapper/dists/gradle-3.3-all/55gk2rcmfc6p2dg9u9ohc3hw9/gradle-3.3/lib/plugins/ivy-2.2.0.jar
7f6e61eb8000-7f6e61eba000 r--s 00005000 08:01 34341945                   /root/.gradle/wrapper/dists/gradle-3.3-all/55gk2rcmfc6p2dg9u9ohc3hw9/gradle-3.3/lib/plugins/gradle-workers-3.3.jar
7f6e61eba000-7f6e61ebf000 r-xp 00000000 08:01 34345271                   /root/.gradle/native/23/linux-amd64/libnative-platform.so
7f6e61ebf000-7f6e620be000 ---p 00005000 08:01 34345271                   /root/.gradle/native/23/linux-amd64/libnative-platform.so
7f6e620be000-7f6e620bf000 rw-p 00004000 08:01 34345271                   /root/.gradle/native/23/linux-amd64/libnative-platform.so
7f6e620bf000-7f6e620d0000 r-xp 00000000 08:01 11144059                   /usr/local/java/jdk1.8.0_121/jre/lib/amd64/libnio.so
7f6e620d0000-7f6e622cf000 ---p 00011000 08:01 11144059                   /usr/local/java/jdk1.8.0_121/jre/lib/amd64/libnio.so
7f6e622cf000-7f6e622d0000 rw-p 00010000 08:01 11144059                   /usr/local/java/jdk1.8.0_121/jre/lib/amd64/libnio.so
7f6e622d0000-7f6e622e6000 r-xp 00000000 08:01 11144034                   /usr/local/java/jdk1.8.0_121/jre/lib/amd64/libnet.so
7f6e622e6000-7f6e624e6000 ---p 00016000 08:01 11144034                   /usr/local/java/jdk1.8.0_121/jre/lib/amd64/libnet.so
7f6e624e6000-7f6e624e7000 rw-p 00016000 08:01 11144034                   /usr/local/java/jdk1.8.0_121/jre/lib/amd64/libnet.so
7f6e624e7000-7f6e624e8000 r--s 00006000 08:01 34341849                   /root/.gradle/wrapper/dists/gradle-3.3-all/55gk2rcmfc6p2dg9u9ohc3hw9/gradle-3.3/lib/gradle-wrapper-3.3.jar
7f6e624e8000-7f6e624f5000 r--s 00041000 08:01 34341856                   /root/.gradle/wrapper/dists/gradle-3.3-all/55gk2rcmfc6p2dg9u9ohc3hw9/gradle-3.3/lib/gradle-tooling-api-3.3.jar
7f6e624f5000-7f6e624f7000 r--s 00002000 08:01 34341876                   /root/.gradle/wrapper/dists/gradle-3.3-all/55gk2rcmfc6p2dg9u9ohc3hw9/gradle-3.3/lib/gradle-open-api-3.3.jar
7f6e624f7000-7f6e624fd000 r--s 00032000 08:01 34341878                   /root/.gradle/wrapper/dists/gradle-3.3-all/55gk2rcmfc6p2dg9u9ohc3hw9/gradle-3.3/lib/jaxen-1.1.jar
7f6e624fd000-7f6e62502000 r--s 00048000 08:01 34341877                   /root/.gradle/wrapper/dists/gradle-3.3-all/55gk2rcmfc6p2dg9u9ohc3hw9/gradle-3.3/lib/dom4j-1.6.1.jar
7f6e62502000-7f6e6250d000 r--s 00059000 08:01 34341855                   /root/.gradle/wrapper/dists/gradle-3.3-all/55gk2rcmfc6p2dg9u9ohc3hw9/gradle-3.3/lib/gradle-ui-3.3.jar
7f6e6250d000-7f6e62516000 r--s 0008c000 08:01 34341847                   /root/.gradle/wrapper/dists/gradle-3.3-all/55gk2rcmfc6p2dg9u9ohc3hw9/gradle-3.3/lib/kotlin-stdlib-1.1-M02.jar
7f6e62516000-7f6e6251c000 r--s 0002a000 08:01 34341846                   /root/.gradle/wrapper/dists/gradle-3.3-all/55gk2rcmfc6p2dg9u9ohc3hw9/gradle-3.3/lib/kotlin-runtime-1.1-M02.jar
7f6e6251c000-7f6e62550000 r--s 00256000 08:01 34341845                   /root/.gradle/wrapper/dists/gradle-3.3-all/55gk2rcmfc6p2dg9u9ohc3hw9/gradle-3.3/lib/kotlin-reflect-1.1-M02.jar
7f6e62550000-7f6e626e6000 r--s 0157e000 08:01 34341844                   /root/.gradle/wrapper/dists/gradle-3.3-all/55gk2rcmfc6p2dg9u9ohc3hw9/gradle-3.3/lib/kotlin-compiler-embeddable-1.1-M02.jar
7f6e626e6000-7f6e626ee000 r--s 0004e000 08:01 34341843                   /root/.gradle/wrapper/dists/gradle-3.3-all/55gk2rcmfc6p2dg9u9ohc3hw9/gradle-3.3/lib/gradle-script-kotlin-0.5.1.jar
7f6e626ee000-7f6e626f1000 r--s 0000b000 08:01 34341874                   /root/.gradle/wrapper/dists/gradle-3.3-all/55gk2rcmfc6p2dg9u9ohc3hw9/gradle-3.3/lib/gradle-resources-3.3.jar
7f6e626f1000-7f6e626f3000 r--s 00003000 08:01 34341883                   /root/.gradle/wrapper/dists/gradle-3.3-all/55gk2rcmfc6p2dg9u9ohc3hw9/gradle-3.3/lib/jcl-over-slf4j-1.7.10.jar
7f6e626f3000-7f6e626f4000 r--s 00005000 08:01 34341882                   /root/.gradle/wrapper/dists/gradle-3.3-all/55gk2rcmfc6p2dg9u9ohc3hw9/gradle-3.3/lib/log4j-over-slf4j-1.7.10.jar
7f6e626f4000-7f6e626f6000 r--s 00000000 08:01 34341881                   /root/.gradle/wrapper/dists/gradle-3.3-all/55gk2rcmfc6p2dg9u9ohc3hw9/gradle-3.3/lib/jul-to-slf4j-1.7.10.jar
7f6e626f6000-7f6e626fb000 r--s 0001e000 08:01 34341858                   /root/.gradle/wrapper/dists/gradle-3.3-all/55gk2rcmfc6p2dg9u9ohc3hw9/gradle-3.3/lib/gradle-logging-3.3.jar
7f6e626fb000-7f6e626fd000 r--s 00007000 08:01 34341902                   /root/.gradle/wrapper/dists/gradle-3.3-all/55gk2rcmfc6p2dg9u9ohc3hw9/gradle-3.3/lib/objenesis-1.2.jar
7f6e626fd000-7f6e626ff000 r--s 00000000 08:01 34341901                   /root/.gradle/wrapper/dists/gradle-3.3-all/55gk2rcmfc6p2dg9u9ohc3hw9/gradle-3.3/lib/minlog-1.2.jar
7f6e626ff000-7f6e62701000 r--s 0000f000 08:01 34341900                   /root/.gradle/wrapper/dists/gradle-3.3-all/55gk2rcmfc6p2dg9u9ohc3hw9/gradle-3.3/lib/reflectasm-1.07-shaded.jar
7f6e62701000-7f6e62705000 r--s 00026000 08:01 34341885                   /root/.gradle/wrapper/dists/gradle-3.3-all/55gk2rcmfc6p2dg9u9ohc3hw9/gradle-3.3/lib/kryo-2.20.jar
7f6e62705000-7f6e6270b000 r--s 00027000 08:01 34341873                   /root/.gradle/wrapper/dists/gradle-3.3-all/55gk2rcmfc6p2dg9u9ohc3hw9/gradle-3.3/lib/gradle-messaging-3.3.jar
7f6e6270b000-7f6e6270c000 r--s 00001000 08:01 34341899                   /root/.gradle/wrapper/dists/gradle-3.3-all/55gk2rcmfc6p2dg9u9ohc3hw9/gradle-3.3/lib/native-platform-linux-i386-ncurses6-0.12.jar
7f6e6270c000-7f6e6270d000 r--s 00001000 08:01 34341898                   /root/.gradle/wrapper/dists/gradle-3.3-all/55gk2rcmfc6p2dg9u9ohc3hw9/gradle-3.3/lib/native-platform-linux-i386-ncurses5-0.12.jar
7f6e6270d000-7f6e6270e000 r--s 00001000 08:01 34341897                   /root/.gradle/wrapper/dists/gradle-3.3-all/55gk2rcmfc6p2dg9u9ohc3hw9/gradle-3.3/lib/native-platform-linux-amd64-ncurses6-0.12.jar
7f6e6270e000-7f6e6270f000 r--s 00001000 08:01 34341896                   /root/.gradle/wrapper/dists/gradle-3.3-all/55gk2rcmfc6p2dg9u9ohc3hw9/gradle-3.3/lib/native-platform-linux-amd64-ncurses5-0.12.jar
7f6e6270f000-7f6e62710000 r--s 0000b000 08:01 34341895                   /root/.gradle/wrapper/dists/gradle-3.3-all/55gk2rcmfc6p2dg9u9ohc3hw9/gradle-3.3/lib/native-platform-windows-i386-0.12.jar
7f6e62710000-7f6e62712000 r--s 0000b000 08:01 34341894                   /root/.gradle/wrapper/dists/gradle-3.3-all/55gk2rcmfc6p2dg9u9ohc3hw9/gradle-3.3/lib/native-platform-windows-amd64-0.12.jar
7f6e62712000-7f6e62714000 r--s 00002000 08:01 34341893                   /root/.gradle/wrapper/dists/gradle-3.3-all/55gk2rcmfc6p2dg9u9ohc3hw9/gradle-3.3/lib/native-platform-osx-i386-0.12.jar
7f6e62714000-7f6e62715000 r--s 00002000 08:01 34341892                   /root/.gradle/wrapper/dists/gradle-3.3-all/55gk2rcmfc6p2dg9u9ohc3hw9/gradle-3.3/lib/native-platform-osx-amd64-0.12.jar
7f6e62715000-7f6e62716000 r--s 00002000 08:01 34341891                   /root/.gradle/wrapper/dists/gradle-3.3-all/55gk2rcmfc6p2dg9u9ohc3hw9/gradle-3.3/lib/native-platform-linux-i386-0.12.jar
7f6e62716000-7f6e62717000 r--s 00002000 08:01 34341890                   /root/.gradle/wrapper/dists/gradle-3.3-all/55gk2rcmfc6p2dg9u9ohc3hw9/gradle-3.3/lib/native-platform-linux-amd64-0.12.jar
7f6e62717000-7f6e62718000 r--s 00003000 08:01 34341889                   /root/.gradle/wrapper/dists/gradle-3.3-all/55gk2rcmfc6p2dg9u9ohc3hw9/gradle-3.3/lib/native-platform-freebsd-i386-libstdcpp-0.12.jar
7f6e62718000-7f6e6271a000 r--s 00003000 08:01 34341887                   /root/.gradle/wrapper/dists/gradle-3.3-all/55gk2rcmfc6p2dg9u9ohc3hw9/gradle-3.3/lib/native-platform-freebsd-amd64-libstdcpp-0.12.jar
7f6e6271a000-7f6e6271e000 r--s 00011000 08:01 34341879                   /root/.gradle/wrapper/dists/gradle-3.3-all/55gk2rcmfc6p2dg9u9ohc3hw9/gradle-3.3/lib/native-platform-0.12.jar
7f6e6271e000-7f6e6278e000 r--s 00641000 08:01 34341863                   /root/.gradle/wrapper/dists/gradle-3.3-all/55gk2rcmfc6p2dg9u9ohc3hw9/gradle-3.3/lib/groovy-all-2.4.7.jar
7f6e6278e000-7f6e627b6000 r--s 001cf000 08:01 34341860                   /root/.gradle/wrapper/dists/gradle-3.3-all/55gk2rcmfc6p2dg9u9ohc3hw9/gradle-3.3/lib/guava-jdk5-17.0.jar
7f6e627b6000-7f6e627d5000 r--s 001d1000 08:01 34341867                   /root/.gradle/wrapper/dists/gradle-3.3-all/55gk2rcmfc6p2dg9u9ohc3hw9/gradle-3.3/lib/ant-1.9.6.jar
7f6e627d5000-7f6e62812000 r--s 001f8000 08:01 34341853                   /root/.gradle/wrapper/dists/gradle-3.3-all/55gk2rcmfc6p2dg9u9ohc3hw9/gradle-3.3/lib/gradle-core-3.3.jar
7f6e62812000-7f6e62813000 ---p 00000000 00:00 0 
7f6e62813000-7f6e62913000 rw-p 00000000 00:00 0 
7f6e62913000-7f6e62916000 ---p 00000000 00:00 0 
7f6e62916000-7f6e62a14000 rw-p 00000000 00:00 0 
7f6e62a14000-7f6e62a17000 ---p 00000000 00:00 0 
7f6e62a17000-7f6e62b15000 rw-p 00000000 00:00 0 
7f6e62b15000-7f6e62b18000 ---p 00000000 00:00 0 
7f6e62b18000-7f6e62c16000 rw-p 00000000 00:00 0 
7f6e62c16000-7f6e62c19000 ---p 00000000 00:00 0 
7f6e62c19000-7f6e62d17000 rw-p 00000000 00:00 0 
7f6e62d17000-7f6e62d1a000 ---p 00000000 00:00 0 
7f6e62d1a000-7f6e62e18000 rw-p 00000000 00:00 0 
7f6e62e18000-7f6e630f1000 r--p 00000000 08:01 11010498                   /usr/lib/locale/locale-archive
7f6e630f1000-7f6e630f4000 ---p 00000000 00:00 0 
7f6e630f4000-7f6e631f2000 rw-p 00000000 00:00 0 
7f6e631f2000-7f6e631f5000 ---p 00000000 00:00 0 
7f6e631f5000-7f6e632f3000 rw-p 00000000 00:00 0 
7f6e632f3000-7f6e632f4000 ---p 00000000 00:00 0 
7f6e632f4000-7f6e64000000 rw-p 00000000 00:00 0 
7f6e64000000-7f6e64021000 rw-p 00000000 00:00 0 
7f6e64021000-7f6e68000000 ---p 00000000 00:00 0 
7f6e68000000-7f6e68003000 r--s 00023000 08:01 34341880                   /root/.gradle/wrapper/dists/gradle-3.3-all/55gk2rcmfc6p2dg9u9ohc3hw9/gradle-3.3/lib/jansi-1.14.jar
7f6e68003000-7f6e68327000 rw-p 00000000 00:00 0 
7f6e68327000-7f6e68500000 r--s 03d3e000 08:01 11144026                   /usr/local/java/jdk1.8.0_121/jre/lib/rt.jar
7f6e68500000-7f6e6c000000 rw-p 00000000 00:00 0 
7f6e6c000000-7f6e6c021000 rw-p 00000000 00:00 0 
7f6e6c021000-7f6e70000000 ---p 00000000 00:00 0 
7f6e70000000-7f6e70021000 rw-p 00000000 00:00 0 
7f6e70021000-7f6e74000000 ---p 00000000 00:00 0 
7f6e74000000-7f6e74021000 rw-p 00000000 00:00 0 
7f6e74021000-7f6e78000000 ---p 00000000 00:00 0 
7f6e78000000-7f6e78001000 r--s 00004000 08:01 34341888                   /root/.gradle/wrapper/dists/gradle-3.3-all/55gk2rcmfc6p2dg9u9ohc3hw9/gradle-3.3/lib/native-platform-freebsd-i386-libcpp-0.12.jar
7f6e78001000-7f6e78004000 r--s 0000a000 08:01 34341857                   /root/.gradle/wrapper/dists/gradle-3.3-all/55gk2rcmfc6p2dg9u9ohc3hw9/gradle-3.3/lib/gradle-native-3.3.jar
7f6e78004000-7f6e78006000 r--s 00005000 08:01 34341854                   /root/.gradle/wrapper/dists/gradle-3.3-all/55gk2rcmfc6p2dg9u9ohc3hw9/gradle-3.3/lib/gradle-cli-3.3.jar
7f6e78006000-7f6e78008000 r--s 00007000 08:01 34341865                   /root/.gradle/wrapper/dists/gradle-3.3-all/55gk2rcmfc6p2dg9u9ohc3hw9/gradle-3.3/lib/gradle-model-groovy-3.3.jar
7f6e78008000-7f6e7800a000 r--s 00006000 08:01 34341872                   /root/.gradle/wrapper/dists/gradle-3.3-all/55gk2rcmfc6p2dg9u9ohc3hw9/gradle-3.3/lib/gradle-base-services-groovy-3.3.jar
7f6e7800a000-7f6e78019000 r--s 0007f000 08:01 34341864                   /root/.gradle/wrapper/dists/gradle-3.3-all/55gk2rcmfc6p2dg9u9ohc3hw9/gradle-3.3/lib/gradle-model-core-3.3.jar
7f6e78019000-7f6e78120000 rw-p 00000000 00:00 0 
7f6e78120000-7f6e78121000 ---p 00000000 00:00 0 
7f6e78121000-7f6e78221000 rw-p 00000000 00:00 0 
7f6e78221000-7f6e78222000 ---p 00000000 00:00 0 
7f6e78222000-7f6e78322000 rw-p 00000000 00:00 0 
7f6e78322000-7f6e78323000 ---p 00000000 00:00 0 
7f6e78323000-7f6e78423000 rw-p 00000000 00:00 0 
7f6e78423000-7f6e78424000 ---p 00000000 00:00 0 
7f6e78424000-7f6e78559000 rw-p 00000000 00:00 0 
7f6e78559000-7f6e78724000 ---p 00000000 00:00 0 
7f6e78724000-7f6e78759000 rw-p 00000000 00:00 0 
7f6e78759000-7f6e78924000 ---p 00000000 00:00 0 
7f6e78924000-7f6e78968000 rw-p 00000000 00:00 0 
7f6e78968000-7f6e78a24000 ---p 00000000 00:00 0 
7f6e78a24000-7f6e78a53000 rw-p 00000000 00:00 0 
7f6e78a53000-7f6e78de5000 ---p 00000000 00:00 0 
7f6e78de5000-7f6e79945000 rwxp 00000000 00:00 0 
7f6e79945000-7f6e87de5000 ---p 00000000 00:00 0 
7f6e87de5000-7f6e87dff000 r-xp 00000000 08:01 11144057                   /usr/local/java/jdk1.8.0_121/jre/lib/amd64/libzip.so
7f6e87dff000-7f6e87fff000 ---p 0001a000 08:01 11144057                   /usr/local/java/jdk1.8.0_121/jre/lib/amd64/libzip.so
7f6e87fff000-7f6e88000000 rw-p 0001a000 08:01 11144057                   /usr/local/java/jdk1.8.0_121/jre/lib/amd64/libzip.so
7f6e88000000-7f6e88d6c000 rw-p 00000000 00:00 0 
7f6e88d6c000-7f6e8c000000 ---p 00000000 00:00 0 
7f6e8c000000-7f6e8c001000 r--s 00004000 08:01 34341886                   /root/.gradle/wrapper/dists/gradle-3.3-all/55gk2rcmfc6p2dg9u9ohc3hw9/gradle-3.3/lib/native-platform-freebsd-amd64-libcpp-0.12.jar
7f6e8c001000-7f6e8c002000 r--s 00002000 08:01 34341875                   /root/.gradle/wrapper/dists/gradle-3.3-all/55gk2rcmfc6p2dg9u9ohc3hw9/gradle-3.3/lib/gradle-docs-3.3.jar
7f6e8c002000-7f6e8c00f000 r--s 00083000 08:01 34341868                   /root/.gradle/wrapper/dists/gradle-3.3-all/55gk2rcmfc6p2dg9u9ohc3hw9/gradle-3.3/lib/commons-collections-3.2.2.jar
7f6e8c00f000-7f6e8c030000 rw-p 00000000 00:00 0 
7f6e8c030000-7f6e8c03b000 r-xp 00000000 08:01 4981284                    /lib/x86_64-linux-gnu/libnss_files-2.23.so
7f6e8c03b000-7f6e8c23a000 ---p 0000b000 08:01 4981284                    /lib/x86_64-linux-gnu/libnss_files-2.23.so
7f6e8c23a000-7f6e8c23b000 r--p 0000a000 08:01 4981284                    /lib/x86_64-linux-gnu/libnss_files-2.23.so
7f6e8c23b000-7f6e8c23c000 rw-p 0000b000 08:01 4981284                    /lib/x86_64-linux-gnu/libnss_files-2.23.so
7f6e8c23c000-7f6e8c242000 rw-p 00000000 00:00 0 
7f6e8c242000-7f6e8c24d000 r-xp 00000000 08:01 4981297                    /lib/x86_64-linux-gnu/libnss_nis-2.23.so
7f6e8c24d000-7f6e8c44c000 ---p 0000b000 08:01 4981297                    /lib/x86_64-linux-gnu/libnss_nis-2.23.so
7f6e8c44c000-7f6e8c44d000 r--p 0000a000 08:01 4981297                    /lib/x86_64-linux-gnu/libnss_nis-2.23.so
7f6e8c44d000-7f6e8c44e000 rw-p 0000b000 08:01 4981297                    /lib/x86_64-linux-gnu/libnss_nis-2.23.so
7f6e8c44e000-7f6e8c464000 r-xp 00000000 08:01 4981104                    /lib/x86_64-linux-gnu/libnsl-2.23.so
7f6e8c464000-7f6e8c663000 ---p 00016000 08:01 4981104                    /lib/x86_64-linux-gnu/libnsl-2.23.so
7f6e8c663000-7f6e8c664000 r--p 00015000 08:01 4981104                    /lib/x86_64-linux-gnu/libnsl-2.23.so
7f6e8c664000-7f6e8c665000 rw-p 00016000 08:01 4981104                    /lib/x86_64-linux-gnu/libnsl-2.23.so
7f6e8c665000-7f6e8c667000 rw-p 00000000 00:00 0 
7f6e8c667000-7f6e8c66f000 r-xp 00000000 08:01 4981312                    /lib/x86_64-linux-gnu/libnss_compat-2.23.so
7f6e8c66f000-7f6e8c86e000 ---p 00008000 08:01 4981312                    /lib/x86_64-linux-gnu/libnss_compat-2.23.so
7f6e8c86e000-7f6e8c86f000 r--p 00007000 08:01 4981312                    /lib/x86_64-linux-gnu/libnss_compat-2.23.so
7f6e8c86f000-7f6e8c870000 rw-p 00008000 08:01 4981312                    /lib/x86_64-linux-gnu/libnss_compat-2.23.so
7f6e8c870000-7f6e8c89b000 r-xp 00000000 08:01 11144613                   /usr/local/java/jdk1.8.0_121/jre/lib/amd64/libjava.so
7f6e8c89b000-7f6e8ca9a000 ---p 0002b000 08:01 11144613                   /usr/local/java/jdk1.8.0_121/jre/lib/amd64/libjava.so
7f6e8ca9a000-7f6e8ca9c000 rw-p 0002a000 08:01 11144613                   /usr/local/java/jdk1.8.0_121/jre/lib/amd64/libjava.so
7f6e8ca9c000-7f6e8caa9000 r-xp 00000000 08:01 11144035                   /usr/local/java/jdk1.8.0_121/jre/lib/amd64/libverify.so
7f6e8caa9000-7f6e8cca8000 ---p 0000d000 08:01 11144035                   /usr/local/java/jdk1.8.0_121/jre/lib/amd64/libverify.so
7f6e8cca8000-7f6e8ccaa000 rw-p 0000c000 08:01 11144035                   /usr/local/java/jdk1.8.0_121/jre/lib/amd64/libverify.so
7f6e8ccaa000-7f6e8ccb1000 r-xp 00000000 08:01 4981304                    /lib/x86_64-linux-gnu/librt-2.23.so
7f6e8ccb1000-7f6e8ceb0000 ---p 00007000 08:01 4981304                    /lib/x86_64-linux-gnu/librt-2.23.so
7f6e8ceb0000-7f6e8ceb1000 r--p 00006000 08:01 4981304                    /lib/x86_64-linux-gnu/librt-2.23.so
7f6e8ceb1000-7f6e8ceb2000 rw-p 00007000 08:01 4981304                    /lib/x86_64-linux-gnu/librt-2.23.so
7f6e8ceb2000-7f6e8cfba000 r-xp 00000000 08:01 4981325                    /lib/x86_64-linux-gnu/libm-2.23.so
7f6e8cfba000-7f6e8d1b9000 ---p 00108000 08:01 4981325                    /lib/x86_64-linux-gnu/libm-2.23.so
7f6e8d1b9000-7f6e8d1ba000 r--p 00107000 08:01 4981325                    /lib/x86_64-linux-gnu/libm-2.23.so
7f6e8d1ba000-7f6e8d1bb000 rw-p 00108000 08:01 4981325                    /lib/x86_64-linux-gnu/libm-2.23.so
7f6e8d1bb000-7f6e8de89000 r-xp 00000000 08:01 11144883                   /usr/local/java/jdk1.8.0_121/jre/lib/amd64/server/libjvm.so
7f6e8de89000-7f6e8e089000 ---p 00cce000 08:01 11144883                   /usr/local/java/jdk1.8.0_121/jre/lib/amd64/server/libjvm.so
7f6e8e089000-7f6e8e162000 rw-p 00cce000 08:01 11144883                   /usr/local/java/jdk1.8.0_121/jre/lib/amd64/server/libjvm.so
7f6e8e162000-7f6e8e1ad000 rw-p 00000000 00:00 0 
7f6e8e1ad000-7f6e8e36d000 r-xp 00000000 08:01 4981335                    /lib/x86_64-linux-gnu/libc-2.23.so
7f6e8e36d000-7f6e8e56d000 ---p 001c0000 08:01 4981335                    /lib/x86_64-linux-gnu/libc-2.23.so
7f6e8e56d000-7f6e8e571000 r--p 001c0000 08:01 4981335                    /lib/x86_64-linux-gnu/libc-2.23.so
7f6e8e571000-7f6e8e573000 rw-p 001c4000 08:01 4981335                    /lib/x86_64-linux-gnu/libc-2.23.so
7f6e8e573000-7f6e8e577000 rw-p 00000000 00:00 0 
7f6e8e577000-7f6e8e57a000 r-xp 00000000 08:01 4981310                    /lib/x86_64-linux-gnu/libdl-2.23.so
7f6e8e57a000-7f6e8e779000 ---p 00003000 08:01 4981310                    /lib/x86_64-linux-gnu/libdl-2.23.so
7f6e8e779000-7f6e8e77a000 r--p 00002000 08:01 4981310                    /lib/x86_64-linux-gnu/libdl-2.23.so
7f6e8e77a000-7f6e8e77b000 rw-p 00003000 08:01 4981310                    /lib/x86_64-linux-gnu/libdl-2.23.so
7f6e8e77b000-7f6e8e790000 r-xp 00000000 08:01 11020813                   /usr/local/java/jdk1.8.0_121/lib/amd64/jli/libjli.so
7f6e8e790000-7f6e8e990000 ---p 00015000 08:01 11020813                   /usr/local/java/jdk1.8.0_121/lib/amd64/jli/libjli.so
7f6e8e990000-7f6e8e991000 rw-p 00015000 08:01 11020813                   /usr/local/java/jdk1.8.0_121/lib/amd64/jli/libjli.so
7f6e8e991000-7f6e8e9a9000 r-xp 00000000 08:01 4981295                    /lib/x86_64-linux-gnu/libpthread-2.23.so
7f6e8e9a9000-7f6e8eba8000 ---p 00018000 08:01 4981295                    /lib/x86_64-linux-gnu/libpthread-2.23.so
7f6e8eba8000-7f6e8eba9000 r--p 00017000 08:01 4981295                    /lib/x86_64-linux-gnu/libpthread-2.23.so
7f6e8eba9000-7f6e8ebaa000 rw-p 00018000 08:01 4981295                    /lib/x86_64-linux-gnu/libpthread-2.23.so
7f6e8ebaa000-7f6e8ebae000 rw-p 00000000 00:00 0 
7f6e8ebae000-7f6e8ebd4000 r-xp 00000000 08:01 4981106                    /lib/x86_64-linux-gnu/ld-2.23.so
7f6e8ebd4000-7f6e8ebd5000 r--s 00000000 08:01 34341871                   /root/.gradle/wrapper/dists/gradle-3.3-all/55gk2rcmfc6p2dg9u9ohc3hw9/gradle-3.3/lib/javax.inject-1.jar
7f6e8ebd5000-7f6e8ebd6000 r--s 00000000 08:01 34341870                   /root/.gradle/wrapper/dists/gradle-3.3-all/55gk2rcmfc6p2dg9u9ohc3hw9/gradle-3.3/lib/jcip-annotations-1.0.jar
7f6e8ebd6000-7f6e8ebda000 r--s 00027000 08:01 34341869                   /root/.gradle/wrapper/dists/gradle-3.3-all/55gk2rcmfc6p2dg9u9ohc3hw9/gradle-3.3/lib/commons-io-2.2.jar
7f6e8ebda000-7f6e8ebdf000 r--s 00038000 08:01 34341866                   /root/.gradle/wrapper/dists/gradle-3.3-all/55gk2rcmfc6p2dg9u9ohc3hw9/gradle-3.3/lib/asm-all-5.1.jar
7f6e8ebdf000-7f6e8ebe0000 r--s 00001000 08:01 34341862                   /root/.gradle/wrapper/dists/gradle-3.3-all/55gk2rcmfc6p2dg9u9ohc3hw9/gradle-3.3/lib/gradle-process-services-3.3.jar
7f6e8ebe0000-7f6e8ebe5000 r--s 00041000 08:01 34341861                   /root/.gradle/wrapper/dists/gradle-3.3-all/55gk2rcmfc6p2dg9u9ohc3hw9/gradle-3.3/lib/commons-lang-2.6.jar
7f6e8ebe5000-7f6e8ebee000 r--s 00042000 08:01 34341851                   /root/.gradle/wrapper/dists/gradle-3.3-all/55gk2rcmfc6p2dg9u9ohc3hw9/gradle-3.3/lib/gradle-base-services-3.3.jar
7f6e8ebee000-7f6e8ecb0000 rw-p 00000000 00:00 0 
7f6e8ecb0000-7f6e8ecb3000 ---p 00000000 00:00 0 
7f6e8ecb3000-7f6e8edb5000 rw-p 00000000 00:00 0 
7f6e8edb5000-7f6e8edb7000 r--s 00000000 08:01 34341852                   /root/.gradle/wrapper/dists/gradle-3.3-all/55gk2rcmfc6p2dg9u9ohc3hw9/gradle-3.3/lib/gradle-jvm-services-3.3.jar
7f6e8edb7000-7f6e8edb8000 r--s 00000000 08:01 34342017                   /root/.gradle/wrapper/dists/gradle-3.3-all/55gk2rcmfc6p2dg9u9ohc3hw9/gradle-3.3/lib/gradle-version-info-3.3.jar
7f6e8edb8000-7f6e8edb9000 r--s 00007000 08:01 34341859                   /root/.gradle/wrapper/dists/gradle-3.3-all/55gk2rcmfc6p2dg9u9ohc3hw9/gradle-3.3/lib/slf4j-api-1.7.10.jar
7f6e8edb9000-7f6e8edba000 r--s 00004000 08:01 34341884                   /root/.gradle/wrapper/dists/gradle-3.3-all/55gk2rcmfc6p2dg9u9ohc3hw9/gradle-3.3/lib/ant-launcher-1.9.6.jar
7f6e8edba000-7f6e8edc7000 r--s 0005c000 08:01 34341848                   /root/.gradle/wrapper/dists/gradle-3.3-all/55gk2rcmfc6p2dg9u9ohc3hw9/gradle-3.3/lib/gradle-launcher-3.3.jar
7f6e8edc7000-7f6e8edcf000 rw-s 00000000 08:01 791074                     /tmp/hsperfdata_root/3244
7f6e8edcf000-7f6e8edd0000 rw-p 00000000 00:00 0 
7f6e8edd0000-7f6e8edd1000 r--p 00000000 00:00 0 
7f6e8edd1000-7f6e8edd3000 rw-p 00000000 00:00 0 
7f6e8edd3000-7f6e8edd4000 r--p 00025000 08:01 4981106                    /lib/x86_64-linux-gnu/ld-2.23.so
7f6e8edd4000-7f6e8edd5000 rw-p 00026000 08:01 4981106                    /lib/x86_64-linux-gnu/ld-2.23.so
7f6e8edd5000-7f6e8edd6000 rw-p 00000000 00:00 0 
7fff71b65000-7fff71b86000 rw-p 00000000 00:00 0                          [stack]
7fff71baa000-7fff71bac000 r--p 00000000 00:00 0                          [vvar]
7fff71bac000-7fff71bae000 r-xp 00000000 00:00 0                          [vdso]
ffffffffff600000-ffffffffff601000 r-xp 00000000 00:00 0                  [vsyscall]

VM Arguments:
jvm_args: -Xmx1536m -Dfile.encoding=UTF-8 -Duser.country=US -Duser.language=en -Duser.variant 
java_command: org.gradle.launcher.daemon.bootstrap.GradleDaemon 3.3
java_class_path (initial): /root/.gradle/wrapper/dists/gradle-3.3-all/55gk2rcmfc6p2dg9u9ohc3hw9/gradle-3.3/lib/gradle-launcher-3.3.jar
Launcher Type: SUN_STANDARD

Environment Variables:
JAVA_HOME=/usr/local/java/jdk1.8.0_121/
PATH=/usr/local/sbin:/usr/local/bin:/usr/sbin:/usr/bin:/sbin:/bin:/snap/bin
USERNAME=root
LD_LIBRARY_PATH=/opt/android-studio/bin:
SHELL=/bin/bash
DISPLAY=:0

Signal Handlers:
SIGSEGV: [libjvm.so+0xac78c0], sa_mask[0]=11111111011111111101111111111110, sa_flags=SA_RESTART|SA_SIGINFO
SIGBUS: [libjvm.so+0xac78c0], sa_mask[0]=11111111011111111101111111111110, sa_flags=SA_RESTART|SA_SIGINFO
SIGFPE: [libjvm.so+0x920ac0], sa_mask[0]=11111111011111111101111111111110, sa_flags=SA_RESTART|SA_SIGINFO
SIGPIPE: [libjvm.so+0x920ac0], sa_mask[0]=11111111011111111101111111111110, sa_flags=SA_RESTART|SA_SIGINFO
SIGXFSZ: [libjvm.so+0x920ac0], sa_mask[0]=11111111011111111101111111111110, sa_flags=SA_RESTART|SA_SIGINFO
SIGILL: [libjvm.so+0x920ac0], sa_mask[0]=11111111011111111101111111111110, sa_flags=SA_RESTART|SA_SIGINFO
SIGUSR1: SIG_DFL, sa_mask[0]=00000000000000000000000000000000, sa_flags=none
SIGUSR2: [libjvm.so+0x922300], sa_mask[0]=00100000000000000000000000000000, sa_flags=SA_RESTART|SA_SIGINFO
SIGHUP: [libjvm.so+0x923700], sa_mask[0]=11111111011111111101111111111110, sa_flags=SA_RESTART|SA_SIGINFO
SIGINT: [libjvm.so+0x923700], sa_mask[0]=11111111011111111101111111111110, sa_flags=SA_RESTART|SA_SIGINFO
SIGTERM: [libjvm.so+0x923700], sa_mask[0]=11111111011111111101111111111110, sa_flags=SA_RESTART|SA_SIGINFO
SIGQUIT: [libjvm.so+0x923700], sa_mask[0]=11111111011111111101111111111110, sa_flags=SA_RESTART|SA_SIGINFO


---------------  S Y S T E M  ---------------

OS:DISTRIB_ID=Ubuntu
DISTRIB_RELEASE=16.04
DISTRIB_CODENAME=xenial
DISTRIB_DESCRIPTION="Ubuntu 16.04.2 LTS"

uname:Linux 4.4.0-87-generic #110-Ubuntu SMP Tue Jul 18 12:55:35 UTC 2017 x86_64
libc:glibc 2.23 NPTL 2.23 
rlimit: STACK 8192k, CORE 0k, NPROC 31512, NOFILE 1048576, AS infinity
load average:2.00 1.90 1.15

/proc/meminfo:
MemTotal:        8107668 kB
MemFree:         2046944 kB
MemAvailable:    3763392 kB
Buffers:          163464 kB
Cached:          2236732 kB
SwapCached:            0 kB
Active:          4115932 kB
Inactive:        1630988 kB
Active(anon):    3359128 kB
Inactive(anon):   511120 kB
Active(file):     756804 kB
Inactive(file):  1119868 kB
Unevictable:          48 kB
Mlocked:              48 kB
SwapTotal:       8319996 kB
SwapFree:        8319996 kB
Dirty:             44820 kB
Writeback:             0 kB
AnonPages:       3346948 kB
Mapped:           651432 kB
Shmem:            523528 kB
Slab:             167708 kB
SReclaimable:     126556 kB
SUnreclaim:        41152 kB
KernelStack:       11232 kB
PageTables:        53132 kB
NFS_Unstable:          0 kB
Bounce:                0 kB
WritebackTmp:          0 kB
CommitLimit:    12373828 kB
Committed_AS:    9317572 kB
VmallocTotal:   34359738367 kB
VmallocUsed:           0 kB
VmallocChunk:          0 kB
HardwareCorrupted:     0 kB
AnonHugePages:   1853440 kB
CmaTotal:              0 kB
CmaFree:               0 kB
HugePages_Total:       0
HugePages_Free:        0
HugePages_Rsvd:        0
HugePages_Surp:        0
Hugepagesize:       2048 kB
DirectMap4k:      144064 kB
DirectMap2M:     6080512 kB
DirectMap1G:     3145728 kB


CPU:total 4 (2 cores per cpu, 2 threads per core) family 6 model 69 stepping 1, cmov, cx8, fxsr, mmx, sse, sse2, sse3, ssse3, sse4.1, sse4.2, popcnt, avx, avx2, aes, clmul, erms, lzcnt, ht, tsc, tscinvbit, bmi1, bmi2

/proc/cpuinfo:
processor	: 0
vendor_id	: GenuineIntel
cpu family	: 6
model		: 69
model name	: Intel(R) Core(TM) i5-4200U CPU @ 1.60GHz
stepping	: 1
microcode	: 0x16
cpu MHz		: 2300.000
cache size	: 3072 KB
physical id	: 0
siblings	: 4
core id		: 0
cpu cores	: 2
apicid		: 0
initial apicid	: 0
fpu		: yes
fpu_exception	: yes
cpuid level	: 13
wp		: yes
flags		: fpu vme de pse tsc msr pae mce cx8 apic sep mtrr pge mca cmov pat pse36 clflush dts acpi mmx fxsr sse sse2 ss ht tm pbe syscall nx pdpe1gb rdtscp lm constant_tsc arch_perfmon pebs bts rep_good nopl xtopology nonstop_tsc aperfmperf eagerfpu pni pclmulqdq dtes64 monitor ds_cpl vmx est tm2 ssse3 sdbg fma cx16 xtpr pdcm pcid sse4_1 sse4_2 movbe popcnt tsc_deadline_timer aes xsave avx f16c rdrand lahf_lm abm epb tpr_shadow vnmi flexpriority ept vpid fsgsbase tsc_adjust bmi1 avx2 smep bmi2 erms invpcid xsaveopt dtherm ida arat pln pts
bugs		:
bogomips	: 4589.33
clflush size	: 64
cache_alignment	: 64
address sizes	: 39 bits physical, 48 bits virtual
power management:

processor	: 1
vendor_id	: GenuineIntel
cpu family	: 6
model		: 69
model name	: Intel(R) Core(TM) i5-4200U CPU @ 1.60GHz
stepping	: 1
microcode	: 0x16
cpu MHz		: 2299.910
cache size	: 3072 KB
physical id	: 0
siblings	: 4
core id		: 0
cpu cores	: 2
apicid		: 1
initial apicid	: 1
fpu		: yes
fpu_exception	: yes
cpuid level	: 13
wp		: yes
flags		: fpu vme de pse tsc msr pae mce cx8 apic sep mtrr pge mca cmov pat pse36 clflush dts acpi mmx fxsr sse sse2 ss ht tm pbe syscall nx pdpe1gb rdtscp lm constant_tsc arch_perfmon pebs bts rep_good nopl xtopology nonstop_tsc aperfmperf eagerfpu pni pclmulqdq dtes64 monitor ds_cpl vmx est tm2 ssse3 sdbg fma cx16 xtpr pdcm pcid sse4_1 sse4_2 movbe popcnt tsc_deadline_timer aes xsave avx f16c rdrand lahf_lm abm epb tpr_shadow vnmi flexpriority ept vpid fsgsbase tsc_adjust bmi1 avx2 smep bmi2 erms invpcid xsaveopt dtherm ida arat pln pts
bugs		:
bogomips	: 4589.33
clflush size	: 64
cache_alignment	: 64
address sizes	: 39 bits physical, 48 bits virtual
power management:

processor	: 2
vendor_id	: GenuineIntel
cpu family	: 6
model		: 69
model name	: Intel(R) Core(TM) i5-4200U CPU @ 1.60GHz
stepping	: 1
microcode	: 0x16
cpu MHz		: 2299.910
cache size	: 3072 KB
physical id	: 0
siblings	: 4
core id		: 1
cpu cores	: 2
apicid		: 2
initial apicid	: 2
fpu		: yes
fpu_exception	: yes
cpuid level	: 13
wp		: yes
flags		: fpu vme de pse tsc msr pae mce cx8 apic sep mtrr pge mca cmov pat pse36 clflush dts acpi mmx fxsr sse sse2 ss ht tm pbe syscall nx pdpe1gb rdtscp lm constant_tsc arch_perfmon pebs bts rep_good nopl xtopology nonstop_tsc aperfmperf eagerfpu pni pclmulqdq dtes64 monitor ds_cpl vmx est tm2 ssse3 sdbg fma cx16 xtpr pdcm pcid sse4_1 sse4_2 movbe popcnt tsc_deadline_timer aes xsave avx f16c rdrand lahf_lm abm epb tpr_shadow vnmi flexpriority ept vpid fsgsbase tsc_adjust bmi1 avx2 smep bmi2 erms invpcid xsaveopt dtherm ida arat pln pts
bugs		:
bogomips	: 4589.33
clflush size	: 64
cache_alignment	: 64
address sizes	: 39 bits physical, 48 bits virtual
power management:

processor	: 3
vendor_id	: GenuineIntel
cpu family	: 6
model		: 69
model name	: Intel(R) Core(TM) i5-4200U CPU @ 1.60GHz
stepping	: 1
microcode	: 0x16
cpu MHz		: 2299.910
cache size	: 3072 KB
physical id	: 0
siblings	: 4
core id		: 1
cpu cores	: 2
apicid		: 3
initial apicid	: 3
fpu		: yes
fpu_exception	: yes
cpuid level	: 13
wp		: yes
flags		: fpu vme de pse tsc msr pae mce cx8 apic sep mtrr pge mca cmov pat pse36 clflush dts acpi mmx fxsr sse sse2 ss ht tm pbe syscall nx pdpe1gb rdtscp lm constant_tsc arch_perfmon pebs bts rep_good nopl xtopology nonstop_tsc aperfmperf eagerfpu pni pclmulqdq dtes64 monitor ds_cpl vmx est tm2 ssse3 sdbg fma cx16 xtpr pdcm pcid sse4_1 sse4_2 movbe popcnt tsc_deadline_timer aes xsave avx f16c rdrand lahf_lm abm epb tpr_shadow vnmi flexpriority ept vpid fsgsbase tsc_adjust bmi1 avx2 smep bmi2 erms invpcid xsaveopt dtherm ida arat pln pts
bugs		:
bogomips	: 4589.33
clflush size	: 64
cache_alignment	: 64
address sizes	: 39 bits physical, 48 bits virtual
power management:



Memory: 4k page, physical 8107668k(2046944k free), swap 8319996k(8319996k free)

vm_info: Java HotSpot(TM) 64-Bit Server VM (25.121-b13) for linux-amd64 JRE (1.8.0_121-b13), built on Dec 12 2016 16:36:53 by "java_re" with gcc 4.3.0 20080428 (Red Hat 4.3.0-8)

time: Thu Aug  3 23:41:59 2017
elapsed time: 5 seconds (0d 0h 0m 5s)

