#
# A fatal error has been detected by the Java Runtime Environment:
#
#  SIGSEGV (0xb) at pc=0x0000000000000004, pid=3163, tid=0x00007ff494d26700
#
# JRE version: Java(TM) SE Runtime Environment (8.0_121-b13) (build 1.8.0_121-b13)
# Java VM: Java HotSpot(TM) 64-Bit Server VM (25.121-b13 mixed mode linux-amd64 compressed oops)
# Problematic frame:
# C  0x0000000000000004
#
# Failed to write core dump. Core dumps have been disabled. To enable core dumping, try "ulimit -c unlimited" before starting Java again
#
# If you would like to submit a bug report, please visit:
#   http://bugreport.java.com/bugreport/crash.jsp
#

---------------  T H R E A D  ---------------

Current thread (0x00007ff4a40bc000):  JavaThread "C2 CompilerThread1" daemon [_thread_in_native, id=3176, stack(0x00007ff494c26000,0x00007ff494d27000)]

siginfo: si_signo: 11 (SIGSEGV), si_code: 1 (SEGV_MAPERR), si_addr: 0x0000000000000004

Registers:
RAX=0x00007ff471aad998, RBX=0x00007ff471aadef0, RCX=0x00000000bbb77363, RDX=0x00000000fbb77363
RSP=0x00007ff494d227b8, RBP=0x00007ff494d22820, RSI=0x0000000040000000, RDI=0x00007ff471aadef0
R8 =0x0000000000000000, R9 =0x00000000000000f3, R10=0x0000000000000001, R11=0x00007ff4ac598980
R12=0x00007ff494d228a0, R13=0x00007ff471aac498, R14=0x00000000ffffffff, R15=0x00007ff494d240a0
RIP=0x0000000000000004, EFLAGS=0x0000000000010246, CSGSFS=0x0000000000000033, ERR=0x0000000000000014
  TRAPNO=0x000000000000000e

Top of Stack: (sp=0x00007ff494d227b8)
0x00007ff494d227b8:   00007ff4ac8bb358 00007ff494d22820
0x00007ff494d227c8:   00007ff494d227d0 0000067c0000005d
0x00007ff494d227d8:   0000000000000000 00007ff400000007
0x00007ff494d227e8:   00007ff4704cbe00 00007ff43f7ff972
0x00007ff494d227f8:   00007ff4a401bed0 00007ff494d228a0
0x00007ff494d22808:   00007ff494d240a0 00007ff494d240f8
0x00007ff494d22818:   00007ff4a401bed0 00007ff494d22910
0x00007ff494d22828:   00007ff4ac8be7ff 00007ff400000008
0x00007ff494d22838:   00007ff471a2b110 00007ff471a31a20
0x00007ff494d22848:   00007ff471a330f8 000000000007c018
0x00007ff494d22858:   00007ff4716594c8 00007ff4716553d8
0x00007ff494d22868:   0000000000000002 00007ff494d228c0
0x00007ff494d22878:   00007ff494d228c0 00007ff494d22910
0x00007ff494d22888:   00007ff4ac8bc380 00007ff494d22910
0x00007ff494d22898:   00007ff494d240a0 00007ff4ad244710
0x00007ff494d228a8:   00007ff4a401bed0 0000000100000040
0x00007ff494d228b8:   00007ff4704cf1e0 00007ff400000040
0x00007ff494d228c8:   00007ff4a401bed0 00007ff471a2fcb0
0x00007ff494d228d8:   0000000000000000 00007ff494d22940
0x00007ff494d228e8:   00007ff494d240a0 00007ff494d235d0
0x00007ff494d228f8:   00007ff494d22940 00007ff494d240a0
0x00007ff494d22908:   00007ff4ad2621a0 00007ff494d22930
0x00007ff494d22918:   00007ff4ac8bed5a 00007ff494d240a0
0x00007ff494d22928:   00007ff494d24e00 00007ff494d24160
0x00007ff494d22938:   00007ff4ac77b07d 00007ff4ad23bc10
0x00007ff494d22948:   0000000000000006 00007ff494d24e00
0x00007ff494d22958:   00007ff4a401bed0 00007ff4a401bed0
0x00007ff494d22968:   0000000000001000 00007ff4650d73d0
0x00007ff494d22978:   0000000000000000 00007ff4a401bed0
0x00007ff494d22988:   0000000000001000 00007ff464134e20
0x00007ff494d22998:   0000000000000000 0000000000000000
0x00007ff494d229a8:   0000000000000000 0000000000000000 

Instructions: (pc=0x0000000000000004)
0xffffffffffffffe4:   

Register to memory mapping:

RAX=0x00007ff471aad998 is an unknown value
RBX=0x00007ff471aadef0 is an unknown value
RCX=0x00000000bbb77363 is an unallocated location in the heap
RDX=0x00000000fbb77363 is an unallocated location in the heap
RSP=0x00007ff494d227b8 is pointing into the stack for thread: 0x00007ff4a40bc000
RBP=0x00007ff494d22820 is pointing into the stack for thread: 0x00007ff4a40bc000
RSI=0x0000000040000000 is an unknown value
RDI=0x00007ff471aadef0 is an unknown value
R8 =0x0000000000000000 is an unknown value
R9 =0x00000000000000f3 is an unknown value
R10=0x0000000000000001 is an unknown value
R11=0x00007ff4ac598980: <offset 0x2c0980> in /usr/local/java/jdk1.8.0_121/jre/lib/amd64/server/libjvm.so at 0x00007ff4ac2d8000
R12=0x00007ff494d228a0 is pointing into the stack for thread: 0x00007ff4a40bc000
R13=0x00007ff471aac498 is an unknown value
R14=0x00000000ffffffff is an unallocated location in the heap
R15=0x00007ff494d240a0 is pointing into the stack for thread: 0x00007ff4a40bc000


Stack: [0x00007ff494c26000,0x00007ff494d27000],  sp=0x00007ff494d227b8,  free space=1009k
Native frames: (J=compiled Java code, j=interpreted, Vv=VM code, C=native code)
C  0x0000000000000004
V  [libjvm.so+0x5e67ff]  PhaseCFG::global_code_motion()+0xef
V  [libjvm.so+0x5e6d5a]  PhaseCFG::do_global_code_motion()+0x4a
V  [libjvm.so+0x4a307d]  Compile::Code_Gen()+0x1fd
V  [libjvm.so+0x4a5961]  Compile::Compile(ciEnv*, C2Compiler*, ciMethod*, int, bool, bool, bool)+0x14b1
V  [libjvm.so+0x3f2615]  C2Compiler::compile_method(ciEnv*, ciMethod*, int)+0x1f5
V  [libjvm.so+0x4afeaa]  CompileBroker::invoke_compiler_on_method(CompileTask*)+0xc9a
V  [libjvm.so+0x4b0e56]  CompileBroker::compiler_thread_loop()+0x5d6
V  [libjvm.so+0xa75543]  JavaThread::thread_main_inner()+0x103
V  [libjvm.so+0xa7568c]  JavaThread::run()+0x11c
V  [libjvm.so+0x926268]  java_start(Thread*)+0x108
C  [libpthread.so.0+0x76ba]  start_thread+0xca


Current CompileTask:
C2:  14643 4382       4       com.sun.org.apache.xerces.internal.parsers.XIncludeAwareParserConfiguration::getFeatureState (40 bytes)


---------------  P R O C E S S  ---------------

Java Threads: ( => current thread )
  0x00007ff43c367800 JavaThread "pool-2-thread-1" [_thread_blocked, id=3198, stack(0x00007ff4520e0000,0x00007ff4521e1000)]
  0x00007ff43c704000 JavaThread "process reaper" daemon [_thread_blocked, id=3197, stack(0x00007ff453237000,0x00007ff453270000)]
  0x00007ff43c3bd800 JavaThread "File lock request listener" [_thread_in_native, id=3195, stack(0x00007ff4532f9000,0x00007ff4533fa000)]
  0x00007ff43c009800 JavaThread "Stdin handler" [_thread_blocked, id=3194, stack(0x00007ff4535fa000,0x00007ff4536fb000)]
  0x00007ff43c00c800 JavaThread "Asynchronous log dispatcher for DefaultDaemonConnection: socket connection from /127.0.0.1:46099 to /127.0.0.1:60096" [_thread_blocked, id=3193, stack(0x00007ff4536fb000,0x00007ff4537fc000)]
  0x00007ff44c009000 JavaThread "Daemon worker" [_thread_in_Java, id=3190, stack(0x00007ff4537fc000,0x00007ff4538fd000)]
  0x00007ff44c007000 JavaThread "Cancel handler" [_thread_blocked, id=3189, stack(0x00007ff4538fd000,0x00007ff4539fe000)]
  0x00007ff44c003800 JavaThread "Handler for socket connection from /127.0.0.1:46099 to /127.0.0.1:60096" [_thread_in_native, id=3188, stack(0x00007ff453bfe000,0x00007ff453cff000)]
  0x00007ff458016000 JavaThread "Daemon" [_thread_blocked, id=3187, stack(0x00007ff453cff000,0x00007ff453e00000)]
  0x00007ff4a4c80000 JavaThread "Incoming local TCP Connector on port 46099" [_thread_in_native, id=3186, stack(0x00007ff48008a000,0x00007ff48018b000)]
  0x00007ff4a4c39000 JavaThread "pool-1-thread-1" [_thread_blocked, id=3185, stack(0x00007ff48018b000,0x00007ff48028c000)]
  0x00007ff4a40cb000 JavaThread "Service Thread" daemon [_thread_blocked, id=3178, stack(0x00007ff494a24000,0x00007ff494b25000)]
  0x00007ff4a40be000 JavaThread "C1 CompilerThread2" daemon [_thread_in_native, id=3177, stack(0x00007ff494b25000,0x00007ff494c26000)]
=>0x00007ff4a40bc000 JavaThread "C2 CompilerThread1" daemon [_thread_in_native, id=3176, stack(0x00007ff494c26000,0x00007ff494d27000)]
  0x00007ff4a40b9000 JavaThread "C2 CompilerThread0" daemon [_thread_in_vm, id=3175, stack(0x00007ff4a8037000,0x00007ff4a8138000)]
  0x00007ff4a40b8000 JavaThread "Signal Dispatcher" daemon [_thread_blocked, id=3174, stack(0x00007ff4a8138000,0x00007ff4a8239000)]
  0x00007ff4a4084000 JavaThread "Finalizer" daemon [_thread_blocked, id=3173, stack(0x00007ff4a8239000,0x00007ff4a833a000)]
  0x00007ff4a407f800 JavaThread "Reference Handler" daemon [_thread_blocked, id=3172, stack(0x00007ff4a833a000,0x00007ff4a843b000)]
  0x00007ff4a400a000 JavaThread "main" [_thread_blocked, id=3166, stack(0x00007ff4addcc000,0x00007ff4adecd000)]

Other Threads:
  0x00007ff4a4077800 VMThread [stack: 0x00007ff4a843b000,0x00007ff4a853c000] [id=3171]
  0x00007ff4a40de000 WatcherThread [stack: 0x00007ff494923000,0x00007ff494a24000] [id=3179]

VM state:not at safepoint (normal execution)

VM Mutex/Monitor currently owned by a thread: None

Heap:
 PSYoungGen      total 96768K, used 53124K [0x00000000e0000000, 0x00000000e6d00000, 0x0000000100000000)
  eden space 89088K, 51% used [0x00000000e0000000,0x00000000e2c7f9b8,0x00000000e5700000)
  from space 7680K, 98% used [0x00000000e6580000,0x00000000e6ce1738,0x00000000e6d00000)
  to   space 11264K, 0% used [0x00000000e5700000,0x00000000e5700000,0x00000000e6200000)
 ParOldGen       total 93696K, used 15262K [0x00000000a0000000, 0x00000000a5b80000, 0x00000000e0000000)
  object space 93696K, 16% used [0x00000000a0000000,0x00000000a0ee7850,0x00000000a5b80000)
 Metaspace       used 42767K, capacity 43738K, committed 43864K, reserved 1087488K
  class space    used 5903K, capacity 6149K, committed 6272K, reserved 1048576K

Card table byte_map: [0x00007ff4aa871000,0x00007ff4aab72000] byte_map_base: 0x00007ff4aa371000

Marking Bits: (ParMarkBitMap*) 0x00007ff4ad29cc80
 Begin Bits: [0x00007ff481000000, 0x00007ff482800000)
 End Bits:   [0x00007ff482800000, 0x00007ff484000000)

Polling page: 0x00007ff4adeec000

CodeCache: size=245760Kb used=15178Kb max_used=15195Kb free=230581Kb
 bounds [0x00007ff495000000, 0x00007ff495ef0000, 0x00007ff4a4000000]
 total_blobs=4867 nmethods=4139 adapters=640
 compilation: enabled

Compilation events (10 events):
Event: 14.625 Thread 0x00007ff4a40be000 4412       3       com.sun.org.apache.xerces.internal.util.AugmentationsImpl::getItem (9 bytes)
Event: 14.625 Thread 0x00007ff4a40be000 nmethod 4412 0x00007ff495ed3790 code [0x00007ff495ed3900, 0x00007ff495ed3b28]
Event: 14.625 Thread 0x00007ff4a40be000 4413   !   3       sun.misc.URLClassPath::check (123 bytes)
Event: 14.626 Thread 0x00007ff4a40be000 nmethod 4413 0x00007ff495ed3bd0 code [0x00007ff495ed3e60, 0x00007ff495ed52e8]
Event: 14.627 Thread 0x00007ff4a40be000 4414       3       com.google.common.collect.Hashing::smear (13 bytes)
Event: 14.627 Thread 0x00007ff4a40be000 nmethod 4414 0x00007ff495ed5ad0 code [0x00007ff495ed5c40, 0x00007ff495ed5df0]
Event: 14.627 Thread 0x00007ff4a40be000 4415       3       sun.nio.cs.UTF_8$Encoder::isLegalReplacement (26 bytes)
Event: 14.627 Thread 0x00007ff4a40be000 nmethod 4415 0x00007ff495ed5e90 code [0x00007ff495ed6000, 0x00007ff495ed6288]
Event: 14.627 Thread 0x00007ff4a40be000 4416       3       sun.nio.cs.UTF_8$Encoder::implReplaceWith (8 bytes)
Event: 14.627 Thread 0x00007ff4a40be000 nmethod 4416 0x00007ff495ed6350 code [0x00007ff495ed64c0, 0x00007ff495ed6630]

GC Heap History (10 events):
Event: 9.736 GC heap before
{Heap before GC invocations=8 (full 1):
 PSYoungGen      total 56832K, used 52560K [0x00000000e0000000, 0x00000000e4180000, 0x0000000100000000)
  eden space 46592K, 100% used [0x00000000e0000000,0x00000000e2d80000,0x00000000e2d80000)
  from space 10240K, 58% used [0x00000000e3780000,0x00000000e3d543c0,0x00000000e4180000)
  to   space 10240K, 0% used [0x00000000e2d80000,0x00000000e2d80000,0x00000000e3780000)
 ParOldGen       total 65024K, used 9427K [0x00000000a0000000, 0x00000000a3f80000, 0x00000000e0000000)
  object space 65024K, 14% used [0x00000000a0000000,0x00000000a0934c70,0x00000000a3f80000)
 Metaspace       used 29437K, capacity 30026K, committed 30208K, reserved 1075200K
  class space    used 4137K, capacity 4285K, committed 4352K, reserved 1048576K
Event: 9.748 GC heap after
Heap after GC invocations=8 (full 1):
 PSYoungGen      total 56832K, used 6586K [0x00000000e0000000, 0x00000000e5700000, 0x0000000100000000)
  eden space 46592K, 0% used [0x00000000e0000000,0x00000000e0000000,0x00000000e2d80000)
  from space 10240K, 64% used [0x00000000e2d80000,0x00000000e33eeb30,0x00000000e3780000)
  to   space 10240K, 0% used [0x00000000e4d00000,0x00000000e4d00000,0x00000000e5700000)
 ParOldGen       total 65024K, used 9499K [0x00000000a0000000, 0x00000000a3f80000, 0x00000000e0000000)
  object space 65024K, 14% used [0x00000000a0000000,0x00000000a0946c80,0x00000000a3f80000)
 Metaspace       used 29437K, capacity 30026K, committed 30208K, reserved 1075200K
  class space    used 4137K, capacity 4285K, committed 4352K, reserved 1048576K
}
Event: 12.054 GC heap before
{Heap before GC invocations=9 (full 1):
 PSYoungGen      total 56832K, used 53178K [0x00000000e0000000, 0x00000000e5700000, 0x0000000100000000)
  eden space 46592K, 100% used [0x00000000e0000000,0x00000000e2d80000,0x00000000e2d80000)
  from space 10240K, 64% used [0x00000000e2d80000,0x00000000e33eeb30,0x00000000e3780000)
  to   space 10240K, 0% used [0x00000000e4d00000,0x00000000e4d00000,0x00000000e5700000)
 ParOldGen       total 65024K, used 9499K [0x00000000a0000000, 0x00000000a3f80000, 0x00000000e0000000)
  object space 65024K, 14% used [0x00000000a0000000,0x00000000a0946c80,0x00000000a3f80000)
 Metaspace       used 32733K, capacity 33438K, committed 33792K, reserved 1079296K
  class space    used 4547K, capacity 4744K, committed 4864K, reserved 1048576K
Event: 12.065 GC heap after
Heap after GC invocations=9 (full 1):
 PSYoungGen      total 77824K, used 9028K [0x00000000e0000000, 0x00000000e5700000, 0x0000000100000000)
  eden space 67584K, 0% used [0x00000000e0000000,0x00000000e0000000,0x00000000e4200000)
  from space 10240K, 88% used [0x00000000e4d00000,0x00000000e55d11c0,0x00000000e5700000)
  to   space 10752K, 0% used [0x00000000e4200000,0x00000000e4200000,0x00000000e4c80000)
 ParOldGen       total 65024K, used 9507K [0x00000000a0000000, 0x00000000a3f80000, 0x00000000e0000000)
  object space 65024K, 14% used [0x00000000a0000000,0x00000000a0948c80,0x00000000a3f80000)
 Metaspace       used 32733K, capacity 33438K, committed 33792K, reserved 1079296K
  class space    used 4547K, capacity 4744K, committed 4864K, reserved 1048576K
}
Event: 12.389 GC heap before
{Heap before GC invocations=10 (full 1):
 PSYoungGen      total 77824K, used 30818K [0x00000000e0000000, 0x00000000e5700000, 0x0000000100000000)
  eden space 67584K, 32% used [0x00000000e0000000,0x00000000e1547700,0x00000000e4200000)
  from space 10240K, 88% used [0x00000000e4d00000,0x00000000e55d11c0,0x00000000e5700000)
  to   space 10752K, 0% used [0x00000000e4200000,0x00000000e4200000,0x00000000e4c80000)
 ParOldGen       total 65024K, used 9507K [0x00000000a0000000, 0x00000000a3f80000, 0x00000000e0000000)
  object space 65024K, 14% used [0x00000000a0000000,0x00000000a0948c80,0x00000000a3f80000)
 Metaspace       used 34650K, capacity 35382K, committed 35416K, reserved 1079296K
  class space    used 4781K, capacity 4988K, committed 4992K, reserved 1048576K
Event: 12.400 GC heap after
Heap after GC invocations=10 (full 1):
 PSYoungGen      total 78336K, used 8982K [0x00000000e0000000, 0x00000000e7080000, 0x0000000100000000)
  eden space 67584K, 0% used [0x00000000e0000000,0x00000000e0000000,0x00000000e4200000)
  from space 10752K, 83% used [0x00000000e4200000,0x00000000e4ac58f0,0x00000000e4c80000)
  to   space 11264K, 0% used [0x00000000e6580000,0x00000000e6580000,0x00000000e7080000)
 ParOldGen       total 65024K, used 9515K [0x00000000a0000000, 0x00000000a3f80000, 0x00000000e0000000)
  object space 65024K, 14% used [0x00000000a0000000,0x00000000a094ac80,0x00000000a3f80000)
 Metaspace       used 34650K, capacity 35382K, committed 35416K, reserved 1079296K
  class space    used 4781K, capacity 4988K, committed 4992K, reserved 1048576K
}
Event: 12.400 GC heap before
{Heap before GC invocations=11 (full 2):
 PSYoungGen      total 78336K, used 8982K [0x00000000e0000000, 0x00000000e7080000, 0x0000000100000000)
  eden space 67584K, 0% used [0x00000000e0000000,0x00000000e0000000,0x00000000e4200000)
  from space 10752K, 83% used [0x00000000e4200000,0x00000000e4ac58f0,0x00000000e4c80000)
  to   space 11264K, 0% used [0x00000000e6580000,0x00000000e6580000,0x00000000e7080000)
 ParOldGen       total 65024K, used 9515K [0x00000000a0000000, 0x00000000a3f80000, 0x00000000e0000000)
  object space 65024K, 14% used [0x00000000a0000000,0x00000000a094ac80,0x00000000a3f80000)
 Metaspace       used 34650K, capacity 35382K, committed 35416K, reserved 1079296K
  class space    used 4781K, capacity 4988K, committed 4992K, reserved 1048576K
Event: 12.486 GC heap after
Heap after GC invocations=11 (full 2):
 PSYoungGen      total 78336K, used 0K [0x00000000e0000000, 0x00000000e7080000, 0x0000000100000000)
  eden space 67584K, 0% used [0x00000000e0000000,0x00000000e0000000,0x00000000e4200000)
  from space 10752K, 0% used [0x00000000e4200000,0x00000000e4200000,0x00000000e4c80000)
  to   space 11264K, 0% used [0x00000000e6580000,0x00000000e6580000,0x00000000e7080000)
 ParOldGen       total 93696K, used 15254K [0x00000000a0000000, 0x00000000a5b80000, 0x00000000e0000000)
  object space 93696K, 16% used [0x00000000a0000000,0x00000000a0ee5850,0x00000000a5b80000)
 Metaspace       used 34650K, capacity 35382K, committed 35416K, reserved 1079296K
  class space    used 4781K, capacity 4988K, committed 4992K, reserved 1048576K
}
Event: 13.385 GC heap before
{Heap before GC invocations=12 (full 2):
 PSYoungGen      total 78336K, used 67584K [0x00000000e0000000, 0x00000000e7080000, 0x0000000100000000)
  eden space 67584K, 100% used [0x00000000e0000000,0x00000000e4200000,0x00000000e4200000)
  from space 10752K, 0% used [0x00000000e4200000,0x00000000e4200000,0x00000000e4c80000)
  to   space 11264K, 0% used [0x00000000e6580000,0x00000000e6580000,0x00000000e7080000)
 ParOldGen       total 93696K, used 15254K [0x00000000a0000000, 0x00000000a5b80000, 0x00000000e0000000)
  object space 93696K, 16% used [0x00000000a0000000,0x00000000a0ee5850,0x00000000a5b80000)
 Metaspace       used 37861K, capacity 38752K, committed 39000K, reserved 1083392K
  class space    used 5205K, capacity 5436K, committed 5504K, reserved 1048576K
Event: 13.397 GC heap after
Heap after GC invocations=12 (full 2):
 PSYoungGen      total 96768K, used 7557K [0x00000000e0000000, 0x00000000e6d00000, 0x0000000100000000)
  eden space 89088K, 0% used [0x00000000e0000000,0x00000000e0000000,0x00000000e5700000)
  from space 7680K, 98% used [0x00000000e6580000,0x00000000e6ce1738,0x00000000e6d00000)
  to   space 11264K, 0% used [0x00000000e5700000,0x00000000e5700000,0x00000000e6200000)
 ParOldGen       total 93696K, used 15262K [0x00000000a0000000, 0x00000000a5b80000, 0x00000000e0000000)
  object space 93696K, 16% used [0x00000000a0000000,0x00000000a0ee7850,0x00000000a5b80000)
 Metaspace       used 37861K, capacity 38752K, committed 39000K, reserved 1083392K
  class space    used 5205K, capacity 5436K, committed 5504K, reserved 1048576K
}

Deoptimization events (10 events):
Event: 14.296 Thread 0x00007ff44c009000 Uncommon trap: reason=class_check action=maybe_recompile pc=0x00007ff495a64c74 method=com.sun.org.apache.xerces.internal.impl.XMLDocumentFragmentScannerImpl.scanEndElement()I @ 145
Event: 14.297 Thread 0x00007ff44c009000 Uncommon trap: reason=bimorphic action=maybe_recompile pc=0x00007ff495ae911c method=com.sun.org.apache.xerces.internal.impl.XMLEntityManager$RewindableInputStream.read([BII)I @ 89
Event: 14.297 Thread 0x00007ff44c009000 Uncommon trap: reason=unstable_if action=reinterpret pc=0x00007ff49550ca70 method=java.util.WeakHashMap.remove(Ljava/lang/Object;)Ljava/lang/Object; @ 94
Event: 14.321 Thread 0x00007ff44c009000 Uncommon trap: reason=bimorphic action=maybe_recompile pc=0x00007ff495ae911c method=com.sun.org.apache.xerces.internal.impl.XMLEntityManager$RewindableInputStream.read([BII)I @ 89
Event: 14.476 Thread 0x00007ff44c009000 Uncommon trap: reason=unstable_if action=reinterpret pc=0x00007ff495a07810 method=java.lang.CharacterDataLatin1.digit(II)I @ 31
Event: 14.476 Thread 0x00007ff44c009000 Uncommon trap: reason=bimorphic action=maybe_recompile pc=0x00007ff495e4bac0 method=com.sun.org.apache.xerces.internal.impl.XMLDocumentFragmentScannerImpl.scanEndElement()I @ 145
Event: 14.477 Thread 0x00007ff44c009000 Uncommon trap: reason=bimorphic action=maybe_recompile pc=0x00007ff495e4bac0 method=com.sun.org.apache.xerces.internal.impl.XMLDocumentFragmentScannerImpl.scanEndElement()I @ 145
Event: 14.477 Thread 0x00007ff44c009000 Uncommon trap: reason=bimorphic action=maybe_recompile pc=0x00007ff495e4bac0 method=com.sun.org.apache.xerces.internal.impl.XMLDocumentFragmentScannerImpl.scanEndElement()I @ 145
Event: 14.477 Thread 0x00007ff44c009000 Uncommon trap: reason=bimorphic action=maybe_recompile pc=0x00007ff495e4bac0 method=com.sun.org.apache.xerces.internal.impl.XMLDocumentFragmentScannerImpl.scanEndElement()I @ 145
Event: 14.486 Thread 0x00007ff44c009000 Uncommon trap: reason=unstable_if action=reinterpret pc=0x00007ff495963ee8 method=java.lang.CharacterDataLatin1.digit(II)I @ 31

Internal exceptions (10 events):
Event: 13.692 Thread 0x00007ff44c009000 Exception <a 'sun/nio/fs/UnixException'> (0x00000000e10006f0) thrown at [/HUDSON3/workspace/8-2-build-linux-amd64/jdk8u121/8372/hotspot/src/share/vm/prims/jni.cpp, line 709]
Event: 13.692 Thread 0x00007ff44c009000 Exception <a 'sun/nio/fs/UnixException'> (0x00000000e1001d20) thrown at [/HUDSON3/workspace/8-2-build-linux-amd64/jdk8u121/8372/hotspot/src/share/vm/prims/jni.cpp, line 709]
Event: 13.693 Thread 0x00007ff44c009000 Exception <a 'sun/nio/fs/UnixException'> (0x00000000e1003880) thrown at [/HUDSON3/workspace/8-2-build-linux-amd64/jdk8u121/8372/hotspot/src/share/vm/prims/jni.cpp, line 709]
Event: 13.693 Thread 0x00007ff44c009000 Exception <a 'sun/nio/fs/UnixException'> (0x00000000e1004cd0) thrown at [/HUDSON3/workspace/8-2-build-linux-amd64/jdk8u121/8372/hotspot/src/share/vm/prims/jni.cpp, line 709]
Event: 13.693 Thread 0x00007ff44c009000 Exception <a 'sun/nio/fs/UnixException'> (0x00000000e1008e38) thrown at [/HUDSON3/workspace/8-2-build-linux-amd64/jdk8u121/8372/hotspot/src/share/vm/prims/jni.cpp, line 709]
Event: 13.693 Thread 0x00007ff44c009000 Exception <a 'sun/nio/fs/UnixException'> (0x00000000e100a328) thrown at [/HUDSON3/workspace/8-2-build-linux-amd64/jdk8u121/8372/hotspot/src/share/vm/prims/jni.cpp, line 709]
Event: 13.693 Thread 0x00007ff44c009000 Exception <a 'sun/nio/fs/UnixException'> (0x00000000e100cbe8) thrown at [/HUDSON3/workspace/8-2-build-linux-amd64/jdk8u121/8372/hotspot/src/share/vm/prims/jni.cpp, line 709]
Event: 13.694 Thread 0x00007ff44c009000 Exception <a 'sun/nio/fs/UnixException'> (0x00000000e100e028) thrown at [/HUDSON3/workspace/8-2-build-linux-amd64/jdk8u121/8372/hotspot/src/share/vm/prims/jni.cpp, line 709]
Event: 13.755 Thread 0x00007ff44c009000 Exception <a 'java/lang/ClassNotFoundException': com/sun/org/glassfish/hk2/osgiresourcelocator/ServiceLoader> (0x00000000e1062688) thrown at [/HUDSON3/workspace/8-2-build-linux-amd64/jdk8u121/8372/hotspot/src/share/vm/classfile/systemDictionary.cpp, line 
Event: 13.823 Thread 0x00007ff44c009000 Exception <a 'java/lang/NullPointerException'> (0x00000000e10972b0) thrown at [/HUDSON3/workspace/8-2-build-linux-amd64/jdk8u121/8372/hotspot/src/share/vm/interpreter/linkResolver.cpp, line 1280]

Events (10 events):
Event: 14.568 Thread 0x00007ff44c009000 DEOPT PACKING pc=0x00007ff495e77290 sp=0x00007ff4538f8440
Event: 14.568 Thread 0x00007ff44c009000 DEOPT UNPACKING pc=0x00007ff495047633 sp=0x00007ff4538f81a0 mode 0
Event: 14.586 Thread 0x00007ff44c009000 DEOPT PACKING pc=0x00007ff495a08e2a sp=0x00007ff4538f7fe0
Event: 14.586 Thread 0x00007ff44c009000 DEOPT UNPACKING pc=0x00007ff495047633 sp=0x00007ff4538f7d88 mode 0
Event: 14.600 Thread 0x00007ff44c009000 DEOPT PACKING pc=0x00007ff495a08e2a sp=0x00007ff4538f7fe0
Event: 14.601 Thread 0x00007ff44c009000 DEOPT UNPACKING pc=0x00007ff495047633 sp=0x00007ff4538f7d88 mode 0
Event: 14.609 Thread 0x00007ff44c009000 DEOPT PACKING pc=0x00007ff495a08e2a sp=0x00007ff4538f7fe0
Event: 14.609 Thread 0x00007ff44c009000 DEOPT UNPACKING pc=0x00007ff495047633 sp=0x00007ff4538f7d88 mode 0
Event: 14.628 Thread 0x00007ff44c009000 DEOPT PACKING pc=0x00007ff495a08e2a sp=0x00007ff4538f7fe0
Event: 14.628 Thread 0x00007ff44c009000 DEOPT UNPACKING pc=0x00007ff495047633 sp=0x00007ff4538f7d88 mode 0


Dynamic libraries:
00400000-00401000 r-xp 00000000 08:01 11143952                           /usr/local/java/jdk1.8.0_121/bin/java
00600000-00601000 rw-p 00000000 08:01 11143952                           /usr/local/java/jdk1.8.0_121/bin/java
013bb000-013dc000 rw-p 00000000 00:00 0                                  [heap]
a0000000-a5b80000 rw-p 00000000 00:00 0 
a5b80000-e0000000 ---p 00000000 00:00 0 
e0000000-e6d00000 rw-p 00000000 00:00 0 
e6d00000-100000000 ---p 00000000 00:00 0 
100000000-100620000 rw-p 00000000 00:00 0 
100620000-140000000 ---p 00000000 00:00 0 
7ff42c000000-7ff42c021000 rw-p 00000000 00:00 0 
7ff42c021000-7ff430000000 ---p 00000000 00:00 0 
7ff430000000-7ff430021000 rw-p 00000000 00:00 0 
7ff430021000-7ff434000000 ---p 00000000 00:00 0 
7ff434000000-7ff434021000 rw-p 00000000 00:00 0 
7ff434021000-7ff438000000 ---p 00000000 00:00 0 
7ff438000000-7ff438021000 rw-p 00000000 00:00 0 
7ff438021000-7ff43c000000 ---p 00000000 00:00 0 
7ff43c000000-7ff43d05f000 rw-p 00000000 00:00 0 
7ff43d05f000-7ff440000000 ---p 00000000 00:00 0 
7ff440000000-7ff440021000 rw-p 00000000 00:00 0 
7ff440021000-7ff444000000 ---p 00000000 00:00 0 
7ff444000000-7ff444021000 rw-p 00000000 00:00 0 
7ff444021000-7ff448000000 ---p 00000000 00:00 0 
7ff448000000-7ff448021000 rw-p 00000000 00:00 0 
7ff448021000-7ff44c000000 ---p 00000000 00:00 0 
7ff44c000000-7ff44c021000 rw-p 00000000 00:00 0 
7ff44c021000-7ff450000000 ---p 00000000 00:00 0 
7ff4516cd000-7ff45178d000 rw-p 00000000 00:00 0 
7ff45178d000-7ff4518cd000 ---p 00000000 00:00 0 
7ff4518cd000-7ff4518e0000 r--s 00345000 08:01 11146278                   /usr/local/java/jdk1.8.0_121/jre/lib/resources.jar
7ff4518e0000-7ff451ae0000 rw-p 00000000 00:00 0 
7ff451ae0000-7ff451ce0000 rw-p 00000000 00:00 0 
7ff451ce0000-7ff451ee0000 rw-p 00000000 00:00 0 
7ff451ee0000-7ff4520d6000 rw-p 00000000 00:00 0 
7ff4520d6000-7ff4520e0000 ---p 00000000 00:00 0 
7ff4520e0000-7ff4520e3000 ---p 00000000 00:00 0 
7ff4520e3000-7ff4523e1000 rw-p 00000000 00:00 0 
7ff4523e1000-7ff4523e2000 r--s 00001000 08:01 34996890                   /root/.gradle/caches/jars-2/7c4c8dw4bn3s8grc5kz09cv28jy9yn3/annotations-25.3.0.jar
7ff4523e2000-7ff4523ea000 r--s 000a8000 08:01 34996888                   /root/.gradle/caches/jars-2/lp0h431tl0554nh1vx6zomcvteflkp/lombok-ast-0.2.3.jar
7ff4523ea000-7ff4523fe000 r--s 000b4000 08:01 34996886                   /root/.gradle/caches/jars-2/igzbti8te04ygk32hg4q3ljfkkkzmlr/uast-162.2228.14.jar
7ff4523fe000-7ff452400000 r--s 0000d000 08:01 34996884                   /root/.gradle/caches/jars-2/7pwz1bowgakb1eux9ezb56jlturgsyi/commons-codec-1.4.jar
7ff452400000-7ff452402000 r--s 0000d000 08:01 34996882                   /root/.gradle/caches/jars-2/9dj1m0eyooi5qt13735vz8fpkl3cnfy/commons-logging-1.1.1.jar
7ff452402000-7ff452407000 r--s 00028000 08:01 34996880                   /root/.gradle/caches/jars-2/62lv0fe9b3xbqe57f6ljy5upwi7mf6k/httpcore-4.1.jar
7ff452407000-7ff45240b000 r--s 0002f000 08:01 34996878                   /root/.gradle/caches/jars-2/gsg5n52frsvw6sx0swqqe2hwijwdcf0/jimfs-1.1.jar
7ff45240b000-7ff45240c000 r--s 00004000 08:01 34996876                   /root/.gradle/caches/jars-2/lxs252id0979odjrerlctkb26c2vj95/annotations-12.0.jar
7ff45240c000-7ff45240d000 r--s 00004000 08:01 34996874                   /root/.gradle/caches/jars-2/9kn99dr0rulyl67sct1ephwcop56l61/asm-analysis-5.0.4.jar
7ff45240d000-7ff452411000 r--s 00040000 08:01 34996872                   /root/.gradle/caches/jars-2/h4gop7cox40tig0ckkhw1h8hl6tfcwm/lint-api-25.3.0.jar
7ff452411000-7ff452412000 r--s 0000a000 08:01 34996870                   /root/.gradle/caches/jars-2/nwyg9io65lv6jvmwit2wq82xnnxd7ia/kxml2-2.3.0.jar
7ff452412000-7ff452414000 r--s 00005000 08:01 34996868                   /root/.gradle/caches/jars-2/i6hc1uuj8e9ck59slmzdyz78ydn8sr6/httpmime-4.1.jar
7ff452414000-7ff45241c000 r--s 0004e000 08:01 34996866                   /root/.gradle/caches/jars-2/7503wa5irssz0xxahv1xb82p2dl7rr2/httpclient-4.1.1.jar
7ff45241c000-7ff452423000 r--s 00053000 08:01 34996864                   /root/.gradle/caches/jars-2/jgkfvs4eqggj7qsyw1f5d3up57hanj1/commons-compress-1.8.1.jar
7ff452423000-7ff452428000 r--s 0002a000 08:01 34996862                   /root/.gradle/caches/jars-2/je8f027qcr1z1egw08byp1ybxbp9kko/gson-2.2.4.jar
7ff452428000-7ff45242d000 r--s 0002e000 08:01 34996860                   /root/.gradle/caches/jars-2/r6oa1284jnf1g0hjm5fw7l8swldb7ek/repository-25.3.0.jar
7ff45242d000-7ff45242e000 r--s 00005000 08:01 34996858                   /root/.gradle/caches/jars-2/8zf2fyptbgnbanz613fx2c3hoto0539/dvlib-25.3.0.jar
7ff45242e000-7ff452431000 r--s 00012000 08:01 34996856                   /root/.gradle/caches/jars-2/9uh4197qdwnvuono2myyig8xxy6aqcq/layoutlib-api-25.3.0.jar
7ff452431000-7ff452436000 r--s 00058000 08:01 34996854                   /root/.gradle/caches/jars-2/st159835qgxm0l87oqrnhayxos4lc1n/asm-debug-all-5.0.1.jar
7ff452436000-7ff452446000 r--s 000d5000 08:01 34996852                   /root/.gradle/caches/jars-2/qzf32gp9kej4w4hlbabft6tplu74cj3/proguard-base-5.3.2.jar
7ff452446000-7ff452646000 rw-p 00000000 00:00 0 
7ff452646000-7ff452846000 rw-p 00000000 00:00 0 
7ff452846000-7ff452a46000 rw-p 00000000 00:00 0 
7ff452a46000-7ff452c46000 rw-p 00000000 00:00 0 
7ff452c46000-7ff452e46000 rw-p 00000000 00:00 0 
7ff452e46000-7ff453046000 rw-p 00000000 00:00 0 
7ff453046000-7ff45306e000 r--s 001cf000 08:01 34606348                   /root/.gradle/caches/jars-2/87eo0lrvp84r6dbxjq018wy66es2era/guava-jdk5-17.0.jar
7ff45306e000-7ff45307b000 r--s 00041000 08:01 34606346                   /root/.gradle/caches/jars-2/dgtjvv7hz6uw97ja0np1f4qgb2lzw3b/gradle-tooling-api-3.2.jar
7ff45307b000-7ff45307e000 r--s 00033000 08:01 34996850                   /root/.gradle/caches/jars-2/nz9sndmr8b4xbj4xulkaciy5kdbyfiz/juniversalchardet-1.0.3.jar
7ff45307e000-7ff453082000 r--s 0002a000 08:01 34996848                   /root/.gradle/caches/jars-2/krbpn9xjn1qymukyx8cc5l799ty1v3h/commons-io-2.4.jar
7ff453082000-7ff453099000 r--s 00154000 08:01 34996846                   /root/.gradle/caches/jars-2/sfeivjswzitn6n0fnjx3ueszz8gv8o1/antlr4-4.5.3.jar
7ff453099000-7ff45309b000 r--s 00002000 08:01 34996844                   /root/.gradle/caches/jars-2/o6nwvy6at9y5kbpwo6utcclqk98gd99/baseLibrary-2.3.0.jar
7ff45309b000-7ff4530c6000 r--s 001fc000 08:01 34996842                   /root/.gradle/caches/jars-2/nxjrjftly2xksl8o0wqgivu5netfu2x/guava-18.0.jar
7ff4530c6000-7ff4530d9000 r--s 00241000 08:01 34996840                   /root/.gradle/caches/jars-2/9yuekvg4qerfitq3xec0iyckuw3hwaq/ecj-4.6.1.jar
7ff4530d9000-7ff4530e0000 r--s 000d9000 08:01 34996838                   /root/.gradle/caches/jars-2/aprntsq9xd6l685y4wf1lo3ojhypibs/lint-checks-25.3.0.jar
7ff4530e0000-7ff4530e2000 r--s 00006000 08:01 34996836                   /root/.gradle/caches/jars-2/6phgj9ki3jl3p5epzkqoo8pr6kur40b/asm-tree-5.0.4.jar
7ff4530e2000-7ff453115000 r--s 00203000 08:01 34996834                   /root/.gradle/caches/jars-2/hj0bfvxu9cq7hkwmecvp0kg137or3hh/bcprov-jdk15on-1.48.jar
7ff453115000-7ff453123000 r--s 00081000 08:01 34996832                   /root/.gradle/caches/jars-2/4r7xli0tz94y0wfjrdyjxlxar3g1pb9/bcpkix-jdk15on-1.48.jar
7ff453123000-7ff453125000 r--s 00002000 08:01 34996830                   /root/.gradle/caches/jars-2/f32bh5uivuf69ecz2j8hl96ksnqdh7v/javawriter-2.5.0.jar
7ff453125000-7ff453127000 r--s 00004000 08:01 34996828                   /root/.gradle/caches/jars-2/ks5d1mxwh7e42p192ttu3gpechro7qa/tracker-25.3.0.jar
7ff453127000-7ff453128000 r--s 00005000 08:01 34996826                   /root/.gradle/caches/jars-2/fl4kf4ptr1zzfqcvmz0t9nip0r2xra6/shared-25.3.0.jar
7ff453128000-7ff453136000 r--s 00147000 08:01 34996824                   /root/.gradle/caches/jars-2/kzywuljggjlwzg0mn5daqjrl9hrds10/protos-25.3.0.jar
7ff453136000-7ff453137000 r--s 00001000 08:01 34996822                   /root/.gradle/caches/jars-2/9wceqt3rojnwacgoouxh9g9dkoot2zu/jill-api-0.10.0.jar
7ff453137000-7ff453139000 r--s 00003000 08:01 34996820                   /root/.gradle/caches/jars-2/hgjtw817h9ckqrqd7wts8rss79wyf2p/jack-api-0.13.0.jar
7ff453139000-7ff45313f000 r--s 0004a000 08:01 34996818                   /root/.gradle/caches/jars-2/qdr9c88xakd7sne0hmledt9h4qds2q2/ddmlib-25.3.0.jar
7ff45313f000-7ff453142000 r--s 00022000 08:01 34996816                   /root/.gradle/caches/jars-2/fsss09xku4j8m0mtb0gif22hmmgqs7i/manifest-merger-25.3.0.jar
7ff453142000-7ff453145000 r--s 0001c000 08:01 34996814                   /root/.gradle/caches/jars-2/s9s98vc2jrc4cq452s7phwb2ad5xfkn/common-25.3.0.jar
7ff453145000-7ff45314e000 r--s 00089000 08:01 34996812                   /root/.gradle/caches/jars-2/965j22khmkpwdgya5fll5pxt21kiz0y/sdk-common-25.3.0.jar
7ff45314e000-7ff453158000 r--s 00097000 08:01 34996810                   /root/.gradle/caches/jars-2/2t3glk7v5svadzqcbhq0avch2qk6a9k/sdklib-25.3.0.jar
7ff453158000-7ff453159000 r--s 00002000 08:01 34996808                   /root/.gradle/caches/jars-2/q53lj97mtvuhn56k5k0vmpi70ln1194/builder-test-api-2.3.0.jar
7ff453159000-7ff45315c000 r--s 00006000 08:01 34996806                   /root/.gradle/caches/jars-2/217rxmwsloonj42ilq94g16c8qou0uv/builder-model-2.3.0.jar
7ff45315c000-7ff45316b000 r--s 00130000 08:01 34996804                   /root/.gradle/caches/jars-2/cr6zkqpx14lor9zdtmo49qpc7y8r8p4/protobuf-java-3.0.0.jar
7ff45316b000-7ff45316d000 r--s 0000f000 08:01 34996802                   /root/.gradle/caches/jars-2/rvfyugrlu5tbpz51p98og0qsxamjq4k/jopt-simple-4.9.jar
7ff45316d000-7ff453171000 r--s 0001f000 08:01 34996800                   /root/.gradle/caches/jars-2/nq3fzqkrrm37ob61z4iu5qdbh368uat/org.jacoco.report-0.7.5.201505241946.jar
7ff453171000-7ff453175000 r--s 0001d000 08:01 34996798                   /root/.gradle/caches/jars-2/3kxkmcckmk40ron92zhbm0qjo9l4bkl/org.jacoco.core-0.7.5.201505241946.jar
7ff453175000-7ff453177000 r--s 00002000 08:01 34996796                   /root/.gradle/caches/jars-2/m4m0pzb4gmaeh0in5g2xc4bxeuwt828/proguard-gradle-5.3.2.jar
7ff453177000-7ff453179000 r--s 00009000 08:01 34996794                   /root/.gradle/caches/jars-2/ajvcvdu66lc9e3tvvipxtuq48i9bbkc/asm-commons-5.0.4.jar
7ff453179000-7ff45317b000 r--s 0000c000 08:01 34996792                   /root/.gradle/caches/jars-2/1laz1ygmxoc408r7nwqs1q8uk8r236d/asm-5.0.4.jar
7ff45317b000-7ff453180000 r--s 0002c000 08:01 34996790                   /root/.gradle/caches/jars-2/3eyaheco65g859qpfsowjbpqi0jh6mf/compilerCommon-2.3.0.jar
7ff453180000-7ff453181000 r--s 00002000 08:01 34996788                   /root/.gradle/caches/jars-2/31jr90v5p5fkd2jflx4pvapkdf35ezu/gradle-api-2.3.0.jar
7ff453181000-7ff453182000 r--s 00000000 08:01 34996786                   /root/.gradle/caches/jars-2/9alwd0ip1x6at9csjhyhihqra39rks9/transform-api-2.0.0-deprecated-use-gradle-api.jar
7ff453182000-7ff453187000 r--s 0005e000 08:01 34996784                   /root/.gradle/caches/jars-2/ni16dxztl73a86d25hs3on5ncngkbuy/lint-25.3.0.jar
7ff453187000-7ff45319d000 r--s 00163000 08:01 34996782                   /root/.gradle/caches/jars-2/sqf8kc3htrab4fj479mwr3jrji381b7/builder-2.3.0.jar
7ff45319d000-7ff4531bb000 r--s 001cb000 08:01 34996780                   /root/.gradle/caches/jars-2/8qy5a7i3gbr2s4snxdquaath1tjusie/gradle-core-2.3.0.jar
7ff4531bb000-7ff4531bd000 r--s 0000d000 08:01 34996778                   /root/.gradle/caches/jars-2/60bmiis45kdytxtzt10fi483750k8at/gradle-2.3.0.jar
7ff4531bd000-7ff4531c2000 r--s 0007a000 08:01 34996698                   /root/.gradle/caches/jars-2/q5pdl4dnyup86dc2j4432si3lyapuro/gradle-tooling-extension-impl.jar
7ff4531c2000-7ff4531c7000 r--s 00034000 08:01 34996702                   /root/.gradle/caches/jars-2/c74d41v3l7o57dyhdc4xhdfblc3m2cw/gson-2.5.jar
7ff4531c7000-7ff453237000 r--s 00643000 08:01 34996700                   /root/.gradle/caches/jars-2/8cxlnul3q31hn64oaeyb96yvefwfs4h/groovy-all-2.4.6.jar
7ff453237000-7ff45323a000 ---p 00000000 00:00 0 
7ff45323a000-7ff453270000 rw-p 00000000 00:00 0 
7ff453270000-7ff453271000 r--p 00000000 00:00 0 
7ff453271000-7ff453272000 r--s 00000000 08:01 34996626                   /root/.gradle/caches/jars-2/dg22azhabc6tsc1i8xni15giz1bnssh/gradle-appengine-builder-model-0.1.0.jar
7ff453272000-7ff4532af000 r--s 0057a000 08:01 34996624                   /root/.gradle/caches/jars-2/fo77ak4mnuyhc5u9vjmknf4a9d1jvr7/sdk-tools.jar
7ff4532af000-7ff4532b0000 r--s 00002000 08:01 34996622                   /root/.gradle/caches/jars-2/alhyd7g7xhtn0z1hxgxf7267ym5i09w/external-system-rt.jar
7ff4532b0000-7ff4532b2000 r--s 0000a000 08:01 34996620                   /root/.gradle/caches/jars-2/ptk43fz0tdnoik1x8njn96wlo1j4uin/gradle-tooling-extension-api.jar
7ff4532b2000-7ff4532bf000 r--s 0017f000 08:01 34866102                   /root/.gradle/caches/jars-2/jei8kz30gbr6a1wtydijbt6dfeefz5z/velocity.jar
7ff4532bf000-7ff4532f9000 r--s 001e2000 08:01 34735262                   /root/.gradle/caches/jars-2/gsc6q095kyxskeaqm5ejgrya5fy93e4/gradle-core-3.2.jar
7ff4532f9000-7ff4532fc000 ---p 00000000 00:00 0 
7ff4532fc000-7ff4535fa000 rw-p 00000000 00:00 0 
7ff4535fa000-7ff4535fd000 ---p 00000000 00:00 0 
7ff4535fd000-7ff4536fb000 rw-p 00000000 00:00 0 
7ff4536fb000-7ff4536fe000 ---p 00000000 00:00 0 
7ff4536fe000-7ff4537fc000 rw-p 00000000 00:00 0 
7ff4537fc000-7ff4537ff000 ---p 00000000 00:00 0 
7ff4537ff000-7ff4538fd000 rw-p 00000000 00:00 0 
7ff4538fd000-7ff453900000 ---p 00000000 00:00 0 
7ff453900000-7ff453bfe000 rw-p 00000000 00:00 0 
7ff453bfe000-7ff453c01000 ---p 00000000 00:00 0 
7ff453c01000-7ff453cff000 rw-p 00000000 00:00 0 
7ff453cff000-7ff453d02000 ---p 00000000 00:00 0 
7ff453d02000-7ff454000000 rw-p 00000000 00:00 0 
7ff454000000-7ff454021000 rw-p 00000000 00:00 0 
7ff454021000-7ff458000000 ---p 00000000 00:00 0 
7ff458000000-7ff458074000 rw-p 00000000 00:00 0 
7ff458074000-7ff45c000000 ---p 00000000 00:00 0 
7ff45c000000-7ff45c021000 rw-p 00000000 00:00 0 
7ff45c021000-7ff460000000 ---p 00000000 00:00 0 
7ff460000000-7ff460021000 rw-p 00000000 00:00 0 
7ff460021000-7ff464000000 ---p 00000000 00:00 0 
7ff464000000-7ff4663b9000 rw-p 00000000 00:00 0 
7ff4663b9000-7ff468000000 ---p 00000000 00:00 0 
7ff468000000-7ff4689a4000 rw-p 00000000 00:00 0 
7ff4689a4000-7ff46c000000 ---p 00000000 00:00 0 
7ff46c000000-7ff46c021000 rw-p 00000000 00:00 0 
7ff46c021000-7ff470000000 ---p 00000000 00:00 0 
7ff470000000-7ff471dd7000 rw-p 00000000 00:00 0 
7ff471dd7000-7ff474000000 ---p 00000000 00:00 0 
7ff474000000-7ff474021000 rw-p 00000000 00:00 0 
7ff474021000-7ff478000000 ---p 00000000 00:00 0 
7ff478000000-7ff478021000 rw-p 00000000 00:00 0 
7ff478021000-7ff47c000000 ---p 00000000 00:00 0 
7ff47c000000-7ff47c021000 rw-p 00000000 00:00 0 
7ff47c021000-7ff480000000 ---p 00000000 00:00 0 
7ff480000000-7ff480009000 r--s 00041000 08:01 34735260                   /root/.gradle/caches/jars-2/h9tlqcb3hm1v4dc2krttqmly48oj6dn/gradle-base-services-3.2.jar
7ff480009000-7ff480083000 r--s 010f6000 08:01 11020816                   /usr/local/java/jdk1.8.0_121/lib/tools.jar
7ff480083000-7ff48008a000 r--s 00000000 08:01 11274324                   /usr/lib/x86_64-linux-gnu/gconv/gconv-modules.cache
7ff48008a000-7ff48008d000 ---p 00000000 00:00 0 
7ff48008d000-7ff48018b000 rw-p 00000000 00:00 0 
7ff48018b000-7ff48018e000 ---p 00000000 00:00 0 
7ff48018e000-7ff48028c000 rw-p 00000000 00:00 0 
7ff48028c000-7ff480295000 r-xp 00000000 08:01 11144070                   /usr/local/java/jdk1.8.0_121/jre/lib/amd64/libmanagement.so
7ff480295000-7ff480494000 ---p 00009000 08:01 11144070                   /usr/local/java/jdk1.8.0_121/jre/lib/amd64/libmanagement.so
7ff480494000-7ff480495000 rw-p 00008000 08:01 11144070                   /usr/local/java/jdk1.8.0_121/jre/lib/amd64/libmanagement.so
7ff480495000-7ff480499000 r--s 0009a000 08:01 11143978                   /usr/local/java/jdk1.8.0_121/jre/lib/jsse.jar
7ff480499000-7ff48049b000 r--s 00007000 08:01 34341942                   /root/.gradle/wrapper/dists/gradle-3.3-all/55gk2rcmfc6p2dg9u9ohc3hw9/gradle-3.3/lib/plugins/gradle-tooling-api-builders-3.3.jar
7ff48049b000-7ff48049e000 r--s 00009000 08:01 34341935                   /root/.gradle/wrapper/dists/gradle-3.3-all/55gk2rcmfc6p2dg9u9ohc3hw9/gradle-3.3/lib/plugins/gradle-testing-native-3.3.jar
7ff48049e000-7ff4804a4000 r--s 00033000 08:01 34342010                   /root/.gradle/wrapper/dists/gradle-3.3-all/55gk2rcmfc6p2dg9u9ohc3hw9/gradle-3.3/lib/plugins/snakeyaml-1.6.jar
7ff4804a4000-7ff4804a6000 r--s 00006000 08:01 34342009                   /root/.gradle/wrapper/dists/gradle-3.3-all/55gk2rcmfc6p2dg9u9ohc3hw9/gradle-3.3/lib/plugins/jcommander-1.12.jar
7ff4804a6000-7ff4804ab000 r--s 00040000 08:01 34342008                   /root/.gradle/wrapper/dists/gradle-3.3-all/55gk2rcmfc6p2dg9u9ohc3hw9/gradle-3.3/lib/plugins/bsh-2.0b4.jar
7ff4804ab000-7ff4804ad000 r--s 00009000 08:01 34342016                   /root/.gradle/wrapper/dists/gradle-3.3-all/55gk2rcmfc6p2dg9u9ohc3hw9/gradle-3.3/lib/plugins/hamcrest-core-1.3.jar
7ff4804ad000-7ff4804b6000 r--s 00089000 08:01 34341967                   /root/.gradle/wrapper/dists/gradle-3.3-all/55gk2rcmfc6p2dg9u9ohc3hw9/gradle-3.3/lib/plugins/testng-6.3.1.jar
7ff4804b6000-7ff4804be000 r--s 00045000 08:01 34341966                   /root/.gradle/wrapper/dists/gradle-3.3-all/55gk2rcmfc6p2dg9u9ohc3hw9/gradle-3.3/lib/plugins/junit-4.12.jar
7ff4804be000-7ff4804c4000 r--s 0002e000 08:01 34341936                   /root/.gradle/wrapper/dists/gradle-3.3-all/55gk2rcmfc6p2dg9u9ohc3hw9/gradle-3.3/lib/plugins/gradle-testing-jvm-3.3.jar
7ff4804c4000-7ff4804c8000 r--s 00016000 08:01 34341934                   /root/.gradle/wrapper/dists/gradle-3.3-all/55gk2rcmfc6p2dg9u9ohc3hw9/gradle-3.3/lib/plugins/gradle-testing-base-3.3.jar
7ff4804c8000-7ff4804cf000 r--s 00038000 08:01 34341961                   /root/.gradle/wrapper/dists/gradle-3.3-all/55gk2rcmfc6p2dg9u9ohc3hw9/gradle-3.3/lib/plugins/bcpg-jdk15on-1.51.jar
7ff4804cf000-7ff4804d1000 r--s 0000c000 08:01 34341913                   /root/.gradle/wrapper/dists/gradle-3.3-all/55gk2rcmfc6p2dg9u9ohc3hw9/gradle-3.3/lib/plugins/gradle-signing-3.3.jar
7ff4804d1000-7ff4804d3000 r--s 00007000 08:01 34341912                   /root/.gradle/wrapper/dists/gradle-3.3-all/55gk2rcmfc6p2dg9u9ohc3hw9/gradle-3.3/lib/plugins/gradle-scala-3.3.jar
7ff4804d3000-7ff4804d4000 r--s 00004000 08:01 34341940                   /root/.gradle/wrapper/dists/gradle-3.3-all/55gk2rcmfc6p2dg9u9ohc3hw9/gradle-3.3/lib/plugins/gradle-resources-sftp-3.3.jar
7ff4804d4000-7ff4804e4000 r--s 00088000 08:01 34341977                   /root/.gradle/wrapper/dists/gradle-3.3-all/55gk2rcmfc6p2dg9u9ohc3hw9/gradle-3.3/lib/plugins/joda-time-2.8.2.jar
7ff4804e4000-7ff4804f5000 r--s 0010d000 08:01 34341976                   /root/.gradle/wrapper/dists/gradle-3.3-all/55gk2rcmfc6p2dg9u9ohc3hw9/gradle-3.3/lib/plugins/jackson-databind-2.6.6.jar
7ff4804f5000-7ff4804f8000 r--s 00009000 08:01 34341975                   /root/.gradle/wrapper/dists/gradle-3.3-all/55gk2rcmfc6p2dg9u9ohc3hw9/gradle-3.3/lib/plugins/jackson-annotations-2.6.6.jar
7ff4804f8000-7ff4804fc000 r--s 0003c000 08:01 34341974                   /root/.gradle/wrapper/dists/gradle-3.3-all/55gk2rcmfc6p2dg9u9ohc3hw9/gradle-3.3/lib/plugins/jackson-core-2.6.6.jar
7ff4804fc000-7ff48050a000 r--s 00087000 08:01 34341973                   /root/.gradle/wrapper/dists/gradle-3.3-all/55gk2rcmfc6p2dg9u9ohc3hw9/gradle-3.3/lib/plugins/aws-java-sdk-core-1.11.6.jar
7ff48050a000-7ff480511000 r--s 00057000 08:01 34341972                   /root/.gradle/wrapper/dists/gradle-3.3-all/55gk2rcmfc6p2dg9u9ohc3hw9/gradle-3.3/lib/plugins/aws-java-sdk-kms-1.11.6.jar
7ff480511000-7ff48051e000 r--s 0008e000 08:01 34341971                   /root/.gradle/wrapper/dists/gradle-3.3-all/55gk2rcmfc6p2dg9u9ohc3hw9/gradle-3.3/lib/plugins/aws-java-sdk-s3-1.11.6.jar
7ff48051e000-7ff480520000 r--s 00004000 08:01 34341941                   /root/.gradle/wrapper/dists/gradle-3.3-all/55gk2rcmfc6p2dg9u9ohc3hw9/gradle-3.3/lib/plugins/gradle-resources-s3-3.3.jar
7ff480520000-7ff480522000 r--s 00005000 08:01 34341965                   /root/.gradle/wrapper/dists/gradle-3.3-all/55gk2rcmfc6p2dg9u9ohc3hw9/gradle-3.3/lib/plugins/jatl-0.2.2.jar
7ff480522000-7ff480524000 r--s 0000f000 08:01 34341918                   /root/.gradle/wrapper/dists/gradle-3.3-all/55gk2rcmfc6p2dg9u9ohc3hw9/gradle-3.3/lib/plugins/gradle-reporting-3.3.jar
7ff480524000-7ff480526000 r--s 00002000 08:01 34341919                   /root/.gradle/wrapper/dists/gradle-3.3-all/55gk2rcmfc6p2dg9u9ohc3hw9/gradle-3.3/lib/plugins/gradle-publish-3.3.jar
7ff480526000-7ff480528000 r--s 00009000 08:01 34341948                   /root/.gradle/wrapper/dists/gradle-3.3-all/55gk2rcmfc6p2dg9u9ohc3hw9/gradle-3.3/lib/plugins/commons-cli-1.2.jar
7ff480528000-7ff48052e000 r--s 00031000 08:01 34341904                   /root/.gradle/wrapper/dists/gradle-3.3-all/55gk2rcmfc6p2dg9u9ohc3hw9/gradle-3.3/lib/plugins/gradle-plugins-3.3.jar
7ff48052e000-7ff480530000 r--s 00009000 08:01 34341937                   /root/.gradle/wrapper/dists/gradle-3.3-all/55gk2rcmfc6p2dg9u9ohc3hw9/gradle-3.3/lib/plugins/gradle-plugin-development-3.3.jar
7ff480530000-7ff480536000 r--s 0002b000 08:01 34341930                   /root/.gradle/wrapper/dists/gradle-3.3-all/55gk2rcmfc6p2dg9u9ohc3hw9/gradle-3.3/lib/plugins/gradle-platform-play-3.3.jar
7ff480536000-7ff480544000 r--s 00055000 08:01 34341929                   /root/.gradle/wrapper/dists/gradle-3.3-all/55gk2rcmfc6p2dg9u9ohc3hw9/gradle-3.3/lib/plugins/gradle-platform-native-3.3.jar
7ff480544000-7ff480549000 r--s 0001f000 08:01 34341924                   /root/.gradle/wrapper/dists/gradle-3.3-all/55gk2rcmfc6p2dg9u9ohc3hw9/gradle-3.3/lib/plugins/gradle-platform-jvm-3.3.jar
7ff480549000-7ff480551000 r--s 00027000 08:01 34341923                   /root/.gradle/wrapper/dists/gradle-3.3-all/55gk2rcmfc6p2dg9u9ohc3hw9/gradle-3.3/lib/plugins/gradle-platform-base-3.3.jar
7ff480551000-7ff480579000 r--s 0021c000 08:01 34341956                   /root/.gradle/wrapper/dists/gradle-3.3-all/55gk2rcmfc6p2dg9u9ohc3hw9/gradle-3.3/lib/plugins/biz.aQute.bndlib-3.2.0.jar
7ff480579000-7ff48057b000 r--s 00003000 08:01 34341908                   /root/.gradle/wrapper/dists/gradle-3.3-all/55gk2rcmfc6p2dg9u9ohc3hw9/gradle-3.3/lib/plugins/gradle-osgi-3.3.jar
7ff48057b000-7ff48057e000 r--s 0000c000 08:01 34341959                   /root/.gradle/wrapper/dists/gradle-3.3-all/55gk2rcmfc6p2dg9u9ohc3hw9/gradle-3.3/lib/plugins/pmaven-groovy-0.8-20100325.jar
7ff48057e000-7ff48057f000 r--s 00004000 08:01 34341958                   /root/.gradle/wrapper/dists/gradle-3.3-all/55gk2rcmfc6p2dg9u9ohc3hw9/gradle-3.3/lib/plugins/pmaven-common-0.8-20100325.jar
7ff48057f000-7ff480585000 r--s 00023000 08:01 34341909                   /root/.gradle/wrapper/dists/gradle-3.3-all/55gk2rcmfc6p2dg9u9ohc3hw9/gradle-3.3/lib/plugins/gradle-maven-3.3.jar
7ff480585000-7ff480588000 r--s 0000b000 08:01 34341928                   /root/.gradle/wrapper/dists/gradle-3.3-all/55gk2rcmfc6p2dg9u9ohc3hw9/gradle-3.3/lib/plugins/gradle-language-scala-3.3.jar
7ff480588000-7ff48058e000 r--s 0001a000 08:01 34341932                   /root/.gradle/wrapper/dists/gradle-3.3-all/55gk2rcmfc6p2dg9u9ohc3hw9/gradle-3.3/lib/plugins/gradle-language-native-3.3.jar
7ff48058e000-7ff480591000 r--s 00005000 08:01 34341925                   /root/.gradle/wrapper/dists/gradle-3.3-all/55gk2rcmfc6p2dg9u9ohc3hw9/gradle-3.3/lib/plugins/gradle-language-jvm-3.3.jar
7ff480591000-7ff480597000 r--s 00027000 08:01 34341926                   /root/.gradle/wrapper/dists/gradle-3.3-all/55gk2rcmfc6p2dg9u9ohc3hw9/gradle-3.3/lib/plugins/gradle-language-java-3.3.jar
7ff480597000-7ff480599000 r--s 0000a000 08:01 34341927                   /root/.gradle/wrapper/dists/gradle-3.3-all/55gk2rcmfc6p2dg9u9ohc3hw9/gradle-3.3/lib/plugins/gradle-language-groovy-3.3.jar
7ff480599000-7ff48059c000 r--s 0001e000 08:01 34341983                   /root/.gradle/wrapper/dists/gradle-3.3-all/55gk2rcmfc6p2dg9u9ohc3hw9/gradle-3.3/lib/plugins/jsp-api-2.1-6.1.14.jar
7ff48059c000-7ff4805bf000 r--s 00344000 08:01 34341982                   /root/.gradle/wrapper/dists/gradle-3.3-all/55gk2rcmfc6p2dg9u9ohc3hw9/gradle-3.3/lib/plugins/core-3.1.1.jar
7ff4805bf000-7ff4805c0000 r--s 00006000 08:01 34341981                   /root/.gradle/wrapper/dists/gradle-3.3-all/55gk2rcmfc6p2dg9u9ohc3hw9/gradle-3.3/lib/plugins/jetty-naming-6.1.26.jar
7ff4805c0000-7ff4805c1000 r--s 00002000 08:01 34341955                   /root/.gradle/wrapper/dists/gradle-3.3-all/55gk2rcmfc6p2dg9u9ohc3hw9/gradle-3.3/lib/plugins/geronimo-annotation_1.0_spec-1.0.jar
7ff4805c1000-7ff4805c3000 r--s 00002000 08:01 34341954                   /root/.gradle/wrapper/dists/gradle-3.3-all/55gk2rcmfc6p2dg9u9ohc3hw9/gradle-3.3/lib/plugins/jetty-annotations-6.1.26.jar
7ff4805c3000-7ff4805d4000 r--s 000ea000 08:01 34341953                   /root/.gradle/wrapper/dists/gradle-3.3-all/55gk2rcmfc6p2dg9u9ohc3hw9/gradle-3.3/lib/plugins/jsp-2.1-6.1.14.jar
7ff4805d4000-7ff4805d6000 r--s 0000d000 08:01 34341952                   /root/.gradle/wrapper/dists/gradle-3.3-all/55gk2rcmfc6p2dg9u9ohc3hw9/gradle-3.3/lib/plugins/jetty-plus-6.1.26.jar
7ff4805d6000-7ff4805d8000 r--s 0001f000 08:01 34341951                   /root/.gradle/wrapper/dists/gradle-3.3-all/55gk2rcmfc6p2dg9u9ohc3hw9/gradle-3.3/lib/plugins/servlet-api-2.5-20081211.jar
7ff4805d8000-7ff4805dc000 r--s 00028000 08:01 34341950                   /root/.gradle/wrapper/dists/gradle-3.3-all/55gk2rcmfc6p2dg9u9ohc3hw9/gradle-3.3/lib/plugins/jetty-util-6.1.26.jar
7ff4805dc000-7ff4805e3000 r--s 0007d000 08:01 34341949                   /root/.gradle/wrapper/dists/gradle-3.3-all/55gk2rcmfc6p2dg9u9ohc3hw9/gradle-3.3/lib/plugins/jetty-6.1.26.jar
7ff4805e3000-7ff4805e5000 r--s 0000a000 08:01 34341906                   /root/.gradle/wrapper/dists/gradle-3.3-all/55gk2rcmfc6p2dg9u9ohc3hw9/gradle-3.3/lib/plugins/gradle-jetty-3.3.jar
7ff4805e5000-7ff4805ec000 r--s 00035000 08:01 34341964                   /root/.gradle/wrapper/dists/gradle-3.3-all/55gk2rcmfc6p2dg9u9ohc3hw9/gradle-3.3/lib/plugins/simple-4.1.21.jar
7ff4805ec000-7ff4805f8000 r--s 00100000 08:01 34341962                   /root/.gradle/wrapper/dists/gradle-3.3-all/55gk2rcmfc6p2dg9u9ohc3hw9/gradle-3.3/lib/plugins/rhino-1.7R3.jar
7ff4805f8000-7ff4805fc000 r--s 00012000 08:01 34341915                   /root/.gradle/wrapper/dists/gradle-3.3-all/55gk2rcmfc6p2dg9u9ohc3hw9/gradle-3.3/lib/plugins/gradle-javascript-3.3.jar
7ff4805fc000-7ff4805fe000 r--s 0000d000 08:01 34341921                   /root/.gradle/wrapper/dists/gradle-3.3-all/55gk2rcmfc6p2dg9u9ohc3hw9/gradle-3.3/lib/plugins/gradle-jacoco-3.3.jar
7ff4805fe000-7ff480601000 r--s 0000e000 08:01 34341920                   /root/.gradle/wrapper/dists/gradle-3.3-all/55gk2rcmfc6p2dg9u9ohc3hw9/gradle-3.3/lib/plugins/gradle-ivy-3.3.jar
7ff480601000-7ff480602000 r--s 00002000 08:01 34341931                   /root/.gradle/wrapper/dists/gradle-3.3-all/55gk2rcmfc6p2dg9u9ohc3hw9/gradle-3.3/lib/plugins/gradle-ide-play-3.3.jar
7ff480602000-7ff480605000 r--s 00013000 08:01 34341933                   /root/.gradle/wrapper/dists/gradle-3.3-all/55gk2rcmfc6p2dg9u9ohc3hw9/gradle-3.3/lib/plugins/gradle-ide-native-3.3.jar
7ff480605000-7ff48060e000 r--s 00055000 08:01 34341910                   /root/.gradle/wrapper/dists/gradle-3.3-all/55gk2rcmfc6p2dg9u9ohc3hw9/gradle-3.3/lib/plugins/gradle-ide-3.3.jar
7ff48060e000-7ff480610000 r--s 00007000 08:01 34341914                   /root/.gradle/wrapper/dists/gradle-3.3-all/55gk2rcmfc6p2dg9u9ohc3hw9/gradle-3.3/lib/plugins/gradle-ear-3.3.jar
7ff480610000-7ff480616000 r--s 00039000 08:01 34341917                   /root/.gradle/wrapper/dists/gradle-3.3-all/55gk2rcmfc6p2dg9u9ohc3hw9/gradle-3.3/lib/plugins/gradle-diagnostics-3.3.jar
7ff480616000-7ff480617000 r--s 00009000 08:01 34341943                   /root/.gradle/wrapper/dists/gradle-3.3-all/55gk2rcmfc6p2dg9u9ohc3hw9/gradle-3.3/lib/plugins/gradle-composite-builds-3.3.jar
7ff480617000-7ff48061b000 r--s 00023000 08:01 34341905                   /root/.gradle/wrapper/dists/gradle-3.3-all/55gk2rcmfc6p2dg9u9ohc3hw9/gradle-3.3/lib/plugins/gradle-code-quality-3.3.jar
7ff48061b000-7ff48061f000 r--s 00022000 08:01 34341922                   /root/.gradle/wrapper/dists/gradle-3.3-all/55gk2rcmfc6p2dg9u9ohc3hw9/gradle-3.3/lib/plugins/gradle-build-init-3.3.jar
7ff48061f000-7ff480625000 r--s 0008e000 08:01 34341916                   /root/.gradle/wrapper/dists/gradle-3.3-all/55gk2rcmfc6p2dg9u9ohc3hw9/gradle-3.3/lib/plugins/gradle-build-comparison-3.3.jar
7ff480625000-7ff480626000 r--s 00001000 08:01 34341944                   /root/.gradle/wrapper/dists/gradle-3.3-all/55gk2rcmfc6p2dg9u9ohc3hw9/gradle-3.3/lib/plugins/gradle-build-cache-http-3.3.jar
7ff480626000-7ff48063e000 r--s 00115000 08:01 34342013                   /root/.gradle/wrapper/dists/gradle-3.3-all/55gk2rcmfc6p2dg9u9ohc3hw9/gradle-3.3/lib/plugins/xercesImpl-2.9.1.jar
7ff48063e000-7ff480646000 r--s 00028000 08:01 34342014                   /root/.gradle/wrapper/dists/gradle-3.3-all/55gk2rcmfc6p2dg9u9ohc3hw9/gradle-3.3/lib/plugins/xml-apis-1.3.04.jar
7ff480646000-7ff48064c000 r--s 0005b000 08:01 34342012                   /root/.gradle/wrapper/dists/gradle-3.3-all/55gk2rcmfc6p2dg9u9ohc3hw9/gradle-3.3/lib/plugins/jcifs-1.3.17.jar
7ff48064c000-7ff480652000 r--s 00033000 08:01 34341960                   /root/.gradle/wrapper/dists/gradle-3.3-all/55gk2rcmfc6p2dg9u9ohc3hw9/gradle-3.3/lib/plugins/commons-codec-1.6.jar
7ff480652000-7ff480668000 r-xp 00000000 08:01 4985220                    /lib/x86_64-linux-gnu/libgcc_s.so.1
7ff480668000-7ff480867000 ---p 00016000 08:01 4985220                    /lib/x86_64-linux-gnu/libgcc_s.so.1
7ff480867000-7ff480868000 rw-p 00015000 08:01 4985220                    /lib/x86_64-linux-gnu/libgcc_s.so.1
7ff480868000-7ff4809da000 r-xp 00000000 08:01 11012225                   /usr/lib/x86_64-linux-gnu/libstdc++.so.6.0.21
7ff4809da000-7ff480bda000 ---p 00172000 08:01 11012225                   /usr/lib/x86_64-linux-gnu/libstdc++.so.6.0.21
7ff480bda000-7ff480be4000 r--p 00172000 08:01 11012225                   /usr/lib/x86_64-linux-gnu/libstdc++.so.6.0.21
7ff480be4000-7ff480be6000 rw-p 0017c000 08:01 11012225                   /usr/lib/x86_64-linux-gnu/libstdc++.so.6.0.21
7ff480be6000-7ff480bea000 rw-p 00000000 00:00 0 
7ff480bea000-7ff480bef000 r-xp 00000000 08:01 34345271                   /root/.gradle/native/23/linux-amd64/libnative-platform.so
7ff480bef000-7ff480dee000 ---p 00005000 08:01 34345271                   /root/.gradle/native/23/linux-amd64/libnative-platform.so
7ff480dee000-7ff480def000 rw-p 00004000 08:01 34345271                   /root/.gradle/native/23/linux-amd64/libnative-platform.so
7ff480def000-7ff480e00000 r-xp 00000000 08:01 11144059                   /usr/local/java/jdk1.8.0_121/jre/lib/amd64/libnio.so
7ff480e00000-7ff480fff000 ---p 00011000 08:01 11144059                   /usr/local/java/jdk1.8.0_121/jre/lib/amd64/libnio.so
7ff480fff000-7ff481000000 rw-p 00010000 08:01 11144059                   /usr/local/java/jdk1.8.0_121/jre/lib/amd64/libnio.so
7ff481000000-7ff484000000 rw-p 00000000 00:00 0 
7ff484000000-7ff484023000 rw-p 00000000 00:00 0 
7ff484023000-7ff488000000 ---p 00000000 00:00 0 
7ff488000000-7ff488029000 rw-p 00000000 00:00 0 
7ff488029000-7ff48c000000 ---p 00000000 00:00 0 
7ff48c000000-7ff48c021000 rw-p 00000000 00:00 0 
7ff48c021000-7ff490000000 ---p 00000000 00:00 0 
7ff490000000-7ff490021000 rw-p 00000000 00:00 0 
7ff490021000-7ff494000000 ---p 00000000 00:00 0 
7ff494000000-7ff494002000 r--s 00008000 08:01 34341907                   /root/.gradle/wrapper/dists/gradle-3.3-all/55gk2rcmfc6p2dg9u9ohc3hw9/gradle-3.3/lib/plugins/gradle-antlr-3.3.jar
7ff494002000-7ff494004000 r--s 00004000 08:01 34341911                   /root/.gradle/wrapper/dists/gradle-3.3-all/55gk2rcmfc6p2dg9u9ohc3hw9/gradle-3.3/lib/plugins/gradle-announce-3.3.jar
7ff494004000-7ff49400b000 r--s 00049000 08:01 34342011                   /root/.gradle/wrapper/dists/gradle-3.3-all/55gk2rcmfc6p2dg9u9ohc3hw9/gradle-3.3/lib/plugins/httpcore-4.4.4.jar
7ff49400b000-7ff49400e000 r--s 0001c000 08:01 34341969                   /root/.gradle/wrapper/dists/gradle-3.3-all/55gk2rcmfc6p2dg9u9ohc3hw9/gradle-3.3/lib/plugins/nekohtml-1.9.14.jar
7ff49400e000-7ff49401b000 r--s 000a4000 08:01 34341968                   /root/.gradle/wrapper/dists/gradle-3.3-all/55gk2rcmfc6p2dg9u9ohc3hw9/gradle-3.3/lib/plugins/httpclient-4.4.1.jar
7ff49401b000-7ff49401e000 r--s 0000a000 08:01 34341939                   /root/.gradle/wrapper/dists/gradle-3.3-all/55gk2rcmfc6p2dg9u9ohc3hw9/gradle-3.3/lib/plugins/gradle-resources-http-3.3.jar
7ff49401e000-7ff494022000 r--s 00015000 08:01 34341938                   /root/.gradle/wrapper/dists/gradle-3.3-all/55gk2rcmfc6p2dg9u9ohc3hw9/gradle-3.3/lib/plugins/gradle-plugin-use-3.3.jar
7ff494022000-7ff494023000 r--s 00000000 08:01 34341850                   /root/.gradle/wrapper/dists/gradle-3.3-all/55gk2rcmfc6p2dg9u9ohc3hw9/gradle-3.3/lib/gradle-installation-beacon-3.3.jar
7ff494023000-7ff494025000 r--s 00006000 08:01 34342007                   /root/.gradle/wrapper/dists/gradle-3.3-all/55gk2rcmfc6p2dg9u9ohc3hw9/gradle-3.3/lib/plugins/aether-connector-wagon-1.13.1.jar
7ff494025000-7ff494029000 r--s 0001c000 08:01 34342006                   /root/.gradle/wrapper/dists/gradle-3.3-all/55gk2rcmfc6p2dg9u9ohc3hw9/gradle-3.3/lib/plugins/aether-util-1.13.1.jar
7ff494029000-7ff49402a000 r--s 00003000 08:01 34342005                   /root/.gradle/wrapper/dists/gradle-3.3-all/55gk2rcmfc6p2dg9u9ohc3hw9/gradle-3.3/lib/plugins/aether-spi-1.13.1.jar
7ff49402a000-7ff49402d000 r--s 0001d000 08:01 34342004                   /root/.gradle/wrapper/dists/gradle-3.3-all/55gk2rcmfc6p2dg9u9ohc3hw9/gradle-3.3/lib/plugins/aether-impl-1.13.1.jar
7ff49402d000-7ff494030000 r--s 00013000 08:01 34342003                   /root/.gradle/wrapper/dists/gradle-3.3-all/55gk2rcmfc6p2dg9u9ohc3hw9/gradle-3.3/lib/plugins/aether-api-1.13.1.jar
7ff494030000-7ff494031000 r--s 00007000 08:01 34342002                   /root/.gradle/wrapper/dists/gradle-3.3-all/55gk2rcmfc6p2dg9u9ohc3hw9/gradle-3.3/lib/plugins/wagon-http-shared4-2.4.jar
7ff494031000-7ff494033000 r--s 0000b000 08:01 34342001                   /root/.gradle/wrapper/dists/gradle-3.3-all/55gk2rcmfc6p2dg9u9ohc3hw9/gradle-3.3/lib/plugins/wagon-provider-api-2.4.jar
7ff494033000-7ff494034000 r--s 00002000 08:01 34342000                   /root/.gradle/wrapper/dists/gradle-3.3-all/55gk2rcmfc6p2dg9u9ohc3hw9/gradle-3.3/lib/plugins/wagon-http-2.4.jar
7ff494034000-7ff494035000 r--s 00002000 08:01 34341999                   /root/.gradle/wrapper/dists/gradle-3.3-all/55gk2rcmfc6p2dg9u9ohc3hw9/gradle-3.3/lib/plugins/wagon-file-2.4.jar
7ff494035000-7ff494037000 r--s 0000c000 08:01 34341998                   /root/.gradle/wrapper/dists/gradle-3.3-all/55gk2rcmfc6p2dg9u9ohc3hw9/gradle-3.3/lib/plugins/maven-aether-provider-3.0.4.jar
7ff494037000-7ff494039000 r--s 0000b000 08:01 34341997                   /root/.gradle/wrapper/dists/gradle-3.3-all/55gk2rcmfc6p2dg9u9ohc3hw9/gradle-3.3/lib/plugins/maven-plugin-api-3.0.4.jar
7ff494039000-7ff49403b000 r--s 00006000 08:01 34341996                   /root/.gradle/wrapper/dists/gradle-3.3-all/55gk2rcmfc6p2dg9u9ohc3hw9/gradle-3.3/lib/plugins/maven-repository-metadata-3.0.4.jar
7ff49403b000-7ff49403d000 r--s 0000b000 08:01 34341995                   /root/.gradle/wrapper/dists/gradle-3.3-all/55gk2rcmfc6p2dg9u9ohc3hw9/gradle-3.3/lib/plugins/maven-artifact-3.0.4.jar
7ff49403d000-7ff49403f000 r--s 00026000 08:01 34341994                   /root/.gradle/wrapper/dists/gradle-3.3-all/55gk2rcmfc6p2dg9u9ohc3hw9/gradle-3.3/lib/plugins/maven-model-3.0.4.jar
7ff49403f000-7ff494043000 r--s 00021000 08:01 34341993                   /root/.gradle/wrapper/dists/gradle-3.3-all/55gk2rcmfc6p2dg9u9ohc3hw9/gradle-3.3/lib/plugins/maven-model-builder-3.0.4.jar
7ff494043000-7ff494049000 r--s 0003f000 08:01 34341992                   /root/.gradle/wrapper/dists/gradle-3.3-all/55gk2rcmfc6p2dg9u9ohc3hw9/gradle-3.3/lib/plugins/maven-compat-3.0.4.jar
7ff494049000-7ff49404a000 r--s 00006000 08:01 34341991                   /root/.gradle/wrapper/dists/gradle-3.3-all/55gk2rcmfc6p2dg9u9ohc3hw9/gradle-3.3/lib/plugins/plexus-sec-dispatcher-1.3.jar
7ff49404a000-7ff49404c000 r--s 00002000 08:01 34341990                   /root/.gradle/wrapper/dists/gradle-3.3-all/55gk2rcmfc6p2dg9u9ohc3hw9/gradle-3.3/lib/plugins/plexus-cipher-1.7.jar
7ff49404c000-7ff49404e000 r--s 0000a000 08:01 34341989                   /root/.gradle/wrapper/dists/gradle-3.3-all/55gk2rcmfc6p2dg9u9ohc3hw9/gradle-3.3/lib/plugins/plexus-classworlds-2.4.jar
7ff49404e000-7ff494055000 r--s 0002e000 08:01 34341988                   /root/.gradle/wrapper/dists/gradle-3.3-all/55gk2rcmfc6p2dg9u9ohc3hw9/gradle-3.3/lib/plugins/plexus-container-default-1.5.5.jar
7ff494055000-7ff494057000 r--s 00000000 08:01 34342015                   /root/.gradle/wrapper/dists/gradle-3.3-all/55gk2rcmfc6p2dg9u9ohc3hw9/gradle-3.3/lib/plugins/plexus-component-annotations-1.5.5.jar
7ff494057000-7ff494059000 r--s 0000d000 08:01 34341987                   /root/.gradle/wrapper/dists/gradle-3.3-all/55gk2rcmfc6p2dg9u9ohc3hw9/gradle-3.3/lib/plugins/plexus-interpolation-1.14.jar
7ff494059000-7ff49405d000 r--s 00033000 08:01 34341986                   /root/.gradle/wrapper/dists/gradle-3.3-all/55gk2rcmfc6p2dg9u9ohc3hw9/gradle-3.3/lib/plugins/plexus-utils-2.0.6.jar
7ff49405d000-7ff494060000 r--s 00008000 08:01 34341985                   /root/.gradle/wrapper/dists/gradle-3.3-all/55gk2rcmfc6p2dg9u9ohc3hw9/gradle-3.3/lib/plugins/maven-settings-builder-3.0.4.jar
7ff494060000-7ff494062000 r--s 0000a000 08:01 34341984                   /root/.gradle/wrapper/dists/gradle-3.3-all/55gk2rcmfc6p2dg9u9ohc3hw9/gradle-3.3/lib/plugins/maven-settings-3.0.4.jar
7ff494062000-7ff494067000 r--s 00040000 08:01 34341970                   /root/.gradle/wrapper/dists/gradle-3.3-all/55gk2rcmfc6p2dg9u9ohc3hw9/gradle-3.3/lib/plugins/jsch-0.1.53.jar
7ff494067000-7ff4940a7000 r--s 00277000 08:01 34341980                   /root/.gradle/wrapper/dists/gradle-3.3-all/55gk2rcmfc6p2dg9u9ohc3hw9/gradle-3.3/lib/plugins/bcprov-jdk15on-1.51.jar
7ff4940a7000-7ff4940ab000 r--s 0001d000 08:01 34341979                   /root/.gradle/wrapper/dists/gradle-3.3-all/55gk2rcmfc6p2dg9u9ohc3hw9/gradle-3.3/lib/plugins/xbean-reflect-3.4.jar
7ff4940ab000-7ff4940b7000 r--s 0007d000 08:01 34341957                   /root/.gradle/wrapper/dists/gradle-3.3-all/55gk2rcmfc6p2dg9u9ohc3hw9/gradle-3.3/lib/plugins/maven-core-3.0.4.jar
7ff4940b7000-7ff4940bc000 r--s 00034000 08:01 34341963                   /root/.gradle/wrapper/dists/gradle-3.3-all/55gk2rcmfc6p2dg9u9ohc3hw9/gradle-3.3/lib/plugins/gson-2.7.jar
7ff4940bc000-7ff4940cb000 r--s 000d9000 08:01 34341978                   /root/.gradle/wrapper/dists/gradle-3.3-all/55gk2rcmfc6p2dg9u9ohc3hw9/gradle-3.3/lib/plugins/ivy-2.2.0.jar
7ff4940cb000-7ff4940ea000 r--s 000f6000 08:01 34341946                   /root/.gradle/wrapper/dists/gradle-3.3-all/55gk2rcmfc6p2dg9u9ohc3hw9/gradle-3.3/lib/plugins/gradle-dependency-management-3.3.jar
7ff4940ea000-7ff4940ec000 r--s 00005000 08:01 34341945                   /root/.gradle/wrapper/dists/gradle-3.3-all/55gk2rcmfc6p2dg9u9ohc3hw9/gradle-3.3/lib/plugins/gradle-workers-3.3.jar
7ff4940ec000-7ff4943ed000 rw-p 00000000 00:00 0 
7ff4943ed000-7ff494403000 r-xp 00000000 08:01 11144034                   /usr/local/java/jdk1.8.0_121/jre/lib/amd64/libnet.so
7ff494403000-7ff494603000 ---p 00016000 08:01 11144034                   /usr/local/java/jdk1.8.0_121/jre/lib/amd64/libnet.so
7ff494603000-7ff494604000 rw-p 00016000 08:01 11144034                   /usr/local/java/jdk1.8.0_121/jre/lib/amd64/libnet.so
7ff494604000-7ff494605000 r--s 00006000 08:01 34341849                   /root/.gradle/wrapper/dists/gradle-3.3-all/55gk2rcmfc6p2dg9u9ohc3hw9/gradle-3.3/lib/gradle-wrapper-3.3.jar
7ff494605000-7ff494612000 r--s 00041000 08:01 34341856                   /root/.gradle/wrapper/dists/gradle-3.3-all/55gk2rcmfc6p2dg9u9ohc3hw9/gradle-3.3/lib/gradle-tooling-api-3.3.jar
7ff494612000-7ff494614000 r--s 00002000 08:01 34341876                   /root/.gradle/wrapper/dists/gradle-3.3-all/55gk2rcmfc6p2dg9u9ohc3hw9/gradle-3.3/lib/gradle-open-api-3.3.jar
7ff494614000-7ff49461a000 r--s 00032000 08:01 34341878                   /root/.gradle/wrapper/dists/gradle-3.3-all/55gk2rcmfc6p2dg9u9ohc3hw9/gradle-3.3/lib/jaxen-1.1.jar
7ff49461a000-7ff49461f000 r--s 00048000 08:01 34341877                   /root/.gradle/wrapper/dists/gradle-3.3-all/55gk2rcmfc6p2dg9u9ohc3hw9/gradle-3.3/lib/dom4j-1.6.1.jar
7ff49461f000-7ff49462a000 r--s 00059000 08:01 34341855                   /root/.gradle/wrapper/dists/gradle-3.3-all/55gk2rcmfc6p2dg9u9ohc3hw9/gradle-3.3/lib/gradle-ui-3.3.jar
7ff49462a000-7ff494633000 r--s 0008c000 08:01 34341847                   /root/.gradle/wrapper/dists/gradle-3.3-all/55gk2rcmfc6p2dg9u9ohc3hw9/gradle-3.3/lib/kotlin-stdlib-1.1-M02.jar
7ff494633000-7ff494639000 r--s 0002a000 08:01 34341846                   /root/.gradle/wrapper/dists/gradle-3.3-all/55gk2rcmfc6p2dg9u9ohc3hw9/gradle-3.3/lib/kotlin-runtime-1.1-M02.jar
7ff494639000-7ff49466d000 r--s 00256000 08:01 34341845                   /root/.gradle/wrapper/dists/gradle-3.3-all/55gk2rcmfc6p2dg9u9ohc3hw9/gradle-3.3/lib/kotlin-reflect-1.1-M02.jar
7ff49466d000-7ff494803000 r--s 0157e000 08:01 34341844                   /root/.gradle/wrapper/dists/gradle-3.3-all/55gk2rcmfc6p2dg9u9ohc3hw9/gradle-3.3/lib/kotlin-compiler-embeddable-1.1-M02.jar
7ff494803000-7ff49480b000 r--s 0004e000 08:01 34341843                   /root/.gradle/wrapper/dists/gradle-3.3-all/55gk2rcmfc6p2dg9u9ohc3hw9/gradle-3.3/lib/gradle-script-kotlin-0.5.1.jar
7ff49480b000-7ff49480e000 r--s 0000b000 08:01 34341874                   /root/.gradle/wrapper/dists/gradle-3.3-all/55gk2rcmfc6p2dg9u9ohc3hw9/gradle-3.3/lib/gradle-resources-3.3.jar
7ff49480e000-7ff494810000 r--s 00003000 08:01 34341883                   /root/.gradle/wrapper/dists/gradle-3.3-all/55gk2rcmfc6p2dg9u9ohc3hw9/gradle-3.3/lib/jcl-over-slf4j-1.7.10.jar
7ff494810000-7ff494811000 r--s 00005000 08:01 34341882                   /root/.gradle/wrapper/dists/gradle-3.3-all/55gk2rcmfc6p2dg9u9ohc3hw9/gradle-3.3/lib/log4j-over-slf4j-1.7.10.jar
7ff494811000-7ff494813000 r--s 00000000 08:01 34341881                   /root/.gradle/wrapper/dists/gradle-3.3-all/55gk2rcmfc6p2dg9u9ohc3hw9/gradle-3.3/lib/jul-to-slf4j-1.7.10.jar
7ff494813000-7ff494818000 r--s 0001e000 08:01 34341858                   /root/.gradle/wrapper/dists/gradle-3.3-all/55gk2rcmfc6p2dg9u9ohc3hw9/gradle-3.3/lib/gradle-logging-3.3.jar
7ff494818000-7ff49481a000 r--s 00007000 08:01 34341902                   /root/.gradle/wrapper/dists/gradle-3.3-all/55gk2rcmfc6p2dg9u9ohc3hw9/gradle-3.3/lib/objenesis-1.2.jar
7ff49481a000-7ff49481c000 r--s 00000000 08:01 34341901                   /root/.gradle/wrapper/dists/gradle-3.3-all/55gk2rcmfc6p2dg9u9ohc3hw9/gradle-3.3/lib/minlog-1.2.jar
7ff49481c000-7ff49481e000 r--s 0000f000 08:01 34341900                   /root/.gradle/wrapper/dists/gradle-3.3-all/55gk2rcmfc6p2dg9u9ohc3hw9/gradle-3.3/lib/reflectasm-1.07-shaded.jar
7ff49481e000-7ff494822000 r--s 00026000 08:01 34341885                   /root/.gradle/wrapper/dists/gradle-3.3-all/55gk2rcmfc6p2dg9u9ohc3hw9/gradle-3.3/lib/kryo-2.20.jar
7ff494822000-7ff494828000 r--s 00027000 08:01 34341873                   /root/.gradle/wrapper/dists/gradle-3.3-all/55gk2rcmfc6p2dg9u9ohc3hw9/gradle-3.3/lib/gradle-messaging-3.3.jar
7ff494828000-7ff494829000 r--s 00001000 08:01 34341899                   /root/.gradle/wrapper/dists/gradle-3.3-all/55gk2rcmfc6p2dg9u9ohc3hw9/gradle-3.3/lib/native-platform-linux-i386-ncurses6-0.12.jar
7ff494829000-7ff49482a000 r--s 00001000 08:01 34341898                   /root/.gradle/wrapper/dists/gradle-3.3-all/55gk2rcmfc6p2dg9u9ohc3hw9/gradle-3.3/lib/native-platform-linux-i386-ncurses5-0.12.jar
7ff49482a000-7ff49482b000 r--s 00001000 08:01 34341897                   /root/.gradle/wrapper/dists/gradle-3.3-all/55gk2rcmfc6p2dg9u9ohc3hw9/gradle-3.3/lib/native-platform-linux-amd64-ncurses6-0.12.jar
7ff49482b000-7ff49482c000 r--s 00001000 08:01 34341896                   /root/.gradle/wrapper/dists/gradle-3.3-all/55gk2rcmfc6p2dg9u9ohc3hw9/gradle-3.3/lib/native-platform-linux-amd64-ncurses5-0.12.jar
7ff49482c000-7ff49482d000 r--s 0000b000 08:01 34341895                   /root/.gradle/wrapper/dists/gradle-3.3-all/55gk2rcmfc6p2dg9u9ohc3hw9/gradle-3.3/lib/native-platform-windows-i386-0.12.jar
7ff49482d000-7ff49482f000 r--s 0000b000 08:01 34341894                   /root/.gradle/wrapper/dists/gradle-3.3-all/55gk2rcmfc6p2dg9u9ohc3hw9/gradle-3.3/lib/native-platform-windows-amd64-0.12.jar
7ff49482f000-7ff494831000 r--s 00002000 08:01 34341893                   /root/.gradle/wrapper/dists/gradle-3.3-all/55gk2rcmfc6p2dg9u9ohc3hw9/gradle-3.3/lib/native-platform-osx-i386-0.12.jar
7ff494831000-7ff494832000 r--s 00002000 08:01 34341892                   /root/.gradle/wrapper/dists/gradle-3.3-all/55gk2rcmfc6p2dg9u9ohc3hw9/gradle-3.3/lib/native-platform-osx-amd64-0.12.jar
7ff494832000-7ff494833000 r--s 00002000 08:01 34341891                   /root/.gradle/wrapper/dists/gradle-3.3-all/55gk2rcmfc6p2dg9u9ohc3hw9/gradle-3.3/lib/native-platform-linux-i386-0.12.jar
7ff494833000-7ff494834000 r--s 00002000 08:01 34341890                   /root/.gradle/wrapper/dists/gradle-3.3-all/55gk2rcmfc6p2dg9u9ohc3hw9/gradle-3.3/lib/native-platform-linux-amd64-0.12.jar
7ff494834000-7ff494835000 r--s 00003000 08:01 34341889                   /root/.gradle/wrapper/dists/gradle-3.3-all/55gk2rcmfc6p2dg9u9ohc3hw9/gradle-3.3/lib/native-platform-freebsd-i386-libstdcpp-0.12.jar
7ff494835000-7ff494836000 r--s 00004000 08:01 34341888                   /root/.gradle/wrapper/dists/gradle-3.3-all/55gk2rcmfc6p2dg9u9ohc3hw9/gradle-3.3/lib/native-platform-freebsd-i386-libcpp-0.12.jar
7ff494836000-7ff494838000 r--s 00003000 08:01 34341887                   /root/.gradle/wrapper/dists/gradle-3.3-all/55gk2rcmfc6p2dg9u9ohc3hw9/gradle-3.3/lib/native-platform-freebsd-amd64-libstdcpp-0.12.jar
7ff494838000-7ff49483b000 r--s 00023000 08:01 34341880                   /root/.gradle/wrapper/dists/gradle-3.3-all/55gk2rcmfc6p2dg9u9ohc3hw9/gradle-3.3/lib/jansi-1.14.jar
7ff49483b000-7ff49483f000 r--s 00011000 08:01 34341879                   /root/.gradle/wrapper/dists/gradle-3.3-all/55gk2rcmfc6p2dg9u9ohc3hw9/gradle-3.3/lib/native-platform-0.12.jar
7ff49483f000-7ff49484e000 r--s 0007f000 08:01 34341864                   /root/.gradle/wrapper/dists/gradle-3.3-all/55gk2rcmfc6p2dg9u9ohc3hw9/gradle-3.3/lib/gradle-model-core-3.3.jar
7ff49484e000-7ff4948be000 r--s 00641000 08:01 34341863                   /root/.gradle/wrapper/dists/gradle-3.3-all/55gk2rcmfc6p2dg9u9ohc3hw9/gradle-3.3/lib/groovy-all-2.4.7.jar
7ff4948be000-7ff4948e6000 r--s 001cf000 08:01 34341860                   /root/.gradle/wrapper/dists/gradle-3.3-all/55gk2rcmfc6p2dg9u9ohc3hw9/gradle-3.3/lib/guava-jdk5-17.0.jar
7ff4948e6000-7ff494923000 r--s 001f8000 08:01 34341853                   /root/.gradle/wrapper/dists/gradle-3.3-all/55gk2rcmfc6p2dg9u9ohc3hw9/gradle-3.3/lib/gradle-core-3.3.jar
7ff494923000-7ff494924000 ---p 00000000 00:00 0 
7ff494924000-7ff494a24000 rw-p 00000000 00:00 0 
7ff494a24000-7ff494a27000 ---p 00000000 00:00 0 
7ff494a27000-7ff494b25000 rw-p 00000000 00:00 0 
7ff494b25000-7ff494b28000 ---p 00000000 00:00 0 
7ff494b28000-7ff494c26000 rw-p 00000000 00:00 0 
7ff494c26000-7ff494c29000 ---p 00000000 00:00 0 
7ff494c29000-7ff494d27000 rw-p 00000000 00:00 0 
7ff494d27000-7ff495000000 r--p 00000000 08:01 11010311                   /usr/lib/locale/locale-archive
7ff495000000-7ff495ef0000 rwxp 00000000 00:00 0 
7ff495ef0000-7ff4a4000000 ---p 00000000 00:00 0 
7ff4a4000000-7ff4a4cea000 rw-p 00000000 00:00 0 
7ff4a4cea000-7ff4a8000000 ---p 00000000 00:00 0 
7ff4a8000000-7ff4a8001000 r--s 00004000 08:01 34341886                   /root/.gradle/wrapper/dists/gradle-3.3-all/55gk2rcmfc6p2dg9u9ohc3hw9/gradle-3.3/lib/native-platform-freebsd-amd64-libcpp-0.12.jar
7ff4a8001000-7ff4a8004000 r--s 0000a000 08:01 34341857                   /root/.gradle/wrapper/dists/gradle-3.3-all/55gk2rcmfc6p2dg9u9ohc3hw9/gradle-3.3/lib/gradle-native-3.3.jar
7ff4a8004000-7ff4a8006000 r--s 00005000 08:01 34341854                   /root/.gradle/wrapper/dists/gradle-3.3-all/55gk2rcmfc6p2dg9u9ohc3hw9/gradle-3.3/lib/gradle-cli-3.3.jar
7ff4a8006000-7ff4a8008000 r--s 00007000 08:01 34341865                   /root/.gradle/wrapper/dists/gradle-3.3-all/55gk2rcmfc6p2dg9u9ohc3hw9/gradle-3.3/lib/gradle-model-groovy-3.3.jar
7ff4a8008000-7ff4a800a000 r--s 00006000 08:01 34341872                   /root/.gradle/wrapper/dists/gradle-3.3-all/55gk2rcmfc6p2dg9u9ohc3hw9/gradle-3.3/lib/gradle-base-services-groovy-3.3.jar
7ff4a800a000-7ff4a800b000 r--s 00002000 08:01 34341875                   /root/.gradle/wrapper/dists/gradle-3.3-all/55gk2rcmfc6p2dg9u9ohc3hw9/gradle-3.3/lib/gradle-docs-3.3.jar
7ff4a800b000-7ff4a8018000 r--s 00083000 08:01 34341868                   /root/.gradle/wrapper/dists/gradle-3.3-all/55gk2rcmfc6p2dg9u9ohc3hw9/gradle-3.3/lib/commons-collections-3.2.2.jar
7ff4a8018000-7ff4a8037000 r--s 001d1000 08:01 34341867                   /root/.gradle/wrapper/dists/gradle-3.3-all/55gk2rcmfc6p2dg9u9ohc3hw9/gradle-3.3/lib/ant-1.9.6.jar
7ff4a8037000-7ff4a803a000 ---p 00000000 00:00 0 
7ff4a803a000-7ff4a8138000 rw-p 00000000 00:00 0 
7ff4a8138000-7ff4a813b000 ---p 00000000 00:00 0 
7ff4a813b000-7ff4a8239000 rw-p 00000000 00:00 0 
7ff4a8239000-7ff4a823c000 ---p 00000000 00:00 0 
7ff4a823c000-7ff4a833a000 rw-p 00000000 00:00 0 
7ff4a833a000-7ff4a833d000 ---p 00000000 00:00 0 
7ff4a833d000-7ff4a843b000 rw-p 00000000 00:00 0 
7ff4a843b000-7ff4a843c000 ---p 00000000 00:00 0 
7ff4a843c000-7ff4a951e000 rw-p 00000000 00:00 0 
7ff4a951e000-7ff4a96f7000 r--s 03d3e000 08:01 11144026                   /usr/local/java/jdk1.8.0_121/jre/lib/rt.jar
7ff4a96f7000-7ff4aa26d000 rw-p 00000000 00:00 0 
7ff4aa26d000-7ff4aa26e000 ---p 00000000 00:00 0 
7ff4aa26e000-7ff4aa36e000 rw-p 00000000 00:00 0 
7ff4aa36e000-7ff4aa36f000 ---p 00000000 00:00 0 
7ff4aa36f000-7ff4aa46f000 rw-p 00000000 00:00 0 
7ff4aa46f000-7ff4aa470000 ---p 00000000 00:00 0 
7ff4aa470000-7ff4aa570000 rw-p 00000000 00:00 0 
7ff4aa570000-7ff4aa571000 ---p 00000000 00:00 0 
7ff4aa571000-7ff4aa69f000 rw-p 00000000 00:00 0 
7ff4aa69f000-7ff4aa871000 ---p 00000000 00:00 0 
7ff4aa871000-7ff4aa89f000 rw-p 00000000 00:00 0 
7ff4aa89f000-7ff4aaa71000 ---p 00000000 00:00 0 
7ff4aaa71000-7ff4aaaa8000 rw-p 00000000 00:00 0 
7ff4aaaa8000-7ff4aab71000 ---p 00000000 00:00 0 
7ff4aab71000-7ff4aabae000 rw-p 00000000 00:00 0 
7ff4aabae000-7ff4aaf32000 ---p 00000000 00:00 0 
7ff4aaf32000-7ff4aaf4c000 r-xp 00000000 08:01 11144057                   /usr/local/java/jdk1.8.0_121/jre/lib/amd64/libzip.so
7ff4aaf4c000-7ff4ab14c000 ---p 0001a000 08:01 11144057                   /usr/local/java/jdk1.8.0_121/jre/lib/amd64/libzip.so
7ff4ab14c000-7ff4ab14d000 rw-p 0001a000 08:01 11144057                   /usr/local/java/jdk1.8.0_121/jre/lib/amd64/libzip.so
7ff4ab14d000-7ff4ab158000 r-xp 00000000 08:01 4981359                    /lib/x86_64-linux-gnu/libnss_files-2.23.so
7ff4ab158000-7ff4ab357000 ---p 0000b000 08:01 4981359                    /lib/x86_64-linux-gnu/libnss_files-2.23.so
7ff4ab357000-7ff4ab358000 r--p 0000a000 08:01 4981359                    /lib/x86_64-linux-gnu/libnss_files-2.23.so
7ff4ab358000-7ff4ab359000 rw-p 0000b000 08:01 4981359                    /lib/x86_64-linux-gnu/libnss_files-2.23.so
7ff4ab359000-7ff4ab35f000 rw-p 00000000 00:00 0 
7ff4ab35f000-7ff4ab36a000 r-xp 00000000 08:01 4981330                    /lib/x86_64-linux-gnu/libnss_nis-2.23.so
7ff4ab36a000-7ff4ab569000 ---p 0000b000 08:01 4981330                    /lib/x86_64-linux-gnu/libnss_nis-2.23.so
7ff4ab569000-7ff4ab56a000 r--p 0000a000 08:01 4981330                    /lib/x86_64-linux-gnu/libnss_nis-2.23.so
7ff4ab56a000-7ff4ab56b000 rw-p 0000b000 08:01 4981330                    /lib/x86_64-linux-gnu/libnss_nis-2.23.so
7ff4ab56b000-7ff4ab581000 r-xp 00000000 08:01 4981342                    /lib/x86_64-linux-gnu/libnsl-2.23.so
7ff4ab581000-7ff4ab780000 ---p 00016000 08:01 4981342                    /lib/x86_64-linux-gnu/libnsl-2.23.so
7ff4ab780000-7ff4ab781000 r--p 00015000 08:01 4981342                    /lib/x86_64-linux-gnu/libnsl-2.23.so
7ff4ab781000-7ff4ab782000 rw-p 00016000 08:01 4981342                    /lib/x86_64-linux-gnu/libnsl-2.23.so
7ff4ab782000-7ff4ab784000 rw-p 00000000 00:00 0 
7ff4ab784000-7ff4ab78c000 r-xp 00000000 08:01 4981362                    /lib/x86_64-linux-gnu/libnss_compat-2.23.so
7ff4ab78c000-7ff4ab98b000 ---p 00008000 08:01 4981362                    /lib/x86_64-linux-gnu/libnss_compat-2.23.so
7ff4ab98b000-7ff4ab98c000 r--p 00007000 08:01 4981362                    /lib/x86_64-linux-gnu/libnss_compat-2.23.so
7ff4ab98c000-7ff4ab98d000 rw-p 00008000 08:01 4981362                    /lib/x86_64-linux-gnu/libnss_compat-2.23.so
7ff4ab98d000-7ff4ab9b8000 r-xp 00000000 08:01 11144613                   /usr/local/java/jdk1.8.0_121/jre/lib/amd64/libjava.so
7ff4ab9b8000-7ff4abbb7000 ---p 0002b000 08:01 11144613                   /usr/local/java/jdk1.8.0_121/jre/lib/amd64/libjava.so
7ff4abbb7000-7ff4abbb9000 rw-p 0002a000 08:01 11144613                   /usr/local/java/jdk1.8.0_121/jre/lib/amd64/libjava.so
7ff4abbb9000-7ff4abbc6000 r-xp 00000000 08:01 11144035                   /usr/local/java/jdk1.8.0_121/jre/lib/amd64/libverify.so
7ff4abbc6000-7ff4abdc5000 ---p 0000d000 08:01 11144035                   /usr/local/java/jdk1.8.0_121/jre/lib/amd64/libverify.so
7ff4abdc5000-7ff4abdc7000 rw-p 0000c000 08:01 11144035                   /usr/local/java/jdk1.8.0_121/jre/lib/amd64/libverify.so
7ff4abdc7000-7ff4abdce000 r-xp 00000000 08:01 4981363                    /lib/x86_64-linux-gnu/librt-2.23.so
7ff4abdce000-7ff4abfcd000 ---p 00007000 08:01 4981363                    /lib/x86_64-linux-gnu/librt-2.23.so
7ff4abfcd000-7ff4abfce000 r--p 00006000 08:01 4981363                    /lib/x86_64-linux-gnu/librt-2.23.so
7ff4abfce000-7ff4abfcf000 rw-p 00007000 08:01 4981363                    /lib/x86_64-linux-gnu/librt-2.23.so
7ff4abfcf000-7ff4ac0d7000 r-xp 00000000 08:01 4981336                    /lib/x86_64-linux-gnu/libm-2.23.so
7ff4ac0d7000-7ff4ac2d6000 ---p 00108000 08:01 4981336                    /lib/x86_64-linux-gnu/libm-2.23.so
7ff4ac2d6000-7ff4ac2d7000 r--p 00107000 08:01 4981336                    /lib/x86_64-linux-gnu/libm-2.23.so
7ff4ac2d7000-7ff4ac2d8000 rw-p 00108000 08:01 4981336                    /lib/x86_64-linux-gnu/libm-2.23.so
7ff4ac2d8000-7ff4acfa6000 r-xp 00000000 08:01 11144883                   /usr/local/java/jdk1.8.0_121/jre/lib/amd64/server/libjvm.so
7ff4acfa6000-7ff4ad1a6000 ---p 00cce000 08:01 11144883                   /usr/local/java/jdk1.8.0_121/jre/lib/amd64/server/libjvm.so
7ff4ad1a6000-7ff4ad27f000 rw-p 00cce000 08:01 11144883                   /usr/local/java/jdk1.8.0_121/jre/lib/amd64/server/libjvm.so
7ff4ad27f000-7ff4ad2ca000 rw-p 00000000 00:00 0 
7ff4ad2ca000-7ff4ad489000 r-xp 00000000 08:01 4981344                    /lib/x86_64-linux-gnu/libc-2.23.so
7ff4ad489000-7ff4ad689000 ---p 001bf000 08:01 4981344                    /lib/x86_64-linux-gnu/libc-2.23.so
7ff4ad689000-7ff4ad68d000 r--p 001bf000 08:01 4981344                    /lib/x86_64-linux-gnu/libc-2.23.so
7ff4ad68d000-7ff4ad68f000 rw-p 001c3000 08:01 4981344                    /lib/x86_64-linux-gnu/libc-2.23.so
7ff4ad68f000-7ff4ad693000 rw-p 00000000 00:00 0 
7ff4ad693000-7ff4ad696000 r-xp 00000000 08:01 4981328                    /lib/x86_64-linux-gnu/libdl-2.23.so
7ff4ad696000-7ff4ad895000 ---p 00003000 08:01 4981328                    /lib/x86_64-linux-gnu/libdl-2.23.so
7ff4ad895000-7ff4ad896000 r--p 00002000 08:01 4981328                    /lib/x86_64-linux-gnu/libdl-2.23.so
7ff4ad896000-7ff4ad897000 rw-p 00003000 08:01 4981328                    /lib/x86_64-linux-gnu/libdl-2.23.so
7ff4ad897000-7ff4ad8ac000 r-xp 00000000 08:01 11020813                   /usr/local/java/jdk1.8.0_121/lib/amd64/jli/libjli.so
7ff4ad8ac000-7ff4adaac000 ---p 00015000 08:01 11020813                   /usr/local/java/jdk1.8.0_121/lib/amd64/jli/libjli.so
7ff4adaac000-7ff4adaad000 rw-p 00015000 08:01 11020813                   /usr/local/java/jdk1.8.0_121/lib/amd64/jli/libjli.so
7ff4adaad000-7ff4adac5000 r-xp 00000000 08:01 4981369                    /lib/x86_64-linux-gnu/libpthread-2.23.so
7ff4adac5000-7ff4adcc4000 ---p 00018000 08:01 4981369                    /lib/x86_64-linux-gnu/libpthread-2.23.so
7ff4adcc4000-7ff4adcc5000 r--p 00017000 08:01 4981369                    /lib/x86_64-linux-gnu/libpthread-2.23.so
7ff4adcc5000-7ff4adcc6000 rw-p 00018000 08:01 4981369                    /lib/x86_64-linux-gnu/libpthread-2.23.so
7ff4adcc6000-7ff4adcca000 rw-p 00000000 00:00 0 
7ff4adcca000-7ff4adcf0000 r-xp 00000000 08:01 4981346                    /lib/x86_64-linux-gnu/ld-2.23.so
7ff4adcf0000-7ff4adcf1000 r--s 00000000 08:01 34341871                   /root/.gradle/wrapper/dists/gradle-3.3-all/55gk2rcmfc6p2dg9u9ohc3hw9/gradle-3.3/lib/javax.inject-1.jar
7ff4adcf1000-7ff4adcf2000 r--s 00000000 08:01 34341870                   /root/.gradle/wrapper/dists/gradle-3.3-all/55gk2rcmfc6p2dg9u9ohc3hw9/gradle-3.3/lib/jcip-annotations-1.0.jar
7ff4adcf2000-7ff4adcf6000 r--s 00027000 08:01 34341869                   /root/.gradle/wrapper/dists/gradle-3.3-all/55gk2rcmfc6p2dg9u9ohc3hw9/gradle-3.3/lib/commons-io-2.2.jar
7ff4adcf6000-7ff4adcfb000 r--s 00038000 08:01 34341866                   /root/.gradle/wrapper/dists/gradle-3.3-all/55gk2rcmfc6p2dg9u9ohc3hw9/gradle-3.3/lib/asm-all-5.1.jar
7ff4adcfb000-7ff4adcfc000 r--s 00001000 08:01 34341862                   /root/.gradle/wrapper/dists/gradle-3.3-all/55gk2rcmfc6p2dg9u9ohc3hw9/gradle-3.3/lib/gradle-process-services-3.3.jar
7ff4adcfc000-7ff4add01000 r--s 00041000 08:01 34341861                   /root/.gradle/wrapper/dists/gradle-3.3-all/55gk2rcmfc6p2dg9u9ohc3hw9/gradle-3.3/lib/commons-lang-2.6.jar
7ff4add01000-7ff4add0a000 r--s 00042000 08:01 34341851                   /root/.gradle/wrapper/dists/gradle-3.3-all/55gk2rcmfc6p2dg9u9ohc3hw9/gradle-3.3/lib/gradle-base-services-3.3.jar
7ff4add0a000-7ff4addcc000 rw-p 00000000 00:00 0 
7ff4addcc000-7ff4addcf000 ---p 00000000 00:00 0 
7ff4addcf000-7ff4aded1000 rw-p 00000000 00:00 0 
7ff4aded1000-7ff4aded3000 r--s 00000000 08:01 34341852                   /root/.gradle/wrapper/dists/gradle-3.3-all/55gk2rcmfc6p2dg9u9ohc3hw9/gradle-3.3/lib/gradle-jvm-services-3.3.jar
7ff4aded3000-7ff4aded4000 r--s 00000000 08:01 34342017                   /root/.gradle/wrapper/dists/gradle-3.3-all/55gk2rcmfc6p2dg9u9ohc3hw9/gradle-3.3/lib/gradle-version-info-3.3.jar
7ff4aded4000-7ff4aded5000 r--s 00007000 08:01 34341859                   /root/.gradle/wrapper/dists/gradle-3.3-all/55gk2rcmfc6p2dg9u9ohc3hw9/gradle-3.3/lib/slf4j-api-1.7.10.jar
7ff4aded5000-7ff4aded6000 r--s 00004000 08:01 34341884                   /root/.gradle/wrapper/dists/gradle-3.3-all/55gk2rcmfc6p2dg9u9ohc3hw9/gradle-3.3/lib/ant-launcher-1.9.6.jar
7ff4aded6000-7ff4adee3000 r--s 0005c000 08:01 34341848                   /root/.gradle/wrapper/dists/gradle-3.3-all/55gk2rcmfc6p2dg9u9ohc3hw9/gradle-3.3/lib/gradle-launcher-3.3.jar
7ff4adee3000-7ff4adeeb000 rw-s 00000000 08:01 1975229                    /tmp/hsperfdata_root/3163
7ff4adeeb000-7ff4adeec000 rw-p 00000000 00:00 0 
7ff4adeec000-7ff4adeed000 r--p 00000000 00:00 0 
7ff4adeed000-7ff4adeef000 rw-p 00000000 00:00 0 
7ff4adeef000-7ff4adef0000 r--p 00025000 08:01 4981346                    /lib/x86_64-linux-gnu/ld-2.23.so
7ff4adef0000-7ff4adef1000 rw-p 00026000 08:01 4981346                    /lib/x86_64-linux-gnu/ld-2.23.so
7ff4adef1000-7ff4adef2000 rw-p 00000000 00:00 0 
7ffda7d18000-7ffda7d39000 rw-p 00000000 00:00 0                          [stack]
7ffda7daf000-7ffda7db1000 r--p 00000000 00:00 0                          [vvar]
7ffda7db1000-7ffda7db3000 r-xp 00000000 00:00 0                          [vdso]
ffffffffff600000-ffffffffff601000 r-xp 00000000 00:00 0                  [vsyscall]

VM Arguments:
jvm_args: -Xmx1536m -Dfile.encoding=UTF-8 -Duser.country=US -Duser.language=en -Duser.variant 
java_command: org.gradle.launcher.daemon.bootstrap.GradleDaemon 3.3
java_class_path (initial): /root/.gradle/wrapper/dists/gradle-3.3-all/55gk2rcmfc6p2dg9u9ohc3hw9/gradle-3.3/lib/gradle-launcher-3.3.jar
Launcher Type: SUN_STANDARD

Environment Variables:
JAVA_HOME=/usr/local/java/jdk1.8.0_121/
PATH=/usr/local/sbin:/usr/local/bin:/usr/sbin:/usr/bin:/sbin:/bin:/snap/bin
USERNAME=root
LD_LIBRARY_PATH=/opt/android-studio/bin:
SHELL=/bin/bash
DISPLAY=:0

Signal Handlers:
SIGSEGV: [libjvm.so+0xac78c0], sa_mask[0]=11111111011111111101111111111110, sa_flags=SA_RESTART|SA_SIGINFO
SIGBUS: [libjvm.so+0xac78c0], sa_mask[0]=11111111011111111101111111111110, sa_flags=SA_RESTART|SA_SIGINFO
SIGFPE: [libjvm.so+0x920ac0], sa_mask[0]=11111111011111111101111111111110, sa_flags=SA_RESTART|SA_SIGINFO
SIGPIPE: [libjvm.so+0x920ac0], sa_mask[0]=11111111011111111101111111111110, sa_flags=SA_RESTART|SA_SIGINFO
SIGXFSZ: [libjvm.so+0x920ac0], sa_mask[0]=11111111011111111101111111111110, sa_flags=SA_RESTART|SA_SIGINFO
SIGILL: [libjvm.so+0x920ac0], sa_mask[0]=11111111011111111101111111111110, sa_flags=SA_RESTART|SA_SIGINFO
SIGUSR1: SIG_DFL, sa_mask[0]=00000000000000000000000000000000, sa_flags=none
SIGUSR2: [libjvm.so+0x922300], sa_mask[0]=00100000000000000000000000000000, sa_flags=SA_RESTART|SA_SIGINFO
SIGHUP: [libjvm.so+0x923700], sa_mask[0]=11111111011111111101111111111110, sa_flags=SA_RESTART|SA_SIGINFO
SIGINT: [libjvm.so+0x923700], sa_mask[0]=11111111011111111101111111111110, sa_flags=SA_RESTART|SA_SIGINFO
SIGTERM: [libjvm.so+0x923700], sa_mask[0]=11111111011111111101111111111110, sa_flags=SA_RESTART|SA_SIGINFO
SIGQUIT: [libjvm.so+0x923700], sa_mask[0]=11111111011111111101111111111110, sa_flags=SA_RESTART|SA_SIGINFO


---------------  S Y S T E M  ---------------

OS:DISTRIB_ID=Ubuntu
DISTRIB_RELEASE=16.04
DISTRIB_CODENAME=xenial
DISTRIB_DESCRIPTION="Ubuntu 16.04.2 LTS"

uname:Linux 4.4.0-70-generic #91-Ubuntu SMP Wed Mar 22 12:47:43 UTC 2017 x86_64
libc:glibc 2.23 NPTL 2.23 
rlimit: STACK 8192k, CORE 0k, NPROC 31513, NOFILE 65536, AS infinity
load average:1.54 1.55 1.01

/proc/meminfo:
MemTotal:        8107696 kB
MemFree:         4121920 kB
MemAvailable:    5571928 kB
Buffers:          385364 kB
Cached:          1331476 kB
SwapCached:            0 kB
Active:          2682456 kB
Inactive:         909044 kB
Active(anon):    1886944 kB
Inactive(anon):   184932 kB
Active(file):     795512 kB
Inactive(file):   724112 kB
Unevictable:          32 kB
Mlocked:              32 kB
SwapTotal:       8319996 kB
SwapFree:        8319996 kB
Dirty:             17836 kB
Writeback:             0 kB
AnonPages:       1874740 kB
Mapped:           338508 kB
Shmem:            197308 kB
Slab:             273512 kB
SReclaimable:     238368 kB
SUnreclaim:        35144 kB
KernelStack:        9248 kB
PageTables:        38976 kB
NFS_Unstable:          0 kB
Bounce:                0 kB
WritebackTmp:          0 kB
CommitLimit:    12373844 kB
Committed_AS:    5836488 kB
VmallocTotal:   34359738367 kB
VmallocUsed:           0 kB
VmallocChunk:          0 kB
HardwareCorrupted:     0 kB
AnonHugePages:    737280 kB
CmaTotal:              0 kB
CmaFree:               0 kB
HugePages_Total:       0
HugePages_Free:        0
HugePages_Rsvd:        0
HugePages_Surp:        0
Hugepagesize:       2048 kB
DirectMap4k:      133824 kB
DirectMap2M:     2945024 kB
DirectMap1G:     6291456 kB


CPU:total 4 (2 cores per cpu, 2 threads per core) family 6 model 69 stepping 1, cmov, cx8, fxsr, mmx, sse, sse2, sse3, ssse3, sse4.1, sse4.2, popcnt, avx, avx2, aes, clmul, erms, lzcnt, ht, tsc, tscinvbit, bmi1, bmi2

/proc/cpuinfo:
processor	: 0
vendor_id	: GenuineIntel
cpu family	: 6
model		: 69
model name	: Intel(R) Core(TM) i5-4200U CPU @ 1.60GHz
stepping	: 1
microcode	: 0x16
cpu MHz		: 2300.000
cache size	: 3072 KB
physical id	: 0
siblings	: 4
core id		: 0
cpu cores	: 2
apicid		: 0
initial apicid	: 0
fpu		: yes
fpu_exception	: yes
cpuid level	: 13
wp		: yes
flags		: fpu vme de pse tsc msr pae mce cx8 apic sep mtrr pge mca cmov pat pse36 clflush dts acpi mmx fxsr sse sse2 ss ht tm pbe syscall nx pdpe1gb rdtscp lm constant_tsc arch_perfmon pebs bts rep_good nopl xtopology nonstop_tsc aperfmperf eagerfpu pni pclmulqdq dtes64 monitor ds_cpl vmx est tm2 ssse3 sdbg fma cx16 xtpr pdcm pcid sse4_1 sse4_2 movbe popcnt tsc_deadline_timer aes xsave avx f16c rdrand lahf_lm abm epb tpr_shadow vnmi flexpriority ept vpid fsgsbase tsc_adjust bmi1 avx2 smep bmi2 erms invpcid xsaveopt dtherm ida arat pln pts
bugs		:
bogomips	: 4589.61
clflush size	: 64
cache_alignment	: 64
address sizes	: 39 bits physical, 48 bits virtual
power management:

processor	: 1
vendor_id	: GenuineIntel
cpu family	: 6
model		: 69
model name	: Intel(R) Core(TM) i5-4200U CPU @ 1.60GHz
stepping	: 1
microcode	: 0x16
cpu MHz		: 2300.000
cache size	: 3072 KB
physical id	: 0
siblings	: 4
core id		: 0
cpu cores	: 2
apicid		: 1
initial apicid	: 1
fpu		: yes
fpu_exception	: yes
cpuid level	: 13
wp		: yes
flags		: fpu vme de pse tsc msr pae mce cx8 apic sep mtrr pge mca cmov pat pse36 clflush dts acpi mmx fxsr sse sse2 ss ht tm pbe syscall nx pdpe1gb rdtscp lm constant_tsc arch_perfmon pebs bts rep_good nopl xtopology nonstop_tsc aperfmperf eagerfpu pni pclmulqdq dtes64 monitor ds_cpl vmx est tm2 ssse3 sdbg fma cx16 xtpr pdcm pcid sse4_1 sse4_2 movbe popcnt tsc_deadline_timer aes xsave avx f16c rdrand lahf_lm abm epb tpr_shadow vnmi flexpriority ept vpid fsgsbase tsc_adjust bmi1 avx2 smep bmi2 erms invpcid xsaveopt dtherm ida arat pln pts
bugs		:
bogomips	: 4589.61
clflush size	: 64
cache_alignment	: 64
address sizes	: 39 bits physical, 48 bits virtual
power management:

processor	: 2
vendor_id	: GenuineIntel
cpu family	: 6
model		: 69
model name	: Intel(R) Core(TM) i5-4200U CPU @ 1.60GHz
stepping	: 1
microcode	: 0x16
cpu MHz		: 2300.000
cache size	: 3072 KB
physical id	: 0
siblings	: 4
core id		: 1
cpu cores	: 2
apicid		: 2
initial apicid	: 2
fpu		: yes
fpu_exception	: yes
cpuid level	: 13
wp		: yes
flags		: fpu vme de pse tsc msr pae mce cx8 apic sep mtrr pge mca cmov pat pse36 clflush dts acpi mmx fxsr sse sse2 ss ht tm pbe syscall nx pdpe1gb rdtscp lm constant_tsc arch_perfmon pebs bts rep_good nopl xtopology nonstop_tsc aperfmperf eagerfpu pni pclmulqdq dtes64 monitor ds_cpl vmx est tm2 ssse3 sdbg fma cx16 xtpr pdcm pcid sse4_1 sse4_2 movbe popcnt tsc_deadline_timer aes xsave avx f16c rdrand lahf_lm abm epb tpr_shadow vnmi flexpriority ept vpid fsgsbase tsc_adjust bmi1 avx2 smep bmi2 erms invpcid xsaveopt dtherm ida arat pln pts
bugs		:
bogomips	: 4589.61
clflush size	: 64
cache_alignment	: 64
address sizes	: 39 bits physical, 48 bits virtual
power management:

processor	: 3
vendor_id	: GenuineIntel
cpu family	: 6
model		: 69
model name	: Intel(R) Core(TM) i5-4200U CPU @ 1.60GHz
stepping	: 1
microcode	: 0x16
cpu MHz		: 2300.000
cache size	: 3072 KB
physical id	: 0
siblings	: 4
core id		: 1
cpu cores	: 2
apicid		: 3
initial apicid	: 3
fpu		: yes
fpu_exception	: yes
cpuid level	: 13
wp		: yes
flags		: fpu vme de pse tsc msr pae mce cx8 apic sep mtrr pge mca cmov pat pse36 clflush dts acpi mmx fxsr sse sse2 ss ht tm pbe syscall nx pdpe1gb rdtscp lm constant_tsc arch_perfmon pebs bts rep_good nopl xtopology nonstop_tsc aperfmperf eagerfpu pni pclmulqdq dtes64 monitor ds_cpl vmx est tm2 ssse3 sdbg fma cx16 xtpr pdcm pcid sse4_1 sse4_2 movbe popcnt tsc_deadline_timer aes xsave avx f16c rdrand lahf_lm abm epb tpr_shadow vnmi flexpriority ept vpid fsgsbase tsc_adjust bmi1 avx2 smep bmi2 erms invpcid xsaveopt dtherm ida arat pln pts
bugs		:
bogomips	: 4589.61
clflush size	: 64
cache_alignment	: 64
address sizes	: 39 bits physical, 48 bits virtual
power management:



Memory: 4k page, physical 8107696k(4121920k free), swap 8319996k(8319996k free)

vm_info: Java HotSpot(TM) 64-Bit Server VM (25.121-b13) for linux-amd64 JRE (1.8.0_121-b13), built on Dec 12 2016 16:36:53 by "java_re" with gcc 4.3.0 20080428 (Red Hat 4.3.0-8)

time: Mon Apr  3 15:02:26 2017
elapsed time: 14 seconds (0d 0h 0m 14s)

