#
# A fatal error has been detected by the Java Runtime Environment:
#
#  SIGSEGV (0xb) at pc=0x00007f91121d2392, pid=3226, tid=0x00007f90e741d700
#
# JRE version: Java(TM) SE Runtime Environment (8.0_121-b13) (build 1.8.0_121-b13)
# Java VM: Java HotSpot(TM) 64-Bit Server VM (25.121-b13 mixed mode linux-amd64 compressed oops)
# Problematic frame:
# V  [libjvm.so+0x81e392]  PhaseIdealLoop::split_thru_phi(Node*, Node*, int)+0x242
#
# Failed to write core dump. Core dumps have been disabled. To enable core dumping, try "ulimit -c unlimited" before starting Java again
#
# If you would like to submit a bug report, please visit:
#   http://bugreport.java.com/bugreport/crash.jsp
#

---------------  T H R E A D  ---------------

Current thread (0x00007f910c0b9000):  JavaThread "C2 CompilerThread0" daemon [_thread_in_native, id=3238, stack(0x00007f90e731d000,0x00007f90e741e000)]

siginfo: si_signo: 11 (SIGSEGV), si_code: 1 (SEGV_MAPERR), si_addr: 0x0000000000000000

Registers:
RAX=0x0000000000000000, RBX=0x0000000000000002, RCX=0x00007f90e741a610, RDX=0x0000000000000000
RSP=0x00007f90e74182e0, RBP=0x00007f90e7418350, RSI=0x00007f90e7419bc0, RDI=0x00007f90d400ac20
R8 =0x0000000000000000, R9 =0x00007f90aca8f950, R10=0x0000000000000002, R11=0x00007f9112433e40
R12=0x00007f90d403eab0, R13=0x0000000000000010, R14=0x00007f90aca8f950, R15=0x00007f90aca8f880
RIP=0x00007f91121d2392, EFLAGS=0x0000000000010292, CSGSFS=0x0000000000000033, ERR=0x0000000000000004
  TRAPNO=0x000000000000000e

Top of Stack: (sp=0x00007f90e74182e0)
0x00007f90e74182e0:   00007f90d44238f8 00007f90c924bea0
0x00007f90e74182f0:   00000000e7418350 00007f90d4423890
0x00007f90e7418300:   00007f90e741a610 00002a4600000000
0x00007f90e7418310:   00000002e7418380 00007f90aca8f950
0x00007f90e7418320:   01007f910c0b9bb0 0000000000000000
0x00007f90e7418330:   00007f90d403eab0 00007f90e741a610
0x00007f90e7418340:   00007f90d4423890 00007f90e7418690
0x00007f90e7418350:   00007f90e7418380 00007f91121d4460
0x00007f90e7418360:   0000000000000001 00007f90d44238f8
0x00007f90e7418370:   00007f90d403eab0 00007f90e7418670
0x00007f90e7418380:   00007f90e74183c0 00007f91121d5695
0x00007f90e7418390:   00007f90e741a610 0000000000000000
0x00007f90e74183a0:   00007f911292d532 00007f90e741a610
0x00007f90e74183b0:   00007f90e7418670 00007f90d49a3160
0x00007f90e74183c0:   00007f90e74186e0 00007f91121d1035
0x00007f90e74183d0:   8000659d00000000 00007f90e7418690
0x00007f90e74183e0:   00007f90e7418650 01007f90cc374c20
0x00007f90e74183f0:   00007f90e741a630 000000000000000e
0x00007f90e7418400:   00007f910c0b9bb0 00007f9100000004
0x00007f90e7418410:   00007f90ac551a00 00007f9000000000
0x00007f90e7418420:   00007f90d559dee8 00007f90c924bda0
0x00007f90e7418430:   00007f90e7418460 00007f911243d4eb
0x00007f90e7418440:   00007f911295f2f8 0000000000000000
0x00007f90e7418450:   000000000000007b 0000000000020010
0x00007f90e7418460:   00007f90e74184d0 00007f910043347d
0x00007f90e7418470:   00007f90e74184d0 00007f9111f128f8
0x00007f90e7418480:   ffff806f18be7b31 00007f90e74184cf
0x00007f90e7418490:   0000000000000800 0000083000002002
0x00007f90e74184a0:   0000000000000100 0000000000000020
0x00007f90e74184b0:   0000008e0000015b 0000000000000004
0x00007f90e74184c0:   0000000000000000 0000007c0000007b
0x00007f90e74184d0:   00007f90d5281ab0 0000000000000003 

Instructions: (pc=0x00007f91121d2392)
0x00007f91121d2372:   f6 4c 89 75 c8 0f 95 45 d7 48 8b 4d b0 49 8b 06
0x00007f91121d2382:   4c 89 f7 48 8b b1 88 09 00 00 ff 50 40 49 89 c0
0x00007f91121d2392:   48 8b 00 4c 89 c7 4c 89 45 98 ff 50 40 84 c0 4c
0x00007f91121d23a2:   8b 45 98 0f 84 95 00 00 00 48 8b 05 2e 3d 75 00 

Register to memory mapping:

RAX=0x0000000000000000 is an unknown value
RBX=0x0000000000000002 is an unknown value
RCX=0x00007f90e741a610 is pointing into the stack for thread: 0x00007f910c0b9000
RDX=0x0000000000000000 is an unknown value
RSP=0x00007f90e74182e0 is pointing into the stack for thread: 0x00007f910c0b9000
RBP=0x00007f90e7418350 is pointing into the stack for thread: 0x00007f910c0b9000
RSI=0x00007f90e7419bc0 is pointing into the stack for thread: 0x00007f910c0b9000
RDI=0x00007f90d400ac20 is an unknown value
R8 =0x0000000000000000 is an unknown value
R9 =0x00007f90aca8f950 is an unknown value
R10=0x0000000000000002 is an unknown value
R11=0x00007f9112433e40: <offset 0xa7fe40> in /usr/local/java/jdk1.8.0_121/jre/lib/amd64/server/libjvm.so at 0x00007f91119b4000
R12=0x00007f90d403eab0 is an unknown value
R13=0x0000000000000010 is an unknown value
R14=0x00007f90aca8f950 is an unknown value
R15=0x00007f90aca8f880 is an unknown value


Stack: [0x00007f90e731d000,0x00007f90e741e000],  sp=0x00007f90e74182e0,  free space=1004k
Native frames: (J=compiled Java code, j=interpreted, Vv=VM code, C=native code)
V  [libjvm.so+0x81e392]  PhaseIdealLoop::split_thru_phi(Node*, Node*, int)+0x242
V  [libjvm.so+0x820460]  PhaseIdealLoop::split_if_with_blocks_pre(Node*)+0x1c0
V  [libjvm.so+0x821695]  PhaseIdealLoop::split_if_with_blocks(VectorSet&, Node_Stack&)+0xc5
V  [libjvm.so+0x81d035]  PhaseIdealLoop::build_and_optimize(bool, bool)+0xfa5
V  [libjvm.so+0x4a2719]  Compile::Optimize()+0x509
V  [libjvm.so+0x4a5879]  Compile::Compile(ciEnv*, C2Compiler*, ciMethod*, int, bool, bool, bool)+0x13c9
V  [libjvm.so+0x3f2615]  C2Compiler::compile_method(ciEnv*, ciMethod*, int)+0x1f5
V  [libjvm.so+0x4afeaa]  CompileBroker::invoke_compiler_on_method(CompileTask*)+0xc9a
V  [libjvm.so+0x4b0e56]  CompileBroker::compiler_thread_loop()+0x5d6
V  [libjvm.so+0xa75543]  JavaThread::thread_main_inner()+0x103
V  [libjvm.so+0xa7568c]  JavaThread::run()+0x11c
V  [libjvm.so+0x926268]  java_start(Thread*)+0x108
C  [libpthread.so.0+0x76ba]  start_thread+0xca


Current CompileTask:
C2:   3091 1933       4       java.net.URLClassLoader$1::run (5 bytes)


---------------  P R O C E S S  ---------------

Java Threads: ( => current thread )
  0x00007f90ad311000 JavaThread "File lock request listener" [_thread_in_native, id=3266, stack(0x00007f90e4133000,0x00007f90e4234000)]
  0x00007f90ad235800 JavaThread "process reaper" daemon [_thread_blocked, id=3265, stack(0x00007f90e44a5000,0x00007f90e44de000)]
  0x00007f90ac008000 JavaThread "Stdin handler" [_thread_blocked, id=3254, stack(0x00007f90e4d59000,0x00007f90e4e5a000)]
  0x00007f90ac00a800 JavaThread "Asynchronous log dispatcher for DefaultDaemonConnection: socket connection from /127.0.0.1:38943 to /127.0.0.1:42576" [_thread_blocked, id=3253, stack(0x00007f90e4e5a000,0x00007f90e4f5b000)]
  0x00007f90b0007800 JavaThread "Daemon worker" [_thread_in_vm, id=3250, stack(0x00007f90e4f5b000,0x00007f90e505c000)]
  0x00007f90b0004000 JavaThread "Cancel handler" [_thread_blocked, id=3249, stack(0x00007f90e505c000,0x00007f90e515d000)]
  0x00007f90b0005800 JavaThread "Handler for socket connection from /127.0.0.1:38943 to /127.0.0.1:42576" [_thread_in_native, id=3248, stack(0x00007f90e515d000,0x00007f90e525e000)]
  0x00007f90bc03b000 JavaThread "Daemon" [_thread_blocked, id=3247, stack(0x00007f90e525e000,0x00007f90e535f000)]
  0x00007f910ccf2800 JavaThread "Incoming local TCP Connector on port 38943" [_thread_in_native, id=3245, stack(0x00007f90e5766000,0x00007f90e5867000)]
  0x00007f910ccb8000 JavaThread "pool-1-thread-1" [_thread_blocked, id=3244, stack(0x00007f90e5867000,0x00007f90e5968000)]
  0x00007f910c0d3000 JavaThread "Service Thread" daemon [_thread_blocked, id=3241, stack(0x00007f90e701a000,0x00007f90e711b000)]
  0x00007f910c0be000 JavaThread "C1 CompilerThread2" daemon [_thread_blocked, id=3240, stack(0x00007f90e711b000,0x00007f90e721c000)]
  0x00007f910c0bc000 JavaThread "C2 CompilerThread1" daemon [_thread_in_native, id=3239, stack(0x00007f90e721c000,0x00007f90e731d000)]
=>0x00007f910c0b9000 JavaThread "C2 CompilerThread0" daemon [_thread_in_native, id=3238, stack(0x00007f90e731d000,0x00007f90e741e000)]
  0x00007f910c0b8000 JavaThread "Signal Dispatcher" daemon [_thread_blocked, id=3237, stack(0x00007f90e741e000,0x00007f90e751f000)]
  0x00007f910c084000 JavaThread "Finalizer" daemon [_thread_blocked, id=3236, stack(0x00007f90e77f8000,0x00007f90e78f9000)]
  0x00007f910c07f800 JavaThread "Reference Handler" daemon [_thread_blocked, id=3235, stack(0x00007f90e78f9000,0x00007f90e79fa000)]
  0x00007f910c00a000 JavaThread "main" [_thread_blocked, id=3229, stack(0x00007f91134a8000,0x00007f91135a9000)]

Other Threads:
  0x00007f910c077800 VMThread [stack: 0x00007f90e79fa000,0x00007f90e7afb000] [id=3234]
  0x00007f910c0d6000 WatcherThread [stack: 0x00007f90e6f19000,0x00007f90e701a000] [id=3242]

VM state:not at safepoint (normal execution)

VM Mutex/Monitor currently owned by a thread: None

Heap:
 PSYoungGen      total 87552K, used 22074K [0x00000000e0000000, 0x00000000e8600000, 0x0000000100000000)
  eden space 82432K, 20% used [0x00000000e0000000,0x00000000e108f4b8,0x00000000e5080000)
  from space 5120K, 99% used [0x00000000e8100000,0x00000000e85ff420,0x00000000e8600000)
  to   space 5120K, 0% used [0x00000000e7c00000,0x00000000e7c00000,0x00000000e8100000)
 ParOldGen       total 72192K, used 13887K [0x00000000a0000000, 0x00000000a4680000, 0x00000000e0000000)
  object space 72192K, 19% used [0x00000000a0000000,0x00000000a0d8fde0,0x00000000a4680000)
 Metaspace       used 27692K, capacity 28094K, committed 28416K, reserved 1073152K
  class space    used 3922K, capacity 4056K, committed 4096K, reserved 1048576K

Card table byte_map: [0x00007f90fccff000,0x00007f90fd000000] byte_map_base: 0x00007f90fc7ff000

Marking Bits: (ParMarkBitMap*) 0x00007f9112978c80
 Begin Bits: [0x00007f90f5000000, 0x00007f90f6800000)
 End Bits:   [0x00007f90f6800000, 0x00007f90f8000000)

Polling page: 0x00007f91135c8000

CodeCache: size=245760Kb used=6668Kb max_used=6668Kb free=239091Kb
 bounds [0x00007f90fd000000, 0x00007f90fd690000, 0x00007f910c000000]
 total_blobs=2583 nmethods=1934 adapters=562
 compilation: enabled

Compilation events (10 events):
Event: 2.993 Thread 0x00007f910c0be000 1944       3       sun.reflect.generics.reflectiveObjects.WildcardTypeImpl::getLowerBounds (72 bytes)
Event: 2.994 Thread 0x00007f910c0be000 nmethod 1944 0x00007f90fd67ef10 code [0x00007f90fd67f100, 0x00007f90fd67fb78]
Event: 2.994 Thread 0x00007f910c0be000 1945       1       sun.reflect.generics.reflectiveObjects.LazyReflectiveObjectGenerator::getFactory (5 bytes)
Event: 2.995 Thread 0x00007f910c0be000 nmethod 1945 0x00007f90fd678490 code [0x00007f90fd6785e0, 0x00007f90fd6786f0]
Event: 3.027 Thread 0x00007f910c0be000 1946       1       java.util.regex.Pattern::flags (5 bytes)
Event: 3.027 Thread 0x00007f910c0be000 nmethod 1946 0x00007f90fd677a50 code [0x00007f90fd677ba0, 0x00007f90fd677cb0]
Event: 3.040 Thread 0x00007f910c0be000 1947       3       java.net.URI::match (56 bytes)
Event: 3.041 Thread 0x00007f910c0be000 nmethod 1947 0x00007f90fd67ea10 code [0x00007f90fd67eb80, 0x00007f90fd67ee90]
Event: 3.054 Thread 0x00007f910c0be000 1948       3       java.net.URI$Parser::scan (73 bytes)
Event: 3.055 Thread 0x00007f910c0be000 nmethod 1948 0x00007f90fd682750 code [0x00007f90fd682920, 0x00007f90fd683048]

GC Heap History (10 events):
Event: 0.502 GC heap before
{Heap before GC invocations=1 (full 0):
 PSYoungGen      total 36864K, used 31744K [0x00000000e0000000, 0x00000000e2900000, 0x0000000100000000)
  eden space 31744K, 100% used [0x00000000e0000000,0x00000000e1f00000,0x00000000e1f00000)
  from space 5120K, 0% used [0x00000000e2400000,0x00000000e2400000,0x00000000e2900000)
  to   space 5120K, 0% used [0x00000000e1f00000,0x00000000e1f00000,0x00000000e2400000)
 ParOldGen       total 84992K, used 0K [0x00000000a0000000, 0x00000000a5300000, 0x00000000e0000000)
  object space 84992K, 0% used [0x00000000a0000000,0x00000000a0000000,0x00000000a5300000)
 Metaspace       used 6809K, capacity 6940K, committed 7040K, reserved 1056768K
  class space    used 860K, capacity 888K, committed 896K, reserved 1048576K
Event: 0.507 GC heap after
Heap after GC invocations=1 (full 0):
 PSYoungGen      total 36864K, used 4105K [0x00000000e0000000, 0x00000000e4800000, 0x0000000100000000)
  eden space 31744K, 0% used [0x00000000e0000000,0x00000000e0000000,0x00000000e1f00000)
  from space 5120K, 80% used [0x00000000e1f00000,0x00000000e23026c0,0x00000000e2400000)
  to   space 5120K, 0% used [0x00000000e4300000,0x00000000e4300000,0x00000000e4800000)
 ParOldGen       total 84992K, used 8K [0x00000000a0000000, 0x00000000a5300000, 0x00000000e0000000)
  object space 84992K, 0% used [0x00000000a0000000,0x00000000a0002000,0x00000000a5300000)
 Metaspace       used 6809K, capacity 6940K, committed 7040K, reserved 1056768K
  class space    used 860K, capacity 888K, committed 896K, reserved 1048576K
}
Event: 1.009 GC heap before
{Heap before GC invocations=2 (full 0):
 PSYoungGen      total 36864K, used 35849K [0x00000000e0000000, 0x00000000e4800000, 0x0000000100000000)
  eden space 31744K, 100% used [0x00000000e0000000,0x00000000e1f00000,0x00000000e1f00000)
  from space 5120K, 80% used [0x00000000e1f00000,0x00000000e23026c0,0x00000000e2400000)
  to   space 5120K, 0% used [0x00000000e4300000,0x00000000e4300000,0x00000000e4800000)
 ParOldGen       total 84992K, used 8K [0x00000000a0000000, 0x00000000a5300000, 0x00000000e0000000)
  object space 84992K, 0% used [0x00000000a0000000,0x00000000a0002000,0x00000000a5300000)
 Metaspace       used 12670K, capacity 12956K, committed 13184K, reserved 1060864K
  class space    used 1739K, capacity 1865K, committed 1920K, reserved 1048576K
Event: 1.016 GC heap after
Heap after GC invocations=2 (full 0):
 PSYoungGen      total 68608K, used 5113K [0x00000000e0000000, 0x00000000e4800000, 0x0000000100000000)
  eden space 63488K, 0% used [0x00000000e0000000,0x00000000e0000000,0x00000000e3e00000)
  from space 5120K, 99% used [0x00000000e4300000,0x00000000e47fe430,0x00000000e4800000)
  to   space 5120K, 0% used [0x00000000e3e00000,0x00000000e3e00000,0x00000000e4300000)
 ParOldGen       total 84992K, used 693K [0x00000000a0000000, 0x00000000a5300000, 0x00000000e0000000)
  object space 84992K, 0% used [0x00000000a0000000,0x00000000a00ad558,0x00000000a5300000)
 Metaspace       used 12670K, capacity 12956K, committed 13184K, reserved 1060864K
  class space    used 1739K, capacity 1865K, committed 1920K, reserved 1048576K
}
Event: 1.943 GC heap before
{Heap before GC invocations=3 (full 0):
 PSYoungGen      total 68608K, used 61712K [0x00000000e0000000, 0x00000000e4800000, 0x0000000100000000)
  eden space 63488K, 89% used [0x00000000e0000000,0x00000000e3745cc8,0x00000000e3e00000)
  from space 5120K, 99% used [0x00000000e4300000,0x00000000e47fe430,0x00000000e4800000)
  to   space 5120K, 0% used [0x00000000e3e00000,0x00000000e3e00000,0x00000000e4300000)
 ParOldGen       total 84992K, used 693K [0x00000000a0000000, 0x00000000a5300000, 0x00000000e0000000)
  object space 84992K, 0% used [0x00000000a0000000,0x00000000a00ad558,0x00000000a5300000)
 Metaspace       used 20808K, capacity 21176K, committed 21296K, reserved 1067008K
  class space    used 2815K, capacity 2933K, committed 2944K, reserved 1048576K
Event: 1.986 GC heap after
Heap after GC invocations=3 (full 0):
 PSYoungGen      total 68608K, used 5088K [0x00000000e0000000, 0x00000000e8600000, 0x0000000100000000)
  eden space 63488K, 0% used [0x00000000e0000000,0x00000000e0000000,0x00000000e3e00000)
  from space 5120K, 99% used [0x00000000e3e00000,0x00000000e42f8010,0x00000000e4300000)
  to   space 5120K, 0% used [0x00000000e8100000,0x00000000e8100000,0x00000000e8600000)
 ParOldGen       total 84992K, used 7412K [0x00000000a0000000, 0x00000000a5300000, 0x00000000e0000000)
  object space 84992K, 8% used [0x00000000a0000000,0x00000000a073d1c8,0x00000000a5300000)
 Metaspace       used 20808K, capacity 21176K, committed 21296K, reserved 1067008K
  class space    used 2815K, capacity 2933K, committed 2944K, reserved 1048576K
}
Event: 1.987 GC heap before
{Heap before GC invocations=4 (full 1):
 PSYoungGen      total 68608K, used 5088K [0x00000000e0000000, 0x00000000e8600000, 0x0000000100000000)
  eden space 63488K, 0% used [0x00000000e0000000,0x00000000e0000000,0x00000000e3e00000)
  from space 5120K, 99% used [0x00000000e3e00000,0x00000000e42f8010,0x00000000e4300000)
  to   space 5120K, 0% used [0x00000000e8100000,0x00000000e8100000,0x00000000e8600000)
 ParOldGen       total 84992K, used 7412K [0x00000000a0000000, 0x00000000a5300000, 0x00000000e0000000)
  object space 84992K, 8% used [0x00000000a0000000,0x00000000a073d1c8,0x00000000a5300000)
 Metaspace       used 20808K, capacity 21176K, committed 21296K, reserved 1067008K
  class space    used 2815K, capacity 2933K, committed 2944K, reserved 1048576K
Event: 2.085 GC heap after
Heap after GC invocations=4 (full 1):
 PSYoungGen      total 68608K, used 0K [0x00000000e0000000, 0x00000000e8600000, 0x0000000100000000)
  eden space 63488K, 0% used [0x00000000e0000000,0x00000000e0000000,0x00000000e3e00000)
  from space 5120K, 0% used [0x00000000e3e00000,0x00000000e3e00000,0x00000000e4300000)
  to   space 5120K, 0% used [0x00000000e8100000,0x00000000e8100000,0x00000000e8600000)
 ParOldGen       total 72192K, used 11434K [0x00000000a0000000, 0x00000000a4680000, 0x00000000e0000000)
  object space 72192K, 15% used [0x00000000a0000000,0x00000000a0b2aa68,0x00000000a4680000)
 Metaspace       used 20808K, capacity 21176K, committed 21296K, reserved 1067008K
  class space    used 2815K, capacity 2933K, committed 2944K, reserved 1048576K
}
Event: 2.899 GC heap before
{Heap before GC invocations=5 (full 1):
 PSYoungGen      total 68608K, used 63488K [0x00000000e0000000, 0x00000000e8600000, 0x0000000100000000)
  eden space 63488K, 100% used [0x00000000e0000000,0x00000000e3e00000,0x00000000e3e00000)
  from space 5120K, 0% used [0x00000000e3e00000,0x00000000e3e00000,0x00000000e4300000)
  to   space 5120K, 0% used [0x00000000e8100000,0x00000000e8100000,0x00000000e8600000)
 ParOldGen       total 72192K, used 11434K [0x00000000a0000000, 0x00000000a4680000, 0x00000000e0000000)
  object space 72192K, 15% used [0x00000000a0000000,0x00000000a0b2aa68,0x00000000a4680000)
 Metaspace       used 25733K, capacity 26142K, committed 26368K, reserved 1071104K
  class space    used 3656K, capacity 3768K, committed 3840K, reserved 1048576K
Event: 2.907 GC heap after
Heap after GC invocations=5 (full 1):
 PSYoungGen      total 87552K, used 5117K [0x00000000e0000000, 0x00000000e8600000, 0x0000000100000000)
  eden space 82432K, 0% used [0x00000000e0000000,0x00000000e0000000,0x00000000e5080000)
  from space 5120K, 99% used [0x00000000e8100000,0x00000000e85ff420,0x00000000e8600000)
  to   space 5120K, 0% used [0x00000000e7c00000,0x00000000e7c00000,0x00000000e8100000)
 ParOldGen       total 72192K, used 13887K [0x00000000a0000000, 0x00000000a4680000, 0x00000000e0000000)
  object space 72192K, 19% used [0x00000000a0000000,0x00000000a0d8fde0,0x00000000a4680000)
 Metaspace       used 25733K, capacity 26142K, committed 26368K, reserved 1071104K
  class space    used 3656K, capacity 3768K, committed 3840K, reserved 1048576K
}

Deoptimization events (10 events):
Event: 1.515 Thread 0x00007f90b0007800 Uncommon trap: reason=class_check action=maybe_recompile pc=0x00007f90fd2aa8ec method=sun.misc.URLClassPath.getResource(Ljava/lang/String;Z)Lsun/misc/Resource; @ 62
Event: 1.516 Thread 0x00007f90b0007800 Uncommon trap: reason=bimorphic action=maybe_recompile pc=0x00007f90fd3b1dfc method=java.lang.ClassLoader.loadClass(Ljava/lang/String;Z)Ljava/lang/Class; @ 38
Event: 1.516 Thread 0x00007f90b0007800 Uncommon trap: reason=bimorphic action=maybe_recompile pc=0x00007f90fd3b1dfc method=java.lang.ClassLoader.loadClass(Ljava/lang/String;Z)Ljava/lang/Class; @ 38
Event: 2.171 Thread 0x00007f90b0007800 Uncommon trap: reason=unstable_if action=reinterpret pc=0x00007f90fd3973cc method=java.util.HashMap.hash(Ljava/lang/Object;)I @ 1
Event: 2.239 Thread 0x00007f90b0007800 Uncommon trap: reason=unstable_if action=reinterpret pc=0x00007f90fd37b920 method=java.util.HashMap.getNode(ILjava/lang/Object;)Ljava/util/HashMap$Node; @ 53
Event: 2.239 Thread 0x00007f90b0007800 Uncommon trap: reason=unstable_if action=reinterpret pc=0x00007f90fd2b6af0 method=java.util.HashMap.hash(Ljava/lang/Object;)I @ 1
Event: 2.239 Thread 0x00007f90b0007800 Uncommon trap: reason=unstable_if action=reinterpret pc=0x00007f90fd33c5dc method=java.util.HashMap.putVal(ILjava/lang/Object;Ljava/lang/Object;ZZ)Ljava/lang/Object; @ 85
Event: 2.500 Thread 0x00007f90b0007800 Uncommon trap: reason=unstable_if action=reinterpret pc=0x00007f90fd25e104 method=java.io.UnixFileSystem.resolve(Ljava/lang/String;Ljava/lang/String;)Ljava/lang/String; @ 18
Event: 2.954 Thread 0x00007f90b0007800 Uncommon trap: reason=unstable_if action=reinterpret pc=0x00007f90fd28577c method=java.net.URI.match(CJJ)Z @ 45
Event: 2.954 Thread 0x00007f90b0007800 Uncommon trap: reason=unstable_if action=reinterpret pc=0x00007f90fd15dcec method=java.net.URI.match(CJJ)Z @ 19

Internal exceptions (10 events):
Event: 2.579 Thread 0x00007f90b0007800 Exception <a 'java/lang/ClassNotFoundException': org/gradle/api/internal/artifacts/repositories/DefaultMavenArtifactRepositoryCustomizer> (0x00000000e25e0578) thrown at [/HUDSON3/workspace/8-2-build-linux-amd64/jdk8u121/8372/hotspot/src/share/vm/classfile
Event: 2.580 Thread 0x00007f90b0007800 Exception <a 'java/lang/ClassNotFoundException': org/gradle/api/internal/artifacts/repositories/DefaultMavenArtifactRepository_DecoratedCustomizer> (0x00000000e2620b78) thrown at [/HUDSON3/workspace/8-2-build-linux-amd64/jdk8u121/8372/hotspot/src/share/vm
Event: 2.676 Thread 0x00007f90b0007800 Exception <a 'java/lang/ClassNotFoundException': build_dzzk87fz6yoeobrzuhy9er4kjBeanInfo> (0x00000000e2e5b070) thrown at [/HUDSON3/workspace/8-2-build-linux-amd64/jdk8u121/8372/hotspot/src/share/vm/classfile/systemDictionary.cpp, line 210]
Event: 2.677 Thread 0x00007f90b0007800 Exception <a 'java/lang/ClassNotFoundException': org/gradle/api/internal/project/ProjectScriptBeanInfo> (0x00000000e2e6c690) thrown at [/HUDSON3/workspace/8-2-build-linux-amd64/jdk8u121/8372/hotspot/src/share/vm/classfile/systemDictionary.cpp, line 210]
Event: 2.677 Thread 0x00007f90b0007800 Exception <a 'java/lang/ClassNotFoundException': org/gradle/api/internal/project/ProjectScriptCustomizer> (0x00000000e2e7e0f0) thrown at [/HUDSON3/workspace/8-2-build-linux-amd64/jdk8u121/8372/hotspot/src/share/vm/classfile/systemDictionary.cpp, line 210]
Event: 2.678 Thread 0x00007f90b0007800 Exception <a 'java/lang/ClassNotFoundException': build_dzzk87fz6yoeobrzuhy9er4kjCustomizer> (0x00000000e2e9db18) thrown at [/HUDSON3/workspace/8-2-build-linux-amd64/jdk8u121/8372/hotspot/src/share/vm/classfile/systemDictionary.cpp, line 210]
Event: 2.862 Thread 0x00007f90b0007800 Exception <a 'java/lang/ClassNotFoundException': org/gradle/api/internal/artifacts/dsl/dependencies/DefaultDependencyHandler_DecoratedBeanInfo> (0x00000000e3a95858) thrown at [/HUDSON3/workspace/8-2-build-linux-amd64/jdk8u121/8372/hotspot/src/share/vm/cla
Event: 2.862 Thread 0x00007f90b0007800 Exception <a 'java/lang/ClassNotFoundException': org/gradle/api/internal/artifacts/dsl/dependencies/DefaultDependencyHandlerBeanInfo> (0x00000000e3ac3a28) thrown at [/HUDSON3/workspace/8-2-build-linux-amd64/jdk8u121/8372/hotspot/src/share/vm/classfile/sys
Event: 2.863 Thread 0x00007f90b0007800 Exception <a 'java/lang/ClassNotFoundException': org/gradle/api/internal/artifacts/dsl/dependencies/DefaultDependencyHandlerCustomizer> (0x00000000e3af2210) thrown at [/HUDSON3/workspace/8-2-build-linux-amd64/jdk8u121/8372/hotspot/src/share/vm/classfile/s
Event: 2.865 Thread 0x00007f90b0007800 Exception <a 'java/lang/ClassNotFoundException': org/gradle/api/internal/artifacts/dsl/dependencies/DefaultDependencyHandler_DecoratedCustomizer> (0x00000000e3b34580) thrown at [/HUDSON3/workspace/8-2-build-linux-amd64/jdk8u121/8372/hotspot/src/share/vm/c

Events (10 events):
Event: 3.070 loading class com/sun/org/apache/xerces/internal/impl/XMLDocumentFragmentScannerImpl$ElementStack2
Event: 3.070 loading class com/sun/org/apache/xerces/internal/impl/XMLDocumentFragmentScannerImpl$ElementStack2 done
Event: 3.070 loading class com/sun/org/apache/xerces/internal/impl/XMLNSDocumentScannerImpl$NSContentDriver
Event: 3.070 loading class com/sun/org/apache/xerces/internal/impl/XMLDocumentScannerImpl$ContentDriver
Event: 3.070 loading class com/sun/org/apache/xerces/internal/impl/XMLDocumentFragmentScannerImpl$FragmentContentDriver
Event: 3.070 loading class com/sun/org/apache/xerces/internal/impl/XMLDocumentFragmentScannerImpl$Driver
Event: 3.070 loading class com/sun/org/apache/xerces/internal/impl/XMLDocumentFragmentScannerImpl$Driver done
Event: 3.070 loading class com/sun/org/apache/xerces/internal/impl/XMLDocumentFragmentScannerImpl$FragmentContentDriver done
Event: 3.070 loading class com/sun/org/apache/xerces/internal/impl/XMLDocumentScannerImpl$ContentDriver done
Event: 3.070 loading class com/sun/org/apache/xerces/internal/impl/XMLNSDocumentScannerImpl$NSContentDriver done


Dynamic libraries:
00400000-00401000 r-xp 00000000 08:01 11143952                           /usr/local/java/jdk1.8.0_121/bin/java
00600000-00601000 rw-p 00000000 08:01 11143952                           /usr/local/java/jdk1.8.0_121/bin/java
01510000-01531000 rw-p 00000000 00:00 0                                  [heap]
a0000000-a4680000 rw-p 00000000 00:00 0 
a4680000-e0000000 ---p 00000000 00:00 0 
e0000000-e8600000 rw-p 00000000 00:00 0 
e8600000-100000000 ---p 00000000 00:00 0 
100000000-100400000 rw-p 00000000 00:00 0 
100400000-140000000 ---p 00000000 00:00 0 
7f9097e00000-7f9097fc0000 rw-p 00000000 00:00 0 
7f9097fc0000-7f9098000000 ---p 00000000 00:00 0 
7f9098000000-7f9098021000 rw-p 00000000 00:00 0 
7f9098021000-7f909c000000 ---p 00000000 00:00 0 
7f909c000000-7f909c021000 rw-p 00000000 00:00 0 
7f909c021000-7f90a0000000 ---p 00000000 00:00 0 
7f90a0000000-7f90a0021000 rw-p 00000000 00:00 0 
7f90a0021000-7f90a4000000 ---p 00000000 00:00 0 
7f90a4000000-7f90a4021000 rw-p 00000000 00:00 0 
7f90a4021000-7f90a8000000 ---p 00000000 00:00 0 
7f90a8000000-7f90a8021000 rw-p 00000000 00:00 0 
7f90a8021000-7f90ac000000 ---p 00000000 00:00 0 
7f90ac000000-7f90ad38f000 rw-p 00000000 00:00 0 
7f90ad38f000-7f90b0000000 ---p 00000000 00:00 0 
7f90b0000000-7f90b0021000 rw-p 00000000 00:00 0 
7f90b0021000-7f90b4000000 ---p 00000000 00:00 0 
7f90b4000000-7f90b4021000 rw-p 00000000 00:00 0 
7f90b4021000-7f90b8000000 ---p 00000000 00:00 0 
7f90b8000000-7f90b8021000 rw-p 00000000 00:00 0 
7f90b8021000-7f90bc000000 ---p 00000000 00:00 0 
7f90bc000000-7f90bc06f000 rw-p 00000000 00:00 0 
7f90bc06f000-7f90c0000000 ---p 00000000 00:00 0 
7f90c0000000-7f90c0021000 rw-p 00000000 00:00 0 
7f90c0021000-7f90c4000000 ---p 00000000 00:00 0 
7f90c4000000-7f90c4021000 rw-p 00000000 00:00 0 
7f90c4021000-7f90c8000000 ---p 00000000 00:00 0 
7f90c8000000-7f90c94ee000 rw-p 00000000 00:00 0 
7f90c94ee000-7f90cc000000 ---p 00000000 00:00 0 
7f90cc000000-7f90ccb81000 rw-p 00000000 00:00 0 
7f90ccb81000-7f90d0000000 ---p 00000000 00:00 0 
7f90d0000000-7f90d0021000 rw-p 00000000 00:00 0 
7f90d0021000-7f90d4000000 ---p 00000000 00:00 0 
7f90d4000000-7f90d5fb2000 rw-p 00000000 00:00 0 
7f90d5fb2000-7f90d8000000 ---p 00000000 00:00 0 
7f90d8000000-7f90d8021000 rw-p 00000000 00:00 0 
7f90d8021000-7f90dc000000 ---p 00000000 00:00 0 
7f90dc000000-7f90dc021000 rw-p 00000000 00:00 0 
7f90dc021000-7f90e0000000 ---p 00000000 00:00 0 
7f90e0000000-7f90e002c000 rw-p 00000000 00:00 0 
7f90e002c000-7f90e4000000 ---p 00000000 00:00 0 
7f90e4133000-7f90e4136000 ---p 00000000 00:00 0 
7f90e4136000-7f90e4434000 rw-p 00000000 00:00 0 
7f90e44a5000-7f90e44a8000 ---p 00000000 00:00 0 
7f90e44a8000-7f90e44de000 rw-p 00000000 00:00 0 
7f90e44de000-7f90e44df000 r--p 00000000 00:00 0 
7f90e44df000-7f90e46df000 rw-p 00000000 00:00 0 
7f90e46df000-7f90e48df000 rw-p 00000000 00:00 0 
7f90e48df000-7f90e4adf000 rw-p 00000000 00:00 0 
7f90e4adf000-7f90e4b59000 r--s 010f6000 08:01 11020816                   /usr/local/java/jdk1.8.0_121/lib/tools.jar
7f90e4b59000-7f90e4d59000 rw-p 00000000 00:00 0 
7f90e4d59000-7f90e4d5c000 ---p 00000000 00:00 0 
7f90e4d5c000-7f90e4e5a000 rw-p 00000000 00:00 0 
7f90e4e5a000-7f90e4e5d000 ---p 00000000 00:00 0 
7f90e4e5d000-7f90e4f5b000 rw-p 00000000 00:00 0 
7f90e4f5b000-7f90e4f5e000 ---p 00000000 00:00 0 
7f90e4f5e000-7f90e505c000 rw-p 00000000 00:00 0 
7f90e505c000-7f90e505f000 ---p 00000000 00:00 0 
7f90e505f000-7f90e515d000 rw-p 00000000 00:00 0 
7f90e515d000-7f90e5160000 ---p 00000000 00:00 0 
7f90e5160000-7f90e525e000 rw-p 00000000 00:00 0 
7f90e525e000-7f90e5261000 ---p 00000000 00:00 0 
7f90e5261000-7f90e555f000 rw-p 00000000 00:00 0 
7f90e555f000-7f90e5566000 r--s 00000000 08:01 11274324                   /usr/lib/x86_64-linux-gnu/gconv/gconv-modules.cache
7f90e5566000-7f90e5766000 rw-p 00000000 00:00 0 
7f90e5766000-7f90e5769000 ---p 00000000 00:00 0 
7f90e5769000-7f90e5867000 rw-p 00000000 00:00 0 
7f90e5867000-7f90e586a000 ---p 00000000 00:00 0 
7f90e586a000-7f90e5968000 rw-p 00000000 00:00 0 
7f90e5968000-7f90e5971000 r-xp 00000000 08:01 11144070                   /usr/local/java/jdk1.8.0_121/jre/lib/amd64/libmanagement.so
7f90e5971000-7f90e5b70000 ---p 00009000 08:01 11144070                   /usr/local/java/jdk1.8.0_121/jre/lib/amd64/libmanagement.so
7f90e5b70000-7f90e5b71000 rw-p 00008000 08:01 11144070                   /usr/local/java/jdk1.8.0_121/jre/lib/amd64/libmanagement.so
7f90e5b71000-7f90e5b75000 r--s 0009a000 08:01 11143978                   /usr/local/java/jdk1.8.0_121/jre/lib/jsse.jar
7f90e5b75000-7f90e5b77000 r--s 00007000 08:01 34341942                   /root/.gradle/wrapper/dists/gradle-3.3-all/55gk2rcmfc6p2dg9u9ohc3hw9/gradle-3.3/lib/plugins/gradle-tooling-api-builders-3.3.jar
7f90e5b77000-7f90e5b7a000 r--s 00009000 08:01 34341935                   /root/.gradle/wrapper/dists/gradle-3.3-all/55gk2rcmfc6p2dg9u9ohc3hw9/gradle-3.3/lib/plugins/gradle-testing-native-3.3.jar
7f90e5b7a000-7f90e5b80000 r--s 00033000 08:01 34342010                   /root/.gradle/wrapper/dists/gradle-3.3-all/55gk2rcmfc6p2dg9u9ohc3hw9/gradle-3.3/lib/plugins/snakeyaml-1.6.jar
7f90e5b80000-7f90e5b82000 r--s 00006000 08:01 34342009                   /root/.gradle/wrapper/dists/gradle-3.3-all/55gk2rcmfc6p2dg9u9ohc3hw9/gradle-3.3/lib/plugins/jcommander-1.12.jar
7f90e5b82000-7f90e5b87000 r--s 00040000 08:01 34342008                   /root/.gradle/wrapper/dists/gradle-3.3-all/55gk2rcmfc6p2dg9u9ohc3hw9/gradle-3.3/lib/plugins/bsh-2.0b4.jar
7f90e5b87000-7f90e5b89000 r--s 00009000 08:01 34342016                   /root/.gradle/wrapper/dists/gradle-3.3-all/55gk2rcmfc6p2dg9u9ohc3hw9/gradle-3.3/lib/plugins/hamcrest-core-1.3.jar
7f90e5b89000-7f90e5b92000 r--s 00089000 08:01 34341967                   /root/.gradle/wrapper/dists/gradle-3.3-all/55gk2rcmfc6p2dg9u9ohc3hw9/gradle-3.3/lib/plugins/testng-6.3.1.jar
7f90e5b92000-7f90e5b9a000 r--s 00045000 08:01 34341966                   /root/.gradle/wrapper/dists/gradle-3.3-all/55gk2rcmfc6p2dg9u9ohc3hw9/gradle-3.3/lib/plugins/junit-4.12.jar
7f90e5b9a000-7f90e5ba0000 r--s 0002e000 08:01 34341936                   /root/.gradle/wrapper/dists/gradle-3.3-all/55gk2rcmfc6p2dg9u9ohc3hw9/gradle-3.3/lib/plugins/gradle-testing-jvm-3.3.jar
7f90e5ba0000-7f90e5ba4000 r--s 00016000 08:01 34341934                   /root/.gradle/wrapper/dists/gradle-3.3-all/55gk2rcmfc6p2dg9u9ohc3hw9/gradle-3.3/lib/plugins/gradle-testing-base-3.3.jar
7f90e5ba4000-7f90e5bab000 r--s 00038000 08:01 34341961                   /root/.gradle/wrapper/dists/gradle-3.3-all/55gk2rcmfc6p2dg9u9ohc3hw9/gradle-3.3/lib/plugins/bcpg-jdk15on-1.51.jar
7f90e5bab000-7f90e5bad000 r--s 0000c000 08:01 34341913                   /root/.gradle/wrapper/dists/gradle-3.3-all/55gk2rcmfc6p2dg9u9ohc3hw9/gradle-3.3/lib/plugins/gradle-signing-3.3.jar
7f90e5bad000-7f90e5baf000 r--s 00007000 08:01 34341912                   /root/.gradle/wrapper/dists/gradle-3.3-all/55gk2rcmfc6p2dg9u9ohc3hw9/gradle-3.3/lib/plugins/gradle-scala-3.3.jar
7f90e5baf000-7f90e5bb0000 r--s 00004000 08:01 34341940                   /root/.gradle/wrapper/dists/gradle-3.3-all/55gk2rcmfc6p2dg9u9ohc3hw9/gradle-3.3/lib/plugins/gradle-resources-sftp-3.3.jar
7f90e5bb0000-7f90e5bc0000 r--s 00088000 08:01 34341977                   /root/.gradle/wrapper/dists/gradle-3.3-all/55gk2rcmfc6p2dg9u9ohc3hw9/gradle-3.3/lib/plugins/joda-time-2.8.2.jar
7f90e5bc0000-7f90e5bd1000 r--s 0010d000 08:01 34341976                   /root/.gradle/wrapper/dists/gradle-3.3-all/55gk2rcmfc6p2dg9u9ohc3hw9/gradle-3.3/lib/plugins/jackson-databind-2.6.6.jar
7f90e5bd1000-7f90e5bd4000 r--s 00009000 08:01 34341975                   /root/.gradle/wrapper/dists/gradle-3.3-all/55gk2rcmfc6p2dg9u9ohc3hw9/gradle-3.3/lib/plugins/jackson-annotations-2.6.6.jar
7f90e5bd4000-7f90e5bd8000 r--s 0003c000 08:01 34341974                   /root/.gradle/wrapper/dists/gradle-3.3-all/55gk2rcmfc6p2dg9u9ohc3hw9/gradle-3.3/lib/plugins/jackson-core-2.6.6.jar
7f90e5bd8000-7f90e5be6000 r--s 00087000 08:01 34341973                   /root/.gradle/wrapper/dists/gradle-3.3-all/55gk2rcmfc6p2dg9u9ohc3hw9/gradle-3.3/lib/plugins/aws-java-sdk-core-1.11.6.jar
7f90e5be6000-7f90e5bed000 r--s 00057000 08:01 34341972                   /root/.gradle/wrapper/dists/gradle-3.3-all/55gk2rcmfc6p2dg9u9ohc3hw9/gradle-3.3/lib/plugins/aws-java-sdk-kms-1.11.6.jar
7f90e5bed000-7f90e5bfa000 r--s 0008e000 08:01 34341971                   /root/.gradle/wrapper/dists/gradle-3.3-all/55gk2rcmfc6p2dg9u9ohc3hw9/gradle-3.3/lib/plugins/aws-java-sdk-s3-1.11.6.jar
7f90e5bfa000-7f90e5bfc000 r--s 00004000 08:01 34341941                   /root/.gradle/wrapper/dists/gradle-3.3-all/55gk2rcmfc6p2dg9u9ohc3hw9/gradle-3.3/lib/plugins/gradle-resources-s3-3.3.jar
7f90e5bfc000-7f90e5bfe000 r--s 00005000 08:01 34341965                   /root/.gradle/wrapper/dists/gradle-3.3-all/55gk2rcmfc6p2dg9u9ohc3hw9/gradle-3.3/lib/plugins/jatl-0.2.2.jar
7f90e5bfe000-7f90e5c00000 r--s 0000f000 08:01 34341918                   /root/.gradle/wrapper/dists/gradle-3.3-all/55gk2rcmfc6p2dg9u9ohc3hw9/gradle-3.3/lib/plugins/gradle-reporting-3.3.jar
7f90e5c00000-7f90e5c02000 r--s 00002000 08:01 34341919                   /root/.gradle/wrapper/dists/gradle-3.3-all/55gk2rcmfc6p2dg9u9ohc3hw9/gradle-3.3/lib/plugins/gradle-publish-3.3.jar
7f90e5c02000-7f90e5c04000 r--s 00009000 08:01 34341948                   /root/.gradle/wrapper/dists/gradle-3.3-all/55gk2rcmfc6p2dg9u9ohc3hw9/gradle-3.3/lib/plugins/commons-cli-1.2.jar
7f90e5c04000-7f90e5c0a000 r--s 00031000 08:01 34341904                   /root/.gradle/wrapper/dists/gradle-3.3-all/55gk2rcmfc6p2dg9u9ohc3hw9/gradle-3.3/lib/plugins/gradle-plugins-3.3.jar
7f90e5c0a000-7f90e5c0c000 r--s 00009000 08:01 34341937                   /root/.gradle/wrapper/dists/gradle-3.3-all/55gk2rcmfc6p2dg9u9ohc3hw9/gradle-3.3/lib/plugins/gradle-plugin-development-3.3.jar
7f90e5c0c000-7f90e5c12000 r--s 0002b000 08:01 34341930                   /root/.gradle/wrapper/dists/gradle-3.3-all/55gk2rcmfc6p2dg9u9ohc3hw9/gradle-3.3/lib/plugins/gradle-platform-play-3.3.jar
7f90e5c12000-7f90e5c20000 r--s 00055000 08:01 34341929                   /root/.gradle/wrapper/dists/gradle-3.3-all/55gk2rcmfc6p2dg9u9ohc3hw9/gradle-3.3/lib/plugins/gradle-platform-native-3.3.jar
7f90e5c20000-7f90e5c25000 r--s 0001f000 08:01 34341924                   /root/.gradle/wrapper/dists/gradle-3.3-all/55gk2rcmfc6p2dg9u9ohc3hw9/gradle-3.3/lib/plugins/gradle-platform-jvm-3.3.jar
7f90e5c25000-7f90e5c2d000 r--s 00027000 08:01 34341923                   /root/.gradle/wrapper/dists/gradle-3.3-all/55gk2rcmfc6p2dg9u9ohc3hw9/gradle-3.3/lib/plugins/gradle-platform-base-3.3.jar
7f90e5c2d000-7f90e5c55000 r--s 0021c000 08:01 34341956                   /root/.gradle/wrapper/dists/gradle-3.3-all/55gk2rcmfc6p2dg9u9ohc3hw9/gradle-3.3/lib/plugins/biz.aQute.bndlib-3.2.0.jar
7f90e5c55000-7f90e5c57000 r--s 00003000 08:01 34341908                   /root/.gradle/wrapper/dists/gradle-3.3-all/55gk2rcmfc6p2dg9u9ohc3hw9/gradle-3.3/lib/plugins/gradle-osgi-3.3.jar
7f90e5c57000-7f90e5c5a000 r--s 0000c000 08:01 34341959                   /root/.gradle/wrapper/dists/gradle-3.3-all/55gk2rcmfc6p2dg9u9ohc3hw9/gradle-3.3/lib/plugins/pmaven-groovy-0.8-20100325.jar
7f90e5c5a000-7f90e5c5b000 r--s 00004000 08:01 34341958                   /root/.gradle/wrapper/dists/gradle-3.3-all/55gk2rcmfc6p2dg9u9ohc3hw9/gradle-3.3/lib/plugins/pmaven-common-0.8-20100325.jar
7f90e5c5b000-7f90e5c61000 r--s 00023000 08:01 34341909                   /root/.gradle/wrapper/dists/gradle-3.3-all/55gk2rcmfc6p2dg9u9ohc3hw9/gradle-3.3/lib/plugins/gradle-maven-3.3.jar
7f90e5c61000-7f90e5c64000 r--s 0000b000 08:01 34341928                   /root/.gradle/wrapper/dists/gradle-3.3-all/55gk2rcmfc6p2dg9u9ohc3hw9/gradle-3.3/lib/plugins/gradle-language-scala-3.3.jar
7f90e5c64000-7f90e5c6a000 r--s 0001a000 08:01 34341932                   /root/.gradle/wrapper/dists/gradle-3.3-all/55gk2rcmfc6p2dg9u9ohc3hw9/gradle-3.3/lib/plugins/gradle-language-native-3.3.jar
7f90e5c6a000-7f90e5c6d000 r--s 00005000 08:01 34341925                   /root/.gradle/wrapper/dists/gradle-3.3-all/55gk2rcmfc6p2dg9u9ohc3hw9/gradle-3.3/lib/plugins/gradle-language-jvm-3.3.jar
7f90e5c6d000-7f90e5c73000 r--s 00027000 08:01 34341926                   /root/.gradle/wrapper/dists/gradle-3.3-all/55gk2rcmfc6p2dg9u9ohc3hw9/gradle-3.3/lib/plugins/gradle-language-java-3.3.jar
7f90e5c73000-7f90e5c75000 r--s 0000a000 08:01 34341927                   /root/.gradle/wrapper/dists/gradle-3.3-all/55gk2rcmfc6p2dg9u9ohc3hw9/gradle-3.3/lib/plugins/gradle-language-groovy-3.3.jar
7f90e5c75000-7f90e5c78000 r--s 0001e000 08:01 34341983                   /root/.gradle/wrapper/dists/gradle-3.3-all/55gk2rcmfc6p2dg9u9ohc3hw9/gradle-3.3/lib/plugins/jsp-api-2.1-6.1.14.jar
7f90e5c78000-7f90e5c9b000 r--s 00344000 08:01 34341982                   /root/.gradle/wrapper/dists/gradle-3.3-all/55gk2rcmfc6p2dg9u9ohc3hw9/gradle-3.3/lib/plugins/core-3.1.1.jar
7f90e5c9b000-7f90e5c9c000 r--s 00006000 08:01 34341981                   /root/.gradle/wrapper/dists/gradle-3.3-all/55gk2rcmfc6p2dg9u9ohc3hw9/gradle-3.3/lib/plugins/jetty-naming-6.1.26.jar
7f90e5c9c000-7f90e5c9d000 r--s 00002000 08:01 34341955                   /root/.gradle/wrapper/dists/gradle-3.3-all/55gk2rcmfc6p2dg9u9ohc3hw9/gradle-3.3/lib/plugins/geronimo-annotation_1.0_spec-1.0.jar
7f90e5c9d000-7f90e5c9f000 r--s 00002000 08:01 34341954                   /root/.gradle/wrapper/dists/gradle-3.3-all/55gk2rcmfc6p2dg9u9ohc3hw9/gradle-3.3/lib/plugins/jetty-annotations-6.1.26.jar
7f90e5c9f000-7f90e5cb0000 r--s 000ea000 08:01 34341953                   /root/.gradle/wrapper/dists/gradle-3.3-all/55gk2rcmfc6p2dg9u9ohc3hw9/gradle-3.3/lib/plugins/jsp-2.1-6.1.14.jar
7f90e5cb0000-7f90e5cb2000 r--s 0000d000 08:01 34341952                   /root/.gradle/wrapper/dists/gradle-3.3-all/55gk2rcmfc6p2dg9u9ohc3hw9/gradle-3.3/lib/plugins/jetty-plus-6.1.26.jar
7f90e5cb2000-7f90e5cb4000 r--s 0001f000 08:01 34341951                   /root/.gradle/wrapper/dists/gradle-3.3-all/55gk2rcmfc6p2dg9u9ohc3hw9/gradle-3.3/lib/plugins/servlet-api-2.5-20081211.jar
7f90e5cb4000-7f90e5cb8000 r--s 00028000 08:01 34341950                   /root/.gradle/wrapper/dists/gradle-3.3-all/55gk2rcmfc6p2dg9u9ohc3hw9/gradle-3.3/lib/plugins/jetty-util-6.1.26.jar
7f90e5cb8000-7f90e5cbf000 r--s 0007d000 08:01 34341949                   /root/.gradle/wrapper/dists/gradle-3.3-all/55gk2rcmfc6p2dg9u9ohc3hw9/gradle-3.3/lib/plugins/jetty-6.1.26.jar
7f90e5cbf000-7f90e5cc1000 r--s 0000a000 08:01 34341906                   /root/.gradle/wrapper/dists/gradle-3.3-all/55gk2rcmfc6p2dg9u9ohc3hw9/gradle-3.3/lib/plugins/gradle-jetty-3.3.jar
7f90e5cc1000-7f90e5cc8000 r--s 00035000 08:01 34341964                   /root/.gradle/wrapper/dists/gradle-3.3-all/55gk2rcmfc6p2dg9u9ohc3hw9/gradle-3.3/lib/plugins/simple-4.1.21.jar
7f90e5cc8000-7f90e5cd4000 r--s 00100000 08:01 34341962                   /root/.gradle/wrapper/dists/gradle-3.3-all/55gk2rcmfc6p2dg9u9ohc3hw9/gradle-3.3/lib/plugins/rhino-1.7R3.jar
7f90e5cd4000-7f90e5cd8000 r--s 00012000 08:01 34341915                   /root/.gradle/wrapper/dists/gradle-3.3-all/55gk2rcmfc6p2dg9u9ohc3hw9/gradle-3.3/lib/plugins/gradle-javascript-3.3.jar
7f90e5cd8000-7f90e5cda000 r--s 0000d000 08:01 34341921                   /root/.gradle/wrapper/dists/gradle-3.3-all/55gk2rcmfc6p2dg9u9ohc3hw9/gradle-3.3/lib/plugins/gradle-jacoco-3.3.jar
7f90e5cda000-7f90e5cdd000 r--s 0000e000 08:01 34341920                   /root/.gradle/wrapper/dists/gradle-3.3-all/55gk2rcmfc6p2dg9u9ohc3hw9/gradle-3.3/lib/plugins/gradle-ivy-3.3.jar
7f90e5cdd000-7f90e5cde000 r--s 00002000 08:01 34341931                   /root/.gradle/wrapper/dists/gradle-3.3-all/55gk2rcmfc6p2dg9u9ohc3hw9/gradle-3.3/lib/plugins/gradle-ide-play-3.3.jar
7f90e5cde000-7f90e5ce1000 r--s 00013000 08:01 34341933                   /root/.gradle/wrapper/dists/gradle-3.3-all/55gk2rcmfc6p2dg9u9ohc3hw9/gradle-3.3/lib/plugins/gradle-ide-native-3.3.jar
7f90e5ce1000-7f90e5cea000 r--s 00055000 08:01 34341910                   /root/.gradle/wrapper/dists/gradle-3.3-all/55gk2rcmfc6p2dg9u9ohc3hw9/gradle-3.3/lib/plugins/gradle-ide-3.3.jar
7f90e5cea000-7f90e5cec000 r--s 00007000 08:01 34341914                   /root/.gradle/wrapper/dists/gradle-3.3-all/55gk2rcmfc6p2dg9u9ohc3hw9/gradle-3.3/lib/plugins/gradle-ear-3.3.jar
7f90e5cec000-7f90e5cf2000 r--s 00039000 08:01 34341917                   /root/.gradle/wrapper/dists/gradle-3.3-all/55gk2rcmfc6p2dg9u9ohc3hw9/gradle-3.3/lib/plugins/gradle-diagnostics-3.3.jar
7f90e5cf2000-7f90e5cf3000 r--s 00009000 08:01 34341943                   /root/.gradle/wrapper/dists/gradle-3.3-all/55gk2rcmfc6p2dg9u9ohc3hw9/gradle-3.3/lib/plugins/gradle-composite-builds-3.3.jar
7f90e5cf3000-7f90e5cf7000 r--s 00023000 08:01 34341905                   /root/.gradle/wrapper/dists/gradle-3.3-all/55gk2rcmfc6p2dg9u9ohc3hw9/gradle-3.3/lib/plugins/gradle-code-quality-3.3.jar
7f90e5cf7000-7f90e5cfb000 r--s 00022000 08:01 34341922                   /root/.gradle/wrapper/dists/gradle-3.3-all/55gk2rcmfc6p2dg9u9ohc3hw9/gradle-3.3/lib/plugins/gradle-build-init-3.3.jar
7f90e5cfb000-7f90e5d01000 r--s 0008e000 08:01 34341916                   /root/.gradle/wrapper/dists/gradle-3.3-all/55gk2rcmfc6p2dg9u9ohc3hw9/gradle-3.3/lib/plugins/gradle-build-comparison-3.3.jar
7f90e5d01000-7f90e5d02000 r--s 00001000 08:01 34341944                   /root/.gradle/wrapper/dists/gradle-3.3-all/55gk2rcmfc6p2dg9u9ohc3hw9/gradle-3.3/lib/plugins/gradle-build-cache-http-3.3.jar
7f90e5d02000-7f90e5d04000 r--s 00008000 08:01 34341907                   /root/.gradle/wrapper/dists/gradle-3.3-all/55gk2rcmfc6p2dg9u9ohc3hw9/gradle-3.3/lib/plugins/gradle-antlr-3.3.jar
7f90e5d04000-7f90e5d06000 r--s 00004000 08:01 34341911                   /root/.gradle/wrapper/dists/gradle-3.3-all/55gk2rcmfc6p2dg9u9ohc3hw9/gradle-3.3/lib/plugins/gradle-announce-3.3.jar
7f90e5d06000-7f90e5d1e000 r--s 00115000 08:01 34342013                   /root/.gradle/wrapper/dists/gradle-3.3-all/55gk2rcmfc6p2dg9u9ohc3hw9/gradle-3.3/lib/plugins/xercesImpl-2.9.1.jar
7f90e5d1e000-7f90e5d26000 r--s 00028000 08:01 34342014                   /root/.gradle/wrapper/dists/gradle-3.3-all/55gk2rcmfc6p2dg9u9ohc3hw9/gradle-3.3/lib/plugins/xml-apis-1.3.04.jar
7f90e5d26000-7f90e5d2c000 r--s 0005b000 08:01 34342012                   /root/.gradle/wrapper/dists/gradle-3.3-all/55gk2rcmfc6p2dg9u9ohc3hw9/gradle-3.3/lib/plugins/jcifs-1.3.17.jar
7f90e5d2c000-7f90e5d32000 r--s 00033000 08:01 34341960                   /root/.gradle/wrapper/dists/gradle-3.3-all/55gk2rcmfc6p2dg9u9ohc3hw9/gradle-3.3/lib/plugins/commons-codec-1.6.jar
7f90e5d32000-7f90e5d39000 r--s 00049000 08:01 34342011                   /root/.gradle/wrapper/dists/gradle-3.3-all/55gk2rcmfc6p2dg9u9ohc3hw9/gradle-3.3/lib/plugins/httpcore-4.4.4.jar
7f90e5d39000-7f90e5d3c000 r--s 0001c000 08:01 34341969                   /root/.gradle/wrapper/dists/gradle-3.3-all/55gk2rcmfc6p2dg9u9ohc3hw9/gradle-3.3/lib/plugins/nekohtml-1.9.14.jar
7f90e5d3c000-7f90e5d49000 r--s 000a4000 08:01 34341968                   /root/.gradle/wrapper/dists/gradle-3.3-all/55gk2rcmfc6p2dg9u9ohc3hw9/gradle-3.3/lib/plugins/httpclient-4.4.1.jar
7f90e5d49000-7f90e5d4c000 r--s 0000a000 08:01 34341939                   /root/.gradle/wrapper/dists/gradle-3.3-all/55gk2rcmfc6p2dg9u9ohc3hw9/gradle-3.3/lib/plugins/gradle-resources-http-3.3.jar
7f90e5d4c000-7f90e5d50000 r--s 00015000 08:01 34341938                   /root/.gradle/wrapper/dists/gradle-3.3-all/55gk2rcmfc6p2dg9u9ohc3hw9/gradle-3.3/lib/plugins/gradle-plugin-use-3.3.jar
7f90e5d50000-7f90e5d51000 r--s 00000000 08:01 34341850                   /root/.gradle/wrapper/dists/gradle-3.3-all/55gk2rcmfc6p2dg9u9ohc3hw9/gradle-3.3/lib/gradle-installation-beacon-3.3.jar
7f90e5d51000-7f90e5d53000 r--s 00006000 08:01 34342007                   /root/.gradle/wrapper/dists/gradle-3.3-all/55gk2rcmfc6p2dg9u9ohc3hw9/gradle-3.3/lib/plugins/aether-connector-wagon-1.13.1.jar
7f90e5d53000-7f90e5d57000 r--s 0001c000 08:01 34342006                   /root/.gradle/wrapper/dists/gradle-3.3-all/55gk2rcmfc6p2dg9u9ohc3hw9/gradle-3.3/lib/plugins/aether-util-1.13.1.jar
7f90e5d57000-7f90e5d58000 r--s 00003000 08:01 34342005                   /root/.gradle/wrapper/dists/gradle-3.3-all/55gk2rcmfc6p2dg9u9ohc3hw9/gradle-3.3/lib/plugins/aether-spi-1.13.1.jar
7f90e5d58000-7f90e5d5b000 r--s 0001d000 08:01 34342004                   /root/.gradle/wrapper/dists/gradle-3.3-all/55gk2rcmfc6p2dg9u9ohc3hw9/gradle-3.3/lib/plugins/aether-impl-1.13.1.jar
7f90e5d5b000-7f90e5d5e000 r--s 00013000 08:01 34342003                   /root/.gradle/wrapper/dists/gradle-3.3-all/55gk2rcmfc6p2dg9u9ohc3hw9/gradle-3.3/lib/plugins/aether-api-1.13.1.jar
7f90e5d5e000-7f90e5d5f000 r--s 00007000 08:01 34342002                   /root/.gradle/wrapper/dists/gradle-3.3-all/55gk2rcmfc6p2dg9u9ohc3hw9/gradle-3.3/lib/plugins/wagon-http-shared4-2.4.jar
7f90e5d5f000-7f90e5d61000 r--s 0000b000 08:01 34342001                   /root/.gradle/wrapper/dists/gradle-3.3-all/55gk2rcmfc6p2dg9u9ohc3hw9/gradle-3.3/lib/plugins/wagon-provider-api-2.4.jar
7f90e5d61000-7f90e5d62000 r--s 00002000 08:01 34342000                   /root/.gradle/wrapper/dists/gradle-3.3-all/55gk2rcmfc6p2dg9u9ohc3hw9/gradle-3.3/lib/plugins/wagon-http-2.4.jar
7f90e5d62000-7f90e5d63000 r--s 00002000 08:01 34341999                   /root/.gradle/wrapper/dists/gradle-3.3-all/55gk2rcmfc6p2dg9u9ohc3hw9/gradle-3.3/lib/plugins/wagon-file-2.4.jar
7f90e5d63000-7f90e5d65000 r--s 0000c000 08:01 34341998                   /root/.gradle/wrapper/dists/gradle-3.3-all/55gk2rcmfc6p2dg9u9ohc3hw9/gradle-3.3/lib/plugins/maven-aether-provider-3.0.4.jar
7f90e5d65000-7f90e5d67000 r--s 0000b000 08:01 34341997                   /root/.gradle/wrapper/dists/gradle-3.3-all/55gk2rcmfc6p2dg9u9ohc3hw9/gradle-3.3/lib/plugins/maven-plugin-api-3.0.4.jar
7f90e5d67000-7f90e5d69000 r--s 00006000 08:01 34341996                   /root/.gradle/wrapper/dists/gradle-3.3-all/55gk2rcmfc6p2dg9u9ohc3hw9/gradle-3.3/lib/plugins/maven-repository-metadata-3.0.4.jar
7f90e5d69000-7f90e5d6b000 r--s 0000b000 08:01 34341995                   /root/.gradle/wrapper/dists/gradle-3.3-all/55gk2rcmfc6p2dg9u9ohc3hw9/gradle-3.3/lib/plugins/maven-artifact-3.0.4.jar
7f90e5d6b000-7f90e5d6d000 r--s 00026000 08:01 34341994                   /root/.gradle/wrapper/dists/gradle-3.3-all/55gk2rcmfc6p2dg9u9ohc3hw9/gradle-3.3/lib/plugins/maven-model-3.0.4.jar
7f90e5d6d000-7f90e5d71000 r--s 00021000 08:01 34341993                   /root/.gradle/wrapper/dists/gradle-3.3-all/55gk2rcmfc6p2dg9u9ohc3hw9/gradle-3.3/lib/plugins/maven-model-builder-3.0.4.jar
7f90e5d71000-7f90e5d77000 r--s 0003f000 08:01 34341992                   /root/.gradle/wrapper/dists/gradle-3.3-all/55gk2rcmfc6p2dg9u9ohc3hw9/gradle-3.3/lib/plugins/maven-compat-3.0.4.jar
7f90e5d77000-7f90e5d78000 r--s 00006000 08:01 34341991                   /root/.gradle/wrapper/dists/gradle-3.3-all/55gk2rcmfc6p2dg9u9ohc3hw9/gradle-3.3/lib/plugins/plexus-sec-dispatcher-1.3.jar
7f90e5d78000-7f90e5d7a000 r--s 00002000 08:01 34341990                   /root/.gradle/wrapper/dists/gradle-3.3-all/55gk2rcmfc6p2dg9u9ohc3hw9/gradle-3.3/lib/plugins/plexus-cipher-1.7.jar
7f90e5d7a000-7f90e5d7c000 r--s 0000a000 08:01 34341989                   /root/.gradle/wrapper/dists/gradle-3.3-all/55gk2rcmfc6p2dg9u9ohc3hw9/gradle-3.3/lib/plugins/plexus-classworlds-2.4.jar
7f90e5d7c000-7f90e5d83000 r--s 0002e000 08:01 34341988                   /root/.gradle/wrapper/dists/gradle-3.3-all/55gk2rcmfc6p2dg9u9ohc3hw9/gradle-3.3/lib/plugins/plexus-container-default-1.5.5.jar
7f90e5d83000-7f90e5d85000 r--s 00000000 08:01 34342015                   /root/.gradle/wrapper/dists/gradle-3.3-all/55gk2rcmfc6p2dg9u9ohc3hw9/gradle-3.3/lib/plugins/plexus-component-annotations-1.5.5.jar
7f90e5d85000-7f90e5d87000 r--s 0000d000 08:01 34341987                   /root/.gradle/wrapper/dists/gradle-3.3-all/55gk2rcmfc6p2dg9u9ohc3hw9/gradle-3.3/lib/plugins/plexus-interpolation-1.14.jar
7f90e5d87000-7f90e5d8b000 r--s 00033000 08:01 34341986                   /root/.gradle/wrapper/dists/gradle-3.3-all/55gk2rcmfc6p2dg9u9ohc3hw9/gradle-3.3/lib/plugins/plexus-utils-2.0.6.jar
7f90e5d8b000-7f90e5d8e000 r--s 00008000 08:01 34341985                   /root/.gradle/wrapper/dists/gradle-3.3-all/55gk2rcmfc6p2dg9u9ohc3hw9/gradle-3.3/lib/plugins/maven-settings-builder-3.0.4.jar
7f90e5d8e000-7f90e5d93000 r--s 00040000 08:01 34341970                   /root/.gradle/wrapper/dists/gradle-3.3-all/55gk2rcmfc6p2dg9u9ohc3hw9/gradle-3.3/lib/plugins/jsch-0.1.53.jar
7f90e5d93000-7f90e5dd3000 r--s 00277000 08:01 34341980                   /root/.gradle/wrapper/dists/gradle-3.3-all/55gk2rcmfc6p2dg9u9ohc3hw9/gradle-3.3/lib/plugins/bcprov-jdk15on-1.51.jar
7f90e5dd3000-7f90e5ddf000 r--s 0007d000 08:01 34341957                   /root/.gradle/wrapper/dists/gradle-3.3-all/55gk2rcmfc6p2dg9u9ohc3hw9/gradle-3.3/lib/plugins/maven-core-3.0.4.jar
7f90e5ddf000-7f90e5dfe000 r--s 000f6000 08:01 34341946                   /root/.gradle/wrapper/dists/gradle-3.3-all/55gk2rcmfc6p2dg9u9ohc3hw9/gradle-3.3/lib/plugins/gradle-dependency-management-3.3.jar
7f90e5dfe000-7f90e5e14000 r-xp 00000000 08:01 4985220                    /lib/x86_64-linux-gnu/libgcc_s.so.1
7f90e5e14000-7f90e6013000 ---p 00016000 08:01 4985220                    /lib/x86_64-linux-gnu/libgcc_s.so.1
7f90e6013000-7f90e6014000 rw-p 00015000 08:01 4985220                    /lib/x86_64-linux-gnu/libgcc_s.so.1
7f90e6014000-7f90e6186000 r-xp 00000000 08:01 11012225                   /usr/lib/x86_64-linux-gnu/libstdc++.so.6.0.21
7f90e6186000-7f90e6386000 ---p 00172000 08:01 11012225                   /usr/lib/x86_64-linux-gnu/libstdc++.so.6.0.21
7f90e6386000-7f90e6390000 r--p 00172000 08:01 11012225                   /usr/lib/x86_64-linux-gnu/libstdc++.so.6.0.21
7f90e6390000-7f90e6392000 rw-p 0017c000 08:01 11012225                   /usr/lib/x86_64-linux-gnu/libstdc++.so.6.0.21
7f90e6392000-7f90e6396000 rw-p 00000000 00:00 0 
7f90e6396000-7f90e6398000 r--s 0000a000 08:01 34341984                   /root/.gradle/wrapper/dists/gradle-3.3-all/55gk2rcmfc6p2dg9u9ohc3hw9/gradle-3.3/lib/plugins/maven-settings-3.0.4.jar
7f90e6398000-7f90e639c000 r--s 0001d000 08:01 34341979                   /root/.gradle/wrapper/dists/gradle-3.3-all/55gk2rcmfc6p2dg9u9ohc3hw9/gradle-3.3/lib/plugins/xbean-reflect-3.4.jar
7f90e639c000-7f90e63a1000 r--s 00034000 08:01 34341963                   /root/.gradle/wrapper/dists/gradle-3.3-all/55gk2rcmfc6p2dg9u9ohc3hw9/gradle-3.3/lib/plugins/gson-2.7.jar
7f90e63a1000-7f90e63b0000 r--s 000d9000 08:01 34341978                   /root/.gradle/wrapper/dists/gradle-3.3-all/55gk2rcmfc6p2dg9u9ohc3hw9/gradle-3.3/lib/plugins/ivy-2.2.0.jar
7f90e63b0000-7f90e63b2000 r--s 00005000 08:01 34341945                   /root/.gradle/wrapper/dists/gradle-3.3-all/55gk2rcmfc6p2dg9u9ohc3hw9/gradle-3.3/lib/plugins/gradle-workers-3.3.jar
7f90e63b2000-7f90e63b7000 r-xp 00000000 08:01 34345271                   /root/.gradle/native/23/linux-amd64/libnative-platform.so
7f90e63b7000-7f90e65b6000 ---p 00005000 08:01 34345271                   /root/.gradle/native/23/linux-amd64/libnative-platform.so
7f90e65b6000-7f90e65b7000 rw-p 00004000 08:01 34345271                   /root/.gradle/native/23/linux-amd64/libnative-platform.so
7f90e65b7000-7f90e65c8000 r-xp 00000000 08:01 11144059                   /usr/local/java/jdk1.8.0_121/jre/lib/amd64/libnio.so
7f90e65c8000-7f90e67c7000 ---p 00011000 08:01 11144059                   /usr/local/java/jdk1.8.0_121/jre/lib/amd64/libnio.so
7f90e67c7000-7f90e67c8000 rw-p 00010000 08:01 11144059                   /usr/local/java/jdk1.8.0_121/jre/lib/amd64/libnio.so
7f90e67c8000-7f90e6ac9000 rw-p 00000000 00:00 0 
7f90e6ac9000-7f90e6adf000 r-xp 00000000 08:01 11144034                   /usr/local/java/jdk1.8.0_121/jre/lib/amd64/libnet.so
7f90e6adf000-7f90e6cdf000 ---p 00016000 08:01 11144034                   /usr/local/java/jdk1.8.0_121/jre/lib/amd64/libnet.so
7f90e6cdf000-7f90e6ce0000 rw-p 00016000 08:01 11144034                   /usr/local/java/jdk1.8.0_121/jre/lib/amd64/libnet.so
7f90e6ce0000-7f90e6ce1000 r--s 00006000 08:01 34341849                   /root/.gradle/wrapper/dists/gradle-3.3-all/55gk2rcmfc6p2dg9u9ohc3hw9/gradle-3.3/lib/gradle-wrapper-3.3.jar
7f90e6ce1000-7f90e6cee000 r--s 00041000 08:01 34341856                   /root/.gradle/wrapper/dists/gradle-3.3-all/55gk2rcmfc6p2dg9u9ohc3hw9/gradle-3.3/lib/gradle-tooling-api-3.3.jar
7f90e6cee000-7f90e6cf0000 r--s 00002000 08:01 34341876                   /root/.gradle/wrapper/dists/gradle-3.3-all/55gk2rcmfc6p2dg9u9ohc3hw9/gradle-3.3/lib/gradle-open-api-3.3.jar
7f90e6cf0000-7f90e6cf6000 r--s 00032000 08:01 34341878                   /root/.gradle/wrapper/dists/gradle-3.3-all/55gk2rcmfc6p2dg9u9ohc3hw9/gradle-3.3/lib/jaxen-1.1.jar
7f90e6cf6000-7f90e6cfb000 r--s 00048000 08:01 34341877                   /root/.gradle/wrapper/dists/gradle-3.3-all/55gk2rcmfc6p2dg9u9ohc3hw9/gradle-3.3/lib/dom4j-1.6.1.jar
7f90e6cfb000-7f90e6d06000 r--s 00059000 08:01 34341855                   /root/.gradle/wrapper/dists/gradle-3.3-all/55gk2rcmfc6p2dg9u9ohc3hw9/gradle-3.3/lib/gradle-ui-3.3.jar
7f90e6d06000-7f90e6d0f000 r--s 0008c000 08:01 34341847                   /root/.gradle/wrapper/dists/gradle-3.3-all/55gk2rcmfc6p2dg9u9ohc3hw9/gradle-3.3/lib/kotlin-stdlib-1.1-M02.jar
7f90e6d0f000-7f90e6d15000 r--s 0002a000 08:01 34341846                   /root/.gradle/wrapper/dists/gradle-3.3-all/55gk2rcmfc6p2dg9u9ohc3hw9/gradle-3.3/lib/kotlin-runtime-1.1-M02.jar
7f90e6d15000-7f90e6d49000 r--s 00256000 08:01 34341845                   /root/.gradle/wrapper/dists/gradle-3.3-all/55gk2rcmfc6p2dg9u9ohc3hw9/gradle-3.3/lib/kotlin-reflect-1.1-M02.jar
7f90e6d49000-7f90e6edf000 r--s 0157e000 08:01 34341844                   /root/.gradle/wrapper/dists/gradle-3.3-all/55gk2rcmfc6p2dg9u9ohc3hw9/gradle-3.3/lib/kotlin-compiler-embeddable-1.1-M02.jar
7f90e6edf000-7f90e6ee7000 r--s 0004e000 08:01 34341843                   /root/.gradle/wrapper/dists/gradle-3.3-all/55gk2rcmfc6p2dg9u9ohc3hw9/gradle-3.3/lib/gradle-script-kotlin-0.5.1.jar
7f90e6ee7000-7f90e6eea000 r--s 0000b000 08:01 34341874                   /root/.gradle/wrapper/dists/gradle-3.3-all/55gk2rcmfc6p2dg9u9ohc3hw9/gradle-3.3/lib/gradle-resources-3.3.jar
7f90e6eea000-7f90e6eec000 r--s 00003000 08:01 34341883                   /root/.gradle/wrapper/dists/gradle-3.3-all/55gk2rcmfc6p2dg9u9ohc3hw9/gradle-3.3/lib/jcl-over-slf4j-1.7.10.jar
7f90e6eec000-7f90e6eed000 r--s 00005000 08:01 34341882                   /root/.gradle/wrapper/dists/gradle-3.3-all/55gk2rcmfc6p2dg9u9ohc3hw9/gradle-3.3/lib/log4j-over-slf4j-1.7.10.jar
7f90e6eed000-7f90e6eef000 r--s 00000000 08:01 34341881                   /root/.gradle/wrapper/dists/gradle-3.3-all/55gk2rcmfc6p2dg9u9ohc3hw9/gradle-3.3/lib/jul-to-slf4j-1.7.10.jar
7f90e6eef000-7f90e6ef4000 r--s 0001e000 08:01 34341858                   /root/.gradle/wrapper/dists/gradle-3.3-all/55gk2rcmfc6p2dg9u9ohc3hw9/gradle-3.3/lib/gradle-logging-3.3.jar
7f90e6ef4000-7f90e6ef6000 r--s 00007000 08:01 34341902                   /root/.gradle/wrapper/dists/gradle-3.3-all/55gk2rcmfc6p2dg9u9ohc3hw9/gradle-3.3/lib/objenesis-1.2.jar
7f90e6ef6000-7f90e6ef8000 r--s 00000000 08:01 34341901                   /root/.gradle/wrapper/dists/gradle-3.3-all/55gk2rcmfc6p2dg9u9ohc3hw9/gradle-3.3/lib/minlog-1.2.jar
7f90e6ef8000-7f90e6efa000 r--s 0000f000 08:01 34341900                   /root/.gradle/wrapper/dists/gradle-3.3-all/55gk2rcmfc6p2dg9u9ohc3hw9/gradle-3.3/lib/reflectasm-1.07-shaded.jar
7f90e6efa000-7f90e6efe000 r--s 00026000 08:01 34341885                   /root/.gradle/wrapper/dists/gradle-3.3-all/55gk2rcmfc6p2dg9u9ohc3hw9/gradle-3.3/lib/kryo-2.20.jar
7f90e6efe000-7f90e6f04000 r--s 00027000 08:01 34341873                   /root/.gradle/wrapper/dists/gradle-3.3-all/55gk2rcmfc6p2dg9u9ohc3hw9/gradle-3.3/lib/gradle-messaging-3.3.jar
7f90e6f04000-7f90e6f05000 r--s 00001000 08:01 34341899                   /root/.gradle/wrapper/dists/gradle-3.3-all/55gk2rcmfc6p2dg9u9ohc3hw9/gradle-3.3/lib/native-platform-linux-i386-ncurses6-0.12.jar
7f90e6f05000-7f90e6f06000 r--s 00001000 08:01 34341898                   /root/.gradle/wrapper/dists/gradle-3.3-all/55gk2rcmfc6p2dg9u9ohc3hw9/gradle-3.3/lib/native-platform-linux-i386-ncurses5-0.12.jar
7f90e6f06000-7f90e6f07000 r--s 00001000 08:01 34341897                   /root/.gradle/wrapper/dists/gradle-3.3-all/55gk2rcmfc6p2dg9u9ohc3hw9/gradle-3.3/lib/native-platform-linux-amd64-ncurses6-0.12.jar
7f90e6f07000-7f90e6f08000 r--s 00001000 08:01 34341896                   /root/.gradle/wrapper/dists/gradle-3.3-all/55gk2rcmfc6p2dg9u9ohc3hw9/gradle-3.3/lib/native-platform-linux-amd64-ncurses5-0.12.jar
7f90e6f08000-7f90e6f0a000 r--s 0000b000 08:01 34341894                   /root/.gradle/wrapper/dists/gradle-3.3-all/55gk2rcmfc6p2dg9u9ohc3hw9/gradle-3.3/lib/native-platform-windows-amd64-0.12.jar
7f90e6f0a000-7f90e6f19000 r--s 0007f000 08:01 34341864                   /root/.gradle/wrapper/dists/gradle-3.3-all/55gk2rcmfc6p2dg9u9ohc3hw9/gradle-3.3/lib/gradle-model-core-3.3.jar
7f90e6f19000-7f90e6f1a000 ---p 00000000 00:00 0 
7f90e6f1a000-7f90e701a000 rw-p 00000000 00:00 0 
7f90e701a000-7f90e701d000 ---p 00000000 00:00 0 
7f90e701d000-7f90e711b000 rw-p 00000000 00:00 0 
7f90e711b000-7f90e711e000 ---p 00000000 00:00 0 
7f90e711e000-7f90e721c000 rw-p 00000000 00:00 0 
7f90e721c000-7f90e721f000 ---p 00000000 00:00 0 
7f90e721f000-7f90e731d000 rw-p 00000000 00:00 0 
7f90e731d000-7f90e7320000 ---p 00000000 00:00 0 
7f90e7320000-7f90e741e000 rw-p 00000000 00:00 0 
7f90e741e000-7f90e7421000 ---p 00000000 00:00 0 
7f90e7421000-7f90e751f000 rw-p 00000000 00:00 0 
7f90e751f000-7f90e77f8000 r--p 00000000 08:01 11010311                   /usr/lib/locale/locale-archive
7f90e77f8000-7f90e77fb000 ---p 00000000 00:00 0 
7f90e77fb000-7f90e78f9000 rw-p 00000000 00:00 0 
7f90e78f9000-7f90e78fc000 ---p 00000000 00:00 0 
7f90e78fc000-7f90e79fa000 rw-p 00000000 00:00 0 
7f90e79fa000-7f90e79fb000 ---p 00000000 00:00 0 
7f90e79fb000-7f90e8000000 rw-p 00000000 00:00 0 
7f90e8000000-7f90e8022000 rw-p 00000000 00:00 0 
7f90e8022000-7f90ec000000 ---p 00000000 00:00 0 
7f90ec000000-7f90ec021000 rw-p 00000000 00:00 0 
7f90ec021000-7f90f0000000 ---p 00000000 00:00 0 
7f90f0000000-7f90f0021000 rw-p 00000000 00:00 0 
7f90f0021000-7f90f4000000 ---p 00000000 00:00 0 
7f90f4000000-7f90f4001000 r--s 0000b000 08:01 34341895                   /root/.gradle/wrapper/dists/gradle-3.3-all/55gk2rcmfc6p2dg9u9ohc3hw9/gradle-3.3/lib/native-platform-windows-i386-0.12.jar
7f90f4001000-7f90f4003000 r--s 00002000 08:01 34341893                   /root/.gradle/wrapper/dists/gradle-3.3-all/55gk2rcmfc6p2dg9u9ohc3hw9/gradle-3.3/lib/native-platform-osx-i386-0.12.jar
7f90f4003000-7f90f4004000 r--s 00002000 08:01 34341892                   /root/.gradle/wrapper/dists/gradle-3.3-all/55gk2rcmfc6p2dg9u9ohc3hw9/gradle-3.3/lib/native-platform-osx-amd64-0.12.jar
7f90f4004000-7f90f4005000 r--s 00002000 08:01 34341891                   /root/.gradle/wrapper/dists/gradle-3.3-all/55gk2rcmfc6p2dg9u9ohc3hw9/gradle-3.3/lib/native-platform-linux-i386-0.12.jar
7f90f4005000-7f90f4075000 r--s 00641000 08:01 34341863                   /root/.gradle/wrapper/dists/gradle-3.3-all/55gk2rcmfc6p2dg9u9ohc3hw9/gradle-3.3/lib/groovy-all-2.4.7.jar
7f90f4075000-7f90f409d000 r--s 001cf000 08:01 34341860                   /root/.gradle/wrapper/dists/gradle-3.3-all/55gk2rcmfc6p2dg9u9ohc3hw9/gradle-3.3/lib/guava-jdk5-17.0.jar
7f90f409d000-7f90f40bc000 r--s 001d1000 08:01 34341867                   /root/.gradle/wrapper/dists/gradle-3.3-all/55gk2rcmfc6p2dg9u9ohc3hw9/gradle-3.3/lib/ant-1.9.6.jar
7f90f40bc000-7f90f40f9000 r--s 001f8000 08:01 34341853                   /root/.gradle/wrapper/dists/gradle-3.3-all/55gk2rcmfc6p2dg9u9ohc3hw9/gradle-3.3/lib/gradle-core-3.3.jar
7f90f40f9000-7f90f8000000 rw-p 00000000 00:00 0 
7f90f8000000-7f90f8021000 rw-p 00000000 00:00 0 
7f90f8021000-7f90fc000000 ---p 00000000 00:00 0 
7f90fc000000-7f90fc001000 r--s 00002000 08:01 34341890                   /root/.gradle/wrapper/dists/gradle-3.3-all/55gk2rcmfc6p2dg9u9ohc3hw9/gradle-3.3/lib/native-platform-linux-amd64-0.12.jar
7f90fc001000-7f90fc002000 r--s 00003000 08:01 34341889                   /root/.gradle/wrapper/dists/gradle-3.3-all/55gk2rcmfc6p2dg9u9ohc3hw9/gradle-3.3/lib/native-platform-freebsd-i386-libstdcpp-0.12.jar
7f90fc002000-7f90fc004000 r--s 00003000 08:01 34341887                   /root/.gradle/wrapper/dists/gradle-3.3-all/55gk2rcmfc6p2dg9u9ohc3hw9/gradle-3.3/lib/native-platform-freebsd-amd64-libstdcpp-0.12.jar
7f90fc004000-7f90fc007000 r--s 00023000 08:01 34341880                   /root/.gradle/wrapper/dists/gradle-3.3-all/55gk2rcmfc6p2dg9u9ohc3hw9/gradle-3.3/lib/jansi-1.14.jar
7f90fc007000-7f90fc00b000 r--s 00011000 08:01 34341879                   /root/.gradle/wrapper/dists/gradle-3.3-all/55gk2rcmfc6p2dg9u9ohc3hw9/gradle-3.3/lib/native-platform-0.12.jar
7f90fc00b000-7f90fc018000 r--s 00083000 08:01 34341868                   /root/.gradle/wrapper/dists/gradle-3.3-all/55gk2rcmfc6p2dg9u9ohc3hw9/gradle-3.3/lib/commons-collections-3.2.2.jar
7f90fc018000-7f90fc3ac000 rw-p 00000000 00:00 0 
7f90fc3ac000-7f90fc585000 r--s 03d3e000 08:01 11144026                   /usr/local/java/jdk1.8.0_121/jre/lib/rt.jar
7f90fc585000-7f90fc8fb000 rw-p 00000000 00:00 0 
7f90fc8fb000-7f90fc8fc000 ---p 00000000 00:00 0 
7f90fc8fc000-7f90fc9fc000 rw-p 00000000 00:00 0 
7f90fc9fc000-7f90fc9fd000 ---p 00000000 00:00 0 
7f90fc9fd000-7f90fcafd000 rw-p 00000000 00:00 0 
7f90fcafd000-7f90fcafe000 ---p 00000000 00:00 0 
7f90fcafe000-7f90fcbfe000 rw-p 00000000 00:00 0 
7f90fcbfe000-7f90fcbff000 ---p 00000000 00:00 0 
7f90fcbff000-7f90fcd23000 rw-p 00000000 00:00 0 
7f90fcd23000-7f90fceff000 ---p 00000000 00:00 0 
7f90fceff000-7f90fcf42000 rw-p 00000000 00:00 0 
7f90fcf42000-7f90fcfff000 ---p 00000000 00:00 0 
7f90fcfff000-7f90fd000000 rw-p 00000000 00:00 0 
7f90fd000000-7f90fd690000 rwxp 00000000 00:00 0 
7f90fd690000-7f910c000000 ---p 00000000 00:00 0 
7f910c000000-7f910cd5e000 rw-p 00000000 00:00 0 
7f910cd5e000-7f9110000000 ---p 00000000 00:00 0 
7f9110000000-7f9110001000 r--s 00004000 08:01 34341888                   /root/.gradle/wrapper/dists/gradle-3.3-all/55gk2rcmfc6p2dg9u9ohc3hw9/gradle-3.3/lib/native-platform-freebsd-i386-libcpp-0.12.jar
7f9110001000-7f9110002000 r--s 00004000 08:01 34341886                   /root/.gradle/wrapper/dists/gradle-3.3-all/55gk2rcmfc6p2dg9u9ohc3hw9/gradle-3.3/lib/native-platform-freebsd-amd64-libcpp-0.12.jar
7f9110002000-7f9110005000 r--s 0000a000 08:01 34341857                   /root/.gradle/wrapper/dists/gradle-3.3-all/55gk2rcmfc6p2dg9u9ohc3hw9/gradle-3.3/lib/gradle-native-3.3.jar
7f9110005000-7f9110007000 r--s 00005000 08:01 34341854                   /root/.gradle/wrapper/dists/gradle-3.3-all/55gk2rcmfc6p2dg9u9ohc3hw9/gradle-3.3/lib/gradle-cli-3.3.jar
7f9110007000-7f9110009000 r--s 00007000 08:01 34341865                   /root/.gradle/wrapper/dists/gradle-3.3-all/55gk2rcmfc6p2dg9u9ohc3hw9/gradle-3.3/lib/gradle-model-groovy-3.3.jar
7f9110009000-7f911000b000 r--s 00006000 08:01 34341872                   /root/.gradle/wrapper/dists/gradle-3.3-all/55gk2rcmfc6p2dg9u9ohc3hw9/gradle-3.3/lib/gradle-base-services-groovy-3.3.jar
7f911000b000-7f911000c000 r--s 00002000 08:01 34341875                   /root/.gradle/wrapper/dists/gradle-3.3-all/55gk2rcmfc6p2dg9u9ohc3hw9/gradle-3.3/lib/gradle-docs-3.3.jar
7f911000c000-7f9110072000 rw-p 00000000 00:00 0 
7f9110072000-7f911024e000 ---p 00000000 00:00 0 
7f911024e000-7f9110269000 rw-p 00000000 00:00 0 
7f9110269000-7f911060e000 ---p 00000000 00:00 0 
7f911060e000-7f9110628000 r-xp 00000000 08:01 11144057                   /usr/local/java/jdk1.8.0_121/jre/lib/amd64/libzip.so
7f9110628000-7f9110828000 ---p 0001a000 08:01 11144057                   /usr/local/java/jdk1.8.0_121/jre/lib/amd64/libzip.so
7f9110828000-7f9110829000 rw-p 0001a000 08:01 11144057                   /usr/local/java/jdk1.8.0_121/jre/lib/amd64/libzip.so
7f9110829000-7f9110834000 r-xp 00000000 08:01 4981359                    /lib/x86_64-linux-gnu/libnss_files-2.23.so
7f9110834000-7f9110a33000 ---p 0000b000 08:01 4981359                    /lib/x86_64-linux-gnu/libnss_files-2.23.so
7f9110a33000-7f9110a34000 r--p 0000a000 08:01 4981359                    /lib/x86_64-linux-gnu/libnss_files-2.23.so
7f9110a34000-7f9110a35000 rw-p 0000b000 08:01 4981359                    /lib/x86_64-linux-gnu/libnss_files-2.23.so
7f9110a35000-7f9110a3b000 rw-p 00000000 00:00 0 
7f9110a3b000-7f9110a46000 r-xp 00000000 08:01 4981330                    /lib/x86_64-linux-gnu/libnss_nis-2.23.so
7f9110a46000-7f9110c45000 ---p 0000b000 08:01 4981330                    /lib/x86_64-linux-gnu/libnss_nis-2.23.so
7f9110c45000-7f9110c46000 r--p 0000a000 08:01 4981330                    /lib/x86_64-linux-gnu/libnss_nis-2.23.so
7f9110c46000-7f9110c47000 rw-p 0000b000 08:01 4981330                    /lib/x86_64-linux-gnu/libnss_nis-2.23.so
7f9110c47000-7f9110c5d000 r-xp 00000000 08:01 4981342                    /lib/x86_64-linux-gnu/libnsl-2.23.so
7f9110c5d000-7f9110e5c000 ---p 00016000 08:01 4981342                    /lib/x86_64-linux-gnu/libnsl-2.23.so
7f9110e5c000-7f9110e5d000 r--p 00015000 08:01 4981342                    /lib/x86_64-linux-gnu/libnsl-2.23.so
7f9110e5d000-7f9110e5e000 rw-p 00016000 08:01 4981342                    /lib/x86_64-linux-gnu/libnsl-2.23.so
7f9110e5e000-7f9110e60000 rw-p 00000000 00:00 0 
7f9110e60000-7f9110e68000 r-xp 00000000 08:01 4981362                    /lib/x86_64-linux-gnu/libnss_compat-2.23.so
7f9110e68000-7f9111067000 ---p 00008000 08:01 4981362                    /lib/x86_64-linux-gnu/libnss_compat-2.23.so
7f9111067000-7f9111068000 r--p 00007000 08:01 4981362                    /lib/x86_64-linux-gnu/libnss_compat-2.23.so
7f9111068000-7f9111069000 rw-p 00008000 08:01 4981362                    /lib/x86_64-linux-gnu/libnss_compat-2.23.so
7f9111069000-7f9111094000 r-xp 00000000 08:01 11144613                   /usr/local/java/jdk1.8.0_121/jre/lib/amd64/libjava.so
7f9111094000-7f9111293000 ---p 0002b000 08:01 11144613                   /usr/local/java/jdk1.8.0_121/jre/lib/amd64/libjava.so
7f9111293000-7f9111295000 rw-p 0002a000 08:01 11144613                   /usr/local/java/jdk1.8.0_121/jre/lib/amd64/libjava.so
7f9111295000-7f91112a2000 r-xp 00000000 08:01 11144035                   /usr/local/java/jdk1.8.0_121/jre/lib/amd64/libverify.so
7f91112a2000-7f91114a1000 ---p 0000d000 08:01 11144035                   /usr/local/java/jdk1.8.0_121/jre/lib/amd64/libverify.so
7f91114a1000-7f91114a3000 rw-p 0000c000 08:01 11144035                   /usr/local/java/jdk1.8.0_121/jre/lib/amd64/libverify.so
7f91114a3000-7f91114aa000 r-xp 00000000 08:01 4981363                    /lib/x86_64-linux-gnu/librt-2.23.so
7f91114aa000-7f91116a9000 ---p 00007000 08:01 4981363                    /lib/x86_64-linux-gnu/librt-2.23.so
7f91116a9000-7f91116aa000 r--p 00006000 08:01 4981363                    /lib/x86_64-linux-gnu/librt-2.23.so
7f91116aa000-7f91116ab000 rw-p 00007000 08:01 4981363                    /lib/x86_64-linux-gnu/librt-2.23.so
7f91116ab000-7f91117b3000 r-xp 00000000 08:01 4981336                    /lib/x86_64-linux-gnu/libm-2.23.so
7f91117b3000-7f91119b2000 ---p 00108000 08:01 4981336                    /lib/x86_64-linux-gnu/libm-2.23.so
7f91119b2000-7f91119b3000 r--p 00107000 08:01 4981336                    /lib/x86_64-linux-gnu/libm-2.23.so
7f91119b3000-7f91119b4000 rw-p 00108000 08:01 4981336                    /lib/x86_64-linux-gnu/libm-2.23.so
7f91119b4000-7f9112682000 r-xp 00000000 08:01 11144883                   /usr/local/java/jdk1.8.0_121/jre/lib/amd64/server/libjvm.so
7f9112682000-7f9112882000 ---p 00cce000 08:01 11144883                   /usr/local/java/jdk1.8.0_121/jre/lib/amd64/server/libjvm.so
7f9112882000-7f911295b000 rw-p 00cce000 08:01 11144883                   /usr/local/java/jdk1.8.0_121/jre/lib/amd64/server/libjvm.so
7f911295b000-7f91129a6000 rw-p 00000000 00:00 0 
7f91129a6000-7f9112b65000 r-xp 00000000 08:01 4981344                    /lib/x86_64-linux-gnu/libc-2.23.so
7f9112b65000-7f9112d65000 ---p 001bf000 08:01 4981344                    /lib/x86_64-linux-gnu/libc-2.23.so
7f9112d65000-7f9112d69000 r--p 001bf000 08:01 4981344                    /lib/x86_64-linux-gnu/libc-2.23.so
7f9112d69000-7f9112d6b000 rw-p 001c3000 08:01 4981344                    /lib/x86_64-linux-gnu/libc-2.23.so
7f9112d6b000-7f9112d6f000 rw-p 00000000 00:00 0 
7f9112d6f000-7f9112d72000 r-xp 00000000 08:01 4981328                    /lib/x86_64-linux-gnu/libdl-2.23.so
7f9112d72000-7f9112f71000 ---p 00003000 08:01 4981328                    /lib/x86_64-linux-gnu/libdl-2.23.so
7f9112f71000-7f9112f72000 r--p 00002000 08:01 4981328                    /lib/x86_64-linux-gnu/libdl-2.23.so
7f9112f72000-7f9112f73000 rw-p 00003000 08:01 4981328                    /lib/x86_64-linux-gnu/libdl-2.23.so
7f9112f73000-7f9112f88000 r-xp 00000000 08:01 11020813                   /usr/local/java/jdk1.8.0_121/lib/amd64/jli/libjli.so
7f9112f88000-7f9113188000 ---p 00015000 08:01 11020813                   /usr/local/java/jdk1.8.0_121/lib/amd64/jli/libjli.so
7f9113188000-7f9113189000 rw-p 00015000 08:01 11020813                   /usr/local/java/jdk1.8.0_121/lib/amd64/jli/libjli.so
7f9113189000-7f91131a1000 r-xp 00000000 08:01 4981369                    /lib/x86_64-linux-gnu/libpthread-2.23.so
7f91131a1000-7f91133a0000 ---p 00018000 08:01 4981369                    /lib/x86_64-linux-gnu/libpthread-2.23.so
7f91133a0000-7f91133a1000 r--p 00017000 08:01 4981369                    /lib/x86_64-linux-gnu/libpthread-2.23.so
7f91133a1000-7f91133a2000 rw-p 00018000 08:01 4981369                    /lib/x86_64-linux-gnu/libpthread-2.23.so
7f91133a2000-7f91133a6000 rw-p 00000000 00:00 0 
7f91133a6000-7f91133cc000 r-xp 00000000 08:01 4981346                    /lib/x86_64-linux-gnu/ld-2.23.so
7f91133cc000-7f91133cd000 r--s 00000000 08:01 34341871                   /root/.gradle/wrapper/dists/gradle-3.3-all/55gk2rcmfc6p2dg9u9ohc3hw9/gradle-3.3/lib/javax.inject-1.jar
7f91133cd000-7f91133ce000 r--s 00000000 08:01 34341870                   /root/.gradle/wrapper/dists/gradle-3.3-all/55gk2rcmfc6p2dg9u9ohc3hw9/gradle-3.3/lib/jcip-annotations-1.0.jar
7f91133ce000-7f91133d2000 r--s 00027000 08:01 34341869                   /root/.gradle/wrapper/dists/gradle-3.3-all/55gk2rcmfc6p2dg9u9ohc3hw9/gradle-3.3/lib/commons-io-2.2.jar
7f91133d2000-7f91133d7000 r--s 00038000 08:01 34341866                   /root/.gradle/wrapper/dists/gradle-3.3-all/55gk2rcmfc6p2dg9u9ohc3hw9/gradle-3.3/lib/asm-all-5.1.jar
7f91133d7000-7f91133d8000 r--s 00001000 08:01 34341862                   /root/.gradle/wrapper/dists/gradle-3.3-all/55gk2rcmfc6p2dg9u9ohc3hw9/gradle-3.3/lib/gradle-process-services-3.3.jar
7f91133d8000-7f91133dd000 r--s 00041000 08:01 34341861                   /root/.gradle/wrapper/dists/gradle-3.3-all/55gk2rcmfc6p2dg9u9ohc3hw9/gradle-3.3/lib/commons-lang-2.6.jar
7f91133dd000-7f91133e6000 r--s 00042000 08:01 34341851                   /root/.gradle/wrapper/dists/gradle-3.3-all/55gk2rcmfc6p2dg9u9ohc3hw9/gradle-3.3/lib/gradle-base-services-3.3.jar
7f91133e6000-7f91134a8000 rw-p 00000000 00:00 0 
7f91134a8000-7f91134ab000 ---p 00000000 00:00 0 
7f91134ab000-7f91135ad000 rw-p 00000000 00:00 0 
7f91135ad000-7f91135af000 r--s 00000000 08:01 34341852                   /root/.gradle/wrapper/dists/gradle-3.3-all/55gk2rcmfc6p2dg9u9ohc3hw9/gradle-3.3/lib/gradle-jvm-services-3.3.jar
7f91135af000-7f91135b0000 r--s 00000000 08:01 34342017                   /root/.gradle/wrapper/dists/gradle-3.3-all/55gk2rcmfc6p2dg9u9ohc3hw9/gradle-3.3/lib/gradle-version-info-3.3.jar
7f91135b0000-7f91135b1000 r--s 00007000 08:01 34341859                   /root/.gradle/wrapper/dists/gradle-3.3-all/55gk2rcmfc6p2dg9u9ohc3hw9/gradle-3.3/lib/slf4j-api-1.7.10.jar
7f91135b1000-7f91135b2000 r--s 00004000 08:01 34341884                   /root/.gradle/wrapper/dists/gradle-3.3-all/55gk2rcmfc6p2dg9u9ohc3hw9/gradle-3.3/lib/ant-launcher-1.9.6.jar
7f91135b2000-7f91135bf000 r--s 0005c000 08:01 34341848                   /root/.gradle/wrapper/dists/gradle-3.3-all/55gk2rcmfc6p2dg9u9ohc3hw9/gradle-3.3/lib/gradle-launcher-3.3.jar
7f91135bf000-7f91135c7000 rw-s 00000000 08:01 1315115                    /tmp/hsperfdata_root/3226
7f91135c7000-7f91135c8000 rw-p 00000000 00:00 0 
7f91135c8000-7f91135c9000 r--p 00000000 00:00 0 
7f91135c9000-7f91135cb000 rw-p 00000000 00:00 0 
7f91135cb000-7f91135cc000 r--p 00025000 08:01 4981346                    /lib/x86_64-linux-gnu/ld-2.23.so
7f91135cc000-7f91135cd000 rw-p 00026000 08:01 4981346                    /lib/x86_64-linux-gnu/ld-2.23.so
7f91135cd000-7f91135ce000 rw-p 00000000 00:00 0 
7ffe0a4d6000-7ffe0a4f7000 rw-p 00000000 00:00 0                          [stack]
7ffe0a589000-7ffe0a58b000 r--p 00000000 00:00 0                          [vvar]
7ffe0a58b000-7ffe0a58d000 r-xp 00000000 00:00 0                          [vdso]
ffffffffff600000-ffffffffff601000 r-xp 00000000 00:00 0                  [vsyscall]

VM Arguments:
jvm_args: -Xmx1536m -Dfile.encoding=UTF-8 -Duser.country=US -Duser.language=en -Duser.variant 
java_command: org.gradle.launcher.daemon.bootstrap.GradleDaemon 3.3
java_class_path (initial): /root/.gradle/wrapper/dists/gradle-3.3-all/55gk2rcmfc6p2dg9u9ohc3hw9/gradle-3.3/lib/gradle-launcher-3.3.jar
Launcher Type: SUN_STANDARD

Environment Variables:
JAVA_HOME=/usr/local/java/jdk1.8.0_121/
PATH=/usr/local/sbin:/usr/local/bin:/usr/sbin:/usr/bin:/sbin:/bin:/snap/bin
USERNAME=root
LD_LIBRARY_PATH=/opt/android-studio/bin:
SHELL=/bin/bash
DISPLAY=:0

Signal Handlers:
SIGSEGV: [libjvm.so+0xac78c0], sa_mask[0]=11111111011111111101111111111110, sa_flags=SA_RESTART|SA_SIGINFO
SIGBUS: [libjvm.so+0xac78c0], sa_mask[0]=11111111011111111101111111111110, sa_flags=SA_RESTART|SA_SIGINFO
SIGFPE: [libjvm.so+0x920ac0], sa_mask[0]=11111111011111111101111111111110, sa_flags=SA_RESTART|SA_SIGINFO
SIGPIPE: [libjvm.so+0x920ac0], sa_mask[0]=11111111011111111101111111111110, sa_flags=SA_RESTART|SA_SIGINFO
SIGXFSZ: [libjvm.so+0x920ac0], sa_mask[0]=11111111011111111101111111111110, sa_flags=SA_RESTART|SA_SIGINFO
SIGILL: [libjvm.so+0x920ac0], sa_mask[0]=11111111011111111101111111111110, sa_flags=SA_RESTART|SA_SIGINFO
SIGUSR1: SIG_DFL, sa_mask[0]=00000000000000000000000000000000, sa_flags=none
SIGUSR2: [libjvm.so+0x922300], sa_mask[0]=00100000000000000000000000000000, sa_flags=SA_RESTART|SA_SIGINFO
SIGHUP: [libjvm.so+0x923700], sa_mask[0]=11111111011111111101111111111110, sa_flags=SA_RESTART|SA_SIGINFO
SIGINT: [libjvm.so+0x923700], sa_mask[0]=11111111011111111101111111111110, sa_flags=SA_RESTART|SA_SIGINFO
SIGTERM: [libjvm.so+0x923700], sa_mask[0]=11111111011111111101111111111110, sa_flags=SA_RESTART|SA_SIGINFO
SIGQUIT: [libjvm.so+0x923700], sa_mask[0]=11111111011111111101111111111110, sa_flags=SA_RESTART|SA_SIGINFO


---------------  S Y S T E M  ---------------

OS:DISTRIB_ID=Ubuntu
DISTRIB_RELEASE=16.04
DISTRIB_CODENAME=xenial
DISTRIB_DESCRIPTION="Ubuntu 16.04.2 LTS"

uname:Linux 4.4.0-79-generic #100-Ubuntu SMP Wed May 17 19:58:14 UTC 2017 x86_64
libc:glibc 2.23 NPTL 2.23 
rlimit: STACK 8192k, CORE 0k, NPROC 31513, NOFILE 65536, AS infinity
load average:1.89 1.82 1.21

/proc/meminfo:
MemTotal:        8107672 kB
MemFree:         4019912 kB
MemAvailable:    5389320 kB
Buffers:          149884 kB
Cached:          1613824 kB
SwapCached:            0 kB
Active:          2773832 kB
Inactive:        1029556 kB
Active(anon):    2052172 kB
Inactive(anon):   216004 kB
Active(file):     721660 kB
Inactive(file):   813552 kB
Unevictable:          48 kB
Mlocked:              48 kB
SwapTotal:       8319996 kB
SwapFree:        8319996 kB
Dirty:              2236 kB
Writeback:             0 kB
AnonPages:       2039828 kB
Mapped:           525240 kB
Shmem:            228420 kB
Slab:             154724 kB
SReclaimable:     115416 kB
SUnreclaim:        39308 kB
KernelStack:       10640 kB
PageTables:        47680 kB
NFS_Unstable:          0 kB
Bounce:                0 kB
WritebackTmp:          0 kB
CommitLimit:    12373832 kB
Committed_AS:    6776148 kB
VmallocTotal:   34359738367 kB
VmallocUsed:           0 kB
VmallocChunk:          0 kB
HardwareCorrupted:     0 kB
AnonHugePages:    772096 kB
CmaTotal:              0 kB
CmaFree:               0 kB
HugePages_Total:       0
HugePages_Free:        0
HugePages_Rsvd:        0
HugePages_Surp:        0
Hugepagesize:       2048 kB
DirectMap4k:      160448 kB
DirectMap2M:     3966976 kB
DirectMap1G:     5242880 kB


CPU:total 4 (2 cores per cpu, 2 threads per core) family 6 model 69 stepping 1, cmov, cx8, fxsr, mmx, sse, sse2, sse3, ssse3, sse4.1, sse4.2, popcnt, avx, avx2, aes, clmul, erms, lzcnt, ht, tsc, tscinvbit, bmi1, bmi2

/proc/cpuinfo:
processor	: 0
vendor_id	: GenuineIntel
cpu family	: 6
model		: 69
model name	: Intel(R) Core(TM) i5-4200U CPU @ 1.60GHz
stepping	: 1
microcode	: 0x16
cpu MHz		: 2299.910
cache size	: 3072 KB
physical id	: 0
siblings	: 4
core id		: 0
cpu cores	: 2
apicid		: 0
initial apicid	: 0
fpu		: yes
fpu_exception	: yes
cpuid level	: 13
wp		: yes
flags		: fpu vme de pse tsc msr pae mce cx8 apic sep mtrr pge mca cmov pat pse36 clflush dts acpi mmx fxsr sse sse2 ss ht tm pbe syscall nx pdpe1gb rdtscp lm constant_tsc arch_perfmon pebs bts rep_good nopl xtopology nonstop_tsc aperfmperf eagerfpu pni pclmulqdq dtes64 monitor ds_cpl vmx est tm2 ssse3 sdbg fma cx16 xtpr pdcm pcid sse4_1 sse4_2 movbe popcnt tsc_deadline_timer aes xsave avx f16c rdrand lahf_lm abm epb tpr_shadow vnmi flexpriority ept vpid fsgsbase tsc_adjust bmi1 avx2 smep bmi2 erms invpcid xsaveopt dtherm ida arat pln pts
bugs		:
bogomips	: 4589.40
clflush size	: 64
cache_alignment	: 64
address sizes	: 39 bits physical, 48 bits virtual
power management:

processor	: 1
vendor_id	: GenuineIntel
cpu family	: 6
model		: 69
model name	: Intel(R) Core(TM) i5-4200U CPU @ 1.60GHz
stepping	: 1
microcode	: 0x16
cpu MHz		: 2300.000
cache size	: 3072 KB
physical id	: 0
siblings	: 4
core id		: 0
cpu cores	: 2
apicid		: 1
initial apicid	: 1
fpu		: yes
fpu_exception	: yes
cpuid level	: 13
wp		: yes
flags		: fpu vme de pse tsc msr pae mce cx8 apic sep mtrr pge mca cmov pat pse36 clflush dts acpi mmx fxsr sse sse2 ss ht tm pbe syscall nx pdpe1gb rdtscp lm constant_tsc arch_perfmon pebs bts rep_good nopl xtopology nonstop_tsc aperfmperf eagerfpu pni pclmulqdq dtes64 monitor ds_cpl vmx est tm2 ssse3 sdbg fma cx16 xtpr pdcm pcid sse4_1 sse4_2 movbe popcnt tsc_deadline_timer aes xsave avx f16c rdrand lahf_lm abm epb tpr_shadow vnmi flexpriority ept vpid fsgsbase tsc_adjust bmi1 avx2 smep bmi2 erms invpcid xsaveopt dtherm ida arat pln pts
bugs		:
bogomips	: 4589.40
clflush size	: 64
cache_alignment	: 64
address sizes	: 39 bits physical, 48 bits virtual
power management:

processor	: 2
vendor_id	: GenuineIntel
cpu family	: 6
model		: 69
model name	: Intel(R) Core(TM) i5-4200U CPU @ 1.60GHz
stepping	: 1
microcode	: 0x16
cpu MHz		: 2299.910
cache size	: 3072 KB
physical id	: 0
siblings	: 4
core id		: 1
cpu cores	: 2
apicid		: 2
initial apicid	: 2
fpu		: yes
fpu_exception	: yes
cpuid level	: 13
wp		: yes
flags		: fpu vme de pse tsc msr pae mce cx8 apic sep mtrr pge mca cmov pat pse36 clflush dts acpi mmx fxsr sse sse2 ss ht tm pbe syscall nx pdpe1gb rdtscp lm constant_tsc arch_perfmon pebs bts rep_good nopl xtopology nonstop_tsc aperfmperf eagerfpu pni pclmulqdq dtes64 monitor ds_cpl vmx est tm2 ssse3 sdbg fma cx16 xtpr pdcm pcid sse4_1 sse4_2 movbe popcnt tsc_deadline_timer aes xsave avx f16c rdrand lahf_lm abm epb tpr_shadow vnmi flexpriority ept vpid fsgsbase tsc_adjust bmi1 avx2 smep bmi2 erms invpcid xsaveopt dtherm ida arat pln pts
bugs		:
bogomips	: 4589.40
clflush size	: 64
cache_alignment	: 64
address sizes	: 39 bits physical, 48 bits virtual
power management:

processor	: 3
vendor_id	: GenuineIntel
cpu family	: 6
model		: 69
model name	: Intel(R) Core(TM) i5-4200U CPU @ 1.60GHz
stepping	: 1
microcode	: 0x16
cpu MHz		: 2300.000
cache size	: 3072 KB
physical id	: 0
siblings	: 4
core id		: 1
cpu cores	: 2
apicid		: 3
initial apicid	: 3
fpu		: yes
fpu_exception	: yes
cpuid level	: 13
wp		: yes
flags		: fpu vme de pse tsc msr pae mce cx8 apic sep mtrr pge mca cmov pat pse36 clflush dts acpi mmx fxsr sse sse2 ss ht tm pbe syscall nx pdpe1gb rdtscp lm constant_tsc arch_perfmon pebs bts rep_good nopl xtopology nonstop_tsc aperfmperf eagerfpu pni pclmulqdq dtes64 monitor ds_cpl vmx est tm2 ssse3 sdbg fma cx16 xtpr pdcm pcid sse4_1 sse4_2 movbe popcnt tsc_deadline_timer aes xsave avx f16c rdrand lahf_lm abm epb tpr_shadow vnmi flexpriority ept vpid fsgsbase tsc_adjust bmi1 avx2 smep bmi2 erms invpcid xsaveopt dtherm ida arat pln pts
bugs		:
bogomips	: 4589.40
clflush size	: 64
cache_alignment	: 64
address sizes	: 39 bits physical, 48 bits virtual
power management:



Memory: 4k page, physical 8107672k(4019912k free), swap 8319996k(8319996k free)

vm_info: Java HotSpot(TM) 64-Bit Server VM (25.121-b13) for linux-amd64 JRE (1.8.0_121-b13), built on Dec 12 2016 16:36:53 by "java_re" with gcc 4.3.0 20080428 (Red Hat 4.3.0-8)

time: Sun Jun 18 12:42:14 2017
elapsed time: 3 seconds (0d 0h 0m 3s)

