#
# A fatal error has been detected by the Java Runtime Environment:
#
#  SIGSEGV (0xb) at pc=0x00007fce3cb90fa0, pid=3970, tid=0x00007fce5341d700
#
# JRE version: Java(TM) SE Runtime Environment (8.0_121-b13) (build 1.8.0_121-b13)
# Java VM: Java HotSpot(TM) 64-Bit Server VM (25.121-b13 mixed mode linux-amd64 compressed oops)
# Problematic frame:
# C  0x00007fce3cb90fa0
#
# Failed to write core dump. Core dumps have been disabled. To enable core dumping, try "ulimit -c unlimited" before starting Java again
#
# If you would like to submit a bug report, please visit:
#   http://bugreport.java.com/bugreport/crash.jsp
#

---------------  T H R E A D  ---------------

Current thread (0x00007fce740b9000):  JavaThread "C2 CompilerThread0" daemon [_thread_in_native, id=3982, stack(0x00007fce5331d000,0x00007fce5341e000)]

siginfo: si_signo: 11 (SIGSEGV), si_code: 2 (SEGV_ACCERR), si_addr: 0x00007fce3cb90fa0

Registers:
RAX=0x00007fce3cb90f60, RBX=0x00007fce53419bc0, RCX=0x000000003ce5fac0, RDX=0x0000000000000118
RSP=0x00007fce53418658, RBP=0x00007fce53418690, RSI=0x00007fce3ce5e078, RDI=0x00007fce3ce5e078
R8 =0x00007fce3ce5e020, R9 =0x000000003ce5ef00, R10=0x000000000000043f, R11=0x00007fce7a39b620
R12=0x00007fce3ce5e078, R13=0x00007fce53419bc0, R14=0x00007fce34e980e8, R15=0x0000000000000118
RIP=0x00007fce3cb90fa0, EFLAGS=0x0000000000010206, CSGSFS=0x0000000000000033, ERR=0x0000000000000015
  TRAPNO=0x000000000000000e

Top of Stack: (sp=0x00007fce53418658)
0x00007fce53418658:   00007fce7a281630 00007fce5341a5c0
0x00007fce53418668:   00007fce53419bc0 00007fce5341be00
0x00007fce53418678:   00007fce3ce5e078 00007fce34e980e8
0x00007fce53418688:   0000000000000118 00007fce534186e0
0x00007fce53418698:   00007fce7a27ee2c 00007fce7a3b0ce0
0x00007fce534186a8:   00007fce5341a5e0 00007fce5341a5c0
0x00007fce534186b8:   00007fce5341bd20 00007fce53419bc0
0x00007fce534186c8:   00007fce7a879720 00007fce5341be00
0x00007fce534186d8:   00007fce7a89a1a0 00007fce5341b160
0x00007fce534186e8:   00007fce79db2382 0000000100002678
0x00007fce534186f8:   00007fce5341b080 00007fce5341b030
0x00007fce53418708:   00007fce5341a610 00007fce7a879730
0x00007fce53418718:   0000002b7b366630 00007fce7a877fd0
0x00007fce53418728:   00007fce00000005 00007fce5341be00
0x00007fce53418738:   00007fce5341bf98 00007fce5341bf98
0x00007fce53418748:   00007fce00000100 00007fce30527b70
0x00007fce53418758:   00007fce00000000 00007fce5341bf98
0x00007fce53418768:   0000000000000100 00007fce30523260
0x00007fce53418778:   0000000000000000 0000000000000000
0x00007fce53418788:   0000000000000000 0000000000000000
0x00007fce53418798:   0000000000000000 0000000000000000
0x00007fce534187a8:   0000000000000000 0000000000000000
0x00007fce534187b8:   0000000000000000 0000000000000000
0x00007fce534187c8:   0000000000000000 0000000000000000
0x00007fce534187d8:   0000000000000000 0000000000000000
0x00007fce534187e8:   0000000000000000 0000000000000000
0x00007fce534187f8:   0000000000000000 0000000000000000
0x00007fce53418808:   0000000000000000 0000000000000000
0x00007fce53418818:   0000000000000000 0000000000000000
0x00007fce53418828:   0000000000000000 0000000000000000
0x00007fce53418838:   0000000000000000 0000000000000000
0x00007fce53418848:   0000000000000000 0000000000000000 

Instructions: (pc=0x00007fce3cb90fa0)
0x00007fce3cb90f80:   60 9b 00 3c ce 7f 00 00 10 9b 00 3c ce 7f 00 00
0x00007fce3cb90f90:   20 ae 00 3c ce 7f 00 00 b0 9b 00 3c ce 7f 00 00
0x00007fce3cb90fa0:   10 bc 87 7a ce 7f 00 00 a0 0f b9 3c ce 7f 00 00
0x00007fce3cb90fb0:   03 00 00 00 f7 ff ff 7f f7 ff ff 7f 00 00 00 00 

Register to memory mapping:

RAX=0x00007fce3cb90f60 is an unknown value
RBX=0x00007fce53419bc0 is pointing into the stack for thread: 0x00007fce740b9000
RCX=0x000000003ce5fac0 is an unknown value
RDX=0x0000000000000118 is an unknown value
RSP=0x00007fce53418658 is pointing into the stack for thread: 0x00007fce740b9000
RBP=0x00007fce53418690 is pointing into the stack for thread: 0x00007fce740b9000
RSI=0x00007fce3ce5e078 is an unknown value
RDI=0x00007fce3ce5e078 is an unknown value
R8 =0x00007fce3ce5e020 is an unknown value
R9 =0x000000003ce5ef00 is an unknown value
R10=0x000000000000043f is an unknown value
R11=0x00007fce7a39b620: <offset 0xa8b620> in /usr/local/java/jdk1.8.0_121/jre/lib/amd64/server/libjvm.so at 0x00007fce79910000
R12=0x00007fce3ce5e078 is an unknown value
R13=0x00007fce53419bc0 is pointing into the stack for thread: 0x00007fce740b9000
R14=0x00007fce34e980e8 is an unknown value
R15=0x0000000000000118 is an unknown value


Stack: [0x00007fce5331d000,0x00007fce5341e000],  sp=0x00007fce53418658,  free space=1005k
Native frames: (J=compiled Java code, j=interpreted, Vv=VM code, C=native code)
C  0x00007fce3cb90fa0
V  [libjvm.so+0x96ee2c]  PhaseIterGVN::optimize()+0x1bc
V  [libjvm.so+0x4a2382]  Compile::Optimize()+0x172
V  [libjvm.so+0x4a5879]  Compile::Compile(ciEnv*, C2Compiler*, ciMethod*, int, bool, bool, bool)+0x13c9
V  [libjvm.so+0x3f2615]  C2Compiler::compile_method(ciEnv*, ciMethod*, int)+0x1f5
V  [libjvm.so+0x4afeaa]  CompileBroker::invoke_compiler_on_method(CompileTask*)+0xc9a
V  [libjvm.so+0x4b0e56]  CompileBroker::compiler_thread_loop()+0x5d6
V  [libjvm.so+0xa75543]  JavaThread::thread_main_inner()+0x103
V  [libjvm.so+0xa7568c]  JavaThread::run()+0x11c
V  [libjvm.so+0x926268]  java_start(Thread*)+0x108
C  [libpthread.so.0+0x76ba]  start_thread+0xca


Current CompileTask:
C2:  11935 6674 %     4       com.sun.org.apache.xerces.internal.impl.XMLDocumentFragmentScannerImpl::scanDocument @ 13 (342 bytes)


---------------  P R O C E S S  ---------------

Java Threads: ( => current thread )
  0x00007fce1577a000 JavaThread "Stdin handler" [_thread_blocked, id=4007, stack(0x00007fce50cb5000,0x00007fce50db6000)]
  0x00007fce14007800 JavaThread "Asynchronous log dispatcher for DefaultDaemonConnection: socket connection from /127.0.0.1:42620 to /127.0.0.1:54630" [_thread_blocked, id=4006, stack(0x00007fce50db6000,0x00007fce50eb7000)]
  0x00007fce18004000 JavaThread "Cancel handler" [_thread_blocked, id=4005, stack(0x00007fce50fb8000,0x00007fce510b9000)]
  0x00007fce18005800 JavaThread "Handler for socket connection from /127.0.0.1:42620 to /127.0.0.1:54630" [_thread_in_native, id=4004, stack(0x00007fce510b9000,0x00007fce511ba000)]
  0x00007fce14493000 JavaThread "pool-2-thread-1" [_thread_blocked, id=4000, stack(0x00007fcdff718000,0x00007fcdff819000)]
  0x00007fce14c1a800 JavaThread "process reaper" daemon [_thread_blocked, id=3999, stack(0x00007fce5043a000,0x00007fce50473000)]
  0x00007fce143a8800 JavaThread "File lock request listener" [_thread_in_native, id=3997, stack(0x00007fce5093a000,0x00007fce50a3b000)]
  0x00007fce18008800 JavaThread "Daemon worker" [_thread_in_Java, id=3992, stack(0x00007fce50eb7000,0x00007fce50fb8000)]
  0x00007fce24011800 JavaThread "Daemon" [_thread_blocked, id=3989, stack(0x00007fce513ba000,0x00007fce514bb000)]
  0x00007fce74d16000 JavaThread "Incoming local TCP Connector on port 42620" [_thread_in_native, id=3988, stack(0x00007fce516c2000,0x00007fce517c3000)]
  0x00007fce74cde000 JavaThread "pool-1-thread-1" [_thread_blocked, id=3987, stack(0x00007fce517c3000,0x00007fce518c4000)]
  0x00007fce740c1000 JavaThread "Service Thread" daemon [_thread_blocked, id=3985, stack(0x00007fce5301a000,0x00007fce5311b000)]
  0x00007fce740be000 JavaThread "C1 CompilerThread2" daemon [_thread_in_native, id=3984, stack(0x00007fce5311b000,0x00007fce5321c000)]
  0x00007fce740bc000 JavaThread "C2 CompilerThread1" daemon [_thread_in_native, id=3983, stack(0x00007fce5321c000,0x00007fce5331d000)]
=>0x00007fce740b9000 JavaThread "C2 CompilerThread0" daemon [_thread_in_native, id=3982, stack(0x00007fce5331d000,0x00007fce5341e000)]
  0x00007fce740b8000 JavaThread "Signal Dispatcher" daemon [_thread_blocked, id=3981, stack(0x00007fce5341e000,0x00007fce5351f000)]
  0x00007fce74084000 JavaThread "Finalizer" daemon [_thread_blocked, id=3980, stack(0x00007fce537f8000,0x00007fce538f9000)]
  0x00007fce7407f800 JavaThread "Reference Handler" daemon [_thread_blocked, id=3979, stack(0x00007fce538f9000,0x00007fce539fa000)]
  0x00007fce7400a000 JavaThread "main" [_thread_blocked, id=3972, stack(0x00007fce7b404000,0x00007fce7b505000)]

Other Threads:
  0x00007fce74077800 VMThread [stack: 0x00007fce539fa000,0x00007fce53afb000] [id=3978]
  0x00007fce740c3800 WatcherThread [stack: 0x00007fce52f19000,0x00007fce5301a000] [id=3986]

VM state:not at safepoint (normal execution)

VM Mutex/Monitor currently owned by a thread: None

Heap:
 PSYoungGen      total 171008K, used 40872K [0x00000000e0000000, 0x00000000ee700000, 0x0000000100000000)
  eden space 153088K, 15% used [0x00000000e0000000,0x00000000e166e988,0x00000000e9580000)
  from space 17920K, 99% used [0x00000000e9580000,0x00000000ea6fb8c8,0x00000000ea700000)
  to   space 25088K, 0% used [0x00000000ece80000,0x00000000ece80000,0x00000000ee700000)
 ParOldGen       total 117760K, used 35949K [0x00000000a0000000, 0x00000000a7300000, 0x00000000e0000000)
  object space 117760K, 30% used [0x00000000a0000000,0x00000000a231b530,0x00000000a7300000)
 Metaspace       used 53569K, capacity 55870K, committed 56152K, reserved 1097728K
  class space    used 7482K, capacity 7968K, committed 8064K, reserved 1048576K

Card table byte_map: [0x00007fce64cff000,0x00007fce65000000] byte_map_base: 0x00007fce647ff000

Marking Bits: (ParMarkBitMap*) 0x00007fce7a8d4c80
 Begin Bits: [0x00007fce617fc000, 0x00007fce62ffc000)
 End Bits:   [0x00007fce62ffc000, 0x00007fce647fc000)

Polling page: 0x00007fce7b524000

CodeCache: size=245760Kb used=18325Kb max_used=18865Kb free=227434Kb
 bounds [0x00007fce65000000, 0x00007fce662c0000, 0x00007fce74000000]
 total_blobs=6430 nmethods=5684 adapters=658
 compilation: enabled

Compilation events (10 events):
Event: 11.911 Thread 0x00007fce740be000 nmethod 6684 0x00007fce656e85d0 code [0x00007fce656e8740, 0x00007fce656e89c8]
Event: 11.911 Thread 0x00007fce740be000 6685       3       org.gradle.api.internal.artifacts.ivyservice.ivyresolve.UserResolverChain$ModuleTransformer::transform (37 bytes)
Event: 11.911 Thread 0x00007fce740be000 nmethod 6685 0x00007fce656e7c50 code [0x00007fce656e7e00, 0x00007fce656e8308]
Event: 11.911 Thread 0x00007fce740b9000 nmethod 6670 0x00007fce657eb6d0 code [0x00007fce657eb840, 0x00007fce657eb9a8]
Event: 11.911 Thread 0x00007fce740b9000 6674 %     4       com.sun.org.apache.xerces.internal.impl.XMLDocumentFragmentScannerImpl::scanDocument @ 13 (342 bytes)
Event: 11.913 Thread 0x00007fce740be000 6686 % !   3       com.sun.org.apache.xerces.internal.parsers.XML11Configuration::setFeature @ 16 (155 bytes)
Event: 11.915 Thread 0x00007fce740be000 nmethod 6686% 0x00007fce65a53450 code [0x00007fce65a53720, 0x00007fce65a54ef8]
Event: 11.917 Thread 0x00007fce740be000 6688       3       org.gradle.internal.resolve.result.DefaultBuildableArtifactResolveResult::getResult (8 bytes)
Event: 11.917 Thread 0x00007fce740be000 nmethod 6688 0x00007fce65b117d0 code [0x00007fce65b11980, 0x00007fce65b11fc8]
Event: 11.919 Thread 0x00007fce740be000 6689   !   3       com.sun.org.apache.xerces.internal.impl.XMLDocumentFragmentScannerImpl$FragmentContentDriver::next (2346 bytes)

GC Heap History (10 events):
Event: 5.509 GC heap before
{Heap before GC invocations=7 (full 1):
 PSYoungGen      total 105984K, used 43014K [0x00000000e0000000, 0x00000000e8180000, 0x0000000100000000)
  eden space 100864K, 37% used [0x00000000e0000000,0x00000000e25047d8,0x00000000e6280000)
  from space 5120K, 99% used [0x00000000e7c00000,0x00000000e80fd040,0x00000000e8100000)
  to   space 512K, 0% used [0x00000000e8100000,0x00000000e8100000,0x00000000e8180000)
 ParOldGen       total 74752K, used 17603K [0x00000000a0000000, 0x00000000a4900000, 0x00000000e0000000)
  object space 74752K, 23% used [0x00000000a0000000,0x00000000a1130ee0,0x00000000a4900000)
 Metaspace       used 34640K, capacity 35376K, committed 35416K, reserved 1079296K
  class space    used 4783K, capacity 4987K, committed 4992K, reserved 1048576K
Event: 5.523 GC heap after
Heap after GC invocations=7 (full 1):
 PSYoungGen      total 120320K, used 480K [0x00000000e0000000, 0x00000000e9780000, 0x0000000100000000)
  eden space 119808K, 0% used [0x00000000e0000000,0x00000000e0000000,0x00000000e7500000)
  from space 512K, 93% used [0x00000000e8100000,0x00000000e8178010,0x00000000e8180000)
  to   space 12288K, 0% used [0x00000000e7500000,0x00000000e7500000,0x00000000e8100000)
 ParOldGen       total 74752K, used 26945K [0x00000000a0000000, 0x00000000a4900000, 0x00000000e0000000)
  object space 74752K, 36% used [0x00000000a0000000,0x00000000a1a50410,0x00000000a4900000)
 Metaspace       used 34640K, capacity 35376K, committed 35416K, reserved 1079296K
  class space    used 4783K, capacity 4987K, committed 4992K, reserved 1048576K
}
Event: 5.523 GC heap before
{Heap before GC invocations=8 (full 2):
 PSYoungGen      total 120320K, used 480K [0x00000000e0000000, 0x00000000e9780000, 0x0000000100000000)
  eden space 119808K, 0% used [0x00000000e0000000,0x00000000e0000000,0x00000000e7500000)
  from space 512K, 93% used [0x00000000e8100000,0x00000000e8178010,0x00000000e8180000)
  to   space 12288K, 0% used [0x00000000e7500000,0x00000000e7500000,0x00000000e8100000)
 ParOldGen       total 74752K, used 26945K [0x00000000a0000000, 0x00000000a4900000, 0x00000000e0000000)
  object space 74752K, 36% used [0x00000000a0000000,0x00000000a1a50410,0x00000000a4900000)
 Metaspace       used 34640K, capacity 35376K, committed 35416K, reserved 1079296K
  class space    used 4783K, capacity 4987K, committed 4992K, reserved 1048576K
Event: 5.604 GC heap after
Heap after GC invocations=8 (full 2):
 PSYoungGen      total 120320K, used 0K [0x00000000e0000000, 0x00000000e9780000, 0x0000000100000000)
  eden space 119808K, 0% used [0x00000000e0000000,0x00000000e0000000,0x00000000e7500000)
  from space 512K, 0% used [0x00000000e8100000,0x00000000e8100000,0x00000000e8180000)
  to   space 12288K, 0% used [0x00000000e7500000,0x00000000e7500000,0x00000000e8100000)
 ParOldGen       total 117760K, used 18037K [0x00000000a0000000, 0x00000000a7300000, 0x00000000e0000000)
  object space 117760K, 15% used [0x00000000a0000000,0x00000000a119d7e0,0x00000000a7300000)
 Metaspace       used 34640K, capacity 35376K, committed 35416K, reserved 1079296K
  class space    used 4783K, capacity 4987K, committed 4992K, reserved 1048576K
}
Event: 7.165 GC heap before
{Heap before GC invocations=9 (full 2):
 PSYoungGen      total 120320K, used 119808K [0x00000000e0000000, 0x00000000e9780000, 0x0000000100000000)
  eden space 119808K, 100% used [0x00000000e0000000,0x00000000e7500000,0x00000000e7500000)
  from space 512K, 0% used [0x00000000e8100000,0x00000000e8100000,0x00000000e8180000)
  to   space 12288K, 0% used [0x00000000e7500000,0x00000000e7500000,0x00000000e8100000)
 ParOldGen       total 117760K, used 18037K [0x00000000a0000000, 0x00000000a7300000, 0x00000000e0000000)
  object space 117760K, 15% used [0x00000000a0000000,0x00000000a119d7e0,0x00000000a7300000)
 Metaspace       used 42812K, capacity 43828K, committed 43992K, reserved 1087488K
  class space    used 5898K, capacity 6116K, committed 6144K, reserved 1048576K
Event: 7.180 GC heap after
Heap after GC invocations=9 (full 2):
 PSYoungGen      total 132096K, used 11368K [0x00000000e0000000, 0x00000000eb400000, 0x0000000100000000)
  eden space 119808K, 0% used [0x00000000e0000000,0x00000000e0000000,0x00000000e7500000)
  from space 12288K, 92% used [0x00000000e7500000,0x00000000e801a2e8,0x00000000e8100000)
  to   space 13312K, 0% used [0x00000000ea700000,0x00000000ea700000,0x00000000eb400000)
 ParOldGen       total 117760K, used 18045K [0x00000000a0000000, 0x00000000a7300000, 0x00000000e0000000)
  object space 117760K, 15% used [0x00000000a0000000,0x00000000a119f7e0,0x00000000a7300000)
 Metaspace       used 42812K, capacity 43828K, committed 43992K, reserved 1087488K
  class space    used 5898K, capacity 6116K, committed 6144K, reserved 1048576K
}
Event: 8.620 GC heap before
{Heap before GC invocations=10 (full 2):
 PSYoungGen      total 132096K, used 131176K [0x00000000e0000000, 0x00000000eb400000, 0x0000000100000000)
  eden space 119808K, 100% used [0x00000000e0000000,0x00000000e7500000,0x00000000e7500000)
  from space 12288K, 92% used [0x00000000e7500000,0x00000000e801a2e8,0x00000000e8100000)
  to   space 13312K, 0% used [0x00000000ea700000,0x00000000ea700000,0x00000000eb400000)
 ParOldGen       total 117760K, used 18045K [0x00000000a0000000, 0x00000000a7300000, 0x00000000e0000000)
  object space 117760K, 15% used [0x00000000a0000000,0x00000000a119f7e0,0x00000000a7300000)
 Metaspace       used 48395K, capacity 49974K, committed 50136K, reserved 1091584K
  class space    used 6758K, capacity 7158K, committed 7168K, reserved 1048576K
Event: 8.643 GC heap after
Heap after GC invocations=10 (full 2):
 PSYoungGen      total 166400K, used 13283K [0x00000000e0000000, 0x00000000ebd00000, 0x0000000100000000)
  eden space 153088K, 0% used [0x00000000e0000000,0x00000000e0000000,0x00000000e9580000)
  from space 13312K, 99% used [0x00000000ea700000,0x00000000eb3f8c80,0x00000000eb400000)
  to   space 17920K, 0% used [0x00000000e9580000,0x00000000e9580000,0x00000000ea700000)
 ParOldGen       total 117760K, used 24303K [0x00000000a0000000, 0x00000000a7300000, 0x00000000e0000000)
  object space 117760K, 20% used [0x00000000a0000000,0x00000000a17bbc00,0x00000000a7300000)
 Metaspace       used 48395K, capacity 49974K, committed 50136K, reserved 1091584K
  class space    used 6758K, capacity 7158K, committed 7168K, reserved 1048576K
}
Event: 11.503 GC heap before
{Heap before GC invocations=11 (full 2):
 PSYoungGen      total 166400K, used 166371K [0x00000000e0000000, 0x00000000ebd00000, 0x0000000100000000)
  eden space 153088K, 100% used [0x00000000e0000000,0x00000000e9580000,0x00000000e9580000)
  from space 13312K, 99% used [0x00000000ea700000,0x00000000eb3f8c80,0x00000000eb400000)
  to   space 17920K, 0% used [0x00000000e9580000,0x00000000e9580000,0x00000000ea700000)
 ParOldGen       total 117760K, used 24303K [0x00000000a0000000, 0x00000000a7300000, 0x00000000e0000000)
  object space 117760K, 20% used [0x00000000a0000000,0x00000000a17bbc00,0x00000000a7300000)
 Metaspace       used 53473K, capacity 55806K, committed 56152K, reserved 1097728K
  class space    used 7482K, capacity 7968K, committed 8064K, reserved 1048576K
Event: 11.587 GC heap after
Heap after GC invocations=11 (full 2):
 PSYoungGen      total 171008K, used 17902K [0x00000000e0000000, 0x00000000ee700000, 0x0000000100000000)
  eden space 153088K, 0% used [0x00000000e0000000,0x00000000e0000000,0x00000000e9580000)
  from space 17920K, 99% used [0x00000000e9580000,0x00000000ea6fb8c8,0x00000000ea700000)
  to   space 25088K, 0% used [0x00000000ece80000,0x00000000ece80000,0x00000000ee700000)
 ParOldGen       total 117760K, used 35949K [0x00000000a0000000, 0x00000000a7300000, 0x00000000e0000000)
  object space 117760K, 30% used [0x00000000a0000000,0x00000000a231b530,0x00000000a7300000)
 Metaspace       used 53473K, capacity 55806K, committed 56152K, reserved 1097728K
  class space    used 7482K, capacity 7968K, committed 8064K, reserved 1048576K
}

Deoptimization events (10 events):
Event: 9.705 Thread 0x00007fce18008800 Uncommon trap: reason=class_check action=maybe_recompile pc=0x00007fce661dcb6c method=org.codehaus.groovy.reflection.CachedMethod.compareTo(Ljava/lang/Object;)I @ 1
Event: 9.705 Thread 0x00007fce18008800 Uncommon trap: reason=class_check action=maybe_recompile pc=0x00007fce661dcb6c method=org.codehaus.groovy.reflection.CachedMethod.compareTo(Ljava/lang/Object;)I @ 1
Event: 9.709 Thread 0x00007fce18008800 Uncommon trap: reason=class_check action=maybe_recompile pc=0x00007fce661dcb6c method=org.codehaus.groovy.reflection.CachedMethod.compareTo(Ljava/lang/Object;)I @ 1
Event: 9.709 Thread 0x00007fce18008800 Uncommon trap: reason=class_check action=maybe_recompile pc=0x00007fce661dcb6c method=org.codehaus.groovy.reflection.CachedMethod.compareTo(Ljava/lang/Object;)I @ 1
Event: 9.775 Thread 0x00007fce18008800 Uncommon trap: reason=class_check action=maybe_recompile pc=0x00007fce65f65a14 method=java.lang.Throwable.<init>(Ljava/lang/String;Ljava/lang/Throwable;)V @ 24
Event: 9.775 Thread 0x00007fce18008800 Uncommon trap: reason=class_check action=maybe_recompile pc=0x00007fce65f65a14 method=java.lang.Throwable.<init>(Ljava/lang/String;Ljava/lang/Throwable;)V @ 24
Event: 9.967 Thread 0x00007fce18008800 Uncommon trap: reason=predicate action=maybe_recompile pc=0x00007fce661a1d88 method=java.util.Arrays.binarySearch0([Ljava/lang/Object;IILjava/lang/Object;Ljava/util/Comparator;)I @ 28
Event: 10.122 Thread 0x00007fce18008800 Uncommon trap: reason=class_check action=maybe_recompile pc=0x00007fce6600ff84 method=java.util.HashMap.removeNode(ILjava/lang/Object;Ljava/lang/Object;ZZ)Ljava/util/HashMap$Node; @ 143
Event: 11.064 Thread 0x00007fce74cde000 Uncommon trap: reason=unstable_if action=reinterpret pc=0x00007fce65a3c364 method=java.lang.ThreadLocal.get()Ljava/lang/Object; @ 11
Event: 11.916 Thread 0x00007fce18008800 Uncommon trap: reason=unstable_if action=reinterpret pc=0x00007fce65867124 method=com.sun.org.apache.xerces.internal.impl.XMLDocumentFragmentScannerImpl$FragmentContentDriver.next()I @ 823

Internal exceptions (10 events):
Event: 10.146 Thread 0x00007fce24011800 Exception <a 'java/lang/NoSuchMethodError': <clinit>> (0x00000000e7fd1608) thrown at [/HUDSON3/workspace/8-2-build-linux-amd64/jdk8u121/8372/hotspot/src/share/vm/prims/jni.cpp, line 1613]
Event: 10.148 Thread 0x00007fce24011800 Exception <a 'java/lang/NoSuchMethodError': <clinit>> (0x00000000e7fe6720) thrown at [/HUDSON3/workspace/8-2-build-linux-amd64/jdk8u121/8372/hotspot/src/share/vm/prims/jni.cpp, line 1613]
Event: 10.149 Thread 0x00007fce24011800 Exception <a 'java/lang/NoSuchMethodError': <clinit>> (0x00000000e7ff69b0) thrown at [/HUDSON3/workspace/8-2-build-linux-amd64/jdk8u121/8372/hotspot/src/share/vm/prims/jni.cpp, line 1613]
Event: 10.152 Thread 0x00007fce24011800 Exception <a 'java/lang/NoSuchMethodError': <clinit>> (0x00000000e7ffdc00) thrown at [/HUDSON3/workspace/8-2-build-linux-amd64/jdk8u121/8372/hotspot/src/share/vm/prims/jni.cpp, line 1613]
Event: 10.160 Thread 0x00007fce18005800 Exception <a 'java/lang/NoSuchMethodError': <clinit>> (0x00000000e80fd548) thrown at [/HUDSON3/workspace/8-2-build-linux-amd64/jdk8u121/8372/hotspot/src/share/vm/prims/jni.cpp, line 1613]
Event: 11.064 Thread 0x00007fce74cde000 Implicit null exception at 0x00007fce65a3bc4a to 0x00007fce65a3c349
Event: 11.095 Thread 0x00007fce18005800 Exception <a 'java/lang/NoSuchMethodError': <clinit>> (0x00000000e82be060) thrown at [/HUDSON3/workspace/8-2-build-linux-amd64/jdk8u121/8372/hotspot/src/share/vm/prims/jni.cpp, line 1613]
Event: 11.102 Thread 0x00007fce18005800 Exception <a 'java/lang/NoSuchMethodError': <clinit>> (0x00000000e82d7148) thrown at [/HUDSON3/workspace/8-2-build-linux-amd64/jdk8u121/8372/hotspot/src/share/vm/prims/jni.cpp, line 1613]
Event: 11.153 Thread 0x00007fce18008800 Exception <a 'java/lang/ClassNotFoundException': asLocalRepo478_aojtbj3yvt1um635noraur5iBeanInfo> (0x00000000e8691050) thrown at [/HUDSON3/workspace/8-2-build-linux-amd64/jdk8u121/8372/hotspot/src/share/vm/classfile/systemDictionary.cpp, line 210]
Event: 11.153 Thread 0x00007fce18008800 Exception <a 'java/lang/ClassNotFoundException': asLocalRepo478_aojtbj3yvt1um635noraur5iCustomizer> (0x00000000e869c548) thrown at [/HUDSON3/workspace/8-2-build-linux-amd64/jdk8u121/8372/hotspot/src/share/vm/classfile/systemDictionary.cpp, line 210]

Events (10 events):
Event: 11.794 Thread 0x00007fce18008800 DEOPT UNPACKING pc=0x00007fce65047633 sp=0x00007fce50fb1f58 mode 0
Event: 11.795 Thread 0x00007fce18008800 DEOPT PACKING pc=0x00007fce6594d504 sp=0x00007fce50fb2140
Event: 11.795 Thread 0x00007fce18008800 DEOPT UNPACKING pc=0x00007fce65047633 sp=0x00007fce50fb1f78 mode 0
Event: 11.795 Thread 0x00007fce18008800 DEOPT PACKING pc=0x00007fce6594d504 sp=0x00007fce50fb2120
Event: 11.795 Thread 0x00007fce18008800 DEOPT UNPACKING pc=0x00007fce65047633 sp=0x00007fce50fb1f58 mode 0
Event: 11.834 Thread 0x00007fce18008800 DEOPT PACKING pc=0x00007fce6596ca9c sp=0x00007fce50fb1230
Event: 11.834 Thread 0x00007fce18008800 DEOPT UNPACKING pc=0x00007fce65047633 sp=0x00007fce50fb0f88 mode 0
Event: 11.916 Thread 0x00007fce18008800 Uncommon trap: trap_request=0xffffff65 fr.pc=0x00007fce65867124
Event: 11.916 Thread 0x00007fce18008800 DEOPT PACKING pc=0x00007fce65867124 sp=0x00007fce50fb1780
Event: 11.916 Thread 0x00007fce18008800 DEOPT UNPACKING pc=0x00007fce65005229 sp=0x00007fce50fb1778 mode 2


Dynamic libraries:
00400000-00401000 r-xp 00000000 08:01 11143952                           /usr/local/java/jdk1.8.0_121/bin/java
00600000-00601000 rw-p 00000000 08:01 11143952                           /usr/local/java/jdk1.8.0_121/bin/java
00af2000-00b13000 rw-p 00000000 00:00 0                                  [heap]
a0000000-a7300000 rw-p 00000000 00:00 0 
a7300000-e0000000 ---p 00000000 00:00 0 
e0000000-ee700000 rw-p 00000000 00:00 0 
ee700000-100000000 ---p 00000000 00:00 0 
100000000-1007e0000 rw-p 00000000 00:00 0 
1007e0000-140000000 ---p 00000000 00:00 0 
7fcdf8000000-7fcdf8021000 rw-p 00000000 00:00 0 
7fcdf8021000-7fcdfc000000 ---p 00000000 00:00 0 
7fcdfe26a000-7fcdfe46a000 rw-p 00000000 00:00 0 
7fcdfe505000-7fcdfe605000 rw-p 00000000 00:00 0 
7fcdfe605000-7fcdfe705000 ---p 00000000 00:00 0 
7fcdfe705000-7fcdfe905000 rw-p 00000000 00:00 0 
7fcdfe905000-7fcdfeb05000 rw-p 00000000 00:00 0 
7fcdfeb05000-7fcdfed05000 rw-p 00000000 00:00 0 
7fcdfed05000-7fcdfef05000 rw-p 00000000 00:00 0 
7fcdfef05000-7fcdfef18000 r--s 00345000 08:01 11146278                   /usr/local/java/jdk1.8.0_121/jre/lib/resources.jar
7fcdfef18000-7fcdff118000 rw-p 00000000 00:00 0 
7fcdff118000-7fcdff318000 rw-p 00000000 00:00 0 
7fcdff318000-7fcdff518000 rw-p 00000000 00:00 0 
7fcdff518000-7fcdff70e000 rw-p 00000000 00:00 0 
7fcdff70e000-7fcdff718000 ---p 00000000 00:00 0 
7fcdff718000-7fcdff71b000 ---p 00000000 00:00 0 
7fcdff71b000-7fcdffa19000 rw-p 00000000 00:00 0 
7fcdffa19000-7fcdffa1a000 r--s 00001000 08:01 34996890                   /root/.gradle/caches/jars-2/7c4c8dw4bn3s8grc5kz09cv28jy9yn3/annotations-25.3.0.jar
7fcdffa1a000-7fcdffa22000 r--s 000a8000 08:01 34996888                   /root/.gradle/caches/jars-2/lp0h431tl0554nh1vx6zomcvteflkp/lombok-ast-0.2.3.jar
7fcdffa22000-7fcdffa36000 r--s 000b4000 08:01 34996886                   /root/.gradle/caches/jars-2/igzbti8te04ygk32hg4q3ljfkkkzmlr/uast-162.2228.14.jar
7fcdffa36000-7fcdffa38000 r--s 0000d000 08:01 34996884                   /root/.gradle/caches/jars-2/7pwz1bowgakb1eux9ezb56jlturgsyi/commons-codec-1.4.jar
7fcdffa38000-7fcdffa3a000 r--s 0000d000 08:01 34996882                   /root/.gradle/caches/jars-2/9dj1m0eyooi5qt13735vz8fpkl3cnfy/commons-logging-1.1.1.jar
7fcdffa3a000-7fcdffa3f000 r--s 00028000 08:01 34996880                   /root/.gradle/caches/jars-2/62lv0fe9b3xbqe57f6ljy5upwi7mf6k/httpcore-4.1.jar
7fcdffa3f000-7fcdffa43000 r--s 0002f000 08:01 34996878                   /root/.gradle/caches/jars-2/gsg5n52frsvw6sx0swqqe2hwijwdcf0/jimfs-1.1.jar
7fcdffa43000-7fcdffa44000 r--s 00004000 08:01 34996876                   /root/.gradle/caches/jars-2/lxs252id0979odjrerlctkb26c2vj95/annotations-12.0.jar
7fcdffa44000-7fcdffa45000 r--s 00004000 08:01 34996874                   /root/.gradle/caches/jars-2/9kn99dr0rulyl67sct1ephwcop56l61/asm-analysis-5.0.4.jar
7fcdffa45000-7fcdffa49000 r--s 00040000 08:01 34996872                   /root/.gradle/caches/jars-2/h4gop7cox40tig0ckkhw1h8hl6tfcwm/lint-api-25.3.0.jar
7fcdffa49000-7fcdffa4a000 r--s 0000a000 08:01 34996870                   /root/.gradle/caches/jars-2/nwyg9io65lv6jvmwit2wq82xnnxd7ia/kxml2-2.3.0.jar
7fcdffa4a000-7fcdffa4c000 r--s 00005000 08:01 34996868                   /root/.gradle/caches/jars-2/i6hc1uuj8e9ck59slmzdyz78ydn8sr6/httpmime-4.1.jar
7fcdffa4c000-7fcdffa54000 r--s 0004e000 08:01 34996866                   /root/.gradle/caches/jars-2/7503wa5irssz0xxahv1xb82p2dl7rr2/httpclient-4.1.1.jar
7fcdffa54000-7fcdffa5b000 r--s 00053000 08:01 34996864                   /root/.gradle/caches/jars-2/jgkfvs4eqggj7qsyw1f5d3up57hanj1/commons-compress-1.8.1.jar
7fcdffa5b000-7fcdffa60000 r--s 0002a000 08:01 34996862                   /root/.gradle/caches/jars-2/je8f027qcr1z1egw08byp1ybxbp9kko/gson-2.2.4.jar
7fcdffa60000-7fcdffa65000 r--s 0002e000 08:01 34996860                   /root/.gradle/caches/jars-2/r6oa1284jnf1g0hjm5fw7l8swldb7ek/repository-25.3.0.jar
7fcdffa65000-7fcdffa66000 r--s 00005000 08:01 34996858                   /root/.gradle/caches/jars-2/8zf2fyptbgnbanz613fx2c3hoto0539/dvlib-25.3.0.jar
7fcdffa66000-7fcdffa69000 r--s 00012000 08:01 34996856                   /root/.gradle/caches/jars-2/9uh4197qdwnvuono2myyig8xxy6aqcq/layoutlib-api-25.3.0.jar
7fcdffa69000-7fcdffa6e000 r--s 00058000 08:01 34996854                   /root/.gradle/caches/jars-2/st159835qgxm0l87oqrnhayxos4lc1n/asm-debug-all-5.0.1.jar
7fcdffa6e000-7fcdffa7e000 r--s 000d5000 08:01 34996852                   /root/.gradle/caches/jars-2/qzf32gp9kej4w4hlbabft6tplu74cj3/proguard-base-5.3.2.jar
7fcdffa7e000-7fcdffa81000 r--s 00033000 08:01 34996850                   /root/.gradle/caches/jars-2/nz9sndmr8b4xbj4xulkaciy5kdbyfiz/juniversalchardet-1.0.3.jar
7fcdffa81000-7fcdffa85000 r--s 0002a000 08:01 34996848                   /root/.gradle/caches/jars-2/krbpn9xjn1qymukyx8cc5l799ty1v3h/commons-io-2.4.jar
7fcdffa85000-7fcdffa9c000 r--s 00154000 08:01 34996846                   /root/.gradle/caches/jars-2/sfeivjswzitn6n0fnjx3ueszz8gv8o1/antlr4-4.5.3.jar
7fcdffa9c000-7fcdffa9e000 r--s 00002000 08:01 34996844                   /root/.gradle/caches/jars-2/o6nwvy6at9y5kbpwo6utcclqk98gd99/baseLibrary-2.3.0.jar
7fcdffa9e000-7fcdffac9000 r--s 001fc000 08:01 34996842                   /root/.gradle/caches/jars-2/nxjrjftly2xksl8o0wqgivu5netfu2x/guava-18.0.jar
7fcdffac9000-7fcdffadc000 r--s 00241000 08:01 34996840                   /root/.gradle/caches/jars-2/9yuekvg4qerfitq3xec0iyckuw3hwaq/ecj-4.6.1.jar
7fcdffadc000-7fcdffae3000 r--s 000d9000 08:01 34996838                   /root/.gradle/caches/jars-2/aprntsq9xd6l685y4wf1lo3ojhypibs/lint-checks-25.3.0.jar
7fcdffae3000-7fcdffae5000 r--s 00006000 08:01 34996836                   /root/.gradle/caches/jars-2/6phgj9ki3jl3p5epzkqoo8pr6kur40b/asm-tree-5.0.4.jar
7fcdffae5000-7fcdffb18000 r--s 00203000 08:01 34996834                   /root/.gradle/caches/jars-2/hj0bfvxu9cq7hkwmecvp0kg137or3hh/bcprov-jdk15on-1.48.jar
7fcdffb18000-7fcdffb26000 r--s 00081000 08:01 34996832                   /root/.gradle/caches/jars-2/4r7xli0tz94y0wfjrdyjxlxar3g1pb9/bcpkix-jdk15on-1.48.jar
7fcdffb26000-7fcdffb28000 r--s 00002000 08:01 34996830                   /root/.gradle/caches/jars-2/f32bh5uivuf69ecz2j8hl96ksnqdh7v/javawriter-2.5.0.jar
7fcdffb28000-7fcdffb2a000 r--s 00004000 08:01 34996828                   /root/.gradle/caches/jars-2/ks5d1mxwh7e42p192ttu3gpechro7qa/tracker-25.3.0.jar
7fcdffb2a000-7fcdffb2b000 r--s 00005000 08:01 34996826                   /root/.gradle/caches/jars-2/fl4kf4ptr1zzfqcvmz0t9nip0r2xra6/shared-25.3.0.jar
7fcdffb2b000-7fcdffb39000 r--s 00147000 08:01 34996824                   /root/.gradle/caches/jars-2/kzywuljggjlwzg0mn5daqjrl9hrds10/protos-25.3.0.jar
7fcdffb39000-7fcdffb3b000 r--s 00003000 08:01 34996820                   /root/.gradle/caches/jars-2/hgjtw817h9ckqrqd7wts8rss79wyf2p/jack-api-0.13.0.jar
7fcdffb3b000-7fcdffb41000 r--s 0004a000 08:01 34996818                   /root/.gradle/caches/jars-2/qdr9c88xakd7sne0hmledt9h4qds2q2/ddmlib-25.3.0.jar
7fcdffb41000-7fcdffb44000 r--s 00022000 08:01 34996816                   /root/.gradle/caches/jars-2/fsss09xku4j8m0mtb0gif22hmmgqs7i/manifest-merger-25.3.0.jar
7fcdffb44000-7fcdffb47000 r--s 0001c000 08:01 34996814                   /root/.gradle/caches/jars-2/s9s98vc2jrc4cq452s7phwb2ad5xfkn/common-25.3.0.jar
7fcdffb47000-7fcdffb50000 r--s 00089000 08:01 34996812                   /root/.gradle/caches/jars-2/965j22khmkpwdgya5fll5pxt21kiz0y/sdk-common-25.3.0.jar
7fcdffb50000-7fcdffb5a000 r--s 00097000 08:01 34996810                   /root/.gradle/caches/jars-2/2t3glk7v5svadzqcbhq0avch2qk6a9k/sdklib-25.3.0.jar
7fcdffb5a000-7fcdffb5d000 r--s 00006000 08:01 34996806                   /root/.gradle/caches/jars-2/217rxmwsloonj42ilq94g16c8qou0uv/builder-model-2.3.0.jar
7fcdffb5d000-7fcdffb6c000 r--s 00130000 08:01 34996804                   /root/.gradle/caches/jars-2/cr6zkqpx14lor9zdtmo49qpc7y8r8p4/protobuf-java-3.0.0.jar
7fcdffb6c000-7fcdffb6e000 r--s 0000f000 08:01 34996802                   /root/.gradle/caches/jars-2/rvfyugrlu5tbpz51p98og0qsxamjq4k/jopt-simple-4.9.jar
7fcdffb6e000-7fcdffb72000 r--s 0001f000 08:01 34996800                   /root/.gradle/caches/jars-2/nq3fzqkrrm37ob61z4iu5qdbh368uat/org.jacoco.report-0.7.5.201505241946.jar
7fcdffb72000-7fcdffb76000 r--s 0001d000 08:01 34996798                   /root/.gradle/caches/jars-2/3kxkmcckmk40ron92zhbm0qjo9l4bkl/org.jacoco.core-0.7.5.201505241946.jar
7fcdffb76000-7fcdffb78000 r--s 00002000 08:01 34996796                   /root/.gradle/caches/jars-2/m4m0pzb4gmaeh0in5g2xc4bxeuwt828/proguard-gradle-5.3.2.jar
7fcdffb78000-7fcdffb7a000 r--s 00009000 08:01 34996794                   /root/.gradle/caches/jars-2/ajvcvdu66lc9e3tvvipxtuq48i9bbkc/asm-commons-5.0.4.jar
7fcdffb7a000-7fcdffb90000 r--s 00163000 08:01 34996782                   /root/.gradle/caches/jars-2/sqf8kc3htrab4fj479mwr3jrji381b7/builder-2.3.0.jar
7fcdffb90000-7fcdffd90000 rw-p 00000000 00:00 0 
7fcdffd90000-7fcdfff90000 rw-p 00000000 00:00 0 
7fcdfff90000-7fce00000000 r--s 00643000 08:01 34996700                   /root/.gradle/caches/jars-2/8cxlnul3q31hn64oaeyb96yvefwfs4h/groovy-all-2.4.6.jar
7fce00000000-7fce00021000 rw-p 00000000 00:00 0 
7fce00021000-7fce04000000 ---p 00000000 00:00 0 
7fce04000000-7fce04021000 rw-p 00000000 00:00 0 
7fce04021000-7fce08000000 ---p 00000000 00:00 0 
7fce08000000-7fce08021000 rw-p 00000000 00:00 0 
7fce08021000-7fce0c000000 ---p 00000000 00:00 0 
7fce0c000000-7fce0c021000 rw-p 00000000 00:00 0 
7fce0c021000-7fce10000000 ---p 00000000 00:00 0 
7fce10000000-7fce10021000 rw-p 00000000 00:00 0 
7fce10021000-7fce14000000 ---p 00000000 00:00 0 
7fce14000000-7fce15784000 rw-p 00000000 00:00 0 
7fce15784000-7fce18000000 ---p 00000000 00:00 0 
7fce18000000-7fce18027000 rw-p 00000000 00:00 0 
7fce18027000-7fce1c000000 ---p 00000000 00:00 0 
7fce1c000000-7fce1c03e000 rw-p 00000000 00:00 0 
7fce1c03e000-7fce20000000 ---p 00000000 00:00 0 
7fce20000000-7fce20021000 rw-p 00000000 00:00 0 
7fce20021000-7fce24000000 ---p 00000000 00:00 0 
7fce24000000-7fce24072000 rw-p 00000000 00:00 0 
7fce24072000-7fce28000000 ---p 00000000 00:00 0 
7fce28000000-7fce28021000 rw-p 00000000 00:00 0 
7fce28021000-7fce2c000000 ---p 00000000 00:00 0 
7fce2c000000-7fce2c021000 rw-p 00000000 00:00 0 
7fce2c021000-7fce30000000 ---p 00000000 00:00 0 
7fce30000000-7fce317c0000 rw-p 00000000 00:00 0 
7fce317c0000-7fce34000000 ---p 00000000 00:00 0 
7fce34000000-7fce34ed7000 rw-p 00000000 00:00 0 
7fce34ed7000-7fce38000000 ---p 00000000 00:00 0 
7fce38000000-7fce38021000 rw-p 00000000 00:00 0 
7fce38021000-7fce3c000000 ---p 00000000 00:00 0 
7fce3c000000-7fce3dad3000 rw-p 00000000 00:00 0 
7fce3dad3000-7fce40000000 ---p 00000000 00:00 0 
7fce40000000-7fce40021000 rw-p 00000000 00:00 0 
7fce40021000-7fce44000000 ---p 00000000 00:00 0 
7fce44000000-7fce44021000 rw-p 00000000 00:00 0 
7fce44021000-7fce48000000 ---p 00000000 00:00 0 
7fce48000000-7fce48033000 rw-p 00000000 00:00 0 
7fce48033000-7fce4c000000 ---p 00000000 00:00 0 
7fce4c000000-7fce4c030000 rw-p 00000000 00:00 0 
7fce4c030000-7fce50000000 ---p 00000000 00:00 0 
7fce50000000-7fce50001000 r--s 00001000 08:01 34996822                   /root/.gradle/caches/jars-2/9wceqt3rojnwacgoouxh9g9dkoot2zu/jill-api-0.10.0.jar
7fce50001000-7fce50003000 r--s 0000c000 08:01 34996792                   /root/.gradle/caches/jars-2/1laz1ygmxoc408r7nwqs1q8uk8r236d/asm-5.0.4.jar
7fce50003000-7fce50203000 rw-p 00000000 00:00 0 
7fce50203000-7fce50403000 rw-p 00000000 00:00 0 
7fce50403000-7fce50404000 r--s 00002000 08:01 34996808                   /root/.gradle/caches/jars-2/q53lj97mtvuhn56k5k0vmpi70ln1194/builder-test-api-2.3.0.jar
7fce50404000-7fce50409000 r--s 0002c000 08:01 34996790                   /root/.gradle/caches/jars-2/3eyaheco65g859qpfsowjbpqi0jh6mf/compilerCommon-2.3.0.jar
7fce50409000-7fce5040a000 r--s 00002000 08:01 34996788                   /root/.gradle/caches/jars-2/31jr90v5p5fkd2jflx4pvapkdf35ezu/gradle-api-2.3.0.jar
7fce5040a000-7fce5040b000 r--s 00000000 08:01 34996786                   /root/.gradle/caches/jars-2/9alwd0ip1x6at9csjhyhihqra39rks9/transform-api-2.0.0-deprecated-use-gradle-api.jar
7fce5040b000-7fce50410000 r--s 0005e000 08:01 34996784                   /root/.gradle/caches/jars-2/ni16dxztl73a86d25hs3on5ncngkbuy/lint-25.3.0.jar
7fce50410000-7fce5042e000 r--s 001cb000 08:01 34996780                   /root/.gradle/caches/jars-2/8qy5a7i3gbr2s4snxdquaath1tjusie/gradle-core-2.3.0.jar
7fce5042e000-7fce50430000 r--s 0000d000 08:01 34996778                   /root/.gradle/caches/jars-2/60bmiis45kdytxtzt10fi483750k8at/gradle-2.3.0.jar
7fce50430000-7fce50435000 r--s 0007a000 08:01 34996698                   /root/.gradle/caches/jars-2/q5pdl4dnyup86dc2j4432si3lyapuro/gradle-tooling-extension-impl.jar
7fce50435000-7fce5043a000 r--s 00034000 08:01 34996702                   /root/.gradle/caches/jars-2/c74d41v3l7o57dyhdc4xhdfblc3m2cw/gson-2.5.jar
7fce5043a000-7fce5043d000 ---p 00000000 00:00 0 
7fce5043d000-7fce50473000 rw-p 00000000 00:00 0 
7fce50473000-7fce50474000 r--p 00000000 00:00 0 
7fce50474000-7fce50674000 rw-p 00000000 00:00 0 
7fce50674000-7fce50874000 rw-p 00000000 00:00 0 
7fce50874000-7fce50875000 r--s 00000000 08:01 34996626                   /root/.gradle/caches/jars-2/dg22azhabc6tsc1i8xni15giz1bnssh/gradle-appengine-builder-model-0.1.0.jar
7fce50875000-7fce508b2000 r--s 0057a000 08:01 34996624                   /root/.gradle/caches/jars-2/fo77ak4mnuyhc5u9vjmknf4a9d1jvr7/sdk-tools.jar
7fce508b2000-7fce508b3000 r--s 00002000 08:01 34996622                   /root/.gradle/caches/jars-2/alhyd7g7xhtn0z1hxgxf7267ym5i09w/external-system-rt.jar
7fce508b3000-7fce508b5000 r--s 0000a000 08:01 34996620                   /root/.gradle/caches/jars-2/ptk43fz0tdnoik1x8njn96wlo1j4uin/gradle-tooling-extension-api.jar
7fce508b5000-7fce508c2000 r--s 0017f000 08:01 34866102                   /root/.gradle/caches/jars-2/jei8kz30gbr6a1wtydijbt6dfeefz5z/velocity.jar
7fce508c2000-7fce508fc000 r--s 001e2000 08:01 34735262                   /root/.gradle/caches/jars-2/gsc6q095kyxskeaqm5ejgrya5fy93e4/gradle-core-3.2.jar
7fce508fc000-7fce50905000 r--s 00041000 08:01 34735260                   /root/.gradle/caches/jars-2/h9tlqcb3hm1v4dc2krttqmly48oj6dn/gradle-base-services-3.2.jar
7fce50905000-7fce5092d000 r--s 001cf000 08:01 34606348                   /root/.gradle/caches/jars-2/87eo0lrvp84r6dbxjq018wy66es2era/guava-jdk5-17.0.jar
7fce5092d000-7fce5093a000 r--s 00041000 08:01 34606346                   /root/.gradle/caches/jars-2/dgtjvv7hz6uw97ja0np1f4qgb2lzw3b/gradle-tooling-api-3.2.jar
7fce5093a000-7fce5093d000 ---p 00000000 00:00 0 
7fce5093d000-7fce50a3b000 rw-p 00000000 00:00 0 
7fce50a3b000-7fce50ab5000 r--s 010f6000 08:01 11020816                   /usr/local/java/jdk1.8.0_121/lib/tools.jar
7fce50ab5000-7fce50cb5000 rw-p 00000000 00:00 0 
7fce50cb5000-7fce50cb8000 ---p 00000000 00:00 0 
7fce50cb8000-7fce50db6000 rw-p 00000000 00:00 0 
7fce50db6000-7fce50db9000 ---p 00000000 00:00 0 
7fce50db9000-7fce50eb7000 rw-p 00000000 00:00 0 
7fce50eb7000-7fce50eba000 ---p 00000000 00:00 0 
7fce50eba000-7fce50fb8000 rw-p 00000000 00:00 0 
7fce50fb8000-7fce50fbb000 ---p 00000000 00:00 0 
7fce50fbb000-7fce510b9000 rw-p 00000000 00:00 0 
7fce510b9000-7fce510bc000 ---p 00000000 00:00 0 
7fce510bc000-7fce513ba000 rw-p 00000000 00:00 0 
7fce513ba000-7fce513bd000 ---p 00000000 00:00 0 
7fce513bd000-7fce514bb000 rw-p 00000000 00:00 0 
7fce514bb000-7fce514c2000 r--s 00000000 08:01 11274324                   /usr/lib/x86_64-linux-gnu/gconv/gconv-modules.cache
7fce514c2000-7fce516c2000 rw-p 00000000 00:00 0 
7fce516c2000-7fce516c5000 ---p 00000000 00:00 0 
7fce516c5000-7fce517c3000 rw-p 00000000 00:00 0 
7fce517c3000-7fce517c6000 ---p 00000000 00:00 0 
7fce517c6000-7fce518c4000 rw-p 00000000 00:00 0 
7fce518c4000-7fce518cd000 r-xp 00000000 08:01 11144070                   /usr/local/java/jdk1.8.0_121/jre/lib/amd64/libmanagement.so
7fce518cd000-7fce51acc000 ---p 00009000 08:01 11144070                   /usr/local/java/jdk1.8.0_121/jre/lib/amd64/libmanagement.so
7fce51acc000-7fce51acd000 rw-p 00008000 08:01 11144070                   /usr/local/java/jdk1.8.0_121/jre/lib/amd64/libmanagement.so
7fce51acd000-7fce51ad1000 r--s 0009a000 08:01 11143978                   /usr/local/java/jdk1.8.0_121/jre/lib/jsse.jar
7fce51ad1000-7fce51ad3000 r--s 00007000 08:01 34341942                   /root/.gradle/wrapper/dists/gradle-3.3-all/55gk2rcmfc6p2dg9u9ohc3hw9/gradle-3.3/lib/plugins/gradle-tooling-api-builders-3.3.jar
7fce51ad3000-7fce51ad6000 r--s 00009000 08:01 34341935                   /root/.gradle/wrapper/dists/gradle-3.3-all/55gk2rcmfc6p2dg9u9ohc3hw9/gradle-3.3/lib/plugins/gradle-testing-native-3.3.jar
7fce51ad6000-7fce51adc000 r--s 00033000 08:01 34342010                   /root/.gradle/wrapper/dists/gradle-3.3-all/55gk2rcmfc6p2dg9u9ohc3hw9/gradle-3.3/lib/plugins/snakeyaml-1.6.jar
7fce51adc000-7fce51ade000 r--s 00006000 08:01 34342009                   /root/.gradle/wrapper/dists/gradle-3.3-all/55gk2rcmfc6p2dg9u9ohc3hw9/gradle-3.3/lib/plugins/jcommander-1.12.jar
7fce51ade000-7fce51ae3000 r--s 00040000 08:01 34342008                   /root/.gradle/wrapper/dists/gradle-3.3-all/55gk2rcmfc6p2dg9u9ohc3hw9/gradle-3.3/lib/plugins/bsh-2.0b4.jar
7fce51ae3000-7fce51ae5000 r--s 00009000 08:01 34342016                   /root/.gradle/wrapper/dists/gradle-3.3-all/55gk2rcmfc6p2dg9u9ohc3hw9/gradle-3.3/lib/plugins/hamcrest-core-1.3.jar
7fce51ae5000-7fce51aee000 r--s 00089000 08:01 34341967                   /root/.gradle/wrapper/dists/gradle-3.3-all/55gk2rcmfc6p2dg9u9ohc3hw9/gradle-3.3/lib/plugins/testng-6.3.1.jar
7fce51aee000-7fce51af6000 r--s 00045000 08:01 34341966                   /root/.gradle/wrapper/dists/gradle-3.3-all/55gk2rcmfc6p2dg9u9ohc3hw9/gradle-3.3/lib/plugins/junit-4.12.jar
7fce51af6000-7fce51afc000 r--s 0002e000 08:01 34341936                   /root/.gradle/wrapper/dists/gradle-3.3-all/55gk2rcmfc6p2dg9u9ohc3hw9/gradle-3.3/lib/plugins/gradle-testing-jvm-3.3.jar
7fce51afc000-7fce51b00000 r--s 00016000 08:01 34341934                   /root/.gradle/wrapper/dists/gradle-3.3-all/55gk2rcmfc6p2dg9u9ohc3hw9/gradle-3.3/lib/plugins/gradle-testing-base-3.3.jar
7fce51b00000-7fce51b07000 r--s 00038000 08:01 34341961                   /root/.gradle/wrapper/dists/gradle-3.3-all/55gk2rcmfc6p2dg9u9ohc3hw9/gradle-3.3/lib/plugins/bcpg-jdk15on-1.51.jar
7fce51b07000-7fce51b09000 r--s 0000c000 08:01 34341913                   /root/.gradle/wrapper/dists/gradle-3.3-all/55gk2rcmfc6p2dg9u9ohc3hw9/gradle-3.3/lib/plugins/gradle-signing-3.3.jar
7fce51b09000-7fce51b0b000 r--s 00007000 08:01 34341912                   /root/.gradle/wrapper/dists/gradle-3.3-all/55gk2rcmfc6p2dg9u9ohc3hw9/gradle-3.3/lib/plugins/gradle-scala-3.3.jar
7fce51b0b000-7fce51b0c000 r--s 00004000 08:01 34341940                   /root/.gradle/wrapper/dists/gradle-3.3-all/55gk2rcmfc6p2dg9u9ohc3hw9/gradle-3.3/lib/plugins/gradle-resources-sftp-3.3.jar
7fce51b0c000-7fce51b1c000 r--s 00088000 08:01 34341977                   /root/.gradle/wrapper/dists/gradle-3.3-all/55gk2rcmfc6p2dg9u9ohc3hw9/gradle-3.3/lib/plugins/joda-time-2.8.2.jar
7fce51b1c000-7fce51b2d000 r--s 0010d000 08:01 34341976                   /root/.gradle/wrapper/dists/gradle-3.3-all/55gk2rcmfc6p2dg9u9ohc3hw9/gradle-3.3/lib/plugins/jackson-databind-2.6.6.jar
7fce51b2d000-7fce51b30000 r--s 00009000 08:01 34341975                   /root/.gradle/wrapper/dists/gradle-3.3-all/55gk2rcmfc6p2dg9u9ohc3hw9/gradle-3.3/lib/plugins/jackson-annotations-2.6.6.jar
7fce51b30000-7fce51b34000 r--s 0003c000 08:01 34341974                   /root/.gradle/wrapper/dists/gradle-3.3-all/55gk2rcmfc6p2dg9u9ohc3hw9/gradle-3.3/lib/plugins/jackson-core-2.6.6.jar
7fce51b34000-7fce51b42000 r--s 00087000 08:01 34341973                   /root/.gradle/wrapper/dists/gradle-3.3-all/55gk2rcmfc6p2dg9u9ohc3hw9/gradle-3.3/lib/plugins/aws-java-sdk-core-1.11.6.jar
7fce51b42000-7fce51b49000 r--s 00057000 08:01 34341972                   /root/.gradle/wrapper/dists/gradle-3.3-all/55gk2rcmfc6p2dg9u9ohc3hw9/gradle-3.3/lib/plugins/aws-java-sdk-kms-1.11.6.jar
7fce51b49000-7fce51b56000 r--s 0008e000 08:01 34341971                   /root/.gradle/wrapper/dists/gradle-3.3-all/55gk2rcmfc6p2dg9u9ohc3hw9/gradle-3.3/lib/plugins/aws-java-sdk-s3-1.11.6.jar
7fce51b56000-7fce51b58000 r--s 00004000 08:01 34341941                   /root/.gradle/wrapper/dists/gradle-3.3-all/55gk2rcmfc6p2dg9u9ohc3hw9/gradle-3.3/lib/plugins/gradle-resources-s3-3.3.jar
7fce51b58000-7fce51b5a000 r--s 00005000 08:01 34341965                   /root/.gradle/wrapper/dists/gradle-3.3-all/55gk2rcmfc6p2dg9u9ohc3hw9/gradle-3.3/lib/plugins/jatl-0.2.2.jar
7fce51b5a000-7fce51b5c000 r--s 0000f000 08:01 34341918                   /root/.gradle/wrapper/dists/gradle-3.3-all/55gk2rcmfc6p2dg9u9ohc3hw9/gradle-3.3/lib/plugins/gradle-reporting-3.3.jar
7fce51b5c000-7fce51b5e000 r--s 00002000 08:01 34341919                   /root/.gradle/wrapper/dists/gradle-3.3-all/55gk2rcmfc6p2dg9u9ohc3hw9/gradle-3.3/lib/plugins/gradle-publish-3.3.jar
7fce51b5e000-7fce51b60000 r--s 00009000 08:01 34341948                   /root/.gradle/wrapper/dists/gradle-3.3-all/55gk2rcmfc6p2dg9u9ohc3hw9/gradle-3.3/lib/plugins/commons-cli-1.2.jar
7fce51b60000-7fce51b66000 r--s 00031000 08:01 34341904                   /root/.gradle/wrapper/dists/gradle-3.3-all/55gk2rcmfc6p2dg9u9ohc3hw9/gradle-3.3/lib/plugins/gradle-plugins-3.3.jar
7fce51b66000-7fce51b68000 r--s 00009000 08:01 34341937                   /root/.gradle/wrapper/dists/gradle-3.3-all/55gk2rcmfc6p2dg9u9ohc3hw9/gradle-3.3/lib/plugins/gradle-plugin-development-3.3.jar
7fce51b68000-7fce51b6e000 r--s 0002b000 08:01 34341930                   /root/.gradle/wrapper/dists/gradle-3.3-all/55gk2rcmfc6p2dg9u9ohc3hw9/gradle-3.3/lib/plugins/gradle-platform-play-3.3.jar
7fce51b6e000-7fce51b7c000 r--s 00055000 08:01 34341929                   /root/.gradle/wrapper/dists/gradle-3.3-all/55gk2rcmfc6p2dg9u9ohc3hw9/gradle-3.3/lib/plugins/gradle-platform-native-3.3.jar
7fce51b7c000-7fce51b81000 r--s 0001f000 08:01 34341924                   /root/.gradle/wrapper/dists/gradle-3.3-all/55gk2rcmfc6p2dg9u9ohc3hw9/gradle-3.3/lib/plugins/gradle-platform-jvm-3.3.jar
7fce51b81000-7fce51b89000 r--s 00027000 08:01 34341923                   /root/.gradle/wrapper/dists/gradle-3.3-all/55gk2rcmfc6p2dg9u9ohc3hw9/gradle-3.3/lib/plugins/gradle-platform-base-3.3.jar
7fce51b89000-7fce51bb1000 r--s 0021c000 08:01 34341956                   /root/.gradle/wrapper/dists/gradle-3.3-all/55gk2rcmfc6p2dg9u9ohc3hw9/gradle-3.3/lib/plugins/biz.aQute.bndlib-3.2.0.jar
7fce51bb1000-7fce51bb3000 r--s 00003000 08:01 34341908                   /root/.gradle/wrapper/dists/gradle-3.3-all/55gk2rcmfc6p2dg9u9ohc3hw9/gradle-3.3/lib/plugins/gradle-osgi-3.3.jar
7fce51bb3000-7fce51bb6000 r--s 0000c000 08:01 34341959                   /root/.gradle/wrapper/dists/gradle-3.3-all/55gk2rcmfc6p2dg9u9ohc3hw9/gradle-3.3/lib/plugins/pmaven-groovy-0.8-20100325.jar
7fce51bb6000-7fce51bb7000 r--s 00004000 08:01 34341958                   /root/.gradle/wrapper/dists/gradle-3.3-all/55gk2rcmfc6p2dg9u9ohc3hw9/gradle-3.3/lib/plugins/pmaven-common-0.8-20100325.jar
7fce51bb7000-7fce51bbd000 r--s 00023000 08:01 34341909                   /root/.gradle/wrapper/dists/gradle-3.3-all/55gk2rcmfc6p2dg9u9ohc3hw9/gradle-3.3/lib/plugins/gradle-maven-3.3.jar
7fce51bbd000-7fce51bc0000 r--s 0000b000 08:01 34341928                   /root/.gradle/wrapper/dists/gradle-3.3-all/55gk2rcmfc6p2dg9u9ohc3hw9/gradle-3.3/lib/plugins/gradle-language-scala-3.3.jar
7fce51bc0000-7fce51bc6000 r--s 0001a000 08:01 34341932                   /root/.gradle/wrapper/dists/gradle-3.3-all/55gk2rcmfc6p2dg9u9ohc3hw9/gradle-3.3/lib/plugins/gradle-language-native-3.3.jar
7fce51bc6000-7fce51bc9000 r--s 00005000 08:01 34341925                   /root/.gradle/wrapper/dists/gradle-3.3-all/55gk2rcmfc6p2dg9u9ohc3hw9/gradle-3.3/lib/plugins/gradle-language-jvm-3.3.jar
7fce51bc9000-7fce51bcf000 r--s 00027000 08:01 34341926                   /root/.gradle/wrapper/dists/gradle-3.3-all/55gk2rcmfc6p2dg9u9ohc3hw9/gradle-3.3/lib/plugins/gradle-language-java-3.3.jar
7fce51bcf000-7fce51bd1000 r--s 0000a000 08:01 34341927                   /root/.gradle/wrapper/dists/gradle-3.3-all/55gk2rcmfc6p2dg9u9ohc3hw9/gradle-3.3/lib/plugins/gradle-language-groovy-3.3.jar
7fce51bd1000-7fce51bd4000 r--s 0001e000 08:01 34341983                   /root/.gradle/wrapper/dists/gradle-3.3-all/55gk2rcmfc6p2dg9u9ohc3hw9/gradle-3.3/lib/plugins/jsp-api-2.1-6.1.14.jar
7fce51bd4000-7fce51bf7000 r--s 00344000 08:01 34341982                   /root/.gradle/wrapper/dists/gradle-3.3-all/55gk2rcmfc6p2dg9u9ohc3hw9/gradle-3.3/lib/plugins/core-3.1.1.jar
7fce51bf7000-7fce51bf8000 r--s 00006000 08:01 34341981                   /root/.gradle/wrapper/dists/gradle-3.3-all/55gk2rcmfc6p2dg9u9ohc3hw9/gradle-3.3/lib/plugins/jetty-naming-6.1.26.jar
7fce51bf8000-7fce51bf9000 r--s 00002000 08:01 34341955                   /root/.gradle/wrapper/dists/gradle-3.3-all/55gk2rcmfc6p2dg9u9ohc3hw9/gradle-3.3/lib/plugins/geronimo-annotation_1.0_spec-1.0.jar
7fce51bf9000-7fce51bfb000 r--s 00002000 08:01 34341954                   /root/.gradle/wrapper/dists/gradle-3.3-all/55gk2rcmfc6p2dg9u9ohc3hw9/gradle-3.3/lib/plugins/jetty-annotations-6.1.26.jar
7fce51bfb000-7fce51c0c000 r--s 000ea000 08:01 34341953                   /root/.gradle/wrapper/dists/gradle-3.3-all/55gk2rcmfc6p2dg9u9ohc3hw9/gradle-3.3/lib/plugins/jsp-2.1-6.1.14.jar
7fce51c0c000-7fce51c0e000 r--s 0000d000 08:01 34341952                   /root/.gradle/wrapper/dists/gradle-3.3-all/55gk2rcmfc6p2dg9u9ohc3hw9/gradle-3.3/lib/plugins/jetty-plus-6.1.26.jar
7fce51c0e000-7fce51c10000 r--s 0001f000 08:01 34341951                   /root/.gradle/wrapper/dists/gradle-3.3-all/55gk2rcmfc6p2dg9u9ohc3hw9/gradle-3.3/lib/plugins/servlet-api-2.5-20081211.jar
7fce51c10000-7fce51c14000 r--s 00028000 08:01 34341950                   /root/.gradle/wrapper/dists/gradle-3.3-all/55gk2rcmfc6p2dg9u9ohc3hw9/gradle-3.3/lib/plugins/jetty-util-6.1.26.jar
7fce51c14000-7fce51c1b000 r--s 0007d000 08:01 34341949                   /root/.gradle/wrapper/dists/gradle-3.3-all/55gk2rcmfc6p2dg9u9ohc3hw9/gradle-3.3/lib/plugins/jetty-6.1.26.jar
7fce51c1b000-7fce51c1d000 r--s 0000a000 08:01 34341906                   /root/.gradle/wrapper/dists/gradle-3.3-all/55gk2rcmfc6p2dg9u9ohc3hw9/gradle-3.3/lib/plugins/gradle-jetty-3.3.jar
7fce51c1d000-7fce51c24000 r--s 00035000 08:01 34341964                   /root/.gradle/wrapper/dists/gradle-3.3-all/55gk2rcmfc6p2dg9u9ohc3hw9/gradle-3.3/lib/plugins/simple-4.1.21.jar
7fce51c24000-7fce51c30000 r--s 00100000 08:01 34341962                   /root/.gradle/wrapper/dists/gradle-3.3-all/55gk2rcmfc6p2dg9u9ohc3hw9/gradle-3.3/lib/plugins/rhino-1.7R3.jar
7fce51c30000-7fce51c34000 r--s 00012000 08:01 34341915                   /root/.gradle/wrapper/dists/gradle-3.3-all/55gk2rcmfc6p2dg9u9ohc3hw9/gradle-3.3/lib/plugins/gradle-javascript-3.3.jar
7fce51c34000-7fce51c36000 r--s 0000d000 08:01 34341921                   /root/.gradle/wrapper/dists/gradle-3.3-all/55gk2rcmfc6p2dg9u9ohc3hw9/gradle-3.3/lib/plugins/gradle-jacoco-3.3.jar
7fce51c36000-7fce51c39000 r--s 0000e000 08:01 34341920                   /root/.gradle/wrapper/dists/gradle-3.3-all/55gk2rcmfc6p2dg9u9ohc3hw9/gradle-3.3/lib/plugins/gradle-ivy-3.3.jar
7fce51c39000-7fce51c3a000 r--s 00002000 08:01 34341931                   /root/.gradle/wrapper/dists/gradle-3.3-all/55gk2rcmfc6p2dg9u9ohc3hw9/gradle-3.3/lib/plugins/gradle-ide-play-3.3.jar
7fce51c3a000-7fce51c3d000 r--s 00013000 08:01 34341933                   /root/.gradle/wrapper/dists/gradle-3.3-all/55gk2rcmfc6p2dg9u9ohc3hw9/gradle-3.3/lib/plugins/gradle-ide-native-3.3.jar
7fce51c3d000-7fce51c46000 r--s 00055000 08:01 34341910                   /root/.gradle/wrapper/dists/gradle-3.3-all/55gk2rcmfc6p2dg9u9ohc3hw9/gradle-3.3/lib/plugins/gradle-ide-3.3.jar
7fce51c46000-7fce51c48000 r--s 00007000 08:01 34341914                   /root/.gradle/wrapper/dists/gradle-3.3-all/55gk2rcmfc6p2dg9u9ohc3hw9/gradle-3.3/lib/plugins/gradle-ear-3.3.jar
7fce51c48000-7fce51c4e000 r--s 00039000 08:01 34341917                   /root/.gradle/wrapper/dists/gradle-3.3-all/55gk2rcmfc6p2dg9u9ohc3hw9/gradle-3.3/lib/plugins/gradle-diagnostics-3.3.jar
7fce51c4e000-7fce51c4f000 r--s 00009000 08:01 34341943                   /root/.gradle/wrapper/dists/gradle-3.3-all/55gk2rcmfc6p2dg9u9ohc3hw9/gradle-3.3/lib/plugins/gradle-composite-builds-3.3.jar
7fce51c4f000-7fce51c53000 r--s 00023000 08:01 34341905                   /root/.gradle/wrapper/dists/gradle-3.3-all/55gk2rcmfc6p2dg9u9ohc3hw9/gradle-3.3/lib/plugins/gradle-code-quality-3.3.jar
7fce51c53000-7fce51c57000 r--s 00022000 08:01 34341922                   /root/.gradle/wrapper/dists/gradle-3.3-all/55gk2rcmfc6p2dg9u9ohc3hw9/gradle-3.3/lib/plugins/gradle-build-init-3.3.jar
7fce51c57000-7fce51c5d000 r--s 0008e000 08:01 34341916                   /root/.gradle/wrapper/dists/gradle-3.3-all/55gk2rcmfc6p2dg9u9ohc3hw9/gradle-3.3/lib/plugins/gradle-build-comparison-3.3.jar
7fce51c5d000-7fce51c5e000 r--s 00001000 08:01 34341944                   /root/.gradle/wrapper/dists/gradle-3.3-all/55gk2rcmfc6p2dg9u9ohc3hw9/gradle-3.3/lib/plugins/gradle-build-cache-http-3.3.jar
7fce51c5e000-7fce51c60000 r--s 00008000 08:01 34341907                   /root/.gradle/wrapper/dists/gradle-3.3-all/55gk2rcmfc6p2dg9u9ohc3hw9/gradle-3.3/lib/plugins/gradle-antlr-3.3.jar
7fce51c60000-7fce51c62000 r--s 00004000 08:01 34341911                   /root/.gradle/wrapper/dists/gradle-3.3-all/55gk2rcmfc6p2dg9u9ohc3hw9/gradle-3.3/lib/plugins/gradle-announce-3.3.jar
7fce51c62000-7fce51c7a000 r--s 00115000 08:01 34342013                   /root/.gradle/wrapper/dists/gradle-3.3-all/55gk2rcmfc6p2dg9u9ohc3hw9/gradle-3.3/lib/plugins/xercesImpl-2.9.1.jar
7fce51c7a000-7fce51c82000 r--s 00028000 08:01 34342014                   /root/.gradle/wrapper/dists/gradle-3.3-all/55gk2rcmfc6p2dg9u9ohc3hw9/gradle-3.3/lib/plugins/xml-apis-1.3.04.jar
7fce51c82000-7fce51c88000 r--s 0005b000 08:01 34342012                   /root/.gradle/wrapper/dists/gradle-3.3-all/55gk2rcmfc6p2dg9u9ohc3hw9/gradle-3.3/lib/plugins/jcifs-1.3.17.jar
7fce51c88000-7fce51c8e000 r--s 00033000 08:01 34341960                   /root/.gradle/wrapper/dists/gradle-3.3-all/55gk2rcmfc6p2dg9u9ohc3hw9/gradle-3.3/lib/plugins/commons-codec-1.6.jar
7fce51c8e000-7fce51c95000 r--s 00049000 08:01 34342011                   /root/.gradle/wrapper/dists/gradle-3.3-all/55gk2rcmfc6p2dg9u9ohc3hw9/gradle-3.3/lib/plugins/httpcore-4.4.4.jar
7fce51c95000-7fce51c98000 r--s 0001c000 08:01 34341969                   /root/.gradle/wrapper/dists/gradle-3.3-all/55gk2rcmfc6p2dg9u9ohc3hw9/gradle-3.3/lib/plugins/nekohtml-1.9.14.jar
7fce51c98000-7fce51ca5000 r--s 000a4000 08:01 34341968                   /root/.gradle/wrapper/dists/gradle-3.3-all/55gk2rcmfc6p2dg9u9ohc3hw9/gradle-3.3/lib/plugins/httpclient-4.4.1.jar
7fce51ca5000-7fce51ca8000 r--s 0000a000 08:01 34341939                   /root/.gradle/wrapper/dists/gradle-3.3-all/55gk2rcmfc6p2dg9u9ohc3hw9/gradle-3.3/lib/plugins/gradle-resources-http-3.3.jar
7fce51ca8000-7fce51cac000 r--s 00015000 08:01 34341938                   /root/.gradle/wrapper/dists/gradle-3.3-all/55gk2rcmfc6p2dg9u9ohc3hw9/gradle-3.3/lib/plugins/gradle-plugin-use-3.3.jar
7fce51cac000-7fce51cad000 r--s 00000000 08:01 34341850                   /root/.gradle/wrapper/dists/gradle-3.3-all/55gk2rcmfc6p2dg9u9ohc3hw9/gradle-3.3/lib/gradle-installation-beacon-3.3.jar
7fce51cad000-7fce51caf000 r--s 00006000 08:01 34342007                   /root/.gradle/wrapper/dists/gradle-3.3-all/55gk2rcmfc6p2dg9u9ohc3hw9/gradle-3.3/lib/plugins/aether-connector-wagon-1.13.1.jar
7fce51caf000-7fce51cb3000 r--s 0001c000 08:01 34342006                   /root/.gradle/wrapper/dists/gradle-3.3-all/55gk2rcmfc6p2dg9u9ohc3hw9/gradle-3.3/lib/plugins/aether-util-1.13.1.jar
7fce51cb3000-7fce51cb4000 r--s 00003000 08:01 34342005                   /root/.gradle/wrapper/dists/gradle-3.3-all/55gk2rcmfc6p2dg9u9ohc3hw9/gradle-3.3/lib/plugins/aether-spi-1.13.1.jar
7fce51cb4000-7fce51cb7000 r--s 0001d000 08:01 34342004                   /root/.gradle/wrapper/dists/gradle-3.3-all/55gk2rcmfc6p2dg9u9ohc3hw9/gradle-3.3/lib/plugins/aether-impl-1.13.1.jar
7fce51cb7000-7fce51cba000 r--s 00013000 08:01 34342003                   /root/.gradle/wrapper/dists/gradle-3.3-all/55gk2rcmfc6p2dg9u9ohc3hw9/gradle-3.3/lib/plugins/aether-api-1.13.1.jar
7fce51cba000-7fce51cbb000 r--s 00007000 08:01 34342002                   /root/.gradle/wrapper/dists/gradle-3.3-all/55gk2rcmfc6p2dg9u9ohc3hw9/gradle-3.3/lib/plugins/wagon-http-shared4-2.4.jar
7fce51cbb000-7fce51cbd000 r--s 0000b000 08:01 34342001                   /root/.gradle/wrapper/dists/gradle-3.3-all/55gk2rcmfc6p2dg9u9ohc3hw9/gradle-3.3/lib/plugins/wagon-provider-api-2.4.jar
7fce51cbd000-7fce51cbe000 r--s 00002000 08:01 34342000                   /root/.gradle/wrapper/dists/gradle-3.3-all/55gk2rcmfc6p2dg9u9ohc3hw9/gradle-3.3/lib/plugins/wagon-http-2.4.jar
7fce51cbe000-7fce51cbf000 r--s 00002000 08:01 34341999                   /root/.gradle/wrapper/dists/gradle-3.3-all/55gk2rcmfc6p2dg9u9ohc3hw9/gradle-3.3/lib/plugins/wagon-file-2.4.jar
7fce51cbf000-7fce51cc1000 r--s 0000c000 08:01 34341998                   /root/.gradle/wrapper/dists/gradle-3.3-all/55gk2rcmfc6p2dg9u9ohc3hw9/gradle-3.3/lib/plugins/maven-aether-provider-3.0.4.jar
7fce51cc1000-7fce51cc3000 r--s 0000b000 08:01 34341997                   /root/.gradle/wrapper/dists/gradle-3.3-all/55gk2rcmfc6p2dg9u9ohc3hw9/gradle-3.3/lib/plugins/maven-plugin-api-3.0.4.jar
7fce51cc3000-7fce51cc5000 r--s 00006000 08:01 34341996                   /root/.gradle/wrapper/dists/gradle-3.3-all/55gk2rcmfc6p2dg9u9ohc3hw9/gradle-3.3/lib/plugins/maven-repository-metadata-3.0.4.jar
7fce51cc5000-7fce51cc7000 r--s 0000b000 08:01 34341995                   /root/.gradle/wrapper/dists/gradle-3.3-all/55gk2rcmfc6p2dg9u9ohc3hw9/gradle-3.3/lib/plugins/maven-artifact-3.0.4.jar
7fce51cc7000-7fce51cc9000 r--s 00026000 08:01 34341994                   /root/.gradle/wrapper/dists/gradle-3.3-all/55gk2rcmfc6p2dg9u9ohc3hw9/gradle-3.3/lib/plugins/maven-model-3.0.4.jar
7fce51cc9000-7fce51ccd000 r--s 00021000 08:01 34341993                   /root/.gradle/wrapper/dists/gradle-3.3-all/55gk2rcmfc6p2dg9u9ohc3hw9/gradle-3.3/lib/plugins/maven-model-builder-3.0.4.jar
7fce51ccd000-7fce51cd3000 r--s 0003f000 08:01 34341992                   /root/.gradle/wrapper/dists/gradle-3.3-all/55gk2rcmfc6p2dg9u9ohc3hw9/gradle-3.3/lib/plugins/maven-compat-3.0.4.jar
7fce51cd3000-7fce51cd4000 r--s 00006000 08:01 34341991                   /root/.gradle/wrapper/dists/gradle-3.3-all/55gk2rcmfc6p2dg9u9ohc3hw9/gradle-3.3/lib/plugins/plexus-sec-dispatcher-1.3.jar
7fce51cd4000-7fce51cd6000 r--s 00002000 08:01 34341990                   /root/.gradle/wrapper/dists/gradle-3.3-all/55gk2rcmfc6p2dg9u9ohc3hw9/gradle-3.3/lib/plugins/plexus-cipher-1.7.jar
7fce51cd6000-7fce51cd8000 r--s 0000a000 08:01 34341989                   /root/.gradle/wrapper/dists/gradle-3.3-all/55gk2rcmfc6p2dg9u9ohc3hw9/gradle-3.3/lib/plugins/plexus-classworlds-2.4.jar
7fce51cd8000-7fce51cdf000 r--s 0002e000 08:01 34341988                   /root/.gradle/wrapper/dists/gradle-3.3-all/55gk2rcmfc6p2dg9u9ohc3hw9/gradle-3.3/lib/plugins/plexus-container-default-1.5.5.jar
7fce51cdf000-7fce51ce1000 r--s 00000000 08:01 34342015                   /root/.gradle/wrapper/dists/gradle-3.3-all/55gk2rcmfc6p2dg9u9ohc3hw9/gradle-3.3/lib/plugins/plexus-component-annotations-1.5.5.jar
7fce51ce1000-7fce51ce3000 r--s 0000d000 08:01 34341987                   /root/.gradle/wrapper/dists/gradle-3.3-all/55gk2rcmfc6p2dg9u9ohc3hw9/gradle-3.3/lib/plugins/plexus-interpolation-1.14.jar
7fce51ce3000-7fce51ce7000 r--s 00033000 08:01 34341986                   /root/.gradle/wrapper/dists/gradle-3.3-all/55gk2rcmfc6p2dg9u9ohc3hw9/gradle-3.3/lib/plugins/plexus-utils-2.0.6.jar
7fce51ce7000-7fce51cea000 r--s 00008000 08:01 34341985                   /root/.gradle/wrapper/dists/gradle-3.3-all/55gk2rcmfc6p2dg9u9ohc3hw9/gradle-3.3/lib/plugins/maven-settings-builder-3.0.4.jar
7fce51cea000-7fce51cef000 r--s 00040000 08:01 34341970                   /root/.gradle/wrapper/dists/gradle-3.3-all/55gk2rcmfc6p2dg9u9ohc3hw9/gradle-3.3/lib/plugins/jsch-0.1.53.jar
7fce51cef000-7fce51d2f000 r--s 00277000 08:01 34341980                   /root/.gradle/wrapper/dists/gradle-3.3-all/55gk2rcmfc6p2dg9u9ohc3hw9/gradle-3.3/lib/plugins/bcprov-jdk15on-1.51.jar
7fce51d2f000-7fce51d3b000 r--s 0007d000 08:01 34341957                   /root/.gradle/wrapper/dists/gradle-3.3-all/55gk2rcmfc6p2dg9u9ohc3hw9/gradle-3.3/lib/plugins/maven-core-3.0.4.jar
7fce51d3b000-7fce51d5a000 r--s 000f6000 08:01 34341946                   /root/.gradle/wrapper/dists/gradle-3.3-all/55gk2rcmfc6p2dg9u9ohc3hw9/gradle-3.3/lib/plugins/gradle-dependency-management-3.3.jar
7fce51d5a000-7fce51d70000 r-xp 00000000 08:01 4985220                    /lib/x86_64-linux-gnu/libgcc_s.so.1
7fce51d70000-7fce51f6f000 ---p 00016000 08:01 4985220                    /lib/x86_64-linux-gnu/libgcc_s.so.1
7fce51f6f000-7fce51f70000 rw-p 00015000 08:01 4985220                    /lib/x86_64-linux-gnu/libgcc_s.so.1
7fce51f70000-7fce520e2000 r-xp 00000000 08:01 11012225                   /usr/lib/x86_64-linux-gnu/libstdc++.so.6.0.21
7fce520e2000-7fce522e2000 ---p 00172000 08:01 11012225                   /usr/lib/x86_64-linux-gnu/libstdc++.so.6.0.21
7fce522e2000-7fce522ec000 r--p 00172000 08:01 11012225                   /usr/lib/x86_64-linux-gnu/libstdc++.so.6.0.21
7fce522ec000-7fce522ee000 rw-p 0017c000 08:01 11012225                   /usr/lib/x86_64-linux-gnu/libstdc++.so.6.0.21
7fce522ee000-7fce522f2000 rw-p 00000000 00:00 0 
7fce522f2000-7fce522f4000 r--s 0000a000 08:01 34341984                   /root/.gradle/wrapper/dists/gradle-3.3-all/55gk2rcmfc6p2dg9u9ohc3hw9/gradle-3.3/lib/plugins/maven-settings-3.0.4.jar
7fce522f4000-7fce522f8000 r--s 0001d000 08:01 34341979                   /root/.gradle/wrapper/dists/gradle-3.3-all/55gk2rcmfc6p2dg9u9ohc3hw9/gradle-3.3/lib/plugins/xbean-reflect-3.4.jar
7fce522f8000-7fce522fd000 r--s 00034000 08:01 34341963                   /root/.gradle/wrapper/dists/gradle-3.3-all/55gk2rcmfc6p2dg9u9ohc3hw9/gradle-3.3/lib/plugins/gson-2.7.jar
7fce522fd000-7fce5230c000 r--s 000d9000 08:01 34341978                   /root/.gradle/wrapper/dists/gradle-3.3-all/55gk2rcmfc6p2dg9u9ohc3hw9/gradle-3.3/lib/plugins/ivy-2.2.0.jar
7fce5230c000-7fce5230e000 r--s 00005000 08:01 34341945                   /root/.gradle/wrapper/dists/gradle-3.3-all/55gk2rcmfc6p2dg9u9ohc3hw9/gradle-3.3/lib/plugins/gradle-workers-3.3.jar
7fce5230e000-7fce52313000 r-xp 00000000 08:01 34345271                   /root/.gradle/native/23/linux-amd64/libnative-platform.so
7fce52313000-7fce52512000 ---p 00005000 08:01 34345271                   /root/.gradle/native/23/linux-amd64/libnative-platform.so
7fce52512000-7fce52513000 rw-p 00004000 08:01 34345271                   /root/.gradle/native/23/linux-amd64/libnative-platform.so
7fce52513000-7fce52524000 r-xp 00000000 08:01 11144059                   /usr/local/java/jdk1.8.0_121/jre/lib/amd64/libnio.so
7fce52524000-7fce52723000 ---p 00011000 08:01 11144059                   /usr/local/java/jdk1.8.0_121/jre/lib/amd64/libnio.so
7fce52723000-7fce52724000 rw-p 00010000 08:01 11144059                   /usr/local/java/jdk1.8.0_121/jre/lib/amd64/libnio.so
7fce52724000-7fce52a25000 rw-p 00000000 00:00 0 
7fce52a25000-7fce52a3b000 r-xp 00000000 08:01 11144034                   /usr/local/java/jdk1.8.0_121/jre/lib/amd64/libnet.so
7fce52a3b000-7fce52c3b000 ---p 00016000 08:01 11144034                   /usr/local/java/jdk1.8.0_121/jre/lib/amd64/libnet.so
7fce52c3b000-7fce52c3c000 rw-p 00016000 08:01 11144034                   /usr/local/java/jdk1.8.0_121/jre/lib/amd64/libnet.so
7fce52c3c000-7fce52c3d000 r--s 00006000 08:01 34341849                   /root/.gradle/wrapper/dists/gradle-3.3-all/55gk2rcmfc6p2dg9u9ohc3hw9/gradle-3.3/lib/gradle-wrapper-3.3.jar
7fce52c3d000-7fce52c4a000 r--s 00041000 08:01 34341856                   /root/.gradle/wrapper/dists/gradle-3.3-all/55gk2rcmfc6p2dg9u9ohc3hw9/gradle-3.3/lib/gradle-tooling-api-3.3.jar
7fce52c4a000-7fce52c4c000 r--s 00002000 08:01 34341876                   /root/.gradle/wrapper/dists/gradle-3.3-all/55gk2rcmfc6p2dg9u9ohc3hw9/gradle-3.3/lib/gradle-open-api-3.3.jar
7fce52c4c000-7fce52c52000 r--s 00032000 08:01 34341878                   /root/.gradle/wrapper/dists/gradle-3.3-all/55gk2rcmfc6p2dg9u9ohc3hw9/gradle-3.3/lib/jaxen-1.1.jar
7fce52c52000-7fce52c57000 r--s 00048000 08:01 34341877                   /root/.gradle/wrapper/dists/gradle-3.3-all/55gk2rcmfc6p2dg9u9ohc3hw9/gradle-3.3/lib/dom4j-1.6.1.jar
7fce52c57000-7fce52c62000 r--s 00059000 08:01 34341855                   /root/.gradle/wrapper/dists/gradle-3.3-all/55gk2rcmfc6p2dg9u9ohc3hw9/gradle-3.3/lib/gradle-ui-3.3.jar
7fce52c62000-7fce52c6b000 r--s 0008c000 08:01 34341847                   /root/.gradle/wrapper/dists/gradle-3.3-all/55gk2rcmfc6p2dg9u9ohc3hw9/gradle-3.3/lib/kotlin-stdlib-1.1-M02.jar
7fce52c6b000-7fce52c71000 r--s 0002a000 08:01 34341846                   /root/.gradle/wrapper/dists/gradle-3.3-all/55gk2rcmfc6p2dg9u9ohc3hw9/gradle-3.3/lib/kotlin-runtime-1.1-M02.jar
7fce52c71000-7fce52ca5000 r--s 00256000 08:01 34341845                   /root/.gradle/wrapper/dists/gradle-3.3-all/55gk2rcmfc6p2dg9u9ohc3hw9/gradle-3.3/lib/kotlin-reflect-1.1-M02.jar
7fce52ca5000-7fce52e3b000 r--s 0157e000 08:01 34341844                   /root/.gradle/wrapper/dists/gradle-3.3-all/55gk2rcmfc6p2dg9u9ohc3hw9/gradle-3.3/lib/kotlin-compiler-embeddable-1.1-M02.jar
7fce52e3b000-7fce52e43000 r--s 0004e000 08:01 34341843                   /root/.gradle/wrapper/dists/gradle-3.3-all/55gk2rcmfc6p2dg9u9ohc3hw9/gradle-3.3/lib/gradle-script-kotlin-0.5.1.jar
7fce52e43000-7fce52e46000 r--s 0000b000 08:01 34341874                   /root/.gradle/wrapper/dists/gradle-3.3-all/55gk2rcmfc6p2dg9u9ohc3hw9/gradle-3.3/lib/gradle-resources-3.3.jar
7fce52e46000-7fce52e48000 r--s 00003000 08:01 34341883                   /root/.gradle/wrapper/dists/gradle-3.3-all/55gk2rcmfc6p2dg9u9ohc3hw9/gradle-3.3/lib/jcl-over-slf4j-1.7.10.jar
7fce52e48000-7fce52e49000 r--s 00005000 08:01 34341882                   /root/.gradle/wrapper/dists/gradle-3.3-all/55gk2rcmfc6p2dg9u9ohc3hw9/gradle-3.3/lib/log4j-over-slf4j-1.7.10.jar
7fce52e49000-7fce52e4b000 r--s 00000000 08:01 34341881                   /root/.gradle/wrapper/dists/gradle-3.3-all/55gk2rcmfc6p2dg9u9ohc3hw9/gradle-3.3/lib/jul-to-slf4j-1.7.10.jar
7fce52e4b000-7fce52e50000 r--s 0001e000 08:01 34341858                   /root/.gradle/wrapper/dists/gradle-3.3-all/55gk2rcmfc6p2dg9u9ohc3hw9/gradle-3.3/lib/gradle-logging-3.3.jar
7fce52e50000-7fce52e52000 r--s 00007000 08:01 34341902                   /root/.gradle/wrapper/dists/gradle-3.3-all/55gk2rcmfc6p2dg9u9ohc3hw9/gradle-3.3/lib/objenesis-1.2.jar
7fce52e52000-7fce52e54000 r--s 00000000 08:01 34341901                   /root/.gradle/wrapper/dists/gradle-3.3-all/55gk2rcmfc6p2dg9u9ohc3hw9/gradle-3.3/lib/minlog-1.2.jar
7fce52e54000-7fce52e56000 r--s 0000f000 08:01 34341900                   /root/.gradle/wrapper/dists/gradle-3.3-all/55gk2rcmfc6p2dg9u9ohc3hw9/gradle-3.3/lib/reflectasm-1.07-shaded.jar
7fce52e56000-7fce52e5a000 r--s 00026000 08:01 34341885                   /root/.gradle/wrapper/dists/gradle-3.3-all/55gk2rcmfc6p2dg9u9ohc3hw9/gradle-3.3/lib/kryo-2.20.jar
7fce52e5a000-7fce52e60000 r--s 00027000 08:01 34341873                   /root/.gradle/wrapper/dists/gradle-3.3-all/55gk2rcmfc6p2dg9u9ohc3hw9/gradle-3.3/lib/gradle-messaging-3.3.jar
7fce52e60000-7fce52e61000 r--s 00001000 08:01 34341899                   /root/.gradle/wrapper/dists/gradle-3.3-all/55gk2rcmfc6p2dg9u9ohc3hw9/gradle-3.3/lib/native-platform-linux-i386-ncurses6-0.12.jar
7fce52e61000-7fce52e62000 r--s 00001000 08:01 34341898                   /root/.gradle/wrapper/dists/gradle-3.3-all/55gk2rcmfc6p2dg9u9ohc3hw9/gradle-3.3/lib/native-platform-linux-i386-ncurses5-0.12.jar
7fce52e62000-7fce52e63000 r--s 00001000 08:01 34341897                   /root/.gradle/wrapper/dists/gradle-3.3-all/55gk2rcmfc6p2dg9u9ohc3hw9/gradle-3.3/lib/native-platform-linux-amd64-ncurses6-0.12.jar
7fce52e63000-7fce52e64000 r--s 00001000 08:01 34341896                   /root/.gradle/wrapper/dists/gradle-3.3-all/55gk2rcmfc6p2dg9u9ohc3hw9/gradle-3.3/lib/native-platform-linux-amd64-ncurses5-0.12.jar
7fce52e64000-7fce52e65000 r--s 0000b000 08:01 34341895                   /root/.gradle/wrapper/dists/gradle-3.3-all/55gk2rcmfc6p2dg9u9ohc3hw9/gradle-3.3/lib/native-platform-windows-i386-0.12.jar
7fce52e65000-7fce52e67000 r--s 0000b000 08:01 34341894                   /root/.gradle/wrapper/dists/gradle-3.3-all/55gk2rcmfc6p2dg9u9ohc3hw9/gradle-3.3/lib/native-platform-windows-amd64-0.12.jar
7fce52e67000-7fce52e69000 r--s 00002000 08:01 34341893                   /root/.gradle/wrapper/dists/gradle-3.3-all/55gk2rcmfc6p2dg9u9ohc3hw9/gradle-3.3/lib/native-platform-osx-i386-0.12.jar
7fce52e69000-7fce52e6a000 r--s 00002000 08:01 34341892                   /root/.gradle/wrapper/dists/gradle-3.3-all/55gk2rcmfc6p2dg9u9ohc3hw9/gradle-3.3/lib/native-platform-osx-amd64-0.12.jar
7fce52e6a000-7fce52e6b000 r--s 00002000 08:01 34341891                   /root/.gradle/wrapper/dists/gradle-3.3-all/55gk2rcmfc6p2dg9u9ohc3hw9/gradle-3.3/lib/native-platform-linux-i386-0.12.jar
7fce52e6b000-7fce52e6c000 r--s 00002000 08:01 34341890                   /root/.gradle/wrapper/dists/gradle-3.3-all/55gk2rcmfc6p2dg9u9ohc3hw9/gradle-3.3/lib/native-platform-linux-amd64-0.12.jar
7fce52e6c000-7fce52e6d000 r--s 00003000 08:01 34341889                   /root/.gradle/wrapper/dists/gradle-3.3-all/55gk2rcmfc6p2dg9u9ohc3hw9/gradle-3.3/lib/native-platform-freebsd-i386-libstdcpp-0.12.jar
7fce52e6d000-7fce52e6f000 r--s 00003000 08:01 34341887                   /root/.gradle/wrapper/dists/gradle-3.3-all/55gk2rcmfc6p2dg9u9ohc3hw9/gradle-3.3/lib/native-platform-freebsd-amd64-libstdcpp-0.12.jar
7fce52e6f000-7fce52e72000 r--s 00023000 08:01 34341880                   /root/.gradle/wrapper/dists/gradle-3.3-all/55gk2rcmfc6p2dg9u9ohc3hw9/gradle-3.3/lib/jansi-1.14.jar
7fce52e72000-7fce52e81000 r--s 0007f000 08:01 34341864                   /root/.gradle/wrapper/dists/gradle-3.3-all/55gk2rcmfc6p2dg9u9ohc3hw9/gradle-3.3/lib/gradle-model-core-3.3.jar
7fce52e81000-7fce52ef1000 r--s 00641000 08:01 34341863                   /root/.gradle/wrapper/dists/gradle-3.3-all/55gk2rcmfc6p2dg9u9ohc3hw9/gradle-3.3/lib/groovy-all-2.4.7.jar
7fce52ef1000-7fce52f19000 r--s 001cf000 08:01 34341860                   /root/.gradle/wrapper/dists/gradle-3.3-all/55gk2rcmfc6p2dg9u9ohc3hw9/gradle-3.3/lib/guava-jdk5-17.0.jar
7fce52f19000-7fce52f1a000 ---p 00000000 00:00 0 
7fce52f1a000-7fce5301a000 rw-p 00000000 00:00 0 
7fce5301a000-7fce5301d000 ---p 00000000 00:00 0 
7fce5301d000-7fce5311b000 rw-p 00000000 00:00 0 
7fce5311b000-7fce5311e000 ---p 00000000 00:00 0 
7fce5311e000-7fce5321c000 rw-p 00000000 00:00 0 
7fce5321c000-7fce5321f000 ---p 00000000 00:00 0 
7fce5321f000-7fce5331d000 rw-p 00000000 00:00 0 
7fce5331d000-7fce53320000 ---p 00000000 00:00 0 
7fce53320000-7fce5341e000 rw-p 00000000 00:00 0 
7fce5341e000-7fce53421000 ---p 00000000 00:00 0 
7fce53421000-7fce5351f000 rw-p 00000000 00:00 0 
7fce5351f000-7fce537f8000 r--p 00000000 08:01 11010311                   /usr/lib/locale/locale-archive
7fce537f8000-7fce537fb000 ---p 00000000 00:00 0 
7fce537fb000-7fce538f9000 rw-p 00000000 00:00 0 
7fce538f9000-7fce538fc000 ---p 00000000 00:00 0 
7fce538fc000-7fce539fa000 rw-p 00000000 00:00 0 
7fce539fa000-7fce539fb000 ---p 00000000 00:00 0 
7fce539fb000-7fce54000000 rw-p 00000000 00:00 0 
7fce54000000-7fce54021000 rw-p 00000000 00:00 0 
7fce54021000-7fce58000000 ---p 00000000 00:00 0 
7fce58000000-7fce58029000 rw-p 00000000 00:00 0 
7fce58029000-7fce5c000000 ---p 00000000 00:00 0 
7fce5c000000-7fce5c021000 rw-p 00000000 00:00 0 
7fce5c021000-7fce60000000 ---p 00000000 00:00 0 
7fce60000000-7fce60001000 r--s 00004000 08:01 34341888                   /root/.gradle/wrapper/dists/gradle-3.3-all/55gk2rcmfc6p2dg9u9ohc3hw9/gradle-3.3/lib/native-platform-freebsd-i386-libcpp-0.12.jar
7fce60001000-7fce60002000 r--s 00004000 08:01 34341886                   /root/.gradle/wrapper/dists/gradle-3.3-all/55gk2rcmfc6p2dg9u9ohc3hw9/gradle-3.3/lib/native-platform-freebsd-amd64-libcpp-0.12.jar
7fce60002000-7fce60006000 r--s 00011000 08:01 34341879                   /root/.gradle/wrapper/dists/gradle-3.3-all/55gk2rcmfc6p2dg9u9ohc3hw9/gradle-3.3/lib/native-platform-0.12.jar
7fce60006000-7fce60009000 r--s 0000a000 08:01 34341857                   /root/.gradle/wrapper/dists/gradle-3.3-all/55gk2rcmfc6p2dg9u9ohc3hw9/gradle-3.3/lib/gradle-native-3.3.jar
7fce60009000-7fce6000b000 r--s 00005000 08:01 34341854                   /root/.gradle/wrapper/dists/gradle-3.3-all/55gk2rcmfc6p2dg9u9ohc3hw9/gradle-3.3/lib/gradle-cli-3.3.jar
7fce6000b000-7fce6002a000 r--s 001d1000 08:01 34341867                   /root/.gradle/wrapper/dists/gradle-3.3-all/55gk2rcmfc6p2dg9u9ohc3hw9/gradle-3.3/lib/ant-1.9.6.jar
7fce6002a000-7fce60067000 r--s 001f8000 08:01 34341853                   /root/.gradle/wrapper/dists/gradle-3.3-all/55gk2rcmfc6p2dg9u9ohc3hw9/gradle-3.3/lib/gradle-core-3.3.jar
7fce60067000-7fce60b23000 rw-p 00000000 00:00 0 
7fce60b23000-7fce60cfc000 r--s 03d3e000 08:01 11144026                   /usr/local/java/jdk1.8.0_121/jre/lib/rt.jar
7fce60cfc000-7fce647fc000 rw-p 00000000 00:00 0 
7fce647fc000-7fce647fd000 ---p 00000000 00:00 0 
7fce647fd000-7fce648fd000 rw-p 00000000 00:00 0 
7fce648fd000-7fce648fe000 ---p 00000000 00:00 0 
7fce648fe000-7fce649fe000 rw-p 00000000 00:00 0 
7fce649fe000-7fce649ff000 ---p 00000000 00:00 0 
7fce649ff000-7fce64b39000 rw-p 00000000 00:00 0 
7fce64b39000-7fce64cff000 ---p 00000000 00:00 0 
7fce64cff000-7fce64d39000 rw-p 00000000 00:00 0 
7fce64d39000-7fce64eff000 ---p 00000000 00:00 0 
7fce64eff000-7fce64f73000 rw-p 00000000 00:00 0 
7fce64f73000-7fce64fff000 ---p 00000000 00:00 0 
7fce64fff000-7fce65000000 rw-p 00000000 00:00 0 
7fce65000000-7fce662c0000 rwxp 00000000 00:00 0 
7fce662c0000-7fce74000000 ---p 00000000 00:00 0 
7fce74000000-7fce74d82000 rw-p 00000000 00:00 0 
7fce74d82000-7fce78000000 ---p 00000000 00:00 0 
7fce78000000-7fce78002000 r--s 00007000 08:01 34341865                   /root/.gradle/wrapper/dists/gradle-3.3-all/55gk2rcmfc6p2dg9u9ohc3hw9/gradle-3.3/lib/gradle-model-groovy-3.3.jar
7fce78002000-7fce78004000 r--s 00006000 08:01 34341872                   /root/.gradle/wrapper/dists/gradle-3.3-all/55gk2rcmfc6p2dg9u9ohc3hw9/gradle-3.3/lib/gradle-base-services-groovy-3.3.jar
7fce78004000-7fce78005000 r--s 00002000 08:01 34341875                   /root/.gradle/wrapper/dists/gradle-3.3-all/55gk2rcmfc6p2dg9u9ohc3hw9/gradle-3.3/lib/gradle-docs-3.3.jar
7fce78005000-7fce78012000 r--s 00083000 08:01 34341868                   /root/.gradle/wrapper/dists/gradle-3.3-all/55gk2rcmfc6p2dg9u9ohc3hw9/gradle-3.3/lib/commons-collections-3.2.2.jar
7fce78012000-7fce780a9000 rw-p 00000000 00:00 0 
7fce780a9000-7fce780aa000 ---p 00000000 00:00 0 
7fce780aa000-7fce781f5000 rw-p 00000000 00:00 0 
7fce781f5000-7fce7856a000 ---p 00000000 00:00 0 
7fce7856a000-7fce78584000 r-xp 00000000 08:01 11144057                   /usr/local/java/jdk1.8.0_121/jre/lib/amd64/libzip.so
7fce78584000-7fce78784000 ---p 0001a000 08:01 11144057                   /usr/local/java/jdk1.8.0_121/jre/lib/amd64/libzip.so
7fce78784000-7fce78785000 rw-p 0001a000 08:01 11144057                   /usr/local/java/jdk1.8.0_121/jre/lib/amd64/libzip.so
7fce78785000-7fce78790000 r-xp 00000000 08:01 4981359                    /lib/x86_64-linux-gnu/libnss_files-2.23.so
7fce78790000-7fce7898f000 ---p 0000b000 08:01 4981359                    /lib/x86_64-linux-gnu/libnss_files-2.23.so
7fce7898f000-7fce78990000 r--p 0000a000 08:01 4981359                    /lib/x86_64-linux-gnu/libnss_files-2.23.so
7fce78990000-7fce78991000 rw-p 0000b000 08:01 4981359                    /lib/x86_64-linux-gnu/libnss_files-2.23.so
7fce78991000-7fce78997000 rw-p 00000000 00:00 0 
7fce78997000-7fce789a2000 r-xp 00000000 08:01 4981330                    /lib/x86_64-linux-gnu/libnss_nis-2.23.so
7fce789a2000-7fce78ba1000 ---p 0000b000 08:01 4981330                    /lib/x86_64-linux-gnu/libnss_nis-2.23.so
7fce78ba1000-7fce78ba2000 r--p 0000a000 08:01 4981330                    /lib/x86_64-linux-gnu/libnss_nis-2.23.so
7fce78ba2000-7fce78ba3000 rw-p 0000b000 08:01 4981330                    /lib/x86_64-linux-gnu/libnss_nis-2.23.so
7fce78ba3000-7fce78bb9000 r-xp 00000000 08:01 4981342                    /lib/x86_64-linux-gnu/libnsl-2.23.so
7fce78bb9000-7fce78db8000 ---p 00016000 08:01 4981342                    /lib/x86_64-linux-gnu/libnsl-2.23.so
7fce78db8000-7fce78db9000 r--p 00015000 08:01 4981342                    /lib/x86_64-linux-gnu/libnsl-2.23.so
7fce78db9000-7fce78dba000 rw-p 00016000 08:01 4981342                    /lib/x86_64-linux-gnu/libnsl-2.23.so
7fce78dba000-7fce78dbc000 rw-p 00000000 00:00 0 
7fce78dbc000-7fce78dc4000 r-xp 00000000 08:01 4981362                    /lib/x86_64-linux-gnu/libnss_compat-2.23.so
7fce78dc4000-7fce78fc3000 ---p 00008000 08:01 4981362                    /lib/x86_64-linux-gnu/libnss_compat-2.23.so
7fce78fc3000-7fce78fc4000 r--p 00007000 08:01 4981362                    /lib/x86_64-linux-gnu/libnss_compat-2.23.so
7fce78fc4000-7fce78fc5000 rw-p 00008000 08:01 4981362                    /lib/x86_64-linux-gnu/libnss_compat-2.23.so
7fce78fc5000-7fce78ff0000 r-xp 00000000 08:01 11144613                   /usr/local/java/jdk1.8.0_121/jre/lib/amd64/libjava.so
7fce78ff0000-7fce791ef000 ---p 0002b000 08:01 11144613                   /usr/local/java/jdk1.8.0_121/jre/lib/amd64/libjava.so
7fce791ef000-7fce791f1000 rw-p 0002a000 08:01 11144613                   /usr/local/java/jdk1.8.0_121/jre/lib/amd64/libjava.so
7fce791f1000-7fce791fe000 r-xp 00000000 08:01 11144035                   /usr/local/java/jdk1.8.0_121/jre/lib/amd64/libverify.so
7fce791fe000-7fce793fd000 ---p 0000d000 08:01 11144035                   /usr/local/java/jdk1.8.0_121/jre/lib/amd64/libverify.so
7fce793fd000-7fce793ff000 rw-p 0000c000 08:01 11144035                   /usr/local/java/jdk1.8.0_121/jre/lib/amd64/libverify.so
7fce793ff000-7fce79406000 r-xp 00000000 08:01 4981363                    /lib/x86_64-linux-gnu/librt-2.23.so
7fce79406000-7fce79605000 ---p 00007000 08:01 4981363                    /lib/x86_64-linux-gnu/librt-2.23.so
7fce79605000-7fce79606000 r--p 00006000 08:01 4981363                    /lib/x86_64-linux-gnu/librt-2.23.so
7fce79606000-7fce79607000 rw-p 00007000 08:01 4981363                    /lib/x86_64-linux-gnu/librt-2.23.so
7fce79607000-7fce7970f000 r-xp 00000000 08:01 4981336                    /lib/x86_64-linux-gnu/libm-2.23.so
7fce7970f000-7fce7990e000 ---p 00108000 08:01 4981336                    /lib/x86_64-linux-gnu/libm-2.23.so
7fce7990e000-7fce7990f000 r--p 00107000 08:01 4981336                    /lib/x86_64-linux-gnu/libm-2.23.so
7fce7990f000-7fce79910000 rw-p 00108000 08:01 4981336                    /lib/x86_64-linux-gnu/libm-2.23.so
7fce79910000-7fce7a5de000 r-xp 00000000 08:01 11144883                   /usr/local/java/jdk1.8.0_121/jre/lib/amd64/server/libjvm.so
7fce7a5de000-7fce7a7de000 ---p 00cce000 08:01 11144883                   /usr/local/java/jdk1.8.0_121/jre/lib/amd64/server/libjvm.so
7fce7a7de000-7fce7a8b7000 rw-p 00cce000 08:01 11144883                   /usr/local/java/jdk1.8.0_121/jre/lib/amd64/server/libjvm.so
7fce7a8b7000-7fce7a902000 rw-p 00000000 00:00 0 
7fce7a902000-7fce7aac1000 r-xp 00000000 08:01 4981344                    /lib/x86_64-linux-gnu/libc-2.23.so
7fce7aac1000-7fce7acc1000 ---p 001bf000 08:01 4981344                    /lib/x86_64-linux-gnu/libc-2.23.so
7fce7acc1000-7fce7acc5000 r--p 001bf000 08:01 4981344                    /lib/x86_64-linux-gnu/libc-2.23.so
7fce7acc5000-7fce7acc7000 rw-p 001c3000 08:01 4981344                    /lib/x86_64-linux-gnu/libc-2.23.so
7fce7acc7000-7fce7accb000 rw-p 00000000 00:00 0 
7fce7accb000-7fce7acce000 r-xp 00000000 08:01 4981328                    /lib/x86_64-linux-gnu/libdl-2.23.so
7fce7acce000-7fce7aecd000 ---p 00003000 08:01 4981328                    /lib/x86_64-linux-gnu/libdl-2.23.so
7fce7aecd000-7fce7aece000 r--p 00002000 08:01 4981328                    /lib/x86_64-linux-gnu/libdl-2.23.so
7fce7aece000-7fce7aecf000 rw-p 00003000 08:01 4981328                    /lib/x86_64-linux-gnu/libdl-2.23.so
7fce7aecf000-7fce7aee4000 r-xp 00000000 08:01 11020813                   /usr/local/java/jdk1.8.0_121/lib/amd64/jli/libjli.so
7fce7aee4000-7fce7b0e4000 ---p 00015000 08:01 11020813                   /usr/local/java/jdk1.8.0_121/lib/amd64/jli/libjli.so
7fce7b0e4000-7fce7b0e5000 rw-p 00015000 08:01 11020813                   /usr/local/java/jdk1.8.0_121/lib/amd64/jli/libjli.so
7fce7b0e5000-7fce7b0fd000 r-xp 00000000 08:01 4981369                    /lib/x86_64-linux-gnu/libpthread-2.23.so
7fce7b0fd000-7fce7b2fc000 ---p 00018000 08:01 4981369                    /lib/x86_64-linux-gnu/libpthread-2.23.so
7fce7b2fc000-7fce7b2fd000 r--p 00017000 08:01 4981369                    /lib/x86_64-linux-gnu/libpthread-2.23.so
7fce7b2fd000-7fce7b2fe000 rw-p 00018000 08:01 4981369                    /lib/x86_64-linux-gnu/libpthread-2.23.so
7fce7b2fe000-7fce7b302000 rw-p 00000000 00:00 0 
7fce7b302000-7fce7b328000 r-xp 00000000 08:01 4981346                    /lib/x86_64-linux-gnu/ld-2.23.so
7fce7b328000-7fce7b329000 r--s 00000000 08:01 34341871                   /root/.gradle/wrapper/dists/gradle-3.3-all/55gk2rcmfc6p2dg9u9ohc3hw9/gradle-3.3/lib/javax.inject-1.jar
7fce7b329000-7fce7b32a000 r--s 00000000 08:01 34341870                   /root/.gradle/wrapper/dists/gradle-3.3-all/55gk2rcmfc6p2dg9u9ohc3hw9/gradle-3.3/lib/jcip-annotations-1.0.jar
7fce7b32a000-7fce7b32e000 r--s 00027000 08:01 34341869                   /root/.gradle/wrapper/dists/gradle-3.3-all/55gk2rcmfc6p2dg9u9ohc3hw9/gradle-3.3/lib/commons-io-2.2.jar
7fce7b32e000-7fce7b333000 r--s 00038000 08:01 34341866                   /root/.gradle/wrapper/dists/gradle-3.3-all/55gk2rcmfc6p2dg9u9ohc3hw9/gradle-3.3/lib/asm-all-5.1.jar
7fce7b333000-7fce7b334000 r--s 00001000 08:01 34341862                   /root/.gradle/wrapper/dists/gradle-3.3-all/55gk2rcmfc6p2dg9u9ohc3hw9/gradle-3.3/lib/gradle-process-services-3.3.jar
7fce7b334000-7fce7b339000 r--s 00041000 08:01 34341861                   /root/.gradle/wrapper/dists/gradle-3.3-all/55gk2rcmfc6p2dg9u9ohc3hw9/gradle-3.3/lib/commons-lang-2.6.jar
7fce7b339000-7fce7b342000 r--s 00042000 08:01 34341851                   /root/.gradle/wrapper/dists/gradle-3.3-all/55gk2rcmfc6p2dg9u9ohc3hw9/gradle-3.3/lib/gradle-base-services-3.3.jar
7fce7b342000-7fce7b404000 rw-p 00000000 00:00 0 
7fce7b404000-7fce7b407000 ---p 00000000 00:00 0 
7fce7b407000-7fce7b509000 rw-p 00000000 00:00 0 
7fce7b509000-7fce7b50b000 r--s 00000000 08:01 34341852                   /root/.gradle/wrapper/dists/gradle-3.3-all/55gk2rcmfc6p2dg9u9ohc3hw9/gradle-3.3/lib/gradle-jvm-services-3.3.jar
7fce7b50b000-7fce7b50c000 r--s 00000000 08:01 34342017                   /root/.gradle/wrapper/dists/gradle-3.3-all/55gk2rcmfc6p2dg9u9ohc3hw9/gradle-3.3/lib/gradle-version-info-3.3.jar
7fce7b50c000-7fce7b50d000 r--s 00007000 08:01 34341859                   /root/.gradle/wrapper/dists/gradle-3.3-all/55gk2rcmfc6p2dg9u9ohc3hw9/gradle-3.3/lib/slf4j-api-1.7.10.jar
7fce7b50d000-7fce7b50e000 r--s 00004000 08:01 34341884                   /root/.gradle/wrapper/dists/gradle-3.3-all/55gk2rcmfc6p2dg9u9ohc3hw9/gradle-3.3/lib/ant-launcher-1.9.6.jar
7fce7b50e000-7fce7b51b000 r--s 0005c000 08:01 34341848                   /root/.gradle/wrapper/dists/gradle-3.3-all/55gk2rcmfc6p2dg9u9ohc3hw9/gradle-3.3/lib/gradle-launcher-3.3.jar
7fce7b51b000-7fce7b523000 rw-s 00000000 08:01 2630589                    /tmp/hsperfdata_root/3970
7fce7b523000-7fce7b524000 rw-p 00000000 00:00 0 
7fce7b524000-7fce7b525000 r--p 00000000 00:00 0 
7fce7b525000-7fce7b527000 rw-p 00000000 00:00 0 
7fce7b527000-7fce7b528000 r--p 00025000 08:01 4981346                    /lib/x86_64-linux-gnu/ld-2.23.so
7fce7b528000-7fce7b529000 rw-p 00026000 08:01 4981346                    /lib/x86_64-linux-gnu/ld-2.23.so
7fce7b529000-7fce7b52a000 rw-p 00000000 00:00 0 
7ffee2c9e000-7ffee2cbf000 rw-p 00000000 00:00 0                          [stack]
7ffee2d54000-7ffee2d56000 r--p 00000000 00:00 0                          [vvar]
7ffee2d56000-7ffee2d58000 r-xp 00000000 00:00 0                          [vdso]
ffffffffff600000-ffffffffff601000 r-xp 00000000 00:00 0                  [vsyscall]

VM Arguments:
jvm_args: -Xmx1536m -Dfile.encoding=UTF-8 -Duser.country=US -Duser.language=en -Duser.variant 
java_command: org.gradle.launcher.daemon.bootstrap.GradleDaemon 3.3
java_class_path (initial): /root/.gradle/wrapper/dists/gradle-3.3-all/55gk2rcmfc6p2dg9u9ohc3hw9/gradle-3.3/lib/gradle-launcher-3.3.jar
Launcher Type: SUN_STANDARD

Environment Variables:
JAVA_HOME=/usr/local/java/jdk1.8.0_121/
PATH=/usr/local/sbin:/usr/local/bin:/usr/sbin:/usr/bin:/sbin:/bin:/snap/bin
USERNAME=root
LD_LIBRARY_PATH=/opt/android-studio/bin:
SHELL=/bin/bash
DISPLAY=:0

Signal Handlers:
SIGSEGV: [libjvm.so+0xac78c0], sa_mask[0]=11111111011111111101111111111110, sa_flags=SA_RESTART|SA_SIGINFO
SIGBUS: [libjvm.so+0xac78c0], sa_mask[0]=11111111011111111101111111111110, sa_flags=SA_RESTART|SA_SIGINFO
SIGFPE: [libjvm.so+0x920ac0], sa_mask[0]=11111111011111111101111111111110, sa_flags=SA_RESTART|SA_SIGINFO
SIGPIPE: [libjvm.so+0x920ac0], sa_mask[0]=11111111011111111101111111111110, sa_flags=SA_RESTART|SA_SIGINFO
SIGXFSZ: [libjvm.so+0x920ac0], sa_mask[0]=11111111011111111101111111111110, sa_flags=SA_RESTART|SA_SIGINFO
SIGILL: [libjvm.so+0x920ac0], sa_mask[0]=11111111011111111101111111111110, sa_flags=SA_RESTART|SA_SIGINFO
SIGUSR1: SIG_DFL, sa_mask[0]=00000000000000000000000000000000, sa_flags=none
SIGUSR2: [libjvm.so+0x922300], sa_mask[0]=00100000000000000000000000000000, sa_flags=SA_RESTART|SA_SIGINFO
SIGHUP: [libjvm.so+0x923700], sa_mask[0]=11111111011111111101111111111110, sa_flags=SA_RESTART|SA_SIGINFO
SIGINT: [libjvm.so+0x923700], sa_mask[0]=11111111011111111101111111111110, sa_flags=SA_RESTART|SA_SIGINFO
SIGTERM: [libjvm.so+0x923700], sa_mask[0]=11111111011111111101111111111110, sa_flags=SA_RESTART|SA_SIGINFO
SIGQUIT: [libjvm.so+0x923700], sa_mask[0]=11111111011111111101111111111110, sa_flags=SA_RESTART|SA_SIGINFO


---------------  S Y S T E M  ---------------

OS:DISTRIB_ID=Ubuntu
DISTRIB_RELEASE=16.04
DISTRIB_CODENAME=xenial
DISTRIB_DESCRIPTION="Ubuntu 16.04.2 LTS"

uname:Linux 4.4.0-72-generic #93-Ubuntu SMP Fri Mar 31 14:07:41 UTC 2017 x86_64
libc:glibc 2.23 NPTL 2.23 
rlimit: STACK 8192k, CORE 0k, NPROC 31513, NOFILE 65536, AS infinity
load average:2.71 2.87 1.63

/proc/meminfo:
MemTotal:        8107696 kB
MemFree:         3462168 kB
MemAvailable:    4843584 kB
Buffers:          191440 kB
Cached:          1581376 kB
SwapCached:            0 kB
Active:          3445600 kB
Inactive:         827272 kB
Active(anon):    2513516 kB
Inactive(anon):   280228 kB
Active(file):     932084 kB
Inactive(file):   547044 kB
Unevictable:          32 kB
Mlocked:              32 kB
SwapTotal:       8319996 kB
SwapFree:        8319996 kB
Dirty:              1236 kB
Writeback:             0 kB
AnonPages:       2500084 kB
Mapped:           354060 kB
Shmem:            293436 kB
Slab:             248684 kB
SReclaimable:     210272 kB
SUnreclaim:        38412 kB
KernelStack:        9808 kB
PageTables:        40740 kB
NFS_Unstable:          0 kB
Bounce:                0 kB
WritebackTmp:          0 kB
CommitLimit:    12373844 kB
Committed_AS:    6902160 kB
VmallocTotal:   34359738367 kB
VmallocUsed:           0 kB
VmallocChunk:          0 kB
HardwareCorrupted:     0 kB
AnonHugePages:   1079296 kB
CmaTotal:              0 kB
CmaFree:               0 kB
HugePages_Total:       0
HugePages_Free:        0
HugePages_Rsvd:        0
HugePages_Surp:        0
Hugepagesize:       2048 kB
DirectMap4k:      133824 kB
DirectMap2M:     2945024 kB
DirectMap1G:     6291456 kB


CPU:total 4 (2 cores per cpu, 2 threads per core) family 6 model 69 stepping 1, cmov, cx8, fxsr, mmx, sse, sse2, sse3, ssse3, sse4.1, sse4.2, popcnt, avx, avx2, aes, clmul, erms, lzcnt, ht, tsc, tscinvbit, bmi1, bmi2

/proc/cpuinfo:
processor	: 0
vendor_id	: GenuineIntel
cpu family	: 6
model		: 69
model name	: Intel(R) Core(TM) i5-4200U CPU @ 1.60GHz
stepping	: 1
microcode	: 0x16
cpu MHz		: 2300.000
cache size	: 3072 KB
physical id	: 0
siblings	: 4
core id		: 0
cpu cores	: 2
apicid		: 0
initial apicid	: 0
fpu		: yes
fpu_exception	: yes
cpuid level	: 13
wp		: yes
flags		: fpu vme de pse tsc msr pae mce cx8 apic sep mtrr pge mca cmov pat pse36 clflush dts acpi mmx fxsr sse sse2 ss ht tm pbe syscall nx pdpe1gb rdtscp lm constant_tsc arch_perfmon pebs bts rep_good nopl xtopology nonstop_tsc aperfmperf eagerfpu pni pclmulqdq dtes64 monitor ds_cpl vmx est tm2 ssse3 sdbg fma cx16 xtpr pdcm pcid sse4_1 sse4_2 movbe popcnt tsc_deadline_timer aes xsave avx f16c rdrand lahf_lm abm epb tpr_shadow vnmi flexpriority ept vpid fsgsbase tsc_adjust bmi1 avx2 smep bmi2 erms invpcid xsaveopt dtherm ida arat pln pts
bugs		:
bogomips	: 4589.67
clflush size	: 64
cache_alignment	: 64
address sizes	: 39 bits physical, 48 bits virtual
power management:

processor	: 1
vendor_id	: GenuineIntel
cpu family	: 6
model		: 69
model name	: Intel(R) Core(TM) i5-4200U CPU @ 1.60GHz
stepping	: 1
microcode	: 0x16
cpu MHz		: 2300.000
cache size	: 3072 KB
physical id	: 0
siblings	: 4
core id		: 0
cpu cores	: 2
apicid		: 1
initial apicid	: 1
fpu		: yes
fpu_exception	: yes
cpuid level	: 13
wp		: yes
flags		: fpu vme de pse tsc msr pae mce cx8 apic sep mtrr pge mca cmov pat pse36 clflush dts acpi mmx fxsr sse sse2 ss ht tm pbe syscall nx pdpe1gb rdtscp lm constant_tsc arch_perfmon pebs bts rep_good nopl xtopology nonstop_tsc aperfmperf eagerfpu pni pclmulqdq dtes64 monitor ds_cpl vmx est tm2 ssse3 sdbg fma cx16 xtpr pdcm pcid sse4_1 sse4_2 movbe popcnt tsc_deadline_timer aes xsave avx f16c rdrand lahf_lm abm epb tpr_shadow vnmi flexpriority ept vpid fsgsbase tsc_adjust bmi1 avx2 smep bmi2 erms invpcid xsaveopt dtherm ida arat pln pts
bugs		:
bogomips	: 4589.67
clflush size	: 64
cache_alignment	: 64
address sizes	: 39 bits physical, 48 bits virtual
power management:

processor	: 2
vendor_id	: GenuineIntel
cpu family	: 6
model		: 69
model name	: Intel(R) Core(TM) i5-4200U CPU @ 1.60GHz
stepping	: 1
microcode	: 0x16
cpu MHz		: 2299.910
cache size	: 3072 KB
physical id	: 0
siblings	: 4
core id		: 1
cpu cores	: 2
apicid		: 2
initial apicid	: 2
fpu		: yes
fpu_exception	: yes
cpuid level	: 13
wp		: yes
flags		: fpu vme de pse tsc msr pae mce cx8 apic sep mtrr pge mca cmov pat pse36 clflush dts acpi mmx fxsr sse sse2 ss ht tm pbe syscall nx pdpe1gb rdtscp lm constant_tsc arch_perfmon pebs bts rep_good nopl xtopology nonstop_tsc aperfmperf eagerfpu pni pclmulqdq dtes64 monitor ds_cpl vmx est tm2 ssse3 sdbg fma cx16 xtpr pdcm pcid sse4_1 sse4_2 movbe popcnt tsc_deadline_timer aes xsave avx f16c rdrand lahf_lm abm epb tpr_shadow vnmi flexpriority ept vpid fsgsbase tsc_adjust bmi1 avx2 smep bmi2 erms invpcid xsaveopt dtherm ida arat pln pts
bugs		:
bogomips	: 4589.67
clflush size	: 64
cache_alignment	: 64
address sizes	: 39 bits physical, 48 bits virtual
power management:

processor	: 3
vendor_id	: GenuineIntel
cpu family	: 6
model		: 69
model name	: Intel(R) Core(TM) i5-4200U CPU @ 1.60GHz
stepping	: 1
microcode	: 0x16
cpu MHz		: 2299.910
cache size	: 3072 KB
physical id	: 0
siblings	: 4
core id		: 1
cpu cores	: 2
apicid		: 3
initial apicid	: 3
fpu		: yes
fpu_exception	: yes
cpuid level	: 13
wp		: yes
flags		: fpu vme de pse tsc msr pae mce cx8 apic sep mtrr pge mca cmov pat pse36 clflush dts acpi mmx fxsr sse sse2 ss ht tm pbe syscall nx pdpe1gb rdtscp lm constant_tsc arch_perfmon pebs bts rep_good nopl xtopology nonstop_tsc aperfmperf eagerfpu pni pclmulqdq dtes64 monitor ds_cpl vmx est tm2 ssse3 sdbg fma cx16 xtpr pdcm pcid sse4_1 sse4_2 movbe popcnt tsc_deadline_timer aes xsave avx f16c rdrand lahf_lm abm epb tpr_shadow vnmi flexpriority ept vpid fsgsbase tsc_adjust bmi1 avx2 smep bmi2 erms invpcid xsaveopt dtherm ida arat pln pts
bugs		:
bogomips	: 4589.67
clflush size	: 64
cache_alignment	: 64
address sizes	: 39 bits physical, 48 bits virtual
power management:



Memory: 4k page, physical 8107696k(3462168k free), swap 8319996k(8319996k free)

vm_info: Java HotSpot(TM) 64-Bit Server VM (25.121-b13) for linux-amd64 JRE (1.8.0_121-b13), built on Dec 12 2016 16:36:53 by "java_re" with gcc 4.3.0 20080428 (Red Hat 4.3.0-8)

time: Mon Apr 10 06:55:49 2017
elapsed time: 11 seconds (0d 0h 0m 11s)

