#
# A fatal error has been detected by the Java Runtime Environment:
#
#  SIGSEGV (0xb) at pc=0x00007f53ec6c4c08, pid=4105, tid=0x00007f540c21b700
#
# JRE version: Java(TM) SE Runtime Environment (8.0_121-b13) (build 1.8.0_121-b13)
# Java VM: Java HotSpot(TM) 64-Bit Server VM (25.121-b13 mixed mode linux-amd64 compressed oops)
# Problematic frame:
# C  0x00007f53ec6c4c08
#
# Failed to write core dump. Core dumps have been disabled. To enable core dumping, try "ulimit -c unlimited" before starting Java again
#
# If you would like to submit a bug report, please visit:
#   http://bugreport.java.com/bugreport/crash.jsp
#

---------------  T H R E A D  ---------------

Current thread (0x00007f542c0b9000):  JavaThread "C2 CompilerThread0" daemon [_thread_in_native, id=4117, stack(0x00007f540c11b000,0x00007f540c21c000)]

siginfo: si_signo: 11 (SIGSEGV), si_code: 2 (SEGV_ACCERR), si_addr: 0x00007f53ec6c4c08

Registers:
RAX=0x00007f53ec26fab0, RBX=0x00007f53ec271148, RCX=0x00007f540c218ff0, RDX=0x0000000000000003
RSP=0x00007f540c2176d8, RBP=0x00007f540c217740, RSI=0x0000000000000002, RDI=0x00007f53ec26fa58
R8 =0x00007f53f8a0c7d0, R9 =0x00007f540c218ff0, R10=0x000000000000001f, R11=0x00007f53ec90d300
R12=0x00007f53ec26fa58, R13=0x0000000000000003, R14=0x00007f540c2190d8, R15=0x00007f53ecabfad0
RIP=0x00007f53ec6c4c08, EFLAGS=0x0000000000010216, CSGSFS=0x0000000000000033, ERR=0x0000000000000015
  TRAPNO=0x000000000000000e

Top of Stack: (sp=0x00007f540c2176d8)
0x00007f540c2176d8:   00007f5432bbbb91 00007f542c0b9bb0
0x00007f540c2176e8:   00007f540c218ff0 00007f53edd06c98
0x00007f540c2176f8:   0000000b00000133 00007f53ec878168
0x00007f540c217708:   0000000000000010 00007f53ecabfae0
0x00007f540c217718:   00007f53f9204288 0000000000001234
0x00007f540c217728:   0000000000000000 00007f540c2190d8
0x00007f540c217738:   00007f540c2190e0 00007f540c2179b0
0x00007f540c217748:   00007f5432bc0532 00007f53e8acbcb0
0x00007f540c217758:   00007f540c2178f0 00007f540c2178b0
0x00007f540c217768:   00007f540c217790 00007f540c217850
0x00007f540c217778:   00007f540c217920 00007f540c218ff0
0x00007f540c217788:   0000000a000002b0 00007f54337061f0
0x00007f540c217798:   00007f540000000d 00007f540c219e80
0x00007f540c2177a8:   00007f540c218ff0 00007f5300000001
0x00007f540c2177b8:   00007f53e87910d0 00007f54337682c0
0x00007f540c2177c8:   00007f54337682c0 00007f53ed6fd5e0
0x00007f540c2177d8:   00007f54337682c0 00007f54337682c0
0x00007f540c2177e8:   00007f54337682c0 00007f54337682c0
0x00007f540c2177f8:   00007f54337682c0 00007f54337682c0
0x00007f540c217808:   00007f54337682c0 00007f54337682c0
0x00007f540c217818:   00007f54337682c0 00007f54337682c0
0x00007f540c217828:   00007f54337682c0 00007f54337682c0
0x00007f540c217838:   00007f54332279f6 00007f5400000013
0x00007f540c217848:   00007f542c0b9bb0 000000000000000a
0x00007f540c217858:   00007f540c219e80 00007f53f88e11a0
0x00007f540c217868:   00007f53f824bdd0 00007f53ec7c1f60
0x00007f540c217878:   00007f53ec7c39c8 00007f53e8ce6228
0x00007f540c217888:   00007f540c219120 00007f540c219100
0x00007f540c217898:   0000000000001234 00007f540c2178f0
0x00007f540c2178a8:   00000000000012f5 00007f540000000c
0x00007f540c2178b8:   00007f540c219e80 00007f53f8c74d50
0x00007f540c2178c8:   00007f53f83d6d01 00007f53f918ddd0 

Instructions: (pc=0x00007f53ec6c4c08)
0x00007f53ec6c4be8:   00 00 00 00 00 00 00 00 00 00 00 00 00 00 00 00
0x00007f53ec6c4bf8:   00 00 00 00 00 00 00 00 08 4c 6c ec 53 7f 00 00
0x00007f53ec6c4c08:   30 d1 6a 33 54 7f 00 00 d0 4c 6c ec 53 7f 00 00
0x00007f53ec6c4c18:   f0 7d 6c ec 53 7f 00 00 13 00 00 00 20 00 00 00 

Register to memory mapping:

RAX=0x00007f53ec26fab0 is an unknown value
RBX=0x00007f53ec271148 is an unknown value
RCX=0x00007f540c218ff0 is pointing into the stack for thread: 0x00007f542c0b9000
RDX=0x0000000000000003 is an unknown value
RSP=0x00007f540c2176d8 is pointing into the stack for thread: 0x00007f542c0b9000
RBP=0x00007f540c217740 is pointing into the stack for thread: 0x00007f542c0b9000
RSI=0x0000000000000002 is an unknown value
RDI=0x00007f53ec26fa58 is an unknown value
R8 =0x00007f53f8a0c7d0 is an unknown value
R9 =0x00007f540c218ff0 is pointing into the stack for thread: 0x00007f542c0b9000
R10=0x000000000000001f is an unknown value
R11=0x00007f53ec90d300 is an unknown value
R12=0x00007f53ec26fa58 is an unknown value
R13=0x0000000000000003 is an unknown value
R14=0x00007f540c2190d8 is pointing into the stack for thread: 0x00007f542c0b9000
R15=0x00007f53ecabfad0 is an unknown value


Stack: [0x00007f540c11b000,0x00007f540c21c000],  sp=0x00007f540c2176d8,  free space=1009k
Native frames: (J=compiled Java code, j=interpreted, Vv=VM code, C=native code)
C  0x00007f53ec6c4c08
V  [libjvm.so+0x40f532]  PhaseChaitin::Register_Allocate()+0x1172
V  [libjvm.so+0x4a30e0]  Compile::Code_Gen()+0x260
V  [libjvm.so+0x4a5961]  Compile::Compile(ciEnv*, C2Compiler*, ciMethod*, int, bool, bool, bool)+0x14b1
V  [libjvm.so+0x3f2615]  C2Compiler::compile_method(ciEnv*, ciMethod*, int)+0x1f5
V  [libjvm.so+0x4afeaa]  CompileBroker::invoke_compiler_on_method(CompileTask*)+0xc9a
V  [libjvm.so+0x4b0e56]  CompileBroker::compiler_thread_loop()+0x5d6
V  [libjvm.so+0xa75543]  JavaThread::thread_main_inner()+0x103
V  [libjvm.so+0xa7568c]  JavaThread::run()+0x11c
V  [libjvm.so+0x926268]  java_start(Thread*)+0x108
C  [libpthread.so.0+0x76ba]  start_thread+0xca


Current CompileTask:
C2:2488807 18836 % !   4       com.sun.tools.javac.comp.Flow$FlowAnalyzer::visitClassDef @ 114 (631 bytes)


---------------  P R O C E S S  ---------------

Java Threads: ( => current thread )
  0x00007f53b8008800 JavaThread "pool-49-thread-4" [_thread_in_Java, id=5954, stack(0x00007f53dc3df000,0x00007f53dc4e0000)]
  0x00007f53b8007000 JavaThread "pool-49-thread-3" [_thread_in_Java, id=5953, stack(0x00007f53967b3000,0x00007f53968b4000)]
  0x00007f53b8006000 JavaThread "pool-49-thread-2" [_thread_in_Java, id=5952, stack(0x00007f53dee56000,0x00007f53def57000)]
  0x00007f53b8004800 JavaThread "pool-50-thread-1" [_thread_blocked, id=5951, stack(0x00007f53def57000,0x00007f53df058000)]
  0x00007f53b8003800 JavaThread "pool-49-thread-1" [_thread_in_Java, id=5950, stack(0x00007f53dc1dd000,0x00007f53dc2de000)]
  0x00007f53c805d800 JavaThread "pool-47-thread-1" [_thread_blocked, id=5949, stack(0x00007f5397afd000,0x00007f5397bfe000)]
  0x00007f53c8124800 JavaThread "Cache update executor" [_thread_blocked, id=5947, stack(0x00007f5397bfe000,0x00007f5397cff000)]
  0x00007f53c8014000 JavaThread "Stdin handler" [_thread_blocked, id=5942, stack(0x00007f5396bb5000,0x00007f5396cb6000)]
  0x00007f53c8068800 JavaThread "Asynchronous log dispatcher for DefaultDaemonConnection: socket connection from /127.0.0.1:40150 to /127.0.0.1:54164" [_thread_blocked, id=5941, stack(0x00007f53dc2de000,0x00007f53dc3df000)]
  0x00007f53d4004800 JavaThread "Daemon worker Thread 9" [_thread_blocked, id=5939, stack(0x00007f53968b4000,0x00007f53969b5000)]
  0x00007f53d4007800 JavaThread "Cancel handler" [_thread_blocked, id=5938, stack(0x00007f53df25a000,0x00007f53df35b000)]
  0x00007f53d4005800 JavaThread "Handler for socket connection from /127.0.0.1:40150 to /127.0.0.1:54164" [_thread_in_native, id=5937, stack(0x00007f53df159000,0x00007f53df25a000)]
  0x00007f53d003d800 JavaThread "Daemon Thread 9" [_thread_blocked, id=5936, stack(0x00007f53df55b000,0x00007f53df65c000)]
  0x00007f53c4001800 JavaThread "pool-4-thread-4" [_thread_in_Java, id=5457, stack(0x00007f53dc8e2000,0x00007f53dc9e3000)]
  0x00007f53b8001800 JavaThread "pool-4-thread-3" [_thread_blocked, id=5320, stack(0x00007f53dc0dc000,0x00007f53dc1dd000)]
  0x00007f53a8007000 JavaThread "pool-4-thread-2" [_thread_blocked, id=5221, stack(0x00007f53dc5e1000,0x00007f53dc6e2000)]
  0x00007f53ac002000 JavaThread "pool-4-thread-1" [_thread_blocked, id=4139, stack(0x00007f53dc4e0000,0x00007f53dc5e1000)]
  0x00007f53c11ca800 JavaThread "pool-2-thread-1" [_thread_blocked, id=4136, stack(0x00007f53dd9f6000,0x00007f53ddaf7000)]
  0x00007f53c0db7800 JavaThread "File lock request listener" [_thread_in_native, id=4135, stack(0x00007f53de257000,0x00007f53de358000)]
  0x00007f542cd4c000 JavaThread "Incoming local TCP Connector on port 40150" [_thread_in_native, id=4123, stack(0x00007f53df863000,0x00007f53df964000)]
  0x00007f542ccfa800 JavaThread "pool-1-thread-1" [_thread_blocked, id=4122, stack(0x00007f53df964000,0x00007f53dfa65000)]
  0x00007f542c0c1000 JavaThread "Service Thread" daemon [_thread_blocked, id=4120, stack(0x00007f53f3dfe000,0x00007f53f3eff000)]
  0x00007f542c0be000 JavaThread "C1 CompilerThread2" daemon [_thread_blocked, id=4119, stack(0x00007f53f3eff000,0x00007f53f4000000)]
  0x00007f542c0bc000 JavaThread "C2 CompilerThread1" daemon [_thread_in_native, id=4118, stack(0x00007f540c01a000,0x00007f540c11b000)]
=>0x00007f542c0b9000 JavaThread "C2 CompilerThread0" daemon [_thread_in_native, id=4117, stack(0x00007f540c11b000,0x00007f540c21c000)]
  0x00007f542c0b8000 JavaThread "Signal Dispatcher" daemon [_thread_blocked, id=4116, stack(0x00007f540c21c000,0x00007f540c31d000)]
  0x00007f542c084000 JavaThread "Finalizer" daemon [_thread_blocked, id=4115, stack(0x00007f540c5f6000,0x00007f540c6f7000)]
  0x00007f542c07f800 JavaThread "Reference Handler" daemon [_thread_blocked, id=4114, stack(0x00007f540c6f7000,0x00007f540c7f8000)]
  0x00007f542c00a000 JavaThread "main" [_thread_blocked, id=4108, stack(0x00007f54342a6000,0x00007f54343a7000)]

Other Threads:
  0x00007f542c077800 VMThread [stack: 0x00007f540c7f8000,0x00007f540c8f9000] [id=4113]
  0x00007f542c0c3800 WatcherThread [stack: 0x00007f53f3cfd000,0x00007f53f3dfe000] [id=4121]

VM state:not at safepoint (normal execution)

VM Mutex/Monitor currently owned by a thread: None

Heap:
 PSYoungGen      total 440320K, used 294975K [0x00000000e0000000, 0x00000000fff00000, 0x0000000100000000)
  eden space 358400K, 78% used [0x00000000e0000000,0x00000000f1202f50,0x00000000f5e00000)
  from space 81920K, 17% used [0x00000000faf00000,0x00000000fbd0cd10,0x00000000fff00000)
  to   space 82432K, 0% used [0x00000000f5e00000,0x00000000f5e00000,0x00000000fae80000)
 ParOldGen       total 247808K, used 124265K [0x00000000a0000000, 0x00000000af200000, 0x00000000e0000000)
  object space 247808K, 50% used [0x00000000a0000000,0x00000000a795a520,0x00000000af200000)
 Metaspace       used 69744K, capacity 73248K, committed 73472K, reserved 1114112K
  class space    used 8879K, capacity 9395K, committed 9472K, reserved 1048576K

Card table byte_map: [0x00007f5430d4a000,0x00007f543104b000] byte_map_base: 0x00007f543084a000

Marking Bits: (ParMarkBitMap*) 0x00007f5433775c80
 Begin Bits: [0x00007f540d000000, 0x00007f540e800000)
 End Bits:   [0x00007f540e800000, 0x00007f5410000000)

Polling page: 0x00007f54343c6000

CodeCache: size=245760Kb used=49084Kb max_used=49105Kb free=196675Kb
 bounds [0x00007f541d000000, 0x00007f5420050000, 0x00007f542c000000]
 total_blobs=15508 nmethods=14718 adapters=701
 compilation: enabled

Compilation events (10 events):
Event: 2488.593 Thread 0x00007f542c0bc000 nmethod 18830 0x00007f541e2737d0 code [0x00007f541e273960, 0x00007f541e273d48]
Event: 2488.593 Thread 0x00007f542c0bc000 18727       4       org.gradle.api.internal.file.AbstractFileResolver::convertObjectToFile (55 bytes)
Event: 2488.633 Thread 0x00007f542c0be000 18894       3       com.android.dx.ssa.back.FirstFitLocalCombiningAllocator::findNextUnreservedRopReg (68 bytes)
Event: 2488.634 Thread 0x00007f542c0be000 nmethod 18894 0x00007f541e276250 code [0x00007f541e276400, 0x00007f541e2768e8]
Event: 2488.647 Thread 0x00007f542c0be000 18895       3       com.android.dx.cf.code.OneLocalsArray::set (10 bytes)
Event: 2488.647 Thread 0x00007f542c0be000 nmethod 18895 0x00007f541e26fad0 code [0x00007f541e26fc40, 0x00007f541e26fe68]
Event: 2488.647 Thread 0x00007f542c0be000 18896       3       com.android.dx.rop.code.RegisterSpec::getFrameType (10 bytes)
Event: 2488.647 Thread 0x00007f542c0be000 nmethod 18896 0x00007f541e275e10 code [0x00007f541e275f80, 0x00007f541e2761a8]
Event: 2488.654 Thread 0x00007f542c0be000 18899       3       com.android.dx.util.LabeledList::getMaxLabel (47 bytes)
Event: 2488.654 Thread 0x00007f542c0be000 nmethod 18899 0x00007f541e275690 code [0x00007f541e275820, 0x00007f541e275c98]

GC Heap History (10 events):
Event: 1999.024 GC heap before
{Heap before GC invocations=28 (full 4):
 PSYoungGen      total 415744K, used 33768K [0x00000000e0000000, 0x00000000ff300000, 0x0000000100000000)
  eden space 335872K, 0% used [0x00000000e0000000,0x00000000e0000000,0x00000000f4800000)
  from space 79872K, 42% used [0x00000000fa500000,0x00000000fc5fa1f0,0x00000000ff300000)
  to   space 87552K, 0% used [0x00000000f4800000,0x00000000f4800000,0x00000000f9d80000)
 ParOldGen       total 240640K, used 221089K [0x00000000a0000000, 0x00000000aeb00000, 0x00000000e0000000)
  object space 240640K, 91% used [0x00000000a0000000,0x00000000ad7e8430,0x00000000aeb00000)
 Metaspace       used 69126K, capacity 71990K, committed 72064K, reserved 1112064K
  class space    used 8807K, capacity 9282K, committed 9344K, reserved 1048576K
Event: 1999.472 GC heap after
Heap after GC invocations=28 (full 4):
 PSYoungGen      total 415744K, used 0K [0x00000000e0000000, 0x00000000ff300000, 0x0000000100000000)
  eden space 335872K, 0% used [0x00000000e0000000,0x00000000e0000000,0x00000000f4800000)
  from space 79872K, 0% used [0x00000000fa500000,0x00000000fa500000,0x00000000ff300000)
  to   space 87552K, 0% used [0x00000000f4800000,0x00000000f4800000,0x00000000f9d80000)
 ParOldGen       total 247808K, used 75530K [0x00000000a0000000, 0x00000000af200000, 0x00000000e0000000)
  object space 247808K, 30% used [0x00000000a0000000,0x00000000a49c2b08,0x00000000af200000)
 Metaspace       used 68938K, capacity 71696K, committed 72064K, reserved 1112064K
  class space    used 8779K, capacity 9229K, committed 9344K, reserved 1048576K
}
Event: 2000.342 GC heap before
{Heap before GC invocations=29 (full 4):
 PSYoungGen      total 415744K, used 335872K [0x00000000e0000000, 0x00000000ff300000, 0x0000000100000000)
  eden space 335872K, 100% used [0x00000000e0000000,0x00000000f4800000,0x00000000f4800000)
  from space 79872K, 0% used [0x00000000fa500000,0x00000000fa500000,0x00000000ff300000)
  to   space 87552K, 0% used [0x00000000f4800000,0x00000000f4800000,0x00000000f9d80000)
 ParOldGen       total 247808K, used 75530K [0x00000000a0000000, 0x00000000af200000, 0x00000000e0000000)
  object space 247808K, 30% used [0x00000000a0000000,0x00000000a49c2b08,0x00000000af200000)
 Metaspace       used 68938K, capacity 71696K, committed 72064K, reserved 1112064K
  class space    used 8779K, capacity 9229K, committed 9344K, reserved 1048576K
Event: 2000.424 GC heap after
Heap after GC invocations=29 (full 4):
 PSYoungGen      total 423424K, used 50007K [0x00000000e0000000, 0x0000000100000000, 0x0000000100000000)
  eden space 335872K, 0% used [0x00000000e0000000,0x00000000e0000000,0x00000000f4800000)
  from space 87552K, 57% used [0x00000000f4800000,0x00000000f78d5eb8,0x00000000f9d80000)
  to   space 88064K, 0% used [0x00000000faa00000,0x00000000faa00000,0x0000000100000000)
 ParOldGen       total 247808K, used 75530K [0x00000000a0000000, 0x00000000af200000, 0x00000000e0000000)
  object space 247808K, 30% used [0x00000000a0000000,0x00000000a49c2b08,0x00000000af200000)
 Metaspace       used 68938K, capacity 71696K, committed 72064K, reserved 1112064K
  class space    used 8779K, capacity 9229K, committed 9344K, reserved 1048576K
}
Event: 2195.407 GC heap before
{Heap before GC invocations=30 (full 4):
 PSYoungGen      total 423424K, used 385879K [0x00000000e0000000, 0x0000000100000000, 0x0000000100000000)
  eden space 335872K, 100% used [0x00000000e0000000,0x00000000f4800000,0x00000000f4800000)
  from space 87552K, 57% used [0x00000000f4800000,0x00000000f78d5eb8,0x00000000f9d80000)
  to   space 88064K, 0% used [0x00000000faa00000,0x00000000faa00000,0x0000000100000000)
 ParOldGen       total 247808K, used 75530K [0x00000000a0000000, 0x00000000af200000, 0x00000000e0000000)
  object space 247808K, 30% used [0x00000000a0000000,0x00000000a49c2b08,0x00000000af200000)
 Metaspace       used 69551K, capacity 72896K, committed 73216K, reserved 1114112K
  class space    used 8865K, capacity 9378K, committed 9472K, reserved 1048576K
Event: 2195.458 GC heap after
Heap after GC invocations=30 (full 4):
 PSYoungGen      total 427008K, used 37692K [0x00000000e0000000, 0x00000000ff680000, 0x0000000100000000)
  eden space 348672K, 0% used [0x00000000e0000000,0x00000000e0000000,0x00000000f5480000)
  from space 78336K, 48% used [0x00000000faa00000,0x00000000fcecf350,0x00000000ff680000)
  to   space 82944K, 0% used [0x00000000f5480000,0x00000000f5480000,0x00000000fa580000)
 ParOldGen       total 247808K, used 91391K [0x00000000a0000000, 0x00000000af200000, 0x00000000e0000000)
  object space 247808K, 36% used [0x00000000a0000000,0x00000000a593fe10,0x00000000af200000)
 Metaspace       used 69551K, capacity 72896K, committed 73216K, reserved 1114112K
  class space    used 8865K, capacity 9378K, committed 9472K, reserved 1048576K
}
Event: 2196.348 GC heap before
{Heap before GC invocations=31 (full 4):
 PSYoungGen      total 427008K, used 386364K [0x00000000e0000000, 0x00000000ff680000, 0x0000000100000000)
  eden space 348672K, 100% used [0x00000000e0000000,0x00000000f5480000,0x00000000f5480000)
  from space 78336K, 48% used [0x00000000faa00000,0x00000000fcecf350,0x00000000ff680000)
  to   space 82944K, 0% used [0x00000000f5480000,0x00000000f5480000,0x00000000fa580000)
 ParOldGen       total 247808K, used 91391K [0x00000000a0000000, 0x00000000af200000, 0x00000000e0000000)
  object space 247808K, 36% used [0x00000000a0000000,0x00000000a593fe10,0x00000000af200000)
 Metaspace       used 69555K, capacity 72896K, committed 73216K, reserved 1114112K
  class space    used 8866K, capacity 9378K, committed 9472K, reserved 1048576K
Event: 2196.427 GC heap after
Heap after GC invocations=31 (full 4):
 PSYoungGen      total 431616K, used 48774K [0x00000000e0000000, 0x0000000100000000, 0x0000000100000000)
  eden space 348672K, 0% used [0x00000000e0000000,0x00000000e0000000,0x00000000f5480000)
  from space 82944K, 58% used [0x00000000f5480000,0x00000000f8421aa8,0x00000000fa580000)
  to   space 82944K, 0% used [0x00000000faf00000,0x00000000faf00000,0x0000000100000000)
 ParOldGen       total 247808K, used 107171K [0x00000000a0000000, 0x00000000af200000, 0x00000000e0000000)
  object space 247808K, 43% used [0x00000000a0000000,0x00000000a68a8fb0,0x00000000af200000)
 Metaspace       used 69555K, capacity 72896K, committed 73216K, reserved 1114112K
  class space    used 8866K, capacity 9378K, committed 9472K, reserved 1048576K
}
Event: 2488.241 GC heap before
{Heap before GC invocations=32 (full 4):
 PSYoungGen      total 431616K, used 397446K [0x00000000e0000000, 0x0000000100000000, 0x0000000100000000)
  eden space 348672K, 100% used [0x00000000e0000000,0x00000000f5480000,0x00000000f5480000)
  from space 82944K, 58% used [0x00000000f5480000,0x00000000f8421aa8,0x00000000fa580000)
  to   space 82944K, 0% used [0x00000000faf00000,0x00000000faf00000,0x0000000100000000)
 ParOldGen       total 247808K, used 107171K [0x00000000a0000000, 0x00000000af200000, 0x00000000e0000000)
  object space 247808K, 43% used [0x00000000a0000000,0x00000000a68a8fb0,0x00000000af200000)
 Metaspace       used 69744K, capacity 73248K, committed 73472K, reserved 1114112K
  class space    used 8879K, capacity 9395K, committed 9472K, reserved 1048576K
Event: 2488.285 GC heap after
Heap after GC invocations=32 (full 4):
 PSYoungGen      total 440320K, used 14387K [0x00000000e0000000, 0x00000000fff00000, 0x0000000100000000)
  eden space 358400K, 0% used [0x00000000e0000000,0x00000000e0000000,0x00000000f5e00000)
  from space 81920K, 17% used [0x00000000faf00000,0x00000000fbd0cd10,0x00000000fff00000)
  to   space 82432K, 0% used [0x00000000f5e00000,0x00000000f5e00000,0x00000000fae80000)
 ParOldGen       total 247808K, used 124265K [0x00000000a0000000, 0x00000000af200000, 0x00000000e0000000)
  object space 247808K, 50% used [0x00000000a0000000,0x00000000a795a520,0x00000000af200000)
 Metaspace       used 69744K, capacity 73248K, committed 73472K, reserved 1114112K
  class space    used 8879K, capacity 9395K, committed 9472K, reserved 1048576K
}

Deoptimization events (10 events):
Event: 2194.272 Thread 0x00007f53d4007800 Uncommon trap: reason=null_check action=make_not_entrant pc=0x00007f541d7dac14 method=org.gradle.api.internal.collections.CollectionFilter.filter(Ljava/lang/Object;)Ljava/lang/Object; @ 5
Event: 2194.790 Thread 0x00007f53d4007800 Uncommon trap: reason=null_check action=make_not_entrant pc=0x00007f541fc7aa54 method=com.sun.tools.javac.code.Types.closure(Lcom/sun/tools/javac/code/Type;)Lcom/sun/tools/javac/util/List; @ 10
Event: 2195.640 Thread 0x00007f53a800a800 Uncommon trap: reason=class_check action=maybe_recompile pc=0x00007f541ee2cd10 method=com.android.dx.rop.cst.CstType.equals(Ljava/lang/Object;)Z @ 1
Event: 2195.644 Thread 0x00007f53a800b800 Uncommon trap: reason=class_check action=maybe_recompile pc=0x00007f541ee2cd10 method=com.android.dx.rop.cst.CstType.equals(Ljava/lang/Object;)Z @ 1
Event: 2195.644 Thread 0x00007f53a800b800 Uncommon trap: reason=class_check action=maybe_recompile pc=0x00007f541ee2cd10 method=com.android.dx.rop.cst.CstType.equals(Ljava/lang/Object;)Z @ 1
Event: 2195.645 Thread 0x00007f53a800b800 Uncommon trap: reason=class_check action=maybe_recompile pc=0x00007f541ee2cd10 method=com.android.dx.rop.cst.CstType.equals(Ljava/lang/Object;)Z @ 1
Event: 2195.674 Thread 0x00007f53b8001800 Uncommon trap: reason=unstable_if action=reinterpret pc=0x00007f541dbc1614 method=java.lang.ref.SoftReference.get()Ljava/lang/Object; @ 6
Event: 2196.658 Thread 0x00007f53a8008800 Uncommon trap: reason=bimorphic action=maybe_recompile pc=0x00007f541e4baa98 method=java.util.concurrent.locks.AbstractQueuedSynchronizer.acquireQueued(Ljava/util/concurrent/locks/AbstractQueuedSynchronizer$Node;I)Z @ 22
Event: 2487.136 Thread 0x00007f53d4004800 Uncommon trap: reason=unstable_if action=reinterpret pc=0x00007f541dcd51c8 method=java.lang.ref.SoftReference.get()Ljava/lang/Object; @ 6
Event: 2488.239 Thread 0x00007f53c4001800 Uncommon trap: reason=predicate action=maybe_recompile pc=0x00007f541df58ff8 method=java.util.TimSort.binarySort([Ljava/lang/Object;IIILjava/util/Comparator;)V @ 37

Internal exceptions (10 events):
Event: 2194.272 Thread 0x00007f53d4007800 Implicit null exception at 0x00007f541d7daac0 to 0x00007f541d7dac01
Event: 2194.790 Thread 0x00007f53d4007800 Implicit null exception at 0x00007f541fc77d28 to 0x00007f541fc7aa01
Event: 2195.674 Thread 0x00007f53b8001800 Implicit null exception at 0x00007f541dbb96c2 to 0x00007f541dbc15e1
Event: 2196.977 Thread 0x00007f53d4007800 Exception <a 'sun/nio/fs/UnixException'> (0x00000000e875c990) thrown at [/HUDSON3/workspace/8-2-build-linux-amd64/jdk8u121/8372/hotspot/src/share/vm/prims/jni.cpp, line 709]
Event: 2350.100 Thread 0x00007f53c11ca800 Exception <a 'sun/nio/fs/UnixException'> (0x00000000e87c0450) thrown at [/HUDSON3/workspace/8-2-build-linux-amd64/jdk8u121/8372/hotspot/src/share/vm/prims/jni.cpp, line 709]
Event: 2455.777 Thread 0x00007f53c11ca800 Exception <a 'sun/nio/fs/UnixException'> (0x00000000e87c1b30) thrown at [/HUDSON3/workspace/8-2-build-linux-amd64/jdk8u121/8372/hotspot/src/share/vm/prims/jni.cpp, line 709]
Event: 2487.080 Thread 0x00007f53d4004800 Exception <a 'java/lang/ClassNotFoundException': asLocalRepo537_8rcom5qou51wmhbxy7pq6ax60BeanInfo> (0x00000000e9758510) thrown at [/HUDSON3/workspace/8-2-build-linux-amd64/jdk8u121/8372/hotspot/src/share/vm/classfile/systemDictionary.cpp, line 210]
Event: 2487.081 Thread 0x00007f53d4004800 Exception <a 'java/lang/ClassNotFoundException': asLocalRepo537_8rcom5qou51wmhbxy7pq6ax60Customizer> (0x00000000e9763650) thrown at [/HUDSON3/workspace/8-2-build-linux-amd64/jdk8u121/8372/hotspot/src/share/vm/classfile/systemDictionary.cpp, line 210]
Event: 2487.136 Thread 0x00007f53d4004800 Implicit null exception at 0x00007f541dcccf79 to 0x00007f541dcd51a5
Event: 2487.287 Thread 0x00007f53d4004800 Exception <a 'sun/nio/fs/UnixException'> (0x00000000ebc7a528) thrown at [/HUDSON3/workspace/8-2-build-linux-amd64/jdk8u121/8372/hotspot/src/share/vm/prims/jni.cpp, line 709]

Events (10 events):
Event: 2488.303 Executing VM operation: RevokeBias
Event: 2488.304 Executing VM operation: RevokeBias done
Event: 2488.413 Thread 0x00007f53b8003800 DEOPT PACKING pc=0x00007f541ee75cbf sp=0x00007f53dc2dbd60
Event: 2488.413 Thread 0x00007f53b8003800 DEOPT UNPACKING pc=0x00007f541d047633 sp=0x00007f53dc2dbaa8 mode 0
Event: 2488.543 Thread 0x00007f53b8006000 DEOPT PACKING pc=0x00007f541ee75cbf sp=0x00007f53def55060
Event: 2488.543 Thread 0x00007f53b8006000 DEOPT UNPACKING pc=0x00007f541d047633 sp=0x00007f53def54da8 mode 0
Event: 2488.581 Thread 0x00007f53b8006000 DEOPT PACKING pc=0x00007f541e589ea7 sp=0x00007f53def54b80
Event: 2488.581 Thread 0x00007f53b8006000 DEOPT UNPACKING pc=0x00007f541d047633 sp=0x00007f53def548e0 mode 0
Event: 2488.658 Thread 0x00007f53b8008800 DEOPT PACKING pc=0x00007f541ee75cbf sp=0x00007f53dc4ddf60
Event: 2488.658 Thread 0x00007f53b8008800 DEOPT UNPACKING pc=0x00007f541d047633 sp=0x00007f53dc4ddca8 mode 0


Dynamic libraries:
00400000-00401000 r-xp 00000000 08:01 11143952                           /usr/local/java/jdk1.8.0_121/bin/java
00600000-00601000 rw-p 00000000 08:01 11143952                           /usr/local/java/jdk1.8.0_121/bin/java
00e8b000-00eac000 rw-p 00000000 00:00 0                                  [heap]
a0000000-af200000 rw-p 00000000 00:00 0 
af200000-e0000000 ---p 00000000 00:00 0 
e0000000-fff00000 rw-p 00000000 00:00 0 
fff00000-100000000 ---p 00000000 00:00 0 
100000000-100940000 rw-p 00000000 00:00 0 
100940000-140000000 ---p 00000000 00:00 0 
7f53965b3000-7f5396633000 rw-p 00000000 00:00 0 
7f5396633000-7f53967b3000 ---p 00000000 00:00 0 
7f53967b3000-7f53967b6000 ---p 00000000 00:00 0 
7f53967b6000-7f53968b4000 rw-p 00000000 00:00 0 
7f53968b4000-7f53968b7000 ---p 00000000 00:00 0 
7f53968b7000-7f5396bb5000 rw-p 00000000 00:00 0 
7f5396bb5000-7f5396bb8000 ---p 00000000 00:00 0 
7f5396bb8000-7f5396eb6000 rw-p 00000000 00:00 0 
7f5396eb6000-7f53970b6000 rw-p 00000000 00:00 0 
7f53970b6000-7f53972b6000 rw-p 00000000 00:00 0 
7f53972b6000-7f53974b6000 rw-p 00000000 00:00 0 
7f53974b6000-7f53976b6000 rw-p 00000000 00:00 0 
7f53976b6000-7f53976e8000 r-xp 00000000 08:01 11144042                   /usr/local/java/jdk1.8.0_121/jre/lib/amd64/libsunec.so
7f53976e8000-7f53978e7000 ---p 00032000 08:01 11144042                   /usr/local/java/jdk1.8.0_121/jre/lib/amd64/libsunec.so
7f53978e7000-7f53978ed000 rw-p 00031000 08:01 11144042                   /usr/local/java/jdk1.8.0_121/jre/lib/amd64/libsunec.so
7f53978ed000-7f5397afd000 rw-p 00000000 00:00 0 
7f5397afd000-7f5397b00000 ---p 00000000 00:00 0 
7f5397b00000-7f5397bfe000 rw-p 00000000 00:00 0 
7f5397bfe000-7f5397c01000 ---p 00000000 00:00 0 
7f5397c01000-7f5397eff000 rw-p 00000000 00:00 0 
7f5397eff000-7f5397f02000 ---p 00000000 00:00 0 
7f5397f02000-7f5398000000 rw-p 00000000 00:00 0 
7f5398000000-7f5398165000 rw-p 00000000 00:00 0 
7f5398165000-7f539c000000 ---p 00000000 00:00 0 
7f539c000000-7f539c137000 rw-p 00000000 00:00 0 
7f539c137000-7f53a0000000 ---p 00000000 00:00 0 
7f53a0000000-7f53a0103000 rw-p 00000000 00:00 0 
7f53a0103000-7f53a4000000 ---p 00000000 00:00 0 
7f53a4000000-7f53a4153000 rw-p 00000000 00:00 0 
7f53a4153000-7f53a8000000 ---p 00000000 00:00 0 
7f53a8000000-7f53a80a7000 rw-p 00000000 00:00 0 
7f53a80a7000-7f53ac000000 ---p 00000000 00:00 0 
7f53ac000000-7f53ac116000 rw-p 00000000 00:00 0 
7f53ac116000-7f53b0000000 ---p 00000000 00:00 0 
7f53b0000000-7f53b0021000 rw-p 00000000 00:00 0 
7f53b0021000-7f53b4000000 ---p 00000000 00:00 0 
7f53b4000000-7f53b4021000 rw-p 00000000 00:00 0 
7f53b4021000-7f53b8000000 ---p 00000000 00:00 0 
7f53b8000000-7f53b8091000 rw-p 00000000 00:00 0 
7f53b8091000-7f53bc000000 ---p 00000000 00:00 0 
7f53bc000000-7f53bc3ff000 rw-p 00000000 00:00 0 
7f53bc3ff000-7f53c0000000 ---p 00000000 00:00 0 
7f53c0000000-7f53c14f6000 rw-p 00000000 00:00 0 
7f53c14f6000-7f53c4000000 ---p 00000000 00:00 0 
7f53c4000000-7f53c4067000 rw-p 00000000 00:00 0 
7f53c4067000-7f53c8000000 ---p 00000000 00:00 0 
7f53c8000000-7f53c8236000 rw-p 00000000 00:00 0 
7f53c8236000-7f53cc000000 ---p 00000000 00:00 0 
7f53cc000000-7f53cc2a4000 rw-p 00000000 00:00 0 
7f53cc2a4000-7f53d0000000 ---p 00000000 00:00 0 
7f53d0000000-7f53d0074000 rw-p 00000000 00:00 0 
7f53d0074000-7f53d4000000 ---p 00000000 00:00 0 
7f53d4000000-7f53d4021000 rw-p 00000000 00:00 0 
7f53d4021000-7f53d8000000 ---p 00000000 00:00 0 
7f53d8000000-7f53d8021000 rw-p 00000000 00:00 0 
7f53d8021000-7f53dc000000 ---p 00000000 00:00 0 
7f53dc0d1000-7f53dc0d7000 r--s 0003f000 08:01 11146132                   /usr/local/java/jdk1.8.0_121/jre/lib/ext/sunjce_provider.jar
7f53dc0d7000-7f53dc0d9000 r--s 00009000 08:01 11146131                   /usr/local/java/jdk1.8.0_121/jre/lib/ext/sunec.jar
7f53dc0d9000-7f53dc0dc000 r--s 0001a000 08:01 11146308                   /usr/local/java/jdk1.8.0_121/jre/lib/jce.jar
7f53dc0dc000-7f53dc0df000 ---p 00000000 00:00 0 
7f53dc0df000-7f53dc1dd000 rw-p 00000000 00:00 0 
7f53dc1dd000-7f53dc1e0000 ---p 00000000 00:00 0 
7f53dc1e0000-7f53dc2de000 rw-p 00000000 00:00 0 
7f53dc2de000-7f53dc2e1000 ---p 00000000 00:00 0 
7f53dc2e1000-7f53dc3df000 rw-p 00000000 00:00 0 
7f53dc3df000-7f53dc3e2000 ---p 00000000 00:00 0 
7f53dc3e2000-7f53dc4e0000 rw-p 00000000 00:00 0 
7f53dc4e0000-7f53dc4e3000 ---p 00000000 00:00 0 
7f53dc4e3000-7f53dc5e1000 rw-p 00000000 00:00 0 
7f53dc5e1000-7f53dc5e4000 ---p 00000000 00:00 0 
7f53dc5e4000-7f53dc8e2000 rw-p 00000000 00:00 0 
7f53dc8e2000-7f53dc8e5000 ---p 00000000 00:00 0 
7f53dc8e5000-7f53dcbe3000 rw-p 00000000 00:00 0 
7f53dcbe3000-7f53dcde3000 rw-p 00000000 00:00 0 
7f53dcde3000-7f53dcfe3000 rw-p 00000000 00:00 0 
7f53dcfe3000-7f53dd1e3000 rw-p 00000000 00:00 0 
7f53dd1e3000-7f53dd1f6000 r--s 00345000 08:01 11146278                   /usr/local/java/jdk1.8.0_121/jre/lib/resources.jar
7f53dd1f6000-7f53dd3f6000 rw-p 00000000 00:00 0 
7f53dd3f6000-7f53dd5f6000 rw-p 00000000 00:00 0 
7f53dd5f6000-7f53dd7f6000 rw-p 00000000 00:00 0 
7f53dd7f6000-7f53dd9f6000 rw-p 00000000 00:00 0 
7f53dd9f6000-7f53dd9f9000 ---p 00000000 00:00 0 
7f53dd9f9000-7f53ddcf7000 rw-p 00000000 00:00 0 
7f53ddcf7000-7f53ddcf8000 r--s 00001000 08:01 34477923                   /root/.gradle/caches/jars-2/cmhx5eetujk7j30d3nllwxyrlnugzjw/annotations-25.3.3.jar
7f53ddcf8000-7f53ddd00000 r--s 000a8000 08:01 34996888                   /root/.gradle/caches/jars-2/lp0h431tl0554nh1vx6zomcvteflkp/lombok-ast-0.2.3.jar
7f53ddd00000-7f53ddd14000 r--s 000b4000 08:01 34477921                   /root/.gradle/caches/jars-2/hgvw6szzawm3evod5l2d6iutfug31w0/uast-162.2228.14.jar
7f53ddd14000-7f53ddd16000 r--s 0000d000 08:01 34996884                   /root/.gradle/caches/jars-2/7pwz1bowgakb1eux9ezb56jlturgsyi/commons-codec-1.4.jar
7f53ddd16000-7f53ddd18000 r--s 0000d000 08:01 34996882                   /root/.gradle/caches/jars-2/9dj1m0eyooi5qt13735vz8fpkl3cnfy/commons-logging-1.1.1.jar
7f53ddd18000-7f53ddd1d000 r--s 00028000 08:01 34996880                   /root/.gradle/caches/jars-2/62lv0fe9b3xbqe57f6ljy5upwi7mf6k/httpcore-4.1.jar
7f53ddd1d000-7f53ddd21000 r--s 0002f000 08:01 34996878                   /root/.gradle/caches/jars-2/gsg5n52frsvw6sx0swqqe2hwijwdcf0/jimfs-1.1.jar
7f53ddd21000-7f53ddd22000 r--s 00004000 08:01 34996876                   /root/.gradle/caches/jars-2/lxs252id0979odjrerlctkb26c2vj95/annotations-12.0.jar
7f53ddd22000-7f53ddd23000 r--s 00004000 08:01 34996874                   /root/.gradle/caches/jars-2/9kn99dr0rulyl67sct1ephwcop56l61/asm-analysis-5.0.4.jar
7f53ddd23000-7f53ddd27000 r--s 00040000 08:01 34477919                   /root/.gradle/caches/jars-2/ccvn7yglm4blceovs70fngoac1eyn4f/lint-api-25.3.3.jar
7f53ddd27000-7f53ddd28000 r--s 0000a000 08:01 34996870                   /root/.gradle/caches/jars-2/nwyg9io65lv6jvmwit2wq82xnnxd7ia/kxml2-2.3.0.jar
7f53ddd28000-7f53ddd2a000 r--s 00005000 08:01 34996868                   /root/.gradle/caches/jars-2/i6hc1uuj8e9ck59slmzdyz78ydn8sr6/httpmime-4.1.jar
7f53ddd2a000-7f53ddd32000 r--s 0004e000 08:01 34996866                   /root/.gradle/caches/jars-2/7503wa5irssz0xxahv1xb82p2dl7rr2/httpclient-4.1.1.jar
7f53ddd32000-7f53ddd39000 r--s 00053000 08:01 34996864                   /root/.gradle/caches/jars-2/jgkfvs4eqggj7qsyw1f5d3up57hanj1/commons-compress-1.8.1.jar
7f53ddd39000-7f53ddd3e000 r--s 0002a000 08:01 34996862                   /root/.gradle/caches/jars-2/je8f027qcr1z1egw08byp1ybxbp9kko/gson-2.2.4.jar
7f53ddd3e000-7f53ddd43000 r--s 0002e000 08:01 34477917                   /root/.gradle/caches/jars-2/s427p2wh0tfza0xa8qijgx107eeevyl/repository-25.3.3.jar
7f53ddd43000-7f53ddd45000 r--s 00006000 08:01 34477915                   /root/.gradle/caches/jars-2/e2s952s6co8tps89l80r4riixwqo2oe/dvlib-25.3.3.jar
7f53ddd45000-7f53ddd47000 r--s 00013000 08:01 34477913                   /root/.gradle/caches/jars-2/s02k517nvrh8cbp2c8dz4slqska6dj9/layoutlib-api-25.3.3.jar
7f53ddd47000-7f53ddd4c000 r--s 00058000 08:01 34996854                   /root/.gradle/caches/jars-2/st159835qgxm0l87oqrnhayxos4lc1n/asm-debug-all-5.0.1.jar
7f53ddd4c000-7f53ddd5c000 r--s 000d5000 08:01 34996852                   /root/.gradle/caches/jars-2/qzf32gp9kej4w4hlbabft6tplu74cj3/proguard-base-5.3.2.jar
7f53ddd5c000-7f53ddd5f000 r--s 00033000 08:01 34996850                   /root/.gradle/caches/jars-2/nz9sndmr8b4xbj4xulkaciy5kdbyfiz/juniversalchardet-1.0.3.jar
7f53ddd5f000-7f53ddd63000 r--s 0002a000 08:01 34996848                   /root/.gradle/caches/jars-2/krbpn9xjn1qymukyx8cc5l799ty1v3h/commons-io-2.4.jar
7f53ddd63000-7f53ddd7a000 r--s 00154000 08:01 34996846                   /root/.gradle/caches/jars-2/sfeivjswzitn6n0fnjx3ueszz8gv8o1/antlr4-4.5.3.jar
7f53ddd7a000-7f53ddd7c000 r--s 00002000 08:01 34477911                   /root/.gradle/caches/jars-2/rh2ip1x2zziz26tr3qzudtz088pqsb2/baseLibrary-2.3.3.jar
7f53ddd7c000-7f53ddda7000 r--s 001fc000 08:01 34996842                   /root/.gradle/caches/jars-2/nxjrjftly2xksl8o0wqgivu5netfu2x/guava-18.0.jar
7f53ddda7000-7f53dddba000 r--s 00241000 08:01 34996840                   /root/.gradle/caches/jars-2/9yuekvg4qerfitq3xec0iyckuw3hwaq/ecj-4.6.1.jar
7f53dddba000-7f53dddc1000 r--s 000d9000 08:01 34477909                   /root/.gradle/caches/jars-2/ak89aa8liqmr44u7r08njntn6oehe0z/lint-checks-25.3.3.jar
7f53dddc1000-7f53dddc3000 r--s 00006000 08:01 34996836                   /root/.gradle/caches/jars-2/6phgj9ki3jl3p5epzkqoo8pr6kur40b/asm-tree-5.0.4.jar
7f53dddc3000-7f53dddf6000 r--s 00203000 08:01 34996834                   /root/.gradle/caches/jars-2/hj0bfvxu9cq7hkwmecvp0kg137or3hh/bcprov-jdk15on-1.48.jar
7f53dddf6000-7f53dde04000 r--s 00081000 08:01 34996832                   /root/.gradle/caches/jars-2/4r7xli0tz94y0wfjrdyjxlxar3g1pb9/bcpkix-jdk15on-1.48.jar
7f53dde04000-7f53dde06000 r--s 00002000 08:01 34996830                   /root/.gradle/caches/jars-2/f32bh5uivuf69ecz2j8hl96ksnqdh7v/javawriter-2.5.0.jar
7f53dde06000-7f53dde08000 r--s 00004000 08:01 34477907                   /root/.gradle/caches/jars-2/j6s1upogkwo00sygdsekzj4fx0i75uy/tracker-25.3.3.jar
7f53dde08000-7f53dde09000 r--s 00005000 08:01 34477905                   /root/.gradle/caches/jars-2/4svya0t1s9wyo35ycd3atidsaoo6w7e/shared-25.3.3.jar
7f53dde09000-7f53dde17000 r--s 00147000 08:01 34477903                   /root/.gradle/caches/jars-2/qx6695c5ocd9swxv7wqtxor3plyb4b7/protos-25.3.3.jar
7f53dde17000-7f53dde18000 r--s 00001000 08:01 34477901                   /root/.gradle/caches/jars-2/bqo69msswbvaagsh45hf1tq02v21sml/jill-api-0.10.0.jar
7f53dde18000-7f53dde1a000 r--s 00003000 08:01 34477899                   /root/.gradle/caches/jars-2/7pldadygbci34ql8thws797g29k1uhh/jack-api-0.13.0.jar
7f53dde1a000-7f53dde20000 r--s 0004a000 08:01 34477897                   /root/.gradle/caches/jars-2/euoqfzf5y1sibp9ul8mcz0wovj380eo/ddmlib-25.3.3.jar
7f53dde20000-7f53dde23000 r--s 00022000 08:01 34477895                   /root/.gradle/caches/jars-2/a81bg2yxzmumashablwecaj0ksz6tmj/manifest-merger-25.3.3.jar
7f53dde23000-7f53dde26000 r--s 0001c000 08:01 34477893                   /root/.gradle/caches/jars-2/l6cnyee1vojrkkbpp6qwgpf30shmrja/common-25.3.3.jar
7f53dde26000-7f53dde2f000 r--s 00089000 08:01 34477891                   /root/.gradle/caches/jars-2/m0t6h8af70sdgxvkj522jy01i14mnb8/sdk-common-25.3.3.jar
7f53dde2f000-7f53dde39000 r--s 00098000 08:01 34477889                   /root/.gradle/caches/jars-2/28c9ykhc782k8jmlrnbnccai34hziki/sdklib-25.3.3.jar
7f53dde39000-7f53dde3c000 r--s 00006000 08:01 34477885                   /root/.gradle/caches/jars-2/omk02asobup8sgd6qxom3ej5bg94z2r/builder-model-2.3.3.jar
7f53dde3c000-7f53dde4b000 r--s 00130000 08:01 34996804                   /root/.gradle/caches/jars-2/cr6zkqpx14lor9zdtmo49qpc7y8r8p4/protobuf-java-3.0.0.jar
7f53dde4b000-7f53dde4d000 r--s 0000f000 08:01 34996802                   /root/.gradle/caches/jars-2/rvfyugrlu5tbpz51p98og0qsxamjq4k/jopt-simple-4.9.jar
7f53dde4d000-7f53dde51000 r--s 0001f000 08:01 34996800                   /root/.gradle/caches/jars-2/nq3fzqkrrm37ob61z4iu5qdbh368uat/org.jacoco.report-0.7.5.201505241946.jar
7f53dde51000-7f53dde55000 r--s 0001d000 08:01 34996798                   /root/.gradle/caches/jars-2/3kxkmcckmk40ron92zhbm0qjo9l4bkl/org.jacoco.core-0.7.5.201505241946.jar
7f53dde55000-7f53dde57000 r--s 00002000 08:01 34996796                   /root/.gradle/caches/jars-2/m4m0pzb4gmaeh0in5g2xc4bxeuwt828/proguard-gradle-5.3.2.jar
7f53dde57000-7f53de057000 rw-p 00000000 00:00 0 
7f53de057000-7f53de257000 rw-p 00000000 00:00 0 
7f53de257000-7f53de25a000 ---p 00000000 00:00 0 
7f53de25a000-7f53de558000 rw-p 00000000 00:00 0 
7f53de558000-7f53de559000 r--s 00002000 08:01 34477887                   /root/.gradle/caches/jars-2/4dod7a1p5hoai4v37pxbcg65bbahvg2/builder-test-api-2.3.3.jar
7f53de559000-7f53de55b000 r--s 00009000 08:01 34996794                   /root/.gradle/caches/jars-2/ajvcvdu66lc9e3tvvipxtuq48i9bbkc/asm-commons-5.0.4.jar
7f53de55b000-7f53de55d000 r--s 0000c000 08:01 34996792                   /root/.gradle/caches/jars-2/1laz1ygmxoc408r7nwqs1q8uk8r236d/asm-5.0.4.jar
7f53de55d000-7f53de562000 r--s 0002c000 08:01 34477883                   /root/.gradle/caches/jars-2/3mlasgi8oo9o7oa12526198jui9zmp2/compilerCommon-2.3.3.jar
7f53de562000-7f53de563000 r--s 00002000 08:01 34477881                   /root/.gradle/caches/jars-2/73l309uzm0ila7rdaaxteq0ng4ayf2y/gradle-api-2.3.3.jar
7f53de563000-7f53de564000 r--s 00000000 08:01 34477879                   /root/.gradle/caches/jars-2/tlyajppf8woug00g686fx5mchf8iv3o/transform-api-2.0.0-deprecated-use-gradle-api.jar
7f53de564000-7f53de569000 r--s 0005e000 08:01 34477877                   /root/.gradle/caches/jars-2/k2xtosjt0in0zj7mpwvctw6iznt93uh/lint-25.3.3.jar
7f53de569000-7f53de57f000 r--s 00163000 08:01 34477875                   /root/.gradle/caches/jars-2/nyg71b5n2lzymmwh5vbtmvjiby07k4g/builder-2.3.3.jar
7f53de57f000-7f53de59e000 r--s 001ca000 08:01 34477873                   /root/.gradle/caches/jars-2/5fwyvjq1ai8mdh1mluqxidj1wo7rls8/gradle-core-2.3.3.jar
7f53de59e000-7f53de5a0000 r--s 00007000 08:01 393249                     /root/.gradle/caches/modules-2/files-2.1/com.google.gms/google-services/3.1.0/166ae4e6acd03b7bbebe221ffa54bc039fece1b9/google-services-3.1.0.jar
7f53de5a0000-7f53de5a2000 r--s 0000d000 08:01 34477871                   /root/.gradle/caches/jars-2/mel54vauze7hczg2p6nebauqz8s53sj/gradle-2.3.3.jar
7f53de5a2000-7f53de5a5000 ---p 00000000 00:00 0 
7f53de5a5000-7f53de5db000 rw-p 00000000 00:00 0 
7f53de5db000-7f53de5dc000 r--p 00000000 00:00 0 
7f53de5dc000-7f53de7dc000 rw-p 00000000 00:00 0 
7f53de7dc000-7f53de9dc000 rw-p 00000000 00:00 0 
7f53de9dc000-7f53debdc000 rw-p 00000000 00:00 0 
7f53debdc000-7f53dec56000 r--s 010f6000 08:01 11020816                   /usr/local/java/jdk1.8.0_121/lib/tools.jar
7f53dec56000-7f53dee56000 rw-p 00000000 00:00 0 
7f53dee56000-7f53dee59000 ---p 00000000 00:00 0 
7f53dee59000-7f53def57000 rw-p 00000000 00:00 0 
7f53def57000-7f53def5a000 ---p 00000000 00:00 0 
7f53def5a000-7f53df058000 rw-p 00000000 00:00 0 
7f53df058000-7f53df05b000 ---p 00000000 00:00 0 
7f53df05b000-7f53df159000 rw-p 00000000 00:00 0 
7f53df159000-7f53df15c000 ---p 00000000 00:00 0 
7f53df15c000-7f53df25a000 rw-p 00000000 00:00 0 
7f53df25a000-7f53df25d000 ---p 00000000 00:00 0 
7f53df25d000-7f53df55b000 rw-p 00000000 00:00 0 
7f53df55b000-7f53df55e000 ---p 00000000 00:00 0 
7f53df55e000-7f53df65c000 rw-p 00000000 00:00 0 
7f53df65c000-7f53df663000 r--s 00000000 08:01 11280200                   /usr/lib/x86_64-linux-gnu/gconv/gconv-modules.cache
7f53df663000-7f53df863000 rw-p 00000000 00:00 0 
7f53df863000-7f53df866000 ---p 00000000 00:00 0 
7f53df866000-7f53df964000 rw-p 00000000 00:00 0 
7f53df964000-7f53df967000 ---p 00000000 00:00 0 
7f53df967000-7f53dfa65000 rw-p 00000000 00:00 0 
7f53dfa65000-7f53dfa6e000 r-xp 00000000 08:01 11144070                   /usr/local/java/jdk1.8.0_121/jre/lib/amd64/libmanagement.so
7f53dfa6e000-7f53dfc6d000 ---p 00009000 08:01 11144070                   /usr/local/java/jdk1.8.0_121/jre/lib/amd64/libmanagement.so
7f53dfc6d000-7f53dfc6e000 rw-p 00008000 08:01 11144070                   /usr/local/java/jdk1.8.0_121/jre/lib/amd64/libmanagement.so
7f53dfc6e000-7f53dfc72000 r--s 0009a000 08:01 11143978                   /usr/local/java/jdk1.8.0_121/jre/lib/jsse.jar
7f53dfc72000-7f53dfc74000 r--s 00007000 08:01 34341942                   /root/.gradle/wrapper/dists/gradle-3.3-all/55gk2rcmfc6p2dg9u9ohc3hw9/gradle-3.3/lib/plugins/gradle-tooling-api-builders-3.3.jar
7f53dfc74000-7f53dfc77000 r--s 00009000 08:01 34341935                   /root/.gradle/wrapper/dists/gradle-3.3-all/55gk2rcmfc6p2dg9u9ohc3hw9/gradle-3.3/lib/plugins/gradle-testing-native-3.3.jar
7f53dfc77000-7f53dfc7d000 r--s 00033000 08:01 34342010                   /root/.gradle/wrapper/dists/gradle-3.3-all/55gk2rcmfc6p2dg9u9ohc3hw9/gradle-3.3/lib/plugins/snakeyaml-1.6.jar
7f53dfc7d000-7f53dfc7f000 r--s 00006000 08:01 34342009                   /root/.gradle/wrapper/dists/gradle-3.3-all/55gk2rcmfc6p2dg9u9ohc3hw9/gradle-3.3/lib/plugins/jcommander-1.12.jar
7f53dfc7f000-7f53dfc84000 r--s 00040000 08:01 34342008                   /root/.gradle/wrapper/dists/gradle-3.3-all/55gk2rcmfc6p2dg9u9ohc3hw9/gradle-3.3/lib/plugins/bsh-2.0b4.jar
7f53dfc84000-7f53dfc86000 r--s 00009000 08:01 34342016                   /root/.gradle/wrapper/dists/gradle-3.3-all/55gk2rcmfc6p2dg9u9ohc3hw9/gradle-3.3/lib/plugins/hamcrest-core-1.3.jar
7f53dfc86000-7f53dfc8f000 r--s 00089000 08:01 34341967                   /root/.gradle/wrapper/dists/gradle-3.3-all/55gk2rcmfc6p2dg9u9ohc3hw9/gradle-3.3/lib/plugins/testng-6.3.1.jar
7f53dfc8f000-7f53dfc97000 r--s 00045000 08:01 34341966                   /root/.gradle/wrapper/dists/gradle-3.3-all/55gk2rcmfc6p2dg9u9ohc3hw9/gradle-3.3/lib/plugins/junit-4.12.jar
7f53dfc97000-7f53dfc9d000 r--s 0002e000 08:01 34341936                   /root/.gradle/wrapper/dists/gradle-3.3-all/55gk2rcmfc6p2dg9u9ohc3hw9/gradle-3.3/lib/plugins/gradle-testing-jvm-3.3.jar
7f53dfc9d000-7f53dfca1000 r--s 00016000 08:01 34341934                   /root/.gradle/wrapper/dists/gradle-3.3-all/55gk2rcmfc6p2dg9u9ohc3hw9/gradle-3.3/lib/plugins/gradle-testing-base-3.3.jar
7f53dfca1000-7f53dfca8000 r--s 00038000 08:01 34341961                   /root/.gradle/wrapper/dists/gradle-3.3-all/55gk2rcmfc6p2dg9u9ohc3hw9/gradle-3.3/lib/plugins/bcpg-jdk15on-1.51.jar
7f53dfca8000-7f53dfcaa000 r--s 0000c000 08:01 34341913                   /root/.gradle/wrapper/dists/gradle-3.3-all/55gk2rcmfc6p2dg9u9ohc3hw9/gradle-3.3/lib/plugins/gradle-signing-3.3.jar
7f53dfcaa000-7f53dfcac000 r--s 00007000 08:01 34341912                   /root/.gradle/wrapper/dists/gradle-3.3-all/55gk2rcmfc6p2dg9u9ohc3hw9/gradle-3.3/lib/plugins/gradle-scala-3.3.jar
7f53dfcac000-7f53dfcad000 r--s 00004000 08:01 34341940                   /root/.gradle/wrapper/dists/gradle-3.3-all/55gk2rcmfc6p2dg9u9ohc3hw9/gradle-3.3/lib/plugins/gradle-resources-sftp-3.3.jar
7f53dfcad000-7f53dfcbd000 r--s 00088000 08:01 34341977                   /root/.gradle/wrapper/dists/gradle-3.3-all/55gk2rcmfc6p2dg9u9ohc3hw9/gradle-3.3/lib/plugins/joda-time-2.8.2.jar
7f53dfcbd000-7f53dfcce000 r--s 0010d000 08:01 34341976                   /root/.gradle/wrapper/dists/gradle-3.3-all/55gk2rcmfc6p2dg9u9ohc3hw9/gradle-3.3/lib/plugins/jackson-databind-2.6.6.jar
7f53dfcce000-7f53dfcd1000 r--s 00009000 08:01 34341975                   /root/.gradle/wrapper/dists/gradle-3.3-all/55gk2rcmfc6p2dg9u9ohc3hw9/gradle-3.3/lib/plugins/jackson-annotations-2.6.6.jar
7f53dfcd1000-7f53dfcd5000 r--s 0003c000 08:01 34341974                   /root/.gradle/wrapper/dists/gradle-3.3-all/55gk2rcmfc6p2dg9u9ohc3hw9/gradle-3.3/lib/plugins/jackson-core-2.6.6.jar
7f53dfcd5000-7f53dfce3000 r--s 00087000 08:01 34341973                   /root/.gradle/wrapper/dists/gradle-3.3-all/55gk2rcmfc6p2dg9u9ohc3hw9/gradle-3.3/lib/plugins/aws-java-sdk-core-1.11.6.jar
7f53dfce3000-7f53dfcea000 r--s 00057000 08:01 34341972                   /root/.gradle/wrapper/dists/gradle-3.3-all/55gk2rcmfc6p2dg9u9ohc3hw9/gradle-3.3/lib/plugins/aws-java-sdk-kms-1.11.6.jar
7f53dfcea000-7f53dfcf7000 r--s 0008e000 08:01 34341971                   /root/.gradle/wrapper/dists/gradle-3.3-all/55gk2rcmfc6p2dg9u9ohc3hw9/gradle-3.3/lib/plugins/aws-java-sdk-s3-1.11.6.jar
7f53dfcf7000-7f53dfcf9000 r--s 00004000 08:01 34341941                   /root/.gradle/wrapper/dists/gradle-3.3-all/55gk2rcmfc6p2dg9u9ohc3hw9/gradle-3.3/lib/plugins/gradle-resources-s3-3.3.jar
7f53dfcf9000-7f53dfcfb000 r--s 00005000 08:01 34341965                   /root/.gradle/wrapper/dists/gradle-3.3-all/55gk2rcmfc6p2dg9u9ohc3hw9/gradle-3.3/lib/plugins/jatl-0.2.2.jar
7f53dfcfb000-7f53dfcfd000 r--s 0000f000 08:01 34341918                   /root/.gradle/wrapper/dists/gradle-3.3-all/55gk2rcmfc6p2dg9u9ohc3hw9/gradle-3.3/lib/plugins/gradle-reporting-3.3.jar
7f53dfcfd000-7f53dfcff000 r--s 00002000 08:01 34341919                   /root/.gradle/wrapper/dists/gradle-3.3-all/55gk2rcmfc6p2dg9u9ohc3hw9/gradle-3.3/lib/plugins/gradle-publish-3.3.jar
7f53dfcff000-7f53dfd01000 r--s 00009000 08:01 34341948                   /root/.gradle/wrapper/dists/gradle-3.3-all/55gk2rcmfc6p2dg9u9ohc3hw9/gradle-3.3/lib/plugins/commons-cli-1.2.jar
7f53dfd01000-7f53dfd07000 r--s 00031000 08:01 34341904                   /root/.gradle/wrapper/dists/gradle-3.3-all/55gk2rcmfc6p2dg9u9ohc3hw9/gradle-3.3/lib/plugins/gradle-plugins-3.3.jar
7f53dfd07000-7f53dfd09000 r--s 00009000 08:01 34341937                   /root/.gradle/wrapper/dists/gradle-3.3-all/55gk2rcmfc6p2dg9u9ohc3hw9/gradle-3.3/lib/plugins/gradle-plugin-development-3.3.jar
7f53dfd09000-7f53dfd0f000 r--s 0002b000 08:01 34341930                   /root/.gradle/wrapper/dists/gradle-3.3-all/55gk2rcmfc6p2dg9u9ohc3hw9/gradle-3.3/lib/plugins/gradle-platform-play-3.3.jar
7f53dfd0f000-7f53dfd1d000 r--s 00055000 08:01 34341929                   /root/.gradle/wrapper/dists/gradle-3.3-all/55gk2rcmfc6p2dg9u9ohc3hw9/gradle-3.3/lib/plugins/gradle-platform-native-3.3.jar
7f53dfd1d000-7f53dfd22000 r--s 0001f000 08:01 34341924                   /root/.gradle/wrapper/dists/gradle-3.3-all/55gk2rcmfc6p2dg9u9ohc3hw9/gradle-3.3/lib/plugins/gradle-platform-jvm-3.3.jar
7f53dfd22000-7f53dfd2a000 r--s 00027000 08:01 34341923                   /root/.gradle/wrapper/dists/gradle-3.3-all/55gk2rcmfc6p2dg9u9ohc3hw9/gradle-3.3/lib/plugins/gradle-platform-base-3.3.jar
7f53dfd2a000-7f53dfd52000 r--s 0021c000 08:01 34341956                   /root/.gradle/wrapper/dists/gradle-3.3-all/55gk2rcmfc6p2dg9u9ohc3hw9/gradle-3.3/lib/plugins/biz.aQute.bndlib-3.2.0.jar
7f53dfd52000-7f53dfd54000 r--s 00003000 08:01 34341908                   /root/.gradle/wrapper/dists/gradle-3.3-all/55gk2rcmfc6p2dg9u9ohc3hw9/gradle-3.3/lib/plugins/gradle-osgi-3.3.jar
7f53dfd54000-7f53dfd57000 r--s 0000c000 08:01 34341959                   /root/.gradle/wrapper/dists/gradle-3.3-all/55gk2rcmfc6p2dg9u9ohc3hw9/gradle-3.3/lib/plugins/pmaven-groovy-0.8-20100325.jar
7f53dfd57000-7f53dfd58000 r--s 00004000 08:01 34341958                   /root/.gradle/wrapper/dists/gradle-3.3-all/55gk2rcmfc6p2dg9u9ohc3hw9/gradle-3.3/lib/plugins/pmaven-common-0.8-20100325.jar
7f53dfd58000-7f53dfd5e000 r--s 00023000 08:01 34341909                   /root/.gradle/wrapper/dists/gradle-3.3-all/55gk2rcmfc6p2dg9u9ohc3hw9/gradle-3.3/lib/plugins/gradle-maven-3.3.jar
7f53dfd5e000-7f53dfd61000 r--s 0000b000 08:01 34341928                   /root/.gradle/wrapper/dists/gradle-3.3-all/55gk2rcmfc6p2dg9u9ohc3hw9/gradle-3.3/lib/plugins/gradle-language-scala-3.3.jar
7f53dfd61000-7f53dfd67000 r--s 0001a000 08:01 34341932                   /root/.gradle/wrapper/dists/gradle-3.3-all/55gk2rcmfc6p2dg9u9ohc3hw9/gradle-3.3/lib/plugins/gradle-language-native-3.3.jar
7f53dfd67000-7f53dfd6a000 r--s 00005000 08:01 34341925                   /root/.gradle/wrapper/dists/gradle-3.3-all/55gk2rcmfc6p2dg9u9ohc3hw9/gradle-3.3/lib/plugins/gradle-language-jvm-3.3.jar
7f53dfd6a000-7f53dfd70000 r--s 00027000 08:01 34341926                   /root/.gradle/wrapper/dists/gradle-3.3-all/55gk2rcmfc6p2dg9u9ohc3hw9/gradle-3.3/lib/plugins/gradle-language-java-3.3.jar
7f53dfd70000-7f53dfd72000 r--s 0000a000 08:01 34341927                   /root/.gradle/wrapper/dists/gradle-3.3-all/55gk2rcmfc6p2dg9u9ohc3hw9/gradle-3.3/lib/plugins/gradle-language-groovy-3.3.jar
7f53dfd72000-7f53dfd75000 r--s 0001e000 08:01 34341983                   /root/.gradle/wrapper/dists/gradle-3.3-all/55gk2rcmfc6p2dg9u9ohc3hw9/gradle-3.3/lib/plugins/jsp-api-2.1-6.1.14.jar
7f53dfd75000-7f53dfd98000 r--s 00344000 08:01 34341982                   /root/.gradle/wrapper/dists/gradle-3.3-all/55gk2rcmfc6p2dg9u9ohc3hw9/gradle-3.3/lib/plugins/core-3.1.1.jar
7f53dfd98000-7f53dfd99000 r--s 00006000 08:01 34341981                   /root/.gradle/wrapper/dists/gradle-3.3-all/55gk2rcmfc6p2dg9u9ohc3hw9/gradle-3.3/lib/plugins/jetty-naming-6.1.26.jar
7f53dfd99000-7f53dfd9a000 r--s 00002000 08:01 34341955                   /root/.gradle/wrapper/dists/gradle-3.3-all/55gk2rcmfc6p2dg9u9ohc3hw9/gradle-3.3/lib/plugins/geronimo-annotation_1.0_spec-1.0.jar
7f53dfd9a000-7f53dfd9c000 r--s 00002000 08:01 34341954                   /root/.gradle/wrapper/dists/gradle-3.3-all/55gk2rcmfc6p2dg9u9ohc3hw9/gradle-3.3/lib/plugins/jetty-annotations-6.1.26.jar
7f53dfd9c000-7f53dfdad000 r--s 000ea000 08:01 34341953                   /root/.gradle/wrapper/dists/gradle-3.3-all/55gk2rcmfc6p2dg9u9ohc3hw9/gradle-3.3/lib/plugins/jsp-2.1-6.1.14.jar
7f53dfdad000-7f53dfdaf000 r--s 0000d000 08:01 34341952                   /root/.gradle/wrapper/dists/gradle-3.3-all/55gk2rcmfc6p2dg9u9ohc3hw9/gradle-3.3/lib/plugins/jetty-plus-6.1.26.jar
7f53dfdaf000-7f53dfdb1000 r--s 0001f000 08:01 34341951                   /root/.gradle/wrapper/dists/gradle-3.3-all/55gk2rcmfc6p2dg9u9ohc3hw9/gradle-3.3/lib/plugins/servlet-api-2.5-20081211.jar
7f53dfdb1000-7f53dfdb5000 r--s 00028000 08:01 34341950                   /root/.gradle/wrapper/dists/gradle-3.3-all/55gk2rcmfc6p2dg9u9ohc3hw9/gradle-3.3/lib/plugins/jetty-util-6.1.26.jar
7f53dfdb5000-7f53dfdbc000 r--s 0007d000 08:01 34341949                   /root/.gradle/wrapper/dists/gradle-3.3-all/55gk2rcmfc6p2dg9u9ohc3hw9/gradle-3.3/lib/plugins/jetty-6.1.26.jar
7f53dfdbc000-7f53dfdbe000 r--s 0000a000 08:01 34341906                   /root/.gradle/wrapper/dists/gradle-3.3-all/55gk2rcmfc6p2dg9u9ohc3hw9/gradle-3.3/lib/plugins/gradle-jetty-3.3.jar
7f53dfdbe000-7f53dfdc5000 r--s 00035000 08:01 34341964                   /root/.gradle/wrapper/dists/gradle-3.3-all/55gk2rcmfc6p2dg9u9ohc3hw9/gradle-3.3/lib/plugins/simple-4.1.21.jar
7f53dfdc5000-7f53dfdd1000 r--s 00100000 08:01 34341962                   /root/.gradle/wrapper/dists/gradle-3.3-all/55gk2rcmfc6p2dg9u9ohc3hw9/gradle-3.3/lib/plugins/rhino-1.7R3.jar
7f53dfdd1000-7f53dfdd5000 r--s 00012000 08:01 34341915                   /root/.gradle/wrapper/dists/gradle-3.3-all/55gk2rcmfc6p2dg9u9ohc3hw9/gradle-3.3/lib/plugins/gradle-javascript-3.3.jar
7f53dfdd5000-7f53dfdd7000 r--s 0000d000 08:01 34341921                   /root/.gradle/wrapper/dists/gradle-3.3-all/55gk2rcmfc6p2dg9u9ohc3hw9/gradle-3.3/lib/plugins/gradle-jacoco-3.3.jar
7f53dfdd7000-7f53dfdda000 r--s 0000e000 08:01 34341920                   /root/.gradle/wrapper/dists/gradle-3.3-all/55gk2rcmfc6p2dg9u9ohc3hw9/gradle-3.3/lib/plugins/gradle-ivy-3.3.jar
7f53dfdda000-7f53dfddb000 r--s 00002000 08:01 34341931                   /root/.gradle/wrapper/dists/gradle-3.3-all/55gk2rcmfc6p2dg9u9ohc3hw9/gradle-3.3/lib/plugins/gradle-ide-play-3.3.jar
7f53dfddb000-7f53dfde4000 r--s 00055000 08:01 34341910                   /root/.gradle/wrapper/dists/gradle-3.3-all/55gk2rcmfc6p2dg9u9ohc3hw9/gradle-3.3/lib/plugins/gradle-ide-3.3.jar
7f53dfde4000-7f53dfdea000 r--s 00039000 08:01 34341917                   /root/.gradle/wrapper/dists/gradle-3.3-all/55gk2rcmfc6p2dg9u9ohc3hw9/gradle-3.3/lib/plugins/gradle-diagnostics-3.3.jar
7f53dfdea000-7f53dfe00000 r-xp 00000000 08:01 4985220                    /lib/x86_64-linux-gnu/libgcc_s.so.1
7f53dfe00000-7f53dffff000 ---p 00016000 08:01 4985220                    /lib/x86_64-linux-gnu/libgcc_s.so.1
7f53dffff000-7f53e0000000 rw-p 00015000 08:01 4985220                    /lib/x86_64-linux-gnu/libgcc_s.so.1
7f53e0000000-7f53e0021000 rw-p 00000000 00:00 0 
7f53e0021000-7f53e4000000 ---p 00000000 00:00 0 
7f53e4000000-7f53e4021000 rw-p 00000000 00:00 0 
7f53e4021000-7f53e8000000 ---p 00000000 00:00 0 
7f53e8000000-7f53e958f000 rw-p 00000000 00:00 0 
7f53e958f000-7f53ec000000 ---p 00000000 00:00 0 
7f53ec000000-7f53ee296000 rw-p 00000000 00:00 0 
7f53ee296000-7f53f0000000 ---p 00000000 00:00 0 
7f53f0000000-7f53f0003000 r--s 00013000 08:01 34341933                   /root/.gradle/wrapper/dists/gradle-3.3-all/55gk2rcmfc6p2dg9u9ohc3hw9/gradle-3.3/lib/plugins/gradle-ide-native-3.3.jar
7f53f0003000-7f53f0005000 r--s 00007000 08:01 34341914                   /root/.gradle/wrapper/dists/gradle-3.3-all/55gk2rcmfc6p2dg9u9ohc3hw9/gradle-3.3/lib/plugins/gradle-ear-3.3.jar
7f53f0005000-7f53f0006000 r--s 00009000 08:01 34341943                   /root/.gradle/wrapper/dists/gradle-3.3-all/55gk2rcmfc6p2dg9u9ohc3hw9/gradle-3.3/lib/plugins/gradle-composite-builds-3.3.jar
7f53f0006000-7f53f000a000 r--s 00023000 08:01 34341905                   /root/.gradle/wrapper/dists/gradle-3.3-all/55gk2rcmfc6p2dg9u9ohc3hw9/gradle-3.3/lib/plugins/gradle-code-quality-3.3.jar
7f53f000a000-7f53f000e000 r--s 00022000 08:01 34341922                   /root/.gradle/wrapper/dists/gradle-3.3-all/55gk2rcmfc6p2dg9u9ohc3hw9/gradle-3.3/lib/plugins/gradle-build-init-3.3.jar
7f53f000e000-7f53f0014000 r--s 0008e000 08:01 34341916                   /root/.gradle/wrapper/dists/gradle-3.3-all/55gk2rcmfc6p2dg9u9ohc3hw9/gradle-3.3/lib/plugins/gradle-build-comparison-3.3.jar
7f53f0014000-7f53f0015000 r--s 00001000 08:01 34341944                   /root/.gradle/wrapper/dists/gradle-3.3-all/55gk2rcmfc6p2dg9u9ohc3hw9/gradle-3.3/lib/plugins/gradle-build-cache-http-3.3.jar
7f53f0015000-7f53f0017000 r--s 00008000 08:01 34341907                   /root/.gradle/wrapper/dists/gradle-3.3-all/55gk2rcmfc6p2dg9u9ohc3hw9/gradle-3.3/lib/plugins/gradle-antlr-3.3.jar
7f53f0017000-7f53f0019000 r--s 00004000 08:01 34341911                   /root/.gradle/wrapper/dists/gradle-3.3-all/55gk2rcmfc6p2dg9u9ohc3hw9/gradle-3.3/lib/plugins/gradle-announce-3.3.jar
7f53f0019000-7f53f0031000 r--s 00115000 08:01 34342013                   /root/.gradle/wrapper/dists/gradle-3.3-all/55gk2rcmfc6p2dg9u9ohc3hw9/gradle-3.3/lib/plugins/xercesImpl-2.9.1.jar
7f53f0031000-7f53f0039000 r--s 00028000 08:01 34342014                   /root/.gradle/wrapper/dists/gradle-3.3-all/55gk2rcmfc6p2dg9u9ohc3hw9/gradle-3.3/lib/plugins/xml-apis-1.3.04.jar
7f53f0039000-7f53f003f000 r--s 0005b000 08:01 34342012                   /root/.gradle/wrapper/dists/gradle-3.3-all/55gk2rcmfc6p2dg9u9ohc3hw9/gradle-3.3/lib/plugins/jcifs-1.3.17.jar
7f53f003f000-7f53f0045000 r--s 00033000 08:01 34341960                   /root/.gradle/wrapper/dists/gradle-3.3-all/55gk2rcmfc6p2dg9u9ohc3hw9/gradle-3.3/lib/plugins/commons-codec-1.6.jar
7f53f0045000-7f53f004c000 r--s 00049000 08:01 34342011                   /root/.gradle/wrapper/dists/gradle-3.3-all/55gk2rcmfc6p2dg9u9ohc3hw9/gradle-3.3/lib/plugins/httpcore-4.4.4.jar
7f53f004c000-7f53f004f000 r--s 0001c000 08:01 34341969                   /root/.gradle/wrapper/dists/gradle-3.3-all/55gk2rcmfc6p2dg9u9ohc3hw9/gradle-3.3/lib/plugins/nekohtml-1.9.14.jar
7f53f004f000-7f53f005c000 r--s 000a4000 08:01 34341968                   /root/.gradle/wrapper/dists/gradle-3.3-all/55gk2rcmfc6p2dg9u9ohc3hw9/gradle-3.3/lib/plugins/httpclient-4.4.1.jar
7f53f005c000-7f53f005f000 r--s 0000a000 08:01 34341939                   /root/.gradle/wrapper/dists/gradle-3.3-all/55gk2rcmfc6p2dg9u9ohc3hw9/gradle-3.3/lib/plugins/gradle-resources-http-3.3.jar
7f53f005f000-7f53f0063000 r--s 00015000 08:01 34341938                   /root/.gradle/wrapper/dists/gradle-3.3-all/55gk2rcmfc6p2dg9u9ohc3hw9/gradle-3.3/lib/plugins/gradle-plugin-use-3.3.jar
7f53f0063000-7f53f0064000 r--s 00000000 08:01 34341850                   /root/.gradle/wrapper/dists/gradle-3.3-all/55gk2rcmfc6p2dg9u9ohc3hw9/gradle-3.3/lib/gradle-installation-beacon-3.3.jar
7f53f0064000-7f53f0066000 r--s 00006000 08:01 34342007                   /root/.gradle/wrapper/dists/gradle-3.3-all/55gk2rcmfc6p2dg9u9ohc3hw9/gradle-3.3/lib/plugins/aether-connector-wagon-1.13.1.jar
7f53f0066000-7f53f006a000 r--s 0001c000 08:01 34342006                   /root/.gradle/wrapper/dists/gradle-3.3-all/55gk2rcmfc6p2dg9u9ohc3hw9/gradle-3.3/lib/plugins/aether-util-1.13.1.jar
7f53f006a000-7f53f006b000 r--s 00003000 08:01 34342005                   /root/.gradle/wrapper/dists/gradle-3.3-all/55gk2rcmfc6p2dg9u9ohc3hw9/gradle-3.3/lib/plugins/aether-spi-1.13.1.jar
7f53f006b000-7f53f006e000 r--s 0001d000 08:01 34342004                   /root/.gradle/wrapper/dists/gradle-3.3-all/55gk2rcmfc6p2dg9u9ohc3hw9/gradle-3.3/lib/plugins/aether-impl-1.13.1.jar
7f53f006e000-7f53f0071000 r--s 00013000 08:01 34342003                   /root/.gradle/wrapper/dists/gradle-3.3-all/55gk2rcmfc6p2dg9u9ohc3hw9/gradle-3.3/lib/plugins/aether-api-1.13.1.jar
7f53f0071000-7f53f0072000 r--s 00007000 08:01 34342002                   /root/.gradle/wrapper/dists/gradle-3.3-all/55gk2rcmfc6p2dg9u9ohc3hw9/gradle-3.3/lib/plugins/wagon-http-shared4-2.4.jar
7f53f0072000-7f53f0074000 r--s 0000b000 08:01 34342001                   /root/.gradle/wrapper/dists/gradle-3.3-all/55gk2rcmfc6p2dg9u9ohc3hw9/gradle-3.3/lib/plugins/wagon-provider-api-2.4.jar
7f53f0074000-7f53f0075000 r--s 00002000 08:01 34342000                   /root/.gradle/wrapper/dists/gradle-3.3-all/55gk2rcmfc6p2dg9u9ohc3hw9/gradle-3.3/lib/plugins/wagon-http-2.4.jar
7f53f0075000-7f53f0076000 r--s 00002000 08:01 34341999                   /root/.gradle/wrapper/dists/gradle-3.3-all/55gk2rcmfc6p2dg9u9ohc3hw9/gradle-3.3/lib/plugins/wagon-file-2.4.jar
7f53f0076000-7f53f0078000 r--s 0000c000 08:01 34341998                   /root/.gradle/wrapper/dists/gradle-3.3-all/55gk2rcmfc6p2dg9u9ohc3hw9/gradle-3.3/lib/plugins/maven-aether-provider-3.0.4.jar
7f53f0078000-7f53f007a000 r--s 0000b000 08:01 34341997                   /root/.gradle/wrapper/dists/gradle-3.3-all/55gk2rcmfc6p2dg9u9ohc3hw9/gradle-3.3/lib/plugins/maven-plugin-api-3.0.4.jar
7f53f007a000-7f53f007c000 r--s 00006000 08:01 34341996                   /root/.gradle/wrapper/dists/gradle-3.3-all/55gk2rcmfc6p2dg9u9ohc3hw9/gradle-3.3/lib/plugins/maven-repository-metadata-3.0.4.jar
7f53f007c000-7f53f007e000 r--s 0000b000 08:01 34341995                   /root/.gradle/wrapper/dists/gradle-3.3-all/55gk2rcmfc6p2dg9u9ohc3hw9/gradle-3.3/lib/plugins/maven-artifact-3.0.4.jar
7f53f007e000-7f53f0080000 r--s 00026000 08:01 34341994                   /root/.gradle/wrapper/dists/gradle-3.3-all/55gk2rcmfc6p2dg9u9ohc3hw9/gradle-3.3/lib/plugins/maven-model-3.0.4.jar
7f53f0080000-7f53f0084000 r--s 00021000 08:01 34341993                   /root/.gradle/wrapper/dists/gradle-3.3-all/55gk2rcmfc6p2dg9u9ohc3hw9/gradle-3.3/lib/plugins/maven-model-builder-3.0.4.jar
7f53f0084000-7f53f008a000 r--s 0003f000 08:01 34341992                   /root/.gradle/wrapper/dists/gradle-3.3-all/55gk2rcmfc6p2dg9u9ohc3hw9/gradle-3.3/lib/plugins/maven-compat-3.0.4.jar
7f53f008a000-7f53f008b000 r--s 00006000 08:01 34341991                   /root/.gradle/wrapper/dists/gradle-3.3-all/55gk2rcmfc6p2dg9u9ohc3hw9/gradle-3.3/lib/plugins/plexus-sec-dispatcher-1.3.jar
7f53f008b000-7f53f008d000 r--s 00002000 08:01 34341990                   /root/.gradle/wrapper/dists/gradle-3.3-all/55gk2rcmfc6p2dg9u9ohc3hw9/gradle-3.3/lib/plugins/plexus-cipher-1.7.jar
7f53f008d000-7f53f008f000 r--s 0000a000 08:01 34341989                   /root/.gradle/wrapper/dists/gradle-3.3-all/55gk2rcmfc6p2dg9u9ohc3hw9/gradle-3.3/lib/plugins/plexus-classworlds-2.4.jar
7f53f008f000-7f53f0096000 r--s 0002e000 08:01 34341988                   /root/.gradle/wrapper/dists/gradle-3.3-all/55gk2rcmfc6p2dg9u9ohc3hw9/gradle-3.3/lib/plugins/plexus-container-default-1.5.5.jar
7f53f0096000-7f53f0098000 r--s 00000000 08:01 34342015                   /root/.gradle/wrapper/dists/gradle-3.3-all/55gk2rcmfc6p2dg9u9ohc3hw9/gradle-3.3/lib/plugins/plexus-component-annotations-1.5.5.jar
7f53f0098000-7f53f009a000 r--s 0000d000 08:01 34341987                   /root/.gradle/wrapper/dists/gradle-3.3-all/55gk2rcmfc6p2dg9u9ohc3hw9/gradle-3.3/lib/plugins/plexus-interpolation-1.14.jar
7f53f009a000-7f53f009e000 r--s 00033000 08:01 34341986                   /root/.gradle/wrapper/dists/gradle-3.3-all/55gk2rcmfc6p2dg9u9ohc3hw9/gradle-3.3/lib/plugins/plexus-utils-2.0.6.jar
7f53f009e000-7f53f00a1000 r--s 00008000 08:01 34341985                   /root/.gradle/wrapper/dists/gradle-3.3-all/55gk2rcmfc6p2dg9u9ohc3hw9/gradle-3.3/lib/plugins/maven-settings-builder-3.0.4.jar
7f53f00a1000-7f53f00a6000 r--s 00040000 08:01 34341970                   /root/.gradle/wrapper/dists/gradle-3.3-all/55gk2rcmfc6p2dg9u9ohc3hw9/gradle-3.3/lib/plugins/jsch-0.1.53.jar
7f53f00a6000-7f53f00e6000 r--s 00277000 08:01 34341980                   /root/.gradle/wrapper/dists/gradle-3.3-all/55gk2rcmfc6p2dg9u9ohc3hw9/gradle-3.3/lib/plugins/bcprov-jdk15on-1.51.jar
7f53f00e6000-7f53f00f2000 r--s 0007d000 08:01 34341957                   /root/.gradle/wrapper/dists/gradle-3.3-all/55gk2rcmfc6p2dg9u9ohc3hw9/gradle-3.3/lib/plugins/maven-core-3.0.4.jar
7f53f00f2000-7f53f0111000 r--s 000f6000 08:01 34341946                   /root/.gradle/wrapper/dists/gradle-3.3-all/55gk2rcmfc6p2dg9u9ohc3hw9/gradle-3.3/lib/plugins/gradle-dependency-management-3.3.jar
7f53f0111000-7f53f0283000 r-xp 00000000 08:01 11012225                   /usr/lib/x86_64-linux-gnu/libstdc++.so.6.0.21
7f53f0283000-7f53f0483000 ---p 00172000 08:01 11012225                   /usr/lib/x86_64-linux-gnu/libstdc++.so.6.0.21
7f53f0483000-7f53f048d000 r--p 00172000 08:01 11012225                   /usr/lib/x86_64-linux-gnu/libstdc++.so.6.0.21
7f53f048d000-7f53f048f000 rw-p 0017c000 08:01 11012225                   /usr/lib/x86_64-linux-gnu/libstdc++.so.6.0.21
7f53f048f000-7f53f0493000 rw-p 00000000 00:00 0 
7f53f0493000-7f53f0495000 r--s 0000a000 08:01 34341984                   /root/.gradle/wrapper/dists/gradle-3.3-all/55gk2rcmfc6p2dg9u9ohc3hw9/gradle-3.3/lib/plugins/maven-settings-3.0.4.jar
7f53f0495000-7f53f0499000 r--s 0001d000 08:01 34341979                   /root/.gradle/wrapper/dists/gradle-3.3-all/55gk2rcmfc6p2dg9u9ohc3hw9/gradle-3.3/lib/plugins/xbean-reflect-3.4.jar
7f53f0499000-7f53f049e000 r--s 00034000 08:01 34341963                   /root/.gradle/wrapper/dists/gradle-3.3-all/55gk2rcmfc6p2dg9u9ohc3hw9/gradle-3.3/lib/plugins/gson-2.7.jar
7f53f049e000-7f53f04ad000 r--s 000d9000 08:01 34341978                   /root/.gradle/wrapper/dists/gradle-3.3-all/55gk2rcmfc6p2dg9u9ohc3hw9/gradle-3.3/lib/plugins/ivy-2.2.0.jar
7f53f04ad000-7f53f04af000 r--s 00005000 08:01 34341945                   /root/.gradle/wrapper/dists/gradle-3.3-all/55gk2rcmfc6p2dg9u9ohc3hw9/gradle-3.3/lib/plugins/gradle-workers-3.3.jar
7f53f04af000-7f53f04b4000 r-xp 00000000 08:01 34345271                   /root/.gradle/native/23/linux-amd64/libnative-platform.so
7f53f04b4000-7f53f06b3000 ---p 00005000 08:01 34345271                   /root/.gradle/native/23/linux-amd64/libnative-platform.so
7f53f06b3000-7f53f06b4000 rw-p 00004000 08:01 34345271                   /root/.gradle/native/23/linux-amd64/libnative-platform.so
7f53f06b4000-7f53f06c5000 r-xp 00000000 08:01 11144059                   /usr/local/java/jdk1.8.0_121/jre/lib/amd64/libnio.so
7f53f06c5000-7f53f08c4000 ---p 00011000 08:01 11144059                   /usr/local/java/jdk1.8.0_121/jre/lib/amd64/libnio.so
7f53f08c4000-7f53f08c5000 rw-p 00010000 08:01 11144059                   /usr/local/java/jdk1.8.0_121/jre/lib/amd64/libnio.so
7f53f08c5000-7f53f38c6000 rw-p 00000000 00:00 0 
7f53f38c6000-7f53f38dc000 r-xp 00000000 08:01 11144034                   /usr/local/java/jdk1.8.0_121/jre/lib/amd64/libnet.so
7f53f38dc000-7f53f3adc000 ---p 00016000 08:01 11144034                   /usr/local/java/jdk1.8.0_121/jre/lib/amd64/libnet.so
7f53f3adc000-7f53f3add000 rw-p 00016000 08:01 11144034                   /usr/local/java/jdk1.8.0_121/jre/lib/amd64/libnet.so
7f53f3add000-7f53f3ade000 r--s 00006000 08:01 34341849                   /root/.gradle/wrapper/dists/gradle-3.3-all/55gk2rcmfc6p2dg9u9ohc3hw9/gradle-3.3/lib/gradle-wrapper-3.3.jar
7f53f3ade000-7f53f3aeb000 r--s 00041000 08:01 34341856                   /root/.gradle/wrapper/dists/gradle-3.3-all/55gk2rcmfc6p2dg9u9ohc3hw9/gradle-3.3/lib/gradle-tooling-api-3.3.jar
7f53f3aeb000-7f53f3aed000 r--s 00002000 08:01 34341876                   /root/.gradle/wrapper/dists/gradle-3.3-all/55gk2rcmfc6p2dg9u9ohc3hw9/gradle-3.3/lib/gradle-open-api-3.3.jar
7f53f3aed000-7f53f3af3000 r--s 00032000 08:01 34341878                   /root/.gradle/wrapper/dists/gradle-3.3-all/55gk2rcmfc6p2dg9u9ohc3hw9/gradle-3.3/lib/jaxen-1.1.jar
7f53f3af3000-7f53f3af8000 r--s 00048000 08:01 34341877                   /root/.gradle/wrapper/dists/gradle-3.3-all/55gk2rcmfc6p2dg9u9ohc3hw9/gradle-3.3/lib/dom4j-1.6.1.jar
7f53f3af8000-7f53f3b03000 r--s 00059000 08:01 34341855                   /root/.gradle/wrapper/dists/gradle-3.3-all/55gk2rcmfc6p2dg9u9ohc3hw9/gradle-3.3/lib/gradle-ui-3.3.jar
7f53f3b03000-7f53f3b0c000 r--s 0008c000 08:01 34341847                   /root/.gradle/wrapper/dists/gradle-3.3-all/55gk2rcmfc6p2dg9u9ohc3hw9/gradle-3.3/lib/kotlin-stdlib-1.1-M02.jar
7f53f3b0c000-7f53f3b12000 r--s 0002a000 08:01 34341846                   /root/.gradle/wrapper/dists/gradle-3.3-all/55gk2rcmfc6p2dg9u9ohc3hw9/gradle-3.3/lib/kotlin-runtime-1.1-M02.jar
7f53f3b12000-7f53f3b46000 r--s 00256000 08:01 34341845                   /root/.gradle/wrapper/dists/gradle-3.3-all/55gk2rcmfc6p2dg9u9ohc3hw9/gradle-3.3/lib/kotlin-reflect-1.1-M02.jar
7f53f3b46000-7f53f3cdc000 r--s 0157e000 08:01 34341844                   /root/.gradle/wrapper/dists/gradle-3.3-all/55gk2rcmfc6p2dg9u9ohc3hw9/gradle-3.3/lib/kotlin-compiler-embeddable-1.1-M02.jar
7f53f3cdc000-7f53f3ce4000 r--s 0004e000 08:01 34341843                   /root/.gradle/wrapper/dists/gradle-3.3-all/55gk2rcmfc6p2dg9u9ohc3hw9/gradle-3.3/lib/gradle-script-kotlin-0.5.1.jar
7f53f3ce4000-7f53f3ce7000 r--s 0000b000 08:01 34341874                   /root/.gradle/wrapper/dists/gradle-3.3-all/55gk2rcmfc6p2dg9u9ohc3hw9/gradle-3.3/lib/gradle-resources-3.3.jar
7f53f3ce7000-7f53f3ce9000 r--s 00003000 08:01 34341883                   /root/.gradle/wrapper/dists/gradle-3.3-all/55gk2rcmfc6p2dg9u9ohc3hw9/gradle-3.3/lib/jcl-over-slf4j-1.7.10.jar
7f53f3ce9000-7f53f3cea000 r--s 00005000 08:01 34341882                   /root/.gradle/wrapper/dists/gradle-3.3-all/55gk2rcmfc6p2dg9u9ohc3hw9/gradle-3.3/lib/log4j-over-slf4j-1.7.10.jar
7f53f3cea000-7f53f3cec000 r--s 00000000 08:01 34341881                   /root/.gradle/wrapper/dists/gradle-3.3-all/55gk2rcmfc6p2dg9u9ohc3hw9/gradle-3.3/lib/jul-to-slf4j-1.7.10.jar
7f53f3cec000-7f53f3cf1000 r--s 0001e000 08:01 34341858                   /root/.gradle/wrapper/dists/gradle-3.3-all/55gk2rcmfc6p2dg9u9ohc3hw9/gradle-3.3/lib/gradle-logging-3.3.jar
7f53f3cf1000-7f53f3cf3000 r--s 00007000 08:01 34341902                   /root/.gradle/wrapper/dists/gradle-3.3-all/55gk2rcmfc6p2dg9u9ohc3hw9/gradle-3.3/lib/objenesis-1.2.jar
7f53f3cf3000-7f53f3cf5000 r--s 00000000 08:01 34341901                   /root/.gradle/wrapper/dists/gradle-3.3-all/55gk2rcmfc6p2dg9u9ohc3hw9/gradle-3.3/lib/minlog-1.2.jar
7f53f3cf5000-7f53f3cf7000 r--s 0000f000 08:01 34341900                   /root/.gradle/wrapper/dists/gradle-3.3-all/55gk2rcmfc6p2dg9u9ohc3hw9/gradle-3.3/lib/reflectasm-1.07-shaded.jar
7f53f3cf7000-7f53f3cfd000 r--s 00027000 08:01 34341873                   /root/.gradle/wrapper/dists/gradle-3.3-all/55gk2rcmfc6p2dg9u9ohc3hw9/gradle-3.3/lib/gradle-messaging-3.3.jar
7f53f3cfd000-7f53f3cfe000 ---p 00000000 00:00 0 
7f53f3cfe000-7f53f3dfe000 rw-p 00000000 00:00 0 
7f53f3dfe000-7f53f3e01000 ---p 00000000 00:00 0 
7f53f3e01000-7f53f3eff000 rw-p 00000000 00:00 0 
7f53f3eff000-7f53f3f02000 ---p 00000000 00:00 0 
7f53f3f02000-7f53f4000000 rw-p 00000000 00:00 0 
7f53f4000000-7f53f4021000 rw-p 00000000 00:00 0 
7f53f4021000-7f53f8000000 ---p 00000000 00:00 0 
7f53f8000000-7f53f9b60000 rw-p 00000000 00:00 0 
7f53f9b60000-7f53fc000000 ---p 00000000 00:00 0 
7f53fc000000-7f53fc10e000 rw-p 00000000 00:00 0 
7f53fc10e000-7f5400000000 ---p 00000000 00:00 0 
7f5400000000-7f5400021000 rw-p 00000000 00:00 0 
7f5400021000-7f5404000000 ---p 00000000 00:00 0 
7f5404000000-7f540420d000 rw-p 00000000 00:00 0 
7f540420d000-7f5408000000 ---p 00000000 00:00 0 
7f5408000000-7f5408023000 rw-p 00000000 00:00 0 
7f5408023000-7f540c000000 ---p 00000000 00:00 0 
7f540c000000-7f540c004000 r--s 00026000 08:01 34341885                   /root/.gradle/wrapper/dists/gradle-3.3-all/55gk2rcmfc6p2dg9u9ohc3hw9/gradle-3.3/lib/kryo-2.20.jar
7f540c004000-7f540c005000 r--s 00001000 08:01 34341899                   /root/.gradle/wrapper/dists/gradle-3.3-all/55gk2rcmfc6p2dg9u9ohc3hw9/gradle-3.3/lib/native-platform-linux-i386-ncurses6-0.12.jar
7f540c005000-7f540c006000 r--s 00001000 08:01 34341898                   /root/.gradle/wrapper/dists/gradle-3.3-all/55gk2rcmfc6p2dg9u9ohc3hw9/gradle-3.3/lib/native-platform-linux-i386-ncurses5-0.12.jar
7f540c006000-7f540c007000 r--s 00001000 08:01 34341897                   /root/.gradle/wrapper/dists/gradle-3.3-all/55gk2rcmfc6p2dg9u9ohc3hw9/gradle-3.3/lib/native-platform-linux-amd64-ncurses6-0.12.jar
7f540c007000-7f540c008000 r--s 00001000 08:01 34341896                   /root/.gradle/wrapper/dists/gradle-3.3-all/55gk2rcmfc6p2dg9u9ohc3hw9/gradle-3.3/lib/native-platform-linux-amd64-ncurses5-0.12.jar
7f540c008000-7f540c009000 r--s 0000b000 08:01 34341895                   /root/.gradle/wrapper/dists/gradle-3.3-all/55gk2rcmfc6p2dg9u9ohc3hw9/gradle-3.3/lib/native-platform-windows-i386-0.12.jar
7f540c009000-7f540c00b000 r--s 0000b000 08:01 34341894                   /root/.gradle/wrapper/dists/gradle-3.3-all/55gk2rcmfc6p2dg9u9ohc3hw9/gradle-3.3/lib/native-platform-windows-amd64-0.12.jar
7f540c00b000-7f540c00d000 r--s 00002000 08:01 34341893                   /root/.gradle/wrapper/dists/gradle-3.3-all/55gk2rcmfc6p2dg9u9ohc3hw9/gradle-3.3/lib/native-platform-osx-i386-0.12.jar
7f540c00d000-7f540c00e000 r--s 00002000 08:01 34341892                   /root/.gradle/wrapper/dists/gradle-3.3-all/55gk2rcmfc6p2dg9u9ohc3hw9/gradle-3.3/lib/native-platform-osx-amd64-0.12.jar
7f540c00e000-7f540c00f000 r--s 00002000 08:01 34341891                   /root/.gradle/wrapper/dists/gradle-3.3-all/55gk2rcmfc6p2dg9u9ohc3hw9/gradle-3.3/lib/native-platform-linux-i386-0.12.jar
7f540c00f000-7f540c010000 r--s 00002000 08:01 34341890                   /root/.gradle/wrapper/dists/gradle-3.3-all/55gk2rcmfc6p2dg9u9ohc3hw9/gradle-3.3/lib/native-platform-linux-amd64-0.12.jar
7f540c010000-7f540c011000 r--s 00003000 08:01 34341889                   /root/.gradle/wrapper/dists/gradle-3.3-all/55gk2rcmfc6p2dg9u9ohc3hw9/gradle-3.3/lib/native-platform-freebsd-i386-libstdcpp-0.12.jar
7f540c011000-7f540c013000 r--s 00003000 08:01 34341887                   /root/.gradle/wrapper/dists/gradle-3.3-all/55gk2rcmfc6p2dg9u9ohc3hw9/gradle-3.3/lib/native-platform-freebsd-amd64-libstdcpp-0.12.jar
7f540c013000-7f540c016000 r--s 00023000 08:01 34341880                   /root/.gradle/wrapper/dists/gradle-3.3-all/55gk2rcmfc6p2dg9u9ohc3hw9/gradle-3.3/lib/jansi-1.14.jar
7f540c016000-7f540c01a000 r--s 00011000 08:01 34341879                   /root/.gradle/wrapper/dists/gradle-3.3-all/55gk2rcmfc6p2dg9u9ohc3hw9/gradle-3.3/lib/native-platform-0.12.jar
7f540c01a000-7f540c01d000 ---p 00000000 00:00 0 
7f540c01d000-7f540c11b000 rw-p 00000000 00:00 0 
7f540c11b000-7f540c11e000 ---p 00000000 00:00 0 
7f540c11e000-7f540c21c000 rw-p 00000000 00:00 0 
7f540c21c000-7f540c21f000 ---p 00000000 00:00 0 
7f540c21f000-7f540c31d000 rw-p 00000000 00:00 0 
7f540c31d000-7f540c5f6000 r--p 00000000 08:01 11010498                   /usr/lib/locale/locale-archive
7f540c5f6000-7f540c5f9000 ---p 00000000 00:00 0 
7f540c5f9000-7f540c6f7000 rw-p 00000000 00:00 0 
7f540c6f7000-7f540c6fa000 ---p 00000000 00:00 0 
7f540c6fa000-7f540c7f8000 rw-p 00000000 00:00 0 
7f540c7f8000-7f540c7f9000 ---p 00000000 00:00 0 
7f540c7f9000-7f5410000000 rw-p 00000000 00:00 0 
7f5410000000-7f5410021000 rw-p 00000000 00:00 0 
7f5410021000-7f5414000000 ---p 00000000 00:00 0 
7f5414000000-7f541402b000 rw-p 00000000 00:00 0 
7f541402b000-7f5418000000 ---p 00000000 00:00 0 
7f5418000000-7f541803b000 rw-p 00000000 00:00 0 
7f541803b000-7f541c000000 ---p 00000000 00:00 0 
7f541c000000-7f541c001000 r--s 00004000 08:01 34341888                   /root/.gradle/wrapper/dists/gradle-3.3-all/55gk2rcmfc6p2dg9u9ohc3hw9/gradle-3.3/lib/native-platform-freebsd-i386-libcpp-0.12.jar
7f541c001000-7f541c004000 r--s 0000a000 08:01 34341857                   /root/.gradle/wrapper/dists/gradle-3.3-all/55gk2rcmfc6p2dg9u9ohc3hw9/gradle-3.3/lib/gradle-native-3.3.jar
7f541c004000-7f541c006000 r--s 00005000 08:01 34341854                   /root/.gradle/wrapper/dists/gradle-3.3-all/55gk2rcmfc6p2dg9u9ohc3hw9/gradle-3.3/lib/gradle-cli-3.3.jar
7f541c006000-7f541c008000 r--s 00007000 08:01 34341865                   /root/.gradle/wrapper/dists/gradle-3.3-all/55gk2rcmfc6p2dg9u9ohc3hw9/gradle-3.3/lib/gradle-model-groovy-3.3.jar
7f541c008000-7f541c017000 r--s 0007f000 08:01 34341864                   /root/.gradle/wrapper/dists/gradle-3.3-all/55gk2rcmfc6p2dg9u9ohc3hw9/gradle-3.3/lib/gradle-model-core-3.3.jar
7f541c017000-7f541c024000 r--s 00083000 08:01 34341868                   /root/.gradle/wrapper/dists/gradle-3.3-all/55gk2rcmfc6p2dg9u9ohc3hw9/gradle-3.3/lib/commons-collections-3.2.2.jar
7f541c024000-7f541c094000 r--s 00641000 08:01 34341863                   /root/.gradle/wrapper/dists/gradle-3.3-all/55gk2rcmfc6p2dg9u9ohc3hw9/gradle-3.3/lib/groovy-all-2.4.7.jar
7f541c094000-7f541c0bc000 r--s 001cf000 08:01 34341860                   /root/.gradle/wrapper/dists/gradle-3.3-all/55gk2rcmfc6p2dg9u9ohc3hw9/gradle-3.3/lib/guava-jdk5-17.0.jar
7f541c0bc000-7f541c0f9000 r--s 001f8000 08:01 34341853                   /root/.gradle/wrapper/dists/gradle-3.3-all/55gk2rcmfc6p2dg9u9ohc3hw9/gradle-3.3/lib/gradle-core-3.3.jar
7f541c0f9000-7f541d000000 rw-p 00000000 00:00 0 
7f541d000000-7f5420050000 rwxp 00000000 00:00 0 
7f5420050000-7f542c000000 ---p 00000000 00:00 0 
7f542c000000-7f542cdae000 rw-p 00000000 00:00 0 
7f542cdae000-7f5430000000 ---p 00000000 00:00 0 
7f5430000000-7f5430001000 r--s 00004000 08:01 34341886                   /root/.gradle/wrapper/dists/gradle-3.3-all/55gk2rcmfc6p2dg9u9ohc3hw9/gradle-3.3/lib/native-platform-freebsd-amd64-libcpp-0.12.jar
7f5430001000-7f5430003000 r--s 00006000 08:01 34341872                   /root/.gradle/wrapper/dists/gradle-3.3-all/55gk2rcmfc6p2dg9u9ohc3hw9/gradle-3.3/lib/gradle-base-services-groovy-3.3.jar
7f5430003000-7f5430004000 r--s 00002000 08:01 34341875                   /root/.gradle/wrapper/dists/gradle-3.3-all/55gk2rcmfc6p2dg9u9ohc3hw9/gradle-3.3/lib/gradle-docs-3.3.jar
7f5430004000-7f5430023000 r--s 001d1000 08:01 34341867                   /root/.gradle/wrapper/dists/gradle-3.3-all/55gk2rcmfc6p2dg9u9ohc3hw9/gradle-3.3/lib/ant-1.9.6.jar
7f5430023000-7f54301f7000 rw-p 00000000 00:00 0 
7f54301f7000-7f54303d0000 r--s 03d3e000 08:01 11144026                   /usr/local/java/jdk1.8.0_121/jre/lib/rt.jar
7f54303d0000-7f5430746000 rw-p 00000000 00:00 0 
7f5430746000-7f5430747000 ---p 00000000 00:00 0 
7f5430747000-7f5430847000 rw-p 00000000 00:00 0 
7f5430847000-7f5430848000 ---p 00000000 00:00 0 
7f5430848000-7f5430948000 rw-p 00000000 00:00 0 
7f5430948000-7f5430949000 ---p 00000000 00:00 0 
7f5430949000-7f5430a49000 rw-p 00000000 00:00 0 
7f5430a49000-7f5430a4a000 ---p 00000000 00:00 0 
7f5430a4a000-7f5430bc3000 rw-p 00000000 00:00 0 
7f5430bc3000-7f5430d4a000 ---p 00000000 00:00 0 
7f5430d4a000-7f5430dc3000 rw-p 00000000 00:00 0 
7f5430dc3000-7f5430f4a000 ---p 00000000 00:00 0 
7f5430f4a000-7f543104a000 rw-p 00000000 00:00 0 
7f543104a000-7f543110d000 rw-p 00000000 00:00 0 
7f543110d000-7f543140b000 ---p 00000000 00:00 0 
7f543140b000-7f5431425000 r-xp 00000000 08:01 11144057                   /usr/local/java/jdk1.8.0_121/jre/lib/amd64/libzip.so
7f5431425000-7f5431625000 ---p 0001a000 08:01 11144057                   /usr/local/java/jdk1.8.0_121/jre/lib/amd64/libzip.so
7f5431625000-7f5431626000 rw-p 0001a000 08:01 11144057                   /usr/local/java/jdk1.8.0_121/jre/lib/amd64/libzip.so
7f5431626000-7f5431631000 r-xp 00000000 08:01 4981284                    /lib/x86_64-linux-gnu/libnss_files-2.23.so
7f5431631000-7f5431830000 ---p 0000b000 08:01 4981284                    /lib/x86_64-linux-gnu/libnss_files-2.23.so
7f5431830000-7f5431831000 r--p 0000a000 08:01 4981284                    /lib/x86_64-linux-gnu/libnss_files-2.23.so
7f5431831000-7f5431832000 rw-p 0000b000 08:01 4981284                    /lib/x86_64-linux-gnu/libnss_files-2.23.so
7f5431832000-7f5431838000 rw-p 00000000 00:00 0 
7f5431838000-7f5431843000 r-xp 00000000 08:01 4981297                    /lib/x86_64-linux-gnu/libnss_nis-2.23.so
7f5431843000-7f5431a42000 ---p 0000b000 08:01 4981297                    /lib/x86_64-linux-gnu/libnss_nis-2.23.so
7f5431a42000-7f5431a43000 r--p 0000a000 08:01 4981297                    /lib/x86_64-linux-gnu/libnss_nis-2.23.so
7f5431a43000-7f5431a44000 rw-p 0000b000 08:01 4981297                    /lib/x86_64-linux-gnu/libnss_nis-2.23.so
7f5431a44000-7f5431a5a000 r-xp 00000000 08:01 4981104                    /lib/x86_64-linux-gnu/libnsl-2.23.so
7f5431a5a000-7f5431c59000 ---p 00016000 08:01 4981104                    /lib/x86_64-linux-gnu/libnsl-2.23.so
7f5431c59000-7f5431c5a000 r--p 00015000 08:01 4981104                    /lib/x86_64-linux-gnu/libnsl-2.23.so
7f5431c5a000-7f5431c5b000 rw-p 00016000 08:01 4981104                    /lib/x86_64-linux-gnu/libnsl-2.23.so
7f5431c5b000-7f5431c5d000 rw-p 00000000 00:00 0 
7f5431c5d000-7f5431c65000 r-xp 00000000 08:01 4981312                    /lib/x86_64-linux-gnu/libnss_compat-2.23.so
7f5431c65000-7f5431e64000 ---p 00008000 08:01 4981312                    /lib/x86_64-linux-gnu/libnss_compat-2.23.so
7f5431e64000-7f5431e65000 r--p 00007000 08:01 4981312                    /lib/x86_64-linux-gnu/libnss_compat-2.23.so
7f5431e65000-7f5431e66000 rw-p 00008000 08:01 4981312                    /lib/x86_64-linux-gnu/libnss_compat-2.23.so
7f5431e66000-7f5431e91000 r-xp 00000000 08:01 11144613                   /usr/local/java/jdk1.8.0_121/jre/lib/amd64/libjava.so
7f5431e91000-7f5432090000 ---p 0002b000 08:01 11144613                   /usr/local/java/jdk1.8.0_121/jre/lib/amd64/libjava.so
7f5432090000-7f5432092000 rw-p 0002a000 08:01 11144613                   /usr/local/java/jdk1.8.0_121/jre/lib/amd64/libjava.so
7f5432092000-7f543209f000 r-xp 00000000 08:01 11144035                   /usr/local/java/jdk1.8.0_121/jre/lib/amd64/libverify.so
7f543209f000-7f543229e000 ---p 0000d000 08:01 11144035                   /usr/local/java/jdk1.8.0_121/jre/lib/amd64/libverify.so
7f543229e000-7f54322a0000 rw-p 0000c000 08:01 11144035                   /usr/local/java/jdk1.8.0_121/jre/lib/amd64/libverify.so
7f54322a0000-7f54322a7000 r-xp 00000000 08:01 4981304                    /lib/x86_64-linux-gnu/librt-2.23.so
7f54322a7000-7f54324a6000 ---p 00007000 08:01 4981304                    /lib/x86_64-linux-gnu/librt-2.23.so
7f54324a6000-7f54324a7000 r--p 00006000 08:01 4981304                    /lib/x86_64-linux-gnu/librt-2.23.so
7f54324a7000-7f54324a8000 rw-p 00007000 08:01 4981304                    /lib/x86_64-linux-gnu/librt-2.23.so
7f54324a8000-7f54325b0000 r-xp 00000000 08:01 4981325                    /lib/x86_64-linux-gnu/libm-2.23.so
7f54325b0000-7f54327af000 ---p 00108000 08:01 4981325                    /lib/x86_64-linux-gnu/libm-2.23.so
7f54327af000-7f54327b0000 r--p 00107000 08:01 4981325                    /lib/x86_64-linux-gnu/libm-2.23.so
7f54327b0000-7f54327b1000 rw-p 00108000 08:01 4981325                    /lib/x86_64-linux-gnu/libm-2.23.so
7f54327b1000-7f543347f000 r-xp 00000000 08:01 11144883                   /usr/local/java/jdk1.8.0_121/jre/lib/amd64/server/libjvm.so
7f543347f000-7f543367f000 ---p 00cce000 08:01 11144883                   /usr/local/java/jdk1.8.0_121/jre/lib/amd64/server/libjvm.so
7f543367f000-7f5433758000 rw-p 00cce000 08:01 11144883                   /usr/local/java/jdk1.8.0_121/jre/lib/amd64/server/libjvm.so
7f5433758000-7f54337a3000 rw-p 00000000 00:00 0 
7f54337a3000-7f5433963000 r-xp 00000000 08:01 4981335                    /lib/x86_64-linux-gnu/libc-2.23.so
7f5433963000-7f5433b63000 ---p 001c0000 08:01 4981335                    /lib/x86_64-linux-gnu/libc-2.23.so
7f5433b63000-7f5433b67000 r--p 001c0000 08:01 4981335                    /lib/x86_64-linux-gnu/libc-2.23.so
7f5433b67000-7f5433b69000 rw-p 001c4000 08:01 4981335                    /lib/x86_64-linux-gnu/libc-2.23.so
7f5433b69000-7f5433b6d000 rw-p 00000000 00:00 0 
7f5433b6d000-7f5433b70000 r-xp 00000000 08:01 4981310                    /lib/x86_64-linux-gnu/libdl-2.23.so
7f5433b70000-7f5433d6f000 ---p 00003000 08:01 4981310                    /lib/x86_64-linux-gnu/libdl-2.23.so
7f5433d6f000-7f5433d70000 r--p 00002000 08:01 4981310                    /lib/x86_64-linux-gnu/libdl-2.23.so
7f5433d70000-7f5433d71000 rw-p 00003000 08:01 4981310                    /lib/x86_64-linux-gnu/libdl-2.23.so
7f5433d71000-7f5433d86000 r-xp 00000000 08:01 11020813                   /usr/local/java/jdk1.8.0_121/lib/amd64/jli/libjli.so
7f5433d86000-7f5433f86000 ---p 00015000 08:01 11020813                   /usr/local/java/jdk1.8.0_121/lib/amd64/jli/libjli.so
7f5433f86000-7f5433f87000 rw-p 00015000 08:01 11020813                   /usr/local/java/jdk1.8.0_121/lib/amd64/jli/libjli.so
7f5433f87000-7f5433f9f000 r-xp 00000000 08:01 4981295                    /lib/x86_64-linux-gnu/libpthread-2.23.so
7f5433f9f000-7f543419e000 ---p 00018000 08:01 4981295                    /lib/x86_64-linux-gnu/libpthread-2.23.so
7f543419e000-7f543419f000 r--p 00017000 08:01 4981295                    /lib/x86_64-linux-gnu/libpthread-2.23.so
7f543419f000-7f54341a0000 rw-p 00018000 08:01 4981295                    /lib/x86_64-linux-gnu/libpthread-2.23.so
7f54341a0000-7f54341a4000 rw-p 00000000 00:00 0 
7f54341a4000-7f54341ca000 r-xp 00000000 08:01 4981106                    /lib/x86_64-linux-gnu/ld-2.23.so
7f54341ca000-7f54341cb000 r--s 00000000 08:01 34341871                   /root/.gradle/wrapper/dists/gradle-3.3-all/55gk2rcmfc6p2dg9u9ohc3hw9/gradle-3.3/lib/javax.inject-1.jar
7f54341cb000-7f54341cc000 r--s 00000000 08:01 34341870                   /root/.gradle/wrapper/dists/gradle-3.3-all/55gk2rcmfc6p2dg9u9ohc3hw9/gradle-3.3/lib/jcip-annotations-1.0.jar
7f54341cc000-7f54341d0000 r--s 00027000 08:01 34341869                   /root/.gradle/wrapper/dists/gradle-3.3-all/55gk2rcmfc6p2dg9u9ohc3hw9/gradle-3.3/lib/commons-io-2.2.jar
7f54341d0000-7f54341d5000 r--s 00038000 08:01 34341866                   /root/.gradle/wrapper/dists/gradle-3.3-all/55gk2rcmfc6p2dg9u9ohc3hw9/gradle-3.3/lib/asm-all-5.1.jar
7f54341d5000-7f54341d6000 r--s 00001000 08:01 34341862                   /root/.gradle/wrapper/dists/gradle-3.3-all/55gk2rcmfc6p2dg9u9ohc3hw9/gradle-3.3/lib/gradle-process-services-3.3.jar
7f54341d6000-7f54341db000 r--s 00041000 08:01 34341861                   /root/.gradle/wrapper/dists/gradle-3.3-all/55gk2rcmfc6p2dg9u9ohc3hw9/gradle-3.3/lib/commons-lang-2.6.jar
7f54341db000-7f54341e4000 r--s 00042000 08:01 34341851                   /root/.gradle/wrapper/dists/gradle-3.3-all/55gk2rcmfc6p2dg9u9ohc3hw9/gradle-3.3/lib/gradle-base-services-3.3.jar
7f54341e4000-7f54342a6000 rw-p 00000000 00:00 0 
7f54342a6000-7f54342a9000 ---p 00000000 00:00 0 
7f54342a9000-7f54343ab000 rw-p 00000000 00:00 0 
7f54343ab000-7f54343ad000 r--s 00000000 08:01 34341852                   /root/.gradle/wrapper/dists/gradle-3.3-all/55gk2rcmfc6p2dg9u9ohc3hw9/gradle-3.3/lib/gradle-jvm-services-3.3.jar
7f54343ad000-7f54343ae000 r--s 00000000 08:01 34342017                   /root/.gradle/wrapper/dists/gradle-3.3-all/55gk2rcmfc6p2dg9u9ohc3hw9/gradle-3.3/lib/gradle-version-info-3.3.jar
7f54343ae000-7f54343af000 r--s 00007000 08:01 34341859                   /root/.gradle/wrapper/dists/gradle-3.3-all/55gk2rcmfc6p2dg9u9ohc3hw9/gradle-3.3/lib/slf4j-api-1.7.10.jar
7f54343af000-7f54343b0000 r--s 00004000 08:01 34341884                   /root/.gradle/wrapper/dists/gradle-3.3-all/55gk2rcmfc6p2dg9u9ohc3hw9/gradle-3.3/lib/ant-launcher-1.9.6.jar
7f54343b0000-7f54343bd000 r--s 0005c000 08:01 34341848                   /root/.gradle/wrapper/dists/gradle-3.3-all/55gk2rcmfc6p2dg9u9ohc3hw9/gradle-3.3/lib/gradle-launcher-3.3.jar
7f54343bd000-7f54343c5000 rw-s 00000000 08:01 786726                     /tmp/hsperfdata_root/4105
7f54343c5000-7f54343c6000 rw-p 00000000 00:00 0 
7f54343c6000-7f54343c7000 r--p 00000000 00:00 0 
7f54343c7000-7f54343c9000 rw-p 00000000 00:00 0 
7f54343c9000-7f54343ca000 r--p 00025000 08:01 4981106                    /lib/x86_64-linux-gnu/ld-2.23.so
7f54343ca000-7f54343cb000 rw-p 00026000 08:01 4981106                    /lib/x86_64-linux-gnu/ld-2.23.so
7f54343cb000-7f54343cc000 rw-p 00000000 00:00 0 
7fffcb624000-7fffcb645000 rw-p 00000000 00:00 0                          [stack]
7fffcb7b2000-7fffcb7b4000 r--p 00000000 00:00 0                          [vvar]
7fffcb7b4000-7fffcb7b6000 r-xp 00000000 00:00 0                          [vdso]
ffffffffff600000-ffffffffff601000 r-xp 00000000 00:00 0                  [vsyscall]

VM Arguments:
jvm_args: -Xmx1536m -Dfile.encoding=UTF-8 -Duser.country=US -Duser.language=en -Duser.variant 
java_command: org.gradle.launcher.daemon.bootstrap.GradleDaemon 3.3
java_class_path (initial): /root/.gradle/wrapper/dists/gradle-3.3-all/55gk2rcmfc6p2dg9u9ohc3hw9/gradle-3.3/lib/gradle-launcher-3.3.jar
Launcher Type: SUN_STANDARD

Environment Variables:
JAVA_HOME=/usr/local/java/jdk1.8.0_121/
PATH=/usr/local/sbin:/usr/local/bin:/usr/sbin:/usr/bin:/sbin:/bin:/snap/bin
USERNAME=root
LD_LIBRARY_PATH=/opt/android-studio/bin:
SHELL=/bin/bash
DISPLAY=:0

Signal Handlers:
SIGSEGV: [libjvm.so+0xac78c0], sa_mask[0]=11111111011111111101111111111110, sa_flags=SA_RESTART|SA_SIGINFO
SIGBUS: [libjvm.so+0xac78c0], sa_mask[0]=11111111011111111101111111111110, sa_flags=SA_RESTART|SA_SIGINFO
SIGFPE: [libjvm.so+0x920ac0], sa_mask[0]=11111111011111111101111111111110, sa_flags=SA_RESTART|SA_SIGINFO
SIGPIPE: [libjvm.so+0x920ac0], sa_mask[0]=11111111011111111101111111111110, sa_flags=SA_RESTART|SA_SIGINFO
SIGXFSZ: [libjvm.so+0x920ac0], sa_mask[0]=11111111011111111101111111111110, sa_flags=SA_RESTART|SA_SIGINFO
SIGILL: [libjvm.so+0x920ac0], sa_mask[0]=11111111011111111101111111111110, sa_flags=SA_RESTART|SA_SIGINFO
SIGUSR1: SIG_DFL, sa_mask[0]=00000000000000000000000000000000, sa_flags=none
SIGUSR2: [libjvm.so+0x922300], sa_mask[0]=00100000000000000000000000000000, sa_flags=SA_RESTART|SA_SIGINFO
SIGHUP: [libjvm.so+0x923700], sa_mask[0]=11111111011111111101111111111110, sa_flags=SA_RESTART|SA_SIGINFO
SIGINT: [libjvm.so+0x923700], sa_mask[0]=11111111011111111101111111111110, sa_flags=SA_RESTART|SA_SIGINFO
SIGTERM: [libjvm.so+0x923700], sa_mask[0]=11111111011111111101111111111110, sa_flags=SA_RESTART|SA_SIGINFO
SIGQUIT: [libjvm.so+0x923700], sa_mask[0]=11111111011111111101111111111110, sa_flags=SA_RESTART|SA_SIGINFO


---------------  S Y S T E M  ---------------

OS:DISTRIB_ID=Ubuntu
DISTRIB_RELEASE=16.04
DISTRIB_CODENAME=xenial
DISTRIB_DESCRIPTION="Ubuntu 16.04.2 LTS"

uname:Linux 4.4.0-89-generic #112-Ubuntu SMP Mon Jul 31 19:38:41 UTC 2017 x86_64
libc:glibc 2.23 NPTL 2.23 
rlimit: STACK 8192k, CORE 0k, NPROC 31512, NOFILE 1048576, AS infinity
load average:0.50 0.50 0.69

/proc/meminfo:
MemTotal:        8107664 kB
MemFree:          438040 kB
MemAvailable:    1060004 kB
Buffers:           69816 kB
Cached:          1266340 kB
SwapCached:        34316 kB
Active:          6013228 kB
Inactive:        1320660 kB
Active(anon):    5611640 kB
Inactive(anon):   940580 kB
Active(file):     401588 kB
Inactive(file):   380080 kB
Unevictable:          64 kB
Mlocked:              64 kB
SwapTotal:       8319996 kB
SwapFree:        8095408 kB
Dirty:             19148 kB
Writeback:             0 kB
AnonPages:       5963964 kB
Mapped:           601888 kB
Shmem:            554488 kB
Slab:             174652 kB
SReclaimable:     127600 kB
SUnreclaim:        47052 kB
KernelStack:       12720 kB
PageTables:        64548 kB
NFS_Unstable:          0 kB
Bounce:                0 kB
WritebackTmp:          0 kB
CommitLimit:    12373828 kB
Committed_AS:   11439848 kB
VmallocTotal:   34359738367 kB
VmallocUsed:           0 kB
VmallocChunk:          0 kB
HardwareCorrupted:     0 kB
AnonHugePages:   4128768 kB
CmaTotal:              0 kB
CmaFree:               0 kB
HugePages_Total:       0
HugePages_Free:        0
HugePages_Rsvd:        0
HugePages_Surp:        0
Hugepagesize:       2048 kB
DirectMap4k:      154304 kB
DirectMap2M:     7118848 kB
DirectMap1G:     2097152 kB


CPU:total 4 (2 cores per cpu, 2 threads per core) family 6 model 69 stepping 1, cmov, cx8, fxsr, mmx, sse, sse2, sse3, ssse3, sse4.1, sse4.2, popcnt, avx, avx2, aes, clmul, erms, lzcnt, ht, tsc, tscinvbit, bmi1, bmi2

/proc/cpuinfo:
processor	: 0
vendor_id	: GenuineIntel
cpu family	: 6
model		: 69
model name	: Intel(R) Core(TM) i5-4200U CPU @ 1.60GHz
stepping	: 1
microcode	: 0x16
cpu MHz		: 2300.000
cache size	: 3072 KB
physical id	: 0
siblings	: 4
core id		: 0
cpu cores	: 2
apicid		: 0
initial apicid	: 0
fpu		: yes
fpu_exception	: yes
cpuid level	: 13
wp		: yes
flags		: fpu vme de pse tsc msr pae mce cx8 apic sep mtrr pge mca cmov pat pse36 clflush dts acpi mmx fxsr sse sse2 ss ht tm pbe syscall nx pdpe1gb rdtscp lm constant_tsc arch_perfmon pebs bts rep_good nopl xtopology nonstop_tsc aperfmperf eagerfpu pni pclmulqdq dtes64 monitor ds_cpl vmx est tm2 ssse3 sdbg fma cx16 xtpr pdcm pcid sse4_1 sse4_2 movbe popcnt tsc_deadline_timer aes xsave avx f16c rdrand lahf_lm abm epb tpr_shadow vnmi flexpriority ept vpid fsgsbase tsc_adjust bmi1 avx2 smep bmi2 erms invpcid xsaveopt dtherm ida arat pln pts
bugs		:
bogomips	: 4589.10
clflush size	: 64
cache_alignment	: 64
address sizes	: 39 bits physical, 48 bits virtual
power management:

processor	: 1
vendor_id	: GenuineIntel
cpu family	: 6
model		: 69
model name	: Intel(R) Core(TM) i5-4200U CPU @ 1.60GHz
stepping	: 1
microcode	: 0x16
cpu MHz		: 2299.910
cache size	: 3072 KB
physical id	: 0
siblings	: 4
core id		: 0
cpu cores	: 2
apicid		: 1
initial apicid	: 1
fpu		: yes
fpu_exception	: yes
cpuid level	: 13
wp		: yes
flags		: fpu vme de pse tsc msr pae mce cx8 apic sep mtrr pge mca cmov pat pse36 clflush dts acpi mmx fxsr sse sse2 ss ht tm pbe syscall nx pdpe1gb rdtscp lm constant_tsc arch_perfmon pebs bts rep_good nopl xtopology nonstop_tsc aperfmperf eagerfpu pni pclmulqdq dtes64 monitor ds_cpl vmx est tm2 ssse3 sdbg fma cx16 xtpr pdcm pcid sse4_1 sse4_2 movbe popcnt tsc_deadline_timer aes xsave avx f16c rdrand lahf_lm abm epb tpr_shadow vnmi flexpriority ept vpid fsgsbase tsc_adjust bmi1 avx2 smep bmi2 erms invpcid xsaveopt dtherm ida arat pln pts
bugs		:
bogomips	: 4589.10
clflush size	: 64
cache_alignment	: 64
address sizes	: 39 bits physical, 48 bits virtual
power management:

processor	: 2
vendor_id	: GenuineIntel
cpu family	: 6
model		: 69
model name	: Intel(R) Core(TM) i5-4200U CPU @ 1.60GHz
stepping	: 1
microcode	: 0x16
cpu MHz		: 2299.910
cache size	: 3072 KB
physical id	: 0
siblings	: 4
core id		: 1
cpu cores	: 2
apicid		: 2
initial apicid	: 2
fpu		: yes
fpu_exception	: yes
cpuid level	: 13
wp		: yes
flags		: fpu vme de pse tsc msr pae mce cx8 apic sep mtrr pge mca cmov pat pse36 clflush dts acpi mmx fxsr sse sse2 ss ht tm pbe syscall nx pdpe1gb rdtscp lm constant_tsc arch_perfmon pebs bts rep_good nopl xtopology nonstop_tsc aperfmperf eagerfpu pni pclmulqdq dtes64 monitor ds_cpl vmx est tm2 ssse3 sdbg fma cx16 xtpr pdcm pcid sse4_1 sse4_2 movbe popcnt tsc_deadline_timer aes xsave avx f16c rdrand lahf_lm abm epb tpr_shadow vnmi flexpriority ept vpid fsgsbase tsc_adjust bmi1 avx2 smep bmi2 erms invpcid xsaveopt dtherm ida arat pln pts
bugs		:
bogomips	: 4589.10
clflush size	: 64
cache_alignment	: 64
address sizes	: 39 bits physical, 48 bits virtual
power management:

processor	: 3
vendor_id	: GenuineIntel
cpu family	: 6
model		: 69
model name	: Intel(R) Core(TM) i5-4200U CPU @ 1.60GHz
stepping	: 1
microcode	: 0x16
cpu MHz		: 2300.000
cache size	: 3072 KB
physical id	: 0
siblings	: 4
core id		: 1
cpu cores	: 2
apicid		: 3
initial apicid	: 3
fpu		: yes
fpu_exception	: yes
cpuid level	: 13
wp		: yes
flags		: fpu vme de pse tsc msr pae mce cx8 apic sep mtrr pge mca cmov pat pse36 clflush dts acpi mmx fxsr sse sse2 ss ht tm pbe syscall nx pdpe1gb rdtscp lm constant_tsc arch_perfmon pebs bts rep_good nopl xtopology nonstop_tsc aperfmperf eagerfpu pni pclmulqdq dtes64 monitor ds_cpl vmx est tm2 ssse3 sdbg fma cx16 xtpr pdcm pcid sse4_1 sse4_2 movbe popcnt tsc_deadline_timer aes xsave avx f16c rdrand lahf_lm abm epb tpr_shadow vnmi flexpriority ept vpid fsgsbase tsc_adjust bmi1 avx2 smep bmi2 erms invpcid xsaveopt dtherm ida arat pln pts
bugs		:
bogomips	: 4589.10
clflush size	: 64
cache_alignment	: 64
address sizes	: 39 bits physical, 48 bits virtual
power management:



Memory: 4k page, physical 8107664k(438040k free), swap 8319996k(8095408k free)

vm_info: Java HotSpot(TM) 64-Bit Server VM (25.121-b13) for linux-amd64 JRE (1.8.0_121-b13), built on Dec 12 2016 16:36:53 by "java_re" with gcc 4.3.0 20080428 (Red Hat 4.3.0-8)

time: Sat Aug 19 13:17:17 2017
elapsed time: 2488 seconds (0d 0h 41m 28s)

